2021-04-11 11:24:27.117689: I tensorflow/stream_executor/platform/default/dso_loader.cc:49] Successfully opened dynamic library libcudart.so.11.0
Unable to init server: Could not connect: Connection refused
Unable to init server: Could not connect: Connection refused

(ars.py:819739): Gdk-CRITICAL **: 11:24:34.615: gdk_cursor_new_for_display: assertion 'GDK_IS_DISPLAY (display)' failed
2021-04-11 11:24:37.568005: I tensorflow/compiler/jit/xla_cpu_device.cc:41] Not creating XLA devices, tf_xla_enable_xla_devices not set
2021-04-11 11:24:37.573055: I tensorflow/stream_executor/platform/default/dso_loader.cc:49] Successfully opened dynamic library libcuda.so.1
2021-04-11 11:24:37.610068: I tensorflow/stream_executor/cuda/cuda_gpu_executor.cc:941] successful NUMA node read from SysFS had negative value (-1), but there must be at least one NUMA node, so returning NUMA node zero
2021-04-11 11:24:37.612502: I tensorflow/core/common_runtime/gpu/gpu_device.cc:1720] Found device 0 with properties: 
pciBusID: 0000:00:1e.0 name: Tesla T4 computeCapability: 7.5
coreClock: 1.59GHz coreCount: 40 deviceMemorySize: 14.75GiB deviceMemoryBandwidth: 298.08GiB/s
2021-04-11 11:24:37.612544: I tensorflow/stream_executor/platform/default/dso_loader.cc:49] Successfully opened dynamic library libcudart.so.11.0
2021-04-11 11:24:37.624908: I tensorflow/stream_executor/platform/default/dso_loader.cc:49] Successfully opened dynamic library libcublas.so.11
2021-04-11 11:24:37.625072: I tensorflow/stream_executor/platform/default/dso_loader.cc:49] Successfully opened dynamic library libcublasLt.so.11
2021-04-11 11:24:37.629778: I tensorflow/stream_executor/platform/default/dso_loader.cc:49] Successfully opened dynamic library libcufft.so.10
2021-04-11 11:24:37.633070: I tensorflow/stream_executor/platform/default/dso_loader.cc:49] Successfully opened dynamic library libcurand.so.10
2021-04-11 11:24:37.644530: I tensorflow/stream_executor/platform/default/dso_loader.cc:49] Successfully opened dynamic library libcusolver.so.10
2021-04-11 11:24:37.648316: I tensorflow/stream_executor/platform/default/dso_loader.cc:49] Successfully opened dynamic library libcusparse.so.11
2021-04-11 11:24:37.648557: I tensorflow/stream_executor/platform/default/dso_loader.cc:49] Successfully opened dynamic library libcudnn.so.8
2021-04-11 11:24:37.651224: I tensorflow/stream_executor/cuda/cuda_gpu_executor.cc:941] successful NUMA node read from SysFS had negative value (-1), but there must be at least one NUMA node, so returning NUMA node zero
2021-04-11 11:24:37.652462: I tensorflow/stream_executor/cuda/cuda_gpu_executor.cc:941] successful NUMA node read from SysFS had negative value (-1), but there must be at least one NUMA node, so returning NUMA node zero
2021-04-11 11:24:37.655591: I tensorflow/core/common_runtime/gpu/gpu_device.cc:1862] Adding visible gpu devices: 0
[DDPG] Building the actor model
2021-04-11 11:24:37.694199: I tensorflow/core/platform/cpu_feature_guard.cc:142] This TensorFlow binary is optimized with oneAPI Deep Neural Network Library (oneDNN) to use the following CPU instructions in performance-critical operations:  AVX2 AVX512F FMA
To enable them in other operations, rebuild TensorFlow with the appropriate compiler flags.
2021-04-11 11:24:37.694422: I tensorflow/compiler/jit/xla_gpu_device.cc:99] Not creating XLA devices, tf_xla_enable_xla_devices not set
2021-04-11 11:24:37.694587: I tensorflow/stream_executor/cuda/cuda_gpu_executor.cc:941] successful NUMA node read from SysFS had negative value (-1), but there must be at least one NUMA node, so returning NUMA node zero
2021-04-11 11:24:37.698322: I tensorflow/core/common_runtime/gpu/gpu_device.cc:1720] Found device 0 with properties: 
pciBusID: 0000:00:1e.0 name: Tesla T4 computeCapability: 7.5
coreClock: 1.59GHz coreCount: 40 deviceMemorySize: 14.75GiB deviceMemoryBandwidth: 298.08GiB/s
2021-04-11 11:24:37.698362: I tensorflow/stream_executor/platform/default/dso_loader.cc:49] Successfully opened dynamic library libcudart.so.11.0
2021-04-11 11:24:37.698443: I tensorflow/stream_executor/platform/default/dso_loader.cc:49] Successfully opened dynamic library libcublas.so.11
2021-04-11 11:24:37.699441: I tensorflow/stream_executor/platform/default/dso_loader.cc:49] Successfully opened dynamic library libcublasLt.so.11
2021-04-11 11:24:37.699523: I tensorflow/stream_executor/platform/default/dso_loader.cc:49] Successfully opened dynamic library libcufft.so.10
2021-04-11 11:24:37.699622: I tensorflow/stream_executor/platform/default/dso_loader.cc:49] Successfully opened dynamic library libcurand.so.10
2021-04-11 11:24:37.699687: I tensorflow/stream_executor/platform/default/dso_loader.cc:49] Successfully opened dynamic library libcusolver.so.10
2021-04-11 11:24:37.699751: I tensorflow/stream_executor/platform/default/dso_loader.cc:49] Successfully opened dynamic library libcusparse.so.11
2021-04-11 11:24:37.699817: I tensorflow/stream_executor/platform/default/dso_loader.cc:49] Successfully opened dynamic library libcudnn.so.8
2021-04-11 11:24:37.699963: I tensorflow/stream_executor/cuda/cuda_gpu_executor.cc:941] successful NUMA node read from SysFS had negative value (-1), but there must be at least one NUMA node, so returning NUMA node zero
2021-04-11 11:24:37.703810: I tensorflow/stream_executor/cuda/cuda_gpu_executor.cc:941] successful NUMA node read from SysFS had negative value (-1), but there must be at least one NUMA node, so returning NUMA node zero
2021-04-11 11:24:37.706499: I tensorflow/core/common_runtime/gpu/gpu_device.cc:1862] Adding visible gpu devices: 0
2021-04-11 11:24:37.706575: I tensorflow/stream_executor/platform/default/dso_loader.cc:49] Successfully opened dynamic library libcudart.so.11.0
2021-04-11 11:24:39.916979: I tensorflow/core/common_runtime/gpu/gpu_device.cc:1261] Device interconnect StreamExecutor with strength 1 edge matrix:
2021-04-11 11:24:39.917028: I tensorflow/core/common_runtime/gpu/gpu_device.cc:1267]      0 
2021-04-11 11:24:39.917040: I tensorflow/core/common_runtime/gpu/gpu_device.cc:1280] 0:   N 
2021-04-11 11:24:39.933553: I tensorflow/stream_executor/cuda/cuda_gpu_executor.cc:941] successful NUMA node read from SysFS had negative value (-1), but there must be at least one NUMA node, so returning NUMA node zero
2021-04-11 11:24:39.936714: I tensorflow/stream_executor/cuda/cuda_gpu_executor.cc:941] successful NUMA node read from SysFS had negative value (-1), but there must be at least one NUMA node, so returning NUMA node zero
2021-04-11 11:24:39.937634: I tensorflow/stream_executor/cuda/cuda_gpu_executor.cc:941] successful NUMA node read from SysFS had negative value (-1), but there must be at least one NUMA node, so returning NUMA node zero
2021-04-11 11:24:39.939842: I tensorflow/core/common_runtime/gpu/gpu_device.cc:1406] Created TensorFlow device (/job:localhost/replica:0/task:0/device:GPU:0 with 12953 MB memory) -> physical GPU (device: 0, name: Tesla T4, pci bus id: 0000:00:1e.0, compute capability: 7.5)
[DDPG] Waiting for joint trajectory action
[DDPG] Found joint trajectory action!
[DDPG] Waiting for joint trajectory action
[DDPG] Found joint trajectory action!
[DDPG] Waiting for joint trajectory action
[DDPG] Found joint trajectory action!
[DDPG] Waiting for joint trajectory action
[DDPG] Found joint trajectory action!
[0m[ INFO] [1618140384.186551488, 570.547000000]: Loading robot model 'quadruped'...[0m
[0m[ INFO] [1618140384.189032732, 570.548000000]: No root/virtual joint specified in SRDF. Assuming fixed joint[0m
[33m[ WARN] [1618140384.189120221, 570.548000000]: Link dummy_link has visual geometry but no collision geometry. Collision geometry will be left empty. Fix your URDF file by explicitly specifying collision geometry.[0m
[0m[ INFO] [1618140385.465115143, 571.262000000]: Ready to take commands for planning group front_right_leg.[0m
Traceback (most recent call last):
  File "ars.py", line 508, in <module>
    learner = Learner(params, params_ars, args.experiment)
  File "ars.py", line 79, in __init__
    self.env = Env(
  File "/home/ubuntu/CPGController/src/rl/env.py", line 43, in __init__
    self.quadruped = Quadruped(params, experiment)
  File "/home/ubuntu/CPGController/src/simulations/ws/src/quadruped/scripts/quadruped.py", line 457, in __init__
    self.kinematics = Kinematics(
  File "/home/ubuntu/CPGController/src/simulations/ws/src/quadruped/scripts/kinematics.py", line 27, in __init__
    self.front_left_leg = moveit_commander.MoveGroupCommander(
  File "/opt/ros/noetic/lib/python3/dist-packages/moveit_commander/move_group.py", line 53, in __init__
    self._g = _moveit_move_group_interface.MoveGroupInterface(name, robot_description, ns, wait_for_servers)
RuntimeError: Unable to connect to move_group action server 'move_group' within allotted time (5s)
2021-04-11 11:28:02.191033: I tensorflow/stream_executor/platform/default/dso_loader.cc:49] Successfully opened dynamic library libcudart.so.11.0
Unable to init server: Could not connect: Connection refused
Unable to init server: Could not connect: Connection refused

(ars.py:821668): Gdk-CRITICAL **: 11:28:07.596: gdk_cursor_new_for_display: assertion 'GDK_IS_DISPLAY (display)' failed
2021-04-11 11:28:09.704474: I tensorflow/compiler/jit/xla_cpu_device.cc:41] Not creating XLA devices, tf_xla_enable_xla_devices not set
2021-04-11 11:28:09.709296: I tensorflow/stream_executor/platform/default/dso_loader.cc:49] Successfully opened dynamic library libcuda.so.1
2021-04-11 11:28:09.746299: I tensorflow/stream_executor/cuda/cuda_gpu_executor.cc:941] successful NUMA node read from SysFS had negative value (-1), but there must be at least one NUMA node, so returning NUMA node zero
2021-04-11 11:28:09.748915: I tensorflow/core/common_runtime/gpu/gpu_device.cc:1720] Found device 0 with properties: 
pciBusID: 0000:00:1e.0 name: Tesla T4 computeCapability: 7.5
coreClock: 1.59GHz coreCount: 40 deviceMemorySize: 14.75GiB deviceMemoryBandwidth: 298.08GiB/s
2021-04-11 11:28:09.749823: I tensorflow/stream_executor/platform/default/dso_loader.cc:49] Successfully opened dynamic library libcudart.so.11.0
2021-04-11 11:28:09.758834: I tensorflow/stream_executor/platform/default/dso_loader.cc:49] Successfully opened dynamic library libcublas.so.11
2021-04-11 11:28:09.759068: I tensorflow/stream_executor/platform/default/dso_loader.cc:49] Successfully opened dynamic library libcublasLt.so.11
2021-04-11 11:28:09.761408: I tensorflow/stream_executor/platform/default/dso_loader.cc:49] Successfully opened dynamic library libcufft.so.10
2021-04-11 11:28:09.762554: I tensorflow/stream_executor/platform/default/dso_loader.cc:49] Successfully opened dynamic library libcurand.so.10
2021-04-11 11:28:09.770419: I tensorflow/stream_executor/platform/default/dso_loader.cc:49] Successfully opened dynamic library libcusolver.so.10
2021-04-11 11:28:09.771445: I tensorflow/stream_executor/platform/default/dso_loader.cc:49] Successfully opened dynamic library libcusparse.so.11
2021-04-11 11:28:09.772301: I tensorflow/stream_executor/platform/default/dso_loader.cc:49] Successfully opened dynamic library libcudnn.so.8
2021-04-11 11:28:09.772968: I tensorflow/stream_executor/cuda/cuda_gpu_executor.cc:941] successful NUMA node read from SysFS had negative value (-1), but there must be at least one NUMA node, so returning NUMA node zero
2021-04-11 11:28:09.774784: I tensorflow/stream_executor/cuda/cuda_gpu_executor.cc:941] successful NUMA node read from SysFS had negative value (-1), but there must be at least one NUMA node, so returning NUMA node zero
2021-04-11 11:28:09.776583: I tensorflow/core/common_runtime/gpu/gpu_device.cc:1862] Adding visible gpu devices: 0
[DDPG] Building the actor model
2021-04-11 11:28:09.799479: I tensorflow/core/platform/cpu_feature_guard.cc:142] This TensorFlow binary is optimized with oneAPI Deep Neural Network Library (oneDNN) to use the following CPU instructions in performance-critical operations:  AVX2 AVX512F FMA
To enable them in other operations, rebuild TensorFlow with the appropriate compiler flags.
2021-04-11 11:28:09.799804: I tensorflow/compiler/jit/xla_gpu_device.cc:99] Not creating XLA devices, tf_xla_enable_xla_devices not set
2021-04-11 11:28:09.800064: I tensorflow/stream_executor/cuda/cuda_gpu_executor.cc:941] successful NUMA node read from SysFS had negative value (-1), but there must be at least one NUMA node, so returning NUMA node zero
2021-04-11 11:28:09.802014: I tensorflow/core/common_runtime/gpu/gpu_device.cc:1720] Found device 0 with properties: 
pciBusID: 0000:00:1e.0 name: Tesla T4 computeCapability: 7.5
coreClock: 1.59GHz coreCount: 40 deviceMemorySize: 14.75GiB deviceMemoryBandwidth: 298.08GiB/s
2021-04-11 11:28:09.802372: I tensorflow/stream_executor/platform/default/dso_loader.cc:49] Successfully opened dynamic library libcudart.so.11.0
2021-04-11 11:28:09.802910: I tensorflow/stream_executor/platform/default/dso_loader.cc:49] Successfully opened dynamic library libcublas.so.11
2021-04-11 11:28:09.803125: I tensorflow/stream_executor/platform/default/dso_loader.cc:49] Successfully opened dynamic library libcublasLt.so.11
2021-04-11 11:28:09.803298: I tensorflow/stream_executor/platform/default/dso_loader.cc:49] Successfully opened dynamic library libcufft.so.10
2021-04-11 11:28:09.803435: I tensorflow/stream_executor/platform/default/dso_loader.cc:49] Successfully opened dynamic library libcurand.so.10
2021-04-11 11:28:09.803551: I tensorflow/stream_executor/platform/default/dso_loader.cc:49] Successfully opened dynamic library libcusolver.so.10
2021-04-11 11:28:09.803656: I tensorflow/stream_executor/platform/default/dso_loader.cc:49] Successfully opened dynamic library libcusparse.so.11
2021-04-11 11:28:09.803843: I tensorflow/stream_executor/platform/default/dso_loader.cc:49] Successfully opened dynamic library libcudnn.so.8
2021-04-11 11:28:09.805199: I tensorflow/stream_executor/cuda/cuda_gpu_executor.cc:941] successful NUMA node read from SysFS had negative value (-1), but there must be at least one NUMA node, so returning NUMA node zero
2021-04-11 11:28:09.806851: I tensorflow/stream_executor/cuda/cuda_gpu_executor.cc:941] successful NUMA node read from SysFS had negative value (-1), but there must be at least one NUMA node, so returning NUMA node zero
2021-04-11 11:28:09.808924: I tensorflow/core/common_runtime/gpu/gpu_device.cc:1862] Adding visible gpu devices: 0
2021-04-11 11:28:09.809047: I tensorflow/stream_executor/platform/default/dso_loader.cc:49] Successfully opened dynamic library libcudart.so.11.0
2021-04-11 11:28:11.764689: I tensorflow/core/common_runtime/gpu/gpu_device.cc:1261] Device interconnect StreamExecutor with strength 1 edge matrix:
2021-04-11 11:28:11.764744: I tensorflow/core/common_runtime/gpu/gpu_device.cc:1267]      0 
2021-04-11 11:28:11.764759: I tensorflow/core/common_runtime/gpu/gpu_device.cc:1280] 0:   N 
2021-04-11 11:28:11.765742: I tensorflow/stream_executor/cuda/cuda_gpu_executor.cc:941] successful NUMA node read from SysFS had negative value (-1), but there must be at least one NUMA node, so returning NUMA node zero
2021-04-11 11:28:11.767614: I tensorflow/stream_executor/cuda/cuda_gpu_executor.cc:941] successful NUMA node read from SysFS had negative value (-1), but there must be at least one NUMA node, so returning NUMA node zero
2021-04-11 11:28:11.769575: I tensorflow/stream_executor/cuda/cuda_gpu_executor.cc:941] successful NUMA node read from SysFS had negative value (-1), but there must be at least one NUMA node, so returning NUMA node zero
2021-04-11 11:28:11.770772: I tensorflow/core/common_runtime/gpu/gpu_device.cc:1406] Created TensorFlow device (/job:localhost/replica:0/task:0/device:GPU:0 with 13190 MB memory) -> physical GPU (device: 0, name: Tesla T4, pci bus id: 0000:00:1e.0, compute capability: 7.5)
[DDPG] Waiting for joint trajectory action
[DDPG] Found joint trajectory action!
[DDPG] Waiting for joint trajectory action
[DDPG] Found joint trajectory action!
[DDPG] Waiting for joint trajectory action
[DDPG] Found joint trajectory action!
[DDPG] Waiting for joint trajectory action
[DDPG] Found joint trajectory action!
[0m[ INFO] [1618140496.590374308, 650.016000000]: Loading robot model 'quadruped'...[0m
[0m[ INFO] [1618140496.593567089, 650.017000000]: No root/virtual joint specified in SRDF. Assuming fixed joint[0m
[33m[ WARN] [1618140496.593627821, 650.017000000]: Link dummy_link has visual geometry but no collision geometry. Collision geometry will be left empty. Fix your URDF file by explicitly specifying collision geometry.[0m
[0m[ INFO] [1618140498.131839151, 650.874000000]: Ready to take commands for planning group front_right_leg.[0m
[0m[ INFO] [1618140498.536529241, 651.111000000]: Ready to take commands for planning group front_left_leg.[0m
[0m[ INFO] [1618140498.885306154, 651.310000000]: Ready to take commands for planning group back_right_leg.[0m
[0m[ INFO] [1618140499.689095566, 651.711000000]: Ready to take commands for planning group back_left_leg.[0m
[DDPG] Resetting Environment
2021-04-11 11:28:51.829342: I tensorflow/stream_executor/platform/default/dso_loader.cc:49] Successfully opened dynamic library libcublas.so.11
2021-04-11 11:28:53.053250: I tensorflow/stream_executor/platform/default/dso_loader.cc:49] Successfully opened dynamic library libcublasLt.so.11
[ARS] Step 0 Reward -8.81799 Time 1.81193
[ARS] Step 1 Reward -8.94651 Time 0.57193
[DDPG] Resetting Environment
[DDPG] Quadruped Not Upright
[DDPG] Resetting Environment
[DDPG] Quadruped Not Upright
[DDPG] Resetting Environment
[DDPG] Quadruped Not Upright
[DDPG] Resetting Environment
[DDPG] Quadruped Not Upright
[DDPG] Resetting Environment
[DDPG] Quadruped Not Upright
[DDPG] Resetting Environment
[DDPG] Quadruped Not Upright
[DDPG] Resetting Environment
[DDPG] Quadruped Not Upright
[DDPG] Resetting Environment
[DDPG] Quadruped Not Upright
[DDPG] Resetting Environment
[DDPG] Quadruped Not Upright
[DDPG] Resetting Environment
[DDPG] Quadruped Not Upright
[DDPG] Resetting Environment
[DDPG] Quadruped Not Upright
[DDPG] Resetting Environment
[DDPG] Quadruped Not Upright
[DDPG] Resetting Environment
2021-04-11 11:32:05.472714: I tensorflow/stream_executor/platform/default/dso_loader.cc:49] Successfully opened dynamic library libcudart.so.11.0
[DDPG] Quadruped Not Upright
[DDPG] Resetting Environment
Unable to init server: Could not connect: Connection refused
Unable to init server: Could not connect: Connection refused

(ars.py:824100): Gdk-CRITICAL **: 11:32:12.178: gdk_cursor_new_for_display: assertion 'GDK_IS_DISPLAY (display)' failed
2021-04-11 11:32:14.771739: I tensorflow/compiler/jit/xla_cpu_device.cc:41] Not creating XLA devices, tf_xla_enable_xla_devices not set
2021-04-11 11:32:14.774141: I tensorflow/stream_executor/platform/default/dso_loader.cc:49] Successfully opened dynamic library libcuda.so.1
2021-04-11 11:32:14.824376: I tensorflow/stream_executor/cuda/cuda_gpu_executor.cc:941] successful NUMA node read from SysFS had negative value (-1), but there must be at least one NUMA node, so returning NUMA node zero
2021-04-11 11:32:14.825151: I tensorflow/core/common_runtime/gpu/gpu_device.cc:1720] Found device 0 with properties: 
pciBusID: 0000:00:1e.0 name: Tesla T4 computeCapability: 7.5
coreClock: 1.59GHz coreCount: 40 deviceMemorySize: 14.75GiB deviceMemoryBandwidth: 298.08GiB/s
2021-04-11 11:32:14.825199: I tensorflow/stream_executor/platform/default/dso_loader.cc:49] Successfully opened dynamic library libcudart.so.11.0
2021-04-11 11:32:14.844124: I tensorflow/stream_executor/platform/default/dso_loader.cc:49] Successfully opened dynamic library libcublas.so.11
2021-04-11 11:32:14.844263: I tensorflow/stream_executor/platform/default/dso_loader.cc:49] Successfully opened dynamic library libcublasLt.so.11
2021-04-11 11:32:14.850940: I tensorflow/stream_executor/platform/default/dso_loader.cc:49] Successfully opened dynamic library libcufft.so.10
2021-04-11 11:32:14.853722: I tensorflow/stream_executor/platform/default/dso_loader.cc:49] Successfully opened dynamic library libcurand.so.10
2021-04-11 11:32:14.870149: I tensorflow/stream_executor/platform/default/dso_loader.cc:49] Successfully opened dynamic library libcusolver.so.10
2021-04-11 11:32:14.870936: I tensorflow/stream_executor/platform/default/dso_loader.cc:49] Successfully opened dynamic library libcusparse.so.11
2021-04-11 11:32:14.871164: I tensorflow/stream_executor/platform/default/dso_loader.cc:49] Successfully opened dynamic library libcudnn.so.8
2021-04-11 11:32:14.871358: I tensorflow/stream_executor/cuda/cuda_gpu_executor.cc:941] successful NUMA node read from SysFS had negative value (-1), but there must be at least one NUMA node, so returning NUMA node zero
2021-04-11 11:32:14.880269: I tensorflow/stream_executor/cuda/cuda_gpu_executor.cc:941] successful NUMA node read from SysFS had negative value (-1), but there must be at least one NUMA node, so returning NUMA node zero
2021-04-11 11:32:14.880945: I tensorflow/core/common_runtime/gpu/gpu_device.cc:1862] Adding visible gpu devices: 0
[DDPG] Building the actor model
2021-04-11 11:32:14.926156: I tensorflow/core/platform/cpu_feature_guard.cc:142] This TensorFlow binary is optimized with oneAPI Deep Neural Network Library (oneDNN) to use the following CPU instructions in performance-critical operations:  AVX2 AVX512F FMA
To enable them in other operations, rebuild TensorFlow with the appropriate compiler flags.
2021-04-11 11:32:14.926398: I tensorflow/compiler/jit/xla_gpu_device.cc:99] Not creating XLA devices, tf_xla_enable_xla_devices not set
2021-04-11 11:32:14.926578: I tensorflow/stream_executor/cuda/cuda_gpu_executor.cc:941] successful NUMA node read from SysFS had negative value (-1), but there must be at least one NUMA node, so returning NUMA node zero
2021-04-11 11:32:14.940282: I tensorflow/core/common_runtime/gpu/gpu_device.cc:1720] Found device 0 with properties: 
pciBusID: 0000:00:1e.0 name: Tesla T4 computeCapability: 7.5
coreClock: 1.59GHz coreCount: 40 deviceMemorySize: 14.75GiB deviceMemoryBandwidth: 298.08GiB/s
2021-04-11 11:32:14.940313: I tensorflow/stream_executor/platform/default/dso_loader.cc:49] Successfully opened dynamic library libcudart.so.11.0
2021-04-11 11:32:14.940401: I tensorflow/stream_executor/platform/default/dso_loader.cc:49] Successfully opened dynamic library libcublas.so.11
2021-04-11 11:32:14.940441: I tensorflow/stream_executor/platform/default/dso_loader.cc:49] Successfully opened dynamic library libcublasLt.so.11
2021-04-11 11:32:14.940477: I tensorflow/stream_executor/platform/default/dso_loader.cc:49] Successfully opened dynamic library libcufft.so.10
2021-04-11 11:32:14.940514: I tensorflow/stream_executor/platform/default/dso_loader.cc:49] Successfully opened dynamic library libcurand.so.10
2021-04-11 11:32:14.940550: I tensorflow/stream_executor/platform/default/dso_loader.cc:49] Successfully opened dynamic library libcusolver.so.10
2021-04-11 11:32:14.940585: I tensorflow/stream_executor/platform/default/dso_loader.cc:49] Successfully opened dynamic library libcusparse.so.11
2021-04-11 11:32:14.940621: I tensorflow/stream_executor/platform/default/dso_loader.cc:49] Successfully opened dynamic library libcudnn.so.8
2021-04-11 11:32:14.940750: I tensorflow/stream_executor/cuda/cuda_gpu_executor.cc:941] successful NUMA node read from SysFS had negative value (-1), but there must be at least one NUMA node, so returning NUMA node zero
2021-04-11 11:32:14.941546: I tensorflow/stream_executor/cuda/cuda_gpu_executor.cc:941] successful NUMA node read from SysFS had negative value (-1), but there must be at least one NUMA node, so returning NUMA node zero
2021-04-11 11:32:14.942233: I tensorflow/core/common_runtime/gpu/gpu_device.cc:1862] Adding visible gpu devices: 0
2021-04-11 11:32:14.942285: I tensorflow/stream_executor/platform/default/dso_loader.cc:49] Successfully opened dynamic library libcudart.so.11.0
[DDPG] Quadruped Not Upright
[DDPG] Resetting Environment
2021-04-11 11:32:17.269002: I tensorflow/core/common_runtime/gpu/gpu_device.cc:1261] Device interconnect StreamExecutor with strength 1 edge matrix:
2021-04-11 11:32:17.270387: I tensorflow/core/common_runtime/gpu/gpu_device.cc:1267]      0 
2021-04-11 11:32:17.270508: I tensorflow/core/common_runtime/gpu/gpu_device.cc:1280] 0:   N 
2021-04-11 11:32:17.271013: I tensorflow/stream_executor/cuda/cuda_gpu_executor.cc:941] successful NUMA node read from SysFS had negative value (-1), but there must be at least one NUMA node, so returning NUMA node zero
2021-04-11 11:32:17.272311: I tensorflow/stream_executor/cuda/cuda_gpu_executor.cc:941] successful NUMA node read from SysFS had negative value (-1), but there must be at least one NUMA node, so returning NUMA node zero
2021-04-11 11:32:17.273526: I tensorflow/stream_executor/cuda/cuda_gpu_executor.cc:941] successful NUMA node read from SysFS had negative value (-1), but there must be at least one NUMA node, so returning NUMA node zero
2021-04-11 11:32:17.274499: I tensorflow/core/common_runtime/gpu/gpu_device.cc:1406] Created TensorFlow device (/job:localhost/replica:0/task:0/device:GPU:0 with 12814 MB memory) -> physical GPU (device: 0, name: Tesla T4, pci bus id: 0000:00:1e.0, compute capability: 7.5)
[DDPG] Quadruped Not Upright
[DDPG] Resetting Environment
[DDPG] Quadruped Not Upright
[DDPG] Resetting Environment
[DDPG] Quadruped Not Upright
[DDPG] Resetting Environment
[DDPG] Quadruped Not Upright
[DDPG] Resetting Environment
[DDPG] Quadruped Not Upright
[DDPG] Resetting Environment
[DDPG] Quadruped Not Upright
[DDPG] Resetting Environment
[DDPG] Quadruped Not Upright
[DDPG] Resetting Environment
[DDPG] Quadruped Not Upright
[DDPG] Resetting Environment
[]
[DDPG] Error in Resetting End Training
[DDPG] Quadruped Not Upright
[DDPG] Resetting Environment
[DDPG] Quadruped Not Upright
[DDPG] Resetting Environment
[DDPG] Quadruped Not Upright
[ARS] Step 0 Reward -72.92496 Time 363.59495
[ARS] Saving Model
[DDPG] Resetting Environment
[DDPG] Quadruped Not Upright
[DDPG] Resetting Environment
[DDPG] Quadruped Not Upright
[DDPG] Resetting Environment
[DDPG] Quadruped Not Upright
[DDPG] Resetting Environment
[DDPG] Quadruped Not Upright
[DDPG] Resetting Environment
[DDPG] Quadruped Not Upright
[DDPG] Resetting Environment
[DDPG] Quadruped Not Upright
[DDPG] Resetting Environment
[DDPG] Quadruped Not Upright
[DDPG] Resetting Environment
[DDPG] Quadruped Not Upright
[DDPG] Resetting Environment
[DDPG] Quadruped Not Upright
[DDPG] Resetting Environment
[DDPG] Quadruped Not Upright
[DDPG] Resetting Environment
[DDPG] Quadruped Not Upright
[DDPG] Resetting Environment
[DDPG] Quadruped Not Upright
[DDPG] Resetting Environment
[DDPG] Quadruped Not Upright
[DDPG] Resetting Environment
[DDPG] Quadruped Not Upright
[DDPG] Resetting Environment
[DDPG] Quadruped Not Upright
[DDPG] Resetting Environment
[DDPG] Quadruped Not Upright
[DDPG] Resetting Environment
[DDPG] Quadruped Not Upright
[DDPG] Resetting Environment
[DDPG] Quadruped Not Upright
[DDPG] Resetting Environment
[DDPG] Quadruped Not Upright
[DDPG] Resetting Environment
[DDPG] Quadruped Not Upright
[DDPG] Resetting Environment
[DDPG] Quadruped Not Upright
[DDPG] Resetting Environment
[DDPG] Quadruped Not Upright
[DDPG] Resetting Environment
[DDPG] Quadruped Not Upright
[DDPG] Resetting Environment
[DDPG] Quadruped Not Upright
[DDPG] Resetting Environment
[DDPG] Quadruped Not Upright
[ARS] Step 1 Reward -51.61566 Time 419.66993
[DDPG] Resetting Environment
[DDPG] Quadruped Not Upright
[DDPG] Resetting Environment
[DDPG] Quadruped Not Upright
[DDPG] Resetting Environment
[DDPG] Quadruped Not Upright
[DDPG] Resetting Environment
[DDPG] Quadruped Not Upright
[DDPG] Resetting Environment
[DDPG] Quadruped Not Upright
[DDPG] Resetting Environment
[DDPG] Quadruped Not Upright
[DDPG] Resetting Environment
[DDPG] Quadruped Not Upright
[DDPG] Resetting Environment
[DDPG] Quadruped Not Upright
[DDPG] Resetting Environment
[DDPG] Quadruped Not Upright
[DDPG] Resetting Environment
[DDPG] Quadruped Not Upright
[DDPG] Resetting Environment
[DDPG] Quadruped Not Upright
[DDPG] Resetting Environment
[DDPG] Quadruped Not Upright
[DDPG] Resetting Environment
[DDPG] Quadruped Not Upright
[DDPG] Resetting Environment
[DDPG] Quadruped Not Upright
[DDPG] Resetting Environment
[DDPG] Quadruped Not Upright
[DDPG] Resetting Environment
[DDPG] Quadruped Not Upright
[DDPG] Resetting Environment
[]
[DDPG] Error in Resetting End Training
[DDPG] Quadruped Not Upright
[DDPG] Resetting Environment
[DDPG] Quadruped Not Upright
[DDPG] Resetting Environment
[DDPG] Quadruped Not Upright
[DDPG] Resetting Environment
[DDPG] Quadruped Not Upright
[DDPG] Resetting Environment
[DDPG] Quadruped Not Upright
[DDPG] Resetting Environment
[DDPG] Quadruped Not Upright
[DDPG] Resetting Environment
[DDPG] Quadruped Not Upright
[DDPG] Resetting Environment
[DDPG] Quadruped Not Upright
[DDPG] Resetting Environment
[DDPG] Quadruped Not Upright
[ARS] Step 2 Reward -40.11935 Time 431.70982
[DDPG] Resetting Environment
[DDPG] Quadruped Not Upright
[DDPG] Resetting Environment
[DDPG] Quadruped Not Upright
[DDPG] Resetting Environment
[DDPG] Quadruped Not Upright
[DDPG] Resetting Environment
[DDPG] Quadruped Not Upright
[DDPG] Resetting Environment
[DDPG] Quadruped Not Upright
[DDPG] Resetting Environment
[DDPG] Quadruped Not Upright
[DDPG] Resetting Environment
[DDPG] Quadruped Not Upright
[DDPG] Resetting Environment
[DDPG] Quadruped Not Upright
[DDPG] Resetting Environment
[DDPG] Quadruped Not Upright
[DDPG] Resetting Environment
[DDPG] Quadruped Not Upright
[DDPG] Resetting Environment
[DDPG] Quadruped Not Upright
[DDPG] Resetting Environment
[DDPG] Quadruped Not Upright
[DDPG] Resetting Environment
[DDPG] Quadruped Not Upright
[DDPG] Resetting Environment
[DDPG] Quadruped Not Upright
[DDPG] Resetting Environment
[]
[DDPG] Error in Resetting End Training
[DDPG] Quadruped Not Upright
[DDPG] Resetting Environment
[DDPG] Quadruped Not Upright
[DDPG] Resetting Environment
[DDPG] Quadruped Not Upright
[DDPG] Resetting Environment
[DDPG] Quadruped Not Upright
[DDPG] Resetting Environment
[DDPG] Quadruped Not Upright
[DDPG] Resetting Environment
[DDPG] Quadruped Not Upright
[DDPG] Resetting Environment
[DDPG] Quadruped Not Upright
[DDPG] Resetting Environment
[DDPG] Quadruped Not Upright
[DDPG] Resetting Environment
[DDPG] Quadruped Not Upright
[DDPG] Resetting Environment
[DDPG] Quadruped Not Upright
[DDPG] Resetting Environment
[DDPG] Quadruped Not Upright
[ARS] Step 3 Reward -32.51397 Time 280.99563
[DDPG] Resetting Environment
[DDPG] Quadruped Not Upright
[DDPG] Resetting Environment
[DDPG] Quadruped Not Upright
[DDPG] Resetting Environment
[DDPG] Quadruped Not Upright
[DDPG] Resetting Environment
[DDPG] Quadruped Not Upright
[DDPG] Resetting Environment
[DDPG] Quadruped Not Upright
[DDPG] Resetting Environment
[DDPG] Quadruped Not Upright
[DDPG] Resetting Environment
[DDPG] Quadruped Not Upright
[DDPG] Resetting Environment
[DDPG] Quadruped Not Upright
[DDPG] Resetting Environment
[DDPG] Quadruped Not Upright
[DDPG] Resetting Environment
[DDPG] Quadruped Not Upright
[DDPG] Resetting Environment
[DDPG] Quadruped Not Upright
[DDPG] Resetting Environment
[DDPG] Quadruped Not Upright
[DDPG] Resetting Environment
[DDPG] Quadruped Not Upright
[DDPG] Resetting Environment
[DDPG] Quadruped Not Upright
[DDPG] Resetting Environment
[DDPG] Quadruped Not Upright
[DDPG] Resetting Environment
[DDPG] Quadruped Not Upright
[DDPG] Resetting Environment
[DDPG] Quadruped Not Upright
[DDPG] Resetting Environment
[DDPG] Quadruped Not Upright
[DDPG] Resetting Environment
[DDPG] Quadruped Not Upright
[DDPG] Resetting Environment
[DDPG] Quadruped Not Upright
[DDPG] Resetting Environment
[DDPG] Quadruped Not Upright
[DDPG] Resetting Environment
[DDPG] Quadruped Not Upright
[DDPG] Resetting Environment
[DDPG] Quadruped Not Upright
[DDPG] Resetting Environment
[DDPG] Quadruped Not Upright
[DDPG] Resetting Environment
[DDPG] Quadruped Not Upright
[ARS] Step 4 Reward -37.75241 Time 315.81926
[DDPG] Resetting Environment
[DDPG] Quadruped Not Upright
[DDPG] Resetting Environment
[DDPG] Quadruped Not Upright
[DDPG] Resetting Environment
[DDPG] Quadruped Not Upright
[DDPG] Resetting Environment
[DDPG] Quadruped Not Upright
[DDPG] Resetting Environment
[DDPG] Quadruped Not Upright
[DDPG] Resetting Environment
[DDPG] Quadruped Not Upright
[DDPG] Resetting Environment
[DDPG] Quadruped Not Upright
[DDPG] Resetting Environment
[DDPG] Quadruped Not Upright
[DDPG] Resetting Environment
[DDPG] Quadruped Not Upright
[DDPG] Resetting Environment
[DDPG] Quadruped Not Upright
[DDPG] Resetting Environment
[DDPG] Quadruped Not Upright
[DDPG] Resetting Environment
[DDPG] Quadruped Not Upright
[DDPG] Resetting Environment
[DDPG] Quadruped Not Upright
[DDPG] Resetting Environment
[DDPG] Quadruped Not Upright
[DDPG] Resetting Environment
[DDPG] Quadruped Not Upright
[DDPG] Resetting Environment
[DDPG] Quadruped Not Upright
[DDPG] Resetting Environment
[DDPG] Quadruped Not Upright
[DDPG] Resetting Environment
[DDPG] Quadruped Not Upright
[DDPG] Resetting Environment
[DDPG] Quadruped Not Upright
[DDPG] Resetting Environment
[DDPG] Quadruped Not Upright
[DDPG] Resetting Environment
[DDPG] Quadruped Not Upright
[DDPG] Resetting Environment
[DDPG] Quadruped Not Upright
[DDPG] Resetting Environment
[DDPG] Quadruped Not Upright
[DDPG] Resetting Environment
[DDPG] Quadruped Not Upright
[DDPG] Resetting Environment
[DDPG] Quadruped Not Upright
[ARS] Step 5 Reward -72.39852 Time 326.59353
[DDPG] Resetting Environment
[DDPG] Quadruped Not Upright
[DDPG] Resetting Environment
[DDPG] Quadruped Not Upright
[DDPG] Resetting Environment
[DDPG] Quadruped Not Upright
[DDPG] Resetting Environment
[DDPG] Quadruped Not Upright
[DDPG] Resetting Environment
[DDPG] Quadruped Not Upright
[DDPG] Resetting Environment
[DDPG] Quadruped Not Upright
[DDPG] Resetting Environment
[DDPG] Quadruped Not Upright
[DDPG] Resetting Environment
[DDPG] Quadruped Not Upright
[DDPG] Resetting Environment
[DDPG] Quadruped Not Upright
[DDPG] Resetting Environment
[]
[DDPG] Error in Resetting End Training
[DDPG] Quadruped Not Upright
[DDPG] Resetting Environment
[DDPG] Quadruped Not Upright
[DDPG] Resetting Environment
[]
[DDPG] Error in Resetting End Training
[DDPG] Quadruped Not Upright
[DDPG] Resetting Environment
[DDPG] Quadruped Not Upright
[DDPG] Resetting Environment
[DDPG] Quadruped Not Upright
[DDPG] Resetting Environment
[DDPG] Quadruped Not Upright
[DDPG] Resetting Environment
[]
[DDPG] Error in Resetting End Training
[DDPG] Quadruped Not Upright
[DDPG] Resetting Environment
[DDPG] Quadruped Not Upright
[DDPG] Resetting Environment
[DDPG] Quadruped Not Upright
[DDPG] Resetting Environment
[DDPG] Quadruped Not Upright
[DDPG] Resetting Environment
[DDPG] Quadruped Not Upright
[DDPG] Resetting Environment
[DDPG] Quadruped Not Upright
[DDPG] Resetting Environment
[DDPG] Quadruped Not Upright
[DDPG] Resetting Environment
[DDPG] Quadruped Not Upright
[DDPG] Resetting Environment
[DDPG] Quadruped Not Upright
[DDPG] Resetting Environment
[DDPG] Quadruped Not Upright
[ARS] Step 6 Reward -31.99652 Time 276.32596
[DDPG] Resetting Environment
[DDPG] Quadruped Not Upright
[DDPG] Resetting Environment
[DDPG] Quadruped Not Upright
[DDPG] Resetting Environment
[DDPG] Quadruped Not Upright
[DDPG] Resetting Environment
[DDPG] Quadruped Not Upright
[DDPG] Resetting Environment
[DDPG] Quadruped Not Upright
[DDPG] Resetting Environment
[DDPG] Quadruped Not Upright
[DDPG] Resetting Environment
[DDPG] Quadruped Not Upright
[DDPG] Resetting Environment
[DDPG] Quadruped Not Upright
[DDPG] Resetting Environment
[DDPG] Quadruped Not Upright
[DDPG] Resetting Environment
[DDPG] Quadruped Not Upright
[DDPG] Resetting Environment
[DDPG] Quadruped Not Upright
[DDPG] Resetting Environment
[DDPG] Quadruped Not Upright
[DDPG] Resetting Environment
[DDPG] Quadruped Not Upright
[DDPG] Resetting Environment
[DDPG] Quadruped Not Upright
[DDPG] Resetting Environment
[DDPG] Quadruped Not Upright
[DDPG] Resetting Environment
[DDPG] Quadruped Not Upright
[DDPG] Resetting Environment
[DDPG] Quadruped Not Upright
[DDPG] Resetting Environment
[DDPG] Quadruped Not Upright
[DDPG] Resetting Environment
[DDPG] Quadruped Not Upright
[DDPG] Resetting Environment
[DDPG] Quadruped Not Upright
[DDPG] Resetting Environment
[DDPG] Quadruped Not Upright
[DDPG] Resetting Environment
[DDPG] Quadruped Not Upright
[DDPG] Resetting Environment
[DDPG] Quadruped Not Upright
[DDPG] Resetting Environment
[DDPG] Quadruped Not Upright
[DDPG] Resetting Environment
[DDPG] Quadruped Not Upright
[ARS] Step 7 Reward -98.39775 Time 299.62660
[DDPG] Resetting Environment
[DDPG] Quadruped Not Upright
[DDPG] Resetting Environment
[DDPG] Quadruped Not Upright
[DDPG] Resetting Environment
[DDPG] Quadruped Not Upright
[DDPG] Resetting Environment
[DDPG] Quadruped Not Upright
[DDPG] Resetting Environment
[DDPG] Quadruped Not Upright
[DDPG] Resetting Environment
[DDPG] Quadruped Not Upright
[DDPG] Resetting Environment
[DDPG] Quadruped Not Upright
[DDPG] Resetting Environment
[DDPG] Quadruped Not Upright
[DDPG] Resetting Environment
[DDPG] Quadruped Not Upright
[DDPG] Resetting Environment
[DDPG] Quadruped Not Upright
[DDPG] Resetting Environment
[DDPG] Quadruped Not Upright
[DDPG] Resetting Environment
[DDPG] Quadruped Not Upright
[DDPG] Resetting Environment
[DDPG] Quadruped Not Upright
[DDPG] Resetting Environment
[DDPG] Quadruped Not Upright
[DDPG] Resetting Environment
[DDPG] Quadruped Not Upright
[DDPG] Resetting Environment
[DDPG] Quadruped Not Upright
[DDPG] Resetting Environment
[DDPG] Quadruped Not Upright
[DDPG] Resetting Environment
[DDPG] Quadruped Not Upright
[DDPG] Resetting Environment
[DDPG] Quadruped Not Upright
[DDPG] Resetting Environment
[DDPG] Quadruped Not Upright
[DDPG] Resetting Environment
[DDPG] Quadruped Not Upright
[DDPG] Resetting Environment
[DDPG] Quadruped Not Upright
[DDPG] Resetting Environment
[DDPG] Quadruped Not Upright
[DDPG] Resetting Environment
[DDPG] Quadruped Not Upright
[DDPG] Resetting Environment
[DDPG] Quadruped Not Upright
[ARS] Step 8 Reward -61.76574 Time 289.31713
[DDPG] Resetting Environment
[DDPG] Quadruped Not Upright
[DDPG] Resetting Environment
[DDPG] Quadruped Not Upright
[DDPG] Resetting Environment
[DDPG] Quadruped Not Upright
[DDPG] Resetting Environment
[DDPG] Quadruped Not Upright
[DDPG] Resetting Environment
[DDPG] Quadruped Not Upright
[DDPG] Resetting Environment
[DDPG] Quadruped Not Upright
[DDPG] Resetting Environment
[DDPG] Quadruped Not Upright
[DDPG] Resetting Environment
[DDPG] Quadruped Not Upright
[DDPG] Resetting Environment
[DDPG] Quadruped Not Upright
[DDPG] Resetting Environment
[DDPG] Quadruped Not Upright
[DDPG] Resetting Environment
[DDPG] Quadruped Not Upright
[DDPG] Resetting Environment
[DDPG] Quadruped Not Upright
[DDPG] Resetting Environment
[DDPG] Quadruped Not Upright
[DDPG] Resetting Environment
[DDPG] Quadruped Not Upright
[DDPG] Resetting Environment
[DDPG] Quadruped Not Upright
[DDPG] Resetting Environment
[DDPG] Quadruped Not Upright
[DDPG] Resetting Environment
[DDPG] Quadruped Not Upright
[DDPG] Resetting Environment
[DDPG] Quadruped Not Upright
[DDPG] Resetting Environment
[DDPG] Quadruped Not Upright
[DDPG] Resetting Environment
[DDPG] Quadruped Not Upright
[DDPG] Resetting Environment
[DDPG] Quadruped Not Upright
[DDPG] Resetting Environment
[DDPG] Quadruped Not Upright
[DDPG] Resetting Environment
[DDPG] Quadruped Not Upright
[DDPG] Resetting Environment
[DDPG] Quadruped Not Upright
[DDPG] Resetting Environment
[DDPG] Quadruped Not Upright
[ARS] Step 9 Reward -36.55364 Time 296.00401
[DDPG] Resetting Environment
[DDPG] Quadruped Not Upright
[DDPG] Resetting Environment
[DDPG] Quadruped Not Upright
[DDPG] Resetting Environment
[DDPG] Quadruped Not Upright
[DDPG] Resetting Environment
[DDPG] Quadruped Not Upright
[DDPG] Resetting Environment
[DDPG] Quadruped Not Upright
[DDPG] Resetting Environment
[DDPG] Quadruped Not Upright
[DDPG] Resetting Environment
[DDPG] Quadruped Not Upright
[DDPG] Resetting Environment
[DDPG] Quadruped Not Upright
[DDPG] Resetting Environment
[DDPG] Quadruped Not Upright
[DDPG] Resetting Environment
[DDPG] Quadruped Not Upright
[DDPG] Resetting Environment
[DDPG] Quadruped Not Upright
[DDPG] Resetting Environment
[DDPG] Quadruped Not Upright
[DDPG] Resetting Environment
[DDPG] Quadruped Not Upright
[DDPG] Resetting Environment
[DDPG] Quadruped Not Upright
[DDPG] Resetting Environment
[DDPG] Quadruped Not Upright
[DDPG] Resetting Environment
[DDPG] Quadruped Not Upright
[DDPG] Resetting Environment
[DDPG] Quadruped Not Upright
[DDPG] Resetting Environment
[DDPG] Quadruped Not Upright
[DDPG] Resetting Environment
[DDPG] Quadruped Not Upright
[DDPG] Resetting Environment
[DDPG] Quadruped Not Upright
[DDPG] Resetting Environment
[DDPG] Quadruped Not Upright
[DDPG] Resetting Environment
[DDPG] Quadruped Not Upright
[DDPG] Resetting Environment
[DDPG] Quadruped Not Upright
[DDPG] Resetting Environment
[DDPG] Quadruped Not Upright
[DDPG] Resetting Environment
[DDPG] Quadruped Not Upright
[ARS] Step 10 Reward -236.40635 Time 400.30746
[DDPG] Resetting Environment
[DDPG] Quadruped Not Upright
[DDPG] Resetting Environment
[]
[DDPG] Error in Resetting End Training
[DDPG] Quadruped Not Upright
[DDPG] Resetting Environment
[DDPG] Quadruped Not Upright
[DDPG] Resetting Environment
[DDPG] Quadruped Not Upright
[DDPG] Resetting Environment
[DDPG] Quadruped Not Upright
[DDPG] Resetting Environment
[DDPG] Quadruped Not Upright
[DDPG] Resetting Environment
[DDPG] Quadruped Not Upright
[DDPG] Resetting Environment
[DDPG] Quadruped Not Upright
[DDPG] Resetting Environment
[DDPG] Quadruped Not Upright
[DDPG] Resetting Environment
[DDPG] Quadruped Not Upright
[DDPG] Resetting Environment
[DDPG] Quadruped Not Upright
[DDPG] Resetting Environment
[DDPG] Quadruped Not Upright
[DDPG] Resetting Environment
[DDPG] Quadruped Not Upright
[DDPG] Resetting Environment
[DDPG] Quadruped Not Upright
[DDPG] Resetting Environment
[DDPG] Quadruped Not Upright
[DDPG] Resetting Environment
[DDPG] Quadruped Not Upright
[DDPG] Resetting Environment
[DDPG] Quadruped Not Upright
[DDPG] Resetting Environment
[DDPG] Quadruped Not Upright
[DDPG] Resetting Environment
[DDPG] Quadruped Not Upright
[DDPG] Resetting Environment
[DDPG] Quadruped Not Upright
[DDPG] Resetting Environment
[DDPG] Quadruped Not Upright
[DDPG] Resetting Environment
[DDPG] Quadruped Not Upright
[DDPG] Resetting Environment
[DDPG] Quadruped Not Upright
[DDPG] Resetting Environment
[DDPG] Quadruped Not Upright
[DDPG] Resetting Environment
[DDPG] Quadruped Not Upright
[ARS] Step 11 Reward -57.72621 Time 366.74455
[DDPG] Resetting Environment
[DDPG] Quadruped Not Upright
[DDPG] Resetting Environment
[DDPG] Quadruped Not Upright
[DDPG] Resetting Environment
[DDPG] Quadruped Not Upright
[DDPG] Resetting Environment
[DDPG] Quadruped Not Upright
[DDPG] Resetting Environment
[DDPG] Quadruped Not Upright
[DDPG] Resetting Environment
[DDPG] Quadruped Not Upright
[DDPG] Resetting Environment
[DDPG] Quadruped Not Upright
[DDPG] Resetting Environment
[DDPG] Quadruped Not Upright
[DDPG] Resetting Environment
[DDPG] Quadruped Not Upright
[DDPG] Resetting Environment
[DDPG] Quadruped Not Upright
[DDPG] Resetting Environment
[]
[DDPG] Error in Resetting End Training
[DDPG] Quadruped Not Upright
[DDPG] Resetting Environment
[DDPG] Quadruped Not Upright
[DDPG] Resetting Environment
[DDPG] Quadruped Not Upright
[DDPG] Resetting Environment
[DDPG] Quadruped Not Upright
[DDPG] Resetting Environment
[DDPG] Quadruped Not Upright
[DDPG] Resetting Environment
[DDPG] Quadruped Not Upright
[DDPG] Resetting Environment
[DDPG] Quadruped Not Upright
[DDPG] Resetting Environment
[DDPG] Quadruped Not Upright
[DDPG] Resetting Environment
[DDPG] Quadruped Not Upright
[DDPG] Resetting Environment
[DDPG] Quadruped Not Upright
[DDPG] Resetting Environment
[DDPG] Quadruped Not Upright
[DDPG] Resetting Environment
[DDPG] Quadruped Not Upright
[DDPG] Resetting Environment
[DDPG] Quadruped Not Upright
[DDPG] Resetting Environment
[DDPG] Quadruped Not Upright
[DDPG] Resetting Environment
[DDPG] Quadruped Not Upright
[ARS] Step 12 Reward -76.63780 Time 333.52471
[DDPG] Resetting Environment
[DDPG] Quadruped Not Upright
[DDPG] Resetting Environment
[DDPG] Quadruped Not Upright
[DDPG] Resetting Environment
[DDPG] Quadruped Not Upright
[DDPG] Resetting Environment
[DDPG] Quadruped Not Upright
[DDPG] Resetting Environment
[DDPG] Quadruped Not Upright
[DDPG] Resetting Environment
[DDPG] Quadruped Not Upright
[DDPG] Resetting Environment
[DDPG] Quadruped Not Upright
[DDPG] Resetting Environment
[DDPG] Quadruped Not Upright
[DDPG] Resetting Environment
[DDPG] Quadruped Not Upright
[DDPG] Resetting Environment
[DDPG] Quadruped Not Upright
[DDPG] Resetting Environment
[DDPG] Quadruped Not Upright
[DDPG] Resetting Environment
[DDPG] Quadruped Not Upright
[DDPG] Resetting Environment
[DDPG] Quadruped Not Upright
[DDPG] Resetting Environment
[DDPG] Quadruped Not Upright
[DDPG] Resetting Environment
[DDPG] Quadruped Not Upright
[DDPG] Resetting Environment
[DDPG] Quadruped Not Upright
[DDPG] Resetting Environment
[DDPG] Quadruped Not Upright
[DDPG] Resetting Environment
[DDPG] Quadruped Not Upright
[DDPG] Resetting Environment
[DDPG] Quadruped Not Upright
[DDPG] Resetting Environment
[DDPG] Quadruped Not Upright
[DDPG] Resetting Environment
[DDPG] Quadruped Not Upright
[DDPG] Resetting Environment
[]
[DDPG] Error in Resetting End Training
[DDPG] Quadruped Not Upright
[DDPG] Resetting Environment
[DDPG] Quadruped Not Upright
[DDPG] Resetting Environment
[DDPG] Quadruped Not Upright
[DDPG] Resetting Environment
[DDPG] Quadruped Not Upright
[ARS] Step 13 Reward -37.02486 Time 273.87358
[DDPG] Resetting Environment
[DDPG] Quadruped Not Upright
[DDPG] Resetting Environment
[DDPG] Quadruped Not Upright
[DDPG] Resetting Environment
[DDPG] Quadruped Not Upright
[DDPG] Resetting Environment
[DDPG] Quadruped Not Upright
[DDPG] Resetting Environment
[DDPG] Quadruped Not Upright
[DDPG] Resetting Environment
[DDPG] Quadruped Not Upright
[DDPG] Resetting Environment
[DDPG] Quadruped Not Upright
[DDPG] Resetting Environment
[DDPG] Quadruped Not Upright
[DDPG] Resetting Environment
[DDPG] Quadruped Not Upright
[DDPG] Resetting Environment
[DDPG] Quadruped Not Upright
[DDPG] Resetting Environment
[DDPG] Quadruped Not Upright
[DDPG] Resetting Environment
[DDPG] Quadruped Not Upright
[DDPG] Resetting Environment
[DDPG] Quadruped Not Upright
[DDPG] Resetting Environment
[DDPG] Quadruped Not Upright
[DDPG] Resetting Environment
[DDPG] Quadruped Not Upright
[DDPG] Resetting Environment
[DDPG] Quadruped Not Upright
[DDPG] Resetting Environment
[DDPG] Quadruped Not Upright
[DDPG] Resetting Environment
[DDPG] Quadruped Not Upright
[DDPG] Resetting Environment
[DDPG] Quadruped Not Upright
[DDPG] Resetting Environment
[DDPG] Quadruped Not Upright
[DDPG] Resetting Environment
[DDPG] Quadruped Not Upright
[DDPG] Resetting Environment
[DDPG] Quadruped Not Upright
[DDPG] Resetting Environment
[DDPG] Quadruped Not Upright
[DDPG] Resetting Environment
[DDPG] Quadruped Not Upright
[DDPG] Resetting Environment
[DDPG] Quadruped Not Upright
[ARS] Step 14 Reward -67.61529 Time 256.48325
[DDPG] Resetting Environment
[DDPG] Quadruped Not Upright
[DDPG] Resetting Environment
[DDPG] Quadruped Not Upright
[DDPG] Resetting Environment
[DDPG] Quadruped Not Upright
[DDPG] Resetting Environment
[DDPG] Quadruped Not Upright
[DDPG] Resetting Environment
[DDPG] Quadruped Not Upright
[DDPG] Resetting Environment
[DDPG] Quadruped Not Upright
[DDPG] Resetting Environment
[DDPG] Quadruped Not Upright
[DDPG] Resetting Environment
[DDPG] Quadruped Not Upright
[DDPG] Resetting Environment
[]
[DDPG] Error in Resetting End Training
[DDPG] Quadruped Not Upright
[DDPG] Resetting Environment
[DDPG] Quadruped Not Upright
[DDPG] Resetting Environment
[DDPG] Quadruped Not Upright
[DDPG] Resetting Environment
[DDPG] Quadruped Not Upright
[DDPG] Resetting Environment
[DDPG] Quadruped Not Upright
[DDPG] Resetting Environment
[DDPG] Quadruped Not Upright
[DDPG] Resetting Environment
[DDPG] Quadruped Not Upright
[DDPG] Resetting Environment
[DDPG] Quadruped Not Upright
[DDPG] Resetting Environment
[DDPG] Quadruped Not Upright
[DDPG] Resetting Environment
[DDPG] Quadruped Not Upright
[DDPG] Resetting Environment
[DDPG] Quadruped Not Upright
[DDPG] Resetting Environment
[DDPG] Quadruped Not Upright
[DDPG] Resetting Environment
[DDPG] Quadruped Not Upright
[DDPG] Resetting Environment
[DDPG] Quadruped Not Upright
[DDPG] Resetting Environment
[DDPG] Quadruped Not Upright
[DDPG] Resetting Environment
[DDPG] Quadruped Not Upright
[DDPG] Resetting Environment
[DDPG] Quadruped Not Upright
[ARS] Step 15 Reward -89.35810 Time 284.36643
[DDPG] Resetting Environment
[]
[DDPG] Error in Resetting End Training
[DDPG] Quadruped Not Upright
[DDPG] Resetting Environment
[DDPG] Quadruped Not Upright
[DDPG] Resetting Environment
[DDPG] Quadruped Not Upright
[DDPG] Resetting Environment
[DDPG] Quadruped Not Upright
[DDPG] Resetting Environment
[DDPG] Quadruped Not Upright
[DDPG] Resetting Environment
[DDPG] Quadruped Not Upright
[DDPG] Resetting Environment
[DDPG] Quadruped Not Upright
[DDPG] Resetting Environment
[DDPG] Quadruped Not Upright
[DDPG] Resetting Environment
[DDPG] Quadruped Not Upright
[DDPG] Resetting Environment
[DDPG] Quadruped Not Upright
[DDPG] Resetting Environment
[DDPG] Quadruped Not Upright
[DDPG] Resetting Environment
[DDPG] Quadruped Not Upright
[DDPG] Resetting Environment
[DDPG] Quadruped Not Upright
[DDPG] Resetting Environment
[DDPG] Quadruped Not Upright
[DDPG] Resetting Environment
[DDPG] Quadruped Not Upright
[DDPG] Resetting Environment
[DDPG] Quadruped Not Upright
[DDPG] Resetting Environment
[DDPG] Quadruped Not Upright
[DDPG] Resetting Environment
[DDPG] Quadruped Not Upright
[DDPG] Resetting Environment
[DDPG] Quadruped Not Upright
[DDPG] Resetting Environment
[DDPG] Quadruped Not Upright
[DDPG] Resetting Environment
[DDPG] Quadruped Not Upright
[DDPG] Resetting Environment
[DDPG] Quadruped Not Upright
[DDPG] Resetting Environment
[DDPG] Quadruped Not Upright
[DDPG] Resetting Environment
[DDPG] Quadruped Not Upright
[DDPG] Resetting Environment
[DDPG] Quadruped Not Upright
[ARS] Step 16 Reward -31.14058 Time 302.94569
[DDPG] Resetting Environment
[DDPG] Quadruped Not Upright
[DDPG] Resetting Environment
[DDPG] Quadruped Not Upright
[DDPG] Resetting Environment
[DDPG] Quadruped Not Upright
[DDPG] Resetting Environment
[DDPG] Quadruped Not Upright
[DDPG] Resetting Environment
[DDPG] Quadruped Not Upright
[DDPG] Resetting Environment
[DDPG] Quadruped Not Upright
[DDPG] Resetting Environment
[DDPG] Quadruped Not Upright
[DDPG] Resetting Environment
[DDPG] Quadruped Not Upright
[DDPG] Resetting Environment
[DDPG] Quadruped Not Upright
[DDPG] Resetting Environment
[DDPG] Quadruped Not Upright
[DDPG] Resetting Environment
[DDPG] Quadruped Not Upright
[DDPG] Resetting Environment
[DDPG] Quadruped Not Upright
[DDPG] Resetting Environment
[DDPG] Quadruped Not Upright
[DDPG] Resetting Environment
[DDPG] Quadruped Not Upright
[DDPG] Resetting Environment
[DDPG] Quadruped Not Upright
[DDPG] Resetting Environment
[DDPG] Quadruped Not Upright
[DDPG] Resetting Environment
[DDPG] Quadruped Not Upright
[DDPG] Resetting Environment
[DDPG] Quadruped Not Upright
[DDPG] Resetting Environment
[DDPG] Quadruped Not Upright
[DDPG] Resetting Environment
[DDPG] Quadruped Not Upright
[DDPG] Resetting Environment
[DDPG] Quadruped Not Upright
[DDPG] Resetting Environment
[DDPG] Quadruped Not Upright
[DDPG] Resetting Environment
[DDPG] Quadruped Not Upright
[DDPG] Resetting Environment
[DDPG] Quadruped Not Upright
[DDPG] Resetting Environment
[]
[DDPG] Error in Resetting End Training
[DDPG] Quadruped Not Upright
[ARS] Step 17 Reward -23.61011 Time 273.98031
[DDPG] Resetting Environment
[DDPG] Quadruped Not Upright
[DDPG] Resetting Environment
[DDPG] Quadruped Not Upright
[DDPG] Resetting Environment
[DDPG] Quadruped Not Upright
[DDPG] Resetting Environment
[DDPG] Quadruped Not Upright
[DDPG] Resetting Environment
[DDPG] Quadruped Not Upright
[DDPG] Resetting Environment
[DDPG] Quadruped Not Upright
[DDPG] Resetting Environment
[DDPG] Quadruped Not Upright
[DDPG] Resetting Environment
[DDPG] Quadruped Not Upright
[DDPG] Resetting Environment
[DDPG] Quadruped Not Upright
[DDPG] Resetting Environment
[DDPG] Quadruped Not Upright
[DDPG] Resetting Environment
[DDPG] Quadruped Not Upright
[DDPG] Resetting Environment
[DDPG] Quadruped Not Upright
[DDPG] Resetting Environment
[DDPG] Quadruped Not Upright
[DDPG] Resetting Environment
[DDPG] Quadruped Not Upright
[DDPG] Resetting Environment
[DDPG] Quadruped Not Upright
[DDPG] Resetting Environment
[DDPG] Quadruped Not Upright
[DDPG] Resetting Environment
[DDPG] Quadruped Not Upright
[DDPG] Resetting Environment
[DDPG] Quadruped Not Upright
[DDPG] Resetting Environment
[DDPG] Quadruped Not Upright
[DDPG] Resetting Environment
[DDPG] Quadruped Not Upright
[DDPG] Resetting Environment
[DDPG] Quadruped Not Upright
[DDPG] Resetting Environment
[DDPG] Quadruped Not Upright
[DDPG] Resetting Environment
[]
[DDPG] Error in Resetting End Training
[DDPG] Quadruped Not Upright
[DDPG] Resetting Environment
[DDPG] Quadruped Not Upright
[DDPG] Resetting Environment
[DDPG] Quadruped Not Upright
[ARS] Step 18 Reward -49.63439 Time 303.57249
[DDPG] Resetting Environment
[DDPG] Quadruped Not Upright
[DDPG] Resetting Environment
[DDPG] Quadruped Not Upright
[DDPG] Resetting Environment
[DDPG] Quadruped Not Upright
[DDPG] Resetting Environment
[DDPG] Quadruped Not Upright
[DDPG] Resetting Environment
[DDPG] Quadruped Not Upright
[DDPG] Resetting Environment
[DDPG] Quadruped Not Upright
[DDPG] Resetting Environment
[DDPG] Quadruped Not Upright
[DDPG] Resetting Environment
[DDPG] Quadruped Not Upright
[DDPG] Resetting Environment
[DDPG] Quadruped Not Upright
[DDPG] Resetting Environment
[DDPG] Quadruped Not Upright
[DDPG] Resetting Environment
[DDPG] Quadruped Not Upright
[DDPG] Resetting Environment
[DDPG] Quadruped Not Upright
[DDPG] Resetting Environment
[DDPG] Quadruped Not Upright
[DDPG] Resetting Environment
[DDPG] Quadruped Not Upright
[DDPG] Resetting Environment
[DDPG] Quadruped Not Upright
[DDPG] Resetting Environment
[DDPG] Quadruped Not Upright
[DDPG] Resetting Environment
[DDPG] Quadruped Not Upright
[DDPG] Resetting Environment
[DDPG] Quadruped Not Upright
[DDPG] Resetting Environment
[DDPG] Quadruped Not Upright
[DDPG] Resetting Environment
[DDPG] Quadruped Not Upright
[DDPG] Resetting Environment
[DDPG] Quadruped Not Upright
[DDPG] Resetting Environment
[DDPG] Quadruped Not Upright
[DDPG] Resetting Environment
[DDPG] Quadruped Not Upright
[DDPG] Resetting Environment
[DDPG] Quadruped Not Upright
[DDPG] Resetting Environment
[DDPG] Quadruped Not Upright
[ARS] Step 19 Reward -40.47956 Time 289.86782
[DDPG] Resetting Environment
[DDPG] Quadruped Not Upright
[DDPG] Resetting Environment
[DDPG] Quadruped Not Upright
[DDPG] Resetting Environment
[DDPG] Quadruped Not Upright
[DDPG] Resetting Environment
[DDPG] Quadruped Not Upright
[DDPG] Resetting Environment
[DDPG] Quadruped Not Upright
[DDPG] Resetting Environment
[DDPG] Quadruped Not Upright
[DDPG] Resetting Environment
[DDPG] Quadruped Not Upright
[DDPG] Resetting Environment
[DDPG] Quadruped Not Upright
[DDPG] Resetting Environment
[DDPG] Quadruped Not Upright
[DDPG] Resetting Environment
[DDPG] Quadruped Not Upright
[DDPG] Resetting Environment
[DDPG] Quadruped Not Upright
[DDPG] Resetting Environment
[DDPG] Quadruped Not Upright
[DDPG] Resetting Environment
[DDPG] Quadruped Not Upright
[DDPG] Resetting Environment
[DDPG] Quadruped Not Upright
[DDPG] Resetting Environment
[DDPG] Quadruped Not Upright
[DDPG] Resetting Environment
[DDPG] Quadruped Not Upright
[DDPG] Resetting Environment
[DDPG] Quadruped Not Upright
[DDPG] Resetting Environment
[DDPG] Quadruped Not Upright
[DDPG] Resetting Environment
[DDPG] Quadruped Not Upright
[DDPG] Resetting Environment
[DDPG] Quadruped Not Upright
[DDPG] Resetting Environment
[DDPG] Quadruped Not Upright
[DDPG] Resetting Environment
[DDPG] Quadruped Not Upright
[DDPG] Resetting Environment
[DDPG] Quadruped Not Upright
[DDPG] Resetting Environment
[DDPG] Quadruped Not Upright
[DDPG] Resetting Environment
[DDPG] Quadruped Not Upright
[ARS] Step 20 Reward -107.24944 Time 289.53132
[DDPG] Resetting Environment
[DDPG] Quadruped Not Upright
[DDPG] Resetting Environment
[DDPG] Quadruped Not Upright
[DDPG] Resetting Environment
[DDPG] Quadruped Not Upright
[DDPG] Resetting Environment
[DDPG] Quadruped Not Upright
[DDPG] Resetting Environment
[]
[DDPG] Error in Resetting End Training
[DDPG] Quadruped Not Upright
[DDPG] Resetting Environment
[DDPG] Quadruped Not Upright
[DDPG] Resetting Environment
[DDPG] Quadruped Not Upright
[DDPG] Resetting Environment
[DDPG] Quadruped Not Upright
[DDPG] Resetting Environment
[DDPG] Quadruped Not Upright
[DDPG] Resetting Environment
[DDPG] Quadruped Not Upright
[DDPG] Resetting Environment
[DDPG] Quadruped Not Upright
[DDPG] Resetting Environment
[DDPG] Quadruped Not Upright
[DDPG] Resetting Environment
[DDPG] Quadruped Not Upright
[DDPG] Resetting Environment
[DDPG] Quadruped Not Upright
[DDPG] Resetting Environment
[DDPG] Quadruped Not Upright
[DDPG] Resetting Environment
[DDPG] Quadruped Not Upright
[DDPG] Resetting Environment
[DDPG] Quadruped Not Upright
[DDPG] Resetting Environment
[DDPG] Quadruped Not Upright
[DDPG] Resetting Environment
[DDPG] Quadruped Not Upright
[DDPG] Resetting Environment
[DDPG] Quadruped Not Upright
[DDPG] Resetting Environment
[]
[DDPG] Error in Resetting End Training
[DDPG] Quadruped Not Upright
[DDPG] Resetting Environment
[DDPG] Quadruped Not Upright
[DDPG] Resetting Environment
[DDPG] Quadruped Not Upright
[DDPG] Resetting Environment
[DDPG] Quadruped Not Upright
[DDPG] Resetting Environment
[DDPG] Quadruped Not Upright
[ARS] Step 21 Reward -71.04569 Time 295.87889
[DDPG] Resetting Environment
[DDPG] Quadruped Not Upright
[DDPG] Resetting Environment
[DDPG] Quadruped Not Upright
[DDPG] Resetting Environment
[]
[DDPG] Error in Resetting End Training
[DDPG] Quadruped Not Upright
[DDPG] Resetting Environment
[DDPG] Quadruped Not Upright
[DDPG] Resetting Environment
[DDPG] Quadruped Not Upright
[DDPG] Resetting Environment
[DDPG] Quadruped Not Upright
[DDPG] Resetting Environment
[DDPG] Quadruped Not Upright
[DDPG] Resetting Environment
[DDPG] Quadruped Not Upright
[DDPG] Resetting Environment
[DDPG] Quadruped Not Upright
[DDPG] Resetting Environment
[DDPG] Quadruped Not Upright
[DDPG] Resetting Environment
[]
[DDPG] Error in Resetting End Training
[DDPG] Quadruped Not Upright
[DDPG] Resetting Environment
[DDPG] Quadruped Not Upright
[DDPG] Resetting Environment
[DDPG] Quadruped Not Upright
[DDPG] Resetting Environment
[DDPG] Quadruped Not Upright
[DDPG] Resetting Environment
[DDPG] Quadruped Not Upright
[DDPG] Resetting Environment
[DDPG] Quadruped Not Upright
[DDPG] Resetting Environment
[DDPG] Quadruped Not Upright
[DDPG] Resetting Environment
[DDPG] Quadruped Not Upright
[DDPG] Resetting Environment
[DDPG] Quadruped Not Upright
[DDPG] Resetting Environment
[DDPG] Quadruped Not Upright
[DDPG] Resetting Environment
[DDPG] Quadruped Not Upright
[DDPG] Resetting Environment
[DDPG] Quadruped Not Upright
[DDPG] Resetting Environment
[DDPG] Quadruped Not Upright
[DDPG] Resetting Environment
[DDPG] Quadruped Not Upright
[DDPG] Resetting Environment
[DDPG] Quadruped Not Upright
[ARS] Step 22 Reward -27.75530 Time 290.89265
[DDPG] Resetting Environment
[DDPG] Quadruped Not Upright
[DDPG] Resetting Environment
[]
[DDPG] Error in Resetting End Training
[DDPG] Quadruped Not Upright
[DDPG] Resetting Environment
[DDPG] Quadruped Not Upright
[DDPG] Resetting Environment
[DDPG] Quadruped Not Upright
[DDPG] Resetting Environment
[DDPG] Quadruped Not Upright
[DDPG] Resetting Environment
[DDPG] Quadruped Not Upright
[DDPG] Resetting Environment
[DDPG] Quadruped Not Upright
[DDPG] Resetting Environment
[DDPG] Quadruped Not Upright
[DDPG] Resetting Environment
[DDPG] Quadruped Not Upright
[DDPG] Resetting Environment
[DDPG] Quadruped Not Upright
[DDPG] Resetting Environment
[DDPG] Quadruped Not Upright
[DDPG] Resetting Environment
[DDPG] Quadruped Not Upright
[DDPG] Resetting Environment
[DDPG] Quadruped Not Upright
[DDPG] Resetting Environment
[]
[DDPG] Error in Resetting End Training
[DDPG] Quadruped Not Upright
[DDPG] Resetting Environment
[DDPG] Quadruped Not Upright
[DDPG] Resetting Environment
[DDPG] Quadruped Not Upright
[DDPG] Resetting Environment
[DDPG] Quadruped Not Upright
[DDPG] Resetting Environment
[DDPG] Quadruped Not Upright
[DDPG] Resetting Environment
[DDPG] Quadruped Not Upright
[DDPG] Resetting Environment
[DDPG] Quadruped Not Upright
[DDPG] Resetting Environment
[DDPG] Quadruped Not Upright
[DDPG] Resetting Environment
[DDPG] Quadruped Not Upright
[DDPG] Resetting Environment
[DDPG] Quadruped Not Upright
[DDPG] Resetting Environment
[DDPG] Quadruped Not Upright
[DDPG] Resetting Environment
[DDPG] Quadruped Not Upright
[ARS] Step 23 Reward -41.78012 Time 293.41220
[DDPG] Resetting Environment
[DDPG] Quadruped Not Upright
[DDPG] Resetting Environment
[DDPG] Quadruped Not Upright
[DDPG] Resetting Environment
[DDPG] Quadruped Not Upright
[DDPG] Resetting Environment
[DDPG] Quadruped Not Upright
[DDPG] Resetting Environment
[DDPG] Quadruped Not Upright
[DDPG] Resetting Environment
[DDPG] Quadruped Not Upright
[DDPG] Resetting Environment
[DDPG] Quadruped Not Upright
[DDPG] Resetting Environment
[DDPG] Quadruped Not Upright
[DDPG] Resetting Environment
[DDPG] Quadruped Not Upright
[DDPG] Resetting Environment
[DDPG] Quadruped Not Upright
[DDPG] Resetting Environment
[DDPG] Quadruped Not Upright
[DDPG] Resetting Environment
[DDPG] Quadruped Not Upright
[DDPG] Resetting Environment
[DDPG] Quadruped Not Upright
[DDPG] Resetting Environment
[DDPG] Quadruped Not Upright
[DDPG] Resetting Environment
[DDPG] Quadruped Not Upright
[DDPG] Resetting Environment
[DDPG] Quadruped Not Upright
[DDPG] Resetting Environment
[DDPG] Quadruped Not Upright
[DDPG] Resetting Environment
[]
[DDPG] Error in Resetting End Training
[DDPG] Quadruped Not Upright
[DDPG] Resetting Environment
[DDPG] Quadruped Not Upright
[DDPG] Resetting Environment
[DDPG] Quadruped Not Upright
[DDPG] Resetting Environment
[DDPG] Quadruped Not Upright
[DDPG] Resetting Environment
[DDPG] Quadruped Not Upright
[DDPG] Resetting Environment
[DDPG] Quadruped Not Upright
[DDPG] Resetting Environment
[DDPG] Quadruped Not Upright
[DDPG] Resetting Environment
[DDPG] Quadruped Not Upright
[ARS] Step 24 Reward -78.65694 Time 294.87998
[DDPG] Resetting Environment
[DDPG] Quadruped Not Upright
[DDPG] Resetting Environment
[DDPG] Quadruped Not Upright
[DDPG] Resetting Environment
[DDPG] Quadruped Not Upright
[DDPG] Resetting Environment
[DDPG] Quadruped Not Upright
[DDPG] Resetting Environment
[DDPG] Quadruped Not Upright
[DDPG] Resetting Environment
[DDPG] Quadruped Not Upright
[DDPG] Resetting Environment
[DDPG] Quadruped Not Upright
[DDPG] Resetting Environment
[DDPG] Quadruped Not Upright
[DDPG] Resetting Environment
[DDPG] Quadruped Not Upright
[DDPG] Resetting Environment
[DDPG] Quadruped Not Upright
[DDPG] Resetting Environment
[DDPG] Quadruped Not Upright
[DDPG] Resetting Environment
[DDPG] Quadruped Not Upright
[DDPG] Resetting Environment
[DDPG] Quadruped Not Upright
[DDPG] Resetting Environment
[DDPG] Quadruped Not Upright
[DDPG] Resetting Environment
[DDPG] Quadruped Not Upright
[DDPG] Resetting Environment
[DDPG] Quadruped Not Upright
[DDPG] Resetting Environment
[DDPG] Quadruped Not Upright
[DDPG] Resetting Environment
[DDPG] Quadruped Not Upright
[DDPG] Resetting Environment
[DDPG] Quadruped Not Upright
[DDPG] Resetting Environment
[DDPG] Quadruped Not Upright
[DDPG] Resetting Environment
[DDPG] Quadruped Not Upright
[DDPG] Resetting Environment
[DDPG] Quadruped Not Upright
[DDPG] Resetting Environment
[]
[DDPG] Error in Resetting End Training
[DDPG] Quadruped Not Upright
[DDPG] Resetting Environment
[DDPG] Quadruped Not Upright
[DDPG] Resetting Environment
[DDPG] Quadruped Not Upright
[ARS] Step 25 Reward -37.39647 Time 284.18873
[ARS] Saving Model
[DDPG] Resetting Environment
[DDPG] Quadruped Not Upright
[DDPG] Resetting Environment
[DDPG] Quadruped Not Upright
[DDPG] Resetting Environment
[DDPG] Quadruped Not Upright
[DDPG] Resetting Environment
[DDPG] Quadruped Not Upright
[DDPG] Resetting Environment
[DDPG] Quadruped Not Upright
[DDPG] Resetting Environment
[DDPG] Quadruped Not Upright
[DDPG] Resetting Environment
[DDPG] Quadruped Not Upright
[DDPG] Resetting Environment
[DDPG] Quadruped Not Upright
[DDPG] Resetting Environment
[DDPG] Quadruped Not Upright
[DDPG] Resetting Environment
[DDPG] Quadruped Not Upright
[DDPG] Resetting Environment
[DDPG] Quadruped Not Upright
[DDPG] Resetting Environment
[DDPG] Quadruped Not Upright
[DDPG] Resetting Environment
[DDPG] Quadruped Not Upright
[DDPG] Resetting Environment
[DDPG] Quadruped Not Upright
[DDPG] Resetting Environment
[DDPG] Quadruped Not Upright
[DDPG] Resetting Environment
[DDPG] Quadruped Not Upright
[DDPG] Resetting Environment
[DDPG] Quadruped Not Upright
[DDPG] Resetting Environment
[DDPG] Quadruped Not Upright
[DDPG] Resetting Environment
[DDPG] Quadruped Not Upright
[DDPG] Resetting Environment
[DDPG] Quadruped Not Upright
[DDPG] Resetting Environment
[DDPG] Quadruped Not Upright
[DDPG] Resetting Environment
[DDPG] Quadruped Not Upright
[DDPG] Resetting Environment
[DDPG] Quadruped Not Upright
[DDPG] Resetting Environment
[DDPG] Quadruped Not Upright
[DDPG] Resetting Environment
[]
[DDPG] Error in Resetting End Training
[DDPG] Quadruped Not Upright
[ARS] Step 26 Reward -24.43857 Time 315.74261
[DDPG] Resetting Environment
[DDPG] Quadruped Not Upright
[DDPG] Resetting Environment
[DDPG] Quadruped Not Upright
[DDPG] Resetting Environment
[DDPG] Quadruped Not Upright
[DDPG] Resetting Environment
[DDPG] Quadruped Not Upright
[DDPG] Resetting Environment
[DDPG] Quadruped Not Upright
[DDPG] Resetting Environment
[DDPG] Quadruped Not Upright
[DDPG] Resetting Environment
[]
[DDPG] Error in Resetting End Training
[DDPG] Quadruped Not Upright
[DDPG] Resetting Environment
[DDPG] Quadruped Not Upright
[DDPG] Resetting Environment
[DDPG] Quadruped Not Upright
[DDPG] Resetting Environment
[DDPG] Quadruped Not Upright
[DDPG] Resetting Environment
[DDPG] Quadruped Not Upright
[DDPG] Resetting Environment
[DDPG] Quadruped Not Upright
[DDPG] Resetting Environment
[DDPG] Quadruped Not Upright
[DDPG] Resetting Environment
[DDPG] Quadruped Not Upright
[DDPG] Resetting Environment
[]
[DDPG] Error in Resetting End Training
[DDPG] Quadruped Not Upright
[DDPG] Resetting Environment
[DDPG] Quadruped Not Upright
[DDPG] Resetting Environment
[]
[DDPG] Error in Resetting End Training
[DDPG] Quadruped Not Upright
[DDPG] Resetting Environment
[DDPG] Quadruped Not Upright
[DDPG] Resetting Environment
[DDPG] Quadruped Not Upright
[DDPG] Resetting Environment
[]
[DDPG] Error in Resetting End Training
[DDPG] Quadruped Not Upright
[DDPG] Resetting Environment
[DDPG] Quadruped Not Upright
[DDPG] Resetting Environment
[DDPG] Quadruped Not Upright
[DDPG] Resetting Environment
[DDPG] Quadruped Not Upright
[DDPG] Resetting Environment
[DDPG] Quadruped Not Upright
[DDPG] Resetting Environment
[DDPG] Quadruped Not Upright
[ARS] Step 27 Reward -26.37494 Time 278.77547
[DDPG] Resetting Environment
[DDPG] Quadruped Not Upright
[DDPG] Resetting Environment
[DDPG] Quadruped Not Upright
[DDPG] Resetting Environment
[DDPG] Quadruped Not Upright
[DDPG] Resetting Environment
[DDPG] Quadruped Not Upright
[DDPG] Resetting Environment
[DDPG] Quadruped Not Upright
[DDPG] Resetting Environment
[DDPG] Quadruped Not Upright
[DDPG] Resetting Environment
[DDPG] Quadruped Not Upright
[DDPG] Resetting Environment
[DDPG] Quadruped Not Upright
[DDPG] Resetting Environment
[DDPG] Quadruped Not Upright
[DDPG] Resetting Environment
[]
[DDPG] Error in Resetting End Training
[DDPG] Quadruped Not Upright
[DDPG] Resetting Environment
[DDPG] Quadruped Not Upright
[DDPG] Resetting Environment
[DDPG] Quadruped Not Upright
[DDPG] Resetting Environment
[DDPG] Quadruped Not Upright
[DDPG] Resetting Environment
[DDPG] Quadruped Not Upright
[DDPG] Resetting Environment
[DDPG] Quadruped Not Upright
[DDPG] Resetting Environment
[DDPG] Quadruped Not Upright
[DDPG] Resetting Environment
[DDPG] Quadruped Not Upright
[DDPG] Resetting Environment
[DDPG] Quadruped Not Upright
[DDPG] Resetting Environment
[DDPG] Quadruped Not Upright
[DDPG] Resetting Environment
[DDPG] Quadruped Not Upright
[DDPG] Resetting Environment
[DDPG] Quadruped Not Upright
[DDPG] Resetting Environment
[DDPG] Quadruped Not Upright
[DDPG] Resetting Environment
[DDPG] Quadruped Not Upright
[DDPG] Resetting Environment
[DDPG] Quadruped Not Upright
[DDPG] Resetting Environment
[DDPG] Quadruped Not Upright
[ARS] Step 28 Reward -138.89680 Time 343.90279
[DDPG] Resetting Environment
[DDPG] Quadruped Not Upright
[DDPG] Resetting Environment
[DDPG] Quadruped Not Upright
[DDPG] Resetting Environment
[DDPG] Quadruped Not Upright
[DDPG] Resetting Environment
[DDPG] Quadruped Not Upright
[DDPG] Resetting Environment
[DDPG] Quadruped Not Upright
[DDPG] Resetting Environment
[DDPG] Quadruped Not Upright
[DDPG] Resetting Environment
[DDPG] Quadruped Not Upright
[DDPG] Resetting Environment
[DDPG] Quadruped Not Upright
[DDPG] Resetting Environment
[DDPG] Quadruped Not Upright
[DDPG] Resetting Environment
[DDPG] Quadruped Not Upright
[DDPG] Resetting Environment
[DDPG] Quadruped Not Upright
[DDPG] Resetting Environment
[DDPG] Quadruped Not Upright
[DDPG] Resetting Environment
[DDPG] Quadruped Not Upright
[DDPG] Resetting Environment
[DDPG] Quadruped Not Upright
[DDPG] Resetting Environment
[DDPG] Quadruped Not Upright
[DDPG] Resetting Environment
[DDPG] Quadruped Not Upright
[DDPG] Resetting Environment
[DDPG] Quadruped Not Upright
[DDPG] Resetting Environment
[DDPG] Quadruped Not Upright
[DDPG] Resetting Environment
[DDPG] Quadruped Not Upright
[DDPG] Resetting Environment
[DDPG] Quadruped Not Upright
[DDPG] Resetting Environment
[DDPG] Quadruped Not Upright
[DDPG] Resetting Environment
[DDPG] Quadruped Not Upright
[DDPG] Resetting Environment
[DDPG] Quadruped Not Upright
[DDPG] Resetting Environment
[DDPG] Quadruped Not Upright
[DDPG] Resetting Environment
[DDPG] Quadruped Not Upright
[ARS] Step 29 Reward -52.93993 Time 306.88048
[DDPG] Resetting Environment
[DDPG] Quadruped Not Upright
[DDPG] Resetting Environment
[]
[DDPG] Error in Resetting End Training
[DDPG] Quadruped Not Upright
[DDPG] Resetting Environment
[DDPG] Quadruped Not Upright
[DDPG] Resetting Environment
[DDPG] Quadruped Not Upright
[DDPG] Resetting Environment
[DDPG] Quadruped Not Upright
[DDPG] Resetting Environment
[DDPG] Quadruped Not Upright
[DDPG] Resetting Environment
[DDPG] Quadruped Not Upright
[DDPG] Resetting Environment
[DDPG] Quadruped Not Upright
[DDPG] Resetting Environment
[DDPG] Quadruped Not Upright
[DDPG] Resetting Environment
[DDPG] Quadruped Not Upright
[DDPG] Resetting Environment
[]
[DDPG] Error in Resetting End Training
[DDPG] Quadruped Not Upright
[DDPG] Resetting Environment
[DDPG] Quadruped Not Upright
[DDPG] Resetting Environment
[DDPG] Quadruped Not Upright
[DDPG] Resetting Environment
[]
[DDPG] Error in Resetting End Training
[DDPG] Quadruped Not Upright
[DDPG] Resetting Environment
[DDPG] Quadruped Not Upright
[DDPG] Resetting Environment
[DDPG] Quadruped Not Upright
[DDPG] Resetting Environment
[DDPG] Quadruped Not Upright
[DDPG] Resetting Environment
[DDPG] Quadruped Not Upright
[DDPG] Resetting Environment
[DDPG] Quadruped Not Upright
[DDPG] Resetting Environment
[DDPG] Quadruped Not Upright
[DDPG] Resetting Environment
[DDPG] Quadruped Not Upright
[DDPG] Resetting Environment
[DDPG] Quadruped Not Upright
[DDPG] Resetting Environment
[DDPG] Quadruped Not Upright
[DDPG] Resetting Environment
[DDPG] Quadruped Not Upright
[DDPG] Resetting Environment
[DDPG] Quadruped Not Upright
[ARS] Step 30 Reward -28.39222 Time 274.60952
[DDPG] Resetting Environment
[DDPG] Quadruped Not Upright
[DDPG] Resetting Environment
[DDPG] Quadruped Not Upright
[DDPG] Resetting Environment
[DDPG] Quadruped Not Upright
[DDPG] Resetting Environment
[DDPG] Quadruped Not Upright
[DDPG] Resetting Environment
[DDPG] Quadruped Not Upright
[DDPG] Resetting Environment
[DDPG] Quadruped Not Upright
[DDPG] Resetting Environment
[DDPG] Quadruped Not Upright
[DDPG] Resetting Environment
[DDPG] Quadruped Not Upright
[DDPG] Resetting Environment
[]
[DDPG] Error in Resetting End Training
[DDPG] Quadruped Not Upright
[DDPG] Resetting Environment
[DDPG] Quadruped Not Upright
[DDPG] Resetting Environment
[DDPG] Quadruped Not Upright
[DDPG] Resetting Environment
[DDPG] Quadruped Not Upright
[DDPG] Resetting Environment
[DDPG] Quadruped Not Upright
[DDPG] Resetting Environment
[DDPG] Quadruped Not Upright
[DDPG] Resetting Environment
[DDPG] Quadruped Not Upright
[DDPG] Resetting Environment
[DDPG] Quadruped Not Upright
[DDPG] Resetting Environment
[DDPG] Quadruped Not Upright
[DDPG] Resetting Environment
[DDPG] Quadruped Not Upright
[DDPG] Resetting Environment
[DDPG] Quadruped Not Upright
[DDPG] Resetting Environment
[DDPG] Quadruped Not Upright
[DDPG] Resetting Environment
[DDPG] Quadruped Not Upright
[DDPG] Resetting Environment
[DDPG] Quadruped Not Upright
[DDPG] Resetting Environment
[]
[DDPG] Error in Resetting End Training
[DDPG] Quadruped Not Upright
[DDPG] Resetting Environment
[DDPG] Quadruped Not Upright
[DDPG] Resetting Environment
[DDPG] Quadruped Not Upright
[ARS] Step 31 Reward -56.78663 Time 402.94375
[DDPG] Resetting Environment
