2021-04-12 11:14:45.941570: I tensorflow/stream_executor/platform/default/dso_loader.cc:49] Successfully opened dynamic library libcudart.so.11.0
Unable to init server: Could not connect: Connection refused
Unable to init server: Could not connect: Connection refused

(learn.py:20572): Gdk-CRITICAL **: 11:15:06.819: gdk_cursor_new_for_display: assertion 'GDK_IS_DISPLAY (display)' failed
2021-04-12 11:15:08.407383: I tensorflow/compiler/jit/xla_cpu_device.cc:41] Not creating XLA devices, tf_xla_enable_xla_devices not set
2021-04-12 11:15:08.417165: I tensorflow/stream_executor/platform/default/dso_loader.cc:49] Successfully opened dynamic library libcuda.so.1
2021-04-12 11:15:08.526052: I tensorflow/stream_executor/cuda/cuda_gpu_executor.cc:941] successful NUMA node read from SysFS had negative value (-1), but there must be at least one NUMA node, so returning NUMA node zero
2021-04-12 11:15:08.529435: I tensorflow/core/common_runtime/gpu/gpu_device.cc:1720] Found device 0 with properties: 
pciBusID: 0000:00:1e.0 name: Tesla T4 computeCapability: 7.5
coreClock: 1.59GHz coreCount: 40 deviceMemorySize: 14.75GiB deviceMemoryBandwidth: 298.08GiB/s
2021-04-12 11:15:08.530291: I tensorflow/stream_executor/platform/default/dso_loader.cc:49] Successfully opened dynamic library libcudart.so.11.0
2021-04-12 11:15:08.554779: I tensorflow/stream_executor/platform/default/dso_loader.cc:49] Successfully opened dynamic library libcublas.so.11
2021-04-12 11:15:08.555130: I tensorflow/stream_executor/platform/default/dso_loader.cc:49] Successfully opened dynamic library libcublasLt.so.11
2021-04-12 11:15:08.564570: I tensorflow/stream_executor/platform/default/dso_loader.cc:49] Successfully opened dynamic library libcufft.so.10
2021-04-12 11:15:08.567821: I tensorflow/stream_executor/platform/default/dso_loader.cc:49] Successfully opened dynamic library libcurand.so.10
2021-04-12 11:15:08.594355: I tensorflow/stream_executor/platform/default/dso_loader.cc:49] Successfully opened dynamic library libcusolver.so.10
2021-04-12 11:15:08.602867: I tensorflow/stream_executor/platform/default/dso_loader.cc:49] Successfully opened dynamic library libcusparse.so.11
2021-04-12 11:15:08.606402: I tensorflow/stream_executor/platform/default/dso_loader.cc:49] Successfully opened dynamic library libcudnn.so.8
2021-04-12 11:15:08.607041: I tensorflow/stream_executor/cuda/cuda_gpu_executor.cc:941] successful NUMA node read from SysFS had negative value (-1), but there must be at least one NUMA node, so returning NUMA node zero
2021-04-12 11:15:08.614127: I tensorflow/stream_executor/cuda/cuda_gpu_executor.cc:941] successful NUMA node read from SysFS had negative value (-1), but there must be at least one NUMA node, so returning NUMA node zero
2021-04-12 11:15:08.619249: I tensorflow/core/common_runtime/gpu/gpu_device.cc:1862] Adding visible gpu devices: 0
[DDPG] Building the actor model
2021-04-12 11:15:08.742395: I tensorflow/core/platform/cpu_feature_guard.cc:142] This TensorFlow binary is optimized with oneAPI Deep Neural Network Library (oneDNN) to use the following CPU instructions in performance-critical operations:  AVX2 AVX512F FMA
To enable them in other operations, rebuild TensorFlow with the appropriate compiler flags.
2021-04-12 11:15:08.746543: I tensorflow/compiler/jit/xla_gpu_device.cc:99] Not creating XLA devices, tf_xla_enable_xla_devices not set
2021-04-12 11:15:08.747762: I tensorflow/stream_executor/cuda/cuda_gpu_executor.cc:941] successful NUMA node read from SysFS had negative value (-1), but there must be at least one NUMA node, so returning NUMA node zero
2021-04-12 11:15:08.757178: I tensorflow/core/common_runtime/gpu/gpu_device.cc:1720] Found device 0 with properties: 
pciBusID: 0000:00:1e.0 name: Tesla T4 computeCapability: 7.5
coreClock: 1.59GHz coreCount: 40 deviceMemorySize: 14.75GiB deviceMemoryBandwidth: 298.08GiB/s
2021-04-12 11:15:08.758487: I tensorflow/stream_executor/platform/default/dso_loader.cc:49] Successfully opened dynamic library libcudart.so.11.0
2021-04-12 11:15:08.759592: I tensorflow/stream_executor/platform/default/dso_loader.cc:49] Successfully opened dynamic library libcublas.so.11
2021-04-12 11:15:08.760482: I tensorflow/stream_executor/platform/default/dso_loader.cc:49] Successfully opened dynamic library libcublasLt.so.11
2021-04-12 11:15:08.761896: I tensorflow/stream_executor/platform/default/dso_loader.cc:49] Successfully opened dynamic library libcufft.so.10
2021-04-12 11:15:08.764514: I tensorflow/stream_executor/platform/default/dso_loader.cc:49] Successfully opened dynamic library libcurand.so.10
2021-04-12 11:15:08.765042: I tensorflow/stream_executor/platform/default/dso_loader.cc:49] Successfully opened dynamic library libcusolver.so.10
2021-04-12 11:15:08.765680: I tensorflow/stream_executor/platform/default/dso_loader.cc:49] Successfully opened dynamic library libcusparse.so.11
2021-04-12 11:15:08.766517: I tensorflow/stream_executor/platform/default/dso_loader.cc:49] Successfully opened dynamic library libcudnn.so.8
2021-04-12 11:15:08.768328: I tensorflow/stream_executor/cuda/cuda_gpu_executor.cc:941] successful NUMA node read from SysFS had negative value (-1), but there must be at least one NUMA node, so returning NUMA node zero
2021-04-12 11:15:08.778381: I tensorflow/stream_executor/cuda/cuda_gpu_executor.cc:941] successful NUMA node read from SysFS had negative value (-1), but there must be at least one NUMA node, so returning NUMA node zero
2021-04-12 11:15:08.784195: I tensorflow/core/common_runtime/gpu/gpu_device.cc:1862] Adding visible gpu devices: 0
2021-04-12 11:15:08.785007: I tensorflow/stream_executor/platform/default/dso_loader.cc:49] Successfully opened dynamic library libcudart.so.11.0
2021-04-12 11:15:15.135544: I tensorflow/core/common_runtime/gpu/gpu_device.cc:1261] Device interconnect StreamExecutor with strength 1 edge matrix:
2021-04-12 11:15:15.135591: I tensorflow/core/common_runtime/gpu/gpu_device.cc:1267]      0 
2021-04-12 11:15:15.135604: I tensorflow/core/common_runtime/gpu/gpu_device.cc:1280] 0:   N 
2021-04-12 11:15:15.136342: I tensorflow/stream_executor/cuda/cuda_gpu_executor.cc:941] successful NUMA node read from SysFS had negative value (-1), but there must be at least one NUMA node, so returning NUMA node zero
2021-04-12 11:15:15.137806: I tensorflow/stream_executor/cuda/cuda_gpu_executor.cc:941] successful NUMA node read from SysFS had negative value (-1), but there must be at least one NUMA node, so returning NUMA node zero
2021-04-12 11:15:15.139715: I tensorflow/stream_executor/cuda/cuda_gpu_executor.cc:941] successful NUMA node read from SysFS had negative value (-1), but there must be at least one NUMA node, so returning NUMA node zero
2021-04-12 11:15:15.141414: I tensorflow/core/common_runtime/gpu/gpu_device.cc:1406] Created TensorFlow device (/job:localhost/replica:0/task:0/device:GPU:0 with 12030 MB memory) -> physical GPU (device: 0, name: Tesla T4, pci bus id: 0000:00:1e.0, compute capability: 7.5)
[DDPG] Building the actor model
[DDPG] Building the critic model
[DDPG] Building the critic model
[DDPG] Waiting for joint trajectory action
[DDPG] Found joint trajectory action!
[DDPG] Waiting for joint trajectory action
[DDPG] Found joint trajectory action!
[DDPG] Waiting for joint trajectory action
[DDPG] Found joint trajectory action!
[DDPG] Waiting for joint trajectory action
[DDPG] Found joint trajectory action!
[0m[ INFO] [1618226141.559704891, 6.979000000]: Loading robot model 'quadruped'...[0m
[0m[ INFO] [1618226141.563548883, 6.979000000]: No root/virtual joint specified in SRDF. Assuming fixed joint[0m
[33m[ WARN] [1618226141.564335427, 6.979000000]: Link dummy_link has visual geometry but no collision geometry. Collision geometry will be left empty. Fix your URDF file by explicitly specifying collision geometry.[0m
[0m[ INFO] [1618226143.334008017, 7.325000000]: Ready to take commands for planning group front_right_leg.[0m
[0m[ INFO] [1618226147.402024971, 8.000000000]: Ready to take commands for planning group front_left_leg.[0m
[0m[ INFO] [1618226150.978768966, 8.800000000]: Ready to take commands for planning group back_right_leg.[0m
[0m[ INFO] [1618226154.578208772, 9.600000000]: Ready to take commands for planning group back_left_leg.[0m
[Actor] GPU>>>>>>>>>>>>
[Actor] [PhysicalDevice(name='/physical_device:GPU:0', device_type='GPU')]
[DDPG] Loading Actor Weights
[DDPG] Initializing PER
[DDPG] Training Start
[DDPG] Resetting Environment
[DDPG] Starting Pretraining Test
2021-04-12 11:17:43.249306: I tensorflow/stream_executor/platform/default/dso_loader.cc:49] Successfully opened dynamic library libcublas.so.11
2021-04-12 11:17:48.986196: I tensorflow/stream_executor/platform/default/dso_loader.cc:49] Successfully opened dynamic library libcublasLt.so.11
[DDPG] Step 0 Reward 48.89767 Time 7.32146
[DDPG] Step 1 Reward 48.71061 Time 1.64565
[DDPG] Step 2 Reward -5.84185 Time 1.43501
[DDPG] Floating Point Error in reward computation
[DDPG] Resetting Environment
[DDPG] Starting Episode 0
[DDPG] Episode 0 Step 0 Reward -5.35142 Time 1.07516
[DDPG] Quadruped Not Upright
[DDPG] Episode 0 Step 1 Reward -15.25676 Time 1.33941
[DDPG] Starting Next Episode
[DDPG] Critic Loss 35.228057861328125
[DDPG] Total Reward -20.60818 Avg Critic Loss 35.22806 Time 2.25729
[DDPG] Saving Data
[DDPG] Saving Model
[DDPG] Resetting Environment
[DDPG] Starting Episode 1
[DDPG] Episode 1 Step 0 Reward -5.92015 Time 1.58916
[DDPG] Episode 1 Step 1 Reward -0.24812 Time 1.62660
[DDPG] Floating Point Error in reward computation
[DDPG] Critic Loss 18.023433685302734
[DDPG] Total Reward -6.16826 Avg Critic Loss 18.02343 Time 2.40804
[DDPG] Resetting Environment
[DDPG] Starting Episode 2
[DDPG] Episode 2 Step 0 Reward -5.79010 Time 1.37058
[DDPG] Episode 2 Step 1 Reward -5.37500 Time 1.32828
[DDPG] Quadruped Not Upright
[DDPG] Episode 2 Step 2 Reward -15.25802 Time 1.45291
[DDPG] Starting Next Episode
[DDPG] Critic Loss 43.96460723876953
[DDPG] Total Reward -26.42313 Avg Critic Loss 43.96461 Time 2.34718
[DDPG] Resetting Environment
[DDPG] Starting Episode 3
[DDPG] Episode 3 Step 0 Reward -5.39522 Time 1.27309
[DDPG] Episode 3 Step 1 Reward -5.04187 Time 1.67027
[DDPG] Quadruped Not Upright
[DDPG] Episode 3 Step 2 Reward -15.92602 Time 1.65365
[DDPG] Starting Next Episode
[DDPG] Critic Loss 89.38710021972656
[DDPG] Total Reward -26.36311 Avg Critic Loss 89.38710 Time 2.08985
[DDPG] Resetting Environment
[DDPG] Starting Episode 4
[DDPG] Episode 4 Step 0 Reward -0.19783 Time 2.10116
[DDPG] Episode 4 Step 1 Reward -0.13457 Time 1.70733
[DDPG] Quadruped Not Upright
[DDPG] Episode 4 Step 2 Reward -15.53719 Time 1.62534
[DDPG] Starting Next Episode
[DDPG] Critic Loss 54.007205963134766
[DDPG] Total Reward -15.86960 Avg Critic Loss 54.00721 Time 3.53209
[DDPG] Resetting Environment
[DDPG] Starting Episode 5
[DDPG] Episode 5 Step 0 Reward -5.54505 Time 2.32320
[DDPG] Episode 5 Step 1 Reward -5.15173 Time 1.74724
[DDPG] Episode 5 Step 2 Reward -5.10164 Time 1.83507
[DDPG] Episode 5 Step 3 Reward -5.20080 Time 1.73588
[DDPG] Floating Point Error in reward computation
[DDPG] Critic Loss 87.7992172241211
[DDPG] Total Reward -20.99922 Avg Critic Loss 87.79922 Time 4.02742
[DDPG] Resetting Environment
[DDPG] Starting Episode 6
[DDPG] Episode 6 Step 0 Reward -0.22940 Time 1.84399
[DDPG] Episode 6 Step 1 Reward -5.12753 Time 1.71743
[DDPG] Episode 6 Step 2 Reward -5.69397 Time 1.45054
[DDPG] Quadruped Not Upright
[DDPG] Episode 6 Step 3 Reward -15.33486 Time 1.27560
[DDPG] Starting Next Episode
[DDPG] Critic Loss 76.4252700805664
[DDPG] Total Reward -26.38576 Avg Critic Loss 76.42527 Time 4.79618
[DDPG] Resetting Environment
[DDPG] Starting Episode 7
[DDPG] Episode 7 Step 0 Reward -6.01498 Time 2.10409
[DDPG] Episode 7 Step 1 Reward -5.23317 Time 1.50879
[DDPG] Episode 7 Step 2 Reward -5.58203 Time 1.46402
[DDPG] Quadruped Not Upright
[DDPG] Episode 7 Step 3 Reward -11.05304 Time 1.02210
[DDPG] Starting Next Episode
[DDPG] Critic Loss 70.919189453125
[DDPG] Total Reward -27.88322 Avg Critic Loss 70.91919 Time 4.76754
[DDPG] Resetting Environment
[DDPG] Starting Episode 8
[DDPG] Episode 8 Step 0 Reward -5.27031 Time 1.78251
[DDPG] Episode 8 Step 1 Reward -5.11887 Time 1.67836
[DDPG] Episode 8 Step 2 Reward -5.58568 Time 1.87180
[DDPG] Quadruped Not Upright
[DDPG] Episode 8 Step 3 Reward -15.68558 Time 1.55145
[DDPG] Starting Next Episode
[DDPG] Critic Loss 49.68131637573242
[DDPG] Total Reward -31.66043 Avg Critic Loss 49.68132 Time 6.05719
[DDPG] Resetting Environment
[DDPG] Starting Episode 9
[DDPG] Episode 9 Step 0 Reward -5.61147 Time 2.05477
[DDPG] Quadruped Not Upright
[DDPG] Episode 9 Step 1 Reward -15.42481 Time 1.86053
[DDPG] Starting Next Episode
[DDPG] Critic Loss 55.74990463256836
[DDPG] Total Reward -21.03628 Avg Critic Loss 55.74990 Time 7.28698
[DDPG] Resetting Environment
[DDPG] Starting Episode 10
[DDPG] Episode 10 Step 0 Reward -5.48779 Time 2.10589
[DDPG] Quadruped Not Upright
[DDPG] Episode 10 Step 1 Reward -15.63470 Time 1.56782
[DDPG] Starting Next Episode
[DDPG] Critic Loss 73.84457397460938
[DDPG] Total Reward -21.12249 Avg Critic Loss 73.84457 Time 6.02662
[DDPG] Resetting Environment
[DDPG] Starting Episode 11
[DDPG] Quadruped Not Upright
[DDPG] Episode 11 Step 0 Reward -16.01261 Time 1.66433
[DDPG] Starting Next Episode
[DDPG] Critic Loss 98.78545379638672
[DDPG] Total Reward -16.01261 Avg Critic Loss 98.78545 Time 7.58053
[DDPG] Resetting Environment
[DDPG] Starting Episode 12
[DDPG] Episode 12 Step 0 Reward -0.56976 Time 1.79039
[DDPG] Episode 12 Step 1 Reward -5.09927 Time 1.63347
[DDPG] Quadruped Not Upright
[DDPG] Episode 12 Step 2 Reward -15.54892 Time 1.81054
[DDPG] Starting Next Episode
[DDPG] Critic Loss 90.4811019897461
[DDPG] Total Reward -21.21795 Avg Critic Loss 90.48110 Time 7.67545
[DDPG] Resetting Environment
[DDPG] Starting Episode 13
[DDPG] Episode 13 Step 0 Reward -5.65023 Time 2.22115
[DDPG] Episode 13 Step 1 Reward -5.33295 Time 1.93653
[DDPG] Quadruped Not Upright
[DDPG] Episode 13 Step 2 Reward -10.88374 Time 1.89186
[DDPG] Starting Next Episode
[DDPG] Critic Loss 65.60381317138672
[DDPG] Total Reward -21.86692 Avg Critic Loss 65.60381 Time 9.37969
[DDPG] Resetting Environment
[DDPG] Starting Episode 14
[DDPG] Episode 14 Step 0 Reward -5.32569 Time 1.99614
[DDPG] Episode 14 Step 1 Reward -5.29366 Time 2.28464
[DDPG] Floating Point Error in reward computation
[DDPG] Critic Loss 112.35860443115234
[DDPG] Total Reward -10.61935 Avg Critic Loss 112.35860 Time 8.30218
[DDPG] Resetting Environment
[DDPG] Starting Episode 15
[DDPG] Episode 15 Step 0 Reward -5.86654 Time 1.99734
[DDPG] Episode 15 Step 1 Reward -6.03463 Time 2.01924
[DDPG] Quadruped Not Upright
[DDPG] Episode 15 Step 2 Reward -16.12770 Time 2.49513
[DDPG] Starting Next Episode
[DDPG] Critic Loss 64.34961700439453
[DDPG] Total Reward -28.02887 Avg Critic Loss 64.34962 Time 9.81645
[DDPG] Resetting Environment
[DDPG] Starting Episode 16
[DDPG] Episode 16 Step 0 Reward -5.68175 Time 2.23064
[DDPG] Episode 16 Step 1 Reward -5.23663 Time 1.92205
[DDPG] Episode 16 Step 2 Reward -6.01802 Time 1.88926
[DDPG] Quadruped Not Upright
[DDPG] Episode 16 Step 3 Reward -15.69551 Time 2.07929
[DDPG] Starting Next Episode
[DDPG] Critic Loss 68.37213897705078
[DDPG] Total Reward -32.63191 Avg Critic Loss 68.37214 Time 9.86220
[DDPG] Resetting Environment
[DDPG] Starting Episode 17
[DDPG] Episode 17 Step 0 Reward -5.62732 Time 1.82482
[DDPG] Episode 17 Step 1 Reward -5.04698 Time 2.09118
[DDPG] Episode 17 Step 2 Reward -5.84306 Time 2.10338
[DDPG] Episode 17 Step 3 Reward -5.53489 Time 2.42770
[DDPG] Episode 17 Step 4 Reward -5.55711 Time 1.90226
[DDPG] Episode 17 Step 5 Reward -0.04538 Time 1.82576
[DDPG] Episode 17 Step 6 Reward -0.22011 Time 1.74870
[DDPG] Episode 17 Step 7 Reward -6.24122 Time 2.27755
[DDPG] Floating Point Error in reward computation
[DDPG] Critic Loss 67.50172424316406
[DDPG] Total Reward -34.11607 Avg Critic Loss 67.50172 Time 10.46099
[DDPG] Resetting Environment
[DDPG] Starting Episode 18
[DDPG] Episode 18 Step 0 Reward -6.08941 Time 1.55701
[DDPG] Quadruped Not Upright
[DDPG] Episode 18 Step 1 Reward -15.26539 Time 1.69274
[DDPG] Starting Next Episode
[DDPG] Critic Loss 69.45067596435547
[DDPG] Total Reward -21.35479 Avg Critic Loss 69.45068 Time 11.03190
[DDPG] Resetting Environment
[DDPG] Starting Episode 19
[DDPG] Episode 19 Step 0 Reward -5.44486 Time 2.23597
[DDPG] Quadruped Not Upright
[DDPG] Episode 19 Step 1 Reward -15.64022 Time 2.11247
[DDPG] Starting Next Episode
[DDPG] Critic Loss 89.12531280517578
[DDPG] Total Reward -21.08509 Avg Critic Loss 89.12531 Time 12.76559
[DDPG] Resetting Environment
[DDPG] Starting Episode 20
[DDPG] Episode 20 Step 0 Reward -5.57828 Time 2.61743
[DDPG] Episode 20 Step 1 Reward -0.50344 Time 1.98165
[DDPG] Quadruped Not Upright
[DDPG] Episode 20 Step 2 Reward -15.72769 Time 2.02543
[DDPG] Starting Next Episode
[DDPG] Critic Loss 58.46841812133789
[DDPG] Total Reward -21.80941 Avg Critic Loss 58.46842 Time 13.23517
[DDPG] Resetting Environment
[DDPG] Starting Episode 21
[DDPG] Episode 21 Step 0 Reward -5.67187 Time 2.58556
[DDPG] Episode 21 Step 1 Reward -5.05917 Time 2.59495
[DDPG] Episode 21 Step 2 Reward -5.46165 Time 2.45080
[DDPG] Episode 21 Step 3 Reward -5.13725 Time 1.97952
[DDPG] Quadruped Not Upright
[DDPG] Episode 21 Step 4 Reward -10.72013 Time 2.75172
[DDPG] Starting Next Episode
[DDPG] Critic Loss 60.873111724853516
[DDPG] Total Reward -32.05008 Avg Critic Loss 60.87311 Time 16.41678
[DDPG] Resetting Environment
[DDPG] Starting Episode 22
[DDPG] Episode 22 Step 0 Reward -5.86262 Time 1.85590
[DDPG] Quadruped Not Upright
[DDPG] Episode 22 Step 1 Reward -15.03416 Time 1.69223
[DDPG] Starting Next Episode
[DDPG] Critic Loss 67.60211944580078
[DDPG] Total Reward -20.89679 Avg Critic Loss 67.60212 Time 14.53438
[DDPG] Resetting Environment
[0m[ INFO] [1618227088.709035925, 160.291000000]: Didn't received robot state (joint angles) with recent timestamp within 1 seconds.
Check clock synchronization if your are running ROS across multiple machines![0m
[31m[ERROR] [1618227088.709127736, 160.291000000]: Failed to fetch current robot state[0m
[DDPG] Starting Episode 23
[DDPG] Episode 23 Step 0 Reward -5.81917 Time 2.39915
[DDPG] Quadruped Not Upright
[DDPG] Episode 23 Step 1 Reward -15.13014 Time 2.07919
[DDPG] Starting Next Episode
[DDPG] Critic Loss 70.3067855834961
[DDPG] Total Reward -20.94931 Avg Critic Loss 70.30679 Time 16.03681
[DDPG] Resetting Environment
[DDPG] Starting Episode 24
[DDPG] Episode 24 Step 0 Reward -5.93108 Time 2.40090
[DDPG] Quadruped Not Upright
[DDPG] Episode 24 Step 1 Reward -15.43872 Time 1.94244
[DDPG] Starting Next Episode
[DDPG] Critic Loss 65.88825988769531
[DDPG] Total Reward -21.36980 Avg Critic Loss 65.88826 Time 15.19318
[DDPG] Resetting Environment
[DDPG] Starting Episode 25
[DDPG] Episode 25 Step 0 Reward -5.34638 Time 2.70276
[DDPG] Quadruped Not Upright
[DDPG] Episode 25 Step 1 Reward -15.16751 Time 1.94911
[DDPG] Starting Next Episode
[DDPG] Critic Loss 71.1372299194336
[DDPG] Total Reward -20.51388 Avg Critic Loss 71.13723 Time 16.02964
[DDPG] Saving Data
[DDPG] Saving Model
[DDPG] Resetting Environment
[DDPG] Starting Episode 26
[DDPG] Episode 26 Step 0 Reward -5.68142 Time 2.27050
[DDPG] Floating Point Error in reward computation
[DDPG] Critic Loss 90.9584732055664
[DDPG] Total Reward -5.68142 Avg Critic Loss 90.95847 Time 13.59979
[DDPG] Resetting Environment
[DDPG] Starting Episode 27
[DDPG] Episode 27 Step 0 Reward -5.19676 Time 2.08332
[DDPG] Episode 27 Step 1 Reward -5.19410 Time 2.29421
[DDPG] Episode 27 Step 2 Reward -5.59857 Time 2.08925
[DDPG] Quadruped Not Upright
[DDPG] Episode 27 Step 3 Reward -11.52150 Time 1.43640
[DDPG] Starting Next Episode
[DDPG] Critic Loss 62.8310432434082
[DDPG] Total Reward -27.51094 Avg Critic Loss 62.83104 Time 17.60176
[DDPG] Resetting Environment
[DDPG] Starting Episode 28
[DDPG] Episode 28 Step 0 Reward -5.16171 Time 2.06802
[DDPG] Episode 28 Step 1 Reward -4.98871 Time 2.42668
[DDPG] Quadruped Not Upright
[DDPG] Episode 28 Step 2 Reward -15.63657 Time 2.15615
[DDPG] Starting Next Episode
[DDPG] Critic Loss 78.86243438720703
[DDPG] Total Reward -25.78699 Avg Critic Loss 78.86243 Time 19.31644
[DDPG] Resetting Environment
[DDPG] Starting Episode 29
[DDPG] Quadruped Not Upright
[DDPG] Episode 29 Step 0 Reward -15.78027 Time 2.34965
[DDPG] Starting Next Episode
