2021-04-16 06:16:51.942603: I tensorflow/stream_executor/platform/default/dso_loader.cc:49] Successfully opened dynamic library libcudart.so.11.0
Unable to init server: Could not connect: Connection refused
Unable to init server: Could not connect: Connection refused

(learn.py:1542372): Gdk-CRITICAL **: 06:17:07.079: gdk_cursor_new_for_display: assertion 'GDK_IS_DISPLAY (display)' failed
2021-04-16 06:17:08.461355: I tensorflow/compiler/jit/xla_cpu_device.cc:41] Not creating XLA devices, tf_xla_enable_xla_devices not set
2021-04-16 06:17:08.463979: I tensorflow/stream_executor/platform/default/dso_loader.cc:49] Successfully opened dynamic library libcuda.so.1
2021-04-16 06:17:08.546479: I tensorflow/stream_executor/cuda/cuda_gpu_executor.cc:941] successful NUMA node read from SysFS had negative value (-1), but there must be at least one NUMA node, so returning NUMA node zero
2021-04-16 06:17:08.549743: I tensorflow/core/common_runtime/gpu/gpu_device.cc:1720] Found device 0 with properties: 
pciBusID: 0000:00:1e.0 name: Tesla T4 computeCapability: 7.5
coreClock: 1.59GHz coreCount: 40 deviceMemorySize: 14.75GiB deviceMemoryBandwidth: 298.08GiB/s
2021-04-16 06:17:08.549782: I tensorflow/stream_executor/platform/default/dso_loader.cc:49] Successfully opened dynamic library libcudart.so.11.0
2021-04-16 06:17:08.567072: I tensorflow/stream_executor/platform/default/dso_loader.cc:49] Successfully opened dynamic library libcublas.so.11
2021-04-16 06:17:08.568326: I tensorflow/stream_executor/platform/default/dso_loader.cc:49] Successfully opened dynamic library libcublasLt.so.11
2021-04-16 06:17:08.574105: I tensorflow/stream_executor/platform/default/dso_loader.cc:49] Successfully opened dynamic library libcufft.so.10
2021-04-16 06:17:08.577062: I tensorflow/stream_executor/platform/default/dso_loader.cc:49] Successfully opened dynamic library libcurand.so.10
2021-04-16 06:17:08.595472: I tensorflow/stream_executor/platform/default/dso_loader.cc:49] Successfully opened dynamic library libcusolver.so.10
2021-04-16 06:17:08.599180: I tensorflow/stream_executor/platform/default/dso_loader.cc:49] Successfully opened dynamic library libcusparse.so.11
2021-04-16 06:17:08.599470: I tensorflow/stream_executor/platform/default/dso_loader.cc:49] Successfully opened dynamic library libcudnn.so.8
2021-04-16 06:17:08.599683: I tensorflow/stream_executor/cuda/cuda_gpu_executor.cc:941] successful NUMA node read from SysFS had negative value (-1), but there must be at least one NUMA node, so returning NUMA node zero
2021-04-16 06:17:08.604594: I tensorflow/stream_executor/cuda/cuda_gpu_executor.cc:941] successful NUMA node read from SysFS had negative value (-1), but there must be at least one NUMA node, so returning NUMA node zero
2021-04-16 06:17:08.608834: I tensorflow/core/common_runtime/gpu/gpu_device.cc:1862] Adding visible gpu devices: 0
[DDPG] Building the actor model
2021-04-16 06:17:08.652753: I tensorflow/core/platform/cpu_feature_guard.cc:142] This TensorFlow binary is optimized with oneAPI Deep Neural Network Library (oneDNN) to use the following CPU instructions in performance-critical operations:  AVX2 AVX512F FMA
To enable them in other operations, rebuild TensorFlow with the appropriate compiler flags.
2021-04-16 06:17:08.652986: I tensorflow/compiler/jit/xla_gpu_device.cc:99] Not creating XLA devices, tf_xla_enable_xla_devices not set
2021-04-16 06:17:08.653186: I tensorflow/stream_executor/cuda/cuda_gpu_executor.cc:941] successful NUMA node read from SysFS had negative value (-1), but there must be at least one NUMA node, so returning NUMA node zero
2021-04-16 06:17:08.655862: I tensorflow/core/common_runtime/gpu/gpu_device.cc:1720] Found device 0 with properties: 
pciBusID: 0000:00:1e.0 name: Tesla T4 computeCapability: 7.5
coreClock: 1.59GHz coreCount: 40 deviceMemorySize: 14.75GiB deviceMemoryBandwidth: 298.08GiB/s
2021-04-16 06:17:08.655892: I tensorflow/stream_executor/platform/default/dso_loader.cc:49] Successfully opened dynamic library libcudart.so.11.0
2021-04-16 06:17:08.655986: I tensorflow/stream_executor/platform/default/dso_loader.cc:49] Successfully opened dynamic library libcublas.so.11
2021-04-16 06:17:08.657099: I tensorflow/stream_executor/platform/default/dso_loader.cc:49] Successfully opened dynamic library libcublasLt.so.11
2021-04-16 06:17:08.657202: I tensorflow/stream_executor/platform/default/dso_loader.cc:49] Successfully opened dynamic library libcufft.so.10
2021-04-16 06:17:08.657288: I tensorflow/stream_executor/platform/default/dso_loader.cc:49] Successfully opened dynamic library libcurand.so.10
2021-04-16 06:17:08.657352: I tensorflow/stream_executor/platform/default/dso_loader.cc:49] Successfully opened dynamic library libcusolver.so.10
2021-04-16 06:17:08.657414: I tensorflow/stream_executor/platform/default/dso_loader.cc:49] Successfully opened dynamic library libcusparse.so.11
2021-04-16 06:17:08.657480: I tensorflow/stream_executor/platform/default/dso_loader.cc:49] Successfully opened dynamic library libcudnn.so.8
2021-04-16 06:17:08.657742: I tensorflow/stream_executor/cuda/cuda_gpu_executor.cc:941] successful NUMA node read from SysFS had negative value (-1), but there must be at least one NUMA node, so returning NUMA node zero
2021-04-16 06:17:08.660336: I tensorflow/stream_executor/cuda/cuda_gpu_executor.cc:941] successful NUMA node read from SysFS had negative value (-1), but there must be at least one NUMA node, so returning NUMA node zero
2021-04-16 06:17:08.661061: I tensorflow/core/common_runtime/gpu/gpu_device.cc:1862] Adding visible gpu devices: 0
2021-04-16 06:17:08.661112: I tensorflow/stream_executor/platform/default/dso_loader.cc:49] Successfully opened dynamic library libcudart.so.11.0
2021-04-16 06:17:13.065637: I tensorflow/core/common_runtime/gpu/gpu_device.cc:1261] Device interconnect StreamExecutor with strength 1 edge matrix:
2021-04-16 06:17:13.065680: I tensorflow/core/common_runtime/gpu/gpu_device.cc:1267]      0 
2021-04-16 06:17:13.065746: I tensorflow/core/common_runtime/gpu/gpu_device.cc:1280] 0:   N 
2021-04-16 06:17:13.109926: I tensorflow/stream_executor/cuda/cuda_gpu_executor.cc:941] successful NUMA node read from SysFS had negative value (-1), but there must be at least one NUMA node, so returning NUMA node zero
2021-04-16 06:17:13.124640: I tensorflow/stream_executor/cuda/cuda_gpu_executor.cc:941] successful NUMA node read from SysFS had negative value (-1), but there must be at least one NUMA node, so returning NUMA node zero
2021-04-16 06:17:13.130305: I tensorflow/stream_executor/cuda/cuda_gpu_executor.cc:941] successful NUMA node read from SysFS had negative value (-1), but there must be at least one NUMA node, so returning NUMA node zero
2021-04-16 06:17:13.135414: I tensorflow/core/common_runtime/gpu/gpu_device.cc:1406] Created TensorFlow device (/job:localhost/replica:0/task:0/device:GPU:0 with 12140 MB memory) -> physical GPU (device: 0, name: Tesla T4, pci bus id: 0000:00:1e.0, compute capability: 7.5)
[DDPG] Building the actor model
[DDPG] Building the critic model
[DDPG] Building the critic model
[DDPG] Waiting for joint trajectory action
[DDPG] Found joint trajectory action!
[DDPG] Waiting for joint trajectory action
[DDPG] Found joint trajectory action!
[DDPG] Waiting for joint trajectory action
[DDPG] Found joint trajectory action!
[DDPG] Waiting for joint trajectory action
[DDPG] Found joint trajectory action!
[0m[ INFO] [1618553851.131951079, 5.348000000]: Loading robot model 'quadruped'...[0m
[0m[ INFO] [1618553851.133236484, 5.348000000]: No root/virtual joint specified in SRDF. Assuming fixed joint[0m
[33m[ WARN] [1618553851.133394132, 5.348000000]: Link dummy_link has visual geometry but no collision geometry. Collision geometry will be left empty. Fix your URDF file by explicitly specifying collision geometry.[0m
[0m[ INFO] [1618553853.260828069, 6.115000000]: Ready to take commands for planning group front_right_leg.[0m
[0m[ INFO] [1618553854.306153861, 6.376000000]: Ready to take commands for planning group front_left_leg.[0m
[0m[ INFO] [1618553855.660432923, 6.776000000]: Ready to take commands for planning group back_right_leg.[0m
[0m[ INFO] [1618553857.560354984, 7.176000000]: Ready to take commands for planning group back_left_leg.[0m
2021-04-16 06:18:43.146796: W tensorflow/core/framework/cpu_allocator_impl.cc:80] Allocation of 45360000 exceeds 10% of free system memory.
2021-04-16 06:18:46.750516: W tensorflow/core/framework/cpu_allocator_impl.cc:80] Allocation of 28728000 exceeds 10% of free system memory.
2021-04-16 06:18:46.841300: W tensorflow/core/framework/cpu_allocator_impl.cc:80] Allocation of 22680000 exceeds 10% of free system memory.
2021-04-16 06:18:46.992511: W tensorflow/core/framework/cpu_allocator_impl.cc:80] Allocation of 28728000 exceeds 10% of free system memory.
2021-04-16 06:18:47.094377: W tensorflow/core/framework/cpu_allocator_impl.cc:80] Allocation of 22680000 exceeds 10% of free system memory.
[Actor] GPU>>>>>>>>>>>>
[Actor] [PhysicalDevice(name='/physical_device:GPU:0', device_type='GPU')]
[DDPG] Loading Actor Weights
[DDPG] Initializing PER
[DDPG] Training Start
[DDPG] Resetting Environment
[DDPG] Starting Pretraining Test
2021-04-16 06:19:13.678571: I tensorflow/stream_executor/platform/default/dso_loader.cc:49] Successfully opened dynamic library libcublas.so.11
2021-04-16 06:19:17.136839: I tensorflow/stream_executor/platform/default/dso_loader.cc:49] Successfully opened dynamic library libcublasLt.so.11
[DDPG] Step 0 Reward 39.20135 Time 30.33546
[DDPG] Step 1 Reward 37.17895 Time 22.42911
[DDPG] Step 2 Reward 40.50012 Time 24.50689
[DDPG] Step 3 Reward 41.13065 Time 24.65766
[DDPG] Quadruped Not Upright
[DDPG] Step 4 Reward -5.94864 Time 20.64512
[DDPG] Resetting Environment
[DDPG] Starting Episode 0
[DDPG] Episode 0 Step 0 Reward -1.50741 Time 23.84944
[DDPG] Episode 0 Step 1 Reward -0.83745 Time 20.59704
[DDPG] Quadruped Not Upright
[DDPG] Episode 0 Step 2 Reward -8.20353 Time 19.62763
[DDPG] Starting Next Episode
[DDPG] Critic Loss 5.726161479949951
[DDPG] Total Reward -10.54840 Avg Critic Loss 5.72616 Time 9.21992
[DDPG] Saving Data
[DDPG] Saving PER priorities
[DDPG] Saving Model
[DDPG] Resetting Environment
[DDPG] Starting Episode 1
[DDPG] Episode 1 Step 0 Reward -3.27170 Time 23.94385
[DDPG] Quadruped Not Upright
[DDPG] Episode 1 Step 1 Reward -6.89261 Time 18.79707
[DDPG] Starting Next Episode
[DDPG] Critic Loss 35.081050872802734
[DDPG] Total Reward -10.16431 Avg Critic Loss 35.08105 Time 6.82543
[DDPG] Resetting Environment
[DDPG] Starting Episode 2
[DDPG] Episode 2 Step 0 Reward 1.80954 Time 21.13168
[DDPG] Quadruped Not Upright
[DDPG] Episode 2 Step 1 Reward -11.09579 Time 19.23076
[DDPG] Starting Next Episode
[DDPG] Critic Loss 46.74184799194336
[DDPG] Total Reward -9.28625 Avg Critic Loss 46.74185 Time 7.94048
[DDPG] Resetting Environment
[DDPG] Starting Episode 3
[DDPG] Episode 3 Step 0 Reward -2.20278 Time 22.43193
[DDPG] Quadruped Not Upright
[DDPG] Episode 3 Step 1 Reward 4.21826 Time 24.59868
[DDPG] Starting Next Episode
[DDPG] Critic Loss 39.62730407714844
[DDPG] Total Reward 2.01548 Avg Critic Loss 39.62730 Time 12.56017
[DDPG] Resetting Environment
[DDPG] Starting Episode 4
[DDPG] Episode 4 Step 0 Reward 1.49855 Time 29.42388
[DDPG] Quadruped Not Upright
[DDPG] Episode 4 Step 1 Reward -5.75293 Time 24.17055
[DDPG] Starting Next Episode
[DDPG] Critic Loss 31.775487899780273
[DDPG] Total Reward -4.25438 Avg Critic Loss 31.77549 Time 11.26229
[DDPG] Resetting Environment
[DDPG] Starting Episode 5
[DDPG] Quadruped Not Upright
[DDPG] Episode 5 Step 0 Reward -4.13978 Time 26.07806
[DDPG] Starting Next Episode
[DDPG] Critic Loss 40.11796188354492
[DDPG] Total Reward -4.13978 Avg Critic Loss 40.11796 Time 12.63203
[DDPG] Resetting Environment
[DDPG] Starting Episode 6
[DDPG] Episode 6 Step 0 Reward 2.11043 Time 28.56361
[DDPG] Floating Point Error in reward computation
[DDPG] Critic Loss 30.059032440185547
[DDPG] Total Reward 2.11043 Avg Critic Loss 30.05903 Time 11.50375
[DDPG] Resetting Environment
[DDPG] Starting Episode 7
