2021-04-11 18:39:34.388509: I tensorflow/stream_executor/platform/default/dso_loader.cc:49] Successfully opened dynamic library libcudart.so.11.0
Unable to init server: Could not connect: Connection refused
Unable to init server: Could not connect: Connection refused

(learn.py:975533): Gdk-CRITICAL **: 18:39:59.100: gdk_cursor_new_for_display: assertion 'GDK_IS_DISPLAY (display)' failed
2021-04-11 18:40:01.000201: I tensorflow/compiler/jit/xla_cpu_device.cc:41] Not creating XLA devices, tf_xla_enable_xla_devices not set
2021-04-11 18:40:01.005298: I tensorflow/stream_executor/platform/default/dso_loader.cc:49] Successfully opened dynamic library libcuda.so.1
2021-04-11 18:40:01.065719: I tensorflow/stream_executor/cuda/cuda_gpu_executor.cc:941] successful NUMA node read from SysFS had negative value (-1), but there must be at least one NUMA node, so returning NUMA node zero
2021-04-11 18:40:01.069679: I tensorflow/core/common_runtime/gpu/gpu_device.cc:1720] Found device 0 with properties: 
pciBusID: 0000:00:1e.0 name: Tesla T4 computeCapability: 7.5
coreClock: 1.59GHz coreCount: 40 deviceMemorySize: 14.75GiB deviceMemoryBandwidth: 298.08GiB/s
2021-04-11 18:40:01.069736: I tensorflow/stream_executor/platform/default/dso_loader.cc:49] Successfully opened dynamic library libcudart.so.11.0
2021-04-11 18:40:01.086407: I tensorflow/stream_executor/platform/default/dso_loader.cc:49] Successfully opened dynamic library libcublas.so.11
2021-04-11 18:40:01.087806: I tensorflow/stream_executor/platform/default/dso_loader.cc:49] Successfully opened dynamic library libcublasLt.so.11
2021-04-11 18:40:01.099168: I tensorflow/stream_executor/platform/default/dso_loader.cc:49] Successfully opened dynamic library libcufft.so.10
2021-04-11 18:40:01.101056: I tensorflow/stream_executor/platform/default/dso_loader.cc:49] Successfully opened dynamic library libcurand.so.10
2021-04-11 18:40:01.133263: I tensorflow/stream_executor/platform/default/dso_loader.cc:49] Successfully opened dynamic library libcusolver.so.10
2021-04-11 18:40:01.140586: I tensorflow/stream_executor/platform/default/dso_loader.cc:49] Successfully opened dynamic library libcusparse.so.11
2021-04-11 18:40:01.143556: I tensorflow/stream_executor/platform/default/dso_loader.cc:49] Successfully opened dynamic library libcudnn.so.8
2021-04-11 18:40:01.145696: I tensorflow/stream_executor/cuda/cuda_gpu_executor.cc:941] successful NUMA node read from SysFS had negative value (-1), but there must be at least one NUMA node, so returning NUMA node zero
2021-04-11 18:40:01.155038: I tensorflow/stream_executor/cuda/cuda_gpu_executor.cc:941] successful NUMA node read from SysFS had negative value (-1), but there must be at least one NUMA node, so returning NUMA node zero
2021-04-11 18:40:01.159865: I tensorflow/core/common_runtime/gpu/gpu_device.cc:1862] Adding visible gpu devices: 0
[DDPG] Building the actor model
2021-04-11 18:40:01.275399: I tensorflow/core/platform/cpu_feature_guard.cc:142] This TensorFlow binary is optimized with oneAPI Deep Neural Network Library (oneDNN) to use the following CPU instructions in performance-critical operations:  AVX2 AVX512F FMA
To enable them in other operations, rebuild TensorFlow with the appropriate compiler flags.
2021-04-11 18:40:01.275690: I tensorflow/compiler/jit/xla_gpu_device.cc:99] Not creating XLA devices, tf_xla_enable_xla_devices not set
2021-04-11 18:40:01.278879: I tensorflow/stream_executor/cuda/cuda_gpu_executor.cc:941] successful NUMA node read from SysFS had negative value (-1), but there must be at least one NUMA node, so returning NUMA node zero
2021-04-11 18:40:01.284890: I tensorflow/core/common_runtime/gpu/gpu_device.cc:1720] Found device 0 with properties: 
pciBusID: 0000:00:1e.0 name: Tesla T4 computeCapability: 7.5
coreClock: 1.59GHz coreCount: 40 deviceMemorySize: 14.75GiB deviceMemoryBandwidth: 298.08GiB/s
2021-04-11 18:40:01.284945: I tensorflow/stream_executor/platform/default/dso_loader.cc:49] Successfully opened dynamic library libcudart.so.11.0
2021-04-11 18:40:01.285159: I tensorflow/stream_executor/platform/default/dso_loader.cc:49] Successfully opened dynamic library libcublas.so.11
2021-04-11 18:40:01.288478: I tensorflow/stream_executor/platform/default/dso_loader.cc:49] Successfully opened dynamic library libcublasLt.so.11
2021-04-11 18:40:01.288630: I tensorflow/stream_executor/platform/default/dso_loader.cc:49] Successfully opened dynamic library libcufft.so.10
2021-04-11 18:40:01.289403: I tensorflow/stream_executor/platform/default/dso_loader.cc:49] Successfully opened dynamic library libcurand.so.10
2021-04-11 18:40:01.289474: I tensorflow/stream_executor/platform/default/dso_loader.cc:49] Successfully opened dynamic library libcusolver.so.10
2021-04-11 18:40:01.289532: I tensorflow/stream_executor/platform/default/dso_loader.cc:49] Successfully opened dynamic library libcusparse.so.11
2021-04-11 18:40:01.289588: I tensorflow/stream_executor/platform/default/dso_loader.cc:49] Successfully opened dynamic library libcudnn.so.8
2021-04-11 18:40:01.293055: I tensorflow/stream_executor/cuda/cuda_gpu_executor.cc:941] successful NUMA node read from SysFS had negative value (-1), but there must be at least one NUMA node, so returning NUMA node zero
2021-04-11 18:40:01.298804: I tensorflow/stream_executor/cuda/cuda_gpu_executor.cc:941] successful NUMA node read from SysFS had negative value (-1), but there must be at least one NUMA node, so returning NUMA node zero
2021-04-11 18:40:01.306086: I tensorflow/core/common_runtime/gpu/gpu_device.cc:1862] Adding visible gpu devices: 0
2021-04-11 18:40:01.306556: I tensorflow/stream_executor/platform/default/dso_loader.cc:49] Successfully opened dynamic library libcudart.so.11.0
2021-04-11 18:40:06.203247: I tensorflow/core/common_runtime/gpu/gpu_device.cc:1261] Device interconnect StreamExecutor with strength 1 edge matrix:
2021-04-11 18:40:06.203499: I tensorflow/core/common_runtime/gpu/gpu_device.cc:1267]      0 
2021-04-11 18:40:06.203765: I tensorflow/core/common_runtime/gpu/gpu_device.cc:1280] 0:   N 
2021-04-11 18:40:06.207053: I tensorflow/stream_executor/cuda/cuda_gpu_executor.cc:941] successful NUMA node read from SysFS had negative value (-1), but there must be at least one NUMA node, so returning NUMA node zero
2021-04-11 18:40:06.210588: I tensorflow/stream_executor/cuda/cuda_gpu_executor.cc:941] successful NUMA node read from SysFS had negative value (-1), but there must be at least one NUMA node, so returning NUMA node zero
2021-04-11 18:40:06.213326: I tensorflow/stream_executor/cuda/cuda_gpu_executor.cc:941] successful NUMA node read from SysFS had negative value (-1), but there must be at least one NUMA node, so returning NUMA node zero
2021-04-11 18:40:06.215882: I tensorflow/core/common_runtime/gpu/gpu_device.cc:1406] Created TensorFlow device (/job:localhost/replica:0/task:0/device:GPU:0 with 12440 MB memory) -> physical GPU (device: 0, name: Tesla T4, pci bus id: 0000:00:1e.0, compute capability: 7.5)
[DDPG] Building the actor model
[DDPG] Building the critic model
[DDPG] Building the critic model
[DDPG] Waiting for joint trajectory action
[DDPG] Found joint trajectory action!
[DDPG] Waiting for joint trajectory action
[DDPG] Found joint trajectory action!
[DDPG] Waiting for joint trajectory action
[DDPG] Found joint trajectory action!
[DDPG] Waiting for joint trajectory action
[DDPG] Found joint trajectory action!
[0m[ INFO] [1618166432.091159105, 7.316000000]: Loading robot model 'quadruped'...[0m
[0m[ INFO] [1618166432.093760063, 7.317000000]: No root/virtual joint specified in SRDF. Assuming fixed joint[0m
[33m[ WARN] [1618166432.094288445, 7.317000000]: Link dummy_link has visual geometry but no collision geometry. Collision geometry will be left empty. Fix your URDF file by explicitly specifying collision geometry.[0m
[0m[ INFO] [1618166434.153194877, 7.673000000]: Ready to take commands for planning group front_right_leg.[0m
[0m[ INFO] [1618166438.295452275, 8.386000000]: Ready to take commands for planning group front_left_leg.[0m
[0m[ INFO] [1618166441.862485258, 9.186000000]: Ready to take commands for planning group back_right_leg.[0m
[0m[ INFO] [1618166444.617147584, 9.986000000]: Ready to take commands for planning group back_left_leg.[0m
[Actor] GPU>>>>>>>>>>>>
[Actor] [PhysicalDevice(name='/physical_device:GPU:0', device_type='GPU')]
[DDPG] Loading Actor Weights
[DDPG] Training Start
[DDPG] Resetting Environment
[DDPG] Starting Pretraining Test
2021-04-11 18:42:27.089050: I tensorflow/stream_executor/platform/default/dso_loader.cc:49] Successfully opened dynamic library libcublas.so.11
2021-04-11 18:42:31.725971: I tensorflow/stream_executor/platform/default/dso_loader.cc:49] Successfully opened dynamic library libcublasLt.so.11
[DDPG] Step 0 Reward 47.94074 Time 6.37310
[DDPG] Step 1 Reward 47.68316 Time 1.22401
[DDPG] Step 2 Reward -5.47980 Time 1.91412
[DDPG] Quadruped Not Upright
[DDPG] Step 3 Reward -15.33233 Time 1.53459
[DDPG] Quadruped Not Upright
[DDPG] Step 4 Reward -15.37282 Time 1.22275
[DDPG] Resetting Environment
[DDPG] Starting Episode 0
[DDPG] Episode 0 Step 0 Reward -0.43574 Time 1.80274
[DDPG] Episode 0 Step 1 Reward -5.51374 Time 1.58336
[DDPG] Episode 0 Step 2 Reward -5.82724 Time 1.56904
[DDPG] Episode 0 Step 3 Reward -5.38943 Time 1.32087
[DDPG] Episode 0 Step 4 Reward -5.40123 Time 1.73331
[DDPG] Episode 0 Step 5 Reward -5.37987 Time 1.45792
[DDPG] Quadruped Not Upright
[DDPG] Episode 0 Step 6 Reward -15.34008 Time 1.48109
[DDPG] Starting Next Episode
[DDPG] Critic Loss 54.642417907714844
[DDPG] Total Reward -43.28733 Avg Critic Loss 54.64242 Time 2.67930

[DDPG] Saving Model
[DDPG] Resetting Environment
[DDPG] Starting Episode 1
[DDPG] Episode 1 Step 0 Reward -5.65225 Time 1.37142
[DDPG] Episode 1 Step 1 Reward -5.07583 Time 1.20986
[DDPG] Episode 1 Step 2 Reward -5.33493 Time 1.56856
[DDPG] Quadruped Not Upright
[DDPG] Episode 1 Step 3 Reward -15.74030 Time 1.19675
[DDPG] Starting Next Episode
[DDPG] Critic Loss 65.43826293945312
[DDPG] Total Reward -31.80331 Avg Critic Loss 65.43826 Time 1.86215
[DDPG] Resetting Environment
[DDPG] Starting Episode 2
[DDPG] Episode 2 Step 0 Reward -0.27879 Time 1.75374
[DDPG] Episode 2 Step 1 Reward -5.29978 Time 1.36255
[DDPG] Quadruped Not Upright
[DDPG] Episode 2 Step 2 Reward -15.65444 Time 1.60341
[DDPG] Starting Next Episode
[DDPG] Critic Loss 70.55979919433594
[DDPG] Total Reward -21.23302 Avg Critic Loss 70.55980 Time 2.68660
[DDPG] Resetting Environment
[DDPG] Starting Episode 3
[DDPG] Episode 3 Step 0 Reward -0.68474 Time 1.52322
[DDPG] Episode 3 Step 1 Reward -5.32866 Time 1.40921
[DDPG] Quadruped Not Upright
[DDPG] Episode 3 Step 2 Reward -15.66234 Time 1.65709
[DDPG] Starting Next Episode
[DDPG] Critic Loss 73.62991333007812
[DDPG] Total Reward -21.67575 Avg Critic Loss 73.62991 Time 2.83438
[DDPG] Resetting Environment
[DDPG] Starting Episode 4
[DDPG] Episode 4 Step 0 Reward -5.37152 Time 1.93338
[DDPG] Quadruped Not Upright
[DDPG] Episode 4 Step 1 Reward -15.34602 Time 1.57342
[DDPG] Starting Next Episode
[DDPG] Critic Loss 79.75619506835938
[DDPG] Total Reward -20.71754 Avg Critic Loss 79.75620 Time 2.80197
[DDPG] Resetting Environment
[DDPG] Starting Episode 5
[DDPG] Episode 5 Step 0 Reward -5.52504 Time 1.35698
[DDPG] Episode 5 Step 1 Reward -5.24483 Time 1.26084
[DDPG] Episode 5 Step 2 Reward -5.49331 Time 1.16582
[DDPG] Episode 5 Step 3 Reward -5.11897 Time 1.36737
[DDPG] Episode 5 Step 4 Reward -5.25829 Time 1.25521
[DDPG] Episode 5 Step 5 Reward -4.97637 Time 1.36487
[DDPG] Floating Point Error in reward computation
[DDPG] Critic Loss 66.7895278930664
[DDPG] Total Reward -31.61681 Avg Critic Loss 66.78953 Time 2.47165
[DDPG] Resetting Environment
[DDPG] Starting Episode 6
[DDPG] Quadruped Not Upright
[DDPG] Episode 6 Step 0 Reward -15.48208 Time 1.37446
[DDPG] Starting Next Episode
[DDPG] Critic Loss 73.57273864746094
[DDPG] Total Reward -15.48208 Avg Critic Loss 73.57274 Time 1.60726
[DDPG] Resetting Environment
[DDPG] Starting Episode 7
[DDPG] Quadruped Not Upright
[DDPG] Episode 7 Step 0 Reward -15.25239 Time 1.10422
[DDPG] Starting Next Episode
[DDPG] Critic Loss 79.42292022705078
[DDPG] Total Reward -15.25239 Avg Critic Loss 79.42292 Time 2.81780
[DDPG] Resetting Environment
[DDPG] Starting Episode 8
[DDPG] Quadruped Not Upright
[DDPG] Episode 8 Step 0 Reward -15.55248 Time 1.08066
[DDPG] Starting Next Episode
[DDPG] Critic Loss 85.09919738769531
[DDPG] Total Reward -15.55248 Avg Critic Loss 85.09920 Time 2.33366
[DDPG] Resetting Environment
[DDPG] Starting Episode 9
[DDPG] Episode 9 Step 0 Reward -5.89808 Time 1.47033
[DDPG] Quadruped Not Upright
[DDPG] Episode 9 Step 1 Reward -15.20411 Time 1.32455
[DDPG] Starting Next Episode
[DDPG] Critic Loss 88.02274322509766
[DDPG] Total Reward -21.10219 Avg Critic Loss 88.02274 Time 1.71194
[DDPG] Resetting Environment
[DDPG] Starting Episode 10
[DDPG] Episode 10 Step 0 Reward -5.71141 Time 1.23367
[DDPG] Episode 10 Step 1 Reward -5.22469 Time 1.23566
[DDPG] Episode 10 Step 2 Reward -5.26934 Time 1.32884
[DDPG] Episode 10 Step 3 Reward -5.31819 Time 1.12860
[DDPG] Quadruped Not Upright
[DDPG] Episode 10 Step 4 Reward -15.33775 Time 1.25608
[DDPG] Starting Next Episode
[DDPG] Critic Loss 85.05302429199219
[DDPG] Total Reward -36.86139 Avg Critic Loss 85.05302 Time 2.78434
[DDPG] Resetting Environment
[DDPG] Starting Episode 11
[DDPG] Episode 11 Step 0 Reward -6.01612 Time 1.30743
[DDPG] Episode 11 Step 1 Reward -5.40378 Time 1.31763
[DDPG] Episode 11 Step 2 Reward -4.98089 Time 1.66276
[DDPG] Episode 11 Step 3 Reward -5.07823 Time 1.07454
[DDPG] Floating Point Error in reward computation
[DDPG] Critic Loss 79.18130493164062
[DDPG] Total Reward -21.47902 Avg Critic Loss 79.18130 Time 2.68008
[DDPG] Resetting Environment
[DDPG] Starting Episode 12
[DDPG] Episode 12 Step 0 Reward -6.02776 Time 1.46914
[DDPG] Quadruped Not Upright
[DDPG] Episode 12 Step 1 Reward -15.26934 Time 1.00252
[DDPG] Starting Next Episode
[DDPG] Critic Loss 81.7428207397461
[DDPG] Total Reward -21.29709 Avg Critic Loss 81.74282 Time 1.90148
[DDPG] Resetting Environment
[DDPG] Starting Episode 13
[DDPG] Episode 13 Step 0 Reward -5.85685 Time 1.11444
[DDPG] Floating Point Error in reward computation
[DDPG] Critic Loss 80.4502182006836
[DDPG] Total Reward -5.85685 Avg Critic Loss 80.45022 Time 2.13348
[DDPG] Resetting Environment
[DDPG] Starting Episode 14
[DDPG] Episode 14 Step 0 Reward -5.71663 Time 1.08192
[DDPG] Episode 14 Step 1 Reward -5.34713 Time 1.40232
[DDPG] Quadruped Not Upright
[DDPG] Episode 14 Step 2 Reward -17.11500 Time 1.27936
[DDPG] Starting Next Episode
[DDPG] Critic Loss 82.83611297607422
[DDPG] Total Reward -28.17876 Avg Critic Loss 82.83611 Time 2.97108
[DDPG] Resetting Environment
[DDPG] Starting Episode 15
[DDPG] Episode 15 Step 0 Reward -5.85499 Time 1.71147
[DDPG] Floating Point Error in reward computation
[DDPG] Critic Loss 81.69066619873047
[DDPG] Total Reward -5.85499 Avg Critic Loss 81.69067 Time 3.02950
[DDPG] Resetting Environment
[DDPG] Starting Episode 16
[DDPG] Episode 16 Step 0 Reward -5.99173 Time 1.45110
[DDPG] Episode 16 Step 1 Reward -5.24311 Time 1.20964
[DDPG] Episode 16 Step 2 Reward -5.37652 Time 1.16788
[DDPG] Quadruped Not Upright
[DDPG] Episode 16 Step 3 Reward -15.07188 Time 1.18283
[DDPG] Starting Next Episode
[DDPG] Critic Loss 81.39556121826172
[DDPG] Total Reward -31.68324 Avg Critic Loss 81.39556 Time 3.56636
[DDPG] Resetting Environment
[DDPG] Starting Episode 17
[DDPG] Episode 17 Step 0 Reward -5.90652 Time 2.26404
[DDPG] Episode 17 Step 1 Reward -5.25413 Time 1.70781
[DDPG] Quadruped Not Upright
[DDPG] Episode 17 Step 2 Reward -15.54056 Time 1.18649
[DDPG] Starting Next Episode
[DDPG] Critic Loss 82.42019653320312
[DDPG] Total Reward -26.70121 Avg Critic Loss 82.42020 Time 2.46521
[DDPG] Resetting Environment
[DDPG] Starting Episode 18
[DDPG] Quadruped Not Upright
[DDPG] Episode 18 Step 0 Reward -16.83627 Time 1.42180
[DDPG] Starting Next Episode
[DDPG] Critic Loss 86.08695220947266
[DDPG] Total Reward -16.83627 Avg Critic Loss 86.08695 Time 3.24952
[DDPG] Resetting Environment
[]
[DDPG] Error in Resetting End Training
[DDPG] Starting Episode 19
[DDPG] Quadruped Not Upright
[DDPG] Episode 19 Step 0 Reward -16.47214 Time 1.04362
[DDPG] Starting Next Episode
[DDPG] Critic Loss 89.31299591064453
[DDPG] Total Reward -16.47214 Avg Critic Loss 89.31300 Time 3.78498
[DDPG] Resetting Environment
Traceback (most recent call last):
  File "learn.py", line 1319, in <module>
    learner.learn(path, experiment = args.experiment, start_epoch = args.start)
  File "learn.py", line 883, in learn
    self.current_time_step = self.env.reset()
  File "/home/ubuntu/.local/lib/python3.8/site-packages/tf_agents/environments/tf_environment.py", line 209, in reset
    return self._reset()
  File "/home/ubuntu/CPGController/src/rl/env.py", line 55, in _reset
    self._state, self._reward = self.quadruped.reset()
  File "/home/ubuntu/CPGController/src/simulations/ws/src/quadruped/scripts/quadruped.py", line 815, in reset
    self._reset()
  File "/home/ubuntu/CPGController/src/simulations/ws/src/quadruped/scripts/quadruped.py", line 787, in _reset
    rospy.wait_for_service('/gazebo/pause_physics')
  File "/opt/ros/noetic/lib/python3/dist-packages/rospy/impl/tcpros_service.py", line 166, in wait_for_service
    raise ROSInterruptException("rospy shutdown")
rospy.exceptions.ROSInterruptException: rospy shutdown
2021-04-11 18:53:54.298383: I tensorflow/stream_executor/platform/default/dso_loader.cc:49] Successfully opened dynamic library libcudart.so.11.0
Unable to init server: Could not connect: Connection refused
Unable to init server: Could not connect: Connection refused

(learn.py:980545): Gdk-CRITICAL **: 18:54:19.654: gdk_cursor_new_for_display: assertion 'GDK_IS_DISPLAY (display)' failed
2021-04-11 18:54:21.523702: I tensorflow/compiler/jit/xla_cpu_device.cc:41] Not creating XLA devices, tf_xla_enable_xla_devices not set
2021-04-11 18:54:21.530085: I tensorflow/stream_executor/platform/default/dso_loader.cc:49] Successfully opened dynamic library libcuda.so.1
2021-04-11 18:54:21.601095: I tensorflow/stream_executor/cuda/cuda_gpu_executor.cc:941] successful NUMA node read from SysFS had negative value (-1), but there must be at least one NUMA node, so returning NUMA node zero
2021-04-11 18:54:21.603826: I tensorflow/core/common_runtime/gpu/gpu_device.cc:1720] Found device 0 with properties: 
pciBusID: 0000:00:1e.0 name: Tesla T4 computeCapability: 7.5
coreClock: 1.59GHz coreCount: 40 deviceMemorySize: 14.75GiB deviceMemoryBandwidth: 298.08GiB/s
2021-04-11 18:54:21.603878: I tensorflow/stream_executor/platform/default/dso_loader.cc:49] Successfully opened dynamic library libcudart.so.11.0
2021-04-11 18:54:21.624124: I tensorflow/stream_executor/platform/default/dso_loader.cc:49] Successfully opened dynamic library libcublas.so.11
2021-04-11 18:54:21.626747: I tensorflow/stream_executor/platform/default/dso_loader.cc:49] Successfully opened dynamic library libcublasLt.so.11
2021-04-11 18:54:21.636880: I tensorflow/stream_executor/platform/default/dso_loader.cc:49] Successfully opened dynamic library libcufft.so.10
2021-04-11 18:54:21.639446: I tensorflow/stream_executor/platform/default/dso_loader.cc:49] Successfully opened dynamic library libcurand.so.10
2021-04-11 18:54:21.664198: I tensorflow/stream_executor/platform/default/dso_loader.cc:49] Successfully opened dynamic library libcusolver.so.10
2021-04-11 18:54:21.672045: I tensorflow/stream_executor/platform/default/dso_loader.cc:49] Successfully opened dynamic library libcusparse.so.11
2021-04-11 18:54:21.673724: I tensorflow/stream_executor/platform/default/dso_loader.cc:49] Successfully opened dynamic library libcudnn.so.8
2021-04-11 18:54:21.676598: I tensorflow/stream_executor/cuda/cuda_gpu_executor.cc:941] successful NUMA node read from SysFS had negative value (-1), but there must be at least one NUMA node, so returning NUMA node zero
2021-04-11 18:54:21.682177: I tensorflow/stream_executor/cuda/cuda_gpu_executor.cc:941] successful NUMA node read from SysFS had negative value (-1), but there must be at least one NUMA node, so returning NUMA node zero
2021-04-11 18:54:21.684208: I tensorflow/core/common_runtime/gpu/gpu_device.cc:1862] Adding visible gpu devices: 0
[DDPG] Building the actor model
2021-04-11 18:54:21.796659: I tensorflow/core/platform/cpu_feature_guard.cc:142] This TensorFlow binary is optimized with oneAPI Deep Neural Network Library (oneDNN) to use the following CPU instructions in performance-critical operations:  AVX2 AVX512F FMA
To enable them in other operations, rebuild TensorFlow with the appropriate compiler flags.
2021-04-11 18:54:21.798859: I tensorflow/compiler/jit/xla_gpu_device.cc:99] Not creating XLA devices, tf_xla_enable_xla_devices not set
2021-04-11 18:54:21.801763: I tensorflow/stream_executor/cuda/cuda_gpu_executor.cc:941] successful NUMA node read from SysFS had negative value (-1), but there must be at least one NUMA node, so returning NUMA node zero
2021-04-11 18:54:21.806031: I tensorflow/core/common_runtime/gpu/gpu_device.cc:1720] Found device 0 with properties: 
pciBusID: 0000:00:1e.0 name: Tesla T4 computeCapability: 7.5
coreClock: 1.59GHz coreCount: 40 deviceMemorySize: 14.75GiB deviceMemoryBandwidth: 298.08GiB/s
2021-04-11 18:54:21.806082: I tensorflow/stream_executor/platform/default/dso_loader.cc:49] Successfully opened dynamic library libcudart.so.11.0
2021-04-11 18:54:21.806291: I tensorflow/stream_executor/platform/default/dso_loader.cc:49] Successfully opened dynamic library libcublas.so.11
2021-04-11 18:54:21.806368: I tensorflow/stream_executor/platform/default/dso_loader.cc:49] Successfully opened dynamic library libcublasLt.so.11
2021-04-11 18:54:21.808965: I tensorflow/stream_executor/platform/default/dso_loader.cc:49] Successfully opened dynamic library libcufft.so.10
2021-04-11 18:54:21.809098: I tensorflow/stream_executor/platform/default/dso_loader.cc:49] Successfully opened dynamic library libcurand.so.10
2021-04-11 18:54:21.810226: I tensorflow/stream_executor/platform/default/dso_loader.cc:49] Successfully opened dynamic library libcusolver.so.10
2021-04-11 18:54:21.810518: I tensorflow/stream_executor/platform/default/dso_loader.cc:49] Successfully opened dynamic library libcusparse.so.11
2021-04-11 18:54:21.810595: I tensorflow/stream_executor/platform/default/dso_loader.cc:49] Successfully opened dynamic library libcudnn.so.8
2021-04-11 18:54:21.810774: I tensorflow/stream_executor/cuda/cuda_gpu_executor.cc:941] successful NUMA node read from SysFS had negative value (-1), but there must be at least one NUMA node, so returning NUMA node zero
2021-04-11 18:54:21.817307: I tensorflow/stream_executor/cuda/cuda_gpu_executor.cc:941] successful NUMA node read from SysFS had negative value (-1), but there must be at least one NUMA node, so returning NUMA node zero
2021-04-11 18:54:21.822238: I tensorflow/core/common_runtime/gpu/gpu_device.cc:1862] Adding visible gpu devices: 0
2021-04-11 18:54:21.822295: I tensorflow/stream_executor/platform/default/dso_loader.cc:49] Successfully opened dynamic library libcudart.so.11.0
2021-04-11 18:54:28.951735: I tensorflow/core/common_runtime/gpu/gpu_device.cc:1261] Device interconnect StreamExecutor with strength 1 edge matrix:
2021-04-11 18:54:28.951795: I tensorflow/core/common_runtime/gpu/gpu_device.cc:1267]      0 
2021-04-11 18:54:28.951808: I tensorflow/core/common_runtime/gpu/gpu_device.cc:1280] 0:   N 
2021-04-11 18:54:28.956463: I tensorflow/stream_executor/cuda/cuda_gpu_executor.cc:941] successful NUMA node read from SysFS had negative value (-1), but there must be at least one NUMA node, so returning NUMA node zero
2021-04-11 18:54:28.964528: I tensorflow/stream_executor/cuda/cuda_gpu_executor.cc:941] successful NUMA node read from SysFS had negative value (-1), but there must be at least one NUMA node, so returning NUMA node zero
2021-04-11 18:54:28.974197: I tensorflow/stream_executor/cuda/cuda_gpu_executor.cc:941] successful NUMA node read from SysFS had negative value (-1), but there must be at least one NUMA node, so returning NUMA node zero
2021-04-11 18:54:28.985608: I tensorflow/core/common_runtime/gpu/gpu_device.cc:1406] Created TensorFlow device (/job:localhost/replica:0/task:0/device:GPU:0 with 12433 MB memory) -> physical GPU (device: 0, name: Tesla T4, pci bus id: 0000:00:1e.0, compute capability: 7.5)
[DDPG] Building the actor model
[DDPG] Building the critic model
[DDPG] Building the critic model
[DDPG] Waiting for joint trajectory action
[DDPG] Found joint trajectory action!
[DDPG] Waiting for joint trajectory action
[DDPG] Found joint trajectory action!
[DDPG] Waiting for joint trajectory action
[DDPG] Found joint trajectory action!
[DDPG] Waiting for joint trajectory action
[DDPG] Found joint trajectory action!
[0m[ INFO] [1618167297.773916507, 8.162000000]: Loading robot model 'quadruped'...[0m
[0m[ INFO] [1618167297.775232083, 8.162000000]: No root/virtual joint specified in SRDF. Assuming fixed joint[0m
[33m[ WARN] [1618167297.775421894, 8.162000000]: Link dummy_link has visual geometry but no collision geometry. Collision geometry will be left empty. Fix your URDF file by explicitly specifying collision geometry.[0m
[0m[ INFO] [1618167299.578962046, 8.599000000]: Ready to take commands for planning group front_right_leg.[0m
[0m[ INFO] [1618167302.949705293, 9.400000000]: Ready to take commands for planning group front_left_leg.[0m
[0m[ INFO] [1618167306.606789031, 10.200000000]: Ready to take commands for planning group back_right_leg.[0m
[0m[ INFO] [1618167310.014083952, 11.000000000]: Ready to take commands for planning group back_left_leg.[0m
[Actor] GPU>>>>>>>>>>>>
[Actor] [PhysicalDevice(name='/physical_device:GPU:0', device_type='GPU')]
[DDPG] Loading Actor Weights
[DDPG] Training Start
[DDPG] Resetting Environment
[DDPG] Starting Pretraining Test
2021-04-11 18:56:56.566929: I tensorflow/stream_executor/platform/default/dso_loader.cc:49] Successfully opened dynamic library libcublas.so.11
2021-04-11 18:57:01.176181: I tensorflow/stream_executor/platform/default/dso_loader.cc:49] Successfully opened dynamic library libcublasLt.so.11
[DDPG] Step 0 Reward 45.18280 Time 6.90409
[DDPG] Step 1 Reward 45.44576 Time 1.67453
[DDPG] Step 2 Reward -5.58685 Time 1.99227
[DDPG] Step 3 Reward -5.24832 Time 1.55900
[DDPG] Step 4 Reward -5.53533 Time 1.57002
[DDPG] Resetting Environment
[DDPG] Starting Episode 0
[DDPG] Episode 0 Step 0 Reward -0.65580 Time 2.11442
[DDPG] Episode 0 Step 1 Reward -5.07337 Time 1.72637
[DDPG] Quadruped Not Upright
[DDPG] Episode 0 Step 2 Reward -15.70945 Time 1.16483
[DDPG] Starting Next Episode
[DDPG] Critic Loss 92.98657989501953
[DDPG] Total Reward -21.43862 Avg Critic Loss 92.98658 Time 2.53215

[DDPG] Saving Model
[DDPG] Resetting Environment
[DDPG] Starting Episode 1
[DDPG] Episode 1 Step 0 Reward -5.31374 Time 1.75011
[DDPG] Episode 1 Step 1 Reward -5.40046 Time 1.51243
[DDPG] Floating Point Error in reward computation
[DDPG] Critic Loss 67.04731750488281
[DDPG] Total Reward -10.71420 Avg Critic Loss 67.04732 Time 2.33808
[DDPG] Resetting Environment
[DDPG] Starting Episode 2
[DDPG] Episode 2 Step 0 Reward -5.30854 Time 1.70524
[DDPG] Episode 2 Step 1 Reward -5.33351 Time 1.50242
[DDPG] Episode 2 Step 2 Reward -4.95442 Time 1.31866
[DDPG] Episode 2 Step 3 Reward -5.16949 Time 1.47104
[DDPG] Episode 2 Step 4 Reward -5.05732 Time 1.91255
[DDPG] Episode 2 Step 5 Reward -0.86915 Time 1.97667
[DDPG] Episode 2 Step 6 Reward -5.27583 Time 1.54807
[DDPG] Episode 2 Step 7 Reward -5.31407 Time 1.75090
[DDPG] Quadruped Not Upright
[DDPG] Episode 2 Step 8 Reward -15.25408 Time 1.46687
[DDPG] Starting Next Episode
[DDPG] Critic Loss 53.75657272338867
[DDPG] Total Reward -52.53641 Avg Critic Loss 53.75657 Time 2.65854
[DDPG] Resetting Environment
[DDPG] Starting Episode 3
[DDPG] Episode 3 Step 0 Reward -5.61031 Time 1.74370
[DDPG] Episode 3 Step 1 Reward -5.43822 Time 1.48421
[DDPG] Quadruped Not Upright
[DDPG] Episode 3 Step 2 Reward -15.55424 Time 1.39504
[DDPG] Starting Next Episode
[DDPG] Critic Loss 62.04182052612305
[DDPG] Total Reward -26.60278 Avg Critic Loss 62.04182 Time 2.79145
[DDPG] Resetting Environment
[DDPG] Starting Episode 4
[DDPG] Episode 4 Step 0 Reward -0.11627 Time 1.86725
[DDPG] Episode 4 Step 1 Reward -0.04447 Time 2.28274
[DDPG] Episode 4 Step 2 Reward -5.91115 Time 1.43290
[DDPG] Quadruped Not Upright
[DDPG] Episode 4 Step 3 Reward -15.25936 Time 1.32475
[DDPG] Starting Next Episode
[DDPG] Critic Loss 62.81891632080078
[DDPG] Total Reward -21.33125 Avg Critic Loss 62.81892 Time 2.84574
[DDPG] Resetting Environment
[DDPG] Starting Episode 5
[DDPG] Episode 5 Step 0 Reward -5.30126 Time 1.63994
[DDPG] Episode 5 Step 1 Reward -5.45623 Time 1.68599
[DDPG] Episode 5 Step 2 Reward -5.39084 Time 1.47883
[DDPG] Quadruped Not Upright
[DDPG] Episode 5 Step 3 Reward -15.85669 Time 1.65355
[DDPG] Starting Next Episode
[DDPG] Critic Loss 66.25959777832031
[DDPG] Total Reward -32.00502 Avg Critic Loss 66.25960 Time 2.46334
[DDPG] Resetting Environment
[DDPG] Starting Episode 6
[DDPG] Episode 6 Step 0 Reward -5.24975 Time 1.84148
[DDPG] Episode 6 Step 1 Reward -0.11591 Time 1.48807
[DDPG] Episode 6 Step 2 Reward -5.61705 Time 1.78631
[DDPG] Episode 6 Step 3 Reward -5.33051 Time 1.70004
[DDPG] Episode 6 Step 4 Reward -5.89968 Time 1.68877
[DDPG] Episode 6 Step 5 Reward -5.60483 Time 1.24932
[DDPG] Quadruped Not Upright
[DDPG] Episode 6 Step 6 Reward -11.09576 Time 1.48515
[DDPG] Starting Next Episode
[DDPG] Critic Loss 59.91102600097656
[DDPG] Total Reward -38.91348 Avg Critic Loss 59.91103 Time 2.56324
[DDPG] Resetting Environment
[DDPG] Starting Episode 7
[DDPG] Episode 7 Step 0 Reward -5.69629 Time 1.77257
[DDPG] Episode 7 Step 1 Reward -5.38022 Time 1.75101
[DDPG] Episode 7 Step 2 Reward -5.28920 Time 1.84720
[DDPG] Quadruped Not Upright
[DDPG] Episode 7 Step 3 Reward -15.28208 Time 1.40127
[DDPG] Starting Next Episode
[DDPG] Critic Loss 62.14661407470703
[DDPG] Total Reward -31.64780 Avg Critic Loss 62.14661 Time 3.02320
[DDPG] Resetting Environment
[DDPG] Starting Episode 8
[DDPG] Episode 8 Step 0 Reward -5.61755 Time 1.80170
[DDPG] Floating Point Error in reward computation
[DDPG] Critic Loss 61.26657485961914
[DDPG] Total Reward -5.61755 Avg Critic Loss 61.26657 Time 3.38685
[DDPG] Resetting Environment
[DDPG] Starting Episode 9
[DDPG] Episode 9 Step 0 Reward -0.33577 Time 1.57105
[DDPG] Episode 9 Step 1 Reward -5.16191 Time 1.57160
[DDPG] Episode 9 Step 2 Reward -5.75415 Time 1.88472
[DDPG] Episode 9 Step 3 Reward -5.84121 Time 1.53354
[DDPG] Episode 9 Step 4 Reward -5.03089 Time 1.74778
[DDPG] Quadruped Not Upright
[DDPG] Episode 9 Step 5 Reward -15.62564 Time 1.59606
[DDPG] Starting Next Episode
[DDPG] Critic Loss 60.98538589477539
[DDPG] Total Reward -37.74956 Avg Critic Loss 60.98539 Time 3.04447
[DDPG] Resetting Environment
[DDPG] Starting Episode 10
[DDPG] Episode 10 Step 0 Reward -5.22216 Time 1.53141
[DDPG] Episode 10 Step 1 Reward -5.16074 Time 2.01166
[DDPG] Episode 10 Step 2 Reward -5.41385 Time 1.91013
[DDPG] Episode 10 Step 3 Reward -5.02470 Time 1.71132
[DDPG] Episode 10 Step 4 Reward -5.50056 Time 1.30544
[DDPG] Quadruped Not Upright
[DDPG] Episode 10 Step 5 Reward -15.77516 Time 1.34351
[DDPG] Starting Next Episode
[DDPG] Critic Loss 61.15936279296875
[DDPG] Total Reward -42.09716 Avg Critic Loss 61.15936 Time 2.82334
[DDPG] Resetting Environment
[DDPG] Starting Episode 11
[DDPG] Quadruped Not Upright
[DDPG] Episode 11 Step 0 Reward -16.29254 Time 1.80103
[DDPG] Starting Next Episode
[DDPG] Critic Loss 65.15505981445312
[DDPG] Total Reward -16.29254 Avg Critic Loss 65.15506 Time 3.66976
[DDPG] Resetting Environment
[]
[DDPG] Error in Resetting End Training
[DDPG] Starting Episode 12
[DDPG] Quadruped Not Upright
[DDPG] Episode 12 Step 0 Reward -15.75756 Time 1.59866
[DDPG] Starting Next Episode
[DDPG] Critic Loss 68.6899185180664
[DDPG] Total Reward -15.75756 Avg Critic Loss 68.68992 Time 2.98613
[DDPG] Resetting Environment
[DDPG] Starting Episode 13
[DDPG] Episode 13 Step 0 Reward -5.58882 Time 1.78946
[DDPG] Episode 13 Step 1 Reward -5.34055 Time 1.74608
[DDPG] Episode 13 Step 2 Reward -5.74207 Time 1.83397
[DDPG] Floating Point Error in reward computation
[DDPG] Critic Loss 66.56831359863281
[DDPG] Total Reward -16.67143 Avg Critic Loss 66.56831 Time 3.74562
[DDPG] Resetting Environment
[DDPG] Starting Episode 14
[DDPG] Episode 14 Step 0 Reward -5.70658 Time 1.51846
[DDPG] Episode 14 Step 1 Reward -5.12464 Time 1.56219
[DDPG] Episode 14 Step 2 Reward -5.93600 Time 1.62281
[DDPG] Quadruped Not Upright
[DDPG] Episode 14 Step 3 Reward -15.19442 Time 1.40975
[DDPG] Starting Next Episode
[DDPG] Critic Loss 67.4057846069336
[DDPG] Total Reward -31.96164 Avg Critic Loss 67.40578 Time 3.20979
[DDPG] Resetting Environment
[DDPG] Starting Episode 15
[DDPG] Episode 15 Step 0 Reward -5.55497 Time 1.65999
[DDPG] Episode 15 Step 1 Reward -5.20087 Time 1.54099
[DDPG] Episode 15 Step 2 Reward -5.36112 Time 1.37296
[DDPG] Episode 15 Step 3 Reward -5.29141 Time 1.51354
[DDPG] Episode 15 Step 4 Reward -5.09623 Time 1.38206
[DDPG] Quadruped Not Upright
[DDPG] Episode 15 Step 5 Reward -15.33659 Time 1.40996
[DDPG] Starting Next Episode
[DDPG] Critic Loss 66.87317657470703
[DDPG] Total Reward -41.84120 Avg Critic Loss 66.87318 Time 3.85623
[DDPG] Resetting Environment
[DDPG] Starting Episode 16
[DDPG] Episode 16 Step 0 Reward -5.38292 Time 1.62463
[DDPG] Episode 16 Step 1 Reward -5.45756 Time 1.52805
[DDPG] Quadruped Not Upright
[DDPG] Episode 16 Step 2 Reward -16.03497 Time 1.29060
[DDPG] Starting Next Episode
[DDPG] Critic Loss 68.51798248291016
[DDPG] Total Reward -26.87545 Avg Critic Loss 68.51798 Time 3.62169
[DDPG] Resetting Environment
[DDPG] Starting Episode 17
[DDPG] Episode 17 Step 0 Reward -5.09663 Time 1.50600
[DDPG] Episode 17 Step 1 Reward -5.04113 Time 1.69450
[DDPG] Episode 17 Step 2 Reward -5.47350 Time 1.48709
[DDPG] Floating Point Error in reward computation
[DDPG] Critic Loss 66.6505126953125
[DDPG] Total Reward -15.61125 Avg Critic Loss 66.65051 Time 3.19944
[DDPG] Resetting Environment
[DDPG] Starting Episode 18
[DDPG] Episode 18 Step 0 Reward -5.39101 Time 1.75765
[DDPG] Episode 18 Step 1 Reward -5.13476 Time 1.24632
[DDPG] Episode 18 Step 2 Reward -5.78325 Time 1.40277
[DDPG] Quadruped Not Upright
[DDPG] Episode 18 Step 3 Reward -15.88960 Time 1.52054
[DDPG] Starting Next Episode
[DDPG] Critic Loss 67.53732299804688
[DDPG] Total Reward -32.19862 Avg Critic Loss 67.53732 Time 4.03097
[DDPG] Resetting Environment
[DDPG] Starting Episode 19
[DDPG] Episode 19 Step 0 Reward -5.59498 Time 1.70774
[DDPG] Episode 19 Step 1 Reward -5.40577 Time 1.83188
[DDPG] Episode 19 Step 2 Reward -5.34277 Time 1.47759
[DDPG] Floating Point Error in reward computation
[DDPG] Critic Loss 65.97563171386719
[DDPG] Total Reward -16.34351 Avg Critic Loss 65.97563 Time 3.78701
[DDPG] Resetting Environment
[DDPG] Starting Episode 20
[DDPG] Quadruped Not Upright
[DDPG] Episode 20 Step 0 Reward -16.49418 Time 1.74310
[DDPG] Starting Next Episode
[DDPG] Critic Loss 68.52474975585938
[DDPG] Total Reward -16.49418 Avg Critic Loss 68.52475 Time 4.43349
[DDPG] Resetting Environment
[DDPG] Starting Episode 21
[DDPG] Episode 21 Step 0 Reward -5.99020 Time 1.86844
[DDPG] Episode 21 Step 1 Reward -5.10789 Time 1.60313
[DDPG] Episode 21 Step 2 Reward -6.22004 Time 1.23108
[DDPG] Episode 21 Step 3 Reward -5.29638 Time 1.42042
[DDPG] Episode 21 Step 4 Reward -6.06124 Time 1.74782
[DDPG] Quadruped Not Upright
[DDPG] Episode 21 Step 5 Reward -15.74566 Time 1.27528
[DDPG] Starting Next Episode
[DDPG] Critic Loss 68.4290771484375
[DDPG] Total Reward -44.42142 Avg Critic Loss 68.42908 Time 3.33476
[DDPG] Resetting Environment
[DDPG] Starting Episode 22
[DDPG] Episode 22 Step 0 Reward -6.16951 Time 2.09998
[DDPG] Quadruped Not Upright
[DDPG] Episode 22 Step 1 Reward -15.25074 Time 1.24255
[DDPG] Starting Next Episode
[DDPG] Critic Loss 70.03739929199219
[DDPG] Total Reward -21.42025 Avg Critic Loss 70.03740 Time 3.85208
[DDPG] Resetting Environment
[DDPG] Starting Episode 23
[DDPG] Episode 23 Step 0 Reward -5.99505 Time 1.43875
[DDPG] Quadruped Not Upright
[DDPG] Episode 23 Step 1 Reward -16.06033 Time 1.37060
[DDPG] Starting Next Episode
[DDPG] Critic Loss 71.67546081542969
[DDPG] Total Reward -22.05538 Avg Critic Loss 71.67546 Time 3.21569
[DDPG] Resetting Environment
[]
[DDPG] Error in Resetting End Training
[DDPG] Starting Episode 24
[DDPG] Episode 24 Step 0 Reward -6.04525 Time 1.12249
[DDPG] Floating Point Error in reward computation
[DDPG] Critic Loss 71.23368072509766
[DDPG] Total Reward -6.04525 Avg Critic Loss 71.23368 Time 3.98939
[DDPG] Resetting Environment
[DDPG] Starting Episode 25
[DDPG] Episode 25 Step 0 Reward -6.23778 Time 1.72203
[DDPG] Quadruped Not Upright
[DDPG] Episode 25 Step 1 Reward -15.42890 Time 1.71270
[DDPG] Starting Next Episode
[DDPG] Critic Loss 72.6781234741211
[DDPG] Total Reward -21.66668 Avg Critic Loss 72.67812 Time 3.82746

[DDPG] Saving Model
[DDPG] Resetting Environment
[]
[DDPG] Error in Resetting End Training
[DDPG] Starting Episode 26
[DDPG] Quadruped Not Upright
[DDPG] Episode 26 Step 0 Reward -15.64116 Time 1.53870
[DDPG] Starting Next Episode
[DDPG] Critic Loss 74.55191040039062
[DDPG] Total Reward -15.64116 Avg Critic Loss 74.55191 Time 3.92442
[DDPG] Resetting Environment
[]
[DDPG] Error in Resetting End Training
[DDPG] Starting Episode 27
[DDPG] Quadruped Not Upright
[DDPG] Episode 27 Step 0 Reward -15.97230 Time 1.50437
[DDPG] Starting Next Episode
[DDPG] Critic Loss 76.4297103881836
[DDPG] Total Reward -15.97230 Avg Critic Loss 76.42971 Time 3.87745
[DDPG] Resetting Environment
[]
[DDPG] Error in Resetting End Training
[DDPG] Starting Episode 28
[DDPG] Quadruped Not Upright
[DDPG] Episode 28 Step 0 Reward -15.94559 Time 1.65580
[DDPG] Starting Next Episode
[DDPG] Critic Loss 78.31179809570312
[DDPG] Total Reward -15.94559 Avg Critic Loss 78.31180 Time 4.67314
[DDPG] Resetting Environment
[]
[DDPG] Error in Resetting End Training
[DDPG] Starting Episode 29
[DDPG] Episode 29 Step 0 Reward -5.48190 Time 1.58632
[DDPG] Quadruped Not Upright
[DDPG] Episode 29 Step 1 Reward -15.90335 Time 1.64175
[DDPG] Starting Next Episode
[DDPG] Critic Loss 79.67308807373047
[DDPG] Total Reward -21.38525 Avg Critic Loss 79.67309 Time 2.11002
[DDPG] Resetting Environment
[]
[DDPG] Error in Resetting End Training
[DDPG] Starting Episode 30
[DDPG] Quadruped Not Upright
[DDPG] Episode 30 Step 0 Reward -16.14108 Time 1.67217
[DDPG] Starting Next Episode
[DDPG] Critic Loss 81.5337142944336
[DDPG] Total Reward -16.14108 Avg Critic Loss 81.53371 Time 4.36665
[DDPG] Resetting Environment
[]
[DDPG] Error in Resetting End Training
[DDPG] Starting Episode 31
[DDPG] Episode 31 Step 0 Reward -6.65438 Time 1.62366
[DDPG] Quadruped Not Upright
[DDPG] Episode 31 Step 1 Reward -16.44470 Time 1.42705
[DDPG] Starting Next Episode
[DDPG] Critic Loss 82.9688949584961
[DDPG] Total Reward -23.09908 Avg Critic Loss 82.96889 Time 4.31840
[DDPG] Resetting Environment
[DDPG] Starting Episode 32
[DDPG] Quadruped Not Upright
[DDPG] Episode 32 Step 0 Reward -16.25084 Time 1.95454
[DDPG] Starting Next Episode
[DDPG] Critic Loss 84.78186798095703
[DDPG] Total Reward -16.25084 Avg Critic Loss 84.78187 Time 4.00275
[DDPG] Resetting Environment
[]
[DDPG] Error in Resetting End Training
[DDPG] Starting Episode 33
[DDPG] Quadruped Not Upright
[DDPG] Episode 33 Step 0 Reward -16.27412 Time 1.29480
[DDPG] Starting Next Episode
[DDPG] Critic Loss 86.386474609375
[DDPG] Total Reward -16.27412 Avg Critic Loss 86.38647 Time 4.29250
[DDPG] Resetting Environment
[DDPG] Starting Episode 34
[DDPG] Quadruped Not Upright
[DDPG] Episode 34 Step 0 Reward -16.46489 Time 1.59404
[DDPG] Starting Next Episode
[DDPG] Critic Loss 88.2201156616211
[DDPG] Total Reward -16.46489 Avg Critic Loss 88.22012 Time 4.29606
[DDPG] Resetting Environment
[DDPG] Starting Episode 35
[DDPG] Quadruped Not Upright
[DDPG] Episode 35 Step 0 Reward -16.54952 Time 1.62187
[DDPG] Starting Next Episode
[DDPG] Critic Loss 90.04032135009766
[DDPG] Total Reward -16.54952 Avg Critic Loss 90.04032 Time 4.56676
[DDPG] Resetting Environment
[DDPG] Starting Episode 36
[DDPG] Quadruped Not Upright
[DDPG] Episode 36 Step 0 Reward -16.69258 Time 1.45857
[DDPG] Starting Next Episode
[DDPG] Critic Loss 91.75064849853516
[DDPG] Total Reward -16.69258 Avg Critic Loss 91.75065 Time 4.41478
[DDPG] Resetting Environment
[DDPG] Starting Episode 37
[DDPG] Quadruped Not Upright
[DDPG] Episode 37 Step 0 Reward -16.66182 Time 1.45201
[DDPG] Starting Next Episode
[DDPG] Critic Loss 93.52294158935547
[DDPG] Total Reward -16.66182 Avg Critic Loss 93.52294 Time 4.07224
[DDPG] Resetting Environment
[DDPG] Starting Episode 38
[DDPG] Quadruped Not Upright
[DDPG] Episode 38 Step 0 Reward -16.64603 Time 1.43675
[DDPG] Starting Next Episode
[DDPG] Critic Loss 95.26154327392578
[DDPG] Total Reward -16.64603 Avg Critic Loss 95.26154 Time 4.16185
[DDPG] Resetting Environment
[DDPG] Starting Episode 39
[DDPG] Quadruped Not Upright
[DDPG] Episode 39 Step 0 Reward -16.52573 Time 1.64817
[DDPG] Starting Next Episode
[DDPG] Critic Loss 96.85682678222656
[DDPG] Total Reward -16.52573 Avg Critic Loss 96.85683 Time 4.73643
[DDPG] Resetting Environment
[DDPG] Starting Episode 40
[DDPG] Quadruped Not Upright
[DDPG] Episode 40 Step 0 Reward -16.69049 Time 1.53389
[DDPG] Starting Next Episode
[DDPG] Critic Loss 98.56884002685547
[DDPG] Total Reward -16.69049 Avg Critic Loss 98.56884 Time 5.03633
[DDPG] Resetting Environment
[DDPG] Starting Episode 41
[DDPG] Quadruped Not Upright
[DDPG] Episode 41 Step 0 Reward -16.40903 Time 1.46139
[DDPG] Starting Next Episode
[DDPG] Critic Loss 100.15738677978516
[DDPG] Total Reward -16.40903 Avg Critic Loss 100.15739 Time 4.81199
[DDPG] Resetting Environment
[DDPG] Starting Episode 42
[DDPG] Quadruped Not Upright
[DDPG] Episode 42 Step 0 Reward -16.33821 Time 1.52771
[DDPG] Starting Next Episode
[DDPG] Critic Loss 101.69725799560547
[DDPG] Total Reward -16.33821 Avg Critic Loss 101.69726 Time 5.37309
[DDPG] Resetting Environment
[DDPG] Starting Episode 43
[DDPG] Quadruped Not Upright
[DDPG] Episode 43 Step 0 Reward -16.65884 Time 1.47116
[DDPG] Starting Next Episode
[DDPG] Critic Loss 103.30078887939453
[DDPG] Total Reward -16.65884 Avg Critic Loss 103.30079 Time 4.72051
[DDPG] Resetting Environment
[DDPG] Starting Episode 44
[DDPG] Quadruped Not Upright
[DDPG] Episode 44 Step 0 Reward -16.66444 Time 1.64909
[DDPG] Starting Next Episode
[DDPG] Critic Loss 104.79967498779297
[DDPG] Total Reward -16.66444 Avg Critic Loss 104.79967 Time 5.20386
[DDPG] Resetting Environment
[DDPG] Starting Episode 45
[DDPG] Quadruped Not Upright
[DDPG] Episode 45 Step 0 Reward -16.27909 Time 1.52691
[DDPG] Starting Next Episode
[DDPG] Critic Loss 106.22840881347656
[DDPG] Total Reward -16.27909 Avg Critic Loss 106.22841 Time 3.65520
[DDPG] Resetting Environment
[]
[DDPG] Error in Resetting End Training
[DDPG] Starting Episode 46
[DDPG] Episode 46 Step 0 Reward -6.29086 Time 1.75354
[DDPG] Quadruped Not Upright
[DDPG] Episode 46 Step 1 Reward -15.99241 Time 1.33057
[DDPG] Starting Next Episode
[DDPG] Critic Loss 106.9889907836914
[DDPG] Total Reward -22.28326 Avg Critic Loss 106.98899 Time 4.86164
[DDPG] Resetting Environment
[DDPG] Starting Episode 47
[DDPG] Quadruped Not Upright
[DDPG] Episode 47 Step 0 Reward -16.68924 Time 1.51465
[DDPG] Starting Next Episode
[DDPG] Critic Loss 108.04456329345703
[DDPG] Total Reward -16.68924 Avg Critic Loss 108.04456 Time 5.30031
[DDPG] Resetting Environment
[DDPG] Starting Episode 48
[DDPG] Quadruped Not Upright
[DDPG] Episode 48 Step 0 Reward -16.51791 Time 1.55668
[DDPG] Starting Next Episode
[DDPG] Critic Loss 109.17988586425781
[DDPG] Total Reward -16.51791 Avg Critic Loss 109.17989 Time 3.95633
[DDPG] Resetting Environment
[DDPG] Starting Episode 49
[DDPG] Quadruped Not Upright
[DDPG] Episode 49 Step 0 Reward -16.52986 Time 1.58531
[DDPG] Starting Next Episode
[DDPG] Critic Loss 110.6127700805664
[DDPG] Total Reward -16.52986 Avg Critic Loss 110.61277 Time 4.58697
[DDPG] Resetting Environment
[DDPG] Starting Episode 50
[DDPG] Quadruped Not Upright
[DDPG] Episode 50 Step 0 Reward -16.63217 Time 1.89228
[DDPG] Starting Next Episode
[DDPG] Critic Loss 111.91460418701172
[DDPG] Total Reward -16.63217 Avg Critic Loss 111.91460 Time 5.30254

[DDPG] Saving Model
[DDPG] Resetting Environment
[DDPG] Starting Episode 51
[DDPG] Quadruped Not Upright
[DDPG] Episode 51 Step 0 Reward -16.69059 Time 1.25885
[DDPG] Starting Next Episode
[DDPG] Critic Loss 113.30180358886719
[DDPG] Total Reward -16.69059 Avg Critic Loss 113.30180 Time 3.82620
[DDPG] Resetting Environment
[DDPG] Starting Episode 52
[DDPG] Quadruped Not Upright
[DDPG] Episode 52 Step 0 Reward -16.67760 Time 1.39865
[DDPG] Starting Next Episode
[DDPG] Critic Loss 114.53682708740234
[DDPG] Total Reward -16.67760 Avg Critic Loss 114.53683 Time 3.30905
[DDPG] Resetting Environment
[DDPG] Starting Episode 53
[DDPG] Quadruped Not Upright
[DDPG] Episode 53 Step 0 Reward -16.77024 Time 1.31514
[DDPG] Starting Next Episode
[DDPG] Critic Loss 115.8650131225586
[DDPG] Total Reward -16.77024 Avg Critic Loss 115.86501 Time 5.09878
[DDPG] Resetting Environment
[DDPG] Starting Episode 54
[DDPG] Quadruped Not Upright
[DDPG] Episode 54 Step 0 Reward -16.38273 Time 1.50128
[DDPG] Starting Next Episode
[DDPG] Critic Loss 117.06717681884766
[DDPG] Total Reward -16.38273 Avg Critic Loss 117.06718 Time 4.47421
[DDPG] Resetting Environment
[DDPG] Starting Episode 55
[DDPG] Quadruped Not Upright
[DDPG] Episode 55 Step 0 Reward -15.97459 Time 1.38257
[DDPG] Starting Next Episode
[DDPG] Critic Loss 118.14263916015625
[DDPG] Total Reward -15.97459 Avg Critic Loss 118.14264 Time 3.57318
[DDPG] Resetting Environment
[DDPG] Starting Episode 56
[DDPG] Quadruped Not Upright
[DDPG] Episode 56 Step 0 Reward -16.63810 Time 1.44262
[DDPG] Starting Next Episode
[DDPG] Critic Loss 119.37405395507812
[DDPG] Total Reward -16.63810 Avg Critic Loss 119.37405 Time 4.67170
[DDPG] Resetting Environment
[DDPG] Starting Episode 57
[DDPG] Quadruped Not Upright
[DDPG] Episode 57 Step 0 Reward -16.69322 Time 1.54312
[DDPG] Starting Next Episode
[DDPG] Critic Loss 120.60006713867188
[DDPG] Total Reward -16.69322 Avg Critic Loss 120.60007 Time 4.93722
[DDPG] Resetting Environment
[DDPG] Starting Episode 58
[DDPG] Quadruped Not Upright
[DDPG] Episode 58 Step 0 Reward -16.47067 Time 1.63011
[DDPG] Starting Next Episode
[DDPG] Critic Loss 121.74763488769531
[DDPG] Total Reward -16.47067 Avg Critic Loss 121.74763 Time 4.95022
[DDPG] Resetting Environment
[DDPG] Starting Episode 59
[DDPG] Quadruped Not Upright
[DDPG] Episode 59 Step 0 Reward -16.72434 Time 1.20322
[DDPG] Starting Next Episode
[DDPG] Critic Loss 122.94296264648438
[DDPG] Total Reward -16.72434 Avg Critic Loss 122.94296 Time 4.55185
[DDPG] Resetting Environment
[DDPG] Starting Episode 60
[DDPG] Quadruped Not Upright
[DDPG] Episode 60 Step 0 Reward -16.43764 Time 1.43446
[DDPG] Starting Next Episode
[DDPG] Critic Loss 124.04547119140625
[DDPG] Total Reward -16.43764 Avg Critic Loss 124.04547 Time 5.00145
[DDPG] Resetting Environment
[DDPG] Starting Episode 61
[DDPG] Quadruped Not Upright
[DDPG] Episode 61 Step 0 Reward -16.70791 Time 1.33277
[DDPG] Starting Next Episode
[DDPG] Critic Loss 125.1902084350586
[DDPG] Total Reward -16.70791 Avg Critic Loss 125.19021 Time 3.87513
[DDPG] Resetting Environment
[DDPG] Starting Episode 62
[DDPG] Quadruped Not Upright
[DDPG] Episode 62 Step 0 Reward -16.57381 Time 1.59895
[DDPG] Starting Next Episode
[DDPG] Critic Loss 126.28971862792969
[DDPG] Total Reward -16.57381 Avg Critic Loss 126.28972 Time 5.24043
[DDPG] Resetting Environment
[DDPG] Starting Episode 63
[DDPG] Quadruped Not Upright
[DDPG] Episode 63 Step 0 Reward -16.65079 Time 1.67780
[DDPG] Starting Next Episode
[DDPG] Critic Loss 127.39041900634766
[DDPG] Total Reward -16.65079 Avg Critic Loss 127.39042 Time 4.51706
[DDPG] Resetting Environment
[DDPG] Starting Episode 64
[DDPG] Quadruped Not Upright
[DDPG] Episode 64 Step 0 Reward -16.67742 Time 1.41110
[DDPG] Starting Next Episode
[DDPG] Critic Loss 128.48056030273438
[DDPG] Total Reward -16.67742 Avg Critic Loss 128.48056 Time 5.79479
[DDPG] Resetting Environment
[DDPG] Starting Episode 65
[DDPG] Quadruped Not Upright
[DDPG] Episode 65 Step 0 Reward -16.64643 Time 1.44949
[DDPG] Starting Next Episode
[DDPG] Critic Loss 129.54498291015625
[DDPG] Total Reward -16.64643 Avg Critic Loss 129.54498 Time 5.16561
[DDPG] Resetting Environment
[DDPG] Starting Episode 66
[DDPG] Quadruped Not Upright
[DDPG] Episode 66 Step 0 Reward -16.62124 Time 1.77160
[DDPG] Starting Next Episode
[DDPG] Critic Loss 130.58348083496094
[DDPG] Total Reward -16.62124 Avg Critic Loss 130.58348 Time 5.27713
[DDPG] Resetting Environment
[DDPG] Starting Episode 67
[DDPG] Quadruped Not Upright
[DDPG] Episode 67 Step 0 Reward -16.66832 Time 1.59692
[DDPG] Starting Next Episode
[DDPG] Critic Loss 131.5646514892578
[DDPG] Total Reward -16.66832 Avg Critic Loss 131.56465 Time 5.37008
[DDPG] Resetting Environment
[DDPG] Starting Episode 68
[DDPG] Quadruped Not Upright
[DDPG] Episode 68 Step 0 Reward -16.60540 Time 1.39754
[DDPG] Starting Next Episode
[DDPG] Critic Loss 132.5576171875
[DDPG] Total Reward -16.60540 Avg Critic Loss 132.55762 Time 4.90194
[DDPG] Resetting Environment
[DDPG] Starting Episode 69
[DDPG] Quadruped Not Upright
[DDPG] Episode 69 Step 0 Reward -16.34987 Time 1.28900
[DDPG] Starting Next Episode
[DDPG] Critic Loss 133.47998046875
[DDPG] Total Reward -16.34987 Avg Critic Loss 133.47998 Time 5.42853
[DDPG] Resetting Environment
[DDPG] Starting Episode 70
[DDPG] Quadruped Not Upright
[DDPG] Episode 70 Step 0 Reward -15.22621 Time 1.42211
[DDPG] Starting Next Episode
[DDPG] Critic Loss 134.14031982421875
[DDPG] Total Reward -15.22621 Avg Critic Loss 134.14032 Time 4.89337
[DDPG] Resetting Environment
[DDPG] Starting Episode 71
[DDPG] Quadruped Not Upright
[DDPG] Episode 71 Step 0 Reward -16.47733 Time 1.41011
[DDPG] Starting Next Episode
[DDPG] Critic Loss 135.07257080078125
[DDPG] Total Reward -16.47733 Avg Critic Loss 135.07257 Time 4.32133
[DDPG] Resetting Environment
[DDPG] Starting Episode 72
[DDPG] Quadruped Not Upright
[DDPG] Episode 72 Step 0 Reward -16.72648 Time 1.41795
[DDPG] Starting Next Episode
[DDPG] Critic Loss 136.04859924316406
[DDPG] Total Reward -16.72648 Avg Critic Loss 136.04860 Time 4.23577
[DDPG] Resetting Environment
[DDPG] Starting Episode 73
[DDPG] Quadruped Not Upright
[DDPG] Episode 73 Step 0 Reward -16.75439 Time 1.17201
[DDPG] Starting Next Episode
[DDPG] Critic Loss 136.92376708984375
[DDPG] Total Reward -16.75439 Avg Critic Loss 136.92377 Time 5.24914
[DDPG] Resetting Environment
[DDPG] Starting Episode 74
[DDPG] Quadruped Not Upright
[DDPG] Episode 74 Step 0 Reward -16.61940 Time 0.96244
[DDPG] Starting Next Episode
[DDPG] Critic Loss 137.6314697265625
[DDPG] Total Reward -16.61940 Avg Critic Loss 137.63147 Time 4.72101
[DDPG] Resetting Environment
[DDPG] Starting Episode 75
[DDPG] Quadruped Not Upright
[DDPG] Episode 75 Step 0 Reward -16.50205 Time 1.57389
[DDPG] Starting Next Episode
[DDPG] Critic Loss 138.44618225097656
[DDPG] Total Reward -16.50205 Avg Critic Loss 138.44618 Time 4.39494

[DDPG] Saving Model
[DDPG] Resetting Environment
[DDPG] Starting Episode 76
[DDPG] Quadruped Not Upright
[DDPG] Episode 76 Step 0 Reward -16.55858 Time 1.21628
[DDPG] Starting Next Episode
[DDPG] Critic Loss 139.28244018554688
[DDPG] Total Reward -16.55858 Avg Critic Loss 139.28244 Time 5.35914
[DDPG] Resetting Environment
[DDPG] Starting Episode 77
[DDPG] Quadruped Not Upright
[DDPG] Episode 77 Step 0 Reward -16.60202 Time 1.38692
[DDPG] Starting Next Episode
[DDPG] Critic Loss 139.88186645507812
[DDPG] Total Reward -16.60202 Avg Critic Loss 139.88187 Time 5.44120
[DDPG] Resetting Environment
[DDPG] Starting Episode 78
[DDPG] Quadruped Not Upright
[DDPG] Episode 78 Step 0 Reward -16.58474 Time 1.65189
[DDPG] Starting Next Episode
[DDPG] Critic Loss 139.81919860839844
[DDPG] Total Reward -16.58474 Avg Critic Loss 139.81920 Time 5.01031
[DDPG] Resetting Environment
[DDPG] Starting Episode 79
[DDPG] Quadruped Not Upright
[DDPG] Episode 79 Step 0 Reward -16.64490 Time 1.54305
[DDPG] Starting Next Episode
[DDPG] Critic Loss 140.17703247070312
[DDPG] Total Reward -16.64490 Avg Critic Loss 140.17703 Time 5.64369
[DDPG] Resetting Environment
[DDPG] Starting Episode 80
[DDPG] Quadruped Not Upright
[DDPG] Episode 80 Step 0 Reward -16.61400 Time 1.36009
[DDPG] Starting Next Episode
[DDPG] Critic Loss 140.98561096191406
[DDPG] Total Reward -16.61400 Avg Critic Loss 140.98561 Time 5.04606
[DDPG] Resetting Environment
[DDPG] Starting Episode 81
[DDPG] Quadruped Not Upright
[DDPG] Episode 81 Step 0 Reward -16.69708 Time 1.37785
[DDPG] Starting Next Episode
[DDPG] Critic Loss 141.78721618652344
[DDPG] Total Reward -16.69708 Avg Critic Loss 141.78722 Time 5.43140
[DDPG] Resetting Environment
[DDPG] Starting Episode 82
[DDPG] Quadruped Not Upright
[DDPG] Episode 82 Step 0 Reward -16.61083 Time 1.69287
[DDPG] Starting Next Episode
[DDPG] Critic Loss 142.559326171875
[DDPG] Total Reward -16.61083 Avg Critic Loss 142.55933 Time 5.45807
[DDPG] Resetting Environment
[DDPG] Starting Episode 83
[DDPG] Quadruped Not Upright
[DDPG] Episode 83 Step 0 Reward -16.39915 Time 1.47319
[DDPG] Starting Next Episode
[DDPG] Critic Loss 143.27554321289062
[DDPG] Total Reward -16.39915 Avg Critic Loss 143.27554 Time 5.57371
[DDPG] Resetting Environment
[DDPG] Starting Episode 84
[DDPG] Quadruped Not Upright
[DDPG] Episode 84 Step 0 Reward -16.62044 Time 1.37873
[DDPG] Starting Next Episode
[DDPG] Critic Loss 144.0350341796875
[DDPG] Total Reward -16.62044 Avg Critic Loss 144.03503 Time 5.01783
[DDPG] Resetting Environment
[DDPG] Starting Episode 85
[DDPG] Quadruped Not Upright
[DDPG] Episode 85 Step 0 Reward -16.54943 Time 1.40632
[DDPG] Starting Next Episode
[DDPG] Critic Loss 144.76649475097656
[DDPG] Total Reward -16.54943 Avg Critic Loss 144.76649 Time 5.96326
[DDPG] Resetting Environment
[DDPG] Starting Episode 86
[DDPG] Quadruped Not Upright
[DDPG] Episode 86 Step 0 Reward -16.80760 Time 1.67584
[DDPG] Starting Next Episode
[DDPG] Critic Loss 145.53689575195312
[DDPG] Total Reward -16.80760 Avg Critic Loss 145.53690 Time 5.55835
[DDPG] Resetting Environment
[DDPG] Starting Episode 87
[DDPG] Quadruped Not Upright
[DDPG] Episode 87 Step 0 Reward -16.64922 Time 1.13380
[DDPG] Starting Next Episode
[DDPG] Critic Loss 146.27096557617188
[DDPG] Total Reward -16.64922 Avg Critic Loss 146.27097 Time 4.91239
[DDPG] Resetting Environment
[DDPG] Starting Episode 88
[DDPG] Quadruped Not Upright
[DDPG] Episode 88 Step 0 Reward -16.61156 Time 1.29776
[DDPG] Starting Next Episode
[DDPG] Critic Loss 146.98484802246094
[DDPG] Total Reward -16.61156 Avg Critic Loss 146.98485 Time 5.60430
[DDPG] Resetting Environment
[DDPG] Starting Episode 89
[DDPG] Quadruped Not Upright
[DDPG] Episode 89 Step 0 Reward -16.68398 Time 1.37541
[DDPG] Starting Next Episode
[DDPG] Critic Loss 147.70777893066406
[DDPG] Total Reward -16.68398 Avg Critic Loss 147.70778 Time 3.74569
[DDPG] Resetting Environment
[DDPG] Starting Episode 90
[DDPG] Quadruped Not Upright
[DDPG] Episode 90 Step 0 Reward -16.48097 Time 1.50006
[DDPG] Starting Next Episode
[DDPG] Critic Loss 148.3785400390625
[DDPG] Total Reward -16.48097 Avg Critic Loss 148.37854 Time 4.52042
[DDPG] Resetting Environment
[DDPG] Starting Episode 91
[DDPG] Quadruped Not Upright
[DDPG] Episode 91 Step 0 Reward -16.64290 Time 1.37292
[DDPG] Starting Next Episode
[DDPG] Critic Loss 149.07073974609375
[DDPG] Total Reward -16.64290 Avg Critic Loss 149.07074 Time 4.24057
[DDPG] Resetting Environment
[DDPG] Starting Episode 92
[DDPG] Quadruped Not Upright
[DDPG] Episode 92 Step 0 Reward -16.56130 Time 1.81232
[DDPG] Starting Next Episode
[DDPG] Critic Loss 149.72665405273438
[DDPG] Total Reward -16.56130 Avg Critic Loss 149.72665 Time 4.90168
[DDPG] Resetting Environment
[DDPG] Starting Episode 93
[DDPG] Quadruped Not Upright
[DDPG] Episode 93 Step 0 Reward -16.61936 Time 1.59398
[DDPG] Starting Next Episode
[DDPG] Critic Loss 150.3892364501953
[DDPG] Total Reward -16.61936 Avg Critic Loss 150.38924 Time 5.71492
[DDPG] Resetting Environment
[DDPG] Starting Episode 94
[DDPG] Quadruped Not Upright
[DDPG] Episode 94 Step 0 Reward -16.58252 Time 1.17248
[DDPG] Starting Next Episode
[DDPG] Critic Loss 151.0402069091797
[DDPG] Total Reward -16.58252 Avg Critic Loss 151.04021 Time 4.00594
[DDPG] Resetting Environment
[DDPG] Starting Episode 95
[DDPG] Quadruped Not Upright
[DDPG] Episode 95 Step 0 Reward -16.61847 Time 1.42400
[DDPG] Starting Next Episode
[DDPG] Critic Loss 151.68980407714844
[DDPG] Total Reward -16.61847 Avg Critic Loss 151.68980 Time 6.55114
[DDPG] Resetting Environment
[DDPG] Starting Episode 96
[DDPG] Quadruped Not Upright
[DDPG] Episode 96 Step 0 Reward -16.06042 Time 1.37781
[DDPG] Starting Next Episode
[DDPG] Critic Loss 152.2176055908203
[DDPG] Total Reward -16.06042 Avg Critic Loss 152.21761 Time 5.24290
[DDPG] Resetting Environment
[DDPG] Starting Episode 97
[DDPG] Quadruped Not Upright
[DDPG] Episode 97 Step 0 Reward -16.38611 Time 1.68963
[DDPG] Starting Next Episode
[DDPG] Critic Loss 152.76426696777344
[DDPG] Total Reward -16.38611 Avg Critic Loss 152.76427 Time 6.60795
[DDPG] Resetting Environment
[DDPG] Starting Episode 98
[DDPG] Quadruped Not Upright
[DDPG] Episode 98 Step 0 Reward -16.60081 Time 1.18638
[DDPG] Starting Next Episode
[DDPG] Critic Loss 153.379638671875
[DDPG] Total Reward -16.60081 Avg Critic Loss 153.37964 Time 5.12824
[DDPG] Resetting Environment
[DDPG] Starting Episode 99
[DDPG] Quadruped Not Upright
[DDPG] Episode 99 Step 0 Reward -16.64791 Time 1.45976
[DDPG] Starting Next Episode
[DDPG] Critic Loss 154.00611877441406
[DDPG] Total Reward -16.64791 Avg Critic Loss 154.00612 Time 5.26423
[DDPG] Resetting Environment
[DDPG] Starting Episode 100
[DDPG] Quadruped Not Upright
[DDPG] Episode 100 Step 0 Reward -16.67486 Time 1.43028
[DDPG] Starting Next Episode
[DDPG] Critic Loss 154.6297607421875
[DDPG] Total Reward -16.67486 Avg Critic Loss 154.62976 Time 6.42647

[DDPG] Saving Model
[DDPG] Resetting Environment
[DDPG] Starting Episode 101
[DDPG] Quadruped Not Upright
[DDPG] Episode 101 Step 0 Reward -16.59732 Time 1.28845
[DDPG] Starting Next Episode
[DDPG] Critic Loss 155.2095489501953
[DDPG] Total Reward -16.59732 Avg Critic Loss 155.20955 Time 3.71007
[DDPG] Resetting Environment
[DDPG] Starting Episode 102
[DDPG] Quadruped Not Upright
[DDPG] Episode 102 Step 0 Reward -16.63209 Time 1.68050
[DDPG] Starting Next Episode
[DDPG] Critic Loss 155.8104248046875
[DDPG] Total Reward -16.63209 Avg Critic Loss 155.81042 Time 5.20276
[DDPG] Resetting Environment
[DDPG] Starting Episode 103
[DDPG] Quadruped Not Upright
[DDPG] Episode 103 Step 0 Reward -16.68261 Time 1.49016
[DDPG] Starting Next Episode
[DDPG] Critic Loss 156.41249084472656
[DDPG] Total Reward -16.68261 Avg Critic Loss 156.41249 Time 5.69669
[DDPG] Resetting Environment
[DDPG] Starting Episode 104
[DDPG] Quadruped Not Upright
[DDPG] Episode 104 Step 0 Reward -16.67794 Time 1.57994
[DDPG] Starting Next Episode
[DDPG] Critic Loss 157.0061492919922
[DDPG] Total Reward -16.67794 Avg Critic Loss 157.00615 Time 6.57136
[DDPG] Resetting Environment
[DDPG] Starting Episode 105
[DDPG] Quadruped Not Upright
[DDPG] Episode 105 Step 0 Reward -16.57102 Time 1.47979
[DDPG] Starting Next Episode
[DDPG] Critic Loss 157.5737762451172
[DDPG] Total Reward -16.57102 Avg Critic Loss 157.57378 Time 5.34031
[DDPG] Resetting Environment
[DDPG] Starting Episode 106
[DDPG] Quadruped Not Upright
[DDPG] Episode 106 Step 0 Reward -16.56322 Time 1.38537
[DDPG] Starting Next Episode
[DDPG] Critic Loss 158.1322479248047
[DDPG] Total Reward -16.56322 Avg Critic Loss 158.13225 Time 5.96653
[DDPG] Resetting Environment
[DDPG] Starting Episode 107
[DDPG] Quadruped Not Upright
[DDPG] Episode 107 Step 0 Reward -16.54041 Time 1.56294
[DDPG] Starting Next Episode
[DDPG] Critic Loss 158.67909240722656
[DDPG] Total Reward -16.54041 Avg Critic Loss 158.67909 Time 5.54417
[DDPG] Resetting Environment
[DDPG] Starting Episode 108
[DDPG] Quadruped Not Upright
[DDPG] Episode 108 Step 0 Reward -16.65429 Time 1.29375
[DDPG] Starting Next Episode
[DDPG] Critic Loss 159.2417755126953
[DDPG] Total Reward -16.65429 Avg Critic Loss 159.24178 Time 5.36989
[DDPG] Resetting Environment
[DDPG] Starting Episode 109
[DDPG] Quadruped Not Upright
[DDPG] Episode 109 Step 0 Reward -16.74394 Time 1.63100
[DDPG] Starting Next Episode
[DDPG] Critic Loss 159.81251525878906
[DDPG] Total Reward -16.74394 Avg Critic Loss 159.81252 Time 5.96020
[DDPG] Resetting Environment
[DDPG] Starting Episode 110
[DDPG] Quadruped Not Upright
[DDPG] Episode 110 Step 0 Reward -16.47018 Time 1.91216
[DDPG] Starting Next Episode
[DDPG] Critic Loss 160.3251190185547
[DDPG] Total Reward -16.47018 Avg Critic Loss 160.32512 Time 5.61473
[DDPG] Resetting Environment
[DDPG] Starting Episode 111
[DDPG] Quadruped Not Upright
[DDPG] Episode 111 Step 0 Reward -16.67435 Time 1.59787
[DDPG] Starting Next Episode
[DDPG] Critic Loss 160.8668670654297
[DDPG] Total Reward -16.67435 Avg Critic Loss 160.86687 Time 5.86670
[DDPG] Resetting Environment
[DDPG] Starting Episode 112
[DDPG] Quadruped Not Upright
[DDPG] Episode 112 Step 0 Reward -16.69057 Time 1.68862
[DDPG] Starting Next Episode
[DDPG] Critic Loss 161.4066619873047
[DDPG] Total Reward -16.69057 Avg Critic Loss 161.40666 Time 6.05041
[DDPG] Resetting Environment
[DDPG] Starting Episode 113
[DDPG] Quadruped Not Upright
[DDPG] Episode 113 Step 0 Reward -16.60676 Time 1.51697
[DDPG] Starting Next Episode
[DDPG] Critic Loss 161.91729736328125
[DDPG] Total Reward -16.60676 Avg Critic Loss 161.91730 Time 6.69509
[DDPG] Resetting Environment
[DDPG] Starting Episode 114
[DDPG] Quadruped Not Upright
[DDPG] Episode 114 Step 0 Reward -16.51131 Time 1.65963
[DDPG] Starting Next Episode
[DDPG] Critic Loss 162.40594482421875
[DDPG] Total Reward -16.51131 Avg Critic Loss 162.40594 Time 4.99026
[DDPG] Resetting Environment
[DDPG] Starting Episode 115
[DDPG] Quadruped Not Upright
[DDPG] Episode 115 Step 0 Reward -16.72302 Time 1.64759
[DDPG] Starting Next Episode
[DDPG] Critic Loss 162.90249633789062
[DDPG] Total Reward -16.72302 Avg Critic Loss 162.90250 Time 6.58634
[DDPG] Resetting Environment
[DDPG] Starting Episode 116
[DDPG] Quadruped Not Upright
[DDPG] Episode 116 Step 0 Reward -16.58927 Time 1.39287
[DDPG] Starting Next Episode
[DDPG] Critic Loss 163.30247497558594
[DDPG] Total Reward -16.58927 Avg Critic Loss 163.30247 Time 6.92209
[DDPG] Resetting Environment
[DDPG] Starting Episode 117
[DDPG] Quadruped Not Upright
[DDPG] Episode 117 Step 0 Reward -16.14902 Time 1.09708
[DDPG] Starting Next Episode
[DDPG] Critic Loss 163.69442749023438
[DDPG] Total Reward -16.14902 Avg Critic Loss 163.69443 Time 5.29504
[DDPG] Resetting Environment
[DDPG] Starting Episode 118
[DDPG] Quadruped Not Upright
[DDPG] Episode 118 Step 0 Reward -16.57358 Time 1.56823
[DDPG] Starting Next Episode
[DDPG] Critic Loss 164.1660614013672
[DDPG] Total Reward -16.57358 Avg Critic Loss 164.16606 Time 5.85293
[DDPG] Resetting Environment
[DDPG] Starting Episode 119
[DDPG] Quadruped Not Upright
[DDPG] Episode 119 Step 0 Reward -16.58824 Time 1.55553
[DDPG] Starting Next Episode
[DDPG] Critic Loss 164.63905334472656
[DDPG] Total Reward -16.58824 Avg Critic Loss 164.63905 Time 5.77480
[DDPG] Resetting Environment
[DDPG] Starting Episode 120
[DDPG] Quadruped Not Upright
[DDPG] Episode 120 Step 0 Reward -16.35602 Time 1.34849
[DDPG] Starting Next Episode
[DDPG] Critic Loss 165.06402587890625
[DDPG] Total Reward -16.35602 Avg Critic Loss 165.06403 Time 4.91314
[DDPG] Resetting Environment
Traceback (most recent call last):
  File "learn.py", line 1319, in <module>
    learner.learn(path, experiment = args.experiment, start_epoch = args.start)
  File "learn.py", line 883, in learn
    self.current_time_step = self.env.reset()
  File "/home/ubuntu/.local/lib/python3.8/site-packages/tf_agents/environments/tf_environment.py", line 209, in reset
    return self._reset()
  File "/home/ubuntu/CPGController/src/rl/env.py", line 55, in _reset
    self._state, self._reward = self.quadruped.reset()
  File "/home/ubuntu/CPGController/src/simulations/ws/src/quadruped/scripts/quadruped.py", line 817, in reset
    rospy.sleep(1.0)
  File "/opt/ros/noetic/lib/python3/dist-packages/rospy/timer.py", line 165, in sleep
    raise rospy.exceptions.ROSInterruptException("ROS shutdown request")
rospy.exceptions.ROSInterruptException: ROS shutdown request
