2021-04-20 06:02:34.315286: I tensorflow/stream_executor/platform/default/dso_loader.cc:49] Successfully opened dynamic library libcudart.so.11.0
2021-04-20 06:02:42.511861: I tensorflow/compiler/jit/xla_cpu_device.cc:41] Not creating XLA devices, tf_xla_enable_xla_devices not set
2021-04-20 06:02:42.513211: I tensorflow/stream_executor/platform/default/dso_loader.cc:49] Successfully opened dynamic library libcuda.so.1
2021-04-20 06:02:42.568364: I tensorflow/stream_executor/cuda/cuda_gpu_executor.cc:941] successful NUMA node read from SysFS had negative value (-1), but there must be at least one NUMA node, so returning NUMA node zero
2021-04-20 06:02:42.571384: I tensorflow/core/common_runtime/gpu/gpu_device.cc:1720] Found device 0 with properties: 
pciBusID: 0000:00:1e.0 name: Tesla T4 computeCapability: 7.5
coreClock: 1.59GHz coreCount: 40 deviceMemorySize: 14.75GiB deviceMemoryBandwidth: 298.08GiB/s
2021-04-20 06:02:42.572518: I tensorflow/stream_executor/platform/default/dso_loader.cc:49] Successfully opened dynamic library libcudart.so.11.0
2021-04-20 06:02:42.590463: I tensorflow/stream_executor/platform/default/dso_loader.cc:49] Successfully opened dynamic library libcublas.so.11
2021-04-20 06:02:42.590723: I tensorflow/stream_executor/platform/default/dso_loader.cc:49] Successfully opened dynamic library libcublasLt.so.11
2021-04-20 06:02:42.601446: I tensorflow/stream_executor/platform/default/dso_loader.cc:49] Successfully opened dynamic library libcufft.so.10
2021-04-20 06:02:42.604102: I tensorflow/stream_executor/platform/default/dso_loader.cc:49] Successfully opened dynamic library libcurand.so.10
2021-04-20 06:02:42.621840: I tensorflow/stream_executor/platform/default/dso_loader.cc:49] Successfully opened dynamic library libcusolver.so.10
2021-04-20 06:02:42.625903: I tensorflow/stream_executor/platform/default/dso_loader.cc:49] Successfully opened dynamic library libcusparse.so.11
2021-04-20 06:02:42.626437: I tensorflow/stream_executor/platform/default/dso_loader.cc:49] Successfully opened dynamic library libcudnn.so.8
2021-04-20 06:02:42.627976: I tensorflow/stream_executor/cuda/cuda_gpu_executor.cc:941] successful NUMA node read from SysFS had negative value (-1), but there must be at least one NUMA node, so returning NUMA node zero
2021-04-20 06:02:42.630762: I tensorflow/stream_executor/cuda/cuda_gpu_executor.cc:941] successful NUMA node read from SysFS had negative value (-1), but there must be at least one NUMA node, so returning NUMA node zero
2021-04-20 06:02:42.633301: I tensorflow/core/common_runtime/gpu/gpu_device.cc:1862] Adding visible gpu devices: 0
2021-04-20 06:02:42.658839: I tensorflow/core/platform/cpu_feature_guard.cc:142] This TensorFlow binary is optimized with oneAPI Deep Neural Network Library (oneDNN) to use the following CPU instructions in performance-critical operations:  AVX2 AVX512F FMA
To enable them in other operations, rebuild TensorFlow with the appropriate compiler flags.
2021-04-20 06:02:42.659384: I tensorflow/compiler/jit/xla_gpu_device.cc:99] Not creating XLA devices, tf_xla_enable_xla_devices not set
2021-04-20 06:02:42.660535: I tensorflow/stream_executor/cuda/cuda_gpu_executor.cc:941] successful NUMA node read from SysFS had negative value (-1), but there must be at least one NUMA node, so returning NUMA node zero
2021-04-20 06:02:42.664692: I tensorflow/core/common_runtime/gpu/gpu_device.cc:1720] Found device 0 with properties: 
pciBusID: 0000:00:1e.0 name: Tesla T4 computeCapability: 7.5
coreClock: 1.59GHz coreCount: 40 deviceMemorySize: 14.75GiB deviceMemoryBandwidth: 298.08GiB/s
2021-04-20 06:02:42.664940: I tensorflow/stream_executor/platform/default/dso_loader.cc:49] Successfully opened dynamic library libcudart.so.11.0
2021-04-20 06:02:42.666274: I tensorflow/stream_executor/platform/default/dso_loader.cc:49] Successfully opened dynamic library libcublas.so.11
2021-04-20 06:02:42.666643: I tensorflow/stream_executor/platform/default/dso_loader.cc:49] Successfully opened dynamic library libcublasLt.so.11
2021-04-20 06:02:42.666731: I tensorflow/stream_executor/platform/default/dso_loader.cc:49] Successfully opened dynamic library libcufft.so.10
2021-04-20 06:02:42.666906: I tensorflow/stream_executor/platform/default/dso_loader.cc:49] Successfully opened dynamic library libcurand.so.10
2021-04-20 06:02:42.666971: I tensorflow/stream_executor/platform/default/dso_loader.cc:49] Successfully opened dynamic library libcusolver.so.10
2021-04-20 06:02:42.667016: I tensorflow/stream_executor/platform/default/dso_loader.cc:49] Successfully opened dynamic library libcusparse.so.11
2021-04-20 06:02:42.667058: I tensorflow/stream_executor/platform/default/dso_loader.cc:49] Successfully opened dynamic library libcudnn.so.8
2021-04-20 06:02:42.668544: I tensorflow/stream_executor/cuda/cuda_gpu_executor.cc:941] successful NUMA node read from SysFS had negative value (-1), but there must be at least one NUMA node, so returning NUMA node zero
2021-04-20 06:02:42.671071: I tensorflow/stream_executor/cuda/cuda_gpu_executor.cc:941] successful NUMA node read from SysFS had negative value (-1), but there must be at least one NUMA node, so returning NUMA node zero
2021-04-20 06:02:42.673424: I tensorflow/core/common_runtime/gpu/gpu_device.cc:1862] Adding visible gpu devices: 0
2021-04-20 06:02:42.673474: I tensorflow/stream_executor/platform/default/dso_loader.cc:49] Successfully opened dynamic library libcudart.so.11.0
2021-04-20 06:02:44.659137: I tensorflow/core/common_runtime/gpu/gpu_device.cc:1261] Device interconnect StreamExecutor with strength 1 edge matrix:
2021-04-20 06:02:44.659192: I tensorflow/core/common_runtime/gpu/gpu_device.cc:1267]      0 
2021-04-20 06:02:44.659207: I tensorflow/core/common_runtime/gpu/gpu_device.cc:1280] 0:   N 
2021-04-20 06:02:44.661086: I tensorflow/stream_executor/cuda/cuda_gpu_executor.cc:941] successful NUMA node read from SysFS had negative value (-1), but there must be at least one NUMA node, so returning NUMA node zero
2021-04-20 06:02:44.663208: I tensorflow/stream_executor/cuda/cuda_gpu_executor.cc:941] successful NUMA node read from SysFS had negative value (-1), but there must be at least one NUMA node, so returning NUMA node zero
2021-04-20 06:02:44.664763: I tensorflow/stream_executor/cuda/cuda_gpu_executor.cc:941] successful NUMA node read from SysFS had negative value (-1), but there must be at least one NUMA node, so returning NUMA node zero
2021-04-20 06:02:44.666997: I tensorflow/core/common_runtime/gpu/gpu_device.cc:1406] Created TensorFlow device (/job:localhost/replica:0/task:0/device:GPU:0 with 9374 MB memory) -> physical GPU (device: 0, name: Tesla T4, pci bus id: 0000:00:1e.0, compute capability: 7.5)
[Actor] GPU>>>>>>>>>>>>
[Actor] [PhysicalDevice(name='/physical_device:GPU:0', device_type='GPU')]
[Actor] Starting Actor Test
2021-04-20 06:02:48.775402: I tensorflow/stream_executor/platform/default/dso_loader.cc:49] Successfully opened dynamic library libcublas.so.11
2021-04-20 06:02:49.701033: I tensorflow/stream_executor/platform/default/dso_loader.cc:49] Successfully opened dynamic library libcublasLt.so.11
[Actor] Finishing Actor Test
[Actor] Dataset <PrefetchDataset shapes: (((15, 50, 6), (15, 50, 50, 40), (15, 45), (15, 45), (15, 40)), ((15, 50, 50, 12), (15, 50, 1))), types: ((tf.float32, tf.float64, tf.float32, tf.float32, tf.float32), (tf.float32, tf.float32))>
[Actor] Starting Actor Pretraining
[Actor] Starting Episode 0
[Actor] Episode 0 Step 0 Loss: 1.4379643201828003
[Actor] Episode 0 Step 1 Loss: 1.296434998512268
[Actor] Episode 0 Step 2 Loss: 1.0596120357513428
[Actor] Episode 0 Step 3 Loss: 0.8001326322555542
[Actor] Episode 0 Step 4 Loss: 0.6091318130493164
[Actor] Episode 0 Step 5 Loss: 0.4657787084579468
[Actor] Episode 0 Step 6 Loss: 0.4024639129638672
[Actor] Episode 0 Step 7 Loss: 0.3947168290615082
[Actor] Episode 0 Step 8 Loss: 0.6343207359313965
-------------------------------------------------
[Actor] Episode 0 Average Loss: 0.7889506651295556
[Actor] Learning Rate: 0.009872585535049438
[Actor] Epoch Time: 615.56085896492s
-------------------------------------------------
[Actor] Starting Actor Test
[Actor] Finishing Actor Test
[Actor] Starting Episode 1
[Actor] Episode 1 Step 0 Loss: 0.34061378240585327
[Actor] Episode 1 Step 1 Loss: 0.424503892660141
[Actor] Episode 1 Step 2 Loss: 0.4562719166278839
[Actor] Episode 1 Step 3 Loss: 0.4645068347454071
[Actor] Episode 1 Step 4 Loss: 0.4316265881061554
[Actor] Episode 1 Step 5 Loss: 0.3738756775856018
[Actor] Episode 1 Step 6 Loss: 0.28529682755470276
[Actor] Episode 1 Step 7 Loss: 0.2547207176685333
[Actor] Episode 1 Step 8 Loss: 0.24159598350524902
-------------------------------------------------
[Actor] Episode 1 Average Loss: 0.3636680245399475
[Actor] Learning Rate: 0.009746793657541275
[Actor] Epoch Time: 597.9828352928162s
-------------------------------------------------
[Actor] Starting Actor Test
[Actor] Finishing Actor Test
[Actor] Starting Episode 2
[Actor] Episode 2 Step 0 Loss: 0.2166389673948288
[Actor] Episode 2 Step 1 Loss: 0.20183417201042175
[Actor] Episode 2 Step 2 Loss: 0.18893662095069885
[Actor] Episode 2 Step 3 Loss: 0.17884068191051483
[Actor] Episode 2 Step 4 Loss: 0.1704123616218567
[Actor] Episode 2 Step 5 Loss: 0.16399815678596497
[Actor] Episode 2 Step 6 Loss: 0.15452580153942108
[Actor] Episode 2 Step 7 Loss: 0.1397916078567505
[Actor] Episode 2 Step 8 Loss: 0.1240789070725441
-------------------------------------------------
[Actor] Episode 2 Average Loss: 0.17100636412700018
[Actor] Learning Rate: 0.0096226055175066
[Actor] Epoch Time: 613.0317149162292s
-------------------------------------------------
[Actor] Starting Actor Test
[Actor] Finishing Actor Test
[Actor] Starting Episode 3
[Actor] Episode 3 Step 0 Loss: 0.1180921122431755
[Actor] Episode 3 Step 1 Loss: 0.1019502729177475
[Actor] Episode 3 Step 2 Loss: 0.09680534154176712
[Actor] Episode 3 Step 3 Loss: 0.08383167535066605
[Actor] Episode 3 Step 4 Loss: 0.07814691215753555
[Actor] Episode 3 Step 5 Loss: 0.07593231648206711
[Actor] Episode 3 Step 6 Loss: 0.07276690751314163
[Actor] Episode 3 Step 7 Loss: 0.07377545535564423
[Actor] Episode 3 Step 8 Loss: 0.07586262375116348
-------------------------------------------------
[Actor] Episode 3 Average Loss: 0.08635151303476757
[Actor] Learning Rate: 0.009499998763203621
[Actor] Epoch Time: 602.7056906223297s
-------------------------------------------------
[Actor] Starting Actor Test
[Actor] Finishing Actor Test
[Actor] Starting Episode 4
[Actor] Episode 4 Step 0 Loss: 0.07308928668498993
[Actor] Episode 4 Step 1 Loss: 0.06594844907522202
[Actor] Episode 4 Step 2 Loss: 0.0639515072107315
[Actor] Episode 4 Step 3 Loss: 0.06402473896741867
[Actor] Episode 4 Step 4 Loss: 0.061037030071020126
[Actor] Episode 4 Step 5 Loss: 0.060052838176488876
[Actor] Episode 4 Step 6 Loss: 0.05606962367892265
[Actor] Episode 4 Step 7 Loss: 0.05634348839521408
[Actor] Episode 4 Step 8 Loss: 0.053575847297906876
-------------------------------------------------
[Actor] Episode 4 Average Loss: 0.06156586772865719
[Actor] Learning Rate: 0.009378955699503422
[Actor] Epoch Time: 598.5596268177032s
-------------------------------------------------
[Actor] Starting Actor Test
[Actor] Finishing Actor Test
[Actor] Starting Episode 5
[Actor] Episode 5 Step 0 Loss: 0.05499689280986786
[Actor] Episode 5 Step 1 Loss: 0.05176272988319397
[Actor] Episode 5 Step 2 Loss: 0.05153978615999222
[Actor] Episode 5 Step 3 Loss: 0.05109962448477745
[Actor] Episode 5 Step 4 Loss: 0.05253870040178299
[Actor] Episode 5 Step 5 Loss: 0.050755616277456284
[Actor] Episode 5 Step 6 Loss: 0.04899287596344948
[Actor] Episode 5 Step 7 Loss: 0.04912642762064934
[Actor] Episode 5 Step 8 Loss: 0.05070732906460762
-------------------------------------------------
[Actor] Episode 5 Average Loss: 0.05127999807397524
[Actor] Learning Rate: 0.009259453974664211
[Actor] Epoch Time: 603.711140871048s
-------------------------------------------------
[Actor] Starting Actor Test
[Actor] Finishing Actor Test
[Actor] Starting Episode 6
[Actor] Episode 6 Step 0 Loss: 0.04855074733495712
[Actor] Episode 6 Step 1 Loss: 0.0489736832678318
[Actor] Episode 6 Step 2 Loss: 0.04873008280992508
[Actor] Episode 6 Step 3 Loss: 0.04752330482006073
[Actor] Episode 6 Step 4 Loss: 0.04822351410984993
[Actor] Episode 6 Step 5 Loss: 0.04804420471191406
[Actor] Episode 6 Step 6 Loss: 0.04795254394412041
[Actor] Episode 6 Step 7 Loss: 0.047767847776412964
[Actor] Episode 6 Step 8 Loss: 0.046583790332078934
-------------------------------------------------
[Actor] Episode 6 Average Loss: 0.048038857678572335
[Actor] Learning Rate: 0.009141474962234497
[Actor] Epoch Time: 592.3162858486176s
-------------------------------------------------
[Actor] Starting Actor Test
[Actor] Finishing Actor Test
[Actor] Starting Episode 7
[Actor] Episode 7 Step 0 Loss: 0.04639758914709091
[Actor] Episode 7 Step 1 Loss: 0.04597265645861626
[Actor] Episode 7 Step 2 Loss: 0.04665710777044296
[Actor] Episode 7 Step 3 Loss: 0.04683077335357666
[Actor] Episode 7 Step 4 Loss: 0.04636846482753754
[Actor] Episode 7 Step 5 Loss: 0.04513918608427048
[Actor] Episode 7 Step 6 Loss: 0.048810768872499466
[Actor] Episode 7 Step 7 Loss: 0.048129498958587646
[Actor] Episode 7 Step 8 Loss: 0.046903859823942184
-------------------------------------------------
[Actor] Episode 7 Average Loss: 0.04680110058850712
[Actor] Learning Rate: 0.009024999104440212
[Actor] Epoch Time: 607.7486846446991s
-------------------------------------------------
[Actor] Starting Actor Test
[Actor] Finishing Actor Test
[Actor] Starting Episode 8
[Actor] Episode 8 Step 0 Loss: 0.044073399156332016
[Actor] Episode 8 Step 1 Loss: 0.0450141616165638
[Actor] Episode 8 Step 2 Loss: 0.0470295324921608
[Actor] Episode 8 Step 3 Loss: 0.04454084113240242
[Actor] Episode 8 Step 4 Loss: 0.049685388803482056
[Actor] Episode 8 Step 5 Loss: 0.04885605350136757
[Actor] Episode 8 Step 6 Loss: 0.04656171053647995
[Actor] Episode 8 Step 7 Loss: 0.04577381908893585
[Actor] Episode 8 Step 8 Loss: 0.04681359604001045
-------------------------------------------------
[Actor] Episode 8 Average Loss: 0.046483166929748326
[Actor] Learning Rate: 0.008910007774829865
[Actor] Epoch Time: 587.5745487213135s
-------------------------------------------------
[Actor] Starting Actor Test
[Actor] Finishing Actor Test
[Actor] Starting Episode 9
[Actor] Episode 9 Step 0 Loss: 0.044166117906570435
[Actor] Episode 9 Step 1 Loss: 0.04533901810646057
[Actor] Episode 9 Step 2 Loss: 0.04495404288172722
