2021-04-04 19:28:36.628502: I tensorflow/stream_executor/platform/default/dso_loader.cc:49] Successfully opened dynamic library libcudart.so.11.0
Unable to init server: Could not connect: Connection refused
Unable to init server: Could not connect: Connection refused

(learn.py:17262): Gdk-CRITICAL **: 19:28:38.951: gdk_cursor_new_for_display: assertion 'GDK_IS_DISPLAY (display)' failed
2021-04-04 19:28:39.109677: I tensorflow/compiler/jit/xla_cpu_device.cc:41] Not creating XLA devices, tf_xla_enable_xla_devices not set
2021-04-04 19:28:39.110621: I tensorflow/stream_executor/platform/default/dso_loader.cc:49] Successfully opened dynamic library libcuda.so.1
2021-04-04 19:28:39.154583: I tensorflow/stream_executor/cuda/cuda_gpu_executor.cc:941] successful NUMA node read from SysFS had negative value (-1), but there must be at least one NUMA node, so returning NUMA node zero
2021-04-04 19:28:39.155172: I tensorflow/core/common_runtime/gpu/gpu_device.cc:1720] Found device 0 with properties: 
pciBusID: 0000:00:1e.0 name: Tesla T4 computeCapability: 7.5
coreClock: 1.59GHz coreCount: 40 deviceMemorySize: 14.75GiB deviceMemoryBandwidth: 298.08GiB/s
2021-04-04 19:28:39.155233: I tensorflow/stream_executor/platform/default/dso_loader.cc:49] Successfully opened dynamic library libcudart.so.11.0
2021-04-04 19:28:39.157934: I tensorflow/stream_executor/platform/default/dso_loader.cc:49] Successfully opened dynamic library libcublas.so.11
2021-04-04 19:28:39.158061: I tensorflow/stream_executor/platform/default/dso_loader.cc:49] Successfully opened dynamic library libcublasLt.so.11
2021-04-04 19:28:39.159218: I tensorflow/stream_executor/platform/default/dso_loader.cc:49] Successfully opened dynamic library libcufft.so.10
2021-04-04 19:28:39.159536: I tensorflow/stream_executor/platform/default/dso_loader.cc:49] Successfully opened dynamic library libcurand.so.10
2021-04-04 19:28:39.162485: I tensorflow/stream_executor/platform/default/dso_loader.cc:49] Successfully opened dynamic library libcusolver.so.10
2021-04-04 19:28:39.163204: I tensorflow/stream_executor/platform/default/dso_loader.cc:49] Successfully opened dynamic library libcusparse.so.11
2021-04-04 19:28:39.163402: I tensorflow/stream_executor/platform/default/dso_loader.cc:49] Successfully opened dynamic library libcudnn.so.8
2021-04-04 19:28:39.163559: I tensorflow/stream_executor/cuda/cuda_gpu_executor.cc:941] successful NUMA node read from SysFS had negative value (-1), but there must be at least one NUMA node, so returning NUMA node zero
2021-04-04 19:28:39.164233: I tensorflow/stream_executor/cuda/cuda_gpu_executor.cc:941] successful NUMA node read from SysFS had negative value (-1), but there must be at least one NUMA node, so returning NUMA node zero
2021-04-04 19:28:39.164805: I tensorflow/core/common_runtime/gpu/gpu_device.cc:1862] Adding visible gpu devices: 0
[DDPG] Building the actor model
2021-04-04 19:28:39.172571: I tensorflow/core/platform/cpu_feature_guard.cc:142] This TensorFlow binary is optimized with oneAPI Deep Neural Network Library (oneDNN) to use the following CPU instructions in performance-critical operations:  AVX2 AVX512F FMA
To enable them in other operations, rebuild TensorFlow with the appropriate compiler flags.
2021-04-04 19:28:39.172831: I tensorflow/compiler/jit/xla_gpu_device.cc:99] Not creating XLA devices, tf_xla_enable_xla_devices not set
2021-04-04 19:28:39.173088: I tensorflow/stream_executor/cuda/cuda_gpu_executor.cc:941] successful NUMA node read from SysFS had negative value (-1), but there must be at least one NUMA node, so returning NUMA node zero
2021-04-04 19:28:39.173683: I tensorflow/core/common_runtime/gpu/gpu_device.cc:1720] Found device 0 with properties: 
pciBusID: 0000:00:1e.0 name: Tesla T4 computeCapability: 7.5
coreClock: 1.59GHz coreCount: 40 deviceMemorySize: 14.75GiB deviceMemoryBandwidth: 298.08GiB/s
2021-04-04 19:28:39.173710: I tensorflow/stream_executor/platform/default/dso_loader.cc:49] Successfully opened dynamic library libcudart.so.11.0
2021-04-04 19:28:39.173827: I tensorflow/stream_executor/platform/default/dso_loader.cc:49] Successfully opened dynamic library libcublas.so.11
2021-04-04 19:28:39.173915: I tensorflow/stream_executor/platform/default/dso_loader.cc:49] Successfully opened dynamic library libcublasLt.so.11
2021-04-04 19:28:39.173982: I tensorflow/stream_executor/platform/default/dso_loader.cc:49] Successfully opened dynamic library libcufft.so.10
2021-04-04 19:28:39.174046: I tensorflow/stream_executor/platform/default/dso_loader.cc:49] Successfully opened dynamic library libcurand.so.10
2021-04-04 19:28:39.174137: I tensorflow/stream_executor/platform/default/dso_loader.cc:49] Successfully opened dynamic library libcusolver.so.10
2021-04-04 19:28:39.174197: I tensorflow/stream_executor/platform/default/dso_loader.cc:49] Successfully opened dynamic library libcusparse.so.11
2021-04-04 19:28:39.174255: I tensorflow/stream_executor/platform/default/dso_loader.cc:49] Successfully opened dynamic library libcudnn.so.8
2021-04-04 19:28:39.174366: I tensorflow/stream_executor/cuda/cuda_gpu_executor.cc:941] successful NUMA node read from SysFS had negative value (-1), but there must be at least one NUMA node, so returning NUMA node zero
2021-04-04 19:28:39.175005: I tensorflow/stream_executor/cuda/cuda_gpu_executor.cc:941] successful NUMA node read from SysFS had negative value (-1), but there must be at least one NUMA node, so returning NUMA node zero
2021-04-04 19:28:39.175550: I tensorflow/core/common_runtime/gpu/gpu_device.cc:1862] Adding visible gpu devices: 0
2021-04-04 19:28:39.175597: I tensorflow/stream_executor/platform/default/dso_loader.cc:49] Successfully opened dynamic library libcudart.so.11.0
2021-04-04 19:28:39.936033: I tensorflow/core/common_runtime/gpu/gpu_device.cc:1261] Device interconnect StreamExecutor with strength 1 edge matrix:
2021-04-04 19:28:39.936078: I tensorflow/core/common_runtime/gpu/gpu_device.cc:1267]      0 
2021-04-04 19:28:39.936088: I tensorflow/core/common_runtime/gpu/gpu_device.cc:1280] 0:   N 
2021-04-04 19:28:39.936394: I tensorflow/stream_executor/cuda/cuda_gpu_executor.cc:941] successful NUMA node read from SysFS had negative value (-1), but there must be at least one NUMA node, so returning NUMA node zero
2021-04-04 19:28:39.937123: I tensorflow/stream_executor/cuda/cuda_gpu_executor.cc:941] successful NUMA node read from SysFS had negative value (-1), but there must be at least one NUMA node, so returning NUMA node zero
2021-04-04 19:28:39.937719: I tensorflow/stream_executor/cuda/cuda_gpu_executor.cc:941] successful NUMA node read from SysFS had negative value (-1), but there must be at least one NUMA node, so returning NUMA node zero
2021-04-04 19:28:39.938261: I tensorflow/core/common_runtime/gpu/gpu_device.cc:1406] Created TensorFlow device (/job:localhost/replica:0/task:0/device:GPU:0 with 13963 MB memory) -> physical GPU (device: 0, name: Tesla T4, pci bus id: 0000:00:1e.0, compute capability: 7.5)
[DDPG] Building the actor model
[DDPG] Building the critic model
[DDPG] Building the critic model
[DDPG] Waiting for joint trajectory action
[DDPG] Found joint trajectory action!
[DDPG] Waiting for joint trajectory action
[DDPG] Found joint trajectory action!
[DDPG] Waiting for joint trajectory action
[DDPG] Found joint trajectory action!
[DDPG] Waiting for joint trajectory action
[DDPG] Found joint trajectory action!
[0m[ INFO] [1617564523.628119726, 3.415000000]: Loading robot model 'quadruped'...[0m
[0m[ INFO] [1617564523.628957888, 3.416000000]: No root/virtual joint specified in SRDF. Assuming fixed joint[0m
[33m[ WARN] [1617564523.629010644, 3.416000000]: Link dummy_link has visual geometry but no collision geometry. Collision geometry will be left empty. Fix your URDF file by explicitly specifying collision geometry.[0m
[0m[ INFO] [1617564524.804896154, 4.590000000]: Ready to take commands for planning group front_right_leg.[0m
[0m[ INFO] [1617564525.622040873, 5.400000000]: Ready to take commands for planning group front_left_leg.[0m
[0m[ INFO] [1617564526.424515988, 6.200000000]: Ready to take commands for planning group back_right_leg.[0m
[0m[ INFO] [1617564527.225874337, 7.000000000]: Ready to take commands for planning group back_left_leg.[0m
[Actor] GPU>>>>>>>>>>>>
[Actor] [PhysicalDevice(name='/physical_device:GPU:0', device_type='GPU')]
[DDPG] Training Start
[DDPG] Resetting Environment
[DDPG] Starting Episode 0
2021-04-04 19:29:11.360448: I tensorflow/stream_executor/platform/default/dso_loader.cc:49] Successfully opened dynamic library libcublas.so.11
2021-04-04 19:29:11.931038: I tensorflow/stream_executor/platform/default/dso_loader.cc:49] Successfully opened dynamic library libcublasLt.so.11
[DDPG] Episode 0 Step 0
[DDPG] Total Reward -1.4348429441452026 Critic Loss 1.968565583229065
[DDPG] Episode 0 Step 1
[DDPG] Total Reward -7.285861968994141 Critic Loss 27.10202407836914
[DDPG] Episode 0 Step 2
[DDPG] Total Reward -3.0372464656829834 Critic Loss 20.944686889648438
[DDPG] Episode 0 Step 3
[DDPG] Total Reward -10.66645622253418 Critic Loss 43.564422607421875
[DDPG] Episode 0 Step 4
[DDPG] Total Reward -5.672336578369141 Critic Loss 41.04590606689453
[DDPG] Episode 0 Step 5
[DDPG] Total Reward -5.106130599975586 Critic Loss 38.36320495605469
[DDPG] Episode 0 Step 6
[DDPG] Total Reward -5.1229071617126465 Critic Loss 36.48910140991211
[DDPG] Episode 0 Step 7
[DDPG] Total Reward -5.151270866394043 Critic Loss 35.10755157470703
[DDPG] Episode 0 Step 8
[DDPG] Total Reward -5.078941345214844 Critic Loss 33.97270965576172
[DDPG] Episode 0 Step 9
[DDPG] Total Reward -5.089016914367676 Critic Loss 33.06523895263672
[DDPG] Episode 0 Step 10
[DDPG] Total Reward -5.140675067901611 Critic Loss 32.38491439819336
[DDPG] Episode 0 Step 11
[DDPG] Total Reward -5.077054023742676 Critic Loss 31.74864959716797
[DDPG] Episode 0 Step 12
[DDPG] Total Reward -5.08198356628418 Critic Loss 31.221529006958008
[DDPG] Episode 0 Step 13
[DDPG] Total Reward -5.285801410675049 Critic Loss 30.904170989990234
[DDPG] Episode 0 Step 14
[DDPG] Total Reward -5.105276584625244 Critic Loss 30.517900466918945
[DDPG] Episode 0 Step 15
[DDPG] Total Reward -5.130153656005859 Critic Loss 30.217267990112305
[DDPG] Episode 0 Step 16
[DDPG] Total Reward -5.153432369232178 Critic Loss 29.960189819335938
[DDPG] Episode 0 Step 17
[DDPG] Total Reward -5.1395745277404785 Critic Loss 29.69817352294922
[DDPG] Episode 0 Step 18
[DDPG] Total Reward -5.1257452964782715 Critic Loss 29.489168167114258
[DDPG] Episode 0 Step 19
[DDPG] Total Reward -5.169244766235352 Critic Loss 29.330249786376953
[DDPG] Episode 0 Step 20
[DDPG] Total Reward -5.169837474822998 Critic Loss 29.176692962646484
[DDPG] Episode 0 Step 21
[DDPG] Total Reward -5.122325897216797 Critic Loss 28.98809242248535
[DDPG] Episode 0 Step 22
[DDPG] Total Reward -5.149047374725342 Critic Loss 28.856945037841797
[DDPG] Episode 0 Step 23
[DDPG] Total Reward -5.066356182098389 Critic Loss 28.685653686523438
[DDPG] Episode 0 Step 24
[DDPG] Total Reward -5.024059772491455 Critic Loss 28.514476776123047
[DDPG] Episode 0 Step 25
[DDPG] Total Reward -5.093963146209717 Critic Loss 28.397247314453125
[DDPG] Episode 0 Step 26
[DDPG] Total Reward -5.070581436157227 Critic Loss 28.271207809448242
[DDPG] Episode 0 Step 27
[DDPG] Total Reward -5.199150562286377 Critic Loss 28.22184181213379
[DDPG] Episode 0 Step 28
[DDPG] Total Reward -5.035923004150391 Critic Loss 28.099393844604492
[DDPG] Episode 0 Step 29
[DDPG] Total Reward -5.12893009185791 Critic Loss 28.023433685302734
[DDPG] Episode 0 Step 30
[DDPG] Total Reward -5.0501813888549805 Critic Loss 27.930843353271484
[DDPG] Episode 0 Step 31
[DDPG] Total Reward -5.013862133026123 Critic Loss 27.836326599121094
[DDPG] Episode 0 Step 32
[DDPG] Total Reward -5.006422519683838 Critic Loss 27.745603561401367
[DDPG] Episode 0 Step 33
[DDPG] Total Reward -5.062509536743164 Critic Loss 27.666481018066406
[DDPG] Episode 0 Step 34
[DDPG] Total Reward -5.276582717895508 Critic Loss 27.65743064880371
[DDPG] Episode 0 Step 35
[DDPG] Total Reward -6.458315372467041 Critic Loss 28.052444458007812
[DDPG] Episode 0 Step 36
[DDPG] Total Reward -5.653481483459473 Critic Loss 28.1716251373291
[DDPG] Episode 0 Step 37
[DDPG] Total Reward -5.651800155639648 Critic Loss 28.283771514892578
[DDPG] Episode 0 Step 38
[DDPG] Total Reward -7.128312110900879 Critic Loss 28.871557235717773
[DDPG] Episode 0 Step 39
[DDPG] Total Reward -5.945707321166992 Critic Loss 29.022043228149414
[DDPG] Episode 0 Step 40
[DDPG] Total Reward -8.236396789550781 Critic Loss 29.985219955444336
[DDPG] Episode 0 Step 41
[DDPG] Total Reward -6.55109977722168 Critic Loss 30.276227951049805
[DDPG] Episode 0 Step 42
[DDPG] Total Reward -7.225418567657471 Critic Loss 30.773624420166016
[DDPG] Episode 0 Step 43
[DDPG] Total Reward -6.645692348480225 Critic Loss 31.078535079956055
[DDPG] Episode 0 Step 44
[DDPG] Total Reward -6.286056041717529 Critic Loss 31.259597778320312
[DDPG] Episode 0 Step 45
[DDPG] Total Reward -7.679895401000977 Critic Loss 31.870498657226562
[DDPG] Episode 0 Step 46
[DDPG] Total Reward -7.38758659362793 Critic Loss 32.332557678222656
[DDPG] Episode 0 Step 47
[DDPG] Total Reward -6.92930793762207 Critic Loss 32.69788360595703
[DDPG] Episode 0 Step 48
[DDPG] Total Reward -5.870755195617676 Critic Loss 32.7114143371582
[DDPG] Episode 0 Step 49
[DDPG] Total Reward -6.122471332550049 Critic Loss 32.82917022705078
[DDPG] Episode 0 Step 50
[DDPG] Total Reward -6.442507743835449 Critic Loss 32.97923278808594
[DDPG] Episode 0 Step 51
[DDPG] Total Reward -5.934096336364746 Critic Loss 33.037567138671875
[DDPG] Episode 0 Step 52
[DDPG] Total Reward -6.574249744415283 Critic Loss 33.226375579833984
[DDPG] Episode 0 Step 53
[DDPG] Total Reward -6.202817440032959 Critic Loss 33.328346252441406
[DDPG] Episode 0 Step 54
[DDPG] Total Reward -5.9605255126953125 Critic Loss 33.386573791503906
[DDPG] Episode 0 Step 55
[DDPG] Total Reward -5.6239333152771 Critic Loss 33.35504150390625
[DDPG] Episode 0 Step 56
[DDPG] Total Reward -5.546635627746582 Critic Loss 33.321533203125
[DDPG] Episode 0 Step 57
[DDPG] Total Reward -5.559137344360352 Critic Loss 33.28353500366211
[DDPG] Episode 0 Step 58
[DDPG] Total Reward -5.782964706420898 Critic Loss 33.28022766113281
[DDPG] Episode 0 Step 59
[DDPG] Total Reward -6.237326622009277 Critic Loss 33.3968505859375
[DDPG] Episode 0 Step 60
[DDPG] Total Reward -5.887099742889404 Critic Loss 33.436527252197266
[DDPG] Episode 0 Step 61
[DDPG] Total Reward -5.546294689178467 Critic Loss 33.39773178100586
[DDPG] Episode 0 Step 62
[DDPG] Total Reward -5.729069232940674 Critic Loss 33.40199661254883
[DDPG] Episode 0 Step 63
[DDPG] Total Reward -5.600591659545898 Critic Loss 33.36956024169922
[DDPG] Episode 0 Step 64
[DDPG] Total Reward -5.700542449951172 Critic Loss 33.36989212036133
[DDPG] Episode 0 Step 65
[DDPG] Total Reward -5.922755718231201 Critic Loss 33.38607406616211
[DDPG] Episode 0 Step 66
[DDPG] Total Reward -6.03583288192749 Critic Loss 33.44017028808594
[DDPG] Episode 0 Step 67
[DDPG] Total Reward -5.718011856079102 Critic Loss 33.43918228149414
[DDPG] Episode 0 Step 68
[DDPG] Total Reward -5.648523807525635 Critic Loss 33.44255828857422
[DDPG] Episode 0 Step 69
[DDPG] Total Reward -6.162323474884033 Critic Loss 33.516963958740234
[DDPG] Episode 0 Step 70
[DDPG] Total Reward -5.774409770965576 Critic Loss 33.49932098388672
[DDPG] Episode 0 Step 71
[DDPG] Total Reward -5.6253790855407715 Critic Loss 33.49592590332031
[DDPG] Episode 0 Step 72
[DDPG] Total Reward -5.660590648651123 Critic Loss 33.49089813232422
[DDPG] Episode 0 Step 73
[DDPG] Total Reward -6.0200724601745605 Critic Loss 33.51082229614258
[DDPG] Episode 0 Step 74
[DDPG] Total Reward -5.607814788818359 Critic Loss 33.507938385009766
[DDPG] Episode 0 Step 75
[DDPG] Total Reward -5.8704094886779785 Critic Loss 33.541229248046875
[DDPG] Episode 0 Step 76
[DDPG] Total Reward -6.228330135345459 Critic Loss 33.612388610839844
[DDPG] Episode 0 Step 77
[DDPG] Total Reward -5.873291015625 Critic Loss 33.63030242919922
[DDPG] Episode 0 Step 78
[DDPG] Total Reward -5.719226360321045 Critic Loss 33.66307830810547
[DDPG] Episode 0 Step 79
[DDPG] Total Reward -6.2113728523254395 Critic Loss 33.73297882080078
[DDPG] Episode 0 Step 80
[DDPG] Total Reward -6.434904098510742 Critic Loss 33.81422424316406
[DDPG] Episode 0 Step 81
[DDPG] Total Reward -5.936486721038818 Critic Loss 33.83164596557617
[DDPG] Episode 0 Step 82
[DDPG] Total Reward -6.605855941772461 Critic Loss 33.97764587402344
[DDPG] Episode 0 Step 83
[DDPG] Total Reward -5.808128356933594 Critic Loss 33.968502044677734
[DDPG] Episode 0 Step 84
[DDPG] Total Reward -6.674454212188721 Critic Loss 34.09492111206055
[DDPG] Episode 0 Step 85
[DDPG] Total Reward -7.989596366882324 Critic Loss 34.45344924926758
[DDPG] Episode 0 Step 86
[DDPG] Total Reward -6.714186668395996 Critic Loss 34.57551956176758
[DDPG] Episode 0 Step 87
[DDPG] Total Reward -5.432156562805176 Critic Loss 34.56450271606445
[DDPG] Episode 0 Step 88
[DDPG] Total Reward -5.353686332702637 Critic Loss 34.475135803222656
[DDPG] Episode 0 Step 89
[DDPG] Total Reward -5.386683464050293 Critic Loss 34.42601013183594
[DDPG] Episode 0 Step 90
[DDPG] Total Reward -5.427584648132324 Critic Loss 34.37407684326172
[DDPG] Episode 0 Step 91
[DDPG] Total Reward -5.447797775268555 Critic Loss 34.34548568725586
[DDPG] Episode 0 Step 92
[DDPG] Total Reward -5.498898506164551 Critic Loss 34.30694580078125
[DDPG] Episode 0 Step 93
[DDPG] Total Reward -6.2470269203186035 Critic Loss 34.326656341552734
[DDPG] Episode 0 Step 94
[DDPG] Total Reward -5.64162540435791 Critic Loss 34.32109451293945
[DDPG] Episode 0 Step 95
[DDPG] Total Reward -6.750500679016113 Critic Loss 34.465450286865234
[DDPG] Episode 0 Step 96
[DDPG] Total Reward -11.046838760375977 Critic Loss 35.405067443847656
[DDPG] Starting Next Episode

[DDPG] Saving Model
Traceback (most recent call last):
  File "learn.py", line 1001, in <module>
    learner.learn(path, experiment = args.experiment)
  File "learn.py", line 823, in learn
    steps.append(step + 1)
AttributeError: 'int' object has no attribute 'append'
2021-04-04 19:41:33.247322: I tensorflow/stream_executor/platform/default/dso_loader.cc:49] Successfully opened dynamic library libcudart.so.11.0
Unable to init server: Could not connect: Connection refused
Unable to init server: Could not connect: Connection refused

(learn.py:20888): Gdk-CRITICAL **: 19:41:35.666: gdk_cursor_new_for_display: assertion 'GDK_IS_DISPLAY (display)' failed
2021-04-04 19:41:35.820682: I tensorflow/compiler/jit/xla_cpu_device.cc:41] Not creating XLA devices, tf_xla_enable_xla_devices not set
2021-04-04 19:41:35.821560: I tensorflow/stream_executor/platform/default/dso_loader.cc:49] Successfully opened dynamic library libcuda.so.1
2021-04-04 19:41:35.869958: I tensorflow/stream_executor/cuda/cuda_gpu_executor.cc:941] successful NUMA node read from SysFS had negative value (-1), but there must be at least one NUMA node, so returning NUMA node zero
2021-04-04 19:41:35.870517: I tensorflow/core/common_runtime/gpu/gpu_device.cc:1720] Found device 0 with properties: 
pciBusID: 0000:00:1e.0 name: Tesla T4 computeCapability: 7.5
coreClock: 1.59GHz coreCount: 40 deviceMemorySize: 14.75GiB deviceMemoryBandwidth: 298.08GiB/s
2021-04-04 19:41:35.870536: I tensorflow/stream_executor/platform/default/dso_loader.cc:49] Successfully opened dynamic library libcudart.so.11.0
2021-04-04 19:41:35.873373: I tensorflow/stream_executor/platform/default/dso_loader.cc:49] Successfully opened dynamic library libcublas.so.11
2021-04-04 19:41:35.873458: I tensorflow/stream_executor/platform/default/dso_loader.cc:49] Successfully opened dynamic library libcublasLt.so.11
2021-04-04 19:41:35.874571: I tensorflow/stream_executor/platform/default/dso_loader.cc:49] Successfully opened dynamic library libcufft.so.10
2021-04-04 19:41:35.874863: I tensorflow/stream_executor/platform/default/dso_loader.cc:49] Successfully opened dynamic library libcurand.so.10
2021-04-04 19:41:35.877669: I tensorflow/stream_executor/platform/default/dso_loader.cc:49] Successfully opened dynamic library libcusolver.so.10
2021-04-04 19:41:35.878315: I tensorflow/stream_executor/platform/default/dso_loader.cc:49] Successfully opened dynamic library libcusparse.so.11
2021-04-04 19:41:35.878476: I tensorflow/stream_executor/platform/default/dso_loader.cc:49] Successfully opened dynamic library libcudnn.so.8
2021-04-04 19:41:35.878604: I tensorflow/stream_executor/cuda/cuda_gpu_executor.cc:941] successful NUMA node read from SysFS had negative value (-1), but there must be at least one NUMA node, so returning NUMA node zero
2021-04-04 19:41:35.879198: I tensorflow/stream_executor/cuda/cuda_gpu_executor.cc:941] successful NUMA node read from SysFS had negative value (-1), but there must be at least one NUMA node, so returning NUMA node zero
2021-04-04 19:41:35.879741: I tensorflow/core/common_runtime/gpu/gpu_device.cc:1862] Adding visible gpu devices: 0
[DDPG] Building the actor model
2021-04-04 19:41:35.887256: I tensorflow/core/platform/cpu_feature_guard.cc:142] This TensorFlow binary is optimized with oneAPI Deep Neural Network Library (oneDNN) to use the following CPU instructions in performance-critical operations:  AVX2 AVX512F FMA
To enable them in other operations, rebuild TensorFlow with the appropriate compiler flags.
2021-04-04 19:41:35.887451: I tensorflow/compiler/jit/xla_gpu_device.cc:99] Not creating XLA devices, tf_xla_enable_xla_devices not set
2021-04-04 19:41:35.887623: I tensorflow/stream_executor/cuda/cuda_gpu_executor.cc:941] successful NUMA node read from SysFS had negative value (-1), but there must be at least one NUMA node, so returning NUMA node zero
2021-04-04 19:41:35.888192: I tensorflow/core/common_runtime/gpu/gpu_device.cc:1720] Found device 0 with properties: 
pciBusID: 0000:00:1e.0 name: Tesla T4 computeCapability: 7.5
coreClock: 1.59GHz coreCount: 40 deviceMemorySize: 14.75GiB deviceMemoryBandwidth: 298.08GiB/s
2021-04-04 19:41:35.888210: I tensorflow/stream_executor/platform/default/dso_loader.cc:49] Successfully opened dynamic library libcudart.so.11.0
2021-04-04 19:41:35.888257: I tensorflow/stream_executor/platform/default/dso_loader.cc:49] Successfully opened dynamic library libcublas.so.11
2021-04-04 19:41:35.888284: I tensorflow/stream_executor/platform/default/dso_loader.cc:49] Successfully opened dynamic library libcublasLt.so.11
2021-04-04 19:41:35.888308: I tensorflow/stream_executor/platform/default/dso_loader.cc:49] Successfully opened dynamic library libcufft.so.10
2021-04-04 19:41:35.888331: I tensorflow/stream_executor/platform/default/dso_loader.cc:49] Successfully opened dynamic library libcurand.so.10
2021-04-04 19:41:35.888355: I tensorflow/stream_executor/platform/default/dso_loader.cc:49] Successfully opened dynamic library libcusolver.so.10
2021-04-04 19:41:35.888379: I tensorflow/stream_executor/platform/default/dso_loader.cc:49] Successfully opened dynamic library libcusparse.so.11
2021-04-04 19:41:35.888403: I tensorflow/stream_executor/platform/default/dso_loader.cc:49] Successfully opened dynamic library libcudnn.so.8
2021-04-04 19:41:35.888488: I tensorflow/stream_executor/cuda/cuda_gpu_executor.cc:941] successful NUMA node read from SysFS had negative value (-1), but there must be at least one NUMA node, so returning NUMA node zero
2021-04-04 19:41:35.889063: I tensorflow/stream_executor/cuda/cuda_gpu_executor.cc:941] successful NUMA node read from SysFS had negative value (-1), but there must be at least one NUMA node, so returning NUMA node zero
2021-04-04 19:41:35.889578: I tensorflow/core/common_runtime/gpu/gpu_device.cc:1862] Adding visible gpu devices: 0
2021-04-04 19:41:35.889607: I tensorflow/stream_executor/platform/default/dso_loader.cc:49] Successfully opened dynamic library libcudart.so.11.0
2021-04-04 19:41:36.633969: I tensorflow/core/common_runtime/gpu/gpu_device.cc:1261] Device interconnect StreamExecutor with strength 1 edge matrix:
2021-04-04 19:41:36.634020: I tensorflow/core/common_runtime/gpu/gpu_device.cc:1267]      0 
2021-04-04 19:41:36.634032: I tensorflow/core/common_runtime/gpu/gpu_device.cc:1280] 0:   N 
2021-04-04 19:41:36.634365: I tensorflow/stream_executor/cuda/cuda_gpu_executor.cc:941] successful NUMA node read from SysFS had negative value (-1), but there must be at least one NUMA node, so returning NUMA node zero
2021-04-04 19:41:36.635321: I tensorflow/stream_executor/cuda/cuda_gpu_executor.cc:941] successful NUMA node read from SysFS had negative value (-1), but there must be at least one NUMA node, so returning NUMA node zero
2021-04-04 19:41:36.636226: I tensorflow/stream_executor/cuda/cuda_gpu_executor.cc:941] successful NUMA node read from SysFS had negative value (-1), but there must be at least one NUMA node, so returning NUMA node zero
2021-04-04 19:41:36.636980: I tensorflow/core/common_runtime/gpu/gpu_device.cc:1406] Created TensorFlow device (/job:localhost/replica:0/task:0/device:GPU:0 with 13963 MB memory) -> physical GPU (device: 0, name: Tesla T4, pci bus id: 0000:00:1e.0, compute capability: 7.5)
[DDPG] Building the actor model
[DDPG] Building the critic model
[DDPG] Building the critic model
[DDPG] Waiting for joint trajectory action
[DDPG] Found joint trajectory action!
[DDPG] Waiting for joint trajectory action
[DDPG] Found joint trajectory action!
[DDPG] Waiting for joint trajectory action
[DDPG] Found joint trajectory action!
[DDPG] Waiting for joint trajectory action
[DDPG] Found joint trajectory action!
[0m[ INFO] [1617565300.479851858, 3.520000000]: Loading robot model 'quadruped'...[0m
[0m[ INFO] [1617565300.480587881, 3.521000000]: No root/virtual joint specified in SRDF. Assuming fixed joint[0m
[33m[ WARN] [1617565300.480648430, 3.521000000]: Link dummy_link has visual geometry but no collision geometry. Collision geometry will be left empty. Fix your URDF file by explicitly specifying collision geometry.[0m
[0m[ INFO] [1617565301.675534582, 4.713000000]: Ready to take commands for planning group front_right_leg.[0m
[0m[ INFO] [1617565302.364358688, 5.401000000]: Ready to take commands for planning group front_left_leg.[0m
[0m[ INFO] [1617565303.165543033, 6.202000000]: Ready to take commands for planning group back_right_leg.[0m
[0m[ INFO] [1617565303.970835916, 7.001000000]: Ready to take commands for planning group back_left_leg.[0m
[Actor] GPU>>>>>>>>>>>>
[Actor] [PhysicalDevice(name='/physical_device:GPU:0', device_type='GPU')]
[DDPG] Training Start
[DDPG] Resetting Environment
[DDPG] Starting Episode 0
2021-04-04 19:42:08.035534: I tensorflow/stream_executor/platform/default/dso_loader.cc:49] Successfully opened dynamic library libcublas.so.11
2021-04-04 19:42:08.592323: I tensorflow/stream_executor/platform/default/dso_loader.cc:49] Successfully opened dynamic library libcublasLt.so.11
[DDPG] Episode 0 Step 0
[DDPG] Total Reward -2.650122880935669 Critic Loss 6.956827640533447
[DDPG] Episode 0 Step 1
[DDPG] Total Reward -0.5787152647972107 Critic Loss 3.6802239418029785
[DDPG] Episode 0 Step 2
[DDPG] Total Reward -0.32982391119003296 Critic Loss 2.520609140396118
[DDPG] Episode 0 Step 3
[DDPG] Total Reward -0.18133844435214996 Critic Loss 1.9251645803451538
[DDPG] Episode 0 Step 4
[DDPG] Total Reward -0.08338014036417007 Critic Loss 1.566697120666504
[DDPG] Episode 0 Step 5
[DDPG] Total Reward -0.15523815155029297 Critic Loss 1.3285038471221924
[DDPG] Episode 0 Step 6
[DDPG] Total Reward -0.4147813022136688 Critic Loss 1.1743686199188232
[DDPG] Episode 0 Step 7
[DDPG] Total Reward -0.1984013319015503 Critic Loss 1.045149326324463
[DDPG] Episode 0 Step 8
[DDPG] Total Reward -0.32160860300064087 Critic Loss 0.9499276280403137
[DDPG] Episode 0 Step 9
[DDPG] Total Reward -0.2963395118713379 Critic Loss 0.8725947141647339
[DDPG] Episode 0 Step 10
[DDPG] Total Reward -0.08504806458950043 Critic Loss 0.8046243190765381
[DDPG] Episode 0 Step 11
[DDPG] Total Reward -0.31198617815971375 Critic Loss 0.752952516078949
[DDPG] Episode 0 Step 12
[DDPG] Total Reward -0.07537800073623657 Critic Loss 0.7038026452064514
[DDPG] Episode 0 Step 13
[DDPG] Total Reward -0.22904901206493378 Critic Loss 0.6635518670082092
[DDPG] Episode 0 Step 14
[DDPG] Total Reward -0.2914738059043884 Critic Loss 0.6305721998214722
[DDPG] Episode 0 Step 15
[DDPG] Total Reward -0.13787095248699188 Critic Loss 0.598292887210846
[DDPG] Episode 0 Step 16
[DDPG] Total Reward -0.40805041790008545 Critic Loss 0.576667308807373
[DDPG] Episode 0 Step 17
[DDPG] Total Reward -0.10351566970348358 Critic Loss 0.5507564544677734
[DDPG] Episode 0 Step 18
[DDPG] Total Reward -0.11370812356472015 Critic Loss 0.5277119874954224
[DDPG] Episode 0 Step 19
[DDPG] Total Reward -0.20617462694644928 Critic Loss 0.5078905820846558
[DDPG] Episode 0 Step 20
[DDPG] Total Reward -0.07811322808265686 Critic Loss 0.4881291091442108
[DDPG] Episode 0 Step 21
[DDPG] Total Reward -0.041749730706214905 Critic Loss 0.4708998501300812
[DDPG] Episode 0 Step 22
[DDPG] Total Reward -0.34307190775871277 Critic Loss 0.4581596255302429
[DDPG] Episode 0 Step 23
[DDPG] Total Reward -0.04100504890084267 Critic Loss 0.4433096945285797
[DDPG] Episode 0 Step 24
[DDPG] Total Reward -0.29244330525398254 Critic Loss 0.43197929859161377
[DDPG] Episode 0 Step 25
[DDPG] Total Reward -0.11465660482645035 Critic Loss 0.4189550280570984
[DDPG] Episode 0 Step 26
[DDPG] Total Reward -0.02308875508606434 Critic Loss 0.4063427746295929
[DDPG] Episode 0 Step 27
[DDPG] Total Reward 0.01840442605316639 Critic Loss 0.3955712616443634
[DDPG] Episode 0 Step 28
[DDPG] Total Reward 0.222610741853714 Critic Loss 0.3873293101787567
[DDPG] Episode 0 Step 29
[DDPG] Total Reward 0.17306257784366608 Critic Loss 0.3793579638004303
[DDPG] Episode 0 Step 30
[DDPG] Total Reward -0.17407996952533722 Critic Loss 0.37033671140670776
[DDPG] Episode 0 Step 31
[DDPG] Total Reward -0.10453743487596512 Critic Loss 0.3615403175354004
[DDPG] Episode 0 Step 32
[DDPG] Total Reward 0.3584544360637665 Critic Loss 0.3578658103942871
[DDPG] Episode 0 Step 33
[DDPG] Total Reward 0.49775198101997375 Critic Loss 0.3581133186817169
[DDPG] Episode 0 Step 34
[DDPG] Total Reward -0.14445838332176208 Critic Loss 0.3506467044353485
[DDPG] Episode 0 Step 35
[DDPG] Total Reward 0.09405189752578735 Critic Loss 0.34334617853164673
[DDPG] Episode 0 Step 36
[DDPG] Total Reward 0.5269340872764587 Critic Loss 0.34447118639945984
[DDPG] Episode 0 Step 37
[DDPG] Total Reward 0.3435698449611664 Critic Loss 0.34102511405944824
[DDPG] Episode 0 Step 38
[DDPG] Total Reward 0.17982597649097443 Critic Loss 0.335305780172348
[DDPG] Episode 0 Step 39
[DDPG] Total Reward -5.010203838348389 Critic Loss 0.942090630531311
[DDPG] Episode 0 Step 40
[DDPG] Total Reward -4.894917011260986 Critic Loss 1.4903095960617065
[DDPG] Episode 0 Step 41
[DDPG] Total Reward -5.221863746643066 Critic Loss 2.0943379402160645
[DDPG] Episode 0 Step 42
[DDPG] Total Reward -0.6983380913734436 Critic Loss 2.056393623352051
[DDPG] Episode 0 Step 43
[DDPG] Total Reward -5.592677116394043 Critic Loss 2.708892583847046
[DDPG] Episode 0 Step 44
[DDPG] Total Reward -1.0127555131912231 Critic Loss 2.6690289974212646
[DDPG] Episode 0 Step 45
[DDPG] Total Reward -6.327836513519287 Critic Loss 3.463322877883911
[DDPG] Episode 0 Step 46
[DDPG] Total Reward -6.290965557098389 Critic Loss 4.212592124938965
[DDPG] Episode 0 Step 47
[DDPG] Total Reward -6.389338493347168 Critic Loss 4.9560322761535645
[DDPG] Episode 0 Step 48
[DDPG] Total Reward -6.423089981079102 Critic Loss 5.678434371948242
[DDPG] Episode 0 Step 49
[DDPG] Total Reward -5.289267063140869 Critic Loss 6.110569000244141
[DDPG] Episode 0 Step 50
[DDPG] Total Reward -5.2388596534729 Critic Loss 6.513341426849365
[DDPG] Episode 0 Step 51
[DDPG] Total Reward -5.382733345031738 Critic Loss 6.933644771575928
[DDPG] Episode 0 Step 52
[DDPG] Total Reward -5.132956504821777 Critic Loss 7.293877601623535
[DDPG] Episode 0 Step 53
[DDPG] Total Reward -5.164462089538574 Critic Loss 7.63923454284668
[DDPG] Episode 0 Step 54
[DDPG] Total Reward -5.252656936645508 Critic Loss 7.991449356079102
[DDPG] Episode 0 Step 55
[DDPG] Total Reward -5.240724086761475 Critic Loss 8.326139450073242
[DDPG] Episode 0 Step 56
[DDPG] Total Reward -5.248863697052002 Critic Loss 8.65114688873291
[DDPG] Episode 0 Step 57
[DDPG] Total Reward -5.2630615234375 Critic Loss 8.967886924743652
[DDPG] Episode 0 Step 58
[DDPG] Total Reward -5.270870208740234 Critic Loss 9.275919914245605
[DDPG] Episode 0 Step 59
[DDPG] Total Reward -5.3102126121521 Critic Loss 9.57622241973877
[DDPG] Episode 0 Step 60
[DDPG] Total Reward -5.13995361328125 Critic Loss 9.845017433166504
[DDPG] Episode 0 Step 61
[DDPG] Total Reward -5.205571174621582 Critic Loss 10.115410804748535
[DDPG] Episode 0 Step 62
[DDPG] Total Reward -5.325723171234131 Critic Loss 10.388227462768555
[DDPG] Episode 0 Step 63
[DDPG] Total Reward -5.267856121063232 Critic Loss 10.654491424560547
[DDPG] Episode 0 Step 64
[DDPG] Total Reward -5.278231143951416 Critic Loss 10.894161224365234
[DDPG] Episode 0 Step 65
[DDPG] Total Reward -5.283477306365967 Critic Loss 11.141889572143555
[DDPG] Episode 0 Step 66
[DDPG] Total Reward -5.176930904388428 Critic Loss 11.361928939819336
[DDPG] Episode 0 Step 67
[DDPG] Total Reward -5.262305736541748 Critic Loss 11.59465217590332
[DDPG] Episode 0 Step 68
[DDPG] Total Reward -5.320232391357422 Critic Loss 11.825335502624512
[DDPG] Episode 0 Step 69
[DDPG] Total Reward -5.2349066734313965 Critic Loss 12.034987449645996
[DDPG] Episode 0 Step 70
[DDPG] Total Reward -5.27903938293457 Critic Loss 12.24521541595459
[DDPG] Episode 0 Step 71
[DDPG] Total Reward -5.2206010818481445 Critic Loss 12.457622528076172
[DDPG] Episode 0 Step 72
[DDPG] Total Reward -5.189151763916016 Critic Loss 12.648603439331055
[DDPG] Episode 0 Step 73
[DDPG] Total Reward -5.209402561187744 Critic Loss 12.838995933532715
[DDPG] Episode 0 Step 74
[DDPG] Total Reward -5.236701488494873 Critic Loss 13.013432502746582
[DDPG] Episode 0 Step 75
[DDPG] Total Reward -5.326751708984375 Critic Loss 13.201933860778809
[DDPG] Episode 0 Step 76
[DDPG] Total Reward -5.196710109710693 Critic Loss 13.376729965209961
[DDPG] Episode 0 Step 77
[DDPG] Total Reward -5.233614921569824 Critic Loss 13.538081169128418
[DDPG] Episode 0 Step 78
[DDPG] Total Reward -5.504544258117676 Critic Loss 13.752976417541504
[DDPG] Episode 0 Step 79
[DDPG] Total Reward -5.292837142944336 Critic Loss 13.92048168182373
[DDPG] Episode 0 Step 80
[DDPG] Total Reward -6.325601100921631 Critic Loss 14.243701934814453
[DDPG] Episode 0 Step 81
[DDPG] Total Reward -6.540134906768799 Critic Loss 14.593022346496582
[DDPG] Episode 0 Step 82
[DDPG] Total Reward -5.8348774909973145 Critic Loss 14.833667755126953
[DDPG] Episode 0 Step 83
[DDPG] Total Reward -5.615950584411621 Critic Loss 15.029332160949707
[DDPG] Episode 0 Step 84
[DDPG] Total Reward -5.8923563957214355 Critic Loss 15.259814262390137
[DDPG] Episode 0 Step 85
[DDPG] Total Reward -6.3381123542785645 Critic Loss 15.550514221191406
[DDPG] Episode 0 Step 86
[DDPG] Total Reward -6.506655216217041 Critic Loss 15.831489562988281
[DDPG] Episode 0 Step 87
[DDPG] Total Reward -5.980916500091553 Critic Loss 16.04778289794922
[DDPG] Episode 0 Step 88
[DDPG] Total Reward -11.910614967346191 Critic Loss 17.463937759399414
[DDPG] Starting Next Episode

[DDPG] Saving Model
[DDPG] Resetting Environment
[DDPG] Starting Episode 1
[DDPG] Episode 1 Step 0
[DDPG] Total Reward -10.532081604003906 Critic Loss 18.60218620300293
[DDPG] Episode 1 Step 1
[DDPG] Total Reward -5.97661828994751 Critic Loss 18.787384033203125
[DDPG] Episode 1 Step 2
[DDPG] Total Reward -4.632708549499512 Critic Loss 18.828231811523438
[DDPG] Episode 1 Step 3
[DDPG] Total Reward -4.49855375289917 Critic Loss 18.838769912719727
[DDPG] Episode 1 Step 4
[DDPG] Total Reward -4.545755386352539 Critic Loss 18.86233139038086
[DDPG] Episode 1 Step 5
[DDPG] Total Reward -4.1509552001953125 Critic Loss 18.841930389404297
[DDPG] Episode 1 Step 6
[DDPG] Total Reward -5.505631446838379 Critic Loss 18.9614315032959
[DDPG] Episode 1 Step 7
[DDPG] Total Reward -5.256797790527344 Critic Loss 19.058988571166992
[DDPG] Episode 1 Step 8
[DDPG] Total Reward -4.120612144470215 Critic Loss 19.033802032470703
[DDPG] Episode 1 Step 9
[DDPG] Total Reward -5.568439483642578 Critic Loss 19.16031837463379
[DDPG] Episode 1 Step 10
[DDPG] Total Reward -6.114833831787109 Critic Loss 19.350566864013672
[DDPG] Episode 1 Step 11
[DDPG] Total Reward -7.624804496765137 Critic Loss 19.748231887817383
[DDPG] Episode 1 Step 12
[DDPG] Total Reward -6.857741832733154 Critic Loss 20.39209747314453
[DDPG] Episode 1 Step 13
[DDPG] Total Reward -8.033761978149414 Critic Loss 21.044355392456055
[DDPG] Episode 1 Step 14
[DDPG] Total Reward -11.582880020141602 Critic Loss 21.5777530670166
[DDPG] Starting Next Episode
[DDPG] Resetting Environment
[DDPG] Starting Episode 2
[DDPG] Episode 2 Step 0
[DDPG] Total Reward -11.001258850097656 Critic Loss 23.083967208862305
[DDPG] Episode 2 Step 1
[DDPG] Total Reward -9.531208992004395 Critic Loss 23.449464797973633
[DDPG] Episode 2 Step 2
[DDPG] Total Reward -5.446078777313232 Critic Loss 23.218521118164062
[DDPG] Episode 2 Step 3
[DDPG] Total Reward -6.704117774963379 Critic Loss 22.961488723754883
[DDPG] Episode 2 Step 4
[DDPG] Total Reward -6.157406806945801 Critic Loss 24.740324020385742
[DDPG] Episode 2 Step 5
[DDPG] Total Reward -6.635073661804199 Critic Loss 24.2489013671875
[DDPG] Episode 2 Step 6
[DDPG] Total Reward -6.101700782775879 Critic Loss 23.310293197631836
[DDPG] Episode 2 Step 7
[DDPG] Total Reward -5.647360324859619 Critic Loss 24.63479232788086
[DDPG] Episode 2 Step 8
[DDPG] Total Reward -5.326105117797852 Critic Loss 21.96054458618164
[DDPG] Episode 2 Step 9
[DDPG] Total Reward -5.451517105102539 Critic Loss 25.281322479248047
[DDPG] Episode 2 Step 10
[DDPG] Total Reward -6.851712226867676 Critic Loss 24.816028594970703
[DDPG] Episode 2 Step 11
[DDPG] Total Reward -6.128716468811035 Critic Loss 23.803300857543945
[DDPG] Episode 2 Step 12
[DDPG] Total Reward -8.329258918762207 Critic Loss 23.328027725219727
[DDPG] Episode 2 Step 13
[DDPG] Total Reward -10.116986274719238 Critic Loss 25.52651596069336
[DDPG] Episode 2 Step 14
[DDPG] Total Reward -6.216938018798828 Critic Loss 26.496631622314453
[DDPG] Episode 2 Step 15
[DDPG] Total Reward -4.309074878692627 Critic Loss 25.530040740966797
[DDPG] Episode 2 Step 16
[DDPG] Total Reward -5.476587772369385 Critic Loss 25.783414840698242
[DDPG] Episode 2 Step 17
[DDPG] Total Reward -5.293166637420654 Critic Loss 24.669322967529297
[DDPG] Episode 2 Step 18
[DDPG] Total Reward -4.464121341705322 Critic Loss 24.423288345336914
[DDPG] Episode 2 Step 19
[DDPG] Total Reward -4.557255744934082 Critic Loss 26.030588150024414
[DDPG] Episode 2 Step 20
[DDPG] Total Reward -4.288797855377197 Critic Loss 25.972152709960938
[DDPG] Episode 2 Step 21
[DDPG] Total Reward -6.514848709106445 Critic Loss 25.169008255004883
[DDPG] Episode 2 Step 22
[DDPG] Total Reward -4.481412887573242 Critic Loss 23.031326293945312
[DDPG] Episode 2 Step 23
[DDPG] Total Reward -5.942843437194824 Critic Loss 27.467517852783203
[DDPG] Episode 2 Step 24
[DDPG] Total Reward -5.252326965332031 Critic Loss 25.09337615966797
[DDPG] Episode 2 Step 25
[DDPG] Total Reward -5.235719680786133 Critic Loss 27.94184112548828
[DDPG] Episode 2 Step 26
[DDPG] Total Reward -5.505911827087402 Critic Loss 23.519695281982422
[DDPG] Episode 2 Step 27
[DDPG] Total Reward -6.226802825927734 Critic Loss 26.94757080078125
[DDPG] Episode 2 Step 28
[DDPG] Total Reward -7.198052883148193 Critic Loss 26.617774963378906
[DDPG] Episode 2 Step 29
[DDPG] Total Reward -6.588726043701172 Critic Loss 25.531312942504883
[DDPG] Episode 2 Step 30
[DDPG] Total Reward -8.261483192443848 Critic Loss 26.009241104125977
[DDPG] Episode 2 Step 31
[DDPG] Total Reward -5.576945781707764 Critic Loss 26.222585678100586
[DDPG] Episode 2 Step 32
[DDPG] Total Reward -6.995996475219727 Critic Loss 23.453733444213867
[DDPG] Episode 2 Step 33
[DDPG] Total Reward -7.5847578048706055 Critic Loss 27.28139877319336
[DDPG] Episode 2 Step 34
[DDPG] Total Reward -6.22490930557251 Critic Loss 24.803377151489258
[DDPG] Episode 2 Step 35
[DDPG] Total Reward -5.612186908721924 Critic Loss 27.58913803100586
[DDPG] Episode 2 Step 36
[DDPG] Total Reward -7.684892177581787 Critic Loss 29.0351619720459
[DDPG] Episode 2 Step 37
[DDPG] Total Reward -6.16260290145874 Critic Loss 26.534570693969727
[DDPG] Episode 2 Step 38
[DDPG] Total Reward -6.21004581451416 Critic Loss 27.404314041137695
[DDPG] Episode 2 Step 39
[DDPG] Total Reward -8.731860160827637 Critic Loss 26.879018783569336
[DDPG] Episode 2 Step 40
[DDPG] Total Reward -6.6919708251953125 Critic Loss 29.879453659057617
[DDPG] Episode 2 Step 41
[DDPG] Total Reward -9.097474098205566 Critic Loss 28.560440063476562
[DDPG] Episode 2 Step 42
[DDPG] Total Reward -7.507910251617432 Critic Loss 27.92107391357422
[DDPG] Episode 2 Step 43
[DDPG] Total Reward -8.222253799438477 Critic Loss 27.397235870361328
[DDPG] Episode 2 Step 44
[DDPG] Total Reward -6.566209316253662 Critic Loss 29.9925537109375
[DDPG] Episode 2 Step 45
[DDPG] Total Reward -19.247360229492188 Critic Loss 28.242002487182617
[DDPG] Starting Next Episode
[DDPG] Resetting Environment
[DDPG] Starting Episode 3
[DDPG] Episode 3 Step 0
[DDPG] Total Reward -19.630857467651367 Critic Loss 32.229366302490234
[DDPG] Starting Next Episode

[DDPG] Saving Model
[DDPG] Resetting Environment
[DDPG] Starting Episode 4
[DDPG] Episode 4 Step 0
[DDPG] Total Reward -17.890769958496094 Critic Loss 38.3373908996582
[DDPG] Starting Next Episode
[DDPG] Resetting Environment
[DDPG] Starting Episode 5
[DDPG] Episode 5 Step 0
[DDPG] Total Reward -20.543989181518555 Critic Loss 39.515785217285156
[DDPG] Starting Next Episode
[DDPG] Resetting Environment
[DDPG] Starting Episode 6
[DDPG] Episode 6 Step 0
[DDPG] Total Reward -19.885501861572266 Critic Loss 30.736509323120117
[DDPG] Starting Next Episode

[DDPG] Saving Model
[DDPG] Resetting Environment
[DDPG] Starting Episode 7
[DDPG] Episode 7 Step 0
[DDPG] Total Reward -19.937301635742188 Critic Loss 43.21821212768555
[DDPG] Starting Next Episode
[DDPG] Resetting Environment
[DDPG] Starting Episode 8
[DDPG] Episode 8 Step 0
[DDPG] Total Reward -18.93889808654785 Critic Loss 53.25846862792969
[DDPG] Starting Next Episode
[DDPG] Resetting Environment
[DDPG] Starting Episode 9
[DDPG] Episode 9 Step 0
[DDPG] Total Reward -20.731611251831055 Critic Loss 49.304786682128906
[DDPG] Starting Next Episode

[DDPG] Saving Model
[DDPG] Resetting Environment
[DDPG] Starting Episode 10
[DDPG] Episode 10 Step 0
[DDPG] Total Reward -22.776805877685547 Critic Loss 42.06398010253906
[DDPG] Starting Next Episode
[DDPG] Resetting Environment
[DDPG] Starting Episode 11
[DDPG] Episode 11 Step 0
[DDPG] Total Reward -19.959684371948242 Critic Loss 50.548126220703125
[DDPG] Starting Next Episode
[DDPG] Resetting Environment
[DDPG] Starting Episode 12
[DDPG] Episode 12 Step 0
[DDPG] Total Reward -20.31669044494629 Critic Loss 53.0980224609375
[DDPG] Starting Next Episode

[DDPG] Saving Model
[DDPG] Resetting Environment
[DDPG] Starting Episode 13
[DDPG] Episode 13 Step 0
[DDPG] Total Reward -22.816734313964844 Critic Loss 45.00151062011719
[DDPG] Starting Next Episode
[DDPG] Resetting Environment
[DDPG] Starting Episode 14
[DDPG] Episode 14 Step 0
[DDPG] Total Reward -21.067276000976562 Critic Loss 67.66126251220703
[DDPG] Starting Next Episode
[DDPG] Resetting Environment
[DDPG] Starting Episode 15
[DDPG] Episode 15 Step 0
[DDPG] Total Reward -9.97519302368164 Critic Loss 57.413604736328125
[DDPG] Episode 15 Step 1
[DDPG] Total Reward -16.54311180114746 Critic Loss 54.33314514160156
[DDPG] Starting Next Episode

[DDPG] Saving Model
[DDPG] Resetting Environment
[DDPG] Starting Episode 16
[DDPG] Episode 16 Step 0
[DDPG] Total Reward -19.59624671936035 Critic Loss 75.76884460449219
[DDPG] Starting Next Episode
[DDPG] Resetting Environment
[DDPG] Starting Episode 17
[DDPG] Episode 17 Step 0
[DDPG] Total Reward -20.542171478271484 Critic Loss 68.34939575195312
[DDPG] Starting Next Episode
[DDPG] Resetting Environment
[DDPG] Starting Episode 18
[DDPG] Episode 18 Step 0
[DDPG] Total Reward -21.255130767822266 Critic Loss 68.16468811035156
[DDPG] Starting Next Episode

[DDPG] Saving Model
[DDPG] Resetting Environment
[DDPG] Starting Episode 19
[DDPG] Episode 19 Step 0
[DDPG] Total Reward -19.271482467651367 Critic Loss 81.3336410522461
[DDPG] Starting Next Episode
[DDPG] Resetting Environment
[DDPG] Starting Episode 20
[DDPG] Episode 20 Step 0
[DDPG] Total Reward -21.69686508178711 Critic Loss 47.520565032958984
[DDPG] Starting Next Episode
[DDPG] Resetting Environment
[DDPG] Starting Episode 21
[DDPG] Episode 21 Step 0
[DDPG] Total Reward -20.16242027282715 Critic Loss 67.23382568359375
[DDPG] Starting Next Episode

[DDPG] Saving Model
[DDPG] Resetting Environment
[DDPG] Starting Episode 22
[DDPG] Episode 22 Step 0
[DDPG] Total Reward -19.14680290222168 Critic Loss 67.68846130371094
[DDPG] Starting Next Episode
[DDPG] Resetting Environment
[DDPG] Starting Episode 23
[DDPG] Episode 23 Step 0
[DDPG] Total Reward -20.229013442993164 Critic Loss 74.8057861328125
[DDPG] Starting Next Episode
[DDPG] Resetting Environment
[DDPG] Starting Episode 24
[DDPG] Episode 24 Step 0
[DDPG] Total Reward -19.75110626220703 Critic Loss 87.54049682617188
[DDPG] Starting Next Episode

[DDPG] Saving Model
[DDPG] Resetting Environment
[DDPG] Starting Episode 25
[DDPG] Episode 25 Step 0
[DDPG] Total Reward -20.67240333557129 Critic Loss 89.06625366210938
[DDPG] Starting Next Episode
[DDPG] Resetting Environment
[DDPG] Starting Episode 26
[DDPG] Episode 26 Step 0
[DDPG] Total Reward -20.37217140197754 Critic Loss 93.1651840209961
[DDPG] Starting Next Episode
[DDPG] Resetting Environment
[DDPG] Starting Episode 27
[DDPG] Episode 27 Step 0
[DDPG] Total Reward -20.702775955200195 Critic Loss 77.1930923461914
[DDPG] Starting Next Episode

[DDPG] Saving Model
[DDPG] Resetting Environment
[DDPG] Starting Episode 28
[DDPG] Episode 28 Step 0
[DDPG] Total Reward -20.527667999267578 Critic Loss 82.84355163574219
[DDPG] Starting Next Episode
[DDPG] Resetting Environment
[DDPG] Starting Episode 29
[DDPG] Episode 29 Step 0
[DDPG] Total Reward -21.2001953125 Critic Loss 104.7270278930664
[DDPG] Starting Next Episode
[DDPG] Resetting Environment
[DDPG] Starting Episode 30
[DDPG] Episode 30 Step 0
[DDPG] Total Reward -19.125118255615234 Critic Loss 99.3031234741211
[DDPG] Starting Next Episode

[DDPG] Saving Model
[DDPG] Resetting Environment
[DDPG] Starting Episode 31
[DDPG] Episode 31 Step 0
[DDPG] Total Reward -20.03084945678711 Critic Loss 106.47007751464844
[DDPG] Starting Next Episode
[DDPG] Resetting Environment
[DDPG] Starting Episode 32
[DDPG] Episode 32 Step 0
[DDPG] Total Reward -20.609872817993164 Critic Loss 91.46717071533203
[DDPG] Starting Next Episode
[DDPG] Resetting Environment
[DDPG] Starting Episode 33
[DDPG] Episode 33 Step 0
[DDPG] Total Reward -21.360191345214844 Critic Loss 80.55747985839844
[DDPG] Starting Next Episode

[DDPG] Saving Model
[DDPG] Resetting Environment
[DDPG] Starting Episode 34
[DDPG] Episode 34 Step 0
[DDPG] Total Reward -19.296777725219727 Critic Loss 107.27543640136719
[DDPG] Starting Next Episode
[DDPG] Resetting Environment
[DDPG] Starting Episode 35
[DDPG] Episode 35 Step 0
[DDPG] Total Reward -22.45633888244629 Critic Loss 101.97611236572266
[DDPG] Starting Next Episode
[DDPG] Resetting Environment
[DDPG] Starting Episode 36
[DDPG] Episode 36 Step 0
[DDPG] Total Reward -21.597980499267578 Critic Loss 106.91593933105469
[DDPG] Starting Next Episode

[DDPG] Saving Model
[DDPG] Resetting Environment
[DDPG] Starting Episode 37
[DDPG] Episode 37 Step 0
[DDPG] Total Reward -23.431690216064453 Critic Loss 103.3436050415039
[DDPG] Starting Next Episode
[DDPG] Resetting Environment
[DDPG] Starting Episode 38
[DDPG] Episode 38 Step 0
[DDPG] Total Reward -21.018522262573242 Critic Loss 101.8805160522461
[DDPG] Starting Next Episode
[DDPG] Resetting Environment
[DDPG] Starting Episode 39
[DDPG] Episode 39 Step 0
[DDPG] Total Reward -20.266630172729492 Critic Loss 115.25981140136719
[DDPG] Starting Next Episode

[DDPG] Saving Model
[DDPG] Resetting Environment
[DDPG] Starting Episode 40
[DDPG] Episode 40 Step 0
[DDPG] Total Reward -20.807710647583008 Critic Loss 127.47589874267578
[DDPG] Starting Next Episode
[DDPG] Resetting Environment
[DDPG] Starting Episode 41
[DDPG] Episode 41 Step 0
[DDPG] Total Reward -21.849748611450195 Critic Loss 115.9137954711914
[DDPG] Starting Next Episode
[DDPG] Resetting Environment
[DDPG] Starting Episode 42
[DDPG] Episode 42 Step 0
[DDPG] Total Reward -16.56878089904785 Critic Loss 131.15638732910156
[DDPG] Episode 42 Step 1
[DDPG] Total Reward -14.155837059020996 Critic Loss 128.61712646484375
[DDPG] Episode 42 Step 2
[DDPG] Total Reward -19.408292770385742 Critic Loss 104.06796264648438
[DDPG] Starting Next Episode

[DDPG] Saving Model
[DDPG] Resetting Environment
[DDPG] Starting Episode 43
[DDPG] Episode 43 Step 0
[DDPG] Total Reward -20.18938446044922 Critic Loss 120.46987915039062
[DDPG] Starting Next Episode
[DDPG] Resetting Environment
[DDPG] Starting Episode 44
[DDPG] Episode 44 Step 0
[DDPG] Total Reward -20.692974090576172 Critic Loss 123.58638000488281
[DDPG] Starting Next Episode
[DDPG] Resetting Environment
[DDPG] Starting Episode 45
[DDPG] Episode 45 Step 0
[DDPG] Total Reward -15.96656322479248 Critic Loss 141.35691833496094
[DDPG] Episode 45 Step 1
[DDPG] Total Reward -21.29171371459961 Critic Loss 111.80310821533203
[DDPG] Episode 45 Step 2
[DDPG] Total Reward -16.168777465820312 Critic Loss 136.6763916015625
[DDPG] Episode 45 Step 3
[DDPG] Total Reward -18.703811645507812 Critic Loss 132.05177307128906
[DDPG] Episode 45 Step 4
[DDPG] Total Reward -18.485485076904297 Critic Loss 117.94444274902344
[DDPG] Episode 45 Step 5
[DDPG] Total Reward -9.727907180786133 Critic Loss 132.77935791015625
[DDPG] Episode 45 Step 6
[DDPG] Total Reward -13.663017272949219 Critic Loss 123.45040893554688
[DDPG] Episode 45 Step 7
[DDPG] Total Reward -22.122665405273438 Critic Loss 112.03418731689453
[DDPG] Episode 45 Step 8
[DDPG] Total Reward -23.17154312133789 Critic Loss 119.63707733154297
[DDPG] Starting Next Episode

[DDPG] Saving Model
[DDPG] Resetting Environment
[DDPG] Starting Episode 46
[DDPG] Episode 46 Step 0
[DDPG] Total Reward -19.742813110351562 Critic Loss 123.77668762207031
[DDPG] Starting Next Episode
[DDPG] Resetting Environment
[DDPG] Starting Episode 47
[DDPG] Episode 47 Step 0
[DDPG] Total Reward -18.85342788696289 Critic Loss 140.60890197753906
[DDPG] Starting Next Episode
[DDPG] Resetting Environment
[DDPG] Starting Episode 48
[DDPG] Episode 48 Step 0
[DDPG] Total Reward -20.990997314453125 Critic Loss 141.2263641357422
[DDPG] Starting Next Episode

[DDPG] Saving Model
[DDPG] Resetting Environment
[DDPG] Starting Episode 49
[DDPG] Episode 49 Step 0
[DDPG] Total Reward -20.023595809936523 Critic Loss 152.5614013671875
[DDPG] Starting Next Episode
[DDPG] Resetting Environment
[DDPG] Starting Episode 50
[DDPG] Episode 50 Step 0
[DDPG] Total Reward -19.9716854095459 Critic Loss 126.26085662841797
[DDPG] Starting Next Episode
[DDPG] Resetting Environment
[DDPG] Starting Episode 51
[DDPG] Episode 51 Step 0
[DDPG] Total Reward -20.174440383911133 Critic Loss 134.49818420410156
[DDPG] Starting Next Episode

[DDPG] Saving Model
[DDPG] Resetting Environment
[DDPG] Starting Episode 52
[DDPG] Episode 52 Step 0
[DDPG] Total Reward -19.98264503479004 Critic Loss 133.19900512695312
[DDPG] Starting Next Episode
[DDPG] Resetting Environment
[DDPG] Starting Episode 53
[DDPG] Episode 53 Step 0
[DDPG] Total Reward -20.788768768310547 Critic Loss 152.49642944335938
[DDPG] Starting Next Episode
[DDPG] Resetting Environment
[DDPG] Starting Episode 54
[DDPG] Episode 54 Step 0
[DDPG] Total Reward -18.020721435546875 Critic Loss 154.26104736328125
[DDPG] Starting Next Episode

[DDPG] Saving Model
[DDPG] Resetting Environment
[DDPG] Starting Episode 55
[DDPG] Episode 55 Step 0
[DDPG] Total Reward -18.993093490600586 Critic Loss 123.53473663330078
[DDPG] Starting Next Episode
[DDPG] Resetting Environment
[DDPG] Starting Episode 56
[DDPG] Episode 56 Step 0
[DDPG] Total Reward -18.886255264282227 Critic Loss 152.30323791503906
[DDPG] Starting Next Episode
[DDPG] Resetting Environment
[DDPG] Starting Episode 57
[DDPG] Episode 57 Step 0
[DDPG] Total Reward -19.24040412902832 Critic Loss 140.54322814941406
[DDPG] Starting Next Episode

[DDPG] Saving Model
[DDPG] Resetting Environment
[DDPG] Starting Episode 58
[DDPG] Episode 58 Step 0
[DDPG] Total Reward -19.056724548339844 Critic Loss 152.07614135742188
[DDPG] Starting Next Episode
[DDPG] Resetting Environment
[DDPG] Starting Episode 59
[DDPG] Episode 59 Step 0
[DDPG] Total Reward -19.539335250854492 Critic Loss 132.55564880371094
[DDPG] Starting Next Episode
[DDPG] Resetting Environment
[DDPG] Starting Episode 60
[DDPG] Episode 60 Step 0
[DDPG] Total Reward -19.448205947875977 Critic Loss 144.42169189453125
[DDPG] Starting Next Episode

[DDPG] Saving Model
[DDPG] Resetting Environment
[DDPG] Starting Episode 61
[DDPG] Episode 61 Step 0
[DDPG] Total Reward -20.73585319519043 Critic Loss 171.2002410888672
[DDPG] Starting Next Episode
[DDPG] Resetting Environment
[DDPG] Starting Episode 62
[DDPG] Episode 62 Step 0
[DDPG] Total Reward -18.71459197998047 Critic Loss 154.96377563476562
[DDPG] Starting Next Episode
[DDPG] Resetting Environment
[DDPG] Starting Episode 63
[DDPG] Episode 63 Step 0
[DDPG] Total Reward -19.007709503173828 Critic Loss 145.4952850341797
[DDPG] Starting Next Episode

[DDPG] Saving Model
[DDPG] Resetting Environment
[DDPG] Starting Episode 64
[DDPG] Episode 64 Step 0
[DDPG] Total Reward -17.401412963867188 Critic Loss 147.91180419921875
[DDPG] Starting Next Episode
[DDPG] Resetting Environment
[DDPG] Starting Episode 65
[DDPG] Episode 65 Step 0
[DDPG] Total Reward -17.702255249023438 Critic Loss 164.10855102539062
[DDPG] Starting Next Episode
[DDPG] Resetting Environment
[DDPG] Starting Episode 66
[DDPG] Episode 66 Step 0
[DDPG] Total Reward -18.04047966003418 Critic Loss 165.86495971679688
[DDPG] Starting Next Episode

[DDPG] Saving Model
[DDPG] Resetting Environment
[DDPG] Starting Episode 67
[DDPG] Episode 67 Step 0
[DDPG] Total Reward -17.961275100708008 Critic Loss 151.3031768798828
[DDPG] Starting Next Episode
[DDPG] Resetting Environment
[DDPG] Starting Episode 68
[DDPG] Episode 68 Step 0
[DDPG] Total Reward -21.547374725341797 Critic Loss 141.63711547851562
[DDPG] Starting Next Episode
[DDPG] Resetting Environment
[DDPG] Starting Episode 69
[DDPG] Episode 69 Step 0
[DDPG] Total Reward -18.890579223632812 Critic Loss 155.6929473876953
[DDPG] Starting Next Episode

[DDPG] Saving Model
[DDPG] Resetting Environment
[DDPG] Starting Episode 70
[DDPG] Episode 70 Step 0
[DDPG] Total Reward -13.990205764770508 Critic Loss 155.2354736328125
[DDPG] Episode 70 Step 1
[DDPG] Total Reward -8.171313285827637 Critic Loss 144.97320556640625
[DDPG] Episode 70 Step 2
[DDPG] Total Reward -13.345945358276367 Critic Loss 144.2338409423828
[DDPG] Episode 70 Step 3
[DDPG] Total Reward -10.505974769592285 Critic Loss 174.91830444335938
[DDPG] Episode 70 Step 4
[DDPG] Total Reward -14.27575397491455 Critic Loss 157.8692169189453
[DDPG] Episode 70 Step 5
[DDPG] Total Reward -12.369711875915527 Critic Loss 136.7679443359375
[DDPG] Episode 70 Step 6
[DDPG] Total Reward -10.275794982910156 Critic Loss 145.2070770263672
[DDPG] Episode 70 Step 7
[DDPG] Total Reward -8.446516036987305 Critic Loss 163.0723876953125
[DDPG] Episode 70 Step 8
[DDPG] Total Reward -6.121098041534424 Critic Loss 159.07919311523438
[DDPG] Episode 70 Step 9
[DDPG] Total Reward -7.6806111335754395 Critic Loss 135.74386596679688
[DDPG] Episode 70 Step 10
[DDPG] Total Reward -6.852746963500977 Critic Loss 160.9109344482422
[DDPG] Episode 70 Step 11
[DDPG] Total Reward -8.513327598571777 Critic Loss 136.49485778808594
[DDPG] Episode 70 Step 12
[DDPG] Total Reward -12.345832824707031 Critic Loss 157.1332550048828
[DDPG] Episode 70 Step 13
[DDPG] Total Reward -8.271965980529785 Critic Loss 162.05897521972656
[DDPG] Episode 70 Step 14
[DDPG] Total Reward -24.654390335083008 Critic Loss 181.41378784179688
[DDPG] Starting Next Episode
[DDPG] Resetting Environment
[DDPG] Starting Episode 71
[DDPG] Episode 71 Step 0
[DDPG] Total Reward -9.941993713378906 Critic Loss 164.5096435546875
[DDPG] Episode 71 Step 1
[DDPG] Total Reward -7.501632213592529 Critic Loss 152.854736328125
[DDPG] Episode 71 Step 2
[DDPG] Total Reward -9.427505493164062 Critic Loss 128.39266967773438
[DDPG] Episode 71 Step 3
[DDPG] Total Reward -7.633687973022461 Critic Loss 163.3241424560547
[DDPG] Episode 71 Step 4
[DDPG] Total Reward -8.757040023803711 Critic Loss 165.5780029296875
[DDPG] Episode 71 Step 5
[DDPG] Total Reward -10.144074440002441 Critic Loss 133.31886291503906
[DDPG] Episode 71 Step 6
[DDPG] Total Reward -11.915331840515137 Critic Loss 151.6813201904297
[DDPG] Episode 71 Step 7
[DDPG] Total Reward -8.892744064331055 Critic Loss 131.8234405517578
[DDPG] Episode 71 Step 8
[DDPG] Total Reward -8.56263256072998 Critic Loss 147.34185791015625
[DDPG] Episode 71 Step 9
[DDPG] Total Reward -9.892756462097168 Critic Loss 157.7008056640625
[DDPG] Episode 71 Step 10
[DDPG] Total Reward -5.247124671936035 Critic Loss 156.01089477539062
[DDPG] Episode 71 Step 11
[DDPG] Total Reward -7.4275431632995605 Critic Loss 160.8266143798828
[DDPG] Episode 71 Step 12
[DDPG] Total Reward -17.892452239990234 Critic Loss 152.47097778320312
[DDPG] Starting Next Episode
[DDPG] Resetting Environment
[DDPG] Starting Episode 72
[DDPG] Episode 72 Step 0
[DDPG] Total Reward -9.85934066772461 Critic Loss 168.41485595703125
[DDPG] Episode 72 Step 1
[DDPG] Total Reward -11.656880378723145 Critic Loss 165.14251708984375
[DDPG] Episode 72 Step 2
[DDPG] Total Reward -10.447047233581543 Critic Loss 137.70831298828125
[DDPG] Episode 72 Step 3
[DDPG] Total Reward -6.245715141296387 Critic Loss 164.7414093017578
[DDPG] Episode 72 Step 4
[DDPG] Total Reward -12.383509635925293 Critic Loss 138.8523406982422
[DDPG] Episode 72 Step 5
[DDPG] Total Reward -18.790939331054688 Critic Loss 142.276611328125
[DDPG] Starting Next Episode

[DDPG] Saving Model
[DDPG] Resetting Environment
[DDPG] Starting Episode 73
[DDPG] Episode 73 Step 0
[DDPG] Total Reward -9.067354202270508 Critic Loss 132.91209411621094
[DDPG] Episode 73 Step 1
[DDPG] Total Reward -8.612334251403809 Critic Loss 151.77798461914062
[DDPG] Episode 73 Step 2
[DDPG] Total Reward -16.977962493896484 Critic Loss 134.34115600585938
[DDPG] Starting Next Episode
[DDPG] Resetting Environment
[DDPG] Starting Episode 74
[DDPG] Episode 74 Step 0
[DDPG] Total Reward -9.448841094970703 Critic Loss 144.79974365234375
[DDPG] Episode 74 Step 1
[DDPG] Total Reward -10.248607635498047 Critic Loss 163.44927978515625
[DDPG] Episode 74 Step 2
[DDPG] Total Reward -7.763113975524902 Critic Loss 177.04762268066406
[DDPG] Episode 74 Step 3
[DDPG] Total Reward -9.613606452941895 Critic Loss 140.20591735839844
[DDPG] Episode 74 Step 4
[DDPG] Total Reward -8.844414710998535 Critic Loss 159.46743774414062
[DDPG] Episode 74 Step 5
[DDPG] Total Reward -6.5149312019348145 Critic Loss 155.47296142578125
[DDPG] Episode 74 Step 6
[DDPG] Total Reward -15.703033447265625 Critic Loss 143.66868591308594
[DDPG] Starting Next Episode
[DDPG] Resetting Environment
[DDPG] Starting Episode 75
[DDPG] Episode 75 Step 0
[DDPG] Total Reward -9.832210540771484 Critic Loss 151.0410614013672
[DDPG] Episode 75 Step 1
[DDPG] Total Reward -10.124373435974121 Critic Loss 126.10452270507812
[DDPG] Episode 75 Step 2
[DDPG] Total Reward -4.129683494567871 Critic Loss 139.3507537841797
[DDPG] Episode 75 Step 3
[DDPG] Total Reward -19.613431930541992 Critic Loss 141.23748779296875
[DDPG] Starting Next Episode

[DDPG] Saving Model
[DDPG] Resetting Environment
[DDPG] Starting Episode 76
[DDPG] Episode 76 Step 0
[DDPG] Total Reward -9.55462646484375 Critic Loss 147.2579345703125
[DDPG] Episode 76 Step 1
[DDPG] Total Reward -6.2436203956604 Critic Loss 151.5861358642578
[DDPG] Episode 76 Step 2
[DDPG] Total Reward -9.872830390930176 Critic Loss 130.24551391601562
[DDPG] Episode 76 Step 3
[DDPG] Total Reward -8.039196014404297 Critic Loss 122.1725845336914
[DDPG] Episode 76 Step 4
[DDPG] Total Reward -8.809905052185059 Critic Loss 149.78147888183594
[DDPG] Episode 76 Step 5
[DDPG] Total Reward -8.170878410339355 Critic Loss 162.83291625976562
[DDPG] Episode 76 Step 6
[DDPG] Total Reward -6.464194297790527 Critic Loss 144.9785614013672
[DDPG] Episode 76 Step 7
[DDPG] Total Reward -16.879051208496094 Critic Loss 169.22093200683594
[DDPG] Starting Next Episode
[DDPG] Resetting Environment
[DDPG] Starting Episode 77
[DDPG] Episode 77 Step 0
[DDPG] Total Reward -9.14030647277832 Critic Loss 124.35271453857422
[DDPG] Episode 77 Step 1
[DDPG] Total Reward -7.693546772003174 Critic Loss 166.28338623046875
[DDPG] Episode 77 Step 2
[DDPG] Total Reward -20.094587326049805 Critic Loss 168.3984832763672
[DDPG] Starting Next Episode
[DDPG] Resetting Environment
[DDPG] Starting Episode 78
[DDPG] Episode 78 Step 0
[DDPG] Total Reward -10.29167652130127 Critic Loss 146.92373657226562
[DDPG] Episode 78 Step 1
[DDPG] Total Reward -9.761418342590332 Critic Loss 150.9866943359375
[DDPG] Episode 78 Step 2
[DDPG] Total Reward -9.437939643859863 Critic Loss 143.8614044189453
[DDPG] Episode 78 Step 3
[DDPG] Total Reward -5.42018985748291 Critic Loss 138.9064483642578
[DDPG] Episode 78 Step 4
[DDPG] Total Reward -4.3340373039245605 Critic Loss 130.43836975097656
[DDPG] Episode 78 Step 5
[DDPG] Total Reward -6.736348628997803 Critic Loss 166.12403869628906
[DDPG] Episode 78 Step 6
[DDPG] Total Reward -6.455387115478516 Critic Loss 134.97019958496094
[DDPG] Episode 78 Step 7
[DDPG] Total Reward -10.063054084777832 Critic Loss 135.06504821777344
[DDPG] Episode 78 Step 8
[DDPG] Total Reward -16.515338897705078 Critic Loss 146.37338256835938
[DDPG] Starting Next Episode

[DDPG] Saving Model
[DDPG] Resetting Environment
[DDPG] Starting Episode 79
[DDPG] Episode 79 Step 0
[DDPG] Total Reward -8.853796005249023 Critic Loss 138.31436157226562
[DDPG] Episode 79 Step 1
[DDPG] Total Reward -8.165519714355469 Critic Loss 133.45989990234375
[DDPG] Episode 79 Step 2
[DDPG] Total Reward -17.783830642700195 Critic Loss 137.44354248046875
[DDPG] Starting Next Episode
[DDPG] Resetting Environment
[DDPG] Starting Episode 80
[DDPG] Episode 80 Step 0
[DDPG] Total Reward -8.953518867492676 Critic Loss 159.7984161376953
[DDPG] Episode 80 Step 1
[DDPG] Total Reward -7.438252925872803 Critic Loss 144.81216430664062
[DDPG] Episode 80 Step 2
[DDPG] Total Reward -18.435224533081055 Critic Loss 141.64476013183594
[DDPG] Starting Next Episode
[DDPG] Resetting Environment
[DDPG] Starting Episode 81
[DDPG] Episode 81 Step 0
[DDPG] Total Reward -8.649852752685547 Critic Loss 142.24307250976562
[DDPG] Episode 81 Step 1
[DDPG] Total Reward -6.959676742553711 Critic Loss 174.08738708496094
[DDPG] Episode 81 Step 2
[DDPG] Total Reward -8.932024955749512 Critic Loss 155.52081298828125
[DDPG] Episode 81 Step 3
[DDPG] Total Reward -4.692331790924072 Critic Loss 140.20681762695312
[DDPG] Episode 81 Step 4
[DDPG] Total Reward -9.217092514038086 Critic Loss 137.39732360839844
[DDPG] Episode 81 Step 5
[DDPG] Total Reward -6.84898042678833 Critic Loss 154.3253936767578
[DDPG] Episode 81 Step 6
[DDPG] Total Reward -16.71284294128418 Critic Loss 160.20948791503906
[DDPG] Starting Next Episode

[DDPG] Saving Model
[DDPG] Resetting Environment
[DDPG] Starting Episode 82
[DDPG] Episode 82 Step 0
[DDPG] Total Reward -8.967306137084961 Critic Loss 141.01226806640625
[DDPG] Episode 82 Step 1
[DDPG] Total Reward -10.308420181274414 Critic Loss 152.1597137451172
[DDPG] Episode 82 Step 2
[DDPG] Total Reward -5.002093315124512 Critic Loss 157.36541748046875
[DDPG] Episode 82 Step 3
[DDPG] Total Reward -10.093620300292969 Critic Loss 135.86509704589844
[DDPG] Episode 82 Step 4
[DDPG] Total Reward -7.453561305999756 Critic Loss 127.8686294555664
[DDPG] Episode 82 Step 5
[DDPG] Total Reward -19.38768196105957 Critic Loss 154.7395477294922
[DDPG] Starting Next Episode
[DDPG] Resetting Environment
[DDPG] Starting Episode 83
[DDPG] Episode 83 Step 0
[DDPG] Total Reward -8.91222858428955 Critic Loss 151.49803161621094
[DDPG] Episode 83 Step 1
[DDPG] Total Reward -6.445423603057861 Critic Loss 153.9378662109375
[DDPG] Episode 83 Step 2
[DDPG] Total Reward -6.27735710144043 Critic Loss 165.2604522705078
[DDPG] Episode 83 Step 3
[DDPG] Total Reward -5.416222095489502 Critic Loss 154.9275360107422
[DDPG] Episode 83 Step 4
[DDPG] Total Reward -5.64415168762207 Critic Loss 173.1166534423828
[DDPG] Episode 83 Step 5
[DDPG] Total Reward -8.20079231262207 Critic Loss 149.83978271484375
[DDPG] Episode 83 Step 6
[DDPG] Total Reward -6.661093711853027 Critic Loss 131.7279052734375
[DDPG] Episode 83 Step 7
[DDPG] Total Reward -6.662984371185303 Critic Loss 140.78134155273438
[DDPG] Episode 83 Step 8
[DDPG] Total Reward -10.868565559387207 Critic Loss 140.10507202148438
[DDPG] Episode 83 Step 9
[DDPG] Total Reward -8.42264175415039 Critic Loss 147.34400939941406
[DDPG] Episode 83 Step 10
[DDPG] Total Reward -15.301065444946289 Critic Loss 131.53773498535156
[DDPG] Starting Next Episode
[DDPG] Resetting Environment
[DDPG] Starting Episode 84
[DDPG] Episode 84 Step 0
[DDPG] Total Reward -7.154352188110352 Critic Loss 130.6585693359375
[DDPG] Episode 84 Step 1
[DDPG] Total Reward -9.551042556762695 Critic Loss 140.61514282226562
[DDPG] Episode 84 Step 2
[DDPG] Total Reward -5.3465256690979 Critic Loss 135.92750549316406
[DDPG] Episode 84 Step 3
[DDPG] Total Reward -11.350440979003906 Critic Loss 131.3419189453125
[DDPG] Episode 84 Step 4
[DDPG] Total Reward -7.753600597381592 Critic Loss 148.48170471191406
[DDPG] Episode 84 Step 5
[DDPG] Total Reward -19.594057083129883 Critic Loss 117.22430419921875
[DDPG] Starting Next Episode

[DDPG] Saving Model
[DDPG] Resetting Environment
[DDPG] Starting Episode 85
[DDPG] Episode 85 Step 0
[DDPG] Total Reward -7.787158012390137 Critic Loss 143.24925231933594
[DDPG] Episode 85 Step 1
[DDPG] Total Reward -7.374871730804443 Critic Loss 132.36460876464844
[DDPG] Episode 85 Step 2
[DDPG] Total Reward -4.438690185546875 Critic Loss 158.6110382080078
[DDPG] Episode 85 Step 3
[DDPG] Total Reward -8.34579086303711 Critic Loss 128.88888549804688
