xacro: in-order processing became default in ROS Melodic. You can drop the option.
... logging to /home/ubuntu/.ros/log/f3ab1b92-957b-11eb-b18e-1b65dea0666d/roslaunch-ip-172-31-36-108-17261.log
Checking log directory for disk usage. This may take a while.
Press Ctrl-C to interrupt
Done checking log file disk usage. Usage is <1GB.
]2;/home/ubuntu/CPGController/src/simulations/ws/src/quadruped/launch/quadruped_control.launch
[1mstarted roslaunch server http://ip-172-31-36-108:41863/[0m

SUMMARY
========

PARAMETERS
 * /gazebo/enable_ros_network: True
 * /joint_state_publisher/source_list: ['quadruped/joint...
 * /move_group/allow_trajectory_execution: False
 * /move_group/back_left_leg/default_planner_config: SBL
 * /move_group/back_left_leg/longest_valid_segment_fraction: 0.005
 * /move_group/back_left_leg/planner_configs: ['AnytimePathShor...
 * /move_group/back_left_leg/projection_evaluator: joints(back_left_...
 * /move_group/back_right_leg/default_planner_config: SBL
 * /move_group/back_right_leg/longest_valid_segment_fraction: 0.005
 * /move_group/back_right_leg/planner_configs: ['AnytimePathShor...
 * /move_group/back_right_leg/projection_evaluator: joints(back_right...
 * /move_group/base/default_planner_config: SBL
 * /move_group/base/planner_configs: ['AnytimePathShor...
 * /move_group/capabilities: 
 * /move_group/disable_capabilities: 
 * /move_group/front_left_leg/default_planner_config: SBL
 * /move_group/front_left_leg/longest_valid_segment_fraction: 0.005
 * /move_group/front_left_leg/planner_configs: ['AnytimePathShor...
 * /move_group/front_left_leg/projection_evaluator: joints(front_left...
 * /move_group/front_right_leg/default_planner_config: SBL
 * /move_group/front_right_leg/longest_valid_segment_fraction: 0.005
 * /move_group/front_right_leg/planner_configs: ['AnytimePathShor...
 * /move_group/front_right_leg/projection_evaluator: joints(front_righ...
 * /move_group/jiggle_fraction: 0.05
 * /move_group/max_safe_path_cost: 1
 * /move_group/planner_configs/AnytimePathShortening/hybridize: True
 * /move_group/planner_configs/AnytimePathShortening/max_hybrid_paths: 24
 * /move_group/planner_configs/AnytimePathShortening/num_planners: 4
 * /move_group/planner_configs/AnytimePathShortening/planners: 
 * /move_group/planner_configs/AnytimePathShortening/shortcut: True
 * /move_group/planner_configs/AnytimePathShortening/type: geometric::Anytim...
 * /move_group/planner_configs/BFMT/balanced: 0
 * /move_group/planner_configs/BFMT/cache_cc: 1
 * /move_group/planner_configs/BFMT/extended_fmt: 1
 * /move_group/planner_configs/BFMT/heuristics: 1
 * /move_group/planner_configs/BFMT/nearest_k: 1
 * /move_group/planner_configs/BFMT/num_samples: 1000
 * /move_group/planner_configs/BFMT/optimality: 1
 * /move_group/planner_configs/BFMT/radius_multiplier: 1.0
 * /move_group/planner_configs/BFMT/type: geometric::BFMT
 * /move_group/planner_configs/BKPIECE/border_fraction: 0.9
 * /move_group/planner_configs/BKPIECE/failed_expansion_score_factor: 0.5
 * /move_group/planner_configs/BKPIECE/min_valid_path_fraction: 0.5
 * /move_group/planner_configs/BKPIECE/range: 0.0
 * /move_group/planner_configs/BKPIECE/type: geometric::BKPIECE
 * /move_group/planner_configs/BiEST/range: 0.0
 * /move_group/planner_configs/BiEST/type: geometric::BiEST
 * /move_group/planner_configs/BiTRRT/cost_threshold: 1e300
 * /move_group/planner_configs/BiTRRT/frountier_node_ratio: 0.1
 * /move_group/planner_configs/BiTRRT/frountier_threshold: 0.0
 * /move_group/planner_configs/BiTRRT/init_temperature: 100
 * /move_group/planner_configs/BiTRRT/range: 0.0
 * /move_group/planner_configs/BiTRRT/temp_change_factor: 0.1
 * /move_group/planner_configs/BiTRRT/type: geometric::BiTRRT
 * /move_group/planner_configs/EST/goal_bias: 0.05
 * /move_group/planner_configs/EST/range: 0.0
 * /move_group/planner_configs/EST/type: geometric::EST
 * /move_group/planner_configs/FMT/cache_cc: 1
 * /move_group/planner_configs/FMT/extended_fmt: 1
 * /move_group/planner_configs/FMT/heuristics: 0
 * /move_group/planner_configs/FMT/nearest_k: 1
 * /move_group/planner_configs/FMT/num_samples: 1000
 * /move_group/planner_configs/FMT/radius_multiplier: 1.1
 * /move_group/planner_configs/FMT/type: geometric::FMT
 * /move_group/planner_configs/KPIECE/border_fraction: 0.9
 * /move_group/planner_configs/KPIECE/failed_expansion_score_factor: 0.5
 * /move_group/planner_configs/KPIECE/goal_bias: 0.05
 * /move_group/planner_configs/KPIECE/min_valid_path_fraction: 0.5
 * /move_group/planner_configs/KPIECE/range: 0.0
 * /move_group/planner_configs/KPIECE/type: geometric::KPIECE
 * /move_group/planner_configs/LBKPIECE/border_fraction: 0.9
 * /move_group/planner_configs/LBKPIECE/min_valid_path_fraction: 0.5
 * /move_group/planner_configs/LBKPIECE/range: 0.0
 * /move_group/planner_configs/LBKPIECE/type: geometric::LBKPIECE
 * /move_group/planner_configs/LBTRRT/epsilon: 0.4
 * /move_group/planner_configs/LBTRRT/goal_bias: 0.05
 * /move_group/planner_configs/LBTRRT/range: 0.0
 * /move_group/planner_configs/LBTRRT/type: geometric::LBTRRT
 * /move_group/planner_configs/LazyPRM/range: 0.0
 * /move_group/planner_configs/LazyPRM/type: geometric::LazyPRM
 * /move_group/planner_configs/LazyPRMstar/type: geometric::LazyPR...
 * /move_group/planner_configs/PDST/type: geometric::PDST
 * /move_group/planner_configs/PRM/max_nearest_neighbors: 10
 * /move_group/planner_configs/PRM/type: geometric::PRM
 * /move_group/planner_configs/PRMstar/type: geometric::PRMstar
 * /move_group/planner_configs/ProjEST/goal_bias: 0.05
 * /move_group/planner_configs/ProjEST/range: 0.0
 * /move_group/planner_configs/ProjEST/type: geometric::ProjEST
 * /move_group/planner_configs/RRT/goal_bias: 0.05
 * /move_group/planner_configs/RRT/range: 0.0
 * /move_group/planner_configs/RRT/type: geometric::RRT
 * /move_group/planner_configs/RRTConnect/range: 0.0
 * /move_group/planner_configs/RRTConnect/type: geometric::RRTCon...
 * /move_group/planner_configs/RRTstar/delay_collision_checking: 1
 * /move_group/planner_configs/RRTstar/goal_bias: 0.05
 * /move_group/planner_configs/RRTstar/range: 0.0
 * /move_group/planner_configs/RRTstar/type: geometric::RRTstar
 * /move_group/planner_configs/SBL/range: 0.0
 * /move_group/planner_configs/SBL/type: geometric::SBL
 * /move_group/planner_configs/SPARS/dense_delta_fraction: 0.001
 * /move_group/planner_configs/SPARS/max_failures: 1000
 * /move_group/planner_configs/SPARS/sparse_delta_fraction: 0.25
 * /move_group/planner_configs/SPARS/stretch_factor: 3.0
 * /move_group/planner_configs/SPARS/type: geometric::SPARS
 * /move_group/planner_configs/SPARStwo/dense_delta_fraction: 0.001
 * /move_group/planner_configs/SPARStwo/max_failures: 5000
 * /move_group/planner_configs/SPARStwo/sparse_delta_fraction: 0.25
 * /move_group/planner_configs/SPARStwo/stretch_factor: 3.0
 * /move_group/planner_configs/SPARStwo/type: geometric::SPARStwo
 * /move_group/planner_configs/STRIDE/degree: 16
 * /move_group/planner_configs/STRIDE/estimated_dimension: 0.0
 * /move_group/planner_configs/STRIDE/goal_bias: 0.05
 * /move_group/planner_configs/STRIDE/max_degree: 18
 * /move_group/planner_configs/STRIDE/max_pts_per_leaf: 6
 * /move_group/planner_configs/STRIDE/min_degree: 12
 * /move_group/planner_configs/STRIDE/min_valid_path_fraction: 0.2
 * /move_group/planner_configs/STRIDE/range: 0.0
 * /move_group/planner_configs/STRIDE/type: geometric::STRIDE
 * /move_group/planner_configs/STRIDE/use_projected_distance: 0
 * /move_group/planner_configs/TRRT/frountierNodeRatio: 0.1
 * /move_group/planner_configs/TRRT/frountier_threshold: 0.0
 * /move_group/planner_configs/TRRT/goal_bias: 0.05
 * /move_group/planner_configs/TRRT/init_temperature: 10e-6
 * /move_group/planner_configs/TRRT/k_constant: 0.0
 * /move_group/planner_configs/TRRT/max_states_failed: 10
 * /move_group/planner_configs/TRRT/min_temperature: 10e-10
 * /move_group/planner_configs/TRRT/range: 0.0
 * /move_group/planner_configs/TRRT/temp_change_factor: 2.0
 * /move_group/planner_configs/TRRT/type: geometric::TRRT
 * /move_group/planning_plugin: ompl_interface/OM...
 * /move_group/planning_scene_monitor/publish_geometry_updates: True
 * /move_group/planning_scene_monitor/publish_planning_scene: True
 * /move_group/planning_scene_monitor/publish_state_updates: True
 * /move_group/planning_scene_monitor/publish_transforms_updates: True
 * /move_group/request_adapters: default_planner_r...
 * /move_group/start_state_max_bounds_error: 0.1
 * /quadruped/back_left_leg_controller/joints: ['back_left_leg1_...
 * /quadruped/back_left_leg_controller/type: position_controll...
 * /quadruped/back_right_leg_controller/joints: ['back_right_leg1...
 * /quadruped/back_right_leg_controller/type: position_controll...
 * /quadruped/front_left_leg_controller/joints: ['front_left_leg1...
 * /quadruped/front_left_leg_controller/type: position_controll...
 * /quadruped/front_right_leg_controller/joints: ['front_right_leg...
 * /quadruped/front_right_leg_controller/type: position_controll...
 * /quadruped/gazebo_ros_control/pid_gains/back_left_leg1_joint/d: 5
 * /quadruped/gazebo_ros_control/pid_gains/back_left_leg1_joint/i: 0.01
 * /quadruped/gazebo_ros_control/pid_gains/back_left_leg1_joint/p: 300
 * /quadruped/gazebo_ros_control/pid_gains/back_left_leg2_joint/d: 5
 * /quadruped/gazebo_ros_control/pid_gains/back_left_leg2_joint/i: 0.01
 * /quadruped/gazebo_ros_control/pid_gains/back_left_leg2_joint/p: 300
 * /quadruped/gazebo_ros_control/pid_gains/back_left_leg3_joint/d: 5
 * /quadruped/gazebo_ros_control/pid_gains/back_left_leg3_joint/i: 0.01
 * /quadruped/gazebo_ros_control/pid_gains/back_left_leg3_joint/p: 300
 * /quadruped/gazebo_ros_control/pid_gains/back_right_leg1_joint/d: 5
 * /quadruped/gazebo_ros_control/pid_gains/back_right_leg1_joint/i: 0.01
 * /quadruped/gazebo_ros_control/pid_gains/back_right_leg1_joint/p: 300
 * /quadruped/gazebo_ros_control/pid_gains/back_right_leg2_joint/d: 5
 * /quadruped/gazebo_ros_control/pid_gains/back_right_leg2_joint/i: 0.01
 * /quadruped/gazebo_ros_control/pid_gains/back_right_leg2_joint/p: 300
 * /quadruped/gazebo_ros_control/pid_gains/back_right_leg3_joint/d: 5
 * /quadruped/gazebo_ros_control/pid_gains/back_right_leg3_joint/i: 0.01
 * /quadruped/gazebo_ros_control/pid_gains/back_right_leg3_joint/p: 300
 * /quadruped/gazebo_ros_control/pid_gains/front_left_leg1_joint/d: 5
 * /quadruped/gazebo_ros_control/pid_gains/front_left_leg1_joint/i: 0.01
 * /quadruped/gazebo_ros_control/pid_gains/front_left_leg1_joint/p: 300
 * /quadruped/gazebo_ros_control/pid_gains/front_left_leg2_joint/d: 5
 * /quadruped/gazebo_ros_control/pid_gains/front_left_leg2_joint/i: 0.01
 * /quadruped/gazebo_ros_control/pid_gains/front_left_leg2_joint/p: 300
 * /quadruped/gazebo_ros_control/pid_gains/front_left_leg3_joint/d: 5
 * /quadruped/gazebo_ros_control/pid_gains/front_left_leg3_joint/i: 0.01
 * /quadruped/gazebo_ros_control/pid_gains/front_left_leg3_joint/p: 300
 * /quadruped/gazebo_ros_control/pid_gains/front_right_leg1_joint/d: 5
 * /quadruped/gazebo_ros_control/pid_gains/front_right_leg1_joint/i: 0.01
 * /quadruped/gazebo_ros_control/pid_gains/front_right_leg1_joint/p: 300
 * /quadruped/gazebo_ros_control/pid_gains/front_right_leg2_joint/d: 5
 * /quadruped/gazebo_ros_control/pid_gains/front_right_leg2_joint/i: 0.01
 * /quadruped/gazebo_ros_control/pid_gains/front_right_leg2_joint/p: 300
 * /quadruped/gazebo_ros_control/pid_gains/front_right_leg3_joint/d: 5
 * /quadruped/gazebo_ros_control/pid_gains/front_right_leg3_joint/i: 0.01
 * /quadruped/gazebo_ros_control/pid_gains/front_right_leg3_joint/p: 300
 * /quadruped/generic_hw_control_loop/cycle_time_error_threshold: 0.01
 * /quadruped/generic_hw_control_loop/loop_hz: 100
 * /quadruped/hardware_interface/joints: ['back_left_leg3_...
 * /quadruped/hardware_interface/sim_control_mode: 1
 * /quadruped/joint_state_controller/publish_rate: 100
 * /quadruped/joint_state_controller/type: joint_state_contr...
 * /quadruped/moveit_sim_hw_interface/joint_model_group: todo_group_name
 * /quadruped/moveit_sim_hw_interface/joint_model_group_pose: todo_state_name
 * /robot_description: <?xml version="1....
 * /robot_description_kinematics/back_left_leg/kinematics_solver: kdl_kinematics_pl...
 * /robot_description_kinematics/back_left_leg/kinematics_solver_search_resolution: 0.005
 * /robot_description_kinematics/back_left_leg/kinematics_solver_timeout: 0.005
 * /robot_description_kinematics/back_right_leg/kinematics_solver: kdl_kinematics_pl...
 * /robot_description_kinematics/back_right_leg/kinematics_solver_search_resolution: 0.005
 * /robot_description_kinematics/back_right_leg/kinematics_solver_timeout: 0.005
 * /robot_description_kinematics/front_left_leg/kinematics_solver: kdl_kinematics_pl...
 * /robot_description_kinematics/front_left_leg/kinematics_solver_search_resolution: 0.005
 * /robot_description_kinematics/front_left_leg/kinematics_solver_timeout: 0.005
 * /robot_description_kinematics/front_right_leg/kinematics_solver: kdl_kinematics_pl...
 * /robot_description_kinematics/front_right_leg/kinematics_solver_search_resolution: 0.005
 * /robot_description_kinematics/front_right_leg/kinematics_solver_timeout: 0.005
 * /robot_description_planning/default_acceleration_scaling_factor: 0.1
 * /robot_description_planning/default_velocity_scaling_factor: 0.1
 * /robot_description_planning/joint_limits/back_left_leg1_joint/has_acceleration_limits: False
 * /robot_description_planning/joint_limits/back_left_leg1_joint/has_velocity_limits: True
 * /robot_description_planning/joint_limits/back_left_leg1_joint/max_acceleration: 10
 * /robot_description_planning/joint_limits/back_left_leg1_joint/max_velocity: 10
 * /robot_description_planning/joint_limits/back_left_leg2_joint/has_acceleration_limits: False
 * /robot_description_planning/joint_limits/back_left_leg2_joint/has_velocity_limits: True
 * /robot_description_planning/joint_limits/back_left_leg2_joint/max_acceleration: 10
 * /robot_description_planning/joint_limits/back_left_leg2_joint/max_velocity: 10
 * /robot_description_planning/joint_limits/back_left_leg3_joint/has_acceleration_limits: False
 * /robot_description_planning/joint_limits/back_left_leg3_joint/has_velocity_limits: True
 * /robot_description_planning/joint_limits/back_left_leg3_joint/max_acceleration: 10
 * /robot_description_planning/joint_limits/back_left_leg3_joint/max_velocity: 10
 * /robot_description_planning/joint_limits/back_right_leg1_joint/has_acceleration_limits: False
 * /robot_description_planning/joint_limits/back_right_leg1_joint/has_velocity_limits: True
 * /robot_description_planning/joint_limits/back_right_leg1_joint/max_acceleration: 10
 * /robot_description_planning/joint_limits/back_right_leg1_joint/max_velocity: 10
 * /robot_description_planning/joint_limits/back_right_leg2_joint/has_acceleration_limits: False
 * /robot_description_planning/joint_limits/back_right_leg2_joint/has_velocity_limits: True
 * /robot_description_planning/joint_limits/back_right_leg2_joint/max_acceleration: 10
 * /robot_description_planning/joint_limits/back_right_leg2_joint/max_velocity: 10
 * /robot_description_planning/joint_limits/back_right_leg3_joint/has_acceleration_limits: False
 * /robot_description_planning/joint_limits/back_right_leg3_joint/has_velocity_limits: True
 * /robot_description_planning/joint_limits/back_right_leg3_joint/max_acceleration: 10
 * /robot_description_planning/joint_limits/back_right_leg3_joint/max_velocity: 10
 * /robot_description_planning/joint_limits/front_left_leg1_joint/has_acceleration_limits: False
 * /robot_description_planning/joint_limits/front_left_leg1_joint/has_velocity_limits: True
 * /robot_description_planning/joint_limits/front_left_leg1_joint/max_acceleration: 10
 * /robot_description_planning/joint_limits/front_left_leg1_joint/max_velocity: 10
 * /robot_description_planning/joint_limits/front_left_leg2_joint/has_acceleration_limits: False
 * /robot_description_planning/joint_limits/front_left_leg2_joint/has_velocity_limits: True
 * /robot_description_planning/joint_limits/front_left_leg2_joint/max_acceleration: 10
 * /robot_description_planning/joint_limits/front_left_leg2_joint/max_velocity: 10
 * /robot_description_planning/joint_limits/front_left_leg3_joint/has_acceleration_limits: False
 * /robot_description_planning/joint_limits/front_left_leg3_joint/has_velocity_limits: True
 * /robot_description_planning/joint_limits/front_left_leg3_joint/max_acceleration: 10
 * /robot_description_planning/joint_limits/front_left_leg3_joint/max_velocity: 10
 * /robot_description_planning/joint_limits/front_right_leg1_joint/has_acceleration_limits: False
 * /robot_description_planning/joint_limits/front_right_leg1_joint/has_velocity_limits: True
 * /robot_description_planning/joint_limits/front_right_leg1_joint/max_acceleration: 10
 * /robot_description_planning/joint_limits/front_right_leg1_joint/max_velocity: 10
 * /robot_description_planning/joint_limits/front_right_leg2_joint/has_acceleration_limits: False
 * /robot_description_planning/joint_limits/front_right_leg2_joint/has_velocity_limits: True
 * /robot_description_planning/joint_limits/front_right_leg2_joint/max_acceleration: 10
 * /robot_description_planning/joint_limits/front_right_leg2_joint/max_velocity: 10
 * /robot_description_planning/joint_limits/front_right_leg3_joint/has_acceleration_limits: False
 * /robot_description_planning/joint_limits/front_right_leg3_joint/has_velocity_limits: True
 * /robot_description_planning/joint_limits/front_right_leg3_joint/max_acceleration: 10
 * /robot_description_planning/joint_limits/front_right_leg3_joint/max_velocity: 10
 * /robot_description_semantic: <?xml version="1....
 * /robot_state_publisher/publish_frequency: 60.0
 * /rosdistro: noetic
 * /rosversion: 1.15.9
 * /use_sim_time: True

NODES
  /
    gazebo (gazebo_ros/gzserver)
    joint_state_publisher (joint_state_publisher/joint_state_publisher)
    move_group (moveit_ros_move_group/move_group)
    robot_state_publisher (robot_state_publisher/robot_state_publisher)
    urdf_spawner (gazebo_ros/spawn_model)
  /quadruped/
    controller_spawner (controller_manager/spawner)
GNU gdb (Ubuntu 9.2-0ubuntu1~20.04) 9.2
Copyright (C) 2020 Free Software Foundation, Inc.
License GPLv3+: GNU GPL version 3 or later <http://gnu.org/licenses/gpl.html>
This is free software: you are free to change and redistribute it.
There is NO WARRANTY, to the extent permitted by law.
Type "show copying" and "show warranty" for details.
This GDB was configured as "x86_64-linux-gnu".
Type "show configuration" for configuration details.
For bug reporting instructions, please see:
<http://www.gnu.org/software/gdb/bugs/>.
Find the GDB manual and other documentation resources online at:
    <http://www.gnu.org/software/gdb/documentation/>.

For help, type "help".
Type "apropos word" to search for commands related to "word"...
Reading symbols from /opt/ros/noetic/lib/moveit_ros_move_group/move_group...
(No debugging symbols found in /opt/ros/noetic/lib/moveit_ros_move_group/move_group)
/home/ubuntu/CPGController/src/simulations/ws/src/quadruped/launch/gdb_settings.gdb: No such file or directory.
Starting program: /opt/ros/noetic/lib/moveit_ros_move_group/move_group --debug __name:=move_group __log:=/home/ubuntu/.ros/log/f3ab1b92-957b-11eb-b18e-1b65dea0666d/move_group-7.log
[Thread debugging using libthread_db enabled]
Using host libthread_db library "/lib/x86_64-linux-gnu/libthread_db.so.1".
[New Thread 0x7ffff0da7700 (LWP 17428)]
[New Thread 0x7fffebfff700 (LWP 17429)]
[New Thread 0x7fffeb7fe700 (LWP 17430)]
[New Thread 0x7fffeaffd700 (LWP 17431)]
[New Thread 0x7fffea7fc700 (LWP 17432)]
[New Thread 0x7fffe9ffb700 (LWP 17433)]
[33m[ WARN] [1617564519.536886536]: Link dummy_link has visual geometry but no collision geometry. Collision geometry will be left empty. Fix your URDF file by explicitly specifying collision geometry.[0m
[New Thread 0x7fffe97fa700 (LWP 17434)]
[New Thread 0x7fffe8ff9700 (LWP 17435)]
[33m[ WARN] [1617564519.670224869]: Resolution not specified for Octomap. Assuming resolution = 0.1 instead[0m
[31m[ERROR] [1617564519.670634380]: Failed to find 3D sensor plugin parameters for octomap generation[0m
[New Thread 0x7fffcbfff700 (LWP 17436)]
[0m[ INFO] [1617564519.249481988]: Finished loading Gazebo ROS API Plugin.[0m
[0m[ INFO] [1617564519.250917068]: waitForService: Service [/gazebo/set_physics_properties] has not been advertised, waiting...[0m
[0m[ INFO] [1617564519.436429165]: waitForService: Service [/gazebo/set_physics_properties] is now available.[0m
[0m[ INFO] [1617564519.464887324]: Physics dynamic reconfigure ready.[0m
[1;33mWarning [Model.cc:212][0m Non-unique names detected in XML children of model with name[quadruped].
[New Thread 0x7fffcb7fe700 (LWP 17451)]
[New Thread 0x7fffcaffd700 (LWP 17452)]
[New Thread 0x7fffca7fc700 (LWP 17453)]
[New Thread 0x7fffc9ffb700 (LWP 17454)]
[New Thread 0x7fffc97fa700 (LWP 17455)]
[0m[ INFO] [1617564519.536035190]: Loading robot model 'quadruped'...[0m
[0m[ INFO] [1617564519.536819467]: No root/virtual joint specified in SRDF. Assuming fixed joint[0m
[0m[ INFO] [1617564519.660116865]: Publishing maintained planning scene on 'monitored_planning_scene'[0m
[0m[ INFO] [1617564519.663026512]: MoveGroup debug mode is ON[0m
[96mStarting planning scene monitors...
[0m[0m[ INFO] [1617564519.663055278]: Starting planning scene monitor[0m
[0m[ INFO] [1617564519.665303331]: Listening to '/planning_scene'[0m
[0m[ INFO] [1617564519.665331675]: Starting world geometry update monitor for collision objects, attached objects, octomap updates.[0m
[0m[ INFO] [1617564519.667470453]: Listening to '/collision_object'[0m
[0m[ INFO] [1617564519.669759769]: Listening to '/planning_scene_world' for planning scene world geometry[0m
[0m[ INFO] [1617564519.678277868]: Listening to '/attached_collision_object' for attached collision objects[0m
[96mPlanning scene monitors started.
[0m[0m[ INFO] [1617564520.038137390]: Using planning interface 'OMPL'[0m
[0m[ INFO] [1617564520.047938959]: Param 'default_workspace_bounds' was not set. Using default value: 10[0m
[0m[ INFO] [1617564520.048633128]: Param 'start_state_max_bounds_error' was set to 0.1[0m
[0m[ INFO] [1617564520.049111596]: Param 'start_state_max_dt' was not set. Using default value: 0.5[0m
[0m[ INFO] [1617564520.049950984]: Param 'start_state_max_dt' was not set. Using default value: 0.5[0m
[0m[ INFO] [1617564520.050665453]: Param 'jiggle_fraction' was set to 0.05[0m
[0m[ INFO] [1617564520.051110926]: Param 'max_sampling_attempts' was not set. Using default value: 100[0m
[0m[ INFO] [1617564520.051167926]: Using planning request adapter 'Add Time Parameterization'[0m
[0m[ INFO] [1617564520.051189483]: Using planning request adapter 'Resolve constraint frames to robot links'[0m
[0m[ INFO] [1617564520.051202993]: Using planning request adapter 'Fix Workspace Bounds'[0m
[0m[ INFO] [1617564520.051222392]: Using planning request adapter 'Fix Start State Bounds'[0m
[0m[ INFO] [1617564520.051234620]: Using planning request adapter 'Fix Start State In Collision'[0m
[0m[ INFO] [1617564520.051246789]: Using planning request adapter 'Fix Start State Path Constraints'[0m
[96mLoading 'move_group/ApplyPlanningSceneService'...
[0m[96mLoading 'move_group/ClearOctomapService'...
[0m[96mLoading 'move_group/MoveGroupCartesianPathService'...
[0m[96mLoading 'move_group/MoveGroupExecuteTrajectoryAction'...
[0m[96mLoading 'move_group/MoveGroupGetPlanningSceneService'...
[0m[96mLoading 'move_group/MoveGroupKinematicsService'...
[0m[96mLoading 'move_group/MoveGroupMoveAction'...
[0m[96mLoading 'move_group/MoveGroupPickPlaceAction'...
[0m[96mLoading 'move_group/MoveGroupPlanService'...
[0m[96mLoading 'move_group/MoveGroupQueryPlannersService'...
[0m[96mLoading 'move_group/MoveGroupStateValidationService'...
[0m[0m[ INFO] [1617564520.213365525]: 

********************************************************
* MoveGroup using: 
*     - ApplyPlanningSceneService
*     - ClearOctomapService
*     - CartesianPathService
*     - ExecuteTrajectoryAction
*     - GetPlanningSceneService
*     - KinematicsService
*     - MoveAction
*     - PickPlaceAction
*     - MotionPlanService
*     - QueryPlannersService
*     - StateValidationService
********************************************************
[0m
[0m[ INFO] [1617564520.213423600]: MoveGroup context using planning plugin ompl_interface/OMPLPlanner[0m
[0m[ INFO] [1617564520.213446163]: MoveGroup context initialization complete[0m
[92m
You can start planning now!

[0m[0m[ INFO] [1617564519.829503225, 0.145000000]: <initialOrientationAsReference> is unset, using default value of false to comply with REP 145 (world as orientation reference)[0m
[0m[ INFO] [1617564519.829707644, 0.145000000]: <robotNamespace> set to: /quadruped/[0m
[0m[ INFO] [1617564519.829736497, 0.145000000]: <topicName> set to: imu[0m
[0m[ INFO] [1617564519.829828899, 0.145000000]: <frameName> set to: imu_link[0m
[0m[ INFO] [1617564519.829986766, 0.145000000]: <updateRateHZ> set to: 100[0m
[0m[ INFO] [1617564519.830072891, 0.145000000]: <gaussianNoise> set to: 0[0m
[0m[ INFO] [1617564519.830124934, 0.145000000]: <xyzOffset> set to: 0 0 0[0m
[0m[ INFO] [1617564519.830238660, 0.145000000]: <rpyOffset> set to: 0 -0 0[0m
[0m[ INFO] [1617564519.878657542, 0.145000000]: Loading gazebo_ros_control plugin[0m
[0m[ INFO] [1617564519.878956905, 0.145000000]: Starting gazebo_ros_control plugin in namespace: /quadruped[0m
[0m[ INFO] [1617564519.879403295, 0.145000000]: gazebo_ros_control plugin is waiting for model URDF in parameter [/robot_description] on the ROS param server.[0m
[0m[ INFO] [1617564520.292966671, 0.145000000]: Loaded gazebo_ros_control.[0m
[0m[ INFO] [1617564520.299174262, 0.145000000]: ft_sensor plugin reporting wrench values to the frame [front_right_leg3][0m
[0m[ INFO] [1617564520.299208445, 0.145000000]: imu plugin missing <gaussianNoise>, defaults to 0.0[0m
[0m[ INFO] [1617564520.300202372, 0.145000000]: ft_sensor plugin reporting wrench values to the frame [front_right_leg2][0m
[0m[ INFO] [1617564520.300236413, 0.145000000]: imu plugin missing <gaussianNoise>, defaults to 0.0[0m
[0m[ INFO] [1617564520.301162228, 0.145000000]: ft_sensor plugin reporting wrench values to the frame [front_right_leg1][0m
[0m[ INFO] [1617564520.301190394, 0.145000000]: imu plugin missing <gaussianNoise>, defaults to 0.0[0m
[0m[ INFO] [1617564520.302084906, 0.145000000]: ft_sensor plugin reporting wrench values to the frame [front_left_leg3][0m
[0m[ INFO] [1617564520.302115999, 0.145000000]: imu plugin missing <gaussianNoise>, defaults to 0.0[0m
[0m[ INFO] [1617564520.302942361, 0.145000000]: ft_sensor plugin reporting wrench values to the frame [front_left_leg2][0m
[0m[ INFO] [1617564520.302970328, 0.145000000]: imu plugin missing <gaussianNoise>, defaults to 0.0[0m
[0m[ INFO] [1617564520.303788069, 0.145000000]: ft_sensor plugin reporting wrench values to the frame [front_left_leg1][0m
[0m[ INFO] [1617564520.303815754, 0.145000000]: imu plugin missing <gaussianNoise>, defaults to 0.0[0m
[0m[ INFO] [1617564520.304605775, 0.145000000]: ft_sensor plugin reporting wrench values to the frame [back_right_leg3][0m
[0m[ INFO] [1617564520.304634214, 0.145000000]: imu plugin missing <gaussianNoise>, defaults to 0.0[0m
[0m[ INFO] [1617564520.305515273, 0.145000000]: ft_sensor plugin reporting wrench values to the frame [back_right_leg2][0m
[0m[ INFO] [1617564520.305541609, 0.145000000]: imu plugin missing <gaussianNoise>, defaults to 0.0[0m
[0m[ INFO] [1617564520.306282043, 0.145000000]: ft_sensor plugin reporting wrench values to the frame [back_right_leg1][0m
[0m[ INFO] [1617564520.306310367, 0.145000000]: imu plugin missing <gaussianNoise>, defaults to 0.0[0m
[0m[ INFO] [1617564520.307035593, 0.145000000]: ft_sensor plugin reporting wrench values to the frame [back_left_leg3][0m
[0m[ INFO] [1617564520.307077522, 0.145000000]: imu plugin missing <gaussianNoise>, defaults to 0.0[0m
[0m[ INFO] [1617564520.307839967, 0.145000000]: ft_sensor plugin reporting wrench values to the frame [back_left_leg2][0m
[0m[ INFO] [1617564520.307867639, 0.145000000]: imu plugin missing <gaussianNoise>, defaults to 0.0[0m
[0m[ INFO] [1617564520.308625964, 0.145000000]: ft_sensor plugin reporting wrench values to the frame [back_left_leg1][0m
[0m[ INFO] [1617564520.308655101, 0.145000000]: imu plugin missing <gaussianNoise>, defaults to 0.0[0m
[0m[ INFO] [1617564520.315373218, 0.145000000]: GazeboRosJointStatePublisher is going to publish joint: front_right_leg1_joint[0m
[0m[ INFO] [[New Thread 0x7fffc8ff9700 (LWP 20816)]

Thread 1 "move_group" received signal SIGINT, Interrupt.
0x00007ffff77e93bf in __GI___clock_nanosleep (clock_id=clock_id@entry=0, 
    flags=flags@entry=0, req=0x7fffffffe290, rem=0x7fffffffe2a0)
    at ../sysdeps/unix/sysv/linux/clock_nanosleep.c:78
78	../sysdeps/unix/sysv/linux/clock_nanosleep.c: No such file or directory.
(gdb) quit
A debugging session is active.

	Inferior 1 [process 17327] will be killed.

Quit anyway? (y or n) [answered Y; input not from terminal]
1617564520.315402130, 0.145000000]: GazeboRosJointStatePublisher is going to publish joint: front_right_leg2_joint[0m
[0m[ INFO] [1617564520.315555167, 0.145000000]: GazeboRosJointStatePublisher is going to publish joint: front_right_leg3_joint[0m
[0m[ INFO] [1617564520.315584631, 0.145000000]: GazeboRosJointStatePublisher is going to publish joint: front_left_leg1_joint[0m
[0m[ INFO] [1617564520.315607162, 0.145000000]: GazeboRosJointStatePublisher is going to publish joint: front_left_leg2_joint[0m
[0m[ INFO] [1617564520.315627152, 0.145000000]: GazeboRosJointStatePublisher is going to publish joint: front_left_leg3_joint[0m
[0m[ INFO] [1617564520.315649278, 0.145000000]: GazeboRosJointStatePublisher is going to publish joint: back_right_leg1_joint[0m
[0m[ INFO] [1617564520.315665678, 0.145000000]: GazeboRosJointStatePublisher is going to publish joint: back_right_leg2_joint[0m
[0m[ INFO] [1617564520.315681248, 0.145000000]: GazeboRosJointStatePublisher is going to publish joint: back_right_leg3_joint[0m
[0m[ INFO] [1617564520.315709933, 0.145000000]: GazeboRosJointStatePublisher is going to publish joint: back_left_leg1_joint[0m
[0m[ INFO] [1617564520.315727172, 0.145000000]: GazeboRosJointStatePublisher is going to publish joint: back_left_leg2_joint[0m
[0m[ INFO] [1617564520.315750372, 0.145000000]: GazeboRosJointStatePublisher is going to publish joint: back_left_leg3_joint[0m
[0m[ INFO] [1617564520.315772438, 0.145000000]: Starting GazeboRosJointStatePublisher Plugin (ns = /quadruped/)!, parent name: quadruped[0m
[INFO] [1617564518.681036, 0.000000]: Controller Spawner: Waiting for service controller_manager/load_controller
[INFO] [1617564520.506435, 0.333000]: Controller Spawner: Waiting for service controller_manager/switch_controller
[INFO] [1617564520.509913, 0.337000]: Controller Spawner: Waiting for service controller_manager/unload_controller
[INFO] [1617564520.512575, 0.339000]: Loading controller: front_right_leg_controller
[INFO] [1617564520.554483, 0.381000]: Loading controller: front_left_leg_controller
[INFO] [1617564520.579413, 0.405000]: Loading controller: back_right_leg_controller
[INFO] [1617564520.601785, 0.427000]: Loading controller: back_left_leg_controller
[INFO] [1617564520.631806, 0.450000]: Loading controller: joint_state_controller
[INFO] [1617564520.638518, 0.462000]: Controller Spawner: Loaded controllers: front_right_leg_controller, front_left_leg_controller, back_right_leg_controller, back_left_leg_controller, joint_state_controller
[INFO] [1617564520.646317, 0.470000]: Started controllers: front_right_leg_controller, front_left_leg_controller, back_right_leg_controller, back_left_leg_controller, joint_state_controller
[INFO] [1617565286.493968, 761.605000]: Shutting down spawner. Stopping and unloading controllers...
[INFO] [1617565286.495529, 761.606000]: Stopping all controllers...
[INFO] [1617565286.499830, 761.611000]: Unloading all loaded controllers...
[INFO] [1617565286.501239, 761.612000]: Trying to unload joint_state_controller
[INFO] [1617565286.506709, 761.617000]: Succeeded in unloading joint_state_controller
[INFO] [1617565286.507879, 761.617000]: Trying to unload back_left_leg_controller
[INFO] [1617565286.524106, 761.634000]: Succeeded in unloading back_left_leg_controller
[INFO] [1617565286.525151, 761.635000]: Trying to unload back_right_leg_controller
[INFO] [1617565286.531535, 761.640000]: Succeeded in unloading back_right_leg_controller
[INFO] [1617565286.532642, 761.641000]: Trying to unload front_left_leg_controller
[INFO] [1617565286.539505, 761.648000]: Succeeded in unloading front_left_leg_controller
[INFO] [1617565286.540572, 761.649000]: Trying to unload front_right_leg_controller
[INFO] [1617565286.546832, 761.654000]: Succeeded in unloading front_right_leg_controller

auto-starting new master
[1mprocess[master]: started with pid [17283][0m
[1mROS_MASTER_URI=http://localhost:11311[0m
]2;/home/ubuntu/CPGController/src/simulations/ws/src/quadruped/launch/quadruped_control.launch http://localhost:11311
[1msetting /run_id to f3ab1b92-957b-11eb-b18e-1b65dea0666d[0m
[1mprocess[rosout-1]: started with pid [17294][0m
started core service [/rosout]
[1mprocess[gazebo-2]: started with pid [17301][0m
[1mprocess[urdf_spawner-3]: started with pid [17305][0m
[1mprocess[quadruped/controller_spawner-4]: started with pid [17307][0m
[1mprocess[joint_state_publisher-5]: started with pid [17308][0m
[1mprocess[robot_state_publisher-6]: started with pid [17309][0m
[1mprocess[move_group-7]: started with pid [17310][0m
[1m[urdf_spawner-3] process has finished cleanly
log file: /home/ubuntu/.ros/log/f3ab1b92-957b-11eb-b18e-1b65dea0666d/urdf_spawner-3*.log[0m
[move_group-7] killing on exit
[robot_state_publisher-6] killing on exit
[joint_state_publisher-5] killing on exit
[quadruped/controller_spawner-4] killing on exit
[gazebo-2] killing on exit
[rosout-1] killing on exit
[master] killing on exit
shutting down processing monitor...
... shutting down processing monitor complete
[1mdone[0m
xacro: in-order processing became default in ROS Melodic. You can drop the option.
... logging to /home/ubuntu/.ros/log/c2942f92-957d-11eb-b18e-1b65dea0666d/roslaunch-ip-172-31-36-108-20887.log
Checking log directory for disk usage. This may take a while.
Press Ctrl-C to interrupt
Done checking log file disk usage. Usage is <1GB.
]2;/home/ubuntu/CPGController/src/simulations/ws/src/quadruped/launch/quadruped_control.launch
[1mstarted roslaunch server http://ip-172-31-36-108:43061/[0m

SUMMARY
========

PARAMETERS
 * /gazebo/enable_ros_network: True
 * /joint_state_publisher/source_list: ['quadruped/joint...
 * /move_group/allow_trajectory_execution: False
 * /move_group/back_left_leg/default_planner_config: SBL
 * /move_group/back_left_leg/longest_valid_segment_fraction: 0.005
 * /move_group/back_left_leg/planner_configs: ['AnytimePathShor...
 * /move_group/back_left_leg/projection_evaluator: joints(back_left_...
 * /move_group/back_right_leg/default_planner_config: SBL
 * /move_group/back_right_leg/longest_valid_segment_fraction: 0.005
 * /move_group/back_right_leg/planner_configs: ['AnytimePathShor...
 * /move_group/back_right_leg/projection_evaluator: joints(back_right...
 * /move_group/base/default_planner_config: SBL
 * /move_group/base/planner_configs: ['AnytimePathShor...
 * /move_group/capabilities: 
 * /move_group/disable_capabilities: 
 * /move_group/front_left_leg/default_planner_config: SBL
 * /move_group/front_left_leg/longest_valid_segment_fraction: 0.005
 * /move_group/front_left_leg/planner_configs: ['AnytimePathShor...
 * /move_group/front_left_leg/projection_evaluator: joints(front_left...
 * /move_group/front_right_leg/default_planner_config: SBL
 * /move_group/front_right_leg/longest_valid_segment_fraction: 0.005
 * /move_group/front_right_leg/planner_configs: ['AnytimePathShor...
 * /move_group/front_right_leg/projection_evaluator: joints(front_righ...
 * /move_group/jiggle_fraction: 0.05
 * /move_group/max_safe_path_cost: 1
 * /move_group/planner_configs/AnytimePathShortening/hybridize: True
 * /move_group/planner_configs/AnytimePathShortening/max_hybrid_paths: 24
 * /move_group/planner_configs/AnytimePathShortening/num_planners: 4
 * /move_group/planner_configs/AnytimePathShortening/planners: 
 * /move_group/planner_configs/AnytimePathShortening/shortcut: True
 * /move_group/planner_configs/AnytimePathShortening/type: geometric::Anytim...
 * /move_group/planner_configs/BFMT/balanced: 0
 * /move_group/planner_configs/BFMT/cache_cc: 1
 * /move_group/planner_configs/BFMT/extended_fmt: 1
 * /move_group/planner_configs/BFMT/heuristics: 1
 * /move_group/planner_configs/BFMT/nearest_k: 1
 * /move_group/planner_configs/BFMT/num_samples: 1000
 * /move_group/planner_configs/BFMT/optimality: 1
 * /move_group/planner_configs/BFMT/radius_multiplier: 1.0
 * /move_group/planner_configs/BFMT/type: geometric::BFMT
 * /move_group/planner_configs/BKPIECE/border_fraction: 0.9
 * /move_group/planner_configs/BKPIECE/failed_expansion_score_factor: 0.5
 * /move_group/planner_configs/BKPIECE/min_valid_path_fraction: 0.5
 * /move_group/planner_configs/BKPIECE/range: 0.0
 * /move_group/planner_configs/BKPIECE/type: geometric::BKPIECE
 * /move_group/planner_configs/BiEST/range: 0.0
 * /move_group/planner_configs/BiEST/type: geometric::BiEST
 * /move_group/planner_configs/BiTRRT/cost_threshold: 1e300
 * /move_group/planner_configs/BiTRRT/frountier_node_ratio: 0.1
 * /move_group/planner_configs/BiTRRT/frountier_threshold: 0.0
 * /move_group/planner_configs/BiTRRT/init_temperature: 100
 * /move_group/planner_configs/BiTRRT/range: 0.0
 * /move_group/planner_configs/BiTRRT/temp_change_factor: 0.1
 * /move_group/planner_configs/BiTRRT/type: geometric::BiTRRT
 * /move_group/planner_configs/EST/goal_bias: 0.05
 * /move_group/planner_configs/EST/range: 0.0
 * /move_group/planner_configs/EST/type: geometric::EST
 * /move_group/planner_configs/FMT/cache_cc: 1
 * /move_group/planner_configs/FMT/extended_fmt: 1
 * /move_group/planner_configs/FMT/heuristics: 0
 * /move_group/planner_configs/FMT/nearest_k: 1
 * /move_group/planner_configs/FMT/num_samples: 1000
 * /move_group/planner_configs/FMT/radius_multiplier: 1.1
 * /move_group/planner_configs/FMT/type: geometric::FMT
 * /move_group/planner_configs/KPIECE/border_fraction: 0.9
 * /move_group/planner_configs/KPIECE/failed_expansion_score_factor: 0.5
 * /move_group/planner_configs/KPIECE/goal_bias: 0.05
 * /move_group/planner_configs/KPIECE/min_valid_path_fraction: 0.5
 * /move_group/planner_configs/KPIECE/range: 0.0
 * /move_group/planner_configs/KPIECE/type: geometric::KPIECE
 * /move_group/planner_configs/LBKPIECE/border_fraction: 0.9
 * /move_group/planner_configs/LBKPIECE/min_valid_path_fraction: 0.5
 * /move_group/planner_configs/LBKPIECE/range: 0.0
 * /move_group/planner_configs/LBKPIECE/type: geometric::LBKPIECE
 * /move_group/planner_configs/LBTRRT/epsilon: 0.4
 * /move_group/planner_configs/LBTRRT/goal_bias: 0.05
 * /move_group/planner_configs/LBTRRT/range: 0.0
 * /move_group/planner_configs/LBTRRT/type: geometric::LBTRRT
 * /move_group/planner_configs/LazyPRM/range: 0.0
 * /move_group/planner_configs/LazyPRM/type: geometric::LazyPRM
 * /move_group/planner_configs/LazyPRMstar/type: geometric::LazyPR...
 * /move_group/planner_configs/PDST/type: geometric::PDST
 * /move_group/planner_configs/PRM/max_nearest_neighbors: 10
 * /move_group/planner_configs/PRM/type: geometric::PRM
 * /move_group/planner_configs/PRMstar/type: geometric::PRMstar
 * /move_group/planner_configs/ProjEST/goal_bias: 0.05
 * /move_group/planner_configs/ProjEST/range: 0.0
 * /move_group/planner_configs/ProjEST/type: geometric::ProjEST
 * /move_group/planner_configs/RRT/goal_bias: 0.05
 * /move_group/planner_configs/RRT/range: 0.0
 * /move_group/planner_configs/RRT/type: geometric::RRT
 * /move_group/planner_configs/RRTConnect/range: 0.0
 * /move_group/planner_configs/RRTConnect/type: geometric::RRTCon...
 * /move_group/planner_configs/RRTstar/delay_collision_checking: 1
 * /move_group/planner_configs/RRTstar/goal_bias: 0.05
 * /move_group/planner_configs/RRTstar/range: 0.0
 * /move_group/planner_configs/RRTstar/type: geometric::RRTstar
 * /move_group/planner_configs/SBL/range: 0.0
 * /move_group/planner_configs/SBL/type: geometric::SBL
 * /move_group/planner_configs/SPARS/dense_delta_fraction: 0.001
 * /move_group/planner_configs/SPARS/max_failures: 1000
 * /move_group/planner_configs/SPARS/sparse_delta_fraction: 0.25
 * /move_group/planner_configs/SPARS/stretch_factor: 3.0
 * /move_group/planner_configs/SPARS/type: geometric::SPARS
 * /move_group/planner_configs/SPARStwo/dense_delta_fraction: 0.001
 * /move_group/planner_configs/SPARStwo/max_failures: 5000
 * /move_group/planner_configs/SPARStwo/sparse_delta_fraction: 0.25
 * /move_group/planner_configs/SPARStwo/stretch_factor: 3.0
 * /move_group/planner_configs/SPARStwo/type: geometric::SPARStwo
 * /move_group/planner_configs/STRIDE/degree: 16
 * /move_group/planner_configs/STRIDE/estimated_dimension: 0.0
 * /move_group/planner_configs/STRIDE/goal_bias: 0.05
 * /move_group/planner_configs/STRIDE/max_degree: 18
 * /move_group/planner_configs/STRIDE/max_pts_per_leaf: 6
 * /move_group/planner_configs/STRIDE/min_degree: 12
 * /move_group/planner_configs/STRIDE/min_valid_path_fraction: 0.2
 * /move_group/planner_configs/STRIDE/range: 0.0
 * /move_group/planner_configs/STRIDE/type: geometric::STRIDE
 * /move_group/planner_configs/STRIDE/use_projected_distance: 0
 * /move_group/planner_configs/TRRT/frountierNodeRatio: 0.1
 * /move_group/planner_configs/TRRT/frountier_threshold: 0.0
 * /move_group/planner_configs/TRRT/goal_bias: 0.05
 * /move_group/planner_configs/TRRT/init_temperature: 10e-6
 * /move_group/planner_configs/TRRT/k_constant: 0.0
 * /move_group/planner_configs/TRRT/max_states_failed: 10
 * /move_group/planner_configs/TRRT/min_temperature: 10e-10
 * /move_group/planner_configs/TRRT/range: 0.0
 * /move_group/planner_configs/TRRT/temp_change_factor: 2.0
 * /move_group/planner_configs/TRRT/type: geometric::TRRT
 * /move_group/planning_plugin: ompl_interface/OM...
 * /move_group/planning_scene_monitor/publish_geometry_updates: True
 * /move_group/planning_scene_monitor/publish_planning_scene: True
 * /move_group/planning_scene_monitor/publish_state_updates: True
 * /move_group/planning_scene_monitor/publish_transforms_updates: True
 * /move_group/request_adapters: default_planner_r...
 * /move_group/start_state_max_bounds_error: 0.1
 * /quadruped/back_left_leg_controller/joints: ['back_left_leg1_...
 * /quadruped/back_left_leg_controller/type: position_controll...
 * /quadruped/back_right_leg_controller/joints: ['back_right_leg1...
 * /quadruped/back_right_leg_controller/type: position_controll...
 * /quadruped/front_left_leg_controller/joints: ['front_left_leg1...
 * /quadruped/front_left_leg_controller/type: position_controll...
 * /quadruped/front_right_leg_controller/joints: ['front_right_leg...
 * /quadruped/front_right_leg_controller/type: position_controll...
 * /quadruped/gazebo_ros_control/pid_gains/back_left_leg1_joint/d: 5
 * /quadruped/gazebo_ros_control/pid_gains/back_left_leg1_joint/i: 0.01
 * /quadruped/gazebo_ros_control/pid_gains/back_left_leg1_joint/p: 300
 * /quadruped/gazebo_ros_control/pid_gains/back_left_leg2_joint/d: 5
 * /quadruped/gazebo_ros_control/pid_gains/back_left_leg2_joint/i: 0.01
 * /quadruped/gazebo_ros_control/pid_gains/back_left_leg2_joint/p: 300
 * /quadruped/gazebo_ros_control/pid_gains/back_left_leg3_joint/d: 5
 * /quadruped/gazebo_ros_control/pid_gains/back_left_leg3_joint/i: 0.01
 * /quadruped/gazebo_ros_control/pid_gains/back_left_leg3_joint/p: 300
 * /quadruped/gazebo_ros_control/pid_gains/back_right_leg1_joint/d: 5
 * /quadruped/gazebo_ros_control/pid_gains/back_right_leg1_joint/i: 0.01
 * /quadruped/gazebo_ros_control/pid_gains/back_right_leg1_joint/p: 300
 * /quadruped/gazebo_ros_control/pid_gains/back_right_leg2_joint/d: 5
 * /quadruped/gazebo_ros_control/pid_gains/back_right_leg2_joint/i: 0.01
 * /quadruped/gazebo_ros_control/pid_gains/back_right_leg2_joint/p: 300
 * /quadruped/gazebo_ros_control/pid_gains/back_right_leg3_joint/d: 5
 * /quadruped/gazebo_ros_control/pid_gains/back_right_leg3_joint/i: 0.01
 * /quadruped/gazebo_ros_control/pid_gains/back_right_leg3_joint/p: 300
 * /quadruped/gazebo_ros_control/pid_gains/front_left_leg1_joint/d: 5
 * /quadruped/gazebo_ros_control/pid_gains/front_left_leg1_joint/i: 0.01
 * /quadruped/gazebo_ros_control/pid_gains/front_left_leg1_joint/p: 300
 * /quadruped/gazebo_ros_control/pid_gains/front_left_leg2_joint/d: 5
 * /quadruped/gazebo_ros_control/pid_gains/front_left_leg2_joint/i: 0.01
 * /quadruped/gazebo_ros_control/pid_gains/front_left_leg2_joint/p: 300
 * /quadruped/gazebo_ros_control/pid_gains/front_left_leg3_joint/d: 5
 * /quadruped/gazebo_ros_control/pid_gains/front_left_leg3_joint/i: 0.01
 * /quadruped/gazebo_ros_control/pid_gains/front_left_leg3_joint/p: 300
 * /quadruped/gazebo_ros_control/pid_gains/front_right_leg1_joint/d: 5
 * /quadruped/gazebo_ros_control/pid_gains/front_right_leg1_joint/i: 0.01
 * /quadruped/gazebo_ros_control/pid_gains/front_right_leg1_joint/p: 300
 * /quadruped/gazebo_ros_control/pid_gains/front_right_leg2_joint/d: 5
 * /quadruped/gazebo_ros_control/pid_gains/front_right_leg2_joint/i: 0.01
 * /quadruped/gazebo_ros_control/pid_gains/front_right_leg2_joint/p: 300
 * /quadruped/gazebo_ros_control/pid_gains/front_right_leg3_joint/d: 5
 * /quadruped/gazebo_ros_control/pid_gains/front_right_leg3_joint/i: 0.01
 * /quadruped/gazebo_ros_control/pid_gains/front_right_leg3_joint/p: 300
 * /quadruped/generic_hw_control_loop/cycle_time_error_threshold: 0.01
 * /quadruped/generic_hw_control_loop/loop_hz: 100
 * /quadruped/hardware_interface/joints: ['back_left_leg3_...
 * /quadruped/hardware_interface/sim_control_mode: 1
 * /quadruped/joint_state_controller/publish_rate: 100
 * /quadruped/joint_state_controller/type: joint_state_contr...
 * /quadruped/moveit_sim_hw_interface/joint_model_group: todo_group_name
 * /quadruped/moveit_sim_hw_interface/joint_model_group_pose: todo_state_name
 * /robot_description: <?xml version="1....
 * /robot_description_kinematics/back_left_leg/kinematics_solver: kdl_kinematics_pl...
 * /robot_description_kinematics/back_left_leg/kinematics_solver_search_resolution: 0.005
 * /robot_description_kinematics/back_left_leg/kinematics_solver_timeout: 0.005
 * /robot_description_kinematics/back_right_leg/kinematics_solver: kdl_kinematics_pl...
 * /robot_description_kinematics/back_right_leg/kinematics_solver_search_resolution: 0.005
 * /robot_description_kinematics/back_right_leg/kinematics_solver_timeout: 0.005
 * /robot_description_kinematics/front_left_leg/kinematics_solver: kdl_kinematics_pl...
 * /robot_description_kinematics/front_left_leg/kinematics_solver_search_resolution: 0.005
 * /robot_description_kinematics/front_left_leg/kinematics_solver_timeout: 0.005
 * /robot_description_kinematics/front_right_leg/kinematics_solver: kdl_kinematics_pl...
 * /robot_description_kinematics/front_right_leg/kinematics_solver_search_resolution: 0.005
 * /robot_description_kinematics/front_right_leg/kinematics_solver_timeout: 0.005
 * /robot_description_planning/default_acceleration_scaling_factor: 0.1
 * /robot_description_planning/default_velocity_scaling_factor: 0.1
 * /robot_description_planning/joint_limits/back_left_leg1_joint/has_acceleration_limits: False
 * /robot_description_planning/joint_limits/back_left_leg1_joint/has_velocity_limits: True
 * /robot_description_planning/joint_limits/back_left_leg1_joint/max_acceleration: 10
 * /robot_description_planning/joint_limits/back_left_leg1_joint/max_velocity: 10
 * /robot_description_planning/joint_limits/back_left_leg2_joint/has_acceleration_limits: False
 * /robot_description_planning/joint_limits/back_left_leg2_joint/has_velocity_limits: True
 * /robot_description_planning/joint_limits/back_left_leg2_joint/max_acceleration: 10
 * /robot_description_planning/joint_limits/back_left_leg2_joint/max_velocity: 10
 * /robot_description_planning/joint_limits/back_left_leg3_joint/has_acceleration_limits: False
 * /robot_description_planning/joint_limits/back_left_leg3_joint/has_velocity_limits: True
 * /robot_description_planning/joint_limits/back_left_leg3_joint/max_acceleration: 10
 * /robot_description_planning/joint_limits/back_left_leg3_joint/max_velocity: 10
 * /robot_description_planning/joint_limits/back_right_leg1_joint/has_acceleration_limits: False
 * /robot_description_planning/joint_limits/back_right_leg1_joint/has_velocity_limits: True
 * /robot_description_planning/joint_limits/back_right_leg1_joint/max_acceleration: 10
 * /robot_description_planning/joint_limits/back_right_leg1_joint/max_velocity: 10
 * /robot_description_planning/joint_limits/back_right_leg2_joint/has_acceleration_limits: False
 * /robot_description_planning/joint_limits/back_right_leg2_joint/has_velocity_limits: True
 * /robot_description_planning/joint_limits/back_right_leg2_joint/max_acceleration: 10
 * /robot_description_planning/joint_limits/back_right_leg2_joint/max_velocity: 10
 * /robot_description_planning/joint_limits/back_right_leg3_joint/has_acceleration_limits: False
 * /robot_description_planning/joint_limits/back_right_leg3_joint/has_velocity_limits: True
 * /robot_description_planning/joint_limits/back_right_leg3_joint/max_acceleration: 10
 * /robot_description_planning/joint_limits/back_right_leg3_joint/max_velocity: 10
 * /robot_description_planning/joint_limits/front_left_leg1_joint/has_acceleration_limits: False
 * /robot_description_planning/joint_limits/front_left_leg1_joint/has_velocity_limits: True
 * /robot_description_planning/joint_limits/front_left_leg1_joint/max_acceleration: 10
 * /robot_description_planning/joint_limits/front_left_leg1_joint/max_velocity: 10
 * /robot_description_planning/joint_limits/front_left_leg2_joint/has_acceleration_limits: False
 * /robot_description_planning/joint_limits/front_left_leg2_joint/has_velocity_limits: True
 * /robot_description_planning/joint_limits/front_left_leg2_joint/max_acceleration: 10
 * /robot_description_planning/joint_limits/front_left_leg2_joint/max_velocity: 10
 * /robot_description_planning/joint_limits/front_left_leg3_joint/has_acceleration_limits: False
 * /robot_description_planning/joint_limits/front_left_leg3_joint/has_velocity_limits: True
 * /robot_description_planning/joint_limits/front_left_leg3_joint/max_acceleration: 10
 * /robot_description_planning/joint_limits/front_left_leg3_joint/max_velocity: 10
 * /robot_description_planning/joint_limits/front_right_leg1_joint/has_acceleration_limits: False
 * /robot_description_planning/joint_limits/front_right_leg1_joint/has_velocity_limits: True
 * /robot_description_planning/joint_limits/front_right_leg1_joint/max_acceleration: 10
 * /robot_description_planning/joint_limits/front_right_leg1_joint/max_velocity: 10
 * /robot_description_planning/joint_limits/front_right_leg2_joint/has_acceleration_limits: False
 * /robot_description_planning/joint_limits/front_right_leg2_joint/has_velocity_limits: True
 * /robot_description_planning/joint_limits/front_right_leg2_joint/max_acceleration: 10
 * /robot_description_planning/joint_limits/front_right_leg2_joint/max_velocity: 10
 * /robot_description_planning/joint_limits/front_right_leg3_joint/has_acceleration_limits: False
 * /robot_description_planning/joint_limits/front_right_leg3_joint/has_velocity_limits: True
 * /robot_description_planning/joint_limits/front_right_leg3_joint/max_acceleration: 10
 * /robot_description_planning/joint_limits/front_right_leg3_joint/max_velocity: 10
 * /robot_description_semantic: <?xml version="1....
 * /robot_state_publisher/publish_frequency: 60.0
 * /rosdistro: noetic
 * /rosversion: 1.15.9
 * /use_sim_time: True

NODES
  /
    gazebo (gazebo_ros/gzserver)
    joint_state_publisher (joint_state_publisher/joint_state_publisher)
    move_group (moveit_ros_move_group/move_group)
    robot_state_publisher (robot_state_publisher/robot_state_publisher)
    urdf_spawner (gazebo_ros/spawn_model)
  /quadruped/
    controller_spawner (controller_manager/spawner)
GNU gdb (Ubuntu 9.2-0ubuntu1~20.04) 9.2
Copyright (C) 2020 Free Software Foundation, Inc.
License GPLv3+: GNU GPL version 3 or later <http://gnu.org/licenses/gpl.html>
This is free software: you are free to change and redistribute it.
There is NO WARRANTY, to the extent permitted by law.
Type "show copying" and "show warranty" for details.
This GDB was configured as "x86_64-linux-gnu".
Type "show configuration" for configuration details.
For bug reporting instructions, please see:
<http://www.gnu.org/software/gdb/bugs/>.
Find the GDB manual and other documentation resources online at:
    <http://www.gnu.org/software/gdb/documentation/>.

For help, type "help".
Type "apropos word" to search for commands related to "word"...
Reading symbols from /opt/ros/noetic/lib/moveit_ros_move_group/move_group...
(No debugging symbols found in /opt/ros/noetic/lib/moveit_ros_move_group/move_group)
/home/ubuntu/CPGController/src/simulations/ws/src/quadruped/launch/gdb_settings.gdb: No such file or directory.
Starting program: /opt/ros/noetic/lib/moveit_ros_move_group/move_group --debug __name:=move_group __log:=/home/ubuntu/.ros/log/c2942f92-957d-11eb-b18e-1b65dea0666d/move_group-7.log
[Thread debugging using libthread_db enabled]
Using host libthread_db library "/lib/x86_64-linux-gnu/libthread_db.so.1".
[New Thread 0x7ffff0da7700 (LWP 21034)]
[New Thread 0x7fffebfff700 (LWP 21035)]
[New Thread 0x7fffeb7fe700 (LWP 21036)]
[New Thread 0x7fffeaffd700 (LWP 21037)]
[New Thread 0x7fffea7fc700 (LWP 21038)]
[New Thread 0x7fffe9ffb700 (LWP 21039)]
[33m[ WARN] [1617565296.240453461]: Link dummy_link has visual geometry but no collision geometry. Collision geometry will be left empty. Fix your URDF file by explicitly specifying collision geometry.[0m
[New Thread 0x7fffe97fa700 (LWP 21056)]
[New Thread 0x7fffe8ff9700 (LWP 21057)]
[33m[ WARN] [1617565296.384002814]: Resolution not specified for Octomap. Assuming resolution = 0.1 instead[0m
[31m[ERROR] [1617565296.384409384]: Failed to find 3D sensor plugin parameters for octomap generation[0m
[New Thread 0x7fffcbfff700 (LWP 21058)]
[0m[ INFO] [1617565295.999864631]: Finished loading Gazebo ROS API Plugin.[0m
[0m[ INFO] [1617565296.001242963]: waitForService: Service [/gazebo/set_physics_properties] has not been advertised, waiting...[0m
[0m[ INFO] [1617565296.309765439]: waitForService: Service [/gazebo/set_physics_properties] is now available.[0m
[0m[ INFO] [1617565296.356538975, 0.035000000]: Physics dynamic reconfigure ready.[0m
[1;33mWarning [Model.cc:212][0m Non-unique names detected in XML children of model with name[quadruped].
[New Thread 0x7fffcb7fe700 (LWP 21075)]
[New Thread 0x7fffcaffd700 (LWP 21076)]
[New Thread 0x7fffca7fc700 (LWP 21077)]
[New Thread 0x7fffc9ffb700 (LWP 21078)]
[New Thread 0x7fffc97fa700 (LWP 21079)]
[0m[ INFO] [1617565296.239707919]: Loading robot model 'quadruped'...[0m
[0m[ INFO] [1617565296.240384180]: No root/virtual joint specified in SRDF. Assuming fixed joint[0m
[0m[ INFO] [1617565296.372611188]: Publishing maintained planning scene on 'monitored_planning_scene'[0m
[0m[ INFO] [1617565296.377764443]: MoveGroup debug mode is ON[0m
[96mStarting planning scene monitors...
[0m[0m[ INFO] [1617565296.377797796]: Starting planning scene monitor[0m
[0m[ INFO] [1617565296.379653937]: Listening to '/planning_scene'[0m
[0m[ INFO] [1617565296.379694475]: Starting world geometry update monitor for collision objects, attached objects, octomap updates.[0m
[0m[ INFO] [1617565296.381350224]: Listening to '/collision_object'[0m
[0m[ INFO] [1617565296.383660936]: Listening to '/planning_scene_world' for planning scene world geometry[0m
[0m[ INFO] [1617565296.389336546]: Listening to '/attached_collision_object' for attached collision objects[0m
[96mPlanning scene monitors started.
[0m[0m[ INFO] [1617565296.756577691]: Using planning interface 'OMPL'[0m
[0m[ INFO] [1617565296.764559780]: Param 'default_workspace_bounds' was not set. Using default value: 10[0m
[0m[ INFO] [1617565296.764985757]: Param 'start_state_max_bounds_error' was set to 0.1[0m
[0m[ INFO] [1617565296.765337053]: Param 'start_state_max_dt' was not set. Using default value: 0.5[0m
[0m[ INFO] [1617565296.765719290]: Param 'start_state_max_dt' was not set. Using default value: 0.5[0m
[0m[ INFO] [1617565296.766064539]: Param 'jiggle_fraction' was set to 0.05[0m
[0m[ INFO] [1617565296.766384156]: Param 'max_sampling_attempts' was not set. Using default value: 100[0m
[0m[ INFO] [1617565296.766430672]: Using planning request adapter 'Add Time Parameterization'[0m
[0m[ INFO] [1617565296.766451681]: Using planning request adapter 'Resolve constraint frames to robot links'[0m
[0m[ INFO] [1617565296.766467909]: Using planning request adapter 'Fix Workspace Bounds'[0m
[0m[ INFO] [1617565296.766477979]: Using planning request adapter 'Fix Start State Bounds'[0m
[0m[ INFO] [1617565296.766488357]: Using planning request adapter 'Fix Start State In Collision'[0m
[0m[ INFO] [1617565296.766498150]: Using planning request adapter 'Fix Start State Path Constraints'[0m
[96mLoading 'move_group/ApplyPlanningSceneService'...
[0m[96mLoading 'move_group/ClearOctomapService'...
[0m[96mLoading 'move_group/MoveGroupCartesianPathService'...
[0m[96mLoading 'move_group/MoveGroupExecuteTrajectoryAction'...
[0m[96mLoading 'move_group/MoveGroupGetPlanningSceneService'...
[0m[96mLoading 'move_group/MoveGroupKinematicsService'...
[0m[96mLoading 'move_group/MoveGroupMoveAction'...
[0m[96mLoading 'move_group/MoveGroupPickPlaceAction'...
[0m[96mLoading 'move_group/MoveGroupPlanService'...
[0m[96mLoading 'move_group/MoveGroupQueryPlannersService'...
[0m[96mLoading 'move_group/MoveGroupStateValidationService'...
[0m[0m[ INFO] [1617565296.850950510]: 

********************************************************
* MoveGroup using: 
*     - ApplyPlanningSceneService
*     - ClearOctomapService
*     - CartesianPathService
*     - ExecuteTrajectoryAction
*     - GetPlanningSceneService
*     - KinematicsService
*     - MoveAction
*     - PickPlaceAction
*     - MotionPlanService
*     - QueryPlannersService
*     - StateValidationService
********************************************************
[0m
[0m[ INFO] [1617565296.851012955]: MoveGroup context using planning plugin ompl_interface/OMPLPlanner[0m
[0m[ INFO] [1617565296.851035410]: MoveGroup context initialization complete[0m
[92m
You can start planning now!

[0m[0m[ INFO] [1617565296.689928947, 0.152000000]: <initialOrientationAsReference> is unset, using default value of false to comply with REP 145 (world as orientation reference)[0m
[0m[ INFO] [1617565296.690003362, 0.152000000]: <robotNamespace> set to: /quadruped/[0m
[0m[ INFO] [1617565296.690030637, 0.152000000]: <topicName> set to: imu[0m
[0m[ INFO] [1617565296.690045447, 0.152000000]: <frameName> set to: imu_link[0m
[0m[ INFO] [1617565296.690073614, 0.152000000]: <updateRateHZ> set to: 100[0m
[0m[ INFO] [1617565296.690089808, 0.152000000]: <gaussianNoise> set to: 0[0m
[0m[ INFO] [1617565296.690109854, 0.152000000]: <xyzOffset> set to: 0 0 0[0m
[0m[ INFO] [1617565296.690146851, 0.152000000]: <rpyOffset> set to: 0 -0 0[0m
[0m[ INFO] [1617565296.754860604, 0.152000000]: Loading gazebo_ros_control plugin[0m
[0m[ INFO] [1617565296.754994327, 0.152000000]: Starting gazebo_ros_control plugin in namespace: /quadruped[0m
[0m[ INFO] [1617565296.755522292, 0.152000000]: gazebo_ros_control plugin is waiting for model URDF in parameter [/robot_description] on the ROS param server.[0m
[0m[ INFO] [1617565297.058260052, 0.152000000]: Loaded gazebo_ros_control.[0m
[0m[ INFO] [1617565297.064359158, 0.152000000]: ft_sensor plugin reporting wrench values to the frame [front_right_leg3][0m
[0m[ INFO] [1617565297.064391095, 0.152000000]: imu plugin missing <gaussianNoise>, defaults to 0.0[0m
[0m[ INFO] [1617565297.065353346, 0.152000000]: ft_sensor plugin reporting wrench values to the frame [front_right_leg2][0m
[0m[ INFO] [1617565297.065382750, 0.152000000]: imu plugin missing <gaussianNoise>, defaults to 0.0[0m
[0m[ INFO] [1617565297.066277460, 0.152000000]: ft_sensor plugin reporting wrench values to the frame [front_right_leg1][0m
[0m[ INFO] [1617565297.066340664, 0.152000000]: imu plugin missing <gaussianNoise>, defaults to 0.0[0m
[0m[ INFO] [1617565297.067187517, 0.152000000]: ft_sensor plugin reporting wrench values to the frame [front_left_leg3][0m
[0m[ INFO] [1617565297.067217554, 0.152000000]: imu plugin missing <gaussianNoise>, defaults to 0.0[0m
[0m[ INFO] [1617565297.068067300, 0.152000000]: ft_sensor plugin reporting wrench values to the frame [front_left_leg2][0m
[0m[ INFO] [1617565297.068096402, 0.152000000]: imu plugin missing <gaussianNoise>, defaults to 0.0[0m
[0m[ INFO] [1617565297.068941259, 0.152000000]: ft_sensor plugin reporting wrench values to the frame [front_left_leg1][0m
[0m[ INFO] [1617565297.068970080, 0.152000000]: imu plugin missing <gaussianNoise>, defaults to 0.0[0m
[0m[ INFO] [1617565297.069800493, 0.152000000]: ft_sensor plugin reporting wrench values to the frame [back_right_leg3][0m
[0m[ INFO] [1617565297.069825417, 0.152000000]: imu plugin missing <gaussianNoise>, defaults to 0.0[0m
[0m[ INFO] [1617565297.070605196, 0.152000000]: ft_sensor plugin reporting wrench values to the frame [back_right_leg2][0m
[0m[ INFO] [1617565297.070630244, 0.152000000]: imu plugin missing <gaussianNoise>, defaults to 0.0[0m
[0m[ INFO] [1617565297.071410782, 0.152000000]: ft_sensor plugin reporting wrench values to the frame [back_right_leg1][0m
[0m[ INFO] [1617565297.071439160, 0.152000000]: imu plugin missing <gaussianNoise>, defaults to 0.0[0m
[0m[ INFO] [1617565297.072247531, 0.152000000]: ft_sensor plugin reporting wrench values to the frame [back_left_leg3][0m
[0m[ INFO] [1617565297.072275237, 0.152000000]: imu plugin missing <gaussianNoise>, defaults to 0.0[0m
[0m[ INFO] [1617565297.073058114, 0.152000000]: ft_sensor plugin reporting wrench values to the frame [back_left_leg2][0m
[0m[ INFO] [1617565297.073101281, 0.152000000]: imu plugin missing <gaussianNoise>, defaults to 0.0[0m
[0m[ INFO] [1617565297.073854982, 0.152000000]: ft_sensor plugin reporting wrench values to the frame [back_left_leg1][0m
[0m[ INFO] [1617565297.073880610, 0.152000000]: imu plugin missing <gaussianNoise>, defaults to 0.0[0m
[0m[ INFO] [1617565297.080734139, 0.152000000]: GazeboRosJointStatePublisher is going to publish joint: front_right_leg1_joint[0m
[0m[ INFO] [