2021-04-17 15:38:39.542999: I tensorflow/stream_executor/platform/default/dso_loader.cc:49] Successfully opened dynamic library libcudart.so.11.0
Unable to init server: Could not connect: Connection refused
Unable to init server: Could not connect: Connection refused

(learn.py:2214794): Gdk-CRITICAL **: 15:39:10.202: gdk_cursor_new_for_display: assertion 'GDK_IS_DISPLAY (display)' failed
2021-04-17 15:39:11.578696: I tensorflow/compiler/jit/xla_cpu_device.cc:41] Not creating XLA devices, tf_xla_enable_xla_devices not set
2021-04-17 15:39:11.586748: I tensorflow/stream_executor/platform/default/dso_loader.cc:49] Successfully opened dynamic library libcuda.so.1
2021-04-17 15:39:11.711166: I tensorflow/stream_executor/cuda/cuda_gpu_executor.cc:941] successful NUMA node read from SysFS had negative value (-1), but there must be at least one NUMA node, so returning NUMA node zero
2021-04-17 15:39:11.712356: I tensorflow/core/common_runtime/gpu/gpu_device.cc:1720] Found device 0 with properties: 
pciBusID: 0000:00:1e.0 name: Tesla T4 computeCapability: 7.5
coreClock: 1.59GHz coreCount: 40 deviceMemorySize: 14.75GiB deviceMemoryBandwidth: 298.08GiB/s
2021-04-17 15:39:11.712495: I tensorflow/stream_executor/platform/default/dso_loader.cc:49] Successfully opened dynamic library libcudart.so.11.0
2021-04-17 15:39:11.742619: I tensorflow/stream_executor/platform/default/dso_loader.cc:49] Successfully opened dynamic library libcublas.so.11
2021-04-17 15:39:11.743309: I tensorflow/stream_executor/platform/default/dso_loader.cc:49] Successfully opened dynamic library libcublasLt.so.11
2021-04-17 15:39:11.759349: I tensorflow/stream_executor/platform/default/dso_loader.cc:49] Successfully opened dynamic library libcufft.so.10
2021-04-17 15:39:11.762143: I tensorflow/stream_executor/platform/default/dso_loader.cc:49] Successfully opened dynamic library libcurand.so.10
2021-04-17 15:39:11.791948: I tensorflow/stream_executor/platform/default/dso_loader.cc:49] Successfully opened dynamic library libcusolver.so.10
2021-04-17 15:39:11.800047: I tensorflow/stream_executor/platform/default/dso_loader.cc:49] Successfully opened dynamic library libcusparse.so.11
2021-04-17 15:39:11.806259: I tensorflow/stream_executor/platform/default/dso_loader.cc:49] Successfully opened dynamic library libcudnn.so.8
2021-04-17 15:39:11.807853: I tensorflow/stream_executor/cuda/cuda_gpu_executor.cc:941] successful NUMA node read from SysFS had negative value (-1), but there must be at least one NUMA node, so returning NUMA node zero
2021-04-17 15:39:11.909068: I tensorflow/stream_executor/cuda/cuda_gpu_executor.cc:941] successful NUMA node read from SysFS had negative value (-1), but there must be at least one NUMA node, so returning NUMA node zero
2021-04-17 15:39:11.909899: I tensorflow/core/common_runtime/gpu/gpu_device.cc:1862] Adding visible gpu devices: 0
[DDPG] Building the actor model
2021-04-17 15:39:11.948604: I tensorflow/core/platform/cpu_feature_guard.cc:142] This TensorFlow binary is optimized with oneAPI Deep Neural Network Library (oneDNN) to use the following CPU instructions in performance-critical operations:  AVX2 AVX512F FMA
To enable them in other operations, rebuild TensorFlow with the appropriate compiler flags.
2021-04-17 15:39:11.949924: I tensorflow/compiler/jit/xla_gpu_device.cc:99] Not creating XLA devices, tf_xla_enable_xla_devices not set
2021-04-17 15:39:11.951744: I tensorflow/stream_executor/cuda/cuda_gpu_executor.cc:941] successful NUMA node read from SysFS had negative value (-1), but there must be at least one NUMA node, so returning NUMA node zero
2021-04-17 15:39:11.957987: I tensorflow/core/common_runtime/gpu/gpu_device.cc:1720] Found device 0 with properties: 
pciBusID: 0000:00:1e.0 name: Tesla T4 computeCapability: 7.5
coreClock: 1.59GHz coreCount: 40 deviceMemorySize: 14.75GiB deviceMemoryBandwidth: 298.08GiB/s
2021-04-17 15:39:11.958245: I tensorflow/stream_executor/platform/default/dso_loader.cc:49] Successfully opened dynamic library libcudart.so.11.0
2021-04-17 15:39:11.959122: I tensorflow/stream_executor/platform/default/dso_loader.cc:49] Successfully opened dynamic library libcublas.so.11
2021-04-17 15:39:11.960211: I tensorflow/stream_executor/platform/default/dso_loader.cc:49] Successfully opened dynamic library libcublasLt.so.11
2021-04-17 15:39:11.960685: I tensorflow/stream_executor/platform/default/dso_loader.cc:49] Successfully opened dynamic library libcufft.so.10
2021-04-17 15:39:11.961625: I tensorflow/stream_executor/platform/default/dso_loader.cc:49] Successfully opened dynamic library libcurand.so.10
2021-04-17 15:39:11.962123: I tensorflow/stream_executor/platform/default/dso_loader.cc:49] Successfully opened dynamic library libcusolver.so.10
2021-04-17 15:39:11.962929: I tensorflow/stream_executor/platform/default/dso_loader.cc:49] Successfully opened dynamic library libcusparse.so.11
2021-04-17 15:39:11.963997: I tensorflow/stream_executor/platform/default/dso_loader.cc:49] Successfully opened dynamic library libcudnn.so.8
2021-04-17 15:39:11.964610: I tensorflow/stream_executor/cuda/cuda_gpu_executor.cc:941] successful NUMA node read from SysFS had negative value (-1), but there must be at least one NUMA node, so returning NUMA node zero
2021-04-17 15:39:11.968543: I tensorflow/stream_executor/cuda/cuda_gpu_executor.cc:941] successful NUMA node read from SysFS had negative value (-1), but there must be at least one NUMA node, so returning NUMA node zero
2021-04-17 15:39:11.971069: I tensorflow/core/common_runtime/gpu/gpu_device.cc:1862] Adding visible gpu devices: 0
2021-04-17 15:39:11.971781: I tensorflow/stream_executor/platform/default/dso_loader.cc:49] Successfully opened dynamic library libcudart.so.11.0
2021-04-17 15:39:19.024898: I tensorflow/core/common_runtime/gpu/gpu_device.cc:1261] Device interconnect StreamExecutor with strength 1 edge matrix:
2021-04-17 15:39:19.025046: I tensorflow/core/common_runtime/gpu/gpu_device.cc:1267]      0 
2021-04-17 15:39:19.025070: I tensorflow/core/common_runtime/gpu/gpu_device.cc:1280] 0:   N 
2021-04-17 15:39:19.026851: I tensorflow/stream_executor/cuda/cuda_gpu_executor.cc:941] successful NUMA node read from SysFS had negative value (-1), but there must be at least one NUMA node, so returning NUMA node zero
2021-04-17 15:39:19.032815: I tensorflow/stream_executor/cuda/cuda_gpu_executor.cc:941] successful NUMA node read from SysFS had negative value (-1), but there must be at least one NUMA node, so returning NUMA node zero
2021-04-17 15:39:19.039153: I tensorflow/stream_executor/cuda/cuda_gpu_executor.cc:941] successful NUMA node read from SysFS had negative value (-1), but there must be at least one NUMA node, so returning NUMA node zero
2021-04-17 15:39:19.044037: I tensorflow/core/common_runtime/gpu/gpu_device.cc:1406] Created TensorFlow device (/job:localhost/replica:0/task:0/device:GPU:0 with 12343 MB memory) -> physical GPU (device: 0, name: Tesla T4, pci bus id: 0000:00:1e.0, compute capability: 7.5)
[DDPG] Building the actor model
[DDPG] Building the critic model
[DDPG] Building the critic model
[DDPG] Waiting for joint trajectory action
[DDPG] Found joint trajectory action!
[DDPG] Waiting for joint trajectory action
[DDPG] Found joint trajectory action!
[DDPG] Waiting for joint trajectory action
[DDPG] Found joint trajectory action!
[DDPG] Waiting for joint trajectory action
[DDPG] Found joint trajectory action!
[0m[ INFO] [1618673992.984212606, 6.735000000]: Loading robot model 'quadruped'...[0m
[0m[ INFO] [1618673992.988499230, 6.736000000]: No root/virtual joint specified in SRDF. Assuming fixed joint[0m
[33m[ WARN] [1618673992.988786994, 6.736000000]: Link dummy_link has visual geometry but no collision geometry. Collision geometry will be left empty. Fix your URDF file by explicitly specifying collision geometry.[0m
[0m[ INFO] [1618673995.455299459, 7.070000000]: Ready to take commands for planning group front_right_leg.[0m
[0m[ INFO] [1618673999.297714743, 7.787000000]: Ready to take commands for planning group front_left_leg.[0m
[0m[ INFO] [1618674003.761550357, 8.587000000]: Ready to take commands for planning group back_right_leg.[0m
[0m[ INFO] [1618674008.420046766, 9.387000000]: Ready to take commands for planning group back_left_leg.[0m
2021-04-17 15:41:55.287628: W tensorflow/core/framework/cpu_allocator_impl.cc:80] Allocation of 28728000 exceeds 10% of free system memory.
2021-04-17 15:41:55.569251: W tensorflow/core/framework/cpu_allocator_impl.cc:80] Allocation of 22680000 exceeds 10% of free system memory.
2021-04-17 15:41:55.920997: W tensorflow/core/framework/cpu_allocator_impl.cc:80] Allocation of 28728000 exceeds 10% of free system memory.
2021-04-17 15:41:56.173211: W tensorflow/core/framework/cpu_allocator_impl.cc:80] Allocation of 22680000 exceeds 10% of free system memory.
2021-04-17 15:42:02.591754: W tensorflow/core/framework/cpu_allocator_impl.cc:80] Allocation of 28728000 exceeds 10% of free system memory.
[Actor] GPU>>>>>>>>>>>>
[Actor] [PhysicalDevice(name='/physical_device:GPU:0', device_type='GPU')]
[DDPG] Loading Actor Weights
[DDPG] Initializing PER
[DDPG] Training Start
[DDPG] Resetting Environment
[DDPG] Starting Pretraining Test
2021-04-17 15:42:39.325123: I tensorflow/stream_executor/platform/default/dso_loader.cc:49] Successfully opened dynamic library libcublas.so.11
2021-04-17 15:42:44.254354: I tensorflow/stream_executor/platform/default/dso_loader.cc:49] Successfully opened dynamic library libcublasLt.so.11
[DDPG] Step 0 Reward 38.66059 Time 6.78120
[DDPG] Step 1 Reward -1.33633 Time 2.04267
[DDPG] Step 2 Reward -1.87686 Time 1.68447
[DDPG] Step 3 Reward -1.71191 Time 2.21258
[DDPG] Step 4 Reward -0.24732 Time 1.61998
[DDPG] Resetting Environment
[DDPG] Starting Episode 0
[DDPG] Episode 0 Step 0 Reward -1.52365 Time 1.97815
[DDPG] Episode 0 Step 1 Reward -1.35310 Time 2.27160
[DDPG] Episode 0 Step 2 Reward -1.16189 Time 2.41902
[DDPG] Episode 0 Step 3 Reward -1.35279 Time 2.24924
[DDPG] Episode 0 Step 4 Reward -1.18468 Time 1.89929
[DDPG] Floating Point Error in reward computation
[DDPG] Critic Loss 2.696903705596924
[DDPG] Total Reward -6.57611 Avg Critic Loss 2.69690 Time 3.35692
[DDPG] Saving Data
[DDPG] Saving PER priorities
[DDPG] Saving Model
[DDPG] Resetting Environment
[DDPG] Starting Episode 1
[DDPG] Episode 1 Step 0 Reward -1.56866 Time 2.41511
[DDPG] Episode 1 Step 1 Reward -1.15702 Time 2.27415
[DDPG] Episode 1 Step 2 Reward -1.21029 Time 2.03617
[DDPG] Episode 1 Step 3 Reward -1.02398 Time 1.93144
[DDPG] Episode 1 Step 4 Reward -1.17906 Time 1.80426
[DDPG] Quadruped Not Upright
[DDPG] Episode 1 Step 5 Reward -2.25820 Time 1.91075
[DDPG] Starting Next Episode
[DDPG] Critic Loss 3.1751184463500977
[DDPG] Total Reward -8.39721 Avg Critic Loss 3.17512 Time 4.35442
[DDPG] Resetting Environment
[DDPG] Starting Episode 2
[DDPG] Episode 2 Step 0 Reward -1.52826 Time 2.25335
[DDPG] Episode 2 Step 1 Reward -1.25333 Time 1.99811
[DDPG] Episode 2 Step 2 Reward -1.44760 Time 2.25925
[DDPG] Episode 2 Step 3 Reward -1.38233 Time 1.79901
[DDPG] Quadruped Not Upright
[DDPG] Episode 2 Step 4 Reward -2.36568 Time 2.05672
[DDPG] Starting Next Episode
[DDPG] Critic Loss 3.0062239170074463
[DDPG] Total Reward -7.97720 Avg Critic Loss 3.00622 Time 4.66203
[DDPG] Resetting Environment
[DDPG] Starting Episode 3
[DDPG] Episode 3 Step 0 Reward -1.44255 Time 1.63063
[DDPG] Episode 3 Step 1 Reward -1.28961 Time 1.87530
[DDPG] Floating Point Error in reward computation
[DDPG] Critic Loss 2.6250009536743164
[DDPG] Total Reward -2.73216 Avg Critic Loss 2.62500 Time 5.89067
[DDPG] Resetting Environment
[DDPG] Starting Episode 4
[DDPG] Episode 4 Step 0 Reward -1.32448 Time 2.11351
[DDPG] Episode 4 Step 1 Reward -0.36634 Time 2.09310
[DDPG] Episode 4 Step 2 Reward -1.58586 Time 2.66181
[DDPG] Quadruped Not Upright
[DDPG] Episode 4 Step 3 Reward -2.07165 Time 1.60035
[DDPG] Starting Next Episode
[DDPG] Critic Loss 3.0046095848083496
[DDPG] Total Reward -5.34833 Avg Critic Loss 3.00461 Time 6.21633
[DDPG] Resetting Environment
[DDPG] Starting Episode 5
[DDPG] Episode 5 Step 0 Reward -0.78426 Time 1.96582
[DDPG] Episode 5 Step 1 Reward -1.39405 Time 2.34148
[DDPG] Quadruped Not Upright
[DDPG] Episode 5 Step 2 Reward -3.32774 Time 1.68926
[DDPG] Starting Next Episode
[DDPG] Critic Loss 3.2447822093963623
[DDPG] Total Reward -5.50605 Avg Critic Loss 3.24478 Time 5.01621
[DDPG] Resetting Environment
[DDPG] Starting Episode 6
[DDPG] Episode 6 Step 0 Reward -2.15343 Time 1.89552
[DDPG] Floating Point Error in reward computation
[DDPG] Critic Loss 3.0396265983581543
[DDPG] Total Reward -2.15343 Avg Critic Loss 3.03963 Time 6.74640
[DDPG] Resetting Environment
[DDPG] Starting Episode 7
[DDPG] Episode 7 Step 0 Reward -1.45081 Time 2.36683
[DDPG] Episode 7 Step 1 Reward -1.14479 Time 1.91830
[DDPG] Episode 7 Step 2 Reward -1.50781 Time 1.68351
[DDPG] Quadruped Not Upright
[DDPG] Episode 7 Step 3 Reward -2.28376 Time 1.50927
[DDPG] Starting Next Episode
[DDPG] Critic Loss 3.5911049842834473
[DDPG] Total Reward -6.38717 Avg Critic Loss 3.59110 Time 6.85117
[DDPG] Resetting Environment
[DDPG] Starting Episode 8
[DDPG] Episode 8 Step 0 Reward -0.40111 Time 1.80010
[DDPG] Episode 8 Step 1 Reward -1.26049 Time 2.23718
[DDPG] Quadruped Not Upright
[DDPG] Episode 8 Step 2 Reward -2.80573 Time 1.69953
[DDPG] Starting Next Episode
[DDPG] Critic Loss 2.967487335205078
[DDPG] Total Reward -4.46733 Avg Critic Loss 2.96749 Time 7.64727
[DDPG] Resetting Environment
[DDPG] Starting Episode 9
[DDPG] Episode 9 Step 0 Reward -1.65245 Time 2.43066
[DDPG] Episode 9 Step 1 Reward -1.22800 Time 1.72625
[DDPG] Quadruped Not Upright
[DDPG] Episode 9 Step 2 Reward -2.56497 Time 1.77516
[DDPG] Starting Next Episode
[DDPG] Critic Loss 3.401078462600708
[DDPG] Total Reward -5.44542 Avg Critic Loss 3.40108 Time 8.50264
[DDPG] Resetting Environment
[DDPG] Starting Episode 10
[DDPG] Episode 10 Step 0 Reward -1.71451 Time 1.94578
[DDPG] Episode 10 Step 1 Reward -0.25832 Time 1.92658
[DDPG] Episode 10 Step 2 Reward -1.55891 Time 2.27463
[DDPG] Quadruped Not Upright
[DDPG] Episode 10 Step 3 Reward -2.55483 Time 1.71264
[DDPG] Starting Next Episode
[DDPG] Critic Loss 3.470024824142456
[DDPG] Total Reward -6.08657 Avg Critic Loss 3.47002 Time 8.05877
[DDPG] Resetting Environment
[DDPG] Starting Episode 11
[DDPG] Episode 11 Step 0 Reward -1.44216 Time 2.03451
[DDPG] Quadruped Not Upright
[DDPG] Episode 11 Step 1 Reward -3.16548 Time 1.64151
[DDPG] Starting Next Episode
[DDPG] Critic Loss 3.5489516258239746
[DDPG] Total Reward -4.60764 Avg Critic Loss 3.54895 Time 8.79172
[DDPG] Resetting Environment
[DDPG] Starting Episode 12
[DDPG] Episode 12 Step 0 Reward -1.66418 Time 1.94714
[DDPG] Episode 12 Step 1 Reward -1.14091 Time 1.98537
[DDPG] Floating Point Error in reward computation
[DDPG] Critic Loss 3.077280282974243
[DDPG] Total Reward -2.80509 Avg Critic Loss 3.07728 Time 8.16191
[DDPG] Resetting Environment
[DDPG] Starting Episode 13
[DDPG] Episode 13 Step 0 Reward -1.79978 Time 2.05781
[DDPG] Quadruped Not Upright
[DDPG] Episode 13 Step 1 Reward -2.98191 Time 1.92073
[DDPG] Starting Next Episode
[DDPG] Critic Loss 3.6473004817962646
[DDPG] Total Reward -4.78170 Avg Critic Loss 3.64730 Time 9.85398
[DDPG] Resetting Environment
[DDPG] Starting Episode 14
[DDPG] Episode 14 Step 0 Reward -1.91935 Time 1.76715
[DDPG] Quadruped Not Upright
[DDPG] Episode 14 Step 1 Reward -2.11698 Time 1.48222
[DDPG] Starting Next Episode
[DDPG] Critic Loss 3.0240046977996826
[DDPG] Total Reward -4.03633 Avg Critic Loss 3.02400 Time 8.69020
[DDPG] Resetting Environment
[DDPG] Starting Episode 15
[DDPG] Episode 15 Step 0 Reward -1.19120 Time 2.36625
[DDPG] Episode 15 Step 1 Reward -1.07873 Time 1.81513
[DDPG] Episode 15 Step 2 Reward -1.58956 Time 1.86603
[DDPG] Quadruped Not Upright
[DDPG] Episode 15 Step 3 Reward -3.01763 Time 1.65407
[DDPG] Starting Next Episode
[DDPG] Critic Loss 2.5654947757720947
[DDPG] Total Reward -6.87712 Avg Critic Loss 2.56549 Time 11.37226
[DDPG] Resetting Environment
[DDPG] Starting Episode 16
[DDPG] Episode 16 Step 0 Reward -2.17041 Time 1.77336
[DDPG] Quadruped Not Upright
[DDPG] Episode 16 Step 1 Reward -2.75016 Time 2.07383
[DDPG] Starting Next Episode
[DDPG] Critic Loss 2.799835681915283
[DDPG] Total Reward -4.92057 Avg Critic Loss 2.79984 Time 10.88122
[DDPG] Resetting Environment
[DDPG] Starting Episode 17
[DDPG] Episode 17 Step 0 Reward -0.18283 Time 1.93991
[DDPG] Episode 17 Step 1 Reward -0.15671 Time 1.99906
[DDPG] Episode 17 Step 2 Reward -1.47805 Time 2.03130
[DDPG] Quadruped Not Upright
[DDPG] Episode 17 Step 3 Reward -2.27763 Time 1.95204
[DDPG] Starting Next Episode
[DDPG] Critic Loss 2.850640058517456
[DDPG] Total Reward -4.09522 Avg Critic Loss 2.85064 Time 12.70962
[DDPG] Resetting Environment
[DDPG] Starting Episode 18
[DDPG] Episode 18 Step 0 Reward -2.07972 Time 2.30635
[DDPG] Episode 18 Step 1 Reward -1.19852 Time 2.00321
[DDPG] Episode 18 Step 2 Reward -1.33950 Time 1.80104
[DDPG] Episode 18 Step 3 Reward -1.75358 Time 2.30829
[DDPG] Floating Point Error in reward computation
[DDPG] Critic Loss 2.5364065170288086
[DDPG] Total Reward -6.37131 Avg Critic Loss 2.53641 Time 12.45068
[DDPG] Resetting Environment
[DDPG] Starting Episode 19
[DDPG] Episode 19 Step 0 Reward -0.10516 Time 1.77493
[DDPG] Episode 19 Step 1 Reward -0.02185 Time 2.31277
[DDPG] Episode 19 Step 2 Reward -1.98915 Time 1.98795
[DDPG] Episode 19 Step 3 Reward -1.58358 Time 2.11332
[DDPG] Quadruped Not Upright
[DDPG] Episode 19 Step 4 Reward -2.42898 Time 1.95548
[DDPG] Starting Next Episode
[DDPG] Critic Loss 2.6422712802886963
[DDPG] Total Reward -6.12872 Avg Critic Loss 2.64227 Time 13.10530
[DDPG] Resetting Environment
[DDPG] Starting Episode 20
[DDPG] Episode 20 Step 0 Reward -1.39257 Time 1.64472
[DDPG] Episode 20 Step 1 Reward -1.35225 Time 1.91196
[DDPG] Quadruped Not Upright
[DDPG] Episode 20 Step 2 Reward -2.65831 Time 1.90579
[DDPG] Starting Next Episode
[DDPG] Critic Loss 2.7960267066955566
[DDPG] Total Reward -5.40313 Avg Critic Loss 2.79603 Time 11.61253
[DDPG] Resetting Environment
[DDPG] Starting Episode 21
[DDPG] Episode 21 Step 0 Reward -1.54914 Time 2.20371
[DDPG] Episode 21 Step 1 Reward -1.81000 Time 1.85835
[DDPG] Quadruped Not Upright
[DDPG] Episode 21 Step 2 Reward -2.85324 Time 1.53247
[DDPG] Starting Next Episode
[DDPG] Critic Loss 2.624607563018799
[DDPG] Total Reward -6.21237 Avg Critic Loss 2.62461 Time 13.26898
[DDPG] Resetting Environment
[DDPG] Starting Episode 22
[DDPG] Quadruped Not Upright
[DDPG] Episode 22 Step 0 Reward -3.19933 Time 1.71584
[DDPG] Starting Next Episode
[DDPG] Critic Loss 2.6435773372650146
[DDPG] Total Reward -3.19933 Avg Critic Loss 2.64358 Time 12.68219
[DDPG] Resetting Environment
[DDPG] Starting Episode 23
[DDPG] Episode 23 Step 0 Reward -1.86373 Time 1.67457
[DDPG] Quadruped Not Upright
[DDPG] Episode 23 Step 1 Reward -2.46042 Time 1.46750
[DDPG] Starting Next Episode
[DDPG] Critic Loss 2.60003662109375
[DDPG] Total Reward -4.32416 Avg Critic Loss 2.60004 Time 15.12638
[DDPG] Resetting Environment
[DDPG] Starting Episode 24
[DDPG] Episode 24 Step 0 Reward -0.04669 Time 1.69300
[DDPG] Episode 24 Step 1 Reward -1.43488 Time 2.81760
[DDPG] Quadruped Not Upright
[DDPG] Episode 24 Step 2 Reward -3.25275 Time 1.45236
[DDPG] Starting Next Episode
[DDPG] Critic Loss 2.3970863819122314
[DDPG] Total Reward -4.73433 Avg Critic Loss 2.39709 Time 12.91048
[DDPG] Resetting Environment
[DDPG] Starting Episode 25
[DDPG] Quadruped Not Upright
[DDPG] Episode 25 Step 0 Reward -2.98896 Time 2.46740
[DDPG] Starting Next Episode
[DDPG] Critic Loss 2.311927556991577
[DDPG] Total Reward -2.98896 Avg Critic Loss 2.31193 Time 15.44294
[DDPG] Saving Data
[DDPG] Saving PER priorities
[DDPG] Saving Model
[DDPG] Resetting Environment
[DDPG] Starting Episode 26
[DDPG] Episode 26 Step 0 Reward -1.77717 Time 2.46494
[DDPG] Quadruped Not Upright
[DDPG] Episode 26 Step 1 Reward -2.57971 Time 2.21308
[DDPG] Starting Next Episode
[DDPG] Critic Loss 2.523120403289795
[DDPG] Total Reward -4.35687 Avg Critic Loss 2.52312 Time 15.22774
[DDPG] Resetting Environment
[DDPG] Starting Episode 27
[DDPG] Quadruped Not Upright
[DDPG] Episode 27 Step 0 Reward -3.02287 Time 1.53608
[DDPG] Starting Next Episode
[DDPG] Critic Loss 2.657525062561035
[DDPG] Total Reward -3.02287 Avg Critic Loss 2.65753 Time 14.02034
[DDPG] Resetting Environment
[DDPG] Starting Episode 28
[DDPG] Episode 28 Step 0 Reward -1.91278 Time 2.15360
[DDPG] Episode 28 Step 1 Reward -1.39467 Time 1.91324
[DDPG] Floating Point Error in reward computation
[DDPG] Critic Loss 2.518514394760132
[DDPG] Total Reward -3.30746 Avg Critic Loss 2.51851 Time 13.86878
[DDPG] Resetting Environment
[DDPG] Starting Episode 29
[DDPG] Episode 29 Step 0 Reward -1.65745 Time 2.29380
[DDPG] Episode 29 Step 1 Reward -1.82799 Time 1.67360
[DDPG] Quadruped Not Upright
[DDPG] Episode 29 Step 2 Reward -2.40104 Time 1.74254
[DDPG] Starting Next Episode
[DDPG] Critic Loss 2.5684871673583984
[DDPG] Total Reward -5.88648 Avg Critic Loss 2.56849 Time 15.09860
[DDPG] Resetting Environment
[DDPG] Starting Episode 30
[DDPG] Episode 30 Step 0 Reward -1.36203 Time 2.46769
[DDPG] Episode 30 Step 1 Reward -0.09343 Time 1.36530
[DDPG] Episode 30 Step 2 Reward -1.53585 Time 2.07040
[DDPG] Floating Point Error in reward computation
[DDPG] Critic Loss 2.5869436264038086
[DDPG] Total Reward -2.99131 Avg Critic Loss 2.58694 Time 15.47507
[DDPG] Resetting Environment
[DDPG] Starting Episode 31
[DDPG] Quadruped Not Upright
[DDPG] Episode 31 Step 0 Reward -3.01346 Time 1.35105
[DDPG] Starting Next Episode
[DDPG] Critic Loss 2.5878260135650635
[DDPG] Total Reward -3.01346 Avg Critic Loss 2.58783 Time 14.83572
[DDPG] Resetting Environment
[DDPG] Starting Episode 32
[DDPG] Quadruped Not Upright
[DDPG] Episode 32 Step 0 Reward -3.22282 Time 2.20414
[DDPG] Starting Next Episode
[DDPG] Critic Loss 2.6732892990112305
[DDPG] Total Reward -3.22282 Avg Critic Loss 2.67329 Time 15.90168
[DDPG] Resetting Environment
[DDPG] Starting Episode 33
[DDPG] Episode 33 Step 0 Reward -1.18421 Time 2.09529
[DDPG] Episode 33 Step 1 Reward -0.24892 Time 2.13161
[DDPG] Episode 33 Step 2 Reward -1.52108 Time 1.86702
[DDPG] Floating Point Error in reward computation
[DDPG] Critic Loss 2.498265266418457
[DDPG] Total Reward -2.95421 Avg Critic Loss 2.49827 Time 16.61072
[DDPG] Resetting Environment
[DDPG] Starting Episode 34
[DDPG] Quadruped Not Upright
[DDPG] Episode 34 Step 0 Reward -2.37114 Time 1.86643
[DDPG] Starting Next Episode
[DDPG] Critic Loss 2.5391061305999756
[DDPG] Total Reward -2.37114 Avg Critic Loss 2.53911 Time 16.55764
[DDPG] Resetting Environment
[DDPG] Starting Episode 35
[DDPG] Episode 35 Step 0 Reward -1.73820 Time 1.87879
[DDPG] Episode 35 Step 1 Reward -1.20193 Time 1.80619
[DDPG] Quadruped Not Upright
[DDPG] Episode 35 Step 2 Reward -2.51610 Time 2.01463
[DDPG] Starting Next Episode
[DDPG] Critic Loss 2.730191946029663
[DDPG] Total Reward -5.45623 Avg Critic Loss 2.73019 Time 15.09010
[DDPG] Resetting Environment
[DDPG] Starting Episode 36
[DDPG] Episode 36 Step 0 Reward -0.21445 Time 1.72009
[DDPG] Episode 36 Step 1 Reward -0.12794 Time 1.81313
[DDPG] Quadruped Not Upright
[DDPG] Episode 36 Step 2 Reward -2.66490 Time 1.66843
[DDPG] Starting Next Episode
[DDPG] Critic Loss 2.653921127319336
[DDPG] Total Reward -3.00729 Avg Critic Loss 2.65392 Time 17.78297
[DDPG] Resetting Environment
[DDPG] Starting Episode 37
[DDPG] Episode 37 Step 0 Reward -2.01243 Time 2.10933
[DDPG] Quadruped Not Upright
[DDPG] Episode 37 Step 1 Reward -2.30823 Time 1.94809
[DDPG] Starting Next Episode
[DDPG] Critic Loss 2.708714723587036
[DDPG] Total Reward -4.32066 Avg Critic Loss 2.70871 Time 16.44390
[DDPG] Resetting Environment
[DDPG] Starting Episode 38
[DDPG] Quadruped Not Upright
[DDPG] Episode 38 Step 0 Reward -2.86477 Time 1.94016
[DDPG] Starting Next Episode
[DDPG] Critic Loss 2.6449673175811768
[DDPG] Total Reward -2.86477 Avg Critic Loss 2.64497 Time 17.63429
[DDPG] Resetting Environment
[DDPG] Starting Episode 39
[DDPG] Episode 39 Step 0 Reward -1.42266 Time 2.04101
[DDPG] Episode 39 Step 1 Reward -0.17556 Time 2.20342
[DDPG] Episode 39 Step 2 Reward -1.28804 Time 1.72447
[DDPG] Quadruped Not Upright
[DDPG] Episode 39 Step 3 Reward -2.20681 Time 2.19067
[DDPG] Starting Next Episode
[DDPG] Critic Loss 2.5592782497406006
[DDPG] Total Reward -5.09307 Avg Critic Loss 2.55928 Time 19.51387
[DDPG] Resetting Environment
[DDPG] Starting Episode 40
[DDPG] Episode 40 Step 0 Reward -1.92324 Time 2.72440
[DDPG] Episode 40 Step 1 Reward -1.43288 Time 2.19005
[DDPG] Quadruped Not Upright
[DDPG] Episode 40 Step 2 Reward -2.26106 Time 1.69857
[DDPG] Starting Next Episode
[DDPG] Critic Loss 2.813612461090088
[DDPG] Total Reward -5.61718 Avg Critic Loss 2.81361 Time 18.91411
[DDPG] Resetting Environment
[DDPG] Starting Episode 41
[DDPG] Episode 41 Step 0 Reward -1.82718 Time 1.78272
[DDPG] Episode 41 Step 1 Reward -1.73379 Time 2.16707
[DDPG] Quadruped Not Upright
[DDPG] Episode 41 Step 2 Reward -2.26925 Time 1.69523
[DDPG] Starting Next Episode
[DDPG] Critic Loss 2.6126387119293213
[DDPG] Total Reward -5.83022 Avg Critic Loss 2.61264 Time 19.45401
[DDPG] Resetting Environment
[DDPG] Starting Episode 42
[DDPG] Episode 42 Step 0 Reward -0.17128 Time 1.66979
[DDPG] Episode 42 Step 1 Reward -1.64058 Time 1.75397
[DDPG] Episode 42 Step 2 Reward -1.46952 Time 1.67741
[DDPG] Quadruped Not Upright
[DDPG] Episode 42 Step 3 Reward -2.88415 Time 1.62175
[DDPG] Starting Next Episode
[DDPG] Critic Loss 2.6508052349090576
[DDPG] Total Reward -6.16554 Avg Critic Loss 2.65081 Time 19.12105
[DDPG] Resetting Environment
[DDPG] Starting Episode 43
[DDPG] Episode 43 Step 0 Reward -0.57069 Time 2.28084
[DDPG] Episode 43 Step 1 Reward -1.50389 Time 1.83153
[DDPG] Episode 43 Step 2 Reward -1.11327 Time 2.11469
[DDPG] Episode 43 Step 3 Reward -0.69354 Time 2.40903
[DDPG] Episode 43 Step 4 Reward -1.52447 Time 2.18578
[DDPG] Episode 43 Step 5 Reward -0.77869 Time 1.95661
[DDPG] Episode 43 Step 6 Reward -1.10239 Time 2.25576
[DDPG] Episode 43 Step 7 Reward -1.09715 Time 2.11770
[DDPG] Episode 43 Step 8 Reward -1.54829 Time 1.95934
[DDPG] Episode 43 Step 9 Reward -1.77651 Time 2.11102
[DDPG] Quadruped Not Upright
[DDPG] Episode 43 Step 10 Reward -2.22476 Time 1.86201
[DDPG] Starting Next Episode
[DDPG] Critic Loss 2.531461715698242
[DDPG] Total Reward -13.93366 Avg Critic Loss 2.53146 Time 22.78847
[DDPG] Resetting Environment
[DDPG] Starting Episode 44
[DDPG] Quadruped Not Upright
[DDPG] Episode 44 Step 0 Reward -2.60617 Time 1.78288
[DDPG] Starting Next Episode
[DDPG] Critic Loss 2.585496187210083
[DDPG] Total Reward -2.60617 Avg Critic Loss 2.58550 Time 22.78580
[DDPG] Resetting Environment
[DDPG] Starting Episode 45
[DDPG] Quadruped Not Upright
[DDPG] Episode 45 Step 0 Reward -2.75129 Time 1.64105
[DDPG] Starting Next Episode
[DDPG] Critic Loss 2.45936918258667
[DDPG] Total Reward -2.75129 Avg Critic Loss 2.45937 Time 21.90780
[DDPG] Resetting Environment
[DDPG] Starting Episode 46
[DDPG] Episode 46 Step 0 Reward -1.35328 Time 1.89026
[DDPG] Episode 46 Step 1 Reward -1.48086 Time 2.42863
[DDPG] Episode 46 Step 2 Reward -1.29446 Time 1.89645
[DDPG] Episode 46 Step 3 Reward -0.58927 Time 1.77409
[DDPG] Episode 46 Step 4 Reward -0.18950 Time 2.10463
[DDPG] Episode 46 Step 5 Reward -1.58834 Time 2.26655
[DDPG] Episode 46 Step 6 Reward -1.51524 Time 1.94585
[DDPG] Episode 46 Step 7 Reward -1.78148 Time 1.87148
[DDPG] Quadruped Not Upright
[DDPG] Episode 46 Step 8 Reward -1.62736 Time 1.85061
[DDPG] Starting Next Episode
[DDPG] Critic Loss 2.430241823196411
[DDPG] Total Reward -11.41978 Avg Critic Loss 2.43024 Time 23.94153
[DDPG] Resetting Environment
[DDPG] Starting Episode 47
[DDPG] Episode 47 Step 0 Reward -0.17830 Time 2.05692
[DDPG] Episode 47 Step 1 Reward -1.41793 Time 2.20468
[DDPG] Episode 47 Step 2 Reward -1.63796 Time 1.69526
[DDPG] Episode 47 Step 3 Reward -2.05096 Time 1.90332
[DDPG] Episode 47 Step 4 Reward -1.00859 Time 2.36290
[DDPG] Episode 47 Step 5 Reward -0.22119 Time 2.88727
[DDPG] Episode 47 Step 6 Reward -1.81032 Time 2.20809
[DDPG] Quadruped Not Upright
[DDPG] Episode 47 Step 7 Reward -2.20313 Time 1.60051
[DDPG] Starting Next Episode
[DDPG] Critic Loss 2.399151563644409
[DDPG] Total Reward -10.52840 Avg Critic Loss 2.39915 Time 26.09480
[DDPG] Resetting Environment
[DDPG] Starting Episode 48
[DDPG] Episode 48 Step 0 Reward -1.74360 Time 2.64997
[DDPG] Episode 48 Step 1 Reward -1.24451 Time 1.90974
[DDPG] Episode 48 Step 2 Reward -1.44754 Time 2.23814
[DDPG] Episode 48 Step 3 Reward -1.29184 Time 2.39906
[DDPG] Quadruped Not Upright
[DDPG] Episode 48 Step 4 Reward -2.12140 Time 2.19526
[DDPG] Starting Next Episode
[DDPG] Critic Loss 2.530681610107422
[DDPG] Total Reward -7.84888 Avg Critic Loss 2.53068 Time 26.10187
[DDPG] Resetting Environment
[DDPG] Starting Episode 49
[DDPG] Episode 49 Step 0 Reward -1.12624 Time 1.86942
[DDPG] Episode 49 Step 1 Reward -1.13779 Time 2.44726
[DDPG] Episode 49 Step 2 Reward -1.24045 Time 2.20616
[DDPG] Episode 49 Step 3 Reward -1.27402 Time 1.56471
[DDPG] Floating Point Error in reward computation
[DDPG] Critic Loss 2.3841750621795654
[DDPG] Total Reward -4.77850 Avg Critic Loss 2.38418 Time 28.22856
[DDPG] Resetting Environment
[DDPG] Starting Episode 50
[DDPG] Episode 50 Step 0 Reward -1.64908 Time 2.00759
[DDPG] Episode 50 Step 1 Reward -1.16342 Time 1.99484
[DDPG] Quadruped Not Upright
[DDPG] Episode 50 Step 2 Reward -2.18194 Time 1.44725
[DDPG] Starting Next Episode
[DDPG] Critic Loss 2.570239305496216
[DDPG] Total Reward -4.99444 Avg Critic Loss 2.57024 Time 29.27991
[DDPG] Saving Data
[DDPG] Saving PER priorities
[DDPG] Saving Model
[DDPG] Resetting Environment
[DDPG] Starting Episode 51
[DDPG] Episode 51 Step 0 Reward -2.39472 Time 1.88878
[DDPG] Episode 51 Step 1 Reward -0.58445 Time 1.87959
[DDPG] Episode 51 Step 2 Reward -0.23367 Time 1.66493
[DDPG] Episode 51 Step 3 Reward -1.40616 Time 2.16669
[DDPG] Episode 51 Step 4 Reward -1.85838 Time 2.22728
[DDPG] Quadruped Not Upright
[DDPG] Episode 51 Step 5 Reward -2.70437 Time 1.97760
[DDPG] Starting Next Episode
[DDPG] Critic Loss 2.462113618850708
[DDPG] Total Reward -9.18174 Avg Critic Loss 2.46211 Time 26.54375
[DDPG] Resetting Environment
[DDPG] Starting Episode 52
[DDPG] Episode 52 Step 0 Reward -1.48674 Time 1.93124
[DDPG] Episode 52 Step 1 Reward -1.10139 Time 2.33340
[DDPG] Episode 52 Step 2 Reward -2.17429 Time 1.69764
[DDPG] Episode 52 Step 3 Reward -1.42781 Time 1.74533
[DDPG] Quadruped Not Upright
[DDPG] Episode 52 Step 4 Reward -2.79299 Time 2.22187
[DDPG] Starting Next Episode
[DDPG] Critic Loss 2.458808422088623
[DDPG] Total Reward -8.98323 Avg Critic Loss 2.45881 Time 27.30641
[DDPG] Resetting Environment
[DDPG] Starting Episode 53
[DDPG] Episode 53 Step 0 Reward -1.36742 Time 1.73553
[DDPG] Quadruped Not Upright
[DDPG] Episode 53 Step 1 Reward -2.24132 Time 2.18603
[DDPG] Starting Next Episode
[DDPG] Critic Loss 2.304865598678589
[DDPG] Total Reward -3.60874 Avg Critic Loss 2.30487 Time 27.41460
[DDPG] Resetting Environment
[DDPG] Starting Episode 54
[DDPG] Quadruped Not Upright
[DDPG] Episode 54 Step 0 Reward -2.31699 Time 2.19734
[DDPG] Starting Next Episode
[DDPG] Critic Loss 2.3799827098846436
[DDPG] Total Reward -2.31699 Avg Critic Loss 2.37998 Time 29.33660
[DDPG] Resetting Environment
[DDPG] Starting Episode 55
[DDPG] Floating Point Error in reward computation
[DDPG] Critic Loss 2.45698881149292
[DDPG] Total Reward 0.00000 Avg Critic Loss 2.45699 Time 30.13054
[DDPG] Resetting Environment
[DDPG] Starting Episode 56
[DDPG] Episode 56 Step 0 Reward -1.19985 Time 1.94436
[DDPG] Episode 56 Step 1 Reward -1.18895 Time 2.15331
[DDPG] Episode 56 Step 2 Reward -1.25976 Time 2.34422
[DDPG] Floating Point Error in reward computation
[DDPG] Critic Loss 2.3173484802246094
[DDPG] Total Reward -3.64856 Avg Critic Loss 2.31735 Time 26.56773
[DDPG] Resetting Environment
[DDPG] Starting Episode 57
[DDPG] Episode 57 Step 0 Reward -1.33367 Time 2.17900
[DDPG] Episode 57 Step 1 Reward -1.34538 Time 2.39440
[DDPG] Episode 57 Step 2 Reward -1.01376 Time 2.07884
[DDPG] Episode 57 Step 3 Reward -1.19932 Time 1.75931
[DDPG] Episode 57 Step 4 Reward -1.11407 Time 2.18924
[DDPG] Episode 57 Step 5 Reward -0.13265 Time 2.25743
[DDPG] Episode 57 Step 6 Reward -1.38277 Time 2.10268
[DDPG] Episode 57 Step 7 Reward -1.29790 Time 2.59388
[DDPG] Quadruped Not Upright
[DDPG] Episode 57 Step 8 Reward -2.32144 Time 2.22187
[DDPG] Starting Next Episode
[DDPG] Critic Loss 2.2631614208221436
[DDPG] Total Reward -11.14096 Avg Critic Loss 2.26316 Time 30.80198
[DDPG] Resetting Environment
[DDPG] Starting Episode 58
[DDPG] Episode 58 Step 0 Reward -1.57223 Time 2.26395
[DDPG] Episode 58 Step 1 Reward -1.39317 Time 2.05311
[DDPG] Quadruped Not Upright
[DDPG] Episode 58 Step 2 Reward -2.48889 Time 1.93186
[DDPG] Starting Next Episode
[DDPG] Critic Loss 2.361114263534546
[DDPG] Total Reward -5.45429 Avg Critic Loss 2.36111 Time 33.88260
[DDPG] Resetting Environment
[DDPG] Starting Episode 59
[DDPG] Episode 59 Step 0 Reward -1.35679 Time 1.84512
[DDPG] Episode 59 Step 1 Reward -0.94725 Time 2.04097
[DDPG] Episode 59 Step 2 Reward -1.28648 Time 2.29398
[DDPG] Episode 59 Step 3 Reward -1.17196 Time 1.97550
[DDPG] Episode 59 Step 4 Reward -2.44194 Time 2.45848
[DDPG] Episode 59 Step 5 Reward -1.15389 Time 1.75767
[DDPG] Quadruped Not Upright
[DDPG] Episode 59 Step 6 Reward -1.85943 Time 1.53175
[DDPG] Starting Next Episode
[DDPG] Critic Loss 2.330355405807495
[DDPG] Total Reward -10.21774 Avg Critic Loss 2.33036 Time 28.24374
[DDPG] Resetting Environment
[DDPG] Starting Episode 60
[DDPG] Episode 60 Step 0 Reward -1.89370 Time 1.69529
[DDPG] Quadruped Not Upright
[DDPG] Episode 60 Step 1 Reward -2.26951 Time 1.73327
[DDPG] Starting Next Episode
[DDPG] Critic Loss 2.2043561935424805
[DDPG] Total Reward -4.16321 Avg Critic Loss 2.20436 Time 30.90177
[DDPG] Resetting Environment
[DDPG] Starting Episode 61
[DDPG] Episode 61 Step 0 Reward -1.54883 Time 2.17823
[DDPG] Episode 61 Step 1 Reward -1.33314 Time 2.37652
[DDPG] Quadruped Not Upright
[DDPG] Episode 61 Step 2 Reward -2.75633 Time 2.14717
[DDPG] Starting Next Episode
[DDPG] Critic Loss 2.272017002105713
[DDPG] Total Reward -5.63829 Avg Critic Loss 2.27202 Time 33.89098
[DDPG] Resetting Environment
[DDPG] Starting Episode 62
[DDPG] Episode 62 Step 0 Reward -1.47935 Time 1.60603
[DDPG] Episode 62 Step 1 Reward -1.07245 Time 2.35286
[DDPG] Episode 62 Step 2 Reward -1.49150 Time 2.25370
[DDPG] Episode 62 Step 3 Reward -1.24501 Time 1.92318
[DDPG] Episode 62 Step 4 Reward -1.03607 Time 2.48668
[DDPG] Episode 62 Step 5 Reward -0.42410 Time 2.07560
[DDPG] Episode 62 Step 6 Reward -0.12158 Time 1.67359
[DDPG] Quadruped Not Upright
[DDPG] Episode 62 Step 7 Reward -2.52410 Time 1.47296
[DDPG] Starting Next Episode
[DDPG] Critic Loss 2.2883188724517822
[DDPG] Total Reward -9.39417 Avg Critic Loss 2.28832 Time 30.95961
[DDPG] Resetting Environment
[DDPG] Starting Episode 63
[DDPG] Episode 63 Step 0 Reward -1.66788 Time 2.16191
[DDPG] Episode 63 Step 1 Reward -0.54869 Time 2.62470
[DDPG] Quadruped Not Upright
[DDPG] Episode 63 Step 2 Reward -3.31192 Time 1.95432
[DDPG] Starting Next Episode
[DDPG] Critic Loss 2.280461549758911
[DDPG] Total Reward -5.52849 Avg Critic Loss 2.28046 Time 30.96143
[DDPG] Resetting Environment
[DDPG] Starting Episode 64
[DDPG] Episode 64 Step 0 Reward -1.57864 Time 2.32825
[DDPG] Episode 64 Step 1 Reward -1.50615 Time 2.02626
[DDPG] Episode 64 Step 2 Reward -1.75228 Time 2.12481
[DDPG] Episode 64 Step 3 Reward -0.55670 Time 1.75313
[DDPG] Episode 64 Step 4 Reward -0.56251 Time 1.87933
[DDPG] Episode 64 Step 5 Reward -1.14281 Time 1.52606
[DDPG] Episode 64 Step 6 Reward -1.57892 Time 2.15422
[DDPG] Episode 64 Step 7 Reward -1.98971 Time 2.21364
[DDPG] Quadruped Not Upright
[DDPG] Episode 64 Step 8 Reward -2.48127 Time 1.71637
[DDPG] Starting Next Episode
[DDPG] Critic Loss 1.968306541442871
[DDPG] Total Reward -13.14898 Avg Critic Loss 1.96831 Time 33.34034
[DDPG] Resetting Environment
[DDPG] Starting Episode 65
[DDPG] Episode 65 Step 0 Reward -1.51664 Time 1.57677
[DDPG] Episode 65 Step 1 Reward -1.18480 Time 1.93401
[DDPG] Episode 65 Step 2 Reward -1.15353 Time 1.81094
[DDPG] Episode 65 Step 3 Reward -1.21034 Time 1.51964
[DDPG] Episode 65 Step 4 Reward -0.83046 Time 1.94840
[DDPG] Episode 65 Step 5 Reward -1.58223 Time 1.78623
[DDPG] Episode 65 Step 6 Reward -0.55885 Time 2.11450
[DDPG] Floating Point Error in reward computation
[DDPG] Critic Loss 2.192930221557617
[DDPG] Total Reward -8.03687 Avg Critic Loss 2.19293 Time 30.57201
[DDPG] Resetting Environment
[DDPG] Starting Episode 66
[DDPG] Episode 66 Step 0 Reward -0.32306 Time 2.31116
[DDPG] Episode 66 Step 1 Reward -0.50349 Time 2.17915
[DDPG] Episode 66 Step 2 Reward -2.19937 Time 1.95707
[DDPG] Quadruped Not Upright
[DDPG] Episode 66 Step 3 Reward -2.27018 Time 1.69596
[DDPG] Starting Next Episode
[DDPG] Critic Loss 2.1734507083892822
[DDPG] Total Reward -5.29610 Avg Critic Loss 2.17345 Time 31.11451
[DDPG] Resetting Environment
[DDPG] Starting Episode 67
[DDPG] Episode 67 Step 0 Reward -2.10324 Time 2.63457
[DDPG] Quadruped Not Upright
[DDPG] Episode 67 Step 1 Reward -2.56961 Time 1.96418
[DDPG] Starting Next Episode
[DDPG] Critic Loss 2.1727454662323
[DDPG] Total Reward -4.67285 Avg Critic Loss 2.17275 Time 32.26170
[DDPG] Resetting Environment
[DDPG] Starting Episode 68
[DDPG] Episode 68 Step 0 Reward -1.44224 Time 2.39399
[DDPG] Episode 68 Step 1 Reward -1.48934 Time 2.07366
[DDPG] Episode 68 Step 2 Reward -1.29945 Time 2.38513
[DDPG] Episode 68 Step 3 Reward -0.60349 Time 1.81675
[DDPG] Episode 68 Step 4 Reward -0.93483 Time 1.86502
[DDPG] Episode 68 Step 5 Reward -1.38665 Time 1.68127
[DDPG] Floating Point Error in reward computation
[DDPG] Critic Loss 1.9658300876617432
[DDPG] Total Reward -7.15600 Avg Critic Loss 1.96583 Time 31.92587
[DDPG] Resetting Environment
[DDPG] Starting Episode 69
[DDPG] Episode 69 Step 0 Reward -1.48028 Time 2.09730
[DDPG] Episode 69 Step 1 Reward -1.38686 Time 1.97332
[DDPG] Episode 69 Step 2 Reward -0.16776 Time 2.51875
[DDPG] Episode 69 Step 3 Reward -1.25198 Time 2.57279
[DDPG] Episode 69 Step 4 Reward -1.34663 Time 1.75825
[DDPG] Episode 69 Step 5 Reward -1.30079 Time 2.33408
[DDPG] Episode 69 Step 6 Reward -1.19048 Time 2.00926
[DDPG] Episode 69 Step 7 Reward -1.25412 Time 2.49219
[DDPG] Episode 69 Step 8 Reward -1.40605 Time 2.43615
[DDPG] Episode 69 Step 9 Reward -1.78620 Time 2.42733
[DDPG] Floating Point Error in reward computation
[DDPG] Critic Loss 2.197699546813965
[DDPG] Total Reward -12.57115 Avg Critic Loss 2.19770 Time 32.43479
[DDPG] Resetting Environment
[DDPG] Starting Episode 70
[DDPG] Episode 70 Step 0 Reward -0.49713 Time 1.88019
[DDPG] Episode 70 Step 1 Reward -0.41635 Time 1.92891
[DDPG] Episode 70 Step 2 Reward -2.13745 Time 2.38569
[DDPG] Quadruped Not Upright
[DDPG] Episode 70 Step 3 Reward -2.35357 Time 1.88882
[DDPG] Starting Next Episode
[DDPG] Critic Loss 2.0173697471618652
[DDPG] Total Reward -5.40450 Avg Critic Loss 2.01737 Time 33.31457
[DDPG] Resetting Environment
[DDPG] Starting Episode 71
[DDPG] Episode 71 Step 0 Reward -1.53098 Time 1.96169
[DDPG] Episode 71 Step 1 Reward -1.22258 Time 2.24883
[DDPG] Episode 71 Step 2 Reward -1.91038 Time 1.97002
[DDPG] Quadruped Not Upright
[DDPG] Episode 71 Step 3 Reward -1.56591 Time 1.72022
[DDPG] Starting Next Episode
[DDPG] Critic Loss 2.287612199783325
[DDPG] Total Reward -6.22986 Avg Critic Loss 2.28761 Time 33.23541
[DDPG] Resetting Environment
[DDPG] Starting Episode 72
[DDPG] Episode 72 Step 0 Reward -1.41234 Time 2.02986
[DDPG] Episode 72 Step 1 Reward -1.33464 Time 2.39551
[DDPG] Quadruped Not Upright
[DDPG] Episode 72 Step 2 Reward -2.40647 Time 1.83980
[DDPG] Starting Next Episode
[DDPG] Critic Loss 2.032022714614868
[DDPG] Total Reward -5.15345 Avg Critic Loss 2.03202 Time 33.59491
[DDPG] Resetting Environment
[DDPG] Starting Episode 73
[DDPG] Episode 73 Step 0 Reward -1.16880 Time 2.39571
[DDPG] Episode 73 Step 1 Reward -0.01092 Time 2.41486
[DDPG] Episode 73 Step 2 Reward -1.63809 Time 2.68112
[DDPG] Episode 73 Step 3 Reward -1.36983 Time 1.98450
[DDPG] Episode 73 Step 4 Reward -1.56656 Time 2.00541
[DDPG] Quadruped Not Upright
[DDPG] Episode 73 Step 5 Reward -2.19821 Time 1.64039
[DDPG] Starting Next Episode
[DDPG] Critic Loss 2.0546557903289795
[DDPG] Total Reward -7.95242 Avg Critic Loss 2.05466 Time 33.72590
[DDPG] Resetting Environment
[DDPG] Starting Episode 74
[DDPG] Episode 74 Step 0 Reward -0.45817 Time 2.73266
[DDPG] Episode 74 Step 1 Reward -1.26046 Time 2.06540
[DDPG] Episode 74 Step 2 Reward -1.33968 Time 1.99235
[DDPG] Episode 74 Step 3 Reward -1.35260 Time 2.37666
[DDPG] Episode 74 Step 4 Reward -1.29024 Time 2.05586
[DDPG] Episode 74 Step 5 Reward -1.44520 Time 1.90057
[DDPG] Quadruped Not Upright
[DDPG] Episode 74 Step 6 Reward -2.16461 Time 2.19360
[DDPG] Starting Next Episode
[DDPG] Critic Loss 1.9863895177841187
[DDPG] Total Reward -9.31096 Avg Critic Loss 1.98639 Time 30.89855
[DDPG] Resetting Environment
[DDPG] Starting Episode 75
[DDPG] Episode 75 Step 0 Reward -2.69360 Time 2.15869
[DDPG] Floating Point Error in reward computation
[DDPG] Critic Loss 2.1426098346710205
[DDPG] Total Reward -2.69360 Avg Critic Loss 2.14261 Time 28.49250
[DDPG] Saving Data
[DDPG] Saving PER priorities
[DDPG] Saving Model
[DDPG] Resetting Environment
[DDPG] Starting Episode 76
[DDPG] Episode 76 Step 0 Reward -1.03393 Time 2.00687
[DDPG] Episode 76 Step 1 Reward -1.26973 Time 2.02567
[DDPG] Episode 76 Step 2 Reward -1.22029 Time 2.47599
[DDPG] Episode 76 Step 3 Reward -1.20205 Time 1.87635
[DDPG] Episode 76 Step 4 Reward -1.10760 Time 2.23375
[DDPG] Episode 76 Step 5 Reward -1.44269 Time 2.27848
[DDPG] Episode 76 Step 6 Reward -0.44785 Time 2.27954
[DDPG] Episode 76 Step 7 Reward -1.02993 Time 2.24928
[DDPG] Episode 76 Step 8 Reward -0.21322 Time 2.03489
[DDPG] Episode 76 Step 9 Reward -1.57601 Time 1.81698
[DDPG] Floating Point Error in reward computation
[DDPG] Critic Loss 1.974022626876831
[DDPG] Total Reward -10.54330 Avg Critic Loss 1.97402 Time 35.26032
[DDPG] Resetting Environment
[DDPG] Starting Episode 77
[DDPG] Episode 77 Step 0 Reward -1.60804 Time 2.16787
[DDPG] Quadruped Not Upright
[DDPG] Episode 77 Step 1 Reward -2.28023 Time 2.50965
[DDPG] Starting Next Episode
[DDPG] Critic Loss 1.83500337600708
[DDPG] Total Reward -3.88827 Avg Critic Loss 1.83500 Time 32.11099
[DDPG] Resetting Environment
[DDPG] Starting Episode 78
[DDPG] Episode 78 Step 0 Reward -1.28463 Time 2.24932
[DDPG] Episode 78 Step 1 Reward -1.14807 Time 2.04065
[DDPG] Quadruped Not Upright
[DDPG] Episode 78 Step 2 Reward -2.76657 Time 1.94108
[DDPG] Starting Next Episode
[DDPG] Critic Loss 2.0380401611328125
[DDPG] Total Reward -5.19927 Avg Critic Loss 2.03804 Time 31.10789
[DDPG] Resetting Environment
[DDPG] Starting Episode 79
[DDPG] Episode 79 Step 0 Reward -1.76768 Time 1.67842
[DDPG] Quadruped Not Upright
[DDPG] Episode 79 Step 1 Reward -2.08930 Time 1.94778
[DDPG] Starting Next Episode
[DDPG] Critic Loss 1.8784778118133545
[DDPG] Total Reward -3.85698 Avg Critic Loss 1.87848 Time 32.92026
[DDPG] Resetting Environment
[DDPG] Starting Episode 80
[DDPG] Episode 80 Step 0 Reward -1.87954 Time 2.26921
[DDPG] Episode 80 Step 1 Reward -1.86002 Time 2.47054
[DDPG] Floating Point Error in reward computation
[DDPG] Critic Loss 2.03608775138855
[DDPG] Total Reward -3.73956 Avg Critic Loss 2.03609 Time 35.61826
[DDPG] Resetting Environment
[DDPG] Starting Episode 81
[DDPG] Quadruped Not Upright
[DDPG] Episode 81 Step 0 Reward -2.49128 Time 1.62163
[DDPG] Starting Next Episode
[DDPG] Critic Loss 1.8295035362243652
[DDPG] Total Reward -2.49128 Avg Critic Loss 1.82950 Time 35.49403
[DDPG] Resetting Environment
[0m[ INFO] [1618678380.734097530, 677.295000000]: Didn't received robot state (joint angles) with recent timestamp within 1 seconds.
Check clock synchronization if your are running ROS across multiple machines![0m
[31m[ERROR] [1618678380.734185561, 677.295000000]: Failed to fetch current robot state[0m
[DDPG] Starting Episode 82
[DDPG] Quadruped Not Upright
[DDPG] Episode 82 Step 0 Reward -2.31562 Time 1.84588
[DDPG] Starting Next Episode
[DDPG] Critic Loss 1.9663376808166504
[DDPG] Total Reward -2.31562 Avg Critic Loss 1.96634 Time 30.84803
[DDPG] Resetting Environment
[DDPG] Starting Episode 83
[DDPG] Episode 83 Step 0 Reward -1.70605 Time 2.00173
[DDPG] Quadruped Not Upright
[DDPG] Episode 83 Step 1 Reward -2.39399 Time 1.83980
[DDPG] Starting Next Episode
[DDPG] Critic Loss 2.019054651260376
[DDPG] Total Reward -4.10004 Avg Critic Loss 2.01905 Time 35.53949
[DDPG] Resetting Environment
[DDPG] Starting Episode 84
[DDPG] Episode 84 Step 0 Reward -1.57746 Time 2.28786
[DDPG] Episode 84 Step 1 Reward -1.40235 Time 1.91321
[DDPG] Episode 84 Step 2 Reward -1.36728 Time 1.67702
[DDPG] Episode 84 Step 3 Reward -1.17682 Time 2.12291
[DDPG] Episode 84 Step 4 Reward -1.17308 Time 1.75452
[DDPG] Floating Point Error in reward computation
[DDPG] Critic Loss 1.8520362377166748
[DDPG] Total Reward -6.69699 Avg Critic Loss 1.85204 Time 34.47994
[DDPG] Resetting Environment
[DDPG] Starting Episode 85
[DDPG] Episode 85 Step 0 Reward -1.28827 Time 1.89504
[DDPG] Episode 85 Step 1 Reward -1.33074 Time 2.76062
[DDPG] Episode 85 Step 2 Reward -1.31110 Time 2.11044
[DDPG] Episode 85 Step 3 Reward -1.38161 Time 1.95495
[DDPG] Episode 85 Step 4 Reward -1.13736 Time 2.64491
[DDPG] Episode 85 Step 5 Reward -0.10862 Time 2.28619
[DDPG] Quadruped Not Upright
[DDPG] Episode 85 Step 6 Reward -2.80519 Time 2.39891
[DDPG] Starting Next Episode
[DDPG] Critic Loss 1.8799995183944702
[DDPG] Total Reward -9.36289 Avg Critic Loss 1.88000 Time 33.92202
[DDPG] Resetting Environment
[DDPG] Starting Episode 86
[DDPG] Episode 86 Step 0 Reward -0.37557 Time 2.30307
[DDPG] Floating Point Error in reward computation
[DDPG] Critic Loss 1.9066412448883057
[DDPG] Total Reward -0.37557 Avg Critic Loss 1.90664 Time 29.73658
[DDPG] Resetting Environment
[DDPG] Starting Episode 87
[DDPG] Episode 87 Step 0 Reward -0.08243 Time 2.48589
[DDPG] Episode 87 Step 1 Reward -0.03299 Time 2.18703
[DDPG] Episode 87 Step 2 Reward -2.13113 Time 1.95132
[DDPG] Quadruped Not Upright
[DDPG] Episode 87 Step 3 Reward -2.25352 Time 1.71812
[DDPG] Starting Next Episode
[DDPG] Critic Loss 1.8470771312713623
[DDPG] Total Reward -4.50007 Avg Critic Loss 1.84708 Time 32.44270
[DDPG] Resetting Environment
[DDPG] Starting Episode 88
[DDPG] Episode 88 Step 0 Reward -1.51763 Time 1.79945
[DDPG] Episode 88 Step 1 Reward -1.31674 Time 1.92583
[DDPG] Episode 88 Step 2 Reward -2.11869 Time 1.52510
[DDPG] Quadruped Not Upright
[DDPG] Episode 88 Step 3 Reward -2.68342 Time 2.01022
[DDPG] Starting Next Episode
[DDPG] Critic Loss 1.6845426559448242
[DDPG] Total Reward -7.63648 Avg Critic Loss 1.68454 Time 34.10916
[DDPG] Resetting Environment
[DDPG] Starting Episode 89
[DDPG] Episode 89 Step 0 Reward -1.19962 Time 1.71152
[DDPG] Episode 89 Step 1 Reward -1.30997 Time 1.88031
[DDPG] Quadruped Not Upright
[DDPG] Episode 89 Step 2 Reward -2.17688 Time 1.72841
[DDPG] Starting Next Episode
[DDPG] Critic Loss 1.9522541761398315
[DDPG] Total Reward -4.68647 Avg Critic Loss 1.95225 Time 30.75440
[DDPG] Resetting Environment
[0m[ INFO] [1618678886.976800205, 752.989000000]: Didn't received robot state (joint angles) with recent timestamp within 1 seconds.
Check clock synchronization if your are running ROS across multiple machines![0m
[31m[ERROR] [1618678886.976867723, 752.989000000]: Failed to fetch current robot state[0m
[DDPG] Starting Episode 90
[DDPG] Episode 90 Step 0 Reward -1.41628 Time 2.25400
[DDPG] Episode 90 Step 1 Reward -0.29152 Time 2.60361
[DDPG] Episode 90 Step 2 Reward -1.82321 Time 1.92982
[DDPG] Episode 90 Step 3 Reward -1.43949 Time 2.34182
[DDPG] Quadruped Not Upright
[DDPG] Episode 90 Step 4 Reward -2.23681 Time 1.84173
[DDPG] Starting Next Episode
[DDPG] Critic Loss 1.8533730506896973
[DDPG] Total Reward -7.20731 Avg Critic Loss 1.85337 Time 35.39569
[DDPG] Resetting Environment
[DDPG] Starting Episode 91
[DDPG] Episode 91 Step 0 Reward -1.59668 Time 1.99548
[DDPG] Episode 91 Step 1 Reward -1.26371 Time 2.27454
[DDPG] Quadruped Not Upright
[DDPG] Episode 91 Step 2 Reward -2.38580 Time 2.00597
[DDPG] Starting Next Episode
[DDPG] Critic Loss 1.930596113204956
[DDPG] Total Reward -5.24619 Avg Critic Loss 1.93060 Time 31.66483
[DDPG] Resetting Environment
[DDPG] Starting Episode 92
[DDPG] Episode 92 Step 0 Reward -0.22106 Time 2.70938
[DDPG] Episode 92 Step 1 Reward -1.27392 Time 2.26455
[DDPG] Episode 92 Step 2 Reward -1.22219 Time 2.36723
[DDPG] Episode 92 Step 3 Reward -1.12180 Time 2.15844
[DDPG] Episode 92 Step 4 Reward -1.37755 Time 2.15347
[DDPG] Episode 92 Step 5 Reward -1.73709 Time 2.29708
[DDPG] Episode 92 Step 6 Reward -1.32309 Time 1.95019
[DDPG] Episode 92 Step 7 Reward -1.15528 Time 1.94247
[DDPG] Episode 92 Step 8 Reward -0.35719 Time 1.96647
[DDPG] Floating Point Error in reward computation
[DDPG] Critic Loss 1.7731074094772339
[DDPG] Total Reward -9.78916 Avg Critic Loss 1.77311 Time 30.03303
[DDPG] Resetting Environment
[DDPG] Starting Episode 93
[DDPG] Quadruped Not Upright
[DDPG] Episode 93 Step 0 Reward -2.78309 Time 1.68303
[DDPG] Starting Next Episode
[DDPG] Critic Loss 1.911394476890564
[DDPG] Total Reward -2.78309 Avg Critic Loss 1.91139 Time 28.68147
[DDPG] Resetting Environment
[DDPG] Starting Episode 94
[DDPG] Quadruped Not Upright
[DDPG] Episode 94 Step 0 Reward -2.88748 Time 2.06407
[DDPG] Starting Next Episode
[DDPG] Critic Loss 1.892349123954773
[DDPG] Total Reward -2.88748 Avg Critic Loss 1.89235 Time 34.36731
[DDPG] Resetting Environment
[DDPG] Starting Episode 95
[DDPG] Episode 95 Step 0 Reward -1.30128 Time 2.25082
[DDPG] Episode 95 Step 1 Reward -1.28006 Time 1.35851
[DDPG] Episode 95 Step 2 Reward -0.96984 Time 1.88056
[DDPG] Episode 95 Step 3 Reward -0.20679 Time 2.31215
[DDPG] Episode 95 Step 4 Reward -1.51890 Time 2.00137
[DDPG] Episode 95 Step 5 Reward -1.73751 Time 1.52288
[DDPG] Episode 95 Step 6 Reward -1.57999 Time 1.96249
[DDPG] Quadruped Not Upright
[DDPG] Episode 95 Step 7 Reward -2.30512 Time 1.65455
[DDPG] Starting Next Episode
[DDPG] Critic Loss 1.8113802671432495
[DDPG] Total Reward -10.89948 Avg Critic Loss 1.81138 Time 30.70661
[DDPG] Resetting Environment
[DDPG] Starting Episode 96
[DDPG] Episode 96 Step 0 Reward -1.39203 Time 1.97373
[DDPG] Episode 96 Step 1 Reward -1.30846 Time 1.80665
[DDPG] Quadruped Not Upright
[DDPG] Episode 96 Step 2 Reward -2.46111 Time 1.62586
[DDPG] Starting Next Episode
[DDPG] Critic Loss 1.865867018699646
[DDPG] Total Reward -5.16160 Avg Critic Loss 1.86587 Time 30.35710
[DDPG] Resetting Environment
[DDPG] Starting Episode 97
[DDPG] Episode 97 Step 0 Reward -1.63323 Time 2.04186
[DDPG] Episode 97 Step 1 Reward -0.98310 Time 1.84773
[DDPG] Episode 97 Step 2 Reward -1.16932 Time 1.53697
[DDPG] Quadruped Not Upright
[DDPG] Episode 97 Step 3 Reward -2.39245 Time 1.57409
[DDPG] Starting Next Episode
[DDPG] Critic Loss 1.9881569147109985
[DDPG] Total Reward -6.17811 Avg Critic Loss 1.98816 Time 29.74618
[DDPG] Resetting Environment
[DDPG] Starting Episode 98
[DDPG] Episode 98 Step 0 Reward -1.23200 Time 1.81272
[DDPG] Episode 98 Step 1 Reward -1.25229 Time 2.53208
[DDPG] Episode 98 Step 2 Reward -1.19489 Time 2.45336
[DDPG] Episode 98 Step 3 Reward -1.15728 Time 2.04575
[DDPG] Episode 98 Step 4 Reward -1.43164 Time 2.04335
[DDPG] Quadruped Not Upright
[DDPG] Episode 98 Step 5 Reward -2.78800 Time 2.20158
[DDPG] Starting Next Episode
[DDPG] Critic Loss 1.6508030891418457
[DDPG] Total Reward -9.05611 Avg Critic Loss 1.65080 Time 31.92414
[DDPG] Resetting Environment
[DDPG] Starting Episode 99
[DDPG] Episode 99 Step 0 Reward -0.35726 Time 2.62189
[DDPG] Quadruped Not Upright
[DDPG] Episode 99 Step 1 Reward -2.39688 Time 2.27219
[DDPG] Starting Next Episode
[DDPG] Critic Loss 1.8327860832214355
[DDPG] Total Reward -2.75414 Avg Critic Loss 1.83279 Time 30.09731
[DDPG] Resetting Environment
[DDPG] Starting Episode 100
[DDPG] Episode 100 Step 0 Reward -1.73559 Time 2.00527
[DDPG] Episode 100 Step 1 Reward -1.71438 Time 2.51261
[DDPG] Quadruped Not Upright
[DDPG] Episode 100 Step 2 Reward -2.12541 Time 1.74615
[DDPG] Starting Next Episode
[DDPG] Critic Loss 1.8709346055984497
[DDPG] Total Reward -5.57538 Avg Critic Loss 1.87093 Time 33.64000
[DDPG] Saving Data
[DDPG] Saving PER priorities
[DDPG] Saving Model
[DDPG] Resetting Environment
[DDPG] Starting Episode 101
[DDPG] Episode 101 Step 0 Reward -1.14055 Time 2.04830
[DDPG] Episode 101 Step 1 Reward -1.58570 Time 2.12575
[DDPG] Episode 101 Step 2 Reward -1.15656 Time 1.97931
[DDPG] Episode 101 Step 3 Reward -1.26642 Time 2.15552
[DDPG] Episode 101 Step 4 Reward -1.15986 Time 1.65116
[DDPG] Episode 101 Step 5 Reward -1.13322 Time 1.90222
[DDPG] Episode 101 Step 6 Reward -1.17593 Time 2.00386
[DDPG] Episode 101 Step 7 Reward -1.40360 Time 1.51681
[DDPG] Quadruped Not Upright
[DDPG] Episode 101 Step 8 Reward -2.24062 Time 1.66952
[DDPG] Starting Next Episode
[DDPG] Critic Loss 1.9435948133468628
[DDPG] Total Reward -12.26246 Avg Critic Loss 1.94359 Time 27.15693
[DDPG] Resetting Environment
[DDPG] Starting Episode 102
[DDPG] Episode 102 Step 0 Reward -1.33436 Time 2.03441
[DDPG] Episode 102 Step 1 Reward -1.33966 Time 2.15749
[DDPG] Quadruped Not Upright
[DDPG] Episode 102 Step 2 Reward -2.48603 Time 1.76803
[DDPG] Starting Next Episode
[DDPG] Critic Loss 1.8889738321304321
[DDPG] Total Reward -5.16005 Avg Critic Loss 1.88897 Time 31.31085
[DDPG] Resetting Environment
[DDPG] Starting Episode 103
[DDPG] Episode 103 Step 0 Reward -1.51202 Time 2.04388
[DDPG] Episode 103 Step 1 Reward -1.99892 Time 2.02797
[DDPG] Quadruped Not Upright
[DDPG] Episode 103 Step 2 Reward -2.63886 Time 1.94611
[DDPG] Starting Next Episode
[DDPG] Critic Loss 1.947208046913147
[DDPG] Total Reward -6.14979 Avg Critic Loss 1.94721 Time 31.15893
[DDPG] Resetting Environment
[DDPG] Starting Episode 104
[DDPG] Episode 104 Step 0 Reward -1.59073 Time 1.76846
[DDPG] Episode 104 Step 1 Reward -1.61212 Time 2.00773
[DDPG] Episode 104 Step 2 Reward -1.47527 Time 1.70879
[DDPG] Floating Point Error in reward computation
[DDPG] Critic Loss 1.9649676084518433
[DDPG] Total Reward -4.67813 Avg Critic Loss 1.96497 Time 31.68231
[DDPG] Resetting Environment
[DDPG] Starting Episode 105
[DDPG] Quadruped Not Upright
[DDPG] Episode 105 Step 0 Reward -2.44139 Time 1.80264
[DDPG] Starting Next Episode
[DDPG] Critic Loss 1.9328137636184692
[DDPG] Total Reward -2.44139 Avg Critic Loss 1.93281 Time 30.59809
[DDPG] Resetting Environment
[DDPG] Starting Episode 106
[DDPG] Episode 106 Step 0 Reward -1.53489 Time 1.84567
[DDPG] Episode 106 Step 1 Reward -1.41217 Time 2.14798
[DDPG] Episode 106 Step 2 Reward -1.14499 Time 1.72627
[DDPG] Episode 106 Step 3 Reward -1.39047 Time 2.02196
[DDPG] Episode 106 Step 4 Reward -1.13467 Time 1.77587
[DDPG] Episode 106 Step 5 Reward -1.34033 Time 1.64701
[DDPG] Quadruped Not Upright
[DDPG] Episode 106 Step 6 Reward -2.35395 Time 2.29549
[DDPG] Starting Next Episode
[DDPG] Critic Loss 1.8961694240570068
[DDPG] Total Reward -10.31147 Avg Critic Loss 1.89617 Time 26.78583
[DDPG] Resetting Environment
[DDPG] Starting Episode 107
[DDPG] Episode 107 Step 0 Reward -1.57892 Time 2.03101
[DDPG] Episode 107 Step 1 Reward -1.36445 Time 2.11886
[DDPG] Episode 107 Step 2 Reward -1.12840 Time 1.96853
[DDPG] Episode 107 Step 3 Reward -1.07216 Time 2.26770
[DDPG] Episode 107 Step 4 Reward -1.28531 Time 1.83092
[DDPG] Episode 107 Step 5 Reward -1.78327 Time 1.81080
[DDPG] Quadruped Not Upright
[DDPG] Episode 107 Step 6 Reward -2.57365 Time 2.03408
[DDPG] Starting Next Episode
[DDPG] Critic Loss 1.8980411291122437
[DDPG] Total Reward -10.78616 Avg Critic Loss 1.89804 Time 30.47916
[DDPG] Resetting Environment
[DDPG] Starting Episode 108
[DDPG] Episode 108 Step 0 Reward -1.40166 Time 1.47920
[DDPG] Episode 108 Step 1 Reward 0.04176 Time 1.96478
[DDPG] Episode 108 Step 2 Reward -1.90483 Time 1.96996
[DDPG] Quadruped Not Upright
[DDPG] Episode 108 Step 3 Reward -2.92566 Time 1.53661
[DDPG] Starting Next Episode
[DDPG] Critic Loss 1.8295600414276123
[DDPG] Total Reward -6.19039 Avg Critic Loss 1.82956 Time 33.80615
[DDPG] Resetting Environment
[DDPG] Starting Episode 109
[DDPG] Episode 109 Step 0 Reward -1.31520 Time 2.00146
[DDPG] Episode 109 Step 1 Reward -1.16467 Time 1.93950
[DDPG] Episode 109 Step 2 Reward -1.44797 Time 2.25788
[DDPG] Episode 109 Step 3 Reward -0.73553 Time 2.22699
[DDPG] Quadruped Not Upright
[DDPG] Episode 109 Step 4 Reward -2.88742 Time 1.71690
[DDPG] Starting Next Episode
[DDPG] Critic Loss 1.8691326379776
[DDPG] Total Reward -7.55078 Avg Critic Loss 1.86913 Time 32.22240
[DDPG] Resetting Environment
[DDPG] Starting Episode 110
[DDPG] Episode 110 Step 0 Reward -1.50968 Time 1.57124
[DDPG] Episode 110 Step 1 Reward -1.47812 Time 2.31805
[DDPG] Episode 110 Step 2 Reward -1.29762 Time 2.27289
[DDPG] Episode 110 Step 3 Reward -1.11777 Time 2.32512
[DDPG] Episode 110 Step 4 Reward -1.13546 Time 1.76922
[DDPG] Episode 110 Step 5 Reward -1.37530 Time 1.64143
[DDPG] Episode 110 Step 6 Reward -1.37777 Time 1.65351
[DDPG] Episode 110 Step 7 Reward -1.64148 Time 2.12656
[DDPG] Quadruped Not Upright
[DDPG] Episode 110 Step 8 Reward -2.35822 Time 1.06477
[DDPG] Starting Next Episode
[DDPG] Critic Loss 1.7177423238754272
[DDPG] Total Reward -13.29143 Avg Critic Loss 1.71774 Time 32.32467
[DDPG] Resetting Environment
[DDPG] Starting Episode 111
[DDPG] Episode 111 Step 0 Reward -1.49528 Time 2.16819
[DDPG] Episode 111 Step 1 Reward -1.12097 Time 1.81305
[DDPG] Quadruped Not Upright
[DDPG] Episode 111 Step 2 Reward -2.72206 Time 2.02560
[DDPG] Starting Next Episode
[DDPG] Critic Loss 1.910322666168213
[DDPG] Total Reward -5.33831 Avg Critic Loss 1.91032 Time 34.24079
[DDPG] Resetting Environment
[DDPG] Starting Episode 112
[DDPG] Quadruped Not Upright
[DDPG] Episode 112 Step 0 Reward -2.48492 Time 2.21508
[DDPG] Starting Next Episode
[DDPG] Critic Loss 1.8183979988098145
[DDPG] Total Reward -2.48492 Avg Critic Loss 1.81840 Time 28.98922
[DDPG] Resetting Environment
[DDPG] Starting Episode 113
[DDPG] Episode 113 Step 0 Reward -1.37300 Time 1.90041
[DDPG] Episode 113 Step 1 Reward -1.23287 Time 2.19780
[DDPG] Episode 113 Step 2 Reward -1.03411 Time 1.88984
[DDPG] Episode 113 Step 3 Reward -1.18506 Time 2.37005
[DDPG] Floating Point Error in reward computation
[DDPG] Critic Loss 1.7609084844589233
[DDPG] Total Reward -4.82504 Avg Critic Loss 1.76091 Time 29.86379
[DDPG] Resetting Environment
[DDPG] Starting Episode 114
[DDPG] Episode 114 Step 0 Reward -1.50433 Time 2.72712
[DDPG] Quadruped Not Upright
[DDPG] Episode 114 Step 1 Reward -2.22194 Time 2.33893
[DDPG] Starting Next Episode
[DDPG] Critic Loss 1.7609248161315918
[DDPG] Total Reward -3.72626 Avg Critic Loss 1.76092 Time 31.52183
[DDPG] Resetting Environment
[DDPG] Starting Episode 115
[DDPG] Episode 115 Step 0 Reward -1.80803 Time 1.70809
[DDPG] Episode 115 Step 1 Reward -1.75131 Time 1.97886
[DDPG] Quadruped Not Upright
[DDPG] Episode 115 Step 2 Reward -3.06307 Time 1.77730
[DDPG] Starting Next Episode
[DDPG] Critic Loss 1.768235206604004
[DDPG] Total Reward -6.62241 Avg Critic Loss 1.76824 Time 32.26429
[DDPG] Resetting Environment
[DDPG] Starting Episode 116
[DDPG] Episode 116 Step 0 Reward -1.56516 Time 2.16373
[DDPG] Episode 116 Step 1 Reward -1.21563 Time 1.81295
[DDPG] Episode 116 Step 2 Reward -1.35412 Time 2.16607
[DDPG] Quadruped Not Upright
[DDPG] Episode 116 Step 3 Reward -2.46028 Time 1.96090
[DDPG] Starting Next Episode
[DDPG] Critic Loss 1.7819706201553345
[DDPG] Total Reward -6.59519 Avg Critic Loss 1.78197 Time 33.21803
[DDPG] Resetting Environment
[DDPG] Starting Episode 117
[DDPG] Episode 117 Step 0 Reward -1.27396 Time 2.32246
[DDPG] Episode 117 Step 1 Reward -1.11483 Time 1.92235
[DDPG] Episode 117 Step 2 Reward -1.59808 Time 2.30925
[DDPG] Episode 117 Step 3 Reward -1.43095 Time 1.93155
[DDPG] Quadruped Not Upright
[DDPG] Episode 117 Step 4 Reward -2.48313 Time 1.43848
[DDPG] Starting Next Episode
[DDPG] Critic Loss 1.8384701013565063
[DDPG] Total Reward -7.90096 Avg Critic Loss 1.83847 Time 30.67852
[DDPG] Resetting Environment
[DDPG] Starting Episode 118
[DDPG] Episode 118 Step 0 Reward -1.30686 Time 1.87259
[DDPG] Quadruped Not Upright
[DDPG] Episode 118 Step 1 Reward -2.59688 Time 1.97890
[DDPG] Starting Next Episode
[DDPG] Critic Loss 1.9466928243637085
[DDPG] Total Reward -3.90374 Avg Critic Loss 1.94669 Time 32.94659
[DDPG] Resetting Environment
[DDPG] Starting Episode 119
[DDPG] Episode 119 Step 0 Reward -1.35688 Time 2.20351
[DDPG] Floating Point Error in reward computation
[DDPG] Critic Loss 1.9056975841522217
[DDPG] Total Reward -1.35688 Avg Critic Loss 1.90570 Time 29.22074
[DDPG] Resetting Environment
[DDPG] Starting Episode 120
[DDPG] Episode 120 Step 0 Reward -1.79781 Time 2.15460
[DDPG] Quadruped Not Upright
[DDPG] Episode 120 Step 1 Reward -2.56391 Time 1.29804
[DDPG] Starting Next Episode
[DDPG] Critic Loss 1.915112018585205
[DDPG] Total Reward -4.36172 Avg Critic Loss 1.91511 Time 33.80939
[DDPG] Resetting Environment
[DDPG] Starting Episode 121
[DDPG] Episode 121 Step 0 Reward -0.39030 Time 1.99055
[DDPG] Episode 121 Step 1 Reward -1.94666 Time 2.32585
[DDPG] Episode 121 Step 2 Reward -1.60667 Time 2.15907
[DDPG] Episode 121 Step 3 Reward -1.68062 Time 1.57134
[DDPG] Quadruped Not Upright
[DDPG] Episode 121 Step 4 Reward -2.51787 Time 1.67774
[DDPG] Starting Next Episode
[DDPG] Critic Loss 1.8808726072311401
[DDPG] Total Reward -8.14211 Avg Critic Loss 1.88087 Time 32.19012
[DDPG] Resetting Environment
[DDPG] Starting Episode 122
[DDPG] Episode 122 Step 0 Reward -1.41649 Time 1.64907
[DDPG] Episode 122 Step 1 Reward -1.76823 Time 1.94273
[DDPG] Floating Point Error in reward computation
[DDPG] Critic Loss 1.8475613594055176
[DDPG] Total Reward -3.18472 Avg Critic Loss 1.84756 Time 30.60621
[DDPG] Resetting Environment
[DDPG] Starting Episode 123
[DDPG] Episode 123 Step 0 Reward -1.57286 Time 1.99732
[DDPG] Episode 123 Step 1 Reward -1.45088 Time 1.72669
[DDPG] Quadruped Not Upright
[DDPG] Episode 123 Step 2 Reward -2.22101 Time 1.68584
[DDPG] Starting Next Episode
[DDPG] Critic Loss 1.7189154624938965
[DDPG] Total Reward -5.24475 Avg Critic Loss 1.71892 Time 33.84092
[DDPG] Resetting Environment
[DDPG] Starting Episode 124
[DDPG] Episode 124 Step 0 Reward -1.39841 Time 1.95562
[DDPG] Episode 124 Step 1 Reward -0.30201 Time 2.03777
[DDPG] Episode 124 Step 2 Reward -1.84415 Time 2.16380
[DDPG] Episode 124 Step 3 Reward -1.21224 Time 1.98781
[DDPG] Episode 124 Step 4 Reward -1.39626 Time 2.02549
[DDPG] Floating Point Error in reward computation
[DDPG] Critic Loss 1.6526490449905396
[DDPG] Total Reward -6.15308 Avg Critic Loss 1.65265 Time 31.54622
[DDPG] Resetting Environment
[DDPG] Starting Episode 125
[DDPG] Episode 125 Step 0 Reward -0.30687 Time 2.08028
[DDPG] Episode 125 Step 1 Reward -0.13819 Time 2.26512
[DDPG] Quadruped Not Upright
[DDPG] Episode 125 Step 2 Reward -2.71247 Time 1.80027
[DDPG] Starting Next Episode
[DDPG] Critic Loss 1.833633303642273
[DDPG] Total Reward -3.15752 Avg Critic Loss 1.83363 Time 31.17186
[DDPG] Saving Data
[DDPG] Saving PER priorities
[DDPG] Saving Model
[DDPG] Resetting Environment
[DDPG] Starting Episode 126
[DDPG] Quadruped Not Upright
[DDPG] Episode 126 Step 0 Reward -2.87746 Time 1.76744
[DDPG] Starting Next Episode
[DDPG] Critic Loss 1.8203766345977783
[DDPG] Total Reward -2.87746 Avg Critic Loss 1.82038 Time 31.39520
[DDPG] Resetting Environment
[DDPG] Starting Episode 127
[DDPG] Episode 127 Step 0 Reward -1.72148 Time 2.08638
[DDPG] Quadruped Not Upright
[DDPG] Episode 127 Step 1 Reward -2.20412 Time 1.64912
[DDPG] Starting Next Episode
[DDPG] Critic Loss 1.8653758764266968
[DDPG] Total Reward -3.92560 Avg Critic Loss 1.86538 Time 30.94441
[DDPG] Resetting Environment
[DDPG] Starting Episode 128
[DDPG] Episode 128 Step 0 Reward -1.63293 Time 2.24276
[DDPG] Episode 128 Step 1 Reward -1.16538 Time 1.73644
[DDPG] Episode 128 Step 2 Reward -1.10234 Time 1.36980
[DDPG] Episode 128 Step 3 Reward -1.59836 Time 2.41017
[DDPG] Episode 128 Step 4 Reward -1.25208 Time 2.53631
[DDPG] Episode 128 Step 5 Reward -1.44889 Time 1.92497
[DDPG] Episode 128 Step 6 Reward -1.40594 Time 2.32894
[DDPG] Episode 128 Step 7 Reward -1.60512 Time 1.85563
[DDPG] Episode 128 Step 8 Reward -1.07566 Time 2.45383
[DDPG] Episode 128 Step 9 Reward -1.23193 Time 2.07787
[DDPG] Episode 128 Step 10 Reward -1.02049 Time 2.14987
[DDPG] Episode 128 Step 11 Reward -1.12787 Time 2.46956
[DDPG] Episode 128 Step 12 Reward -0.48343 Time 2.05460
[DDPG] Quadruped Not Upright
[DDPG] Episode 128 Step 13 Reward -3.06829 Time 1.72630
[DDPG] Starting Next Episode
[DDPG] Critic Loss 1.7004296779632568
[DDPG] Total Reward -19.21873 Avg Critic Loss 1.70043 Time 31.49974
[DDPG] Resetting Environment
[DDPG] Starting Episode 129
[DDPG] Quadruped Not Upright
[DDPG] Episode 129 Step 0 Reward -2.87704 Time 1.79177
[DDPG] Starting Next Episode
[DDPG] Critic Loss 1.771175503730774
[DDPG] Total Reward -2.87704 Avg Critic Loss 1.77118 Time 30.93124
[DDPG] Resetting Environment
[DDPG] Starting Episode 130
[DDPG] Episode 130 Step 0 Reward -1.37875 Time 1.86917
[DDPG] Quadruped Not Upright
[DDPG] Episode 130 Step 1 Reward -2.31929 Time 1.84355
[DDPG] Starting Next Episode
[DDPG] Critic Loss 1.9229446649551392
[DDPG] Total Reward -3.69804 Avg Critic Loss 1.92294 Time 30.72175
[DDPG] Resetting Environment
[DDPG] Starting Episode 131
[DDPG] Episode 131 Step 0 Reward -1.32080 Time 2.04060
[DDPG] Episode 131 Step 1 Reward -1.26139 Time 2.37167
[DDPG] Episode 131 Step 2 Reward -1.67400 Time 2.26123
[DDPG] Floating Point Error in reward computation
[DDPG] Critic Loss 1.9065170288085938
[DDPG] Total Reward -4.25619 Avg Critic Loss 1.90652 Time 29.65544
[DDPG] Resetting Environment
[DDPG] Starting Episode 132
[DDPG] Episode 132 Step 0 Reward -1.18872 Time 1.88907
[DDPG] Quadruped Not Upright
[DDPG] Episode 132 Step 1 Reward -2.83574 Time 1.52428
[DDPG] Starting Next Episode
[DDPG] Critic Loss 1.7347265481948853
[DDPG] Total Reward -4.02446 Avg Critic Loss 1.73473 Time 34.09463
[DDPG] Resetting Environment
[DDPG] Starting Episode 133
[DDPG] Episode 133 Step 0 Reward -1.74535 Time 1.90379
[DDPG] Episode 133 Step 1 Reward -1.20026 Time 2.09242
[DDPG] Episode 133 Step 2 Reward -1.62128 Time 2.09908
[DDPG] Quadruped Not Upright
[DDPG] Episode 133 Step 3 Reward -2.49820 Time 1.91467
[DDPG] Starting Next Episode
[DDPG] Critic Loss 1.7520420551300049
[DDPG] Total Reward -7.06509 Avg Critic Loss 1.75204 Time 31.53645
[DDPG] Resetting Environment
[DDPG] Starting Episode 134
[DDPG] Episode 134 Step 0 Reward -0.53212 Time 2.21610
[DDPG] Episode 134 Step 1 Reward -1.26184 Time 1.45703
[DDPG] Episode 134 Step 2 Reward -1.79511 Time 2.29734
[DDPG] Episode 134 Step 3 Reward -1.52738 Time 2.33783
[DDPG] Episode 134 Step 4 Reward -1.44449 Time 2.33511
[DDPG] Episode 134 Step 5 Reward -2.03607 Time 2.02561
[DDPG] Quadruped Not Upright
[DDPG] Episode 134 Step 6 Reward -1.12325 Time 1.68011
[DDPG] Starting Next Episode
[DDPG] Critic Loss 1.8338819742202759
[DDPG] Total Reward -9.72027 Avg Critic Loss 1.83388 Time 27.86725
[DDPG] Resetting Environment
[DDPG] Starting Episode 135
[DDPG] Episode 135 Step 0 Reward -2.08738 Time 1.87762
[DDPG] Episode 135 Step 1 Reward -1.27832 Time 1.43416
[DDPG] Quadruped Not Upright
[DDPG] Episode 135 Step 2 Reward -2.78708 Time 1.68335
[DDPG] Starting Next Episode
[DDPG] Critic Loss 1.8756409883499146
[DDPG] Total Reward -6.15278 Avg Critic Loss 1.87564 Time 34.97564
[DDPG] Resetting Environment
[DDPG] Starting Episode 136
[DDPG] Episode 136 Step 0 Reward -1.69077 Time 2.05017
[DDPG] Quadruped Not Upright
[DDPG] Episode 136 Step 1 Reward -1.80609 Time 1.75780
[DDPG] Starting Next Episode
[DDPG] Critic Loss 1.720288872718811
[DDPG] Total Reward -3.49685 Avg Critic Loss 1.72029 Time 34.07584
[DDPG] Resetting Environment
[DDPG] Starting Episode 137
[DDPG] Episode 137 Step 0 Reward -1.60119 Time 2.01452
[DDPG] Episode 137 Step 1 Reward -1.39324 Time 1.74041
[DDPG] Episode 137 Step 2 Reward -2.21089 Time 2.42106
[DDPG] Quadruped Not Upright
[DDPG] Episode 137 Step 3 Reward -2.73617 Time 1.72310
[DDPG] Starting Next Episode
[DDPG] Critic Loss 1.7777694463729858
[DDPG] Total Reward -7.94149 Avg Critic Loss 1.77777 Time 34.42229
[DDPG] Resetting Environment
[DDPG] Starting Episode 138
[DDPG] Episode 138 Step 0 Reward -1.79817 Time 1.98805
[DDPG] Episode 138 Step 1 Reward -1.37757 Time 2.28959
[DDPG] Episode 138 Step 2 Reward -0.59737 Time 2.09834
[DDPG] Episode 138 Step 3 Reward -1.50703 Time 2.53176
[DDPG] Episode 138 Step 4 Reward -1.73150 Time 1.99929
[DDPG] Episode 138 Step 5 Reward -1.25635 Time 1.96189
[DDPG] Floating Point Error in reward computation
[DDPG] Critic Loss 1.7289773225784302
[DDPG] Total Reward -8.26798 Avg Critic Loss 1.72898 Time 32.55706
[DDPG] Resetting Environment
[DDPG] Starting Episode 139
[DDPG] Quadruped Not Upright
[DDPG] Episode 139 Step 0 Reward -2.51232 Time 1.96939
[DDPG] Starting Next Episode
[DDPG] Critic Loss 1.8016704320907593
[DDPG] Total Reward -2.51232 Avg Critic Loss 1.80167 Time 28.89422
[DDPG] Resetting Environment
[DDPG] Starting Episode 140
[DDPG] Quadruped Not Upright
[DDPG] Episode 140 Step 0 Reward -2.41262 Time 2.00901
[DDPG] Starting Next Episode
[DDPG] Critic Loss 1.7832059860229492
[DDPG] Total Reward -2.41262 Avg Critic Loss 1.78321 Time 31.75205
[DDPG] Resetting Environment
[DDPG] Starting Episode 141
[DDPG] Episode 141 Step 0 Reward -2.07508 Time 1.87556
[DDPG] Episode 141 Step 1 Reward -1.32754 Time 1.93489
[DDPG] Episode 141 Step 2 Reward -1.37856 Time 2.01447
[DDPG] Episode 141 Step 3 Reward -0.88235 Time 1.96417
[DDPG] Floating Point Error in reward computation
[DDPG] Critic Loss 1.8917733430862427
[DDPG] Total Reward -5.66352 Avg Critic Loss 1.89177 Time 28.80650
[DDPG] Resetting Environment
[DDPG] Starting Episode 142
[DDPG] Episode 142 Step 0 Reward -1.44440 Time 2.08732
[DDPG] Episode 142 Step 1 Reward -1.23079 Time 1.83921
[DDPG] Quadruped Not Upright
[DDPG] Episode 142 Step 2 Reward -2.28013 Time 2.19142
[DDPG] Starting Next Episode
[DDPG] Critic Loss 1.7693679332733154
[DDPG] Total Reward -4.95532 Avg Critic Loss 1.76937 Time 31.77606
[DDPG] Resetting Environment
[DDPG] Starting Episode 143
[DDPG] Episode 143 Step 0 Reward -1.68447 Time 2.37687
[DDPG] Episode 143 Step 1 Reward -1.05933 Time 1.77640
[DDPG] Episode 143 Step 2 Reward -1.15266 Time 1.55884
[DDPG] Episode 143 Step 3 Reward -1.52473 Time 1.91724
[DDPG] Quadruped Not Upright
[DDPG] Episode 143 Step 4 Reward -2.08151 Time 1.85024
[DDPG] Starting Next Episode
[DDPG] Critic Loss 1.7580221891403198
[DDPG] Total Reward -7.50271 Avg Critic Loss 1.75802 Time 31.23080
[DDPG] Resetting Environment
[DDPG] Starting Episode 144
[DDPG] Episode 144 Step 0 Reward -1.36573 Time 2.11184
[DDPG] Episode 144 Step 1 Reward -0.21345 Time 2.27582
[DDPG] Quadruped Not Upright
[DDPG] Episode 144 Step 2 Reward -2.80668 Time 2.19433
[DDPG] Starting Next Episode
[DDPG] Critic Loss 1.689085841178894
[DDPG] Total Reward -4.38587 Avg Critic Loss 1.68909 Time 29.99307
[DDPG] Resetting Environment
[DDPG] Starting Episode 145
[DDPG] Quadruped Not Upright
[DDPG] Episode 145 Step 0 Reward -3.01203 Time 1.75748
[DDPG] Starting Next Episode
[DDPG] Critic Loss 1.7670217752456665
[DDPG] Total Reward -3.01203 Avg Critic Loss 1.76702 Time 32.26999
[DDPG] Resetting Environment
[0m[ INFO] [1618682314.565819354, 1286.687000000]: Didn't received robot state (joint angles) with recent timestamp within 1 seconds.
Check clock synchronization if your are running ROS across multiple machines![0m
[31m[ERROR] [1618682314.565900168, 1286.687000000]: Failed to fetch current robot state[0m
[DDPG] Starting Episode 146
[DDPG] Quadruped Not Upright
[DDPG] Episode 146 Step 0 Reward -2.36017 Time 2.19578
[DDPG] Starting Next Episode
[DDPG] Critic Loss 1.8162901401519775
[DDPG] Total Reward -2.36017 Avg Critic Loss 1.81629 Time 31.74340
[DDPG] Resetting Environment
[DDPG] Starting Episode 147
[DDPG] Quadruped Not Upright
[DDPG] Episode 147 Step 0 Reward -2.39155 Time 2.24680
[DDPG] Starting Next Episode
[DDPG] Critic Loss 1.6857119798660278
[DDPG] Total Reward -2.39155 Avg Critic Loss 1.68571 Time 30.10976
[DDPG] Resetting Environment
[DDPG] Starting Episode 148
[DDPG] Quadruped Not Upright
[DDPG] Episode 148 Step 0 Reward -2.33390 Time 2.26412
[DDPG] Starting Next Episode
[DDPG] Critic Loss 1.718051552772522
[DDPG] Total Reward -2.33390 Avg Critic Loss 1.71805 Time 31.95386
[DDPG] Resetting Environment
[DDPG] Starting Episode 149
[DDPG] Episode 149 Step 0 Reward -1.17084 Time 2.32146
[DDPG] Episode 149 Step 1 Reward -1.59052 Time 1.66206
[DDPG] Quadruped Not Upright
[DDPG] Episode 149 Step 2 Reward -2.12297 Time 1.94018
[DDPG] Starting Next Episode
[DDPG] Critic Loss 1.9155369997024536
[DDPG] Total Reward -4.88433 Avg Critic Loss 1.91554 Time 32.42334
[DDPG] Resetting Environment
[DDPG] Starting Episode 150
[DDPG] Quadruped Not Upright
[DDPG] Episode 150 Step 0 Reward -2.71200 Time 1.70237
[DDPG] Starting Next Episode
[DDPG] Critic Loss 1.757957935333252
[DDPG] Total Reward -2.71200 Avg Critic Loss 1.75796 Time 31.50299
[DDPG] Saving Data
[DDPG] Saving PER priorities
[DDPG] Saving Model
[DDPG] Resetting Environment
[DDPG] Starting Episode 151
[DDPG] Episode 151 Step 0 Reward -1.98255 Time 2.02500
[DDPG] Episode 151 Step 1 Reward -1.16463 Time 1.96511
[DDPG] Episode 151 Step 2 Reward -1.71747 Time 1.96506
[DDPG] Quadruped Not Upright
[DDPG] Episode 151 Step 3 Reward -2.03968 Time 1.98718
[DDPG] Starting Next Episode
[DDPG] Critic Loss 1.7281749248504639
[DDPG] Total Reward -6.90433 Avg Critic Loss 1.72817 Time 31.82194
[DDPG] Resetting Environment
[DDPG] Starting Episode 152
[DDPG] Episode 152 Step 0 Reward -1.38951 Time 1.84237
[DDPG] Floating Point Error in reward computation
[DDPG] Critic Loss 1.8426443338394165
[DDPG] Total Reward -1.38951 Avg Critic Loss 1.84264 Time 32.51431
[DDPG] Resetting Environment
[DDPG] Starting Episode 153
[DDPG] Episode 153 Step 0 Reward -1.22322 Time 1.66160
[DDPG] Episode 153 Step 1 Reward -0.07163 Time 1.67340
[DDPG] Episode 153 Step 2 Reward -1.74148 Time 2.06143
[DDPG] Floating Point Error in reward computation
[DDPG] Critic Loss 1.8384833335876465
[DDPG] Total Reward -3.03633 Avg Critic Loss 1.83848 Time 32.60829
[DDPG] Resetting Environment
[DDPG] Starting Episode 154
[DDPG] Episode 154 Step 0 Reward -1.49612 Time 2.20864
[DDPG] Quadruped Not Upright
[DDPG] Episode 154 Step 1 Reward -2.44675 Time 1.99579
[DDPG] Starting Next Episode
[DDPG] Critic Loss 1.810302734375
[DDPG] Total Reward -3.94287 Avg Critic Loss 1.81030 Time 31.72047
[DDPG] Resetting Environment
[DDPG] Starting Episode 155
[DDPG] Episode 155 Step 0 Reward -1.42279 Time 2.03358
[DDPG] Episode 155 Step 1 Reward -1.13412 Time 1.64715
[DDPG] Quadruped Not Upright
[DDPG] Episode 155 Step 2 Reward -2.63190 Time 1.64876
[DDPG] Starting Next Episode
[DDPG] Critic Loss 1.9254634380340576
[DDPG] Total Reward -5.18882 Avg Critic Loss 1.92546 Time 33.79154
[DDPG] Resetting Environment
[DDPG] Starting Episode 156
[DDPG] Episode 156 Step 0 Reward -1.29642 Time 1.98811
[DDPG] Quadruped Not Upright
[DDPG] Episode 156 Step 1 Reward -2.27353 Time 1.74673
[DDPG] Starting Next Episode
[DDPG] Critic Loss 1.7349801063537598
[DDPG] Total Reward -3.56995 Avg Critic Loss 1.73498 Time 32.86397
[DDPG] Resetting Environment
[DDPG] Starting Episode 157
[DDPG] Quadruped Not Upright
[DDPG] Episode 157 Step 0 Reward -2.92272 Time 1.71394
[DDPG] Starting Next Episode
[DDPG] Critic Loss 1.8259145021438599
[DDPG] Total Reward -2.92272 Avg Critic Loss 1.82591 Time 33.39763
[DDPG] Resetting Environment
[DDPG] Starting Episode 158
[DDPG] Quadruped Not Upright
[DDPG] Episode 158 Step 0 Reward -2.72140 Time 1.58678
[DDPG] Starting Next Episode
[DDPG] Critic Loss 1.7759766578674316
[DDPG] Total Reward -2.72140 Avg Critic Loss 1.77598 Time 32.60237
[DDPG] Resetting Environment
[DDPG] Starting Episode 159
[DDPG] Quadruped Not Upright
[DDPG] Episode 159 Step 0 Reward -2.52416 Time 1.98411
[DDPG] Starting Next Episode
[DDPG] Critic Loss 1.8276069164276123
[DDPG] Total Reward -2.52416 Avg Critic Loss 1.82761 Time 33.37766
[DDPG] Resetting Environment
[DDPG] Starting Episode 160
[DDPG] Quadruped Not Upright
[DDPG] Episode 160 Step 0 Reward -2.92119 Time 2.17474
[DDPG] Starting Next Episode
[DDPG] Critic Loss 1.835395097732544
[DDPG] Total Reward -2.92119 Avg Critic Loss 1.83540 Time 29.86543
[DDPG] Resetting Environment
[DDPG] Starting Episode 161
[DDPG] Episode 161 Step 0 Reward -1.42536 Time 2.09291
[DDPG] Quadruped Not Upright
[DDPG] Episode 161 Step 1 Reward -2.16732 Time 1.96583
[DDPG] Starting Next Episode
[DDPG] Critic Loss 2.038332462310791
[DDPG] Total Reward -3.59268 Avg Critic Loss 2.03833 Time 30.54175
[DDPG] Resetting Environment
[DDPG] Starting Episode 162
[DDPG] Quadruped Not Upright
[DDPG] Episode 162 Step 0 Reward -2.90987 Time 1.95804
[DDPG] Starting Next Episode
[DDPG] Critic Loss 1.7776727676391602
[DDPG] Total Reward -2.90987 Avg Critic Loss 1.77767 Time 31.00763
[DDPG] Resetting Environment
[DDPG] Starting Episode 163
[DDPG] Quadruped Not Upright
[DDPG] Episode 163 Step 0 Reward -2.84998 Time 1.71845
[DDPG] Starting Next Episode
[DDPG] Critic Loss 1.944826602935791
[DDPG] Total Reward -2.84998 Avg Critic Loss 1.94483 Time 34.91556
[DDPG] Resetting Environment
[DDPG] Starting Episode 164
[DDPG] Episode 164 Step 0 Reward -0.19252 Time 1.76949
[DDPG] Episode 164 Step 1 Reward -1.22677 Time 1.88713
[DDPG] Floating Point Error in reward computation
[DDPG] Critic Loss 1.8620901107788086
[DDPG] Total Reward -1.41929 Avg Critic Loss 1.86209 Time 31.08693
[DDPG] Resetting Environment
[DDPG] Starting Episode 165
[DDPG] Quadruped Not Upright
[DDPG] Episode 165 Step 0 Reward -2.77864 Time 2.01779
[DDPG] Starting Next Episode
[DDPG] Critic Loss 1.9324651956558228
[DDPG] Total Reward -2.77864 Avg Critic Loss 1.93247 Time 32.02525
[DDPG] Resetting Environment
[DDPG] Starting Episode 166
[DDPG] Episode 166 Step 0 Reward -1.29766 Time 2.01171
[DDPG] Episode 166 Step 1 Reward -1.24811 Time 2.00128
[DDPG] Episode 166 Step 2 Reward -1.23300 Time 1.93535
[DDPG] Episode 166 Step 3 Reward -1.32512 Time 1.70871
[DDPG] Episode 166 Step 4 Reward -1.23970 Time 2.01514
[DDPG] Episode 166 Step 5 Reward -1.19788 Time 2.02894
[DDPG] Episode 166 Step 6 Reward -1.27481 Time 1.75309
[DDPG] Episode 166 Step 7 Reward -1.79701 Time 2.20554
[DDPG] Episode 166 Step 8 Reward -1.28201 Time 2.17435
[DDPG] Quadruped Not Upright
[DDPG] Episode 166 Step 9 Reward -2.94128 Time 1.90769
[DDPG] Starting Next Episode
[DDPG] Critic Loss 1.9438068866729736
[DDPG] Total Reward -14.83656 Avg Critic Loss 1.94381 Time 32.33439
[DDPG] Resetting Environment
[DDPG] Starting Episode 167
[DDPG] Episode 167 Step 0 Reward -0.05816 Time 2.60389
[DDPG] Quadruped Not Upright
[DDPG] Episode 167 Step 1 Reward -2.47064 Time 1.94321
[DDPG] Starting Next Episode
[DDPG] Critic Loss 1.855683445930481
[DDPG] Total Reward -2.52880 Avg Critic Loss 1.85568 Time 34.92092
[DDPG] Resetting Environment
