2021-04-12 10:51:25.798975: I tensorflow/stream_executor/platform/default/dso_loader.cc:49] Successfully opened dynamic library libcudart.so.11.0
Unable to init server: Could not connect: Connection refused
Unable to init server: Could not connect: Connection refused

(learn.py:7703): Gdk-CRITICAL **: 10:51:29.456: gdk_cursor_new_for_display: assertion 'GDK_IS_DISPLAY (display)' failed
2021-04-12 10:51:29.973031: I tensorflow/compiler/jit/xla_cpu_device.cc:41] Not creating XLA devices, tf_xla_enable_xla_devices not set
2021-04-12 10:51:29.975172: I tensorflow/stream_executor/platform/default/dso_loader.cc:49] Successfully opened dynamic library libcuda.so.1
2021-04-12 10:51:30.016795: I tensorflow/stream_executor/cuda/cuda_gpu_executor.cc:941] successful NUMA node read from SysFS had negative value (-1), but there must be at least one NUMA node, so returning NUMA node zero
2021-04-12 10:51:30.019151: I tensorflow/core/common_runtime/gpu/gpu_device.cc:1720] Found device 0 with properties: 
pciBusID: 0000:00:1e.0 name: Tesla T4 computeCapability: 7.5
coreClock: 1.59GHz coreCount: 40 deviceMemorySize: 14.75GiB deviceMemoryBandwidth: 298.08GiB/s
2021-04-12 10:51:30.019184: I tensorflow/stream_executor/platform/default/dso_loader.cc:49] Successfully opened dynamic library libcudart.so.11.0
2021-04-12 10:51:30.028348: I tensorflow/stream_executor/platform/default/dso_loader.cc:49] Successfully opened dynamic library libcublas.so.11
2021-04-12 10:51:30.028459: I tensorflow/stream_executor/platform/default/dso_loader.cc:49] Successfully opened dynamic library libcublasLt.so.11
2021-04-12 10:51:30.031055: I tensorflow/stream_executor/platform/default/dso_loader.cc:49] Successfully opened dynamic library libcufft.so.10
2021-04-12 10:51:30.031500: I tensorflow/stream_executor/platform/default/dso_loader.cc:49] Successfully opened dynamic library libcurand.so.10
2021-04-12 10:51:30.040150: I tensorflow/stream_executor/platform/default/dso_loader.cc:49] Successfully opened dynamic library libcusolver.so.10
2021-04-12 10:51:30.042137: I tensorflow/stream_executor/platform/default/dso_loader.cc:49] Successfully opened dynamic library libcusparse.so.11
2021-04-12 10:51:30.042410: I tensorflow/stream_executor/platform/default/dso_loader.cc:49] Successfully opened dynamic library libcudnn.so.8
2021-04-12 10:51:30.042632: I tensorflow/stream_executor/cuda/cuda_gpu_executor.cc:941] successful NUMA node read from SysFS had negative value (-1), but there must be at least one NUMA node, so returning NUMA node zero
2021-04-12 10:51:30.044257: I tensorflow/stream_executor/cuda/cuda_gpu_executor.cc:941] successful NUMA node read from SysFS had negative value (-1), but there must be at least one NUMA node, so returning NUMA node zero
2021-04-12 10:51:30.046475: I tensorflow/core/common_runtime/gpu/gpu_device.cc:1862] Adding visible gpu devices: 0
[DDPG] Building the actor model
2021-04-12 10:51:30.069483: I tensorflow/core/platform/cpu_feature_guard.cc:142] This TensorFlow binary is optimized with oneAPI Deep Neural Network Library (oneDNN) to use the following CPU instructions in performance-critical operations:  AVX2 AVX512F FMA
To enable them in other operations, rebuild TensorFlow with the appropriate compiler flags.
2021-04-12 10:51:30.069876: I tensorflow/compiler/jit/xla_gpu_device.cc:99] Not creating XLA devices, tf_xla_enable_xla_devices not set
2021-04-12 10:51:30.070497: I tensorflow/stream_executor/cuda/cuda_gpu_executor.cc:941] successful NUMA node read from SysFS had negative value (-1), but there must be at least one NUMA node, so returning NUMA node zero
2021-04-12 10:51:30.072100: I tensorflow/core/common_runtime/gpu/gpu_device.cc:1720] Found device 0 with properties: 
pciBusID: 0000:00:1e.0 name: Tesla T4 computeCapability: 7.5
coreClock: 1.59GHz coreCount: 40 deviceMemorySize: 14.75GiB deviceMemoryBandwidth: 298.08GiB/s
2021-04-12 10:51:30.072127: I tensorflow/stream_executor/platform/default/dso_loader.cc:49] Successfully opened dynamic library libcudart.so.11.0
2021-04-12 10:51:30.072201: I tensorflow/stream_executor/platform/default/dso_loader.cc:49] Successfully opened dynamic library libcublas.so.11
2021-04-12 10:51:30.072261: I tensorflow/stream_executor/platform/default/dso_loader.cc:49] Successfully opened dynamic library libcublasLt.so.11
2021-04-12 10:51:30.072302: I tensorflow/stream_executor/platform/default/dso_loader.cc:49] Successfully opened dynamic library libcufft.so.10
2021-04-12 10:51:30.072353: I tensorflow/stream_executor/platform/default/dso_loader.cc:49] Successfully opened dynamic library libcurand.so.10
2021-04-12 10:51:30.072484: I tensorflow/stream_executor/platform/default/dso_loader.cc:49] Successfully opened dynamic library libcusolver.so.10
2021-04-12 10:51:30.072536: I tensorflow/stream_executor/platform/default/dso_loader.cc:49] Successfully opened dynamic library libcusparse.so.11
2021-04-12 10:51:30.072576: I tensorflow/stream_executor/platform/default/dso_loader.cc:49] Successfully opened dynamic library libcudnn.so.8
2021-04-12 10:51:30.072689: I tensorflow/stream_executor/cuda/cuda_gpu_executor.cc:941] successful NUMA node read from SysFS had negative value (-1), but there must be at least one NUMA node, so returning NUMA node zero
2021-04-12 10:51:30.074278: I tensorflow/stream_executor/cuda/cuda_gpu_executor.cc:941] successful NUMA node read from SysFS had negative value (-1), but there must be at least one NUMA node, so returning NUMA node zero
2021-04-12 10:51:30.075773: I tensorflow/core/common_runtime/gpu/gpu_device.cc:1862] Adding visible gpu devices: 0
2021-04-12 10:51:30.075818: I tensorflow/stream_executor/platform/default/dso_loader.cc:49] Successfully opened dynamic library libcudart.so.11.0
2021-04-12 10:51:31.149224: I tensorflow/core/common_runtime/gpu/gpu_device.cc:1261] Device interconnect StreamExecutor with strength 1 edge matrix:
2021-04-12 10:51:31.149257: I tensorflow/core/common_runtime/gpu/gpu_device.cc:1267]      0 
2021-04-12 10:51:31.149268: I tensorflow/core/common_runtime/gpu/gpu_device.cc:1280] 0:   N 
2021-04-12 10:51:31.149783: I tensorflow/stream_executor/cuda/cuda_gpu_executor.cc:941] successful NUMA node read from SysFS had negative value (-1), but there must be at least one NUMA node, so returning NUMA node zero
2021-04-12 10:51:31.150861: I tensorflow/stream_executor/cuda/cuda_gpu_executor.cc:941] successful NUMA node read from SysFS had negative value (-1), but there must be at least one NUMA node, so returning NUMA node zero
2021-04-12 10:51:31.152001: I tensorflow/stream_executor/cuda/cuda_gpu_executor.cc:941] successful NUMA node read from SysFS had negative value (-1), but there must be at least one NUMA node, so returning NUMA node zero
2021-04-12 10:51:31.152822: I tensorflow/core/common_runtime/gpu/gpu_device.cc:1406] Created TensorFlow device (/job:localhost/replica:0/task:0/device:GPU:0 with 13564 MB memory) -> physical GPU (device: 0, name: Tesla T4, pci bus id: 0000:00:1e.0, compute capability: 7.5)
[DDPG] Building the actor model
[DDPG] Building the critic model
[DDPG] Building the critic model
[DDPG] Waiting for joint trajectory action
[DDPG] Found joint trajectory action!
[DDPG] Waiting for joint trajectory action
[DDPG] Found joint trajectory action!
[DDPG] Waiting for joint trajectory action
[DDPG] Found joint trajectory action!
[DDPG] Waiting for joint trajectory action
[DDPG] Found joint trajectory action!
[0m[ INFO] [1618224695.829417233, 2.725000000]: Loading robot model 'quadruped'...[0m
[0m[ INFO] [1618224695.832260147, 2.728000000]: No root/virtual joint specified in SRDF. Assuming fixed joint[0m
[33m[ WARN] [1618224695.832353468, 2.728000000]: Link dummy_link has visual geometry but no collision geometry. Collision geometry will be left empty. Fix your URDF file by explicitly specifying collision geometry.[0m
[0m[ INFO] [1618224697.258398126, 3.909000000]: Ready to take commands for planning group front_right_leg.[0m
[0m[ INFO] [1618224697.884449795, 4.444000000]: Ready to take commands for planning group front_left_leg.[0m
[0m[ INFO] [1618224698.586707465, 5.045000000]: Ready to take commands for planning group back_right_leg.[0m
[0m[ INFO] [1618224699.270342587, 5.645000000]: Ready to take commands for planning group back_left_leg.[0m
[Actor] GPU>>>>>>>>>>>>
[Actor] [PhysicalDevice(name='/physical_device:GPU:0', device_type='GPU')]
[DDPG] Loading Actor Weights
[DDPG] Initializing PER
[DDPG] Training Start
[DDPG] Resetting Environment
[DDPG] Starting Pretraining Test
2021-04-12 10:52:11.477463: I tensorflow/stream_executor/platform/default/dso_loader.cc:49] Successfully opened dynamic library libcublas.so.11
2021-04-12 10:52:12.387342: I tensorflow/stream_executor/platform/default/dso_loader.cc:49] Successfully opened dynamic library libcublasLt.so.11
[DDPG] Step 0 Reward 33.80819 Time 42.98505
[DDPG] Quadruped Not Upright
[DDPG] Step 1 Reward -30.91932 Time 39.80080
[DDPG] Quadruped Not Upright
[DDPG] Step 2 Reward -25.63523 Time 39.41936
[DDPG] Quadruped Not Upright
[DDPG] Step 3 Reward -40.35942 Time 39.55539
[DDPG] Quadruped Not Upright
[DDPG] Step 4 Reward 4.66477 Time 39.47534
[DDPG] Resetting Environment
[DDPG] Starting Episode 0
[DDPG] Episode 0 Step 0 Reward -2.81719 Time 41.46915
[DDPG] Quadruped Not Upright
[DDPG] Episode 0 Step 1 Reward -31.67855 Time 40.28682
[DDPG] Starting Next Episode
[DDPG] Critic Loss 3.88413405418396
[DDPG] Total Reward -34.49574 Avg Critic Loss 3.88413 Time 30.23555
[DDPG] Saving Data
[DDPG] Saving Model
[DDPG] Resetting Environment
[DDPG] Starting Episode 1
[DDPG] Episode 1 Step 0 Reward -4.25200 Time 42.32864
[DDPG] Quadruped Not Upright
[DDPG] Episode 1 Step 1 Reward -54.32109 Time 40.24842
[DDPG] Starting Next Episode
[DDPG] Critic Loss 8.72758674621582
[DDPG] Total Reward -58.57309 Avg Critic Loss 8.72759 Time 28.47541
[DDPG] Resetting Environment
[DDPG] Starting Episode 2
[DDPG] Episode 2 Step 0 Reward -9.64257 Time 42.23443
[DDPG] Quadruped Not Upright
[DDPG] Episode 2 Step 1 Reward -21.73317 Time 41.61284
[DDPG] Starting Next Episode
[DDPG] Critic Loss 580.3589477539062
[DDPG] Total Reward -31.37574 Avg Critic Loss 580.35895 Time 19.15574
[DDPG] Resetting Environment
[DDPG] Starting Episode 3
[DDPG] Quadruped Not Upright
[DDPG] Episode 3 Step 0 Reward -20.68697 Time 52.93513
[DDPG] Starting Next Episode
[DDPG] Critic Loss 547.0416870117188
[DDPG] Total Reward -20.68697 Avg Critic Loss 547.04169 Time 20.51546
[DDPG] Resetting Environment
[DDPG] Starting Episode 4
[DDPG] Episode 4 Step 0 Reward 0.96272 Time 60.39935
[DDPG] Episode 4 Step 1 Reward -20.37069 Time 65.21435
[DDPG] Quadruped Not Upright
[DDPG] Episode 4 Step 2 Reward -4.59678 Time 73.23192
[DDPG] Starting Next Episode
[DDPG] Critic Loss 265.1568298339844
[DDPG] Total Reward -24.00475 Avg Critic Loss 265.15683 Time 24.69367
[DDPG] Resetting Environment
[DDPG] Starting Episode 5
[DDPG] Episode 5 Step 0 Reward -0.07645 Time 80.18703
[DDPG] Quadruped Not Upright
[DDPG] Episode 5 Step 1 Reward -21.02848 Time 72.66901
[DDPG] Starting Next Episode
[DDPG] Critic Loss 647.6227416992188
[DDPG] Total Reward -21.10493 Avg Critic Loss 647.62274 Time 24.54199
[DDPG] Resetting Environment
[DDPG] Starting Episode 6
[DDPG] Episode 6 Step 0 Reward 6.71267 Time 101.96774
[DDPG] Quadruped Not Upright
[DDPG] Episode 6 Step 1 Reward -27.24559 Time 94.18052
[DDPG] Starting Next Episode
[DDPG] Critic Loss 366.4991149902344
[DDPG] Total Reward -20.53292 Avg Critic Loss 366.49911 Time 33.49102
[DDPG] Resetting Environment
[DDPG] Starting Episode 7
[DDPG] Quadruped Not Upright
[DDPG] Episode 7 Step 0 Reward -29.96564 Time 102.70032
[DDPG] Starting Next Episode
[DDPG] Critic Loss 640.1512451171875
[DDPG] Total Reward -29.96564 Avg Critic Loss 640.15125 Time 44.39995
[DDPG] Resetting Environment
[DDPG] Starting Episode 8
[DDPG] Episode 8 Step 0 Reward 0.41870 Time 151.65031
[DDPG] Quadruped Not Upright
[DDPG] Episode 8 Step 1 Reward -31.40167 Time 120.55348
[DDPG] Starting Next Episode
[DDPG] Critic Loss 667.6883544921875
[DDPG] Total Reward -30.98297 Avg Critic Loss 667.68835 Time 42.08104
[DDPG] Resetting Environment
[DDPG] Starting Episode 9
[DDPG] Quadruped Not Upright
[DDPG] Episode 9 Step 0 Reward -31.87799 Time 143.33186
[DDPG] Starting Next Episode
[DDPG] Critic Loss 486.6529541015625
[DDPG] Total Reward -31.87799 Avg Critic Loss 486.65295 Time 57.36362
[DDPG] Resetting Environment
[DDPG] Starting Episode 10
[DDPG] Quadruped Not Upright
[DDPG] Episode 10 Step 0 Reward -83.52162 Time 151.44350
[DDPG] Starting Next Episode
[DDPG] Critic Loss 930.791748046875
[DDPG] Total Reward -83.52162 Avg Critic Loss 930.79175 Time 54.57797
[DDPG] Resetting Environment
[DDPG] Starting Episode 11
[DDPG] Episode 11 Step 0 Reward -14.22005 Time 179.64479
[DDPG] Quadruped Not Upright
[DDPG] Episode 11 Step 1 Reward -6.46722 Time 175.17145
[DDPG] Starting Next Episode
[DDPG] Critic Loss 1033.9029541015625
[DDPG] Total Reward -20.68728 Avg Critic Loss 1033.90295 Time 65.64954
[DDPG] Resetting Environment
[DDPG] Starting Episode 12
[DDPG] Episode 12 Step 0 Reward -22.58177 Time 171.55527
[DDPG] Quadruped Not Upright
[DDPG] Episode 12 Step 1 Reward -24.66690 Time 167.00702
[DDPG] Starting Next Episode
[DDPG] Critic Loss 785.8997802734375
[DDPG] Total Reward -47.24867 Avg Critic Loss 785.89978 Time 59.69784
[DDPG] Resetting Environment
[DDPG] Starting Episode 13
[DDPG] Episode 13 Step 0 Reward -14.10381 Time 179.11097
[DDPG] Floating Point Error in reward computation
[DDPG] Critic Loss 1614.2950439453125
[DDPG] Total Reward -14.10381 Avg Critic Loss 1614.29504 Time 65.68307
[DDPG] Resetting Environment
[DDPG] Starting Episode 14
[DDPG] Quadruped Not Upright
[DDPG] Episode 14 Step 0 Reward -40.97148 Time 173.81588
[DDPG] Starting Next Episode
[DDPG] Critic Loss 1047.3104248046875
[DDPG] Total Reward -40.97148 Avg Critic Loss 1047.31042 Time 71.55263
[DDPG] Resetting Environment
[DDPG] Starting Episode 15
[DDPG] Episode 15 Step 0 Reward -27.36779 Time 185.97975
[DDPG] Quadruped Not Upright
[DDPG] Episode 15 Step 1 Reward 6.94519 Time 175.31686
[DDPG] Starting Next Episode
[DDPG] Critic Loss 666.9047241210938
[DDPG] Total Reward -20.42260 Avg Critic Loss 666.90472 Time 68.37300
[DDPG] Resetting Environment
[DDPG] Starting Episode 16
[DDPG] Episode 16 Step 0 Reward -35.08682 Time 176.89857
[DDPG] Episode 16 Step 1 Reward 11.09124 Time 192.26970
[DDPG] Quadruped Not Upright
[DDPG] Episode 16 Step 2 Reward -13.10908 Time 169.66965
[DDPG] Starting Next Episode
[DDPG] Critic Loss 767.3078002929688
[DDPG] Total Reward -37.10466 Avg Critic Loss 767.30780 Time 66.07904
[DDPG] Resetting Environment
[DDPG] Starting Episode 17
[DDPG] Episode 17 Step 0 Reward -34.14930 Time 173.22701
[DDPG] Quadruped Not Upright
[DDPG] Episode 17 Step 1 Reward -15.95395 Time 185.44553
[DDPG] Starting Next Episode
[DDPG] Critic Loss 721.6311645507812
[DDPG] Total Reward -50.10325 Avg Critic Loss 721.63116 Time 70.10707
[DDPG] Resetting Environment
[DDPG] Starting Episode 18
[DDPG] Episode 18 Step 0 Reward -24.44905 Time 188.60594
[DDPG] Quadruped Not Upright
[DDPG] Episode 18 Step 1 Reward 10.62537 Time 171.82165
[DDPG] Starting Next Episode
[DDPG] Critic Loss 546.8671875
[DDPG] Total Reward -13.82368 Avg Critic Loss 546.86719 Time 68.83837
[DDPG] Resetting Environment
[DDPG] Starting Episode 19
[DDPG] Episode 19 Step 0 Reward -29.29388 Time 174.35944
[DDPG] Episode 19 Step 1 Reward 34.37658 Time 198.52570
[DDPG] Episode 19 Step 2 Reward -3.91475 Time 197.26740
[DDPG] Episode 19 Step 3 Reward -1.97188 Time 199.65154
[DDPG] Episode 19 Step 4 Reward 10.42349 Time 205.42328
[DDPG] Episode 19 Step 5 Reward -6.58074 Time 182.16109
[DDPG] Episode 19 Step 6 Reward -1.70519 Time 197.68435
[DDPG] Quadruped Not Upright
[DDPG] Episode 19 Step 7 Reward 9.22129 Time 198.25692
[DDPG] Starting Next Episode
[DDPG] Critic Loss 664.9659423828125
[DDPG] Total Reward 10.55492 Avg Critic Loss 664.96594 Time 68.50484
[DDPG] Resetting Environment
[DDPG] Starting Episode 20
[DDPG] Episode 20 Step 0 Reward -27.42764 Time 173.87162
[DDPG] Episode 20 Step 1 Reward 3.86194 Time 197.10252
[DDPG] Episode 20 Step 2 Reward -19.92295 Time 201.02658
[DDPG] Episode 20 Step 3 Reward -40.25691 Time 200.70898
[DDPG] Episode 20 Step 4 Reward 19.73013 Time 177.08058
[DDPG] Episode 20 Step 5 Reward -12.88092 Time 211.88759
[DDPG] Quadruped Not Upright
[DDPG] Episode 20 Step 6 Reward -2.54735 Time 170.12745
[DDPG] Starting Next Episode
[DDPG] Critic Loss 567.2763671875
[DDPG] Total Reward -79.44371 Avg Critic Loss 567.27637 Time 68.04482
[DDPG] Resetting Environment
[DDPG] Starting Episode 21
[DDPG] Quadruped Not Upright
[DDPG] Episode 21 Step 0 Reward -45.93345 Time 174.87704
[DDPG] Starting Next Episode
[DDPG] Critic Loss 949.0789184570312
[DDPG] Total Reward -45.93345 Avg Critic Loss 949.07892 Time 66.01349
[DDPG] Resetting Environment
[DDPG] Starting Episode 22
[DDPG] Episode 22 Step 0 Reward -29.02275 Time 172.36439
[DDPG] Quadruped Not Upright
[DDPG] Episode 22 Step 1 Reward 21.44845 Time 181.66376
[DDPG] Starting Next Episode
[DDPG] Critic Loss 534.5479736328125
[DDPG] Total Reward -7.57430 Avg Critic Loss 534.54797 Time 68.87551
[DDPG] Resetting Environment
[DDPG] Starting Episode 23
[DDPG] Quadruped Not Upright
[DDPG] Episode 23 Step 0 Reward -37.43319 Time 179.19334
[DDPG] Starting Next Episode
[DDPG] Critic Loss 641.226318359375
[DDPG] Total Reward -37.43319 Avg Critic Loss 641.22632 Time 70.14864
[DDPG] Resetting Environment
[DDPG] Starting Episode 24
[DDPG] Episode 24 Step 0 Reward -21.51543 Time 174.11423
[DDPG] Quadruped Not Upright
[DDPG] Episode 24 Step 1 Reward 39.08968 Time 175.21909
[DDPG] Starting Next Episode
[DDPG] Critic Loss 574.6560668945312
[DDPG] Total Reward 17.57425 Avg Critic Loss 574.65607 Time 68.53934
[DDPG] Resetting Environment
[DDPG] Starting Episode 25
[DDPG] Quadruped Not Upright
[DDPG] Episode 25 Step 0 Reward -44.43972 Time 188.05689
[DDPG] Starting Next Episode
[DDPG] Critic Loss 597.0823364257812
[DDPG] Total Reward -44.43972 Avg Critic Loss 597.08234 Time 72.57463
[DDPG] Saving Data
[DDPG] Saving Model
[DDPG] Resetting Environment
[DDPG] Starting Episode 26
[DDPG] Quadruped Not Upright
[DDPG] Episode 26 Step 0 Reward -34.17009 Time 172.52916
[DDPG] Starting Next Episode
[DDPG] Critic Loss 791.4237060546875
[DDPG] Total Reward -34.17009 Avg Critic Loss 791.42371 Time 68.59753
[DDPG] Resetting Environment
[0m[ INFO] [1618235626.034969574, 2162.298000000]: Didn't received robot state (joint angles) with recent timestamp within 1 seconds.
Check clock synchronization if your are running ROS across multiple machines![0m
[31m[ERROR] [1618235626.035045408, 2162.298000000]: Failed to fetch current robot state[0m
[DDPG] Starting Episode 27
[DDPG] Quadruped Not Upright
[DDPG] Episode 27 Step 0 Reward -34.39628 Time 183.11121
[DDPG] Starting Next Episode
[DDPG] Critic Loss 587.5363159179688
[DDPG] Total Reward -34.39628 Avg Critic Loss 587.53632 Time 70.41702
[DDPG] Resetting Environment
[DDPG] Starting Episode 28
[DDPG] Quadruped Not Upright
[DDPG] Episode 28 Step 0 Reward -35.85632 Time 183.08231
[DDPG] Starting Next Episode
[DDPG] Critic Loss 603.3756713867188
[DDPG] Total Reward -35.85632 Avg Critic Loss 603.37567 Time 72.18499
[DDPG] Resetting Environment
[DDPG] Starting Episode 29
[DDPG] Episode 29 Step 0 Reward -28.65566 Time 194.81421
[DDPG] Episode 29 Step 1 Reward -2.81229 Time 176.44285
[DDPG] Floating Point Error in reward computation
[DDPG] Critic Loss 540.4597778320312
[DDPG] Total Reward -31.46795 Avg Critic Loss 540.45978 Time 71.05435
[DDPG] Resetting Environment
[DDPG] Starting Episode 30
[DDPG] Quadruped Not Upright
[DDPG] Episode 30 Step 0 Reward -30.42810 Time 176.61325
[DDPG] Starting Next Episode
[DDPG] Critic Loss 707.283203125
[DDPG] Total Reward -30.42810 Avg Critic Loss 707.28320 Time 70.80882
[DDPG] Resetting Environment
[DDPG] Starting Episode 31
[DDPG] Episode 31 Step 0 Reward -23.45732 Time 182.86523
[DDPG] Quadruped Not Upright
[DDPG] Episode 31 Step 1 Reward -8.75870 Time 185.23892
[DDPG] Starting Next Episode
[DDPG] Critic Loss 877.9623413085938
[DDPG] Total Reward -32.21601 Avg Critic Loss 877.96234 Time 74.16665
[DDPG] Resetting Environment
[DDPG] Starting Episode 32
[DDPG] Episode 32 Step 0 Reward -30.58096 Time 181.14562
[DDPG] Quadruped Not Upright
[DDPG] Episode 32 Step 1 Reward -17.99624 Time 182.52222
[DDPG] Starting Next Episode
[DDPG] Critic Loss 831.7532348632812
[DDPG] Total Reward -48.57720 Avg Critic Loss 831.75323 Time 75.05887
[DDPG] Resetting Environment
[DDPG] Starting Episode 33
[DDPG] Episode 33 Step 0 Reward -16.45309 Time 178.51186
[DDPG] Quadruped Not Upright
[DDPG] Episode 33 Step 1 Reward -20.98855 Time 181.95353
[DDPG] Starting Next Episode
[DDPG] Critic Loss 791.0791015625
[DDPG] Total Reward -37.44164 Avg Critic Loss 791.07910 Time 74.74506
[DDPG] Resetting Environment
[0m[ INFO] [1618238519.794750773, 2587.398000000]: Didn't received robot state (joint angles) with recent timestamp within 1 seconds.
Check clock synchronization if your are running ROS across multiple machines![0m
[31m[ERROR] [1618238519.794820133, 2587.398000000]: Failed to fetch current robot state[0m
[DDPG] Starting Episode 34
[DDPG] Quadruped Not Upright
[DDPG] Episode 34 Step 0 Reward 36.61523 Time 180.73155
[DDPG] Starting Next Episode
[DDPG] Critic Loss 792.7199096679688
[DDPG] Total Reward 36.61523 Avg Critic Loss 792.71991 Time 81.50076
[DDPG] Resetting Environment
[DDPG] Starting Episode 35
[DDPG] Quadruped Not Upright
[DDPG] Episode 35 Step 0 Reward -66.75928 Time 179.22162
[DDPG] Starting Next Episode
[DDPG] Critic Loss 683.9432983398438
[DDPG] Total Reward -66.75928 Avg Critic Loss 683.94330 Time 81.85822
[DDPG] Resetting Environment
[DDPG] Starting Episode 36
[DDPG] Quadruped Not Upright
[DDPG] Episode 36 Step 0 Reward -46.67789 Time 191.71867
[DDPG] Starting Next Episode
[DDPG] Critic Loss 911.6441650390625
[DDPG] Total Reward -46.67789 Avg Critic Loss 911.64417 Time 77.77784
[DDPG] Resetting Environment
[]
[DDPG] Error in Resetting End Training
[DDPG] Starting Episode 37
[DDPG] Quadruped Not Upright
[DDPG] Episode 37 Step 0 Reward -20.68707 Time 186.54817
[DDPG] Starting Next Episode
[DDPG] Critic Loss 747.1331176757812
[DDPG] Total Reward -20.68707 Avg Critic Loss 747.13312 Time 87.03858
[DDPG] Resetting Environment
[DDPG] Starting Episode 38
[DDPG] Quadruped Not Upright
[DDPG] Episode 38 Step 0 Reward -61.29045 Time 175.30256
[DDPG] Starting Next Episode
[DDPG] Critic Loss 728.0379028320312
[DDPG] Total Reward -61.29045 Avg Critic Loss 728.03790 Time 77.81199
[DDPG] Resetting Environment
[]
[DDPG] Error in Resetting End Training
[DDPG] Starting Episode 39
[DDPG] Quadruped Not Upright
[DDPG] Episode 39 Step 0 Reward 30.58434 Time 185.42574
[DDPG] Starting Next Episode
[DDPG] Critic Loss 825.1807250976562
[DDPG] Total Reward 30.58434 Avg Critic Loss 825.18073 Time 79.24961
[DDPG] Resetting Environment
[DDPG] Starting Episode 40
[DDPG] Episode 40 Step 0 Reward -25.08364 Time 198.05437
[DDPG] Quadruped Not Upright
[DDPG] Episode 40 Step 1 Reward -13.68377 Time 195.60570
[DDPG] Starting Next Episode
[DDPG] Critic Loss 875.5001220703125
[DDPG] Total Reward -38.76740 Avg Critic Loss 875.50012 Time 84.22710
[DDPG] Resetting Environment
[]
[DDPG] Error in Resetting End Training
[DDPG] Starting Episode 41
[DDPG] Quadruped Not Upright
[DDPG] Episode 41 Step 0 Reward -43.40833 Time 189.24305
[DDPG] Starting Next Episode
[DDPG] Critic Loss 690.3642578125
[DDPG] Total Reward -43.40833 Avg Critic Loss 690.36426 Time 76.91015
[DDPG] Resetting Environment
[DDPG] Starting Episode 42
[DDPG] Episode 42 Step 0 Reward -31.01343 Time 189.18510
[DDPG] Floating Point Error in reward computation
[DDPG] Critic Loss 700.0542602539062
[DDPG] Total Reward -31.01343 Avg Critic Loss 700.05426 Time 67.28432
[DDPG] Resetting Environment
[DDPG] Starting Episode 43
[DDPG] Episode 43 Step 0 Reward -108.69083 Time 191.35837
[DDPG] Quadruped Not Upright
[DDPG] Episode 43 Step 1 Reward 0.60929 Time 186.71943
[DDPG] Starting Next Episode
[DDPG] Critic Loss 977.771484375
[DDPG] Total Reward -108.08154 Avg Critic Loss 977.77148 Time 70.37122
[DDPG] Resetting Environment
[0m[ INFO] [1618241970.888348068, 3086.083000000]: Didn't received robot state (joint angles) with recent timestamp within 1 seconds.
Check clock synchronization if your are running ROS across multiple machines![0m
[31m[ERROR] [1618241970.888427062, 3086.083000000]: Failed to fetch current robot state[0m
[DDPG] Starting Episode 44
[DDPG] Episode 44 Step 0 Reward -16.06898 Time 186.16278
[DDPG] Quadruped Not Upright
[DDPG] Episode 44 Step 1 Reward -5.51749 Time 183.38150
[DDPG] Starting Next Episode
[DDPG] Critic Loss 755.9811401367188
[DDPG] Total Reward -21.58647 Avg Critic Loss 755.98114 Time 72.08471
[DDPG] Resetting Environment
[DDPG] Starting Episode 45
[DDPG] Episode 45 Step 0 Reward -17.73932 Time 180.13572
[DDPG] Episode 45 Step 1 Reward -14.37424 Time 189.17437
[DDPG] Episode 45 Step 2 Reward -21.90425 Time 194.84874
[DDPG] Episode 45 Step 3 Reward -19.42583 Time 195.21619
[DDPG] Episode 45 Step 4 Reward 34.66904 Time 184.25491
[DDPG] Quadruped Not Upright
[DDPG] Episode 45 Step 5 Reward 18.14610 Time 178.69615
[DDPG] Starting Next Episode
[DDPG] Critic Loss 610.8652954101562
[DDPG] Total Reward -20.62850 Avg Critic Loss 610.86530 Time 82.47821
[DDPG] Resetting Environment
[DDPG] Starting Episode 46
[DDPG] Quadruped Not Upright
[DDPG] Episode 46 Step 0 Reward -41.75708 Time 183.98715
[DDPG] Starting Next Episode
[DDPG] Critic Loss 1343.8013916015625
[DDPG] Total Reward -41.75708 Avg Critic Loss 1343.80139 Time 74.37791
[DDPG] Resetting Environment
[DDPG] Starting Episode 47
[DDPG] Quadruped Not Upright
[DDPG] Episode 47 Step 0 Reward -48.89719 Time 182.33277
[DDPG] Starting Next Episode
[DDPG] Critic Loss 953.5834350585938
[DDPG] Total Reward -48.89719 Avg Critic Loss 953.58344 Time 79.68626
[DDPG] Resetting Environment
[DDPG] Starting Episode 48
[DDPG] Quadruped Not Upright
[DDPG] Episode 48 Step 0 Reward -36.81386 Time 187.39197
[DDPG] Starting Next Episode
[DDPG] Critic Loss 970.1552124023438
[DDPG] Total Reward -36.81386 Avg Critic Loss 970.15521 Time 81.36323
[DDPG] Resetting Environment
[]
[DDPG] Error in Resetting End Training
[DDPG] Starting Episode 49
[DDPG] Episode 49 Step 0 Reward 57.74039 Time 180.43109
[DDPG] Quadruped Not Upright
[DDPG] Episode 49 Step 1 Reward -63.66452 Time 182.68654
[DDPG] Starting Next Episode
[DDPG] Critic Loss 1164.8447265625
[DDPG] Total Reward -5.92414 Avg Critic Loss 1164.84473 Time 78.83365
[DDPG] Resetting Environment
[DDPG] Starting Episode 50
[DDPG] Quadruped Not Upright
[DDPG] Episode 50 Step 0 Reward -47.92112 Time 179.26890
[DDPG] Starting Next Episode
[DDPG] Critic Loss 964.809814453125
[DDPG] Total Reward -47.92112 Avg Critic Loss 964.80981 Time 83.04675
[DDPG] Saving Data
[DDPG] Saving Model
[DDPG] Resetting Environment
[]
[DDPG] Error in Resetting End Training
[DDPG] Starting Episode 51
[DDPG] Action value NaN. Ending Episode
[DDPG] Floating Point Error in reward computation
[DDPG] Critic Loss nan
[DDPG] Total Reward 0.00000 Avg Critic Loss nan Time 68.56847
[DDPG] Resetting Environment
Traceback (most recent call last):
  File "learn.py", line 1381, in <module>
    learner.learn(
  File "learn.py", line 896, in learn
    self.current_time_step = self.env.reset()
  File "/home/ubuntu/.local/lib/python3.8/site-packages/tf_agents/environments/tf_environment.py", line 209, in reset
    return self._reset()
  File "/home/ubuntu/CPGController/src/rl/env.py", line 55, in _reset
    self._state, self._reward = self.quadruped.reset()
  File "/home/ubuntu/CPGController/src/simulations/ws/src/quadruped/scripts/quadruped.py", line 815, in reset
    self._reset()
  File "/home/ubuntu/CPGController/src/simulations/ws/src/quadruped/scripts/quadruped.py", line 787, in _reset
    rospy.wait_for_service('/gazebo/pause_physics')
  File "/opt/ros/noetic/lib/python3/dist-packages/rospy/impl/tcpros_service.py", line 166, in wait_for_service
    raise ROSInterruptException("rospy shutdown")
rospy.exceptions.ROSInterruptException: rospy shutdown
