2021-04-18 07:17:54.286327: I tensorflow/stream_executor/platform/default/dso_loader.cc:49] Successfully opened dynamic library libcudart.so.11.0
2021-04-18 07:17:57.957188: I tensorflow/compiler/jit/xla_cpu_device.cc:41] Not creating XLA devices, tf_xla_enable_xla_devices not set
2021-04-18 07:17:57.958524: I tensorflow/stream_executor/platform/default/dso_loader.cc:49] Successfully opened dynamic library libcuda.so.1
2021-04-18 07:17:57.997012: I tensorflow/stream_executor/cuda/cuda_gpu_executor.cc:941] successful NUMA node read from SysFS had negative value (-1), but there must be at least one NUMA node, so returning NUMA node zero
2021-04-18 07:17:58.002690: I tensorflow/core/common_runtime/gpu/gpu_device.cc:1720] Found device 0 with properties: 
pciBusID: 0000:00:1e.0 name: Tesla T4 computeCapability: 7.5
coreClock: 1.59GHz coreCount: 40 deviceMemorySize: 14.75GiB deviceMemoryBandwidth: 298.08GiB/s
2021-04-18 07:17:58.003491: I tensorflow/stream_executor/platform/default/dso_loader.cc:49] Successfully opened dynamic library libcudart.so.11.0
2021-04-18 07:17:58.016712: I tensorflow/stream_executor/platform/default/dso_loader.cc:49] Successfully opened dynamic library libcublas.so.11
2021-04-18 07:17:58.016830: I tensorflow/stream_executor/platform/default/dso_loader.cc:49] Successfully opened dynamic library libcublasLt.so.11
2021-04-18 07:17:58.030645: I tensorflow/stream_executor/platform/default/dso_loader.cc:49] Successfully opened dynamic library libcufft.so.10
2021-04-18 07:17:58.031001: I tensorflow/stream_executor/platform/default/dso_loader.cc:49] Successfully opened dynamic library libcurand.so.10
2021-04-18 07:17:58.039121: I tensorflow/stream_executor/platform/default/dso_loader.cc:49] Successfully opened dynamic library libcusolver.so.10
2021-04-18 07:17:58.042993: I tensorflow/stream_executor/platform/default/dso_loader.cc:49] Successfully opened dynamic library libcusparse.so.11
2021-04-18 07:17:58.047275: I tensorflow/stream_executor/platform/default/dso_loader.cc:49] Successfully opened dynamic library libcudnn.so.8
2021-04-18 07:17:58.047490: I tensorflow/stream_executor/cuda/cuda_gpu_executor.cc:941] successful NUMA node read from SysFS had negative value (-1), but there must be at least one NUMA node, so returning NUMA node zero
2021-04-18 07:17:58.049444: I tensorflow/stream_executor/cuda/cuda_gpu_executor.cc:941] successful NUMA node read from SysFS had negative value (-1), but there must be at least one NUMA node, so returning NUMA node zero
2021-04-18 07:17:58.050179: I tensorflow/core/common_runtime/gpu/gpu_device.cc:1862] Adding visible gpu devices: 0
2021-04-18 07:17:58.079565: I tensorflow/core/platform/cpu_feature_guard.cc:142] This TensorFlow binary is optimized with oneAPI Deep Neural Network Library (oneDNN) to use the following CPU instructions in performance-critical operations:  AVX2 AVX512F FMA
To enable them in other operations, rebuild TensorFlow with the appropriate compiler flags.
2021-04-18 07:17:58.079784: I tensorflow/compiler/jit/xla_gpu_device.cc:99] Not creating XLA devices, tf_xla_enable_xla_devices not set
2021-04-18 07:17:58.079991: I tensorflow/stream_executor/cuda/cuda_gpu_executor.cc:941] successful NUMA node read from SysFS had negative value (-1), but there must be at least one NUMA node, so returning NUMA node zero
2021-04-18 07:17:58.080792: I tensorflow/core/common_runtime/gpu/gpu_device.cc:1720] Found device 0 with properties: 
pciBusID: 0000:00:1e.0 name: Tesla T4 computeCapability: 7.5
coreClock: 1.59GHz coreCount: 40 deviceMemorySize: 14.75GiB deviceMemoryBandwidth: 298.08GiB/s
2021-04-18 07:17:58.080830: I tensorflow/stream_executor/platform/default/dso_loader.cc:49] Successfully opened dynamic library libcudart.so.11.0
2021-04-18 07:17:58.080938: I tensorflow/stream_executor/platform/default/dso_loader.cc:49] Successfully opened dynamic library libcublas.so.11
2021-04-18 07:17:58.080988: I tensorflow/stream_executor/platform/default/dso_loader.cc:49] Successfully opened dynamic library libcublasLt.so.11
2021-04-18 07:17:58.081039: I tensorflow/stream_executor/platform/default/dso_loader.cc:49] Successfully opened dynamic library libcufft.so.10
2021-04-18 07:17:58.081097: I tensorflow/stream_executor/platform/default/dso_loader.cc:49] Successfully opened dynamic library libcurand.so.10
2021-04-18 07:17:58.081141: I tensorflow/stream_executor/platform/default/dso_loader.cc:49] Successfully opened dynamic library libcusolver.so.10
2021-04-18 07:17:58.081186: I tensorflow/stream_executor/platform/default/dso_loader.cc:49] Successfully opened dynamic library libcusparse.so.11
2021-04-18 07:17:58.081251: I tensorflow/stream_executor/platform/default/dso_loader.cc:49] Successfully opened dynamic library libcudnn.so.8
2021-04-18 07:17:58.081416: I tensorflow/stream_executor/cuda/cuda_gpu_executor.cc:941] successful NUMA node read from SysFS had negative value (-1), but there must be at least one NUMA node, so returning NUMA node zero
2021-04-18 07:17:58.082362: I tensorflow/stream_executor/cuda/cuda_gpu_executor.cc:941] successful NUMA node read from SysFS had negative value (-1), but there must be at least one NUMA node, so returning NUMA node zero
2021-04-18 07:17:58.083137: I tensorflow/core/common_runtime/gpu/gpu_device.cc:1862] Adding visible gpu devices: 0
2021-04-18 07:17:58.083196: I tensorflow/stream_executor/platform/default/dso_loader.cc:49] Successfully opened dynamic library libcudart.so.11.0
2021-04-18 07:17:59.884355: I tensorflow/core/common_runtime/gpu/gpu_device.cc:1261] Device interconnect StreamExecutor with strength 1 edge matrix:
2021-04-18 07:17:59.884395: I tensorflow/core/common_runtime/gpu/gpu_device.cc:1267]      0 
2021-04-18 07:17:59.884407: I tensorflow/core/common_runtime/gpu/gpu_device.cc:1280] 0:   N 
2021-04-18 07:17:59.884763: I tensorflow/stream_executor/cuda/cuda_gpu_executor.cc:941] successful NUMA node read from SysFS had negative value (-1), but there must be at least one NUMA node, so returning NUMA node zero
2021-04-18 07:17:59.885932: I tensorflow/stream_executor/cuda/cuda_gpu_executor.cc:941] successful NUMA node read from SysFS had negative value (-1), but there must be at least one NUMA node, so returning NUMA node zero
2021-04-18 07:17:59.886908: I tensorflow/stream_executor/cuda/cuda_gpu_executor.cc:941] successful NUMA node read from SysFS had negative value (-1), but there must be at least one NUMA node, so returning NUMA node zero
2021-04-18 07:17:59.887832: I tensorflow/core/common_runtime/gpu/gpu_device.cc:1406] Created TensorFlow device (/job:localhost/replica:0/task:0/device:GPU:0 with 13353 MB memory) -> physical GPU (device: 0, name: Tesla T4, pci bus id: 0000:00:1e.0, compute capability: 7.5)
[DDPG] Building the actor model
[DDPG] Building the actor model
[DDPG] Building the critic cell
[DDPG] Building the critic model
[DDPG] Building the critic cell
[DDPG] Building the critic model
[DDPG] Waiting for joint trajectory action
[DDPG] Found joint trajectory action!
[DDPG] Waiting for joint trajectory action
[DDPG] Found joint trajectory action!
[DDPG] Waiting for joint trajectory action
[DDPG] Found joint trajectory action!
[DDPG] Waiting for joint trajectory action
[DDPG] Found joint trajectory action!
[0m[ INFO] [1618730288.496648996, 1.416000000]: Loading robot model 'quadruped'...[0m
[0m[ INFO] [1618730288.498077309, 1.416000000]: No root/virtual joint specified in SRDF. Assuming fixed joint[0m
[33m[ WARN] [1618730288.498157312, 1.416000000]: Link dummy_link has visual geometry but no collision geometry. Collision geometry will be left empty. Fix your URDF file by explicitly specifying collision geometry.[0m
[0m[ INFO] [1618730290.042508984, 2.338000000]: Ready to take commands for planning group front_right_leg.[0m
[0m[ INFO] [1618730291.427912456, 3.201000000]: Ready to take commands for planning group front_left_leg.[0m
[0m[ INFO] [1618730292.804319901, 4.000000000]: Ready to take commands for planning group back_right_leg.[0m
[0m[ INFO] [1618730294.189179852, 4.802000000]: Ready to take commands for planning group back_left_leg.[0m
[Actor] GPU>>>>>>>>>>>>
[Actor] [PhysicalDevice(name='/physical_device:GPU:0', device_type='GPU')]
[DDPG] Training Start
[DDPG] Resetting Environment
[DDPG] Starting Pretraining Test
2021-04-18 07:18:59.057864: I tensorflow/stream_executor/platform/default/dso_loader.cc:49] Successfully opened dynamic library libcublas.so.11
2021-04-18 07:19:00.155861: I tensorflow/stream_executor/platform/default/dso_loader.cc:49] Successfully opened dynamic library libcublasLt.so.11
[DDPG] Step 0 Reward 0.32616 Time 7.35660
[DDPG] Step 1 Reward -0.67699 Time 5.83598
[[-0.70710677 -0.70710677  0.         -0.01397641 -0.01397641  0.        ]
 [-0.70710677 -0.70710677  0.         -0.01397641 -0.01397641  0.        ]
 [-0.70710677 -0.70710677  0.         -0.01397641 -0.01397641  0.        ]
 [-0.70710677 -0.70710677  0.         -0.01397641 -0.01397641  0.        ]
 [-0.70710677 -0.70710677  0.         -0.01397641 -0.01397641  0.        ]
 [-0.70710677 -0.70710677  0.         -0.01397641 -0.01397641  0.        ]
 [-0.70710677 -0.70710677  0.         -0.01397641 -0.01397641  0.        ]
 [-0.70710677 -0.70710677  0.         -0.01397641 -0.01397641  0.        ]
 [-0.70710677 -0.70710677  0.         -0.01397641 -0.01397641  0.        ]
 [-0.70710677 -0.70710677  0.         -0.01397641 -0.01397641  0.        ]
 [-0.70710677 -0.70710677  0.         -0.01397641 -0.01397641  0.        ]
 [-0.70710677 -0.70710677  0.         -0.01397641 -0.01397641  0.        ]
 [-0.70710677 -0.70710677  0.         -0.01397641 -0.01397641  0.        ]
 [-0.70710677 -0.70710677  0.         -0.01397641 -0.01397641  0.        ]
 [-0.70710677 -0.70710677  0.         -0.01397641 -0.01397641  0.        ]
 [-0.70710677 -0.70710677  0.         -0.01397641 -0.01397641  0.        ]
 [-0.70710677 -0.70710677  0.         -0.01397641 -0.01397641  0.        ]
 [-0.70710677 -0.70710677  0.         -0.01397641 -0.01397641  0.        ]
 [-0.70710677 -0.70710677  0.         -0.01397641 -0.01397641  0.        ]
 [-0.70710677 -0.70710677  0.         -0.01397641 -0.01397641  0.        ]
 [-0.70710677 -0.70710677  0.         -0.01397641 -0.01397641  0.        ]
 [-0.70710677 -0.70710677  0.         -0.01397641 -0.01397641  0.        ]
 [-0.70710677 -0.70710677  0.         -0.01397641 -0.01397641  0.        ]
 [-0.70710677 -0.70710677  0.         -0.01397641 -0.01397641  0.        ]
 [-0.70710677 -0.70710677  0.         -0.01397641 -0.01397641  0.        ]
 [-0.70710677 -0.70710677  0.         -0.01397641 -0.01397641  0.        ]
 [-0.70710677 -0.70710677  0.         -0.01397641 -0.01397641  0.        ]
 [-0.70710677 -0.70710677  0.         -0.01397641 -0.01397641  0.        ]
 [-0.70710677 -0.70710677  0.         -0.01397641 -0.01397641  0.        ]
 [-0.70710677 -0.70710677  0.         -0.01397641 -0.01397641  0.        ]
 [-0.70710677 -0.70710677  0.         -0.01397641 -0.01397641  0.        ]
 [-0.70710677 -0.70710677  0.         -0.01397641 -0.01397641  0.        ]
 [-0.70710677 -0.70710677  0.         -0.01397641 -0.01397641  0.        ]
 [-0.70710677 -0.70710677  0.         -0.01397641 -0.01397641  0.        ]
 [-0.70710677 -0.70710677  0.         -0.01397641 -0.01397641  0.        ]
 [-0.70710677 -0.70710677  0.         -0.01397641 -0.01397641  0.        ]
 [-0.70710677 -0.70710677  0.         -0.01397641 -0.01397641  0.        ]
 [-0.70710677 -0.70710677  0.         -0.01397641 -0.01397641  0.        ]
 [-0.70710677 -0.70710677  0.         -0.01397641 -0.01397641  0.        ]
 [-0.70710677 -0.70710677  0.         -0.01397641 -0.01397641  0.        ]
 [-0.70710677 -0.70710677  0.         -0.01397641 -0.01397641  0.        ]
 [-0.70710677 -0.70710677  0.         -0.01397641 -0.01397641  0.        ]
 [-0.70710677 -0.70710677  0.         -0.01397641 -0.01397641  0.        ]
 [-0.70710677 -0.70710677  0.         -0.01397641 -0.01397641  0.        ]
 [-0.70710677 -0.70710677  0.         -0.01397641 -0.01397641  0.        ]
 [-0.70710677 -0.70710677  0.         -0.01397641 -0.01397641  0.        ]
 [-0.70710677 -0.70710677  0.         -0.01397641 -0.01397641  0.        ]
 [-0.70710677 -0.70710677  0.         -0.01397641 -0.01397641  0.        ]
 [-0.70710677 -0.70710677  0.         -0.01397641 -0.01397641  0.        ]
 [-0.70710677 -0.70710677  0.         -0.01397641 -0.01397641  0.        ]
 [-0.70710677 -0.70710677  0.         -0.01397641 -0.01397641  0.        ]
 [-0.70710677 -0.70710677  0.         -0.01397641 -0.01397641  0.        ]
 [-0.70710677 -0.70710677  0.         -0.01397641 -0.01397641  0.        ]
 [-0.70710677 -0.70710677  0.         -0.01397641 -0.01397641  0.        ]
 [-0.70710677 -0.70710677  0.         -0.01397641 -0.01397641  0.        ]
 [-0.70710677 -0.70710677  0.         -0.01397641 -0.01397641  0.        ]
 [-0.70710677 -0.70710677  0.         -0.01397641 -0.01397641  0.        ]
 [-0.70710677 -0.70710677  0.         -0.01397641 -0.01397641  0.        ]
 [-0.70710677 -0.70710677  0.         -0.01397641 -0.01397641  0.        ]
 [-0.70710677 -0.70710677  0.         -0.01397641 -0.01397641  0.        ]
 [-0.70710677 -0.70710677  0.         -0.01397641 -0.01397641  0.        ]
 [-0.70710677 -0.70710677  0.         -0.01397641 -0.01397641  0.        ]
 [-0.70710677 -0.70710677  0.         -0.01397641 -0.01397641  0.        ]
 [-0.70710677 -0.70710677  0.         -0.01397641 -0.01397641  0.        ]
 [-0.70710677 -0.70710677  0.         -0.01397641 -0.01397641  0.        ]
 [-0.70710677 -0.70710677  0.         -0.01397641 -0.01397641  0.        ]
 [-0.70710677 -0.70710677  0.         -0.01397641 -0.01397641  0.        ]
 [-0.70710677 -0.70710677  0.         -0.01397641 -0.01397641  0.        ]
 [-0.70710677 -0.70710677  0.         -0.01397641 -0.01397641  0.        ]
 [-0.70710677 -0.70710677  0.         -0.01397641 -0.01397641  0.        ]
 [-0.70710677 -0.70710677  0.         -0.01397641 -0.01397641  0.        ]
 [-0.70710677 -0.70710677  0.         -0.01397641 -0.01397641  0.        ]
 [-0.70710677 -0.70710677  0.         -0.01397641 -0.01397641  0.        ]
 [-0.70710677 -0.70710677  0.         -0.01397641 -0.01397641  0.        ]
 [-0.70710677 -0.70710677  0.         -0.01397641 -0.01397641  0.        ]
 [-0.70710677 -0.70710677  0.         -0.01397641 -0.01397641  0.        ]
 [-0.70710677 -0.70710677  0.         -0.01397641 -0.01397641  0.        ]
 [-0.70710677 -0.70710677  0.         -0.01397641 -0.01397641  0.        ]
 [-0.70710677 -0.70710677  0.         -0.01397641 -0.01397641  0.        ]
 [-0.70710677 -0.70710677  0.         -0.01397641 -0.01397641  0.        ]
 [-0.70710677 -0.70710677  0.         -0.01397641 -0.01397641  0.        ]
 [-0.70710677 -0.70710677  0.         -0.01397641 -0.01397641  0.        ]
 [-0.70710677 -0.70710677  0.         -0.01397641 -0.01397641  0.        ]
 [-0.70710677 -0.70710677  0.         -0.01397641 -0.01397641  0.        ]
 [-0.70710677 -0.70710677  0.         -0.01397641 -0.01397641  0.        ]
 [-0.70710677 -0.70710677  0.         -0.01397641 -0.01397641  0.        ]
 [-0.70710677 -0.70710677  0.         -0.01397641 -0.01397641  0.        ]
 [-0.70710677 -0.70710677  0.         -0.01397641 -0.01397641  0.        ]
 [-0.70710677 -0.70710677  0.         -0.01397641 -0.01397641  0.        ]
 [-0.70710677 -0.70710677  0.         -0.01397641 -0.01397641  0.        ]
 [-0.70710677 -0.70710677  0.         -0.01397641 -0.01397641  0.        ]
 [-0.70710677 -0.70710677  0.         -0.01397641 -0.01397641  0.        ]
 [-0.70710677 -0.70710677  0.         -0.01397641 -0.01397641  0.        ]
 [-0.70710677 -0.70710677  0.         -0.01397641 -0.01397641  0.        ]
 [-0.70710677 -0.70710677  0.         -0.01397641 -0.01397641  0.        ]
 [-0.70710677 -0.70710677  0.         -0.01397641 -0.01397641  0.        ]
 [-0.70710677 -0.70710677  0.         -0.01397641 -0.01397641  0.        ]
 [-0.70710677 -0.70710677  0.         -0.01397641 -0.01397641  0.        ]
 [-0.70710677 -0.70710677  0.         -0.01397641 -0.01397641  0.        ]
 [-0.70710677 -0.70710677  0.         -0.01397641 -0.01397641  0.        ]
 [-0.70710677 -0.70710677  0.         -0.01397641 -0.01397641  0.        ]]
[DDPG] Resetting Environment
[DDPG] Starting Episode 0
[DDPG] Episode 0 Step 0 Reward -0.47375 Time 5.82573
[DDPG] Episode 0 Step 1 Reward 0.46576 Time 5.74022
[DDPG] Episode 0 Step 2 Reward -1.90865 Time 5.80879
[DDPG] Episode 0 Step 3 Reward -0.12337 Time 5.89377
[DDPG] Episode 0 Step 4 Reward 0.03606 Time 5.82318
[DDPG] Episode 0 Step 5 Reward 0.28676 Time 6.03867
[DDPG] Episode 0 Step 6 Reward -0.29336 Time 5.65760
[DDPG] Episode 0 Step 7 Reward -0.65617 Time 5.94192
[DDPG] Episode 0 Step 8 Reward 0.12862 Time 5.91278
[DDPG] Episode 0 Step 9 Reward 0.15555 Time 5.58695
[DDPG] Episode 0 Step 10 Reward -0.22158 Time 5.64325
[DDPG] Quadruped Not Upright
[DDPG] Episode 0 Step 11 Reward -6.54730 Time 5.35126
[DDPG] Quadruped Not Upright
[DDPG] Episode 0 Step 12 Reward -6.40967 Time 5.46520
[DDPG] Quadruped Not Upright
[DDPG] Episode 0 Step 13 Reward -5.45122 Time 5.14020
[DDPG] Quadruped Not Upright
[DDPG] Episode 0 Step 14 Reward -5.02895 Time 5.38123
[DDPG] Quadruped Not Upright
[DDPG] Episode 0 Step 15 Reward -6.04377 Time 5.28160
[DDPG] Quadruped Not Upright
[DDPG] Episode 0 Step 16 Reward -6.40322 Time 5.43637
[DDPG] Quadruped Not Upright
[DDPG] Episode 0 Step 17 Reward -5.40319 Time 5.57049
[DDPG] Quadruped Not Upright
[DDPG] Episode 0 Step 18 Reward -4.99487 Time 5.65502
[DDPG] Quadruped Not Upright
[DDPG] Episode 0 Step 19 Reward -5.55278 Time 5.34272
[DDPG] Quadruped Not Upright
[DDPG] Episode 0 Step 20 Reward -5.11852 Time 5.55148
[DDPG] Quadruped Not Upright
[DDPG] Episode 0 Step 21 Reward -5.45582 Time 5.29124
[DDPG] Quadruped Not Upright
[DDPG] Episode 0 Step 22 Reward -5.54671 Time 5.43436
[DDPG] Quadruped Not Upright
[DDPG] Episode 0 Step 23 Reward -5.58892 Time 5.41289
[DDPG] Quadruped Not Upright
[DDPG] Episode 0 Step 24 Reward -4.88700 Time 5.50797
[DDPG] Quadruped Not Upright
[DDPG] Episode 0 Step 25 Reward -5.24608 Time 5.46420
[DDPG] Quadruped Not Upright
[DDPG] Episode 0 Step 26 Reward -5.42434 Time 5.38414
[DDPG] Quadruped Not Upright
[DDPG] Episode 0 Step 27 Reward -6.30269 Time 5.15154
[DDPG] Quadruped Not Upright
[DDPG] Episode 0 Step 28 Reward -5.34883 Time 5.28827
[DDPG] Quadruped Not Upright
[DDPG] Episode 0 Step 29 Reward -4.80029 Time 5.20739
[DDPG] Quadruped Not Upright
[DDPG] Episode 0 Step 30 Reward -6.22614 Time 5.35807
[DDPG] Quadruped Not Upright
[DDPG] Episode 0 Step 31 Reward -4.92402 Time 5.24313
[DDPG] Quadruped Not Upright
[DDPG] Episode 0 Step 32 Reward -6.81525 Time 5.53063
[DDPG] Quadruped Not Upright
[DDPG] Episode 0 Step 33 Reward -4.79551 Time 5.67280
[DDPG] Quadruped Not Upright
[DDPG] Episode 0 Step 34 Reward -6.27823 Time 5.58461
[DDPG] Quadruped Not Upright
[DDPG] Episode 0 Step 35 Reward -5.10463 Time 5.50649
[DDPG] Quadruped Not Upright
[DDPG] Episode 0 Step 36 Reward -5.45269 Time 5.20238
[DDPG] Quadruped Not Upright
[DDPG] Episode 0 Step 37 Reward -5.08019 Time 5.58406
[DDPG] Quadruped Not Upright
[DDPG] Episode 0 Step 38 Reward -5.19490 Time 5.36772
[DDPG] Quadruped Not Upright
[DDPG] Episode 0 Step 39 Reward -5.11307 Time 5.31992
[DDPG] Quadruped Not Upright
[DDPG] Episode 0 Step 40 Reward -4.86210 Time 5.59280
[DDPG] Quadruped Not Upright
[DDPG] Episode 0 Step 41 Reward -5.79044 Time 5.39565
[DDPG] Quadruped Not Upright
[DDPG] Episode 0 Step 42 Reward -3.98317 Time 5.31212
[DDPG] Quadruped Not Upright
[DDPG] Episode 0 Step 43 Reward -6.08628 Time 5.42433
[DDPG] Quadruped Not Upright
[DDPG] Episode 0 Step 44 Reward -5.16290 Time 5.50657
[DDPG] Quadruped Not Upright
[DDPG] Episode 0 Step 45 Reward -5.12126 Time 5.60242
[DDPG] Quadruped Not Upright
[DDPG] Episode 0 Step 46 Reward -5.18678 Time 5.50706
[DDPG] Quadruped Not Upright
[DDPG] Episode 0 Step 47 Reward -5.55613 Time 5.46625
[DDPG] Quadruped Not Upright
[DDPG] Episode 0 Step 48 Reward -4.98316 Time 5.39752
[DDPG] Quadruped Not Upright
[DDPG] Episode 0 Step 49 Reward -5.08466 Time 5.06848
[DDPG] Quadruped Not Upright
[DDPG] Episode 0 Step 50 Reward -5.56698 Time 5.52239
[DDPG] Quadruped Not Upright
[DDPG] Episode 0 Step 51 Reward -4.89796 Time 5.49192
[DDPG] Quadruped Not Upright
[DDPG] Episode 0 Step 52 Reward -5.19696 Time 5.57511
