2021-04-18 18:28:39.710736: I tensorflow/stream_executor/platform/default/dso_loader.cc:49] Successfully opened dynamic library libcudart.so.11.0
Unable to init server: Could not connect: Connection refused
Unable to init server: Could not connect: Connection refused

(rddpg.py:2608418): Gdk-CRITICAL **: 18:28:46.796: gdk_cursor_new_for_display: assertion 'GDK_IS_DISPLAY (display)' failed
2021-04-18 18:28:47.796162: I tensorflow/compiler/jit/xla_cpu_device.cc:41] Not creating XLA devices, tf_xla_enable_xla_devices not set
2021-04-18 18:28:47.804592: I tensorflow/stream_executor/platform/default/dso_loader.cc:49] Successfully opened dynamic library libcuda.so.1
2021-04-18 18:28:47.857476: I tensorflow/stream_executor/cuda/cuda_gpu_executor.cc:941] successful NUMA node read from SysFS had negative value (-1), but there must be at least one NUMA node, so returning NUMA node zero
2021-04-18 18:28:47.860996: I tensorflow/core/common_runtime/gpu/gpu_device.cc:1720] Found device 0 with properties: 
pciBusID: 0000:00:1e.0 name: Tesla T4 computeCapability: 7.5
coreClock: 1.59GHz coreCount: 40 deviceMemorySize: 14.75GiB deviceMemoryBandwidth: 298.08GiB/s
2021-04-18 18:28:47.861045: I tensorflow/stream_executor/platform/default/dso_loader.cc:49] Successfully opened dynamic library libcudart.so.11.0
2021-04-18 18:28:47.875916: I tensorflow/stream_executor/platform/default/dso_loader.cc:49] Successfully opened dynamic library libcublas.so.11
2021-04-18 18:28:47.876112: I tensorflow/stream_executor/platform/default/dso_loader.cc:49] Successfully opened dynamic library libcublasLt.so.11
2021-04-18 18:28:47.883632: I tensorflow/stream_executor/platform/default/dso_loader.cc:49] Successfully opened dynamic library libcufft.so.10
2021-04-18 18:28:47.885878: I tensorflow/stream_executor/platform/default/dso_loader.cc:49] Successfully opened dynamic library libcurand.so.10
2021-04-18 18:28:47.902552: I tensorflow/stream_executor/platform/default/dso_loader.cc:49] Successfully opened dynamic library libcusolver.so.10
2021-04-18 18:28:47.907801: I tensorflow/stream_executor/platform/default/dso_loader.cc:49] Successfully opened dynamic library libcusparse.so.11
2021-04-18 18:28:47.909951: I tensorflow/stream_executor/platform/default/dso_loader.cc:49] Successfully opened dynamic library libcudnn.so.8
2021-04-18 18:28:47.910230: I tensorflow/stream_executor/cuda/cuda_gpu_executor.cc:941] successful NUMA node read from SysFS had negative value (-1), but there must be at least one NUMA node, so returning NUMA node zero
2021-04-18 18:28:47.912297: I tensorflow/stream_executor/cuda/cuda_gpu_executor.cc:941] successful NUMA node read from SysFS had negative value (-1), but there must be at least one NUMA node, so returning NUMA node zero
2021-04-18 18:28:47.915757: I tensorflow/core/common_runtime/gpu/gpu_device.cc:1862] Adding visible gpu devices: 0
2021-04-18 18:28:48.009393: I tensorflow/core/platform/cpu_feature_guard.cc:142] This TensorFlow binary is optimized with oneAPI Deep Neural Network Library (oneDNN) to use the following CPU instructions in performance-critical operations:  AVX2 AVX512F FMA
To enable them in other operations, rebuild TensorFlow with the appropriate compiler flags.
2021-04-18 18:28:48.012404: I tensorflow/compiler/jit/xla_gpu_device.cc:99] Not creating XLA devices, tf_xla_enable_xla_devices not set
2021-04-18 18:28:48.013676: I tensorflow/stream_executor/cuda/cuda_gpu_executor.cc:941] successful NUMA node read from SysFS had negative value (-1), but there must be at least one NUMA node, so returning NUMA node zero
2021-04-18 18:28:48.016616: I tensorflow/core/common_runtime/gpu/gpu_device.cc:1720] Found device 0 with properties: 
pciBusID: 0000:00:1e.0 name: Tesla T4 computeCapability: 7.5
coreClock: 1.59GHz coreCount: 40 deviceMemorySize: 14.75GiB deviceMemoryBandwidth: 298.08GiB/s
2021-04-18 18:28:48.017050: I tensorflow/stream_executor/platform/default/dso_loader.cc:49] Successfully opened dynamic library libcudart.so.11.0
2021-04-18 18:28:48.017758: I tensorflow/stream_executor/platform/default/dso_loader.cc:49] Successfully opened dynamic library libcublas.so.11
2021-04-18 18:28:48.018740: I tensorflow/stream_executor/platform/default/dso_loader.cc:49] Successfully opened dynamic library libcublasLt.so.11
2021-04-18 18:28:48.019135: I tensorflow/stream_executor/platform/default/dso_loader.cc:49] Successfully opened dynamic library libcufft.so.10
2021-04-18 18:28:48.020014: I tensorflow/stream_executor/platform/default/dso_loader.cc:49] Successfully opened dynamic library libcurand.so.10
2021-04-18 18:28:48.020190: I tensorflow/stream_executor/platform/default/dso_loader.cc:49] Successfully opened dynamic library libcusolver.so.10
2021-04-18 18:28:48.020351: I tensorflow/stream_executor/platform/default/dso_loader.cc:49] Successfully opened dynamic library libcusparse.so.11
2021-04-18 18:28:48.021832: I tensorflow/stream_executor/platform/default/dso_loader.cc:49] Successfully opened dynamic library libcudnn.so.8
2021-04-18 18:28:48.022616: I tensorflow/stream_executor/cuda/cuda_gpu_executor.cc:941] successful NUMA node read from SysFS had negative value (-1), but there must be at least one NUMA node, so returning NUMA node zero
2021-04-18 18:28:48.026294: I tensorflow/stream_executor/cuda/cuda_gpu_executor.cc:941] successful NUMA node read from SysFS had negative value (-1), but there must be at least one NUMA node, so returning NUMA node zero
2021-04-18 18:28:48.029256: I tensorflow/core/common_runtime/gpu/gpu_device.cc:1862] Adding visible gpu devices: 0
2021-04-18 18:28:48.029612: I tensorflow/stream_executor/platform/default/dso_loader.cc:49] Successfully opened dynamic library libcudart.so.11.0
2021-04-18 18:28:50.505516: I tensorflow/core/common_runtime/gpu/gpu_device.cc:1261] Device interconnect StreamExecutor with strength 1 edge matrix:
2021-04-18 18:28:50.505561: I tensorflow/core/common_runtime/gpu/gpu_device.cc:1267]      0 
2021-04-18 18:28:50.505573: I tensorflow/core/common_runtime/gpu/gpu_device.cc:1280] 0:   N 
2021-04-18 18:28:50.506091: I tensorflow/stream_executor/cuda/cuda_gpu_executor.cc:941] successful NUMA node read from SysFS had negative value (-1), but there must be at least one NUMA node, so returning NUMA node zero
2021-04-18 18:28:50.507327: I tensorflow/stream_executor/cuda/cuda_gpu_executor.cc:941] successful NUMA node read from SysFS had negative value (-1), but there must be at least one NUMA node, so returning NUMA node zero
2021-04-18 18:28:50.509772: I tensorflow/stream_executor/cuda/cuda_gpu_executor.cc:941] successful NUMA node read from SysFS had negative value (-1), but there must be at least one NUMA node, so returning NUMA node zero
2021-04-18 18:28:50.510676: I tensorflow/core/common_runtime/gpu/gpu_device.cc:1406] Created TensorFlow device (/job:localhost/replica:0/task:0/device:GPU:0 with 11299 MB memory) -> physical GPU (device: 0, name: Tesla T4, pci bus id: 0000:00:1e.0, compute capability: 7.5)
[DDPG] Building the actor model
[DDPG] Building the actor model
[DDPG] Building the critic cell
[DDPG] Building the critic model
[DDPG] Building the critic cell
[DDPG] Building the critic model
[DDPG] Waiting for joint trajectory action
[DDPG] Found joint trajectory action!
[DDPG] Waiting for joint trajectory action
[DDPG] Found joint trajectory action!
[DDPG] Waiting for joint trajectory action
[DDPG] Found joint trajectory action!
[DDPG] Waiting for joint trajectory action
[DDPG] Found joint trajectory action!
[0m[ INFO] [1618770544.099122707, 5.231000000]: Loading robot model 'quadruped'...[0m
[0m[ INFO] [1618770544.104055078, 5.233000000]: No root/virtual joint specified in SRDF. Assuming fixed joint[0m
[33m[ WARN] [1618770544.104251209, 5.233000000]: Link dummy_link has visual geometry but no collision geometry. Collision geometry will be left empty. Fix your URDF file by explicitly specifying collision geometry.[0m
[0m[ INFO] [1618770545.687800668, 5.928000000]: Ready to take commands for planning group front_right_leg.[0m
[0m[ INFO] [1618770546.967109214, 6.600000000]: Ready to take commands for planning group front_left_leg.[0m
[0m[ INFO] [1618770548.736335880, 7.400000000]: Ready to take commands for planning group back_right_leg.[0m
[0m[ INFO] [1618770550.966454054, 8.401000000]: Ready to take commands for planning group back_left_leg.[0m
[Actor] GPU>>>>>>>>>>>>
[Actor] [PhysicalDevice(name='/physical_device:GPU:0', device_type='GPU')]
Traceback (most recent call last):
  File "rddpg.py", line 1457, in <module>
    learner.pretrain_actor(args.experiment, args.out_path)
  File "rddpg.py", line 761, in pretrain_actor
    self._pretrain_loop(
TypeError: _pretrain_loop() got an unexpected keyword argument 'W'
2021-04-18 18:31:32.132793: I tensorflow/stream_executor/platform/default/dso_loader.cc:49] Successfully opened dynamic library libcudart.so.11.0
Unable to init server: Could not connect: Connection refused
Unable to init server: Could not connect: Connection refused

(rddpg.py:2609518): Gdk-CRITICAL **: 18:31:42.177: gdk_cursor_new_for_display: assertion 'GDK_IS_DISPLAY (display)' failed
2021-04-18 18:31:42.767168: I tensorflow/compiler/jit/xla_cpu_device.cc:41] Not creating XLA devices, tf_xla_enable_xla_devices not set
2021-04-18 18:31:42.769071: I tensorflow/stream_executor/platform/default/dso_loader.cc:49] Successfully opened dynamic library libcuda.so.1
2021-04-18 18:31:42.844344: I tensorflow/stream_executor/cuda/cuda_gpu_executor.cc:941] successful NUMA node read from SysFS had negative value (-1), but there must be at least one NUMA node, so returning NUMA node zero
2021-04-18 18:31:42.847512: I tensorflow/core/common_runtime/gpu/gpu_device.cc:1720] Found device 0 with properties: 
pciBusID: 0000:00:1e.0 name: Tesla T4 computeCapability: 7.5
coreClock: 1.59GHz coreCount: 40 deviceMemorySize: 14.75GiB deviceMemoryBandwidth: 298.08GiB/s
2021-04-18 18:31:42.849301: I tensorflow/stream_executor/platform/default/dso_loader.cc:49] Successfully opened dynamic library libcudart.so.11.0
2021-04-18 18:31:42.867828: I tensorflow/stream_executor/platform/default/dso_loader.cc:49] Successfully opened dynamic library libcublas.so.11
2021-04-18 18:31:42.868561: I tensorflow/stream_executor/platform/default/dso_loader.cc:49] Successfully opened dynamic library libcublasLt.so.11
2021-04-18 18:31:42.876368: I tensorflow/stream_executor/platform/default/dso_loader.cc:49] Successfully opened dynamic library libcufft.so.10
2021-04-18 18:31:42.877886: I tensorflow/stream_executor/platform/default/dso_loader.cc:49] Successfully opened dynamic library libcurand.so.10
2021-04-18 18:31:42.899614: I tensorflow/stream_executor/platform/default/dso_loader.cc:49] Successfully opened dynamic library libcusolver.so.10
2021-04-18 18:31:42.903382: I tensorflow/stream_executor/platform/default/dso_loader.cc:49] Successfully opened dynamic library libcusparse.so.11
2021-04-18 18:31:42.904927: I tensorflow/stream_executor/platform/default/dso_loader.cc:49] Successfully opened dynamic library libcudnn.so.8
2021-04-18 18:31:42.906989: I tensorflow/stream_executor/cuda/cuda_gpu_executor.cc:941] successful NUMA node read from SysFS had negative value (-1), but there must be at least one NUMA node, so returning NUMA node zero
2021-04-18 18:31:42.912785: I tensorflow/stream_executor/cuda/cuda_gpu_executor.cc:941] successful NUMA node read from SysFS had negative value (-1), but there must be at least one NUMA node, so returning NUMA node zero
2021-04-18 18:31:42.915618: I tensorflow/core/common_runtime/gpu/gpu_device.cc:1862] Adding visible gpu devices: 0
2021-04-18 18:31:42.977073: I tensorflow/core/platform/cpu_feature_guard.cc:142] This TensorFlow binary is optimized with oneAPI Deep Neural Network Library (oneDNN) to use the following CPU instructions in performance-critical operations:  AVX2 AVX512F FMA
To enable them in other operations, rebuild TensorFlow with the appropriate compiler flags.
2021-04-18 18:31:42.977705: I tensorflow/compiler/jit/xla_gpu_device.cc:99] Not creating XLA devices, tf_xla_enable_xla_devices not set
2021-04-18 18:31:42.978494: I tensorflow/stream_executor/cuda/cuda_gpu_executor.cc:941] successful NUMA node read from SysFS had negative value (-1), but there must be at least one NUMA node, so returning NUMA node zero
2021-04-18 18:31:42.979739: I tensorflow/core/common_runtime/gpu/gpu_device.cc:1720] Found device 0 with properties: 
pciBusID: 0000:00:1e.0 name: Tesla T4 computeCapability: 7.5
coreClock: 1.59GHz coreCount: 40 deviceMemorySize: 14.75GiB deviceMemoryBandwidth: 298.08GiB/s
2021-04-18 18:31:42.979907: I tensorflow/stream_executor/platform/default/dso_loader.cc:49] Successfully opened dynamic library libcudart.so.11.0
2021-04-18 18:31:42.981370: I tensorflow/stream_executor/platform/default/dso_loader.cc:49] Successfully opened dynamic library libcublas.so.11
2021-04-18 18:31:42.981894: I tensorflow/stream_executor/platform/default/dso_loader.cc:49] Successfully opened dynamic library libcublasLt.so.11
2021-04-18 18:31:42.982093: I tensorflow/stream_executor/platform/default/dso_loader.cc:49] Successfully opened dynamic library libcufft.so.10
2021-04-18 18:31:42.982393: I tensorflow/stream_executor/platform/default/dso_loader.cc:49] Successfully opened dynamic library libcurand.so.10
2021-04-18 18:31:42.982742: I tensorflow/stream_executor/platform/default/dso_loader.cc:49] Successfully opened dynamic library libcusolver.so.10
2021-04-18 18:31:42.982924: I tensorflow/stream_executor/platform/default/dso_loader.cc:49] Successfully opened dynamic library libcusparse.so.11
2021-04-18 18:31:42.983255: I tensorflow/stream_executor/platform/default/dso_loader.cc:49] Successfully opened dynamic library libcudnn.so.8
2021-04-18 18:31:42.983622: I tensorflow/stream_executor/cuda/cuda_gpu_executor.cc:941] successful NUMA node read from SysFS had negative value (-1), but there must be at least one NUMA node, so returning NUMA node zero
2021-04-18 18:31:42.984597: I tensorflow/stream_executor/cuda/cuda_gpu_executor.cc:941] successful NUMA node read from SysFS had negative value (-1), but there must be at least one NUMA node, so returning NUMA node zero
2021-04-18 18:31:42.985787: I tensorflow/core/common_runtime/gpu/gpu_device.cc:1862] Adding visible gpu devices: 0
2021-04-18 18:31:42.986151: I tensorflow/stream_executor/platform/default/dso_loader.cc:49] Successfully opened dynamic library libcudart.so.11.0
2021-04-18 18:31:44.987015: I tensorflow/core/common_runtime/gpu/gpu_device.cc:1261] Device interconnect StreamExecutor with strength 1 edge matrix:
2021-04-18 18:31:44.987085: I tensorflow/core/common_runtime/gpu/gpu_device.cc:1267]      0 
2021-04-18 18:31:44.987099: I tensorflow/core/common_runtime/gpu/gpu_device.cc:1280] 0:   N 
2021-04-18 18:31:44.988845: I tensorflow/stream_executor/cuda/cuda_gpu_executor.cc:941] successful NUMA node read from SysFS had negative value (-1), but there must be at least one NUMA node, so returning NUMA node zero
2021-04-18 18:31:44.990234: I tensorflow/stream_executor/cuda/cuda_gpu_executor.cc:941] successful NUMA node read from SysFS had negative value (-1), but there must be at least one NUMA node, so returning NUMA node zero
2021-04-18 18:31:44.991263: I tensorflow/stream_executor/cuda/cuda_gpu_executor.cc:941] successful NUMA node read from SysFS had negative value (-1), but there must be at least one NUMA node, so returning NUMA node zero
2021-04-18 18:31:44.992505: I tensorflow/core/common_runtime/gpu/gpu_device.cc:1406] Created TensorFlow device (/job:localhost/replica:0/task:0/device:GPU:0 with 11299 MB memory) -> physical GPU (device: 0, name: Tesla T4, pci bus id: 0000:00:1e.0, compute capability: 7.5)
[DDPG] Building the actor model
[DDPG] Building the actor model
[DDPG] Building the critic cell
[DDPG] Building the critic model
[DDPG] Building the critic cell
[DDPG] Building the critic model
[DDPG] Waiting for joint trajectory action
[DDPG] Found joint trajectory action!
[DDPG] Waiting for joint trajectory action
[DDPG] Found joint trajectory action!
[DDPG] Waiting for joint trajectory action
[DDPG] Found joint trajectory action!
[DDPG] Waiting for joint trajectory action
[DDPG] Found joint trajectory action!
[0m[ INFO] [1618770718.173985758, 7.389000000]: Loading robot model 'quadruped'...[0m
[0m[ INFO] [1618770718.175112660, 7.389000000]: No root/virtual joint specified in SRDF. Assuming fixed joint[0m
[33m[ WARN] [1618770718.175330000, 7.389000000]: Link dummy_link has visual geometry but no collision geometry. Collision geometry will be left empty. Fix your URDF file by explicitly specifying collision geometry.[0m
[0m[ INFO] [1618770719.779313491, 8.124000000]: Ready to take commands for planning group front_right_leg.[0m
[0m[ INFO] [1618770721.326559032, 8.880000000]: Ready to take commands for planning group front_left_leg.[0m
[0m[ INFO] [1618770723.006863219, 9.679000000]: Ready to take commands for planning group back_right_leg.[0m
[0m[ INFO] [1618770724.813381361, 10.480000000]: Ready to take commands for planning group back_left_leg.[0m
[Actor] GPU>>>>>>>>>>>>
[Actor] [PhysicalDevice(name='/physical_device:GPU:0', device_type='GPU')]
[Actor] Dataset <PrefetchDataset shapes: (((15, 10, 6), (15, 10, 76), (15, 60), (15, 150), (15, 45)), ((15, 10, 25, 12), (15, 10, 1), (15, 10, 12), (15, 10, 12))), types: ((tf.float32, tf.float64, tf.float32, tf.float32, tf.float32), (tf.float32, tf.float32, tf.float32, tf.float32))>
[Actor] Starting Actor Pretraining
[Actor] Starting Episode 0
2021-04-18 18:32:58.617583: I tensorflow/stream_executor/platform/default/dso_loader.cc:49] Successfully opened dynamic library libcublas.so.11
2021-04-18 18:33:00.508010: I tensorflow/stream_executor/platform/default/dso_loader.cc:49] Successfully opened dynamic library libcublasLt.so.11
[Actor] Episode 0 Step 0 Loss: 3.3719325065612793
[Actor] Episode 0 Step 1 Loss: 2.4589648246765137
[Actor] Episode 0 Step 2 Loss: 2.9176056385040283
[Actor] Episode 0 Step 3 Loss: 2.4586262702941895
[Actor] Episode 0 Step 4 Loss: 1.7497612237930298
[Actor] Episode 0 Step 5 Loss: 1.4746484756469727
[Actor] Episode 0 Step 6 Loss: 1.3287267684936523
[Actor] Episode 0 Step 7 Loss: 1.1773626804351807
[Actor] Episode 0 Step 8 Loss: 0.9186042547225952
-------------------------------------------------
[Actor] Episode 0 Average Loss: 1.9840258492363825
[Actor] Learning Rate: 0.009872585535049438
[Actor] Epoch Time: 199.60907196998596s
-------------------------------------------------
[Actor] Starting Episode 1
[Actor] Episode 1 Step 0 Loss: 0.8657968640327454
[Actor] Episode 1 Step 1 Loss: 0.8424410820007324
[Actor] Episode 1 Step 2 Loss: 0.86609947681427
[Actor] Episode 1 Step 3 Loss: 0.6923902630805969
[Actor] Episode 1 Step 4 Loss: 0.6951953768730164
[Actor] Episode 1 Step 5 Loss: 0.7077765464782715
[Actor] Episode 1 Step 6 Loss: 0.6679710149765015
[Actor] Episode 1 Step 7 Loss: 0.5958794951438904
[Actor] Episode 1 Step 8 Loss: 0.5087149143218994
-------------------------------------------------
[Actor] Episode 1 Average Loss: 0.7158072259691026
[Actor] Learning Rate: 0.009746793657541275
[Actor] Epoch Time: 202.29728198051453s
-------------------------------------------------
[Actor] Starting Episode 2
[Actor] Episode 2 Step 0 Loss: 0.602263331413269
[Actor] Episode 2 Step 1 Loss: 0.45460987091064453
[Actor] Episode 2 Step 2 Loss: 0.4664418399333954
[Actor] Episode 2 Step 3 Loss: 0.5260186195373535
[Actor] Episode 2 Step 4 Loss: 0.6155502200126648
[Actor] Episode 2 Step 5 Loss: 0.5779234766960144
[Actor] Episode 2 Step 6 Loss: 0.5331525802612305
[Actor] Episode 2 Step 7 Loss: 0.4869658052921295
[Actor] Episode 2 Step 8 Loss: 0.5858760476112366
-------------------------------------------------
[Actor] Episode 2 Average Loss: 0.5387557546297709
[Actor] Learning Rate: 0.0096226055175066
[Actor] Epoch Time: 196.241117477417s
-------------------------------------------------
[Actor] Starting Episode 3
[Actor] Episode 3 Step 0 Loss: 0.41104942560195923
[Actor] Episode 3 Step 1 Loss: 0.5863560438156128
[Actor] Episode 3 Step 2 Loss: 0.5041981935501099
[Actor] Episode 3 Step 3 Loss: 0.5339070558547974
[Actor] Episode 3 Step 4 Loss: 0.3704623878002167
[Actor] Episode 3 Step 5 Loss: 0.40163806080818176
[Actor] Episode 3 Step 6 Loss: 0.41211259365081787
[Actor] Episode 3 Step 7 Loss: 0.4548325538635254
[Actor] Episode 3 Step 8 Loss: 0.435103178024292
-------------------------------------------------
[Actor] Episode 3 Average Loss: 0.45662883255216813
[Actor] Learning Rate: 0.009499998763203621
[Actor] Epoch Time: 194.46364164352417s
-------------------------------------------------
[Actor] Starting Episode 4
[Actor] Episode 4 Step 0 Loss: 0.42467939853668213
[Actor] Episode 4 Step 1 Loss: 0.3925163447856903
[Actor] Episode 4 Step 2 Loss: 0.43626463413238525
[Actor] Episode 4 Step 3 Loss: 0.3592444360256195
[Actor] Episode 4 Step 4 Loss: 0.41958779096603394
[Actor] Episode 4 Step 5 Loss: 0.423087477684021
[Actor] Episode 4 Step 6 Loss: 0.4823516607284546
[Actor] Episode 4 Step 7 Loss: 0.4009142518043518
[Actor] Episode 4 Step 8 Loss: 0.4902523458003998
-------------------------------------------------
[Actor] Episode 4 Average Loss: 0.42543314894040424
[Actor] Learning Rate: 0.009378955699503422
[Actor] Epoch Time: 190.02441430091858s
-------------------------------------------------
[Actor] Starting Episode 5
[Actor] Episode 5 Step 0 Loss: 0.4055280387401581
[Actor] Episode 5 Step 1 Loss: 0.5059362053871155
[Actor] Episode 5 Step 2 Loss: 0.3637634217739105
[Actor] Episode 5 Step 3 Loss: 0.4529246985912323
[Actor] Episode 5 Step 4 Loss: 0.33496880531311035
[Actor] Episode 5 Step 5 Loss: 0.4015275835990906
[Actor] Episode 5 Step 6 Loss: 0.40441715717315674
[Actor] Episode 5 Step 7 Loss: 0.43247079849243164
[Actor] Episode 5 Step 8 Loss: 0.43351420760154724
-------------------------------------------------
[Actor] Episode 5 Average Loss: 0.4150056574079726
[Actor] Learning Rate: 0.009259453974664211
[Actor] Epoch Time: 120.33815431594849s
-------------------------------------------------
[Actor] Starting Episode 6
[Actor] Episode 6 Step 0 Loss: 0.5153697729110718
2021-04-18 18:52:20.836469: I tensorflow/stream_executor/platform/default/dso_loader.cc:49] Successfully opened dynamic library libcudart.so.11.0
Unable to init server: Could not connect: Connection refused
Unable to init server: Could not connect: Connection refused

(rddpg.py:2616243): Gdk-CRITICAL **: 18:52:27.236: gdk_cursor_new_for_display: assertion 'GDK_IS_DISPLAY (display)' failed
2021-04-18 18:52:28.300219: I tensorflow/compiler/jit/xla_cpu_device.cc:41] Not creating XLA devices, tf_xla_enable_xla_devices not set
2021-04-18 18:52:28.303906: I tensorflow/stream_executor/platform/default/dso_loader.cc:49] Successfully opened dynamic library libcuda.so.1
2021-04-18 18:52:28.351392: I tensorflow/stream_executor/cuda/cuda_gpu_executor.cc:941] successful NUMA node read from SysFS had negative value (-1), but there must be at least one NUMA node, so returning NUMA node zero
2021-04-18 18:52:28.352220: I tensorflow/core/common_runtime/gpu/gpu_device.cc:1720] Found device 0 with properties: 
pciBusID: 0000:00:1e.0 name: Tesla T4 computeCapability: 7.5
coreClock: 1.59GHz coreCount: 40 deviceMemorySize: 14.75GiB deviceMemoryBandwidth: 298.08GiB/s
2021-04-18 18:52:28.352259: I tensorflow/stream_executor/platform/default/dso_loader.cc:49] Successfully opened dynamic library libcudart.so.11.0
2021-04-18 18:52:28.366867: I tensorflow/stream_executor/platform/default/dso_loader.cc:49] Successfully opened dynamic library libcublas.so.11
2021-04-18 18:52:28.367007: I tensorflow/stream_executor/platform/default/dso_loader.cc:49] Successfully opened dynamic library libcublasLt.so.11
2021-04-18 18:52:28.372162: I tensorflow/stream_executor/platform/default/dso_loader.cc:49] Successfully opened dynamic library libcufft.so.10
2021-04-18 18:52:28.372538: I tensorflow/stream_executor/platform/default/dso_loader.cc:49] Successfully opened dynamic library libcurand.so.10
2021-04-18 18:52:28.387042: I tensorflow/stream_executor/platform/default/dso_loader.cc:49] Successfully opened dynamic library libcusolver.so.10
2021-04-18 18:52:28.390408: I tensorflow/stream_executor/platform/default/dso_loader.cc:49] Successfully opened dynamic library libcusparse.so.11
2021-04-18 18:52:28.390656: I tensorflow/stream_executor/platform/default/dso_loader.cc:49] Successfully opened dynamic library libcudnn.so.8
2021-04-18 18:52:28.393702: I tensorflow/stream_executor/cuda/cuda_gpu_executor.cc:941] successful NUMA node read from SysFS had negative value (-1), but there must be at least one NUMA node, so returning NUMA node zero
2021-04-18 18:52:28.398218: I tensorflow/stream_executor/cuda/cuda_gpu_executor.cc:941] successful NUMA node read from SysFS had negative value (-1), but there must be at least one NUMA node, so returning NUMA node zero
2021-04-18 18:52:28.398935: I tensorflow/core/common_runtime/gpu/gpu_device.cc:1862] Adding visible gpu devices: 0
2021-04-18 18:52:28.466329: I tensorflow/core/platform/cpu_feature_guard.cc:142] This TensorFlow binary is optimized with oneAPI Deep Neural Network Library (oneDNN) to use the following CPU instructions in performance-critical operations:  AVX2 AVX512F FMA
To enable them in other operations, rebuild TensorFlow with the appropriate compiler flags.
2021-04-18 18:52:28.466564: I tensorflow/compiler/jit/xla_gpu_device.cc:99] Not creating XLA devices, tf_xla_enable_xla_devices not set
2021-04-18 18:52:28.466790: I tensorflow/stream_executor/cuda/cuda_gpu_executor.cc:941] successful NUMA node read from SysFS had negative value (-1), but there must be at least one NUMA node, so returning NUMA node zero
2021-04-18 18:52:28.476415: I tensorflow/core/common_runtime/gpu/gpu_device.cc:1720] Found device 0 with properties: 
pciBusID: 0000:00:1e.0 name: Tesla T4 computeCapability: 7.5
coreClock: 1.59GHz coreCount: 40 deviceMemorySize: 14.75GiB deviceMemoryBandwidth: 298.08GiB/s
2021-04-18 18:52:28.476453: I tensorflow/stream_executor/platform/default/dso_loader.cc:49] Successfully opened dynamic library libcudart.so.11.0
2021-04-18 18:52:28.476584: I tensorflow/stream_executor/platform/default/dso_loader.cc:49] Successfully opened dynamic library libcublas.so.11
2021-04-18 18:52:28.476669: I tensorflow/stream_executor/platform/default/dso_loader.cc:49] Successfully opened dynamic library libcublasLt.so.11
2021-04-18 18:52:28.476729: I tensorflow/stream_executor/platform/default/dso_loader.cc:49] Successfully opened dynamic library libcufft.so.10
2021-04-18 18:52:28.476774: I tensorflow/stream_executor/platform/default/dso_loader.cc:49] Successfully opened dynamic library libcurand.so.10
2021-04-18 18:52:28.476817: I tensorflow/stream_executor/platform/default/dso_loader.cc:49] Successfully opened dynamic library libcusolver.so.10
2021-04-18 18:52:28.476858: I tensorflow/stream_executor/platform/default/dso_loader.cc:49] Successfully opened dynamic library libcusparse.so.11
2021-04-18 18:52:28.476900: I tensorflow/stream_executor/platform/default/dso_loader.cc:49] Successfully opened dynamic library libcudnn.so.8
2021-04-18 18:52:28.477046: I tensorflow/stream_executor/cuda/cuda_gpu_executor.cc:941] successful NUMA node read from SysFS had negative value (-1), but there must be at least one NUMA node, so returning NUMA node zero
2021-04-18 18:52:28.479706: I tensorflow/stream_executor/cuda/cuda_gpu_executor.cc:941] successful NUMA node read from SysFS had negative value (-1), but there must be at least one NUMA node, so returning NUMA node zero
2021-04-18 18:52:28.484275: I tensorflow/core/common_runtime/gpu/gpu_device.cc:1862] Adding visible gpu devices: 0
2021-04-18 18:52:28.484326: I tensorflow/stream_executor/platform/default/dso_loader.cc:49] Successfully opened dynamic library libcudart.so.11.0
2021-04-18 18:52:31.051877: I tensorflow/core/common_runtime/gpu/gpu_device.cc:1261] Device interconnect StreamExecutor with strength 1 edge matrix:
2021-04-18 18:52:31.051926: I tensorflow/core/common_runtime/gpu/gpu_device.cc:1267]      0 
2021-04-18 18:52:31.051939: I tensorflow/core/common_runtime/gpu/gpu_device.cc:1280] 0:   N 
2021-04-18 18:52:31.053669: I tensorflow/stream_executor/cuda/cuda_gpu_executor.cc:941] successful NUMA node read from SysFS had negative value (-1), but there must be at least one NUMA node, so returning NUMA node zero
2021-04-18 18:52:31.056366: I tensorflow/stream_executor/cuda/cuda_gpu_executor.cc:941] successful NUMA node read from SysFS had negative value (-1), but there must be at least one NUMA node, so returning NUMA node zero
2021-04-18 18:52:31.057340: I tensorflow/stream_executor/cuda/cuda_gpu_executor.cc:941] successful NUMA node read from SysFS had negative value (-1), but there must be at least one NUMA node, so returning NUMA node zero
2021-04-18 18:52:31.059560: I tensorflow/core/common_runtime/gpu/gpu_device.cc:1406] Created TensorFlow device (/job:localhost/replica:0/task:0/device:GPU:0 with 11299 MB memory) -> physical GPU (device: 0, name: Tesla T4, pci bus id: 0000:00:1e.0, compute capability: 7.5)
[DDPG] Building the actor model
[DDPG] Building the actor model
[DDPG] Building the critic cell
[DDPG] Building the critic model
[DDPG] Building the critic cell
[DDPG] Building the critic model
[DDPG] Waiting for joint trajectory action
[DDPG] Found joint trajectory action!
[DDPG] Waiting for joint trajectory action
[DDPG] Found joint trajectory action!
[DDPG] Waiting for joint trajectory action
[DDPG] Found joint trajectory action!
[DDPG] Waiting for joint trajectory action
[DDPG] Found joint trajectory action!
[0m[ INFO] [1618771964.239233355, 5.564000000]: Loading robot model 'quadruped'...[0m
[0m[ INFO] [1618771964.240588585, 5.564000000]: No root/virtual joint specified in SRDF. Assuming fixed joint[0m
[33m[ WARN] [1618771964.240734977, 5.564000000]: Link dummy_link has visual geometry but no collision geometry. Collision geometry will be left empty. Fix your URDF file by explicitly specifying collision geometry.[0m
[0m[ INFO] [1618771965.910567430, 6.357000000]: Ready to take commands for planning group front_right_leg.[0m
[0m[ INFO] [1618771967.337893369, 6.990000000]: Ready to take commands for planning group front_left_leg.[0m
[0m[ INFO] [1618771969.609515995, 7.990000000]: Ready to take commands for planning group back_right_leg.[0m
[0m[ INFO] [1618771971.291364764, 8.790000000]: Ready to take commands for planning group back_left_leg.[0m
[Actor] GPU>>>>>>>>>>>>
[Actor] [PhysicalDevice(name='/physical_device:GPU:0', device_type='GPU')]
[Actor] Starting Actor Test
2021-04-18 18:53:42.970479: I tensorflow/stream_executor/platform/default/dso_loader.cc:49] Successfully opened dynamic library libcublas.so.11
2021-04-18 18:53:44.401413: I tensorflow/stream_executor/platform/default/dso_loader.cc:49] Successfully opened dynamic library libcublasLt.so.11
[Actor] Finishing Actor Test
[Actor] Dataset <PrefetchDataset shapes: (((15, 10, 6), (15, 10, 76), (15, 60), (15, 150), (15, 45)), ((15, 10, 25, 12), (15, 10, 1), (15, 10, 12), (15, 10, 12))), types: ((tf.float32, tf.float64, tf.float32, tf.float32, tf.float32), (tf.float32, tf.float32, tf.float32, tf.float32))>
[Actor] Starting Actor Pretraining
[Actor] Starting Episode 0
[Actor] Episode 0 Step 0 Loss: 3.110264778137207
[Actor] Episode 0 Step 1 Loss: 2.76809024810791
[Actor] Episode 0 Step 2 Loss: 2.956777572631836
2021-04-18 18:56:20.905175: I tensorflow/stream_executor/platform/default/dso_loader.cc:49] Successfully opened dynamic library libcudart.so.11.0
Unable to init server: Could not connect: Connection refused
Unable to init server: Could not connect: Connection refused

(rddpg.py:2617634): Gdk-CRITICAL **: 18:56:28.165: gdk_cursor_new_for_display: assertion 'GDK_IS_DISPLAY (display)' failed
2021-04-18 18:56:29.405926: I tensorflow/compiler/jit/xla_cpu_device.cc:41] Not creating XLA devices, tf_xla_enable_xla_devices not set
2021-04-18 18:56:29.411846: I tensorflow/stream_executor/platform/default/dso_loader.cc:49] Successfully opened dynamic library libcuda.so.1
2021-04-18 18:56:29.472620: I tensorflow/stream_executor/cuda/cuda_gpu_executor.cc:941] successful NUMA node read from SysFS had negative value (-1), but there must be at least one NUMA node, so returning NUMA node zero
2021-04-18 18:56:29.476474: I tensorflow/core/common_runtime/gpu/gpu_device.cc:1720] Found device 0 with properties: 
pciBusID: 0000:00:1e.0 name: Tesla T4 computeCapability: 7.5
coreClock: 1.59GHz coreCount: 40 deviceMemorySize: 14.75GiB deviceMemoryBandwidth: 298.08GiB/s
2021-04-18 18:56:29.476611: I tensorflow/stream_executor/platform/default/dso_loader.cc:49] Successfully opened dynamic library libcudart.so.11.0
2021-04-18 18:56:29.498705: I tensorflow/stream_executor/platform/default/dso_loader.cc:49] Successfully opened dynamic library libcublas.so.11
2021-04-18 18:56:29.498849: I tensorflow/stream_executor/platform/default/dso_loader.cc:49] Successfully opened dynamic library libcublasLt.so.11
2021-04-18 18:56:29.507627: I tensorflow/stream_executor/platform/default/dso_loader.cc:49] Successfully opened dynamic library libcufft.so.10
2021-04-18 18:56:29.510372: I tensorflow/stream_executor/platform/default/dso_loader.cc:49] Successfully opened dynamic library libcurand.so.10
2021-04-18 18:56:29.535084: I tensorflow/stream_executor/platform/default/dso_loader.cc:49] Successfully opened dynamic library libcusolver.so.10
2021-04-18 18:56:29.538387: I tensorflow/stream_executor/platform/default/dso_loader.cc:49] Successfully opened dynamic library libcusparse.so.11
2021-04-18 18:56:29.541024: I tensorflow/stream_executor/platform/default/dso_loader.cc:49] Successfully opened dynamic library libcudnn.so.8
2021-04-18 18:56:29.541250: I tensorflow/stream_executor/cuda/cuda_gpu_executor.cc:941] successful NUMA node read from SysFS had negative value (-1), but there must be at least one NUMA node, so returning NUMA node zero
2021-04-18 18:56:29.545488: I tensorflow/stream_executor/cuda/cuda_gpu_executor.cc:941] successful NUMA node read from SysFS had negative value (-1), but there must be at least one NUMA node, so returning NUMA node zero
2021-04-18 18:56:29.548057: I tensorflow/core/common_runtime/gpu/gpu_device.cc:1862] Adding visible gpu devices: 0
2021-04-18 18:56:29.692612: I tensorflow/core/platform/cpu_feature_guard.cc:142] This TensorFlow binary is optimized with oneAPI Deep Neural Network Library (oneDNN) to use the following CPU instructions in performance-critical operations:  AVX2 AVX512F FMA
To enable them in other operations, rebuild TensorFlow with the appropriate compiler flags.
2021-04-18 18:56:29.692877: I tensorflow/compiler/jit/xla_gpu_device.cc:99] Not creating XLA devices, tf_xla_enable_xla_devices not set
2021-04-18 18:56:29.694003: I tensorflow/stream_executor/cuda/cuda_gpu_executor.cc:941] successful NUMA node read from SysFS had negative value (-1), but there must be at least one NUMA node, so returning NUMA node zero
2021-04-18 18:56:29.698160: I tensorflow/core/common_runtime/gpu/gpu_device.cc:1720] Found device 0 with properties: 
pciBusID: 0000:00:1e.0 name: Tesla T4 computeCapability: 7.5
coreClock: 1.59GHz coreCount: 40 deviceMemorySize: 14.75GiB deviceMemoryBandwidth: 298.08GiB/s
2021-04-18 18:56:29.698212: I tensorflow/stream_executor/platform/default/dso_loader.cc:49] Successfully opened dynamic library libcudart.so.11.0
2021-04-18 18:56:29.699954: I tensorflow/stream_executor/platform/default/dso_loader.cc:49] Successfully opened dynamic library libcublas.so.11
2021-04-18 18:56:29.700164: I tensorflow/stream_executor/platform/default/dso_loader.cc:49] Successfully opened dynamic library libcublasLt.so.11
2021-04-18 18:56:29.700272: I tensorflow/stream_executor/platform/default/dso_loader.cc:49] Successfully opened dynamic library libcufft.so.10
2021-04-18 18:56:29.700363: I tensorflow/stream_executor/platform/default/dso_loader.cc:49] Successfully opened dynamic library libcurand.so.10
2021-04-18 18:56:29.700469: I tensorflow/stream_executor/platform/default/dso_loader.cc:49] Successfully opened dynamic library libcusolver.so.10
2021-04-18 18:56:29.700538: I tensorflow/stream_executor/platform/default/dso_loader.cc:49] Successfully opened dynamic library libcusparse.so.11
2021-04-18 18:56:29.703888: I tensorflow/stream_executor/platform/default/dso_loader.cc:49] Successfully opened dynamic library libcudnn.so.8
2021-04-18 18:56:29.704114: I tensorflow/stream_executor/cuda/cuda_gpu_executor.cc:941] successful NUMA node read from SysFS had negative value (-1), but there must be at least one NUMA node, so returning NUMA node zero
2021-04-18 18:56:29.706163: I tensorflow/stream_executor/cuda/cuda_gpu_executor.cc:941] successful NUMA node read from SysFS had negative value (-1), but there must be at least one NUMA node, so returning NUMA node zero
2021-04-18 18:56:29.706877: I tensorflow/core/common_runtime/gpu/gpu_device.cc:1862] Adding visible gpu devices: 0
2021-04-18 18:56:29.706944: I tensorflow/stream_executor/platform/default/dso_loader.cc:49] Successfully opened dynamic library libcudart.so.11.0
2021-04-18 18:56:32.650409: I tensorflow/core/common_runtime/gpu/gpu_device.cc:1261] Device interconnect StreamExecutor with strength 1 edge matrix:
2021-04-18 18:56:32.651104: I tensorflow/core/common_runtime/gpu/gpu_device.cc:1267]      0 
2021-04-18 18:56:32.651240: I tensorflow/core/common_runtime/gpu/gpu_device.cc:1280] 0:   N 
2021-04-18 18:56:32.652230: I tensorflow/stream_executor/cuda/cuda_gpu_executor.cc:941] successful NUMA node read from SysFS had negative value (-1), but there must be at least one NUMA node, so returning NUMA node zero
2021-04-18 18:56:32.655106: I tensorflow/stream_executor/cuda/cuda_gpu_executor.cc:941] successful NUMA node read from SysFS had negative value (-1), but there must be at least one NUMA node, so returning NUMA node zero
2021-04-18 18:56:32.657511: I tensorflow/stream_executor/cuda/cuda_gpu_executor.cc:941] successful NUMA node read from SysFS had negative value (-1), but there must be at least one NUMA node, so returning NUMA node zero
2021-04-18 18:56:32.659540: I tensorflow/core/common_runtime/gpu/gpu_device.cc:1406] Created TensorFlow device (/job:localhost/replica:0/task:0/device:GPU:0 with 11299 MB memory) -> physical GPU (device: 0, name: Tesla T4, pci bus id: 0000:00:1e.0, compute capability: 7.5)
[DDPG] Building the actor model
[DDPG] Building the actor model
[DDPG] Building the critic cell
[DDPG] Building the critic model
[DDPG] Building the critic cell
[DDPG] Building the critic model
[DDPG] Waiting for joint trajectory action
[DDPG] Found joint trajectory action!
[DDPG] Waiting for joint trajectory action
[DDPG] Found joint trajectory action!
[DDPG] Waiting for joint trajectory action
[DDPG] Found joint trajectory action!
[DDPG] Waiting for joint trajectory action
[DDPG] Found joint trajectory action!
[0m[ INFO] [1618772206.314187214, 6.047000000]: Loading robot model 'quadruped'...[0m
[0m[ INFO] [1618772206.315369726, 6.048000000]: No root/virtual joint specified in SRDF. Assuming fixed joint[0m
[33m[ WARN] [1618772206.315704829, 6.048000000]: Link dummy_link has visual geometry but no collision geometry. Collision geometry will be left empty. Fix your URDF file by explicitly specifying collision geometry.[0m
[0m[ INFO] [1618772207.872252666, 6.748000000]: Ready to take commands for planning group front_right_leg.[0m
[0m[ INFO] [1618772209.363240627, 7.400000000]: Ready to take commands for planning group front_left_leg.[0m
[0m[ INFO] [1618772211.430231044, 8.200000000]: Ready to take commands for planning group back_right_leg.[0m
[0m[ INFO] [1618772213.594011186, 9.201000000]: Ready to take commands for planning group back_left_leg.[0m
[Actor] GPU>>>>>>>>>>>>
[Actor] [PhysicalDevice(name='/physical_device:GPU:0', device_type='GPU')]
[Actor] Starting Actor Test
2021-04-18 18:57:45.144791: I tensorflow/stream_executor/platform/default/dso_loader.cc:49] Successfully opened dynamic library libcublas.so.11
2021-04-18 18:57:46.887245: I tensorflow/stream_executor/platform/default/dso_loader.cc:49] Successfully opened dynamic library libcublasLt.so.11
[Actor] Finishing Actor Test
[Actor] Dataset <PrefetchDataset shapes: (((15, 10, 6), (15, 10, 76), (15, 60), (15, 150), (15, 45)), ((15, 10, 25, 12), (15, 10, 1), (15, 10, 12), (15, 10, 12))), types: ((tf.float32, tf.float64, tf.float32, tf.float32, tf.float32), (tf.float32, tf.float32, tf.float32, tf.float32))>
[Actor] Starting Actor Pretraining
[Actor] Starting Episode 0
[Actor] Episode 0 Step 0 Loss: 3.476006507873535
[Actor] Episode 0 Step 1 Loss: 3.1085245609283447
[Actor] Episode 0 Step 2 Loss: 3.5942420959472656
[Actor] Episode 0 Step 3 Loss: 2.4460763931274414
[Actor] Episode 0 Step 4 Loss: 1.9143023490905762
[Actor] Episode 0 Step 5 Loss: 1.7295252084732056
[Actor] Episode 0 Step 6 Loss: 1.6515874862670898
[Actor] Episode 0 Step 7 Loss: 1.5387861728668213
[Actor] Episode 0 Step 8 Loss: 1.2556873559951782
-------------------------------------------------
[Actor] Episode 0 Average Loss: 2.301637570063273
[Actor] Learning Rate: 0.009872585535049438
[Actor] Epoch Time: 194.16191482543945s
-------------------------------------------------
[Actor] Starting Episode 1
[Actor] Episode 1 Step 0 Loss: 1.006414532661438
2021-04-18 19:02:21.357550: I tensorflow/stream_executor/platform/default/dso_loader.cc:49] Successfully opened dynamic library libcudart.so.11.0
Unable to init server: Could not connect: Connection refused
Unable to init server: Could not connect: Connection refused

(rddpg.py:2619570): Gdk-CRITICAL **: 19:02:26.986: gdk_cursor_new_for_display: assertion 'GDK_IS_DISPLAY (display)' failed
2021-04-18 19:02:28.426151: I tensorflow/compiler/jit/xla_cpu_device.cc:41] Not creating XLA devices, tf_xla_enable_xla_devices not set
2021-04-18 19:02:28.431236: I tensorflow/stream_executor/platform/default/dso_loader.cc:49] Successfully opened dynamic library libcuda.so.1
2021-04-18 19:02:28.474953: I tensorflow/stream_executor/cuda/cuda_gpu_executor.cc:941] successful NUMA node read from SysFS had negative value (-1), but there must be at least one NUMA node, so returning NUMA node zero
2021-04-18 19:02:28.478543: I tensorflow/core/common_runtime/gpu/gpu_device.cc:1720] Found device 0 with properties: 
pciBusID: 0000:00:1e.0 name: Tesla T4 computeCapability: 7.5
coreClock: 1.59GHz coreCount: 40 deviceMemorySize: 14.75GiB deviceMemoryBandwidth: 298.08GiB/s
2021-04-18 19:02:28.478590: I tensorflow/stream_executor/platform/default/dso_loader.cc:49] Successfully opened dynamic library libcudart.so.11.0
2021-04-18 19:02:28.491170: I tensorflow/stream_executor/platform/default/dso_loader.cc:49] Successfully opened dynamic library libcublas.so.11
2021-04-18 19:02:28.494751: I tensorflow/stream_executor/platform/default/dso_loader.cc:49] Successfully opened dynamic library libcublasLt.so.11
2021-04-18 19:02:28.500277: I tensorflow/stream_executor/platform/default/dso_loader.cc:49] Successfully opened dynamic library libcufft.so.10
2021-04-18 19:02:28.503491: I tensorflow/stream_executor/platform/default/dso_loader.cc:49] Successfully opened dynamic library libcurand.so.10
2021-04-18 19:02:28.519274: I tensorflow/stream_executor/platform/default/dso_loader.cc:49] Successfully opened dynamic library libcusolver.so.10
2021-04-18 19:02:28.522575: I tensorflow/stream_executor/platform/default/dso_loader.cc:49] Successfully opened dynamic library libcusparse.so.11
2021-04-18 19:02:28.522840: I tensorflow/stream_executor/platform/default/dso_loader.cc:49] Successfully opened dynamic library libcudnn.so.8
2021-04-18 19:02:28.523026: I tensorflow/stream_executor/cuda/cuda_gpu_executor.cc:941] successful NUMA node read from SysFS had negative value (-1), but there must be at least one NUMA node, so returning NUMA node zero
2021-04-18 19:02:28.525744: I tensorflow/stream_executor/cuda/cuda_gpu_executor.cc:941] successful NUMA node read from SysFS had negative value (-1), but there must be at least one NUMA node, so returning NUMA node zero
2021-04-18 19:02:28.529896: I tensorflow/core/common_runtime/gpu/gpu_device.cc:1862] Adding visible gpu devices: 0
2021-04-18 19:02:28.607671: I tensorflow/core/platform/cpu_feature_guard.cc:142] This TensorFlow binary is optimized with oneAPI Deep Neural Network Library (oneDNN) to use the following CPU instructions in performance-critical operations:  AVX2 AVX512F FMA
To enable them in other operations, rebuild TensorFlow with the appropriate compiler flags.
2021-04-18 19:02:28.607910: I tensorflow/compiler/jit/xla_gpu_device.cc:99] Not creating XLA devices, tf_xla_enable_xla_devices not set
2021-04-18 19:02:28.608130: I tensorflow/stream_executor/cuda/cuda_gpu_executor.cc:941] successful NUMA node read from SysFS had negative value (-1), but there must be at least one NUMA node, so returning NUMA node zero
2021-04-18 19:02:28.611102: I tensorflow/core/common_runtime/gpu/gpu_device.cc:1720] Found device 0 with properties: 
pciBusID: 0000:00:1e.0 name: Tesla T4 computeCapability: 7.5
coreClock: 1.59GHz coreCount: 40 deviceMemorySize: 14.75GiB deviceMemoryBandwidth: 298.08GiB/s
2021-04-18 19:02:28.611153: I tensorflow/stream_executor/platform/default/dso_loader.cc:49] Successfully opened dynamic library libcudart.so.11.0
2021-04-18 19:02:28.611273: I tensorflow/stream_executor/platform/default/dso_loader.cc:49] Successfully opened dynamic library libcublas.so.11
2021-04-18 19:02:28.611321: I tensorflow/stream_executor/platform/default/dso_loader.cc:49] Successfully opened dynamic library libcublasLt.so.11
2021-04-18 19:02:28.611360: I tensorflow/stream_executor/platform/default/dso_loader.cc:49] Successfully opened dynamic library libcufft.so.10
2021-04-18 19:02:28.611397: I tensorflow/stream_executor/platform/default/dso_loader.cc:49] Successfully opened dynamic library libcurand.so.10
2021-04-18 19:02:28.611437: I tensorflow/stream_executor/platform/default/dso_loader.cc:49] Successfully opened dynamic library libcusolver.so.10
2021-04-18 19:02:28.611475: I tensorflow/stream_executor/platform/default/dso_loader.cc:49] Successfully opened dynamic library libcusparse.so.11
2021-04-18 19:02:28.611512: I tensorflow/stream_executor/platform/default/dso_loader.cc:49] Successfully opened dynamic library libcudnn.so.8
2021-04-18 19:02:28.611673: I tensorflow/stream_executor/cuda/cuda_gpu_executor.cc:941] successful NUMA node read from SysFS had negative value (-1), but there must be at least one NUMA node, so returning NUMA node zero
2021-04-18 19:02:28.612560: I tensorflow/stream_executor/cuda/cuda_gpu_executor.cc:941] successful NUMA node read from SysFS had negative value (-1), but there must be at least one NUMA node, so returning NUMA node zero
2021-04-18 19:02:28.613264: I tensorflow/core/common_runtime/gpu/gpu_device.cc:1862] Adding visible gpu devices: 0
2021-04-18 19:02:28.616648: I tensorflow/stream_executor/platform/default/dso_loader.cc:49] Successfully opened dynamic library libcudart.so.11.0
2021-04-18 19:02:30.943668: I tensorflow/core/common_runtime/gpu/gpu_device.cc:1261] Device interconnect StreamExecutor with strength 1 edge matrix:
2021-04-18 19:02:30.943755: I tensorflow/core/common_runtime/gpu/gpu_device.cc:1267]      0 
2021-04-18 19:02:30.943772: I tensorflow/core/common_runtime/gpu/gpu_device.cc:1280] 0:   N 
2021-04-18 19:02:30.944449: I tensorflow/stream_executor/cuda/cuda_gpu_executor.cc:941] successful NUMA node read from SysFS had negative value (-1), but there must be at least one NUMA node, so returning NUMA node zero
2021-04-18 19:02:30.945595: I tensorflow/stream_executor/cuda/cuda_gpu_executor.cc:941] successful NUMA node read from SysFS had negative value (-1), but there must be at least one NUMA node, so returning NUMA node zero
2021-04-18 19:02:30.946861: I tensorflow/stream_executor/cuda/cuda_gpu_executor.cc:941] successful NUMA node read from SysFS had negative value (-1), but there must be at least one NUMA node, so returning NUMA node zero
2021-04-18 19:02:30.947751: I tensorflow/core/common_runtime/gpu/gpu_device.cc:1406] Created TensorFlow device (/job:localhost/replica:0/task:0/device:GPU:0 with 11299 MB memory) -> physical GPU (device: 0, name: Tesla T4, pci bus id: 0000:00:1e.0, compute capability: 7.5)
[DDPG] Building the actor model
[DDPG] Building the actor model
[DDPG] Building the critic cell
[DDPG] Building the critic model
[DDPG] Building the critic cell
[DDPG] Building the critic model
[DDPG] Waiting for joint trajectory action
[DDPG] Found joint trajectory action!
[DDPG] Waiting for joint trajectory action
[DDPG] Found joint trajectory action!
[DDPG] Waiting for joint trajectory action
[DDPG] Found joint trajectory action!
[DDPG] Waiting for joint trajectory action
[DDPG] Found joint trajectory action!
[0m[ INFO] [1618772562.851067599, 5.790000000]: Loading robot model 'quadruped'...[0m
[0m[ INFO] [1618772562.852446961, 5.790000000]: No root/virtual joint specified in SRDF. Assuming fixed joint[0m
[33m[ WARN] [1618772562.852858576, 5.790000000]: Link dummy_link has visual geometry but no collision geometry. Collision geometry will be left empty. Fix your URDF file by explicitly specifying collision geometry.[0m
[0m[ INFO] [1618772564.366674265, 6.512000000]: Ready to take commands for planning group front_right_leg.[0m
[0m[ INFO] [1618772565.856999163, 7.190000000]: Ready to take commands for planning group front_left_leg.[0m
[0m[ INFO] [1618772567.540663735, 7.990000000]: Ready to take commands for planning group back_right_leg.[0m
[0m[ INFO] [1618772569.219520346, 8.790000000]: Ready to take commands for planning group back_left_leg.[0m
[Actor] GPU>>>>>>>>>>>>
[Actor] [PhysicalDevice(name='/physical_device:GPU:0', device_type='GPU')]
[Actor] Starting Actor Test
2021-04-18 19:03:41.838805: I tensorflow/stream_executor/platform/default/dso_loader.cc:49] Successfully opened dynamic library libcublas.so.11
2021-04-18 19:03:43.556077: I tensorflow/stream_executor/platform/default/dso_loader.cc:49] Successfully opened dynamic library libcublasLt.so.11
[Actor] Finishing Actor Test
[Actor] Dataset <PrefetchDataset shapes: (((15, 10, 6), (15, 10, 76), (15, 60), (15, 150), (15, 45)), ((15, 10, 100, 12), (15, 10, 1), (15, 10, 12), (15, 10, 12))), types: ((tf.float32, tf.float64, tf.float32, tf.float32, tf.float32), (tf.float32, tf.float32, tf.float32, tf.float32))>
[Actor] Starting Actor Pretraining
[Actor] Starting Episode 0
2021-04-18 19:05:49.126570: I tensorflow/stream_executor/platform/default/dso_loader.cc:49] Successfully opened dynamic library libcudart.so.11.0
Unable to init server: Could not connect: Connection refused
Unable to init server: Could not connect: Connection refused

(rddpg.py:2621763): Gdk-CRITICAL **: 19:05:55.134: gdk_cursor_new_for_display: assertion 'GDK_IS_DISPLAY (display)' failed
2021-04-18 19:05:55.913981: I tensorflow/compiler/jit/xla_cpu_device.cc:41] Not creating XLA devices, tf_xla_enable_xla_devices not set
2021-04-18 19:05:55.918639: I tensorflow/stream_executor/platform/default/dso_loader.cc:49] Successfully opened dynamic library libcuda.so.1
2021-04-18 19:05:55.956959: I tensorflow/stream_executor/cuda/cuda_gpu_executor.cc:941] successful NUMA node read from SysFS had negative value (-1), but there must be at least one NUMA node, so returning NUMA node zero
2021-04-18 19:05:55.958701: I tensorflow/core/common_runtime/gpu/gpu_device.cc:1720] Found device 0 with properties: 
pciBusID: 0000:00:1e.0 name: Tesla T4 computeCapability: 7.5
coreClock: 1.59GHz coreCount: 40 deviceMemorySize: 14.75GiB deviceMemoryBandwidth: 298.08GiB/s
2021-04-18 19:05:55.958740: I tensorflow/stream_executor/platform/default/dso_loader.cc:49] Successfully opened dynamic library libcudart.so.11.0
2021-04-18 19:05:55.972171: I tensorflow/stream_executor/platform/default/dso_loader.cc:49] Successfully opened dynamic library libcublas.so.11
2021-04-18 19:05:55.972298: I tensorflow/stream_executor/platform/default/dso_loader.cc:49] Successfully opened dynamic library libcublasLt.so.11
2021-04-18 19:05:55.977689: I tensorflow/stream_executor/platform/default/dso_loader.cc:49] Successfully opened dynamic library libcufft.so.10
2021-04-18 19:05:55.978129: I tensorflow/stream_executor/platform/default/dso_loader.cc:49] Successfully opened dynamic library libcurand.so.10
2021-04-18 19:05:55.990267: I tensorflow/stream_executor/platform/default/dso_loader.cc:49] Successfully opened dynamic library libcusolver.so.10
2021-04-18 19:05:55.993222: I tensorflow/stream_executor/platform/default/dso_loader.cc:49] Successfully opened dynamic library libcusparse.so.11
2021-04-18 19:05:55.993478: I tensorflow/stream_executor/platform/default/dso_loader.cc:49] Successfully opened dynamic library libcudnn.so.8
2021-04-18 19:05:55.994684: I tensorflow/stream_executor/cuda/cuda_gpu_executor.cc:941] successful NUMA node read from SysFS had negative value (-1), but there must be at least one NUMA node, so returning NUMA node zero
2021-04-18 19:05:55.997461: I tensorflow/stream_executor/cuda/cuda_gpu_executor.cc:941] successful NUMA node read from SysFS had negative value (-1), but there must be at least one NUMA node, so returning NUMA node zero
2021-04-18 19:05:55.999366: I tensorflow/core/common_runtime/gpu/gpu_device.cc:1862] Adding visible gpu devices: 0
2021-04-18 19:05:56.092155: I tensorflow/core/platform/cpu_feature_guard.cc:142] This TensorFlow binary is optimized with oneAPI Deep Neural Network Library (oneDNN) to use the following CPU instructions in performance-critical operations:  AVX2 AVX512F FMA
To enable them in other operations, rebuild TensorFlow with the appropriate compiler flags.
2021-04-18 19:05:56.093339: I tensorflow/compiler/jit/xla_gpu_device.cc:99] Not creating XLA devices, tf_xla_enable_xla_devices not set
2021-04-18 19:05:56.097916: I tensorflow/stream_executor/cuda/cuda_gpu_executor.cc:941] successful NUMA node read from SysFS had negative value (-1), but there must be at least one NUMA node, so returning NUMA node zero
2021-04-18 19:05:56.099972: I tensorflow/core/common_runtime/gpu/gpu_device.cc:1720] Found device 0 with properties: 
pciBusID: 0000:00:1e.0 name: Tesla T4 computeCapability: 7.5
coreClock: 1.59GHz coreCount: 40 deviceMemorySize: 14.75GiB deviceMemoryBandwidth: 298.08GiB/s
2021-04-18 19:05:56.100007: I tensorflow/stream_executor/platform/default/dso_loader.cc:49] Successfully opened dynamic library libcudart.so.11.0
2021-04-18 19:05:56.100148: I tensorflow/stream_executor/platform/default/dso_loader.cc:49] Successfully opened dynamic library libcublas.so.11
2021-04-18 19:05:56.104380: I tensorflow/stream_executor/platform/default/dso_loader.cc:49] Successfully opened dynamic library libcublasLt.so.11
2021-04-18 19:05:56.104737: I tensorflow/stream_executor/platform/default/dso_loader.cc:49] Successfully opened dynamic library libcufft.so.10
2021-04-18 19:05:56.104851: I tensorflow/stream_executor/platform/default/dso_loader.cc:49] Successfully opened dynamic library libcurand.so.10
2021-04-18 19:05:56.104936: I tensorflow/stream_executor/platform/default/dso_loader.cc:49] Successfully opened dynamic library libcusolver.so.10
2021-04-18 19:05:56.105021: I tensorflow/stream_executor/platform/default/dso_loader.cc:49] Successfully opened dynamic library libcusparse.so.11
2021-04-18 19:05:56.105103: I tensorflow/stream_executor/platform/default/dso_loader.cc:49] Successfully opened dynamic library libcudnn.so.8
2021-04-18 19:05:56.105291: I tensorflow/stream_executor/cuda/cuda_gpu_executor.cc:941] successful NUMA node read from SysFS had negative value (-1), but there must be at least one NUMA node, so returning NUMA node zero
2021-04-18 19:05:56.112470: I tensorflow/stream_executor/cuda/cuda_gpu_executor.cc:941] successful NUMA node read from SysFS had negative value (-1), but there must be at least one NUMA node, so returning NUMA node zero
2021-04-18 19:05:56.117512: I tensorflow/core/common_runtime/gpu/gpu_device.cc:1862] Adding visible gpu devices: 0
2021-04-18 19:05:56.118536: I tensorflow/stream_executor/platform/default/dso_loader.cc:49] Successfully opened dynamic library libcudart.so.11.0
2021-04-18 19:05:59.020422: I tensorflow/core/common_runtime/gpu/gpu_device.cc:1261] Device interconnect StreamExecutor with strength 1 edge matrix:
2021-04-18 19:05:59.020460: I tensorflow/core/common_runtime/gpu/gpu_device.cc:1267]      0 
2021-04-18 19:05:59.020472: I tensorflow/core/common_runtime/gpu/gpu_device.cc:1280] 0:   N 
2021-04-18 19:05:59.020857: I tensorflow/stream_executor/cuda/cuda_gpu_executor.cc:941] successful NUMA node read from SysFS had negative value (-1), but there must be at least one NUMA node, so returning NUMA node zero
2021-04-18 19:05:59.021851: I tensorflow/stream_executor/cuda/cuda_gpu_executor.cc:941] successful NUMA node read from SysFS had negative value (-1), but there must be at least one NUMA node, so returning NUMA node zero
2021-04-18 19:05:59.025573: I tensorflow/stream_executor/cuda/cuda_gpu_executor.cc:941] successful NUMA node read from SysFS had negative value (-1), but there must be at least one NUMA node, so returning NUMA node zero
2021-04-18 19:05:59.027142: I tensorflow/core/common_runtime/gpu/gpu_device.cc:1406] Created TensorFlow device (/job:localhost/replica:0/task:0/device:GPU:0 with 11299 MB memory) -> physical GPU (device: 0, name: Tesla T4, pci bus id: 0000:00:1e.0, compute capability: 7.5)
[DDPG] Building the actor model
[DDPG] Building the actor model
[DDPG] Building the critic cell
[DDPG] Building the critic model
[DDPG] Building the critic cell
[DDPG] Building the critic model
[DDPG] Waiting for joint trajectory action
[DDPG] Found joint trajectory action!
[DDPG] Waiting for joint trajectory action
[DDPG] Found joint trajectory action!
[DDPG] Waiting for joint trajectory action
[DDPG] Found joint trajectory action!
[DDPG] Waiting for joint trajectory action
[DDPG] Found joint trajectory action!
[0m[ INFO] [1618772770.570876372, 5.700000000]: Loading robot model 'quadruped'...[0m
[0m[ INFO] [1618772770.572395744, 5.700000000]: No root/virtual joint specified in SRDF. Assuming fixed joint[0m
[33m[ WARN] [1618772770.572525644, 5.700000000]: Link dummy_link has visual geometry but no collision geometry. Collision geometry will be left empty. Fix your URDF file by explicitly specifying collision geometry.[0m
[0m[ INFO] [1618772772.058037729, 6.410000000]: Ready to take commands for planning group front_right_leg.[0m
[0m[ INFO] [1618772773.402612590, 7.062000000]: Ready to take commands for planning group front_left_leg.[0m
[0m[ INFO] [1618772775.377536257, 8.063000000]: Ready to take commands for planning group back_right_leg.[0m
[0m[ INFO] [1618772777.033302893, 8.863000000]: Ready to take commands for planning group back_left_leg.[0m
[Actor] GPU>>>>>>>>>>>>
[Actor] [PhysicalDevice(name='/physical_device:GPU:0', device_type='GPU')]
[Actor] Starting Actor Test
2021-04-18 19:07:15.630337: I tensorflow/stream_executor/platform/default/dso_loader.cc:49] Successfully opened dynamic library libcublas.so.11
2021-04-18 19:07:16.870190: I tensorflow/stream_executor/platform/default/dso_loader.cc:49] Successfully opened dynamic library libcublasLt.so.11
[Actor] Finishing Actor Test
[Actor] Dataset <PrefetchDataset shapes: (((15, 10, 6), (15, 10, 76), (15, 60), (15, 150), (15, 45)), ((15, 10, 250, 12), (15, 10, 1), (15, 10, 12), (15, 10, 12))), types: ((tf.float32, tf.float64, tf.float32, tf.float32, tf.float32), (tf.float32, tf.float32, tf.float32, tf.float32))>
[Actor] Starting Actor Pretraining
[Actor] Starting Episode 0
[Actor] Episode 0 Step 0 Loss: 2.717778205871582
[Actor] Episode 0 Step 1 Loss: 2.4562840461730957
[Actor] Episode 0 Step 2 Loss: 2.7649972438812256
[Actor] Episode 0 Step 3 Loss: 1.6888599395751953
[Actor] Episode 0 Step 4 Loss: 1.4322487115859985
[Actor] Episode 0 Step 5 Loss: 1.2474477291107178
[Actor] Episode 0 Step 6 Loss: 1.0940935611724854
[Actor] Episode 0 Step 7 Loss: 1.1436346769332886
[Actor] Episode 0 Step 8 Loss: 0.955818235874176
-------------------------------------------------
[Actor] Episode 0 Average Loss: 1.7223513722419739
[Actor] Learning Rate: 0.009872585535049438
[Actor] Epoch Time: 1949.2819197177887s
-------------------------------------------------
[Actor] Starting Episode 1
[Actor] Episode 1 Step 0 Loss: 0.748085618019104
[Actor] Episode 1 Step 1 Loss: 0.5647259950637817
[Actor] Episode 1 Step 2 Loss: 0.5643094778060913
[Actor] Episode 1 Step 3 Loss: 0.4244866669178009
[Actor] Episode 1 Step 4 Loss: 0.5371682643890381
[Actor] Episode 1 Step 5 Loss: 0.6607499122619629
[Actor] Episode 1 Step 6 Loss: 0.48327115178108215
[Actor] Episode 1 Step 7 Loss: 0.44491589069366455
[Actor] Episode 1 Step 8 Loss: 0.5372316241264343
-------------------------------------------------
[Actor] Episode 1 Average Loss: 0.5516605112287734
[Actor] Learning Rate: 0.009746793657541275
[Actor] Epoch Time: 1960.7624711990356s
-------------------------------------------------
[Actor] Starting Episode 2
[Actor] Episode 2 Step 0 Loss: 0.40651530027389526
[Actor] Episode 2 Step 1 Loss: 0.4870971441268921
[Actor] Episode 2 Step 2 Loss: 0.3844948410987854
[Actor] Episode 2 Step 3 Loss: 0.33284440636634827
[Actor] Episode 2 Step 4 Loss: 0.3647063970565796
[Actor] Episode 2 Step 5 Loss: 0.37326085567474365
[Actor] Episode 2 Step 6 Loss: 0.4317770004272461
[Actor] Episode 2 Step 7 Loss: 0.3415336608886719
[Actor] Episode 2 Step 8 Loss: 0.31865471601486206
-------------------------------------------------
[Actor] Episode 2 Average Loss: 0.38232048021422493
[Actor] Learning Rate: 0.0096226055175066
[Actor] Epoch Time: 1951.788253545761s
-------------------------------------------------
[Actor] Starting Episode 3
[Actor] Episode 3 Step 0 Loss: 0.39265263080596924
[Actor] Episode 3 Step 1 Loss: 0.3611864447593689
[Actor] Episode 3 Step 2 Loss: 0.3397182822227478
[Actor] Episode 3 Step 3 Loss: 0.32352012395858765
[Actor] Episode 3 Step 4 Loss: 0.34663665294647217
[Actor] Episode 3 Step 5 Loss: 0.3805367946624756
[Actor] Episode 3 Step 6 Loss: 0.3889978528022766
[Actor] Episode 3 Step 7 Loss: 0.29911404848098755
[Actor] Episode 3 Step 8 Loss: 0.2801562547683716
-------------------------------------------------
[Actor] Episode 3 Average Loss: 0.34583545393413967
[Actor] Learning Rate: 0.009499998763203621
[Actor] Epoch Time: 1939.4610431194305s
-------------------------------------------------
[Actor] Starting Episode 4
[Actor] Episode 4 Step 0 Loss: 0.36775022745132446
[Actor] Episode 4 Step 1 Loss: 0.30294251441955566
[Actor] Episode 4 Step 2 Loss: 0.34792381525039673
[Actor] Episode 4 Step 3 Loss: 0.3280634880065918
[Actor] Episode 4 Step 4 Loss: 0.2627197504043579
[Actor] Episode 4 Step 5 Loss: 0.3348426818847656
[Actor] Episode 4 Step 6 Loss: 0.26267626881599426
[Actor] Episode 4 Step 7 Loss: 0.35561931133270264
[Actor] Episode 4 Step 8 Loss: 0.38596397638320923
-------------------------------------------------
[Actor] Episode 4 Average Loss: 0.32761133710543316
[Actor] Learning Rate: 0.009378955699503422
[Actor] Epoch Time: 1964.275269985199s
-------------------------------------------------
[Actor] Starting Episode 5
[Actor] Episode 5 Step 0 Loss: 0.25304079055786133
[Actor] Episode 5 Step 1 Loss: 0.4236612319946289
[Actor] Episode 5 Step 2 Loss: 0.27130600810050964
[Actor] Episode 5 Step 3 Loss: 0.2869166135787964
[Actor] Episode 5 Step 4 Loss: 0.34637194871902466
[Actor] Episode 5 Step 5 Loss: 0.3194921612739563
[Actor] Episode 5 Step 6 Loss: 0.37343400716781616
[Actor] Episode 5 Step 7 Loss: 0.30815762281417847
[Actor] Episode 5 Step 8 Loss: 0.335541695356369
-------------------------------------------------
[Actor] Episode 5 Average Loss: 0.32421356439590454
[Actor] Learning Rate: 0.009259453974664211
[Actor] Epoch Time: 1984.6684038639069s
-------------------------------------------------
[Actor] Starting Episode 6
[Actor] Episode 6 Step 0 Loss: 0.2926064729690552
[Actor] Episode 6 Step 1 Loss: 0.37396398186683655
[Actor] Episode 6 Step 2 Loss: 0.2314402014017105
[Actor] Episode 6 Step 3 Loss: 0.30400240421295166
[Actor] Episode 6 Step 4 Loss: 0.29887914657592773
[Actor] Episode 6 Step 5 Loss: 0.35920295119285583
[Actor] Episode 6 Step 6 Loss: 0.30523592233657837
[Actor] Episode 6 Step 7 Loss: 0.326676607131958
[Actor] Episode 6 Step 8 Loss: 0.3817479610443115
-------------------------------------------------
[Actor] Episode 6 Average Loss: 0.31930618319246507
[Actor] Learning Rate: 0.009141474962234497
[Actor] Epoch Time: 1971.033322095871s
-------------------------------------------------
[Actor] Starting Episode 7
[Actor] Episode 7 Step 0 Loss: 0.32446980476379395
[Actor] Episode 7 Step 1 Loss: 0.2914154827594757
[Actor] Episode 7 Step 2 Loss: 0.2889162302017212
[Actor] Episode 7 Step 3 Loss: 0.2664889693260193
[Actor] Episode 7 Step 4 Loss: 0.3108142614364624
[Actor] Episode 7 Step 5 Loss: 0.3012089431285858
[Actor] Episode 7 Step 6 Loss: 0.4606786370277405
[Actor] Episode 7 Step 7 Loss: 0.31237462162971497
[Actor] Episode 7 Step 8 Loss: 0.30151909589767456
-------------------------------------------------
[Actor] Episode 7 Average Loss: 0.3175428940190209
[Actor] Learning Rate: 0.009024999104440212
[Actor] Epoch Time: 1954.2417266368866s
-------------------------------------------------
[Actor] Starting Episode 8
[Actor] Episode 8 Step 0 Loss: 0.30880218744277954
[Actor] Episode 8 Step 1 Loss: 0.2915617823600769
[Actor] Episode 8 Step 2 Loss: 0.3178999125957489
[Actor] Episode 8 Step 3 Loss: 0.26569172739982605
[Actor] Episode 8 Step 4 Loss: 0.3208325505256653
[Actor] Episode 8 Step 5 Loss: 0.33239951729774475
[Actor] Episode 8 Step 6 Loss: 0.42024457454681396
[Actor] Episode 8 Step 7 Loss: 0.32708725333213806
[Actor] Episode 8 Step 8 Loss: 0.2609756886959076
-------------------------------------------------
[Actor] Episode 8 Average Loss: 0.31616613268852234
[Actor] Learning Rate: 0.008910007774829865
[Actor] Epoch Time: 1947.968628168106s
-------------------------------------------------
[Actor] Starting Episode 9
[Actor] Episode 9 Step 0 Loss: 0.2906676232814789
[Actor] Episode 9 Step 1 Loss: 0.37995409965515137
[Actor] Episode 9 Step 2 Loss: 0.29524171352386475
[Actor] Episode 9 Step 3 Loss: 0.44347691535949707
[Actor] Episode 9 Step 4 Loss: 0.33850640058517456
[Actor] Episode 9 Step 5 Loss: 0.2643776535987854
[Actor] Episode 9 Step 6 Loss: 0.274217426776886
[Actor] Episode 9 Step 7 Loss: 0.2674938142299652
[Actor] Episode 9 Step 8 Loss: 0.2901840806007385
-------------------------------------------------
[Actor] Episode 9 Average Loss: 0.31601330306794906
[Actor] Learning Rate: 0.008796480484306812
[Actor] Epoch Time: 1965.5494875907898s
-------------------------------------------------
rddpg.py:766: RuntimeWarning: More than 20 figures have been opened. Figures created through the pyplot interface (`matplotlib.pyplot.figure`) are retained until explicitly closed and may consume too much memory. (To control this warning, see the rcParam `figure.max_open_warning`).
  fig4, ax4 = plt.subplots(1, 1, figsize = (5, 5))
rddpg.py:789: RuntimeWarning: More than 20 figures have been opened. Figures created through the pyplot interface (`matplotlib.pyplot.figure`) are retained until explicitly closed and may consume too much memory. (To control this warning, see the rcParam `figure.max_open_warning`).
  fig5, ax5 = plt.subplots(1, 1, figsize = (5, 5))
[Actor] Starting Episode 10
[Actor] Episode 10 Step 0 Loss: 0.2477436065673828
[Actor] Episode 10 Step 1 Loss: 0.36918893456459045
[Actor] Episode 10 Step 2 Loss: 0.36045336723327637
[Actor] Episode 10 Step 3 Loss: 0.2796376943588257
[Actor] Episode 10 Step 4 Loss: 0.32874077558517456
[Actor] Episode 10 Step 5 Loss: 0.2569159269332886
[Actor] Episode 10 Step 6 Loss: 0.2770654559135437
[Actor] Episode 10 Step 7 Loss: 0.3878600001335144
[Actor] Episode 10 Step 8 Loss: 0.3457164466381073
-------------------------------------------------
[Actor] Episode 10 Average Loss: 0.317035800880856
[Actor] Learning Rate: 0.008684401400387287
[Actor] Epoch Time: 2000.3075165748596s
-------------------------------------------------
[Actor] Starting Episode 11
[Actor] Episode 11 Step 0 Loss: 0.25934362411499023
[Actor] Episode 11 Step 1 Loss: 0.29012802243232727
[Actor] Episode 11 Step 2 Loss: 0.3661101460456848
[Actor] Episode 11 Step 3 Loss: 0.2584726810455322
[Actor] Episode 11 Step 4 Loss: 0.4417407512664795
[Actor] Episode 11 Step 5 Loss: 0.23987528681755066
[Actor] Episode 11 Step 6 Loss: 0.3935386538505554
[Actor] Episode 11 Step 7 Loss: 0.28611087799072266
[Actor] Episode 11 Step 8 Loss: 0.29734528064727783
-------------------------------------------------
[Actor] Episode 11 Average Loss: 0.3147405915790134
[Actor] Learning Rate: 0.008573749102652073
[Actor] Epoch Time: 1984.347039937973s
-------------------------------------------------
[Actor] Starting Episode 12
[Actor] Episode 12 Step 0 Loss: 0.3058558702468872
[Actor] Episode 12 Step 1 Loss: 0.3254605531692505
[Actor] Episode 12 Step 2 Loss: 0.28797781467437744
[Actor] Episode 12 Step 3 Loss: 0.3604353070259094
[Actor] Episode 12 Step 4 Loss: 0.3144800662994385
[Actor] Episode 12 Step 5 Loss: 0.31837016344070435
[Actor] Episode 12 Step 6 Loss: 0.27094900608062744
[Actor] Episode 12 Step 7 Loss: 0.31807222962379456
[Actor] Episode 12 Step 8 Loss: 0.32295453548431396
-------------------------------------------------
[Actor] Episode 12 Average Loss: 0.31383950511614483
[Actor] Learning Rate: 0.008464506827294827
[Actor] Epoch Time: 1980.634426355362s
-------------------------------------------------
rddpg.py:697: RuntimeWarning: More than 20 figures have been opened. Figures created through the pyplot interface (`matplotlib.pyplot.figure`) are retained until explicitly closed and may consume too much memory. (To control this warning, see the rcParam `figure.max_open_warning`).
  fig1, ax1 = plt.subplots(1, 1, figsize = (5, 5))
rddpg.py:720: RuntimeWarning: More than 20 figures have been opened. Figures created through the pyplot interface (`matplotlib.pyplot.figure`) are retained until explicitly closed and may consume too much memory. (To control this warning, see the rcParam `figure.max_open_warning`).
  fig2, ax2 = plt.subplots(1, 1, figsize = (5, 5))
rddpg.py:743: RuntimeWarning: More than 20 figures have been opened. Figures created through the pyplot interface (`matplotlib.pyplot.figure`) are retained until explicitly closed and may consume too much memory. (To control this warning, see the rcParam `figure.max_open_warning`).
  fig3, ax3 = plt.subplots(1, 1, figsize = (5, 5))
[Actor] Starting Episode 13
[Actor] Episode 13 Step 0 Loss: 0.3260077238082886
[Actor] Episode 13 Step 1 Loss: 0.2692985534667969
[Actor] Episode 13 Step 2 Loss: 0.3453991115093231
[Actor] Episode 13 Step 3 Loss: 0.25846391916275024
[Actor] Episode 13 Step 4 Loss: 0.29530543088912964
[Actor] Episode 13 Step 5 Loss: 0.27519452571868896
[Actor] Episode 13 Step 6 Loss: 0.4477538466453552
[Actor] Episode 13 Step 7 Loss: 0.249178946018219
[Actor] Episode 13 Step 8 Loss: 0.391107439994812
-------------------------------------------------
[Actor] Episode 13 Average Loss: 0.3175232774681515
[Actor] Learning Rate: 0.00835665687918663
[Actor] Epoch Time: 1977.2875499725342s
-------------------------------------------------
[Actor] Starting Episode 14
[Actor] Episode 14 Step 0 Loss: 0.25362664461135864
[Actor] Episode 14 Step 1 Loss: 0.33812403678894043
[Actor] Episode 14 Step 2 Loss: 0.3661251962184906
[Actor] Episode 14 Step 3 Loss: 0.32871097326278687
[Actor] Episode 14 Step 4 Loss: 0.2958974242210388
[Actor] Episode 14 Step 5 Loss: 0.30622872710227966
[Actor] Episode 14 Step 6 Loss: 0.34279951453208923
[Actor] Episode 14 Step 7 Loss: 0.3342737853527069
[Actor] Episode 14 Step 8 Loss: 0.2606455087661743
-------------------------------------------------
[Actor] Episode 14 Average Loss: 0.31404797898398507
[Actor] Learning Rate: 0.008250180631875992
[Actor] Epoch Time: 1963.9382588863373s
-------------------------------------------------
[Actor] Starting Episode 15
[Actor] Episode 15 Step 0 Loss: 0.3561388850212097
[Actor] Episode 15 Step 1 Loss: 0.34887266159057617
[Actor] Episode 15 Step 2 Loss: 0.2635822892189026
[Actor] Episode 15 Step 3 Loss: 0.2608128488063812
[Actor] Episode 15 Step 4 Loss: 0.2921772599220276
[Actor] Episode 15 Step 5 Loss: 0.31089654564857483
[Actor] Episode 15 Step 6 Loss: 0.41566991806030273
[Actor] Episode 15 Step 7 Loss: 0.29502061009407043
[Actor] Episode 15 Step 8 Loss: 0.26975512504577637
-------------------------------------------------
[Actor] Episode 15 Average Loss: 0.31254734926753575
[Actor] Learning Rate: 0.008145061321556568
[Actor] Epoch Time: 1987.5244064331055s
-------------------------------------------------
[Actor] Starting Episode 16
[Actor] Episode 16 Step 0 Loss: 0.2757875323295593
[Actor] Episode 16 Step 1 Loss: 0.39828580617904663
[Actor] Episode 16 Step 2 Loss: 0.24495598673820496
[Actor] Episode 16 Step 3 Loss: 0.2600555717945099
[Actor] Episode 16 Step 4 Loss: 0.3410428762435913
[Actor] Episode 16 Step 5 Loss: 0.3362886309623718
[Actor] Episode 16 Step 6 Loss: 0.3099311590194702
[Actor] Episode 16 Step 7 Loss: 0.2757917642593384
[Actor] Episode 16 Step 8 Loss: 0.37465572357177734
-------------------------------------------------
[Actor] Episode 16 Average Loss: 0.31297722789976334
[Actor] Learning Rate: 0.008041282184422016
[Actor] Epoch Time: 1974.723795413971s
-------------------------------------------------
[Actor] Starting Episode 17
[Actor] Episode 17 Step 0 Loss: 0.35299408435821533
[Actor] Episode 17 Step 1 Loss: 0.25018900632858276
[Actor] Episode 17 Step 2 Loss: 0.3089762330055237
[Actor] Episode 17 Step 3 Loss: 0.22168219089508057
[Actor] Episode 17 Step 4 Loss: 0.36774376034736633
[Actor] Episode 17 Step 5 Loss: 0.2510034441947937
[Actor] Episode 17 Step 6 Loss: 0.30958104133605957
[Actor] Episode 17 Step 7 Loss: 0.3317880630493164
[Actor] Episode 17 Step 8 Loss: 0.4164409339427948
-------------------------------------------------
[Actor] Episode 17 Average Loss: 0.3122665286064148
[Actor] Learning Rate: 0.007938823662698269
[Actor] Epoch Time: 1978.7043323516846s
-------------------------------------------------
[Actor] Starting Episode 18
[Actor] Episode 18 Step 0 Loss: 0.3284338116645813
[Actor] Episode 18 Step 1 Loss: 0.27019932866096497
[Actor] Episode 18 Step 2 Loss: 0.41779595613479614
[Actor] Episode 18 Step 3 Loss: 0.26110976934432983
[Actor] Episode 18 Step 4 Loss: 0.36741089820861816
[Actor] Episode 18 Step 5 Loss: 0.2905557155609131
[Actor] Episode 18 Step 6 Loss: 0.33934348821640015
[Actor] Episode 18 Step 7 Loss: 0.29167574644088745
[Actor] Episode 18 Step 8 Loss: 0.2464991807937622
-------------------------------------------------
[Actor] Episode 18 Average Loss: 0.31255821055836147
[Actor] Learning Rate: 0.007837671786546707
[Actor] Epoch Time: 2021.2960596084595s
-------------------------------------------------
[Actor] Starting Actor Test
rddpg.py:546: RuntimeWarning: More than 20 figures have been opened. Figures created through the pyplot interface (`matplotlib.pyplot.figure`) are retained until explicitly closed and may consume too much memory. (To control this warning, see the rcParam `figure.max_open_warning`).
  fig, ax = plt.subplots(4,1, figsize = (5,20))
rddpg.py:553: RuntimeWarning: More than 20 figures have been opened. Figures created through the pyplot interface (`matplotlib.pyplot.figure`) are retained until explicitly closed and may consume too much memory. (To control this warning, see the rcParam `figure.max_open_warning`).
  fig, ax = plt.subplots(4,1, figsize = (5,20))
[Actor] Finishing Actor Test
