2021-04-14 17:48:25.473768: I tensorflow/stream_executor/platform/default/dso_loader.cc:49] Successfully opened dynamic library libcudart.so.11.0
Unable to init server: Could not connect: Connection refused
Unable to init server: Could not connect: Connection refused

(learn.py:840957): Gdk-CRITICAL **: 17:48:51.134: gdk_cursor_new_for_display: assertion 'GDK_IS_DISPLAY (display)' failed
2021-04-14 17:48:53.055838: I tensorflow/compiler/jit/xla_cpu_device.cc:41] Not creating XLA devices, tf_xla_enable_xla_devices not set
2021-04-14 17:48:53.066203: I tensorflow/stream_executor/platform/default/dso_loader.cc:49] Successfully opened dynamic library libcuda.so.1
2021-04-14 17:48:53.147878: I tensorflow/stream_executor/cuda/cuda_gpu_executor.cc:941] successful NUMA node read from SysFS had negative value (-1), but there must be at least one NUMA node, so returning NUMA node zero
2021-04-14 17:48:53.151037: I tensorflow/core/common_runtime/gpu/gpu_device.cc:1720] Found device 0 with properties: 
pciBusID: 0000:00:1e.0 name: Tesla T4 computeCapability: 7.5
coreClock: 1.59GHz coreCount: 40 deviceMemorySize: 14.75GiB deviceMemoryBandwidth: 298.08GiB/s
2021-04-14 17:48:53.151114: I tensorflow/stream_executor/platform/default/dso_loader.cc:49] Successfully opened dynamic library libcudart.so.11.0
2021-04-14 17:48:53.173997: I tensorflow/stream_executor/platform/default/dso_loader.cc:49] Successfully opened dynamic library libcublas.so.11
2021-04-14 17:48:53.177096: I tensorflow/stream_executor/platform/default/dso_loader.cc:49] Successfully opened dynamic library libcublasLt.so.11
2021-04-14 17:48:53.186346: I tensorflow/stream_executor/platform/default/dso_loader.cc:49] Successfully opened dynamic library libcufft.so.10
2021-04-14 17:48:53.191471: I tensorflow/stream_executor/platform/default/dso_loader.cc:49] Successfully opened dynamic library libcurand.so.10
2021-04-14 17:48:53.214628: I tensorflow/stream_executor/platform/default/dso_loader.cc:49] Successfully opened dynamic library libcusolver.so.10
2021-04-14 17:48:53.222140: I tensorflow/stream_executor/platform/default/dso_loader.cc:49] Successfully opened dynamic library libcusparse.so.11
2021-04-14 17:48:53.224398: I tensorflow/stream_executor/platform/default/dso_loader.cc:49] Successfully opened dynamic library libcudnn.so.8
2021-04-14 17:48:53.227179: I tensorflow/stream_executor/cuda/cuda_gpu_executor.cc:941] successful NUMA node read from SysFS had negative value (-1), but there must be at least one NUMA node, so returning NUMA node zero
2021-04-14 17:48:53.233091: I tensorflow/stream_executor/cuda/cuda_gpu_executor.cc:941] successful NUMA node read from SysFS had negative value (-1), but there must be at least one NUMA node, so returning NUMA node zero
2021-04-14 17:48:53.236395: I tensorflow/core/common_runtime/gpu/gpu_device.cc:1862] Adding visible gpu devices: 0
[DDPG] Building the actor model
2021-04-14 17:48:53.387019: I tensorflow/core/platform/cpu_feature_guard.cc:142] This TensorFlow binary is optimized with oneAPI Deep Neural Network Library (oneDNN) to use the following CPU instructions in performance-critical operations:  AVX2 AVX512F FMA
To enable them in other operations, rebuild TensorFlow with the appropriate compiler flags.
2021-04-14 17:48:53.391199: I tensorflow/compiler/jit/xla_gpu_device.cc:99] Not creating XLA devices, tf_xla_enable_xla_devices not set
2021-04-14 17:48:53.397851: I tensorflow/stream_executor/cuda/cuda_gpu_executor.cc:941] successful NUMA node read from SysFS had negative value (-1), but there must be at least one NUMA node, so returning NUMA node zero
2021-04-14 17:48:53.408780: I tensorflow/core/common_runtime/gpu/gpu_device.cc:1720] Found device 0 with properties: 
pciBusID: 0000:00:1e.0 name: Tesla T4 computeCapability: 7.5
coreClock: 1.59GHz coreCount: 40 deviceMemorySize: 14.75GiB deviceMemoryBandwidth: 298.08GiB/s
2021-04-14 17:48:53.409432: I tensorflow/stream_executor/platform/default/dso_loader.cc:49] Successfully opened dynamic library libcudart.so.11.0
2021-04-14 17:48:53.411303: I tensorflow/stream_executor/platform/default/dso_loader.cc:49] Successfully opened dynamic library libcublas.so.11
2021-04-14 17:48:53.417224: I tensorflow/stream_executor/platform/default/dso_loader.cc:49] Successfully opened dynamic library libcublasLt.so.11
2021-04-14 17:48:53.417623: I tensorflow/stream_executor/platform/default/dso_loader.cc:49] Successfully opened dynamic library libcufft.so.10
2021-04-14 17:48:53.417718: I tensorflow/stream_executor/platform/default/dso_loader.cc:49] Successfully opened dynamic library libcurand.so.10
2021-04-14 17:48:53.418424: I tensorflow/stream_executor/platform/default/dso_loader.cc:49] Successfully opened dynamic library libcusolver.so.10
2021-04-14 17:48:53.421996: I tensorflow/stream_executor/platform/default/dso_loader.cc:49] Successfully opened dynamic library libcusparse.so.11
2021-04-14 17:48:53.423651: I tensorflow/stream_executor/platform/default/dso_loader.cc:49] Successfully opened dynamic library libcudnn.so.8
2021-04-14 17:48:53.425205: I tensorflow/stream_executor/cuda/cuda_gpu_executor.cc:941] successful NUMA node read from SysFS had negative value (-1), but there must be at least one NUMA node, so returning NUMA node zero
2021-04-14 17:48:53.438235: I tensorflow/stream_executor/cuda/cuda_gpu_executor.cc:941] successful NUMA node read from SysFS had negative value (-1), but there must be at least one NUMA node, so returning NUMA node zero
2021-04-14 17:48:53.442937: I tensorflow/core/common_runtime/gpu/gpu_device.cc:1862] Adding visible gpu devices: 0
2021-04-14 17:48:53.443009: I tensorflow/stream_executor/platform/default/dso_loader.cc:49] Successfully opened dynamic library libcudart.so.11.0
2021-04-14 17:48:59.288117: I tensorflow/core/common_runtime/gpu/gpu_device.cc:1261] Device interconnect StreamExecutor with strength 1 edge matrix:
2021-04-14 17:48:59.288169: I tensorflow/core/common_runtime/gpu/gpu_device.cc:1267]      0 
2021-04-14 17:48:59.288183: I tensorflow/core/common_runtime/gpu/gpu_device.cc:1280] 0:   N 
2021-04-14 17:48:59.289597: I tensorflow/stream_executor/cuda/cuda_gpu_executor.cc:941] successful NUMA node read from SysFS had negative value (-1), but there must be at least one NUMA node, so returning NUMA node zero
2021-04-14 17:48:59.298167: I tensorflow/stream_executor/cuda/cuda_gpu_executor.cc:941] successful NUMA node read from SysFS had negative value (-1), but there must be at least one NUMA node, so returning NUMA node zero
2021-04-14 17:48:59.304415: I tensorflow/stream_executor/cuda/cuda_gpu_executor.cc:941] successful NUMA node read from SysFS had negative value (-1), but there must be at least one NUMA node, so returning NUMA node zero
2021-04-14 17:48:59.306439: I tensorflow/core/common_runtime/gpu/gpu_device.cc:1406] Created TensorFlow device (/job:localhost/replica:0/task:0/device:GPU:0 with 11725 MB memory) -> physical GPU (device: 0, name: Tesla T4, pci bus id: 0000:00:1e.0, compute capability: 7.5)
[DDPG] Building the actor model
[DDPG] Building the critic model
[DDPG] Building the critic model
[DDPG] Waiting for joint trajectory action
[DDPG] Found joint trajectory action!
[DDPG] Waiting for joint trajectory action
[DDPG] Found joint trajectory action!
[DDPG] Waiting for joint trajectory action
[DDPG] Found joint trajectory action!
[DDPG] Waiting for joint trajectory action
[DDPG] Found joint trajectory action!
[0m[ INFO] [1618422566.357549922, 6.275000000]: Loading robot model 'quadruped'...[0m
[0m[ INFO] [1618422566.361306734, 6.276000000]: No root/virtual joint specified in SRDF. Assuming fixed joint[0m
[33m[ WARN] [1618422566.361936744, 6.276000000]: Link dummy_link has visual geometry but no collision geometry. Collision geometry will be left empty. Fix your URDF file by explicitly specifying collision geometry.[0m
[0m[ INFO] [1618422568.275714994, 6.759000000]: Ready to take commands for planning group front_right_leg.[0m
[0m[ INFO] [1618422571.731791779, 7.400000000]: Ready to take commands for planning group front_left_leg.[0m
[0m[ INFO] [1618422575.345847007, 8.200000000]: Ready to take commands for planning group back_right_leg.[0m
[0m[ INFO] [1618422579.786787093, 9.000000000]: Ready to take commands for planning group back_left_leg.[0m
[Actor] GPU>>>>>>>>>>>>
[Actor] [PhysicalDevice(name='/physical_device:GPU:0', device_type='GPU')]
[DDPG] Loading Actor Weights
[DDPG] Initializing HER
[DDPG] Training Start
[DDPG] Resetting Environment
[DDPG] Starting Pretraining Test
2021-04-14 17:51:49.266356: I tensorflow/stream_executor/platform/default/dso_loader.cc:49] Successfully opened dynamic library libcublas.so.11
2021-04-14 17:51:55.690473: I tensorflow/stream_executor/platform/default/dso_loader.cc:49] Successfully opened dynamic library libcublasLt.so.11
[DDPG] Step 0 Reward 46.50391 Time 42.08476
[DDPG] Step 1 Reward 39.58208 Time 28.17480
[DDPG] Step 2 Reward -1.81780 Time 31.23344
[DDPG] Step 3 Reward 2.46673 Time 31.92977
[DDPG] Step 4 Reward 0.51135 Time 33.68040
[DDPG] Resetting Environment
[DDPG] Starting Episode 0
[DDPG] Quadruped Not Upright
[DDPG] Episode 0 Step 0 Reward -5.47013 Time 28.95112
[DDPG] Starting Next Episode
[DDPG] Critic Loss 19.580184936523438
[DDPG] Total Reward -5.47013 Avg Critic Loss 19.58018 Time 11.38081
[DDPG] Saving Data
[DDPG] Saving HER goals
[DDPG] Saving Model
[DDPG] Resetting Environment
[DDPG] Starting Episode 1
[DDPG] Episode 1 Step 0 Reward -2.54765 Time 31.89069
[DDPG] Quadruped Not Upright
[DDPG] Episode 1 Step 1 Reward -0.55959 Time 24.64662
[DDPG] Starting Next Episode
[DDPG] Critic Loss 348.1462097167969
[DDPG] Total Reward -3.10724 Avg Critic Loss 348.14621 Time 10.82052
[DDPG] Resetting Environment
[DDPG] Starting Episode 2
[DDPG] Episode 2 Step 0 Reward 0.67506 Time 30.58479
[DDPG] Episode 2 Step 1 Reward -3.92793 Time 26.07332
[DDPG] Quadruped Not Upright
[DDPG] Episode 2 Step 2 Reward -2.48769 Time 30.18680
[DDPG] Starting Next Episode
[DDPG] Critic Loss 142.0157928466797
[DDPG] Total Reward -5.74055 Avg Critic Loss 142.01579 Time 13.29150
[DDPG] Resetting Environment
[DDPG] Starting Episode 3
[DDPG] Episode 3 Step 0 Reward -2.73320 Time 30.03303
[DDPG] Episode 3 Step 1 Reward -0.65062 Time 31.83293
[DDPG] Episode 3 Step 2 Reward -3.22018 Time 27.99313
