2021-04-18 01:44:21.998359: W tensorflow/stream_executor/platform/default/dso_loader.cc:60] Could not load dynamic library 'libcudart.so.11.0'; dlerror: libcudart.so.11.0: cannot open shared object file: No such file or directory; LD_LIBRARY_PATH: /opt/ros/noetic/lib:/opt/ros/noetic/lib/x86_64-linux-gnu
2021-04-18 01:44:21.998466: I tensorflow/stream_executor/cuda/cudart_stub.cc:29] Ignore above cudart dlerror if you do not have a GPU set up on your machine.
2021-04-18 01:44:32.399362: I tensorflow/compiler/jit/xla_cpu_device.cc:41] Not creating XLA devices, tf_xla_enable_xla_devices not set
2021-04-18 01:44:32.405709: W tensorflow/stream_executor/platform/default/dso_loader.cc:60] Could not load dynamic library 'libcuda.so.1'; dlerror: libcuda.so.1: cannot open shared object file: No such file or directory; LD_LIBRARY_PATH: /opt/ros/noetic/lib:/opt/ros/noetic/lib/x86_64-linux-gnu
2021-04-18 01:44:32.405850: W tensorflow/stream_executor/cuda/cuda_driver.cc:326] failed call to cuInit: UNKNOWN ERROR (303)
2021-04-18 01:44:32.405957: I tensorflow/stream_executor/cuda/cuda_diagnostics.cc:156] kernel driver does not appear to be running on this host (shandilya-notebook): /proc/driver/nvidia/version does not exist
2021-04-18 01:44:32.506891: I tensorflow/core/platform/cpu_feature_guard.cc:142] This TensorFlow binary is optimized with oneAPI Deep Neural Network Library (oneDNN) to use the following CPU instructions in performance-critical operations:  AVX2 FMA
To enable them in other operations, rebuild TensorFlow with the appropriate compiler flags.
2021-04-18 01:44:32.507309: I tensorflow/compiler/jit/xla_gpu_device.cc:99] Not creating XLA devices, tf_xla_enable_xla_devices not set
[DDPG] Building the actor model
[DDPG] Building the actor model
[DDPG] Building the critic cell
[DDPG] Building the critic model
[DDPG] Building the critic cell
[DDPG] Building the critic model
[DDPG] Waiting for joint trajectory action
[DDPG] Found joint trajectory action!
Traceback (most recent call last):
  File "rddpg.py", line 966, in <module>
    learner = Learner(params, args.experiment)
  File "rddpg.py", line 31, in __init__
    self.env = Env(
  File "/home/shandilya/Desktop/CNS/DDP/src/rl/env.py", line 46, in __init__
    self.quadruped = Quadruped(params, experiment)
  File "/home/shandilya/Desktop/CNS/DDP/src/simulations/ws/src/quadruped/scripts/quadruped.py", line 453, in __init__
    self.all_legs = AllLegs(
  File "/home/shandilya/Desktop/CNS/DDP/src/simulations/ws/src/quadruped/scripts/quadruped.py", line 262, in __init__
    self.front_left = Leg(
  File "/home/shandilya/Desktop/CNS/DDP/src/simulations/ws/src/quadruped/scripts/quadruped.py", line 44, in __init__
    self.jta = actionlib.SimpleActionClient(
  File "/opt/ros/noetic/lib/python3/dist-packages/actionlib/simple_action_client.py", line 55, in __init__
    self.action_client = ActionClient(ns, ActionSpec)
  File "/opt/ros/noetic/lib/python3/dist-packages/actionlib/action_client.py", line 521, in __init__
    self.pub_queue_size = rospy.get_param('actionlib_client_pub_queue_size', 10)
  File "/opt/ros/noetic/lib/python3/dist-packages/rospy/client.py", line 467, in get_param
    return _param_server[param_name] #MasterProxy does all the magic for us
  File "/opt/ros/noetic/lib/python3/dist-packages/rospy/msproxy.py", line 121, in __getitem__
    code, msg, value = self.target.getParam(rospy.names.get_caller_id(), resolved_key)
  File "/usr/lib/python3.8/xmlrpc/client.py", line 1109, in __call__
    return self.__send(self.__name, args)
  File "/opt/ros/noetic/lib/python3/dist-packages/rospy/core.py", line 669, in _ServerProxy__request
    return xmlrpcclient.ServerProxy._ServerProxy__request(
  File "/usr/lib/python3.8/xmlrpc/client.py", line 1450, in __request
    response = self.__transport.request(
  File "/usr/lib/python3.8/xmlrpc/client.py", line 1153, in request
    return self.single_request(host, handler, request_body, verbose)
  File "/usr/lib/python3.8/xmlrpc/client.py", line 1165, in single_request
    http_conn = self.send_request(host, handler, request_body, verbose)
  File "/usr/lib/python3.8/xmlrpc/client.py", line 1278, in send_request
    self.send_content(connection, request_body)
  File "/usr/lib/python3.8/xmlrpc/client.py", line 1308, in send_content
    connection.endheaders(request_body)
  File "/usr/lib/python3.8/http/client.py", line 1250, in endheaders
    self._send_output(message_body, encode_chunked=encode_chunked)
  File "/usr/lib/python3.8/http/client.py", line 1010, in _send_output
    self.send(msg)
  File "/usr/lib/python3.8/http/client.py", line 950, in send
    self.connect()
  File "/usr/lib/python3.8/http/client.py", line 921, in connect
    self.sock = self._create_connection(
  File "/usr/lib/python3.8/socket.py", line 808, in create_connection
    raise err
  File "/usr/lib/python3.8/socket.py", line 796, in create_connection
    sock.connect(sa)
ConnectionRefusedError: [Errno 111] Connection refused
2021-04-18 01:45:16.487472: W tensorflow/stream_executor/platform/default/dso_loader.cc:60] Could not load dynamic library 'libcudart.so.11.0'; dlerror: libcudart.so.11.0: cannot open shared object file: No such file or directory; LD_LIBRARY_PATH: /opt/ros/noetic/lib:/opt/ros/noetic/lib/x86_64-linux-gnu
2021-04-18 01:45:16.487513: I tensorflow/stream_executor/cuda/cudart_stub.cc:29] Ignore above cudart dlerror if you do not have a GPU set up on your machine.
2021-04-18 01:45:19.405812: I tensorflow/compiler/jit/xla_cpu_device.cc:41] Not creating XLA devices, tf_xla_enable_xla_devices not set
2021-04-18 01:45:19.406122: W tensorflow/stream_executor/platform/default/dso_loader.cc:60] Could not load dynamic library 'libcuda.so.1'; dlerror: libcuda.so.1: cannot open shared object file: No such file or directory; LD_LIBRARY_PATH: /opt/ros/noetic/lib:/opt/ros/noetic/lib/x86_64-linux-gnu
2021-04-18 01:45:19.406143: W tensorflow/stream_executor/cuda/cuda_driver.cc:326] failed call to cuInit: UNKNOWN ERROR (303)
2021-04-18 01:45:19.406168: I tensorflow/stream_executor/cuda/cuda_diagnostics.cc:156] kernel driver does not appear to be running on this host (shandilya-notebook): /proc/driver/nvidia/version does not exist
2021-04-18 01:45:19.448040: I tensorflow/core/platform/cpu_feature_guard.cc:142] This TensorFlow binary is optimized with oneAPI Deep Neural Network Library (oneDNN) to use the following CPU instructions in performance-critical operations:  AVX2 FMA
To enable them in other operations, rebuild TensorFlow with the appropriate compiler flags.
2021-04-18 01:45:19.448302: I tensorflow/compiler/jit/xla_gpu_device.cc:99] Not creating XLA devices, tf_xla_enable_xla_devices not set
[DDPG] Building the actor model
[DDPG] Building the actor model
[DDPG] Building the critic cell
[DDPG] Building the critic model
[DDPG] Building the critic cell
[DDPG] Building the critic model
[DDPG] Waiting for joint trajectory action
[DDPG] Found joint trajectory action!
[DDPG] Waiting for joint trajectory action
[DDPG] Found joint trajectory action!
[DDPG] Waiting for joint trajectory action
[DDPG] Found joint trajectory action!
[DDPG] Waiting for joint trajectory action
[DDPG] Found joint trajectory action!
[0m[ INFO] [1618690531.545291574, 5.903000000]: Loading robot model 'quadruped'...[0m
[0m[ INFO] [1618690531.547776092, 5.903000000]: No root/virtual joint specified in SRDF. Assuming fixed joint[0m
[33m[ WARN] [1618690531.548207802, 5.903000000]: Link dummy_link has visual geometry but no collision geometry. Collision geometry will be left empty. Fix your URDF file by explicitly specifying collision geometry.[0m
[0m[ INFO] [1618690533.116013002, 6.952000000]: Ready to take commands for planning group front_right_leg.[0m
[0m[ INFO] [1618690533.999198930, 7.601000000]: Ready to take commands for planning group front_left_leg.[0m
[0m[ INFO] [1618690535.089004834, 8.404000000]: Ready to take commands for planning group back_right_leg.[0m
[0m[ INFO] [1618690536.194426378, 9.200000000]: Ready to take commands for planning group back_left_leg.[0m
[Actor] GPU>>>>>>>>>>>>
[Actor] []
[DDPG] Training Start
[DDPG] Resetting Environment
[DDPG] Starting Pretraining Test
[DDPG] Step 0 Reward 43.02014 Time 4.76218
[DDPG] Step 1 Reward -0.93301 Time 4.82464
[DDPG] Resetting Environment
[DDPG] Starting Episode 0
[DDPG] Episode 0 Step 0 Reward -2.10435 Time 5.02032
[DDPG] Episode 0 Step 1 Reward -0.68876 Time 4.90479
[DDPG] Episode 0 Step 2 Reward -1.42841 Time 4.93172
[DDPG] Episode 0 Step 3 Reward -1.22409 Time 3.98100
[DDPG] Episode 0 Step 4 Reward -1.20278 Time 4.77243
[DDPG] Episode 0 Step 5 Reward -0.36808 Time 4.82296
[DDPG] Episode 0 Step 6 Reward -2.45158 Time 5.44911
[DDPG] Episode 0 Step 7 Reward -1.09010 Time 3.03945
[DDPG] Episode 0 Step 8 Reward -1.20604 Time 3.30072
[DDPG] Episode 0 Step 9 Reward -1.06068 Time 5.36109
[DDPG] Quadruped Not Upright
[DDPG] Episode 0 Step 10 Reward -7.08074 Time 5.07531
[DDPG] Quadruped Not Upright
[DDPG] Episode 0 Step 11 Reward -9.83840 Time 4.90075
[DDPG] Quadruped Not Upright
[DDPG] Episode 0 Step 12 Reward -6.07554 Time 5.01973
[DDPG] Quadruped Not Upright
[DDPG] Episode 0 Step 13 Reward -6.05400 Time 4.89828
[DDPG] Quadruped Not Upright
[DDPG] Episode 0 Step 14 Reward -6.78090 Time 4.69996
[DDPG] Quadruped Not Upright
[DDPG] Episode 0 Step 15 Reward -4.22296 Time 3.75058
[DDPG] Quadruped Not Upright
[DDPG] Episode 0 Step 16 Reward -7.13316 Time 3.14179
[DDPG] Episode 0 Step 17 Reward -1.66823 Time 4.88188
[DDPG] Quadruped Not Upright
[DDPG] Episode 0 Step 18 Reward -5.74904 Time 4.48681
[DDPG] Quadruped Not Upright
[DDPG] Episode 0 Step 19 Reward -6.75425 Time 4.63727
[DDPG] Quadruped Not Upright
[DDPG] Episode 0 Step 20 Reward -5.75112 Time 4.25941
[DDPG] Quadruped Not Upright
[DDPG] Episode 0 Step 21 Reward -6.65678 Time 4.38613
[DDPG] Quadruped Not Upright
[DDPG] Episode 0 Step 22 Reward -5.82387 Time 4.56054
[DDPG] Quadruped Not Upright
[DDPG] Episode 0 Step 23 Reward -5.98695 Time 4.52754
[DDPG] Quadruped Not Upright
[DDPG] Episode 0 Step 24 Reward -6.13310 Time 4.55940
[DDPG] Quadruped Not Upright
[DDPG] Episode 0 Step 25 Reward -6.24977 Time 4.53648
[DDPG] Quadruped Not Upright
[DDPG] Episode 0 Step 26 Reward -5.70194 Time 4.77754
[DDPG] Quadruped Not Upright
[DDPG] Episode 0 Step 27 Reward -6.28092 Time 4.70798
[DDPG] Quadruped Not Upright
[DDPG] Episode 0 Step 28 Reward -4.96647 Time 4.39780
[DDPG] Quadruped Not Upright
[DDPG] Episode 0 Step 29 Reward -5.20849 Time 4.24303
[DDPG] Quadruped Not Upright
[DDPG] Episode 0 Step 30 Reward -5.08494 Time 4.43876
[DDPG] Quadruped Not Upright
[DDPG] Episode 0 Step 31 Reward -6.07410 Time 4.75591
[DDPG] Quadruped Not Upright
[DDPG] Episode 0 Step 32 Reward -4.14159 Time 4.44674
[DDPG] Quadruped Not Upright
[DDPG] Episode 0 Step 33 Reward -5.58580 Time 4.60170
[DDPG] Quadruped Not Upright
[DDPG] Episode 0 Step 34 Reward -5.92458 Time 5.11864
[DDPG] Quadruped Not Upright
[DDPG] Episode 0 Step 35 Reward -4.88710 Time 4.50199
[DDPG] Quadruped Not Upright
[DDPG] Episode 0 Step 36 Reward -4.70897 Time 4.85679
[DDPG] Quadruped Not Upright
[DDPG] Episode 0 Step 37 Reward -6.46441 Time 4.24476
[DDPG] Quadruped Not Upright
[DDPG] Episode 0 Step 38 Reward -4.56280 Time 4.45013
[DDPG] Quadruped Not Upright
[DDPG] Episode 0 Step 39 Reward -6.90994 Time 4.54903
[DDPG] Quadruped Not Upright
[DDPG] Episode 0 Step 40 Reward -6.06246 Time 4.76897
[DDPG] Quadruped Not Upright
[DDPG] Episode 0 Step 41 Reward -4.38735 Time 4.55457
[DDPG] Quadruped Not Upright
[DDPG] Episode 0 Step 42 Reward -4.95773 Time 4.09951
[DDPG] Quadruped Not Upright
[DDPG] Episode 0 Step 43 Reward -5.58311 Time 4.01108
[DDPG] Quadruped Not Upright
[DDPG] Episode 0 Step 44 Reward -5.96868 Time 4.41899
[DDPG] Quadruped Not Upright
[DDPG] Episode 0 Step 45 Reward -5.51964 Time 4.16637
[DDPG] Quadruped Not Upright
[DDPG] Episode 0 Step 46 Reward -6.01062 Time 3.93280
[DDPG] Quadruped Not Upright
[DDPG] Episode 0 Step 47 Reward -6.22017 Time 4.90565
[DDPG] Quadruped Not Upright
[DDPG] Episode 0 Step 48 Reward -6.01289 Time 4.65891
[DDPG] Last Step of episode
[DDPG] Quadruped Not Upright
[DDPG] Episode 0 Step 49 Reward -4.97360 Time 4.71725
