2021-04-17 15:28:16.262164: I tensorflow/stream_executor/platform/default/dso_loader.cc:49] Successfully opened dynamic library libcudart.so.11.0
Unable to init server: Could not connect: Connection refused
Unable to init server: Could not connect: Connection refused

(learn.py:2210722): Gdk-CRITICAL **: 15:28:41.138: gdk_cursor_new_for_display: assertion 'GDK_IS_DISPLAY (display)' failed
2021-04-17 15:28:43.795880: I tensorflow/compiler/jit/xla_cpu_device.cc:41] Not creating XLA devices, tf_xla_enable_xla_devices not set
2021-04-17 15:28:43.805285: I tensorflow/stream_executor/platform/default/dso_loader.cc:49] Successfully opened dynamic library libcuda.so.1
2021-04-17 15:28:43.884846: I tensorflow/stream_executor/cuda/cuda_gpu_executor.cc:941] successful NUMA node read from SysFS had negative value (-1), but there must be at least one NUMA node, so returning NUMA node zero
2021-04-17 15:28:43.892871: I tensorflow/core/common_runtime/gpu/gpu_device.cc:1720] Found device 0 with properties: 
pciBusID: 0000:00:1e.0 name: Tesla T4 computeCapability: 7.5
coreClock: 1.59GHz coreCount: 40 deviceMemorySize: 14.75GiB deviceMemoryBandwidth: 298.08GiB/s
2021-04-17 15:28:43.892930: I tensorflow/stream_executor/platform/default/dso_loader.cc:49] Successfully opened dynamic library libcudart.so.11.0
2021-04-17 15:28:43.925712: I tensorflow/stream_executor/platform/default/dso_loader.cc:49] Successfully opened dynamic library libcublas.so.11
2021-04-17 15:28:43.927499: I tensorflow/stream_executor/platform/default/dso_loader.cc:49] Successfully opened dynamic library libcublasLt.so.11
2021-04-17 15:28:43.942591: I tensorflow/stream_executor/platform/default/dso_loader.cc:49] Successfully opened dynamic library libcufft.so.10
2021-04-17 15:28:43.946743: I tensorflow/stream_executor/platform/default/dso_loader.cc:49] Successfully opened dynamic library libcurand.so.10
2021-04-17 15:28:43.977034: I tensorflow/stream_executor/platform/default/dso_loader.cc:49] Successfully opened dynamic library libcusolver.so.10
2021-04-17 15:28:43.986346: I tensorflow/stream_executor/platform/default/dso_loader.cc:49] Successfully opened dynamic library libcusparse.so.11
2021-04-17 15:28:43.989048: I tensorflow/stream_executor/platform/default/dso_loader.cc:49] Successfully opened dynamic library libcudnn.so.8
2021-04-17 15:28:43.992339: I tensorflow/stream_executor/cuda/cuda_gpu_executor.cc:941] successful NUMA node read from SysFS had negative value (-1), but there must be at least one NUMA node, so returning NUMA node zero
2021-04-17 15:28:43.996893: I tensorflow/stream_executor/cuda/cuda_gpu_executor.cc:941] successful NUMA node read from SysFS had negative value (-1), but there must be at least one NUMA node, so returning NUMA node zero
2021-04-17 15:28:44.003118: I tensorflow/core/common_runtime/gpu/gpu_device.cc:1862] Adding visible gpu devices: 0
[DDPG] Building the actor model
2021-04-17 15:28:44.126198: I tensorflow/core/platform/cpu_feature_guard.cc:142] This TensorFlow binary is optimized with oneAPI Deep Neural Network Library (oneDNN) to use the following CPU instructions in performance-critical operations:  AVX2 AVX512F FMA
To enable them in other operations, rebuild TensorFlow with the appropriate compiler flags.
2021-04-17 15:28:44.127004: I tensorflow/compiler/jit/xla_gpu_device.cc:99] Not creating XLA devices, tf_xla_enable_xla_devices not set
2021-04-17 15:28:44.129720: I tensorflow/stream_executor/cuda/cuda_gpu_executor.cc:941] successful NUMA node read from SysFS had negative value (-1), but there must be at least one NUMA node, so returning NUMA node zero
2021-04-17 15:28:44.135660: I tensorflow/core/common_runtime/gpu/gpu_device.cc:1720] Found device 0 with properties: 
pciBusID: 0000:00:1e.0 name: Tesla T4 computeCapability: 7.5
coreClock: 1.59GHz coreCount: 40 deviceMemorySize: 14.75GiB deviceMemoryBandwidth: 298.08GiB/s
2021-04-17 15:28:44.137242: I tensorflow/stream_executor/platform/default/dso_loader.cc:49] Successfully opened dynamic library libcudart.so.11.0
2021-04-17 15:28:44.138550: I tensorflow/stream_executor/platform/default/dso_loader.cc:49] Successfully opened dynamic library libcublas.so.11
2021-04-17 15:28:44.139692: I tensorflow/stream_executor/platform/default/dso_loader.cc:49] Successfully opened dynamic library libcublasLt.so.11
2021-04-17 15:28:44.141681: I tensorflow/stream_executor/platform/default/dso_loader.cc:49] Successfully opened dynamic library libcufft.so.10
2021-04-17 15:28:44.142243: I tensorflow/stream_executor/platform/default/dso_loader.cc:49] Successfully opened dynamic library libcurand.so.10
2021-04-17 15:28:44.142914: I tensorflow/stream_executor/platform/default/dso_loader.cc:49] Successfully opened dynamic library libcusolver.so.10
2021-04-17 15:28:44.143473: I tensorflow/stream_executor/platform/default/dso_loader.cc:49] Successfully opened dynamic library libcusparse.so.11
2021-04-17 15:28:44.143581: I tensorflow/stream_executor/platform/default/dso_loader.cc:49] Successfully opened dynamic library libcudnn.so.8
2021-04-17 15:28:44.146370: I tensorflow/stream_executor/cuda/cuda_gpu_executor.cc:941] successful NUMA node read from SysFS had negative value (-1), but there must be at least one NUMA node, so returning NUMA node zero
2021-04-17 15:28:44.151831: I tensorflow/stream_executor/cuda/cuda_gpu_executor.cc:941] successful NUMA node read from SysFS had negative value (-1), but there must be at least one NUMA node, so returning NUMA node zero
2021-04-17 15:28:44.156427: I tensorflow/core/common_runtime/gpu/gpu_device.cc:1862] Adding visible gpu devices: 0
2021-04-17 15:28:44.156671: I tensorflow/stream_executor/platform/default/dso_loader.cc:49] Successfully opened dynamic library libcudart.so.11.0
2021-04-17 15:28:49.741937: I tensorflow/core/common_runtime/gpu/gpu_device.cc:1261] Device interconnect StreamExecutor with strength 1 edge matrix:
2021-04-17 15:28:49.744021: I tensorflow/core/common_runtime/gpu/gpu_device.cc:1267]      0 
2021-04-17 15:28:49.745723: I tensorflow/core/common_runtime/gpu/gpu_device.cc:1280] 0:   N 
2021-04-17 15:28:49.749458: I tensorflow/stream_executor/cuda/cuda_gpu_executor.cc:941] successful NUMA node read from SysFS had negative value (-1), but there must be at least one NUMA node, so returning NUMA node zero
2021-04-17 15:28:49.760665: I tensorflow/stream_executor/cuda/cuda_gpu_executor.cc:941] successful NUMA node read from SysFS had negative value (-1), but there must be at least one NUMA node, so returning NUMA node zero
2021-04-17 15:28:49.769389: I tensorflow/stream_executor/cuda/cuda_gpu_executor.cc:941] successful NUMA node read from SysFS had negative value (-1), but there must be at least one NUMA node, so returning NUMA node zero
2021-04-17 15:28:49.774428: I tensorflow/core/common_runtime/gpu/gpu_device.cc:1406] Created TensorFlow device (/job:localhost/replica:0/task:0/device:GPU:0 with 12727 MB memory) -> physical GPU (device: 0, name: Tesla T4, pci bus id: 0000:00:1e.0, compute capability: 7.5)
[DDPG] Building the actor model
[DDPG] Building the critic model
[DDPG] Building the critic model
[DDPG] Waiting for joint trajectory action
[DDPG] Found joint trajectory action!
[DDPG] Waiting for joint trajectory action
[DDPG] Found joint trajectory action!
[DDPG] Waiting for joint trajectory action
[DDPG] Found joint trajectory action!
[DDPG] Waiting for joint trajectory action
[DDPG] Found joint trajectory action!
[0m[ INFO] [1618673359.919434402, 7.548000000]: Loading robot model 'quadruped'...[0m
[0m[ INFO] [1618673359.921177134, 7.549000000]: No root/virtual joint specified in SRDF. Assuming fixed joint[0m
[33m[ WARN] [1618673359.923167196, 7.549000000]: Link dummy_link has visual geometry but no collision geometry. Collision geometry will be left empty. Fix your URDF file by explicitly specifying collision geometry.[0m
[0m[ INFO] [1618673362.133053765, 8.014000000]: Ready to take commands for planning group front_right_leg.[0m
[0m[ INFO] [1618673366.929809700, 8.787000000]: Ready to take commands for planning group front_left_leg.[0m
[0m[ INFO] [1618673371.511670719, 9.587000000]: Ready to take commands for planning group back_right_leg.[0m
[0m[ INFO] [1618673375.288924385, 10.387000000]: Ready to take commands for planning group back_left_leg.[0m
[Actor] GPU>>>>>>>>>>>>
[Actor] [PhysicalDevice(name='/physical_device:GPU:0', device_type='GPU')]
[DDPG] Loading Actor Weights
[DDPG] Training Start
[DDPG] Resetting Environment
[DDPG] Starting Pretraining Test
2021-04-17 15:31:33.130161: I tensorflow/stream_executor/platform/default/dso_loader.cc:49] Successfully opened dynamic library libcublas.so.11
2021-04-17 15:31:38.391899: I tensorflow/stream_executor/platform/default/dso_loader.cc:49] Successfully opened dynamic library libcublasLt.so.11
[DDPG] Step 0 Reward 33.75365 Time 35.28902
[DDPG] Step 1 Reward 39.78986 Time 29.23104
[DDPG] Step 2 Reward 45.66513 Time 27.43517
[DDPG] Quadruped Not Upright
[DDPG] Step 3 Reward 0.01702 Time 27.52885
[DDPG] Step 4 Reward -1.40908 Time 25.88886
[DDPG] Resetting Environment
[DDPG] Starting Episode 0
[DDPG] Episode 0 Step 0 Reward -4.55715 Time 26.93131
[DDPG] Quadruped Not Upright
[DDPG] Episode 0 Step 1 Reward 2.01039 Time 24.63120
[DDPG] Starting Next Episode
[DDPG] Critic Loss 11.480154037475586
[DDPG] Total Reward -2.54676 Avg Critic Loss 11.48015 Time 8.20788
[DDPG] Saving Data
[DDPG] Saving Model
[DDPG] Resetting Environment
[DDPG] Starting Episode 1
[DDPG] Episode 1 Step 0 Reward -0.76488 Time 27.42798
[DDPG] Quadruped Not Upright
[DDPG] Episode 1 Step 1 Reward 1.87597 Time 23.63817
[DDPG] Starting Next Episode
[DDPG] Critic Loss 7.048898220062256
[DDPG] Total Reward 1.11109 Avg Critic Loss 7.04890 Time 9.43645
[DDPG] Resetting Environment
[DDPG] Starting Episode 2
[DDPG] Episode 2 Step 0 Reward -3.99274 Time 30.55134
[DDPG] Quadruped Not Upright
[DDPG] Episode 2 Step 1 Reward -7.00924 Time 24.39326
[DDPG] Starting Next Episode
[DDPG] Critic Loss 17.817718505859375
[DDPG] Total Reward -11.00198 Avg Critic Loss 17.81772 Time 9.07077
[DDPG] Resetting Environment
[DDPG] Starting Episode 3
[DDPG] Quadruped Not Upright
[DDPG] Episode 3 Step 0 Reward -2.47208 Time 25.74630
[DDPG] Starting Next Episode
[DDPG] Critic Loss 16.718599319458008
[DDPG] Total Reward -2.47208 Avg Critic Loss 16.71860 Time 10.19748
[DDPG] Resetting Environment
[DDPG] Starting Episode 4
[DDPG] Episode 4 Step 0 Reward -5.51029 Time 33.52935
[DDPG] Episode 4 Step 1 Reward -3.93857 Time 34.31828
[DDPG] Quadruped Not Upright
[DDPG] Episode 4 Step 2 Reward -8.61028 Time 32.19947
[DDPG] Starting Next Episode
[DDPG] Critic Loss 23.066553115844727
[DDPG] Total Reward -18.05915 Avg Critic Loss 23.06655 Time 10.42741
[DDPG] Resetting Environment
[DDPG] Starting Episode 5
[DDPG] Quadruped Not Upright
[DDPG] Episode 5 Step 0 Reward -0.83450 Time 34.07990
[DDPG] Starting Next Episode
[DDPG] Critic Loss 20.150760650634766
[DDPG] Total Reward -0.83450 Avg Critic Loss 20.15076 Time 11.48334
[DDPG] Resetting Environment
[DDPG] Starting Episode 6
[DDPG] Episode 6 Step 0 Reward -2.83895 Time 35.92222
[DDPG] Quadruped Not Upright
[DDPG] Episode 6 Step 1 Reward -4.37492 Time 29.91713
[DDPG] Starting Next Episode
[DDPG] Critic Loss 19.301225662231445
[DDPG] Total Reward -7.21388 Avg Critic Loss 19.30123 Time 10.75020
[DDPG] Resetting Environment
[DDPG] Starting Episode 7
[DDPG] Episode 7 Step 0 Reward -1.31718 Time 35.10474
[DDPG] Quadruped Not Upright
[DDPG] Episode 7 Step 1 Reward -6.52631 Time 30.13822
[DDPG] Starting Next Episode
[DDPG] Critic Loss 20.105802536010742
[DDPG] Total Reward -7.84348 Avg Critic Loss 20.10580 Time 13.85532
[DDPG] Resetting Environment
[DDPG] Starting Episode 8
[DDPG] Episode 8 Step 0 Reward -1.48158 Time 35.20219
[DDPG] Quadruped Not Upright
[DDPG] Episode 8 Step 1 Reward -5.06222 Time 29.54299
[DDPG] Starting Next Episode
[DDPG] Critic Loss 18.507728576660156
[DDPG] Total Reward -6.54380 Avg Critic Loss 18.50773 Time 10.64248
[DDPG] Resetting Environment
[DDPG] Starting Episode 9
[DDPG] Episode 9 Step 0 Reward -0.78736 Time 34.18628
[DDPG] Episode 9 Step 1 Reward -2.80562 Time 36.64951
[DDPG] Quadruped Not Upright
[DDPG] Episode 9 Step 2 Reward -4.03468 Time 29.76090
[DDPG] Starting Next Episode
[DDPG] Critic Loss 18.159603118896484
[DDPG] Total Reward -7.62766 Avg Critic Loss 18.15960 Time 12.52542
[DDPG] Resetting Environment
[DDPG] Starting Episode 10
[DDPG] Episode 10 Step 0 Reward -1.97340 Time 35.84415
[DDPG] Quadruped Not Upright
[DDPG] Episode 10 Step 1 Reward -7.99243 Time 30.74721
[DDPG] Starting Next Episode
[DDPG] Critic Loss 18.560182571411133
[DDPG] Total Reward -9.96583 Avg Critic Loss 18.56018 Time 11.78995
[DDPG] Resetting Environment
[DDPG] Starting Episode 11
[DDPG] Episode 11 Step 0 Reward -0.76915 Time 35.32632
[DDPG] Episode 11 Step 1 Reward -1.48322 Time 34.39959
[DDPG] Quadruped Not Upright
[DDPG] Episode 11 Step 2 Reward -5.12002 Time 28.91186
[DDPG] Starting Next Episode
[DDPG] Critic Loss 18.012104034423828
[DDPG] Total Reward -7.37239 Avg Critic Loss 18.01210 Time 14.26687
[DDPG] Resetting Environment
[DDPG] Starting Episode 12
[DDPG] Quadruped Not Upright
[DDPG] Episode 12 Step 0 Reward -8.62014 Time 33.38070
[DDPG] Starting Next Episode
[DDPG] Critic Loss 19.7685546875
[DDPG] Total Reward -8.62014 Avg Critic Loss 19.76855 Time 11.50087
[DDPG] Resetting Environment
[DDPG] Starting Episode 13
[DDPG] Quadruped Not Upright
[DDPG] Episode 13 Step 0 Reward -5.84869 Time 31.94340
[DDPG] Starting Next Episode
[DDPG] Critic Loss 20.309789657592773
[DDPG] Total Reward -5.84869 Avg Critic Loss 20.30979 Time 12.42510
[DDPG] Resetting Environment
[DDPG] Starting Episode 14
[DDPG] Episode 14 Step 0 Reward -2.88105 Time 31.65614
[DDPG] Quadruped Not Upright
[DDPG] Episode 14 Step 1 Reward -7.05085 Time 32.60007
[DDPG] Starting Next Episode
[DDPG] Critic Loss 21.50428009033203
[DDPG] Total Reward -9.93191 Avg Critic Loss 21.50428 Time 12.71677
[DDPG] Resetting Environment
[DDPG] Starting Episode 15
[DDPG] Quadruped Not Upright
[DDPG] Episode 15 Step 0 Reward -2.60297 Time 33.03322
[DDPG] Starting Next Episode
[DDPG] Critic Loss 20.55562400817871
[DDPG] Total Reward -2.60297 Avg Critic Loss 20.55562 Time 11.81864
[DDPG] Resetting Environment
[DDPG] Starting Episode 16
[DDPG] Quadruped Not Upright
[DDPG] Episode 16 Step 0 Reward -3.11577 Time 33.53839
[DDPG] Starting Next Episode
[DDPG] Critic Loss 20.557254791259766
[DDPG] Total Reward -3.11577 Avg Critic Loss 20.55725 Time 12.56279
[DDPG] Resetting Environment
[DDPG] Starting Episode 17
[DDPG] Episode 17 Step 0 Reward -3.29799 Time 33.30235
[DDPG] Episode 17 Step 1 Reward -2.45225 Time 38.83936
[DDPG] Episode 17 Step 2 Reward -0.21667 Time 34.68493
[DDPG] Quadruped Not Upright
[DDPG] Episode 17 Step 3 Reward -0.71467 Time 29.64495
[DDPG] Starting Next Episode
[DDPG] Critic Loss 18.743873596191406
[DDPG] Total Reward -6.68157 Avg Critic Loss 18.74387 Time 12.24819
[DDPG] Resetting Environment
[DDPG] Starting Episode 18
[DDPG] Episode 18 Step 0 Reward 0.42669 Time 36.98618
[DDPG] Episode 18 Step 1 Reward -9.06202 Time 31.62501
[DDPG] Quadruped Not Upright
[DDPG] Episode 18 Step 2 Reward -3.33427 Time 31.05328
[DDPG] Starting Next Episode
[DDPG] Critic Loss 20.770410537719727
[DDPG] Total Reward -11.96960 Avg Critic Loss 20.77041 Time 13.75307
[DDPG] Resetting Environment
[DDPG] Starting Episode 19
[DDPG] Episode 19 Step 0 Reward -6.34939 Time 35.24807
[DDPG] Quadruped Not Upright
[DDPG] Episode 19 Step 1 Reward 6.21817 Time 31.30742
[DDPG] Starting Next Episode
[DDPG] Critic Loss 19.98397445678711
[DDPG] Total Reward -0.13121 Avg Critic Loss 19.98397 Time 11.55614
[DDPG] Resetting Environment
[DDPG] Starting Episode 20
[DDPG] Episode 20 Step 0 Reward -0.42144 Time 34.39294
[DDPG] Quadruped Not Upright
[DDPG] Episode 20 Step 1 Reward -8.26945 Time 30.68258
[DDPG] Starting Next Episode
[DDPG] Critic Loss 20.758098602294922
[DDPG] Total Reward -8.69089 Avg Critic Loss 20.75810 Time 11.00583
[DDPG] Resetting Environment
[DDPG] Starting Episode 21
[DDPG] Episode 21 Step 0 Reward -1.27937 Time 36.73125
[DDPG] Quadruped Not Upright
[DDPG] Episode 21 Step 1 Reward -6.04978 Time 30.38497
[DDPG] Starting Next Episode
[DDPG] Critic Loss 20.727123260498047
[DDPG] Total Reward -7.32915 Avg Critic Loss 20.72712 Time 11.91169
[DDPG] Resetting Environment
[DDPG] Starting Episode 22
[DDPG] Quadruped Not Upright
[DDPG] Episode 22 Step 0 Reward -6.74329 Time 31.89716
[DDPG] Starting Next Episode
[DDPG] Critic Loss 21.392911911010742
[DDPG] Total Reward -6.74329 Avg Critic Loss 21.39291 Time 11.14574
[DDPG] Resetting Environment
[DDPG] Starting Episode 23
[DDPG] Episode 23 Step 0 Reward -1.70389 Time 37.11157
[DDPG] Quadruped Not Upright
[DDPG] Episode 23 Step 1 Reward -5.88119 Time 33.33392
[DDPG] Starting Next Episode
[DDPG] Critic Loss 21.68868064880371
[DDPG] Total Reward -7.58508 Avg Critic Loss 21.68868 Time 13.32411
[DDPG] Resetting Environment
[DDPG] Starting Episode 24
[DDPG] Quadruped Not Upright
[DDPG] Episode 24 Step 0 Reward -6.64298 Time 30.95254
[DDPG] Starting Next Episode
[DDPG] Critic Loss 21.77535057067871
[DDPG] Total Reward -6.64298 Avg Critic Loss 21.77535 Time 11.90446
[DDPG] Resetting Environment
[DDPG] Starting Episode 25
[DDPG] Episode 25 Step 0 Reward -2.20114 Time 34.15655
[DDPG] Quadruped Not Upright
[DDPG] Episode 25 Step 1 Reward -10.19425 Time 31.14500
[DDPG] Starting Next Episode
[DDPG] Critic Loss 23.39301300048828
[DDPG] Total Reward -12.39539 Avg Critic Loss 23.39301 Time 11.39308
[DDPG] Saving Data
[DDPG] Saving Model
[DDPG] Resetting Environment
[DDPG] Starting Episode 26
[DDPG] Episode 26 Step 0 Reward -2.06142 Time 36.75548
[DDPG] Episode 26 Step 1 Reward -6.47694 Time 32.05837
[DDPG] Quadruped Not Upright
[DDPG] Episode 26 Step 2 Reward 6.69876 Time 32.48591
[DDPG] Starting Next Episode
[DDPG] Critic Loss 24.318437576293945
[DDPG] Total Reward -1.83960 Avg Critic Loss 24.31844 Time 12.18133
[DDPG] Resetting Environment
[DDPG] Starting Episode 27
[DDPG] Episode 27 Step 0 Reward -0.05943 Time 36.88684
[DDPG] Quadruped Not Upright
[DDPG] Episode 27 Step 1 Reward -8.33680 Time 29.69825
[DDPG] Starting Next Episode
[DDPG] Critic Loss 23.2191162109375
[DDPG] Total Reward -8.39623 Avg Critic Loss 23.21912 Time 12.49385
[DDPG] Resetting Environment
[DDPG] Starting Episode 28
[DDPG] Episode 28 Step 0 Reward -1.58229 Time 38.57686
[DDPG] Episode 28 Step 1 Reward -0.50916 Time 38.27830
[DDPG] Quadruped Not Upright
[DDPG] Episode 28 Step 2 Reward -6.60006 Time 29.60907
[DDPG] Starting Next Episode
[DDPG] Critic Loss 23.93012046813965
[DDPG] Total Reward -8.69151 Avg Critic Loss 23.93012 Time 14.91586
[DDPG] Resetting Environment
[DDPG] Starting Episode 29
[DDPG] Episode 29 Step 0 Reward -1.46013 Time 38.52366
[DDPG] Quadruped Not Upright
[DDPG] Episode 29 Step 1 Reward -4.56610 Time 31.28072
[DDPG] Starting Next Episode
[DDPG] Critic Loss 22.68422508239746
[DDPG] Total Reward -6.02623 Avg Critic Loss 22.68423 Time 13.45434
[DDPG] Resetting Environment
[DDPG] Starting Episode 30
[DDPG] Episode 30 Step 0 Reward -1.53311 Time 35.76677
[DDPG] Quadruped Not Upright
[DDPG] Episode 30 Step 1 Reward -8.58280 Time 30.97210
[DDPG] Starting Next Episode
[DDPG] Critic Loss 22.293611526489258
[DDPG] Total Reward -10.11591 Avg Critic Loss 22.29361 Time 14.28434
[DDPG] Resetting Environment
[DDPG] Starting Episode 31
[DDPG] Episode 31 Step 0 Reward -1.26501 Time 39.10117
[DDPG] Quadruped Not Upright
[DDPG] Episode 31 Step 1 Reward -1.83387 Time 32.59496
[DDPG] Starting Next Episode
[DDPG] Critic Loss 22.472145080566406
[DDPG] Total Reward -3.09888 Avg Critic Loss 22.47215 Time 11.52034
[DDPG] Resetting Environment
[DDPG] Starting Episode 32
[DDPG] Quadruped Not Upright
[DDPG] Episode 32 Step 0 Reward -3.01740 Time 31.27977
[DDPG] Starting Next Episode
[DDPG] Critic Loss 21.881011962890625
[DDPG] Total Reward -3.01740 Avg Critic Loss 21.88101 Time 10.69335
[DDPG] Resetting Environment
[DDPG] Starting Episode 33
[DDPG] Quadruped Not Upright
[DDPG] Episode 33 Step 0 Reward -5.73101 Time 33.88148
[DDPG] Starting Next Episode
[DDPG] Critic Loss 22.044700622558594
[DDPG] Total Reward -5.73101 Avg Critic Loss 22.04470 Time 13.26487
[DDPG] Resetting Environment
[DDPG] Starting Episode 34
[DDPG] Episode 34 Step 0 Reward -0.40852 Time 37.11782
[DDPG] Quadruped Not Upright
[DDPG] Episode 34 Step 1 Reward -5.30336 Time 32.96384
[DDPG] Starting Next Episode
[DDPG] Critic Loss 23.112749099731445
[DDPG] Total Reward -5.71188 Avg Critic Loss 23.11275 Time 11.87490
[DDPG] Resetting Environment
[DDPG] Starting Episode 35
[DDPG] Episode 35 Step 0 Reward -0.27270 Time 38.28369
[DDPG] Quadruped Not Upright
[DDPG] Episode 35 Step 1 Reward -7.62961 Time 30.60962
[DDPG] Starting Next Episode
[DDPG] Critic Loss 21.83735466003418
[DDPG] Total Reward -7.90231 Avg Critic Loss 21.83735 Time 13.91989
[DDPG] Resetting Environment
[DDPG] Starting Episode 36
[DDPG] Episode 36 Step 0 Reward -0.22760 Time 39.46593
[DDPG] Episode 36 Step 1 Reward -3.97938 Time 36.13099
[DDPG] Quadruped Not Upright
[DDPG] Episode 36 Step 2 Reward 2.45351 Time 31.19239
[DDPG] Starting Next Episode
[DDPG] Critic Loss 21.753843307495117
[DDPG] Total Reward -1.75347 Avg Critic Loss 21.75384 Time 13.87098
[DDPG] Resetting Environment
[DDPG] Starting Episode 37
[DDPG] Episode 37 Step 0 Reward 0.28103 Time 39.27767
[DDPG] Quadruped Not Upright
[DDPG] Episode 37 Step 1 Reward -5.41863 Time 32.95473
[DDPG] Starting Next Episode
[DDPG] Critic Loss 20.809858322143555
[DDPG] Total Reward -5.13760 Avg Critic Loss 20.80986 Time 12.76876
[DDPG] Resetting Environment
[DDPG] Starting Episode 38
[DDPG] Episode 38 Step 0 Reward 0.61231 Time 38.04836
[DDPG] Quadruped Not Upright
[DDPG] Episode 38 Step 1 Reward -9.62207 Time 31.86279
[DDPG] Starting Next Episode
[DDPG] Critic Loss 22.191547393798828
[DDPG] Total Reward -9.00976 Avg Critic Loss 22.19155 Time 14.16910
[DDPG] Resetting Environment
[DDPG] Starting Episode 39
[DDPG] Episode 39 Step 0 Reward -1.85930 Time 34.81617
[DDPG] Episode 39 Step 1 Reward -4.93986 Time 33.92634
[DDPG] Episode 39 Step 2 Reward -1.89230 Time 33.99909
[DDPG] Episode 39 Step 3 Reward -1.26620 Time 39.69305
[DDPG] Quadruped Not Upright
[DDPG] Episode 39 Step 4 Reward -3.77545 Time 32.37137
[DDPG] Starting Next Episode
[DDPG] Critic Loss 21.361915588378906
[DDPG] Total Reward -13.73311 Avg Critic Loss 21.36192 Time 13.17902
[DDPG] Resetting Environment
[DDPG] Starting Episode 40
[DDPG] Quadruped Not Upright
[DDPG] Episode 40 Step 0 Reward -0.17195 Time 33.56924
[DDPG] Starting Next Episode
[DDPG] Critic Loss 20.33802604675293
[DDPG] Total Reward -0.17195 Avg Critic Loss 20.33803 Time 13.23771
[DDPG] Resetting Environment
[DDPG] Starting Episode 41
[DDPG] Quadruped Not Upright
[DDPG] Episode 41 Step 0 Reward -4.77033 Time 34.20842
[DDPG] Starting Next Episode
[DDPG] Critic Loss 20.34032440185547
[DDPG] Total Reward -4.77033 Avg Critic Loss 20.34032 Time 14.07889
[DDPG] Resetting Environment
[DDPG] Starting Episode 42
[DDPG] Episode 42 Step 0 Reward -1.50523 Time 35.78242
[DDPG] Quadruped Not Upright
[DDPG] Episode 42 Step 1 Reward -5.07408 Time 31.52474
[DDPG] Starting Next Episode
[DDPG] Critic Loss 20.346097946166992
[DDPG] Total Reward -6.57930 Avg Critic Loss 20.34610 Time 12.04813
[DDPG] Resetting Environment
[DDPG] Starting Episode 43
[DDPG] Quadruped Not Upright
[DDPG] Episode 43 Step 0 Reward -7.66477 Time 29.47085
[DDPG] Starting Next Episode
[DDPG] Critic Loss 20.329198837280273
[DDPG] Total Reward -7.66477 Avg Critic Loss 20.32920 Time 12.59930
[DDPG] Resetting Environment
[DDPG] Starting Episode 44
[DDPG] Episode 44 Step 0 Reward -1.03397 Time 33.95705
[DDPG] Quadruped Not Upright
[DDPG] Episode 44 Step 1 Reward -9.64089 Time 30.99186
[DDPG] Starting Next Episode
[DDPG] Critic Loss 21.626977920532227
[DDPG] Total Reward -10.67486 Avg Critic Loss 21.62698 Time 11.83526
[DDPG] Resetting Environment
[DDPG] Starting Episode 45
[DDPG] Episode 45 Step 0 Reward -2.21839 Time 38.75967
[DDPG] Quadruped Not Upright
[DDPG] Episode 45 Step 1 Reward -2.53992 Time 33.47182
[DDPG] Starting Next Episode
[DDPG] Critic Loss 21.08940315246582
[DDPG] Total Reward -4.75830 Avg Critic Loss 21.08940 Time 16.62084
[DDPG] Resetting Environment
[DDPG] Starting Episode 46
[DDPG] Quadruped Not Upright
[DDPG] Episode 46 Step 0 Reward -4.15797 Time 36.14976
[DDPG] Starting Next Episode
[DDPG] Critic Loss 20.09404754638672
[DDPG] Total Reward -4.15797 Avg Critic Loss 20.09405 Time 15.55620
[DDPG] Resetting Environment
[DDPG] Starting Episode 47
[DDPG] Episode 47 Step 0 Reward -2.73004 Time 35.40615
[DDPG] Quadruped Not Upright
[DDPG] Episode 47 Step 1 Reward 0.94266 Time 32.04963
[DDPG] Starting Next Episode
[DDPG] Critic Loss 20.790325164794922
[DDPG] Total Reward -1.78738 Avg Critic Loss 20.79033 Time 12.27810
[DDPG] Resetting Environment
[DDPG] Starting Episode 48
[DDPG] Episode 48 Step 0 Reward -1.46239 Time 37.87766
[DDPG] Episode 48 Step 1 Reward -5.32609 Time 35.11108
[DDPG] Episode 48 Step 2 Reward -0.01229 Time 38.41841
[DDPG] Quadruped Not Upright
[DDPG] Episode 48 Step 3 Reward -3.70031 Time 34.32761
[DDPG] Starting Next Episode
[DDPG] Critic Loss 20.306516647338867
[DDPG] Total Reward -10.50107 Avg Critic Loss 20.30652 Time 13.18276
[DDPG] Resetting Environment
[DDPG] Starting Episode 49
[DDPG] Episode 49 Step 0 Reward -0.18185 Time 38.86151
[DDPG] Quadruped Not Upright
[DDPG] Episode 49 Step 1 Reward -7.25934 Time 34.28198
[DDPG] Starting Next Episode
[DDPG] Critic Loss 19.910324096679688
[DDPG] Total Reward -7.44118 Avg Critic Loss 19.91032 Time 13.68317
[DDPG] Resetting Environment
[DDPG] Starting Episode 50
[DDPG] Episode 50 Step 0 Reward -1.33740 Time 37.53610
[DDPG] Quadruped Not Upright
[DDPG] Episode 50 Step 1 Reward -6.69980 Time 32.37317
[DDPG] Starting Next Episode
[DDPG] Critic Loss 20.0255184173584
[DDPG] Total Reward -8.03720 Avg Critic Loss 20.02552 Time 14.90221
[DDPG] Saving Data
[DDPG] Saving Model
[DDPG] Resetting Environment
[DDPG] Starting Episode 51
[DDPG] Episode 51 Step 0 Reward 0.43157 Time 39.53332
[DDPG] Quadruped Not Upright
[DDPG] Episode 51 Step 1 Reward -7.93319 Time 32.81758
[DDPG] Starting Next Episode
[DDPG] Critic Loss 20.518430709838867
[DDPG] Total Reward -7.50163 Avg Critic Loss 20.51843 Time 15.24121
[DDPG] Resetting Environment
[DDPG] Starting Episode 52
[DDPG] Episode 52 Step 0 Reward -0.55768 Time 38.10863
[DDPG] Quadruped Not Upright
[DDPG] Episode 52 Step 1 Reward -2.80727 Time 28.56802
[DDPG] Starting Next Episode
[DDPG] Critic Loss 20.03164291381836
[DDPG] Total Reward -3.36495 Avg Critic Loss 20.03164 Time 11.01693
[DDPG] Resetting Environment
[DDPG] Starting Episode 53
[DDPG] Episode 53 Step 0 Reward -1.20023 Time 34.60679
[DDPG] Episode 53 Step 1 Reward -5.18422 Time 33.13099
[DDPG] Episode 53 Step 2 Reward -0.11991 Time 36.54652
[DDPG] Quadruped Not Upright
[DDPG] Episode 53 Step 3 Reward 2.45564 Time 33.32605
[DDPG] Starting Next Episode
[DDPG] Critic Loss 19.654300689697266
[DDPG] Total Reward -4.04871 Avg Critic Loss 19.65430 Time 13.26276
[DDPG] Resetting Environment
[DDPG] Starting Episode 54
[DDPG] Quadruped Not Upright
[DDPG] Episode 54 Step 0 Reward -1.68019 Time 30.05907
[DDPG] Starting Next Episode
[DDPG] Critic Loss 18.931175231933594
[DDPG] Total Reward -1.68019 Avg Critic Loss 18.93118 Time 10.90391
[DDPG] Resetting Environment
[DDPG] Starting Episode 55
[DDPG] Episode 55 Step 0 Reward -1.90889 Time 34.35404
[DDPG] Episode 55 Step 1 Reward -4.63716 Time 30.36496
[DDPG] Floating Point Error in reward computation
[DDPG] Critic Loss 18.87017059326172
[DDPG] Total Reward -6.54605 Avg Critic Loss 18.87017 Time 12.33354
[DDPG] Resetting Environment
[DDPG] Starting Episode 56
[DDPG] Quadruped Not Upright
[DDPG] Episode 56 Step 0 Reward -3.18036 Time 31.31688
[DDPG] Starting Next Episode
[DDPG] Critic Loss 18.48621368408203
[DDPG] Total Reward -3.18036 Avg Critic Loss 18.48621 Time 12.30208
[DDPG] Resetting Environment
[DDPG] Starting Episode 57
[DDPG] Quadruped Not Upright
[DDPG] Episode 57 Step 0 Reward -7.25574 Time 32.01793
[DDPG] Starting Next Episode
[DDPG] Critic Loss 18.730018615722656
[DDPG] Total Reward -7.25574 Avg Critic Loss 18.73002 Time 14.05879
[DDPG] Resetting Environment
[DDPG] Starting Episode 58
[DDPG] Episode 58 Step 0 Reward 0.08494 Time 33.26937
[DDPG] Episode 58 Step 1 Reward -11.75858 Time 31.97104
[DDPG] Quadruped Not Upright
[DDPG] Episode 58 Step 2 Reward 0.72718 Time 29.82621
[DDPG] Starting Next Episode
[DDPG] Critic Loss 19.368093490600586
[DDPG] Total Reward -10.94646 Avg Critic Loss 19.36809 Time 11.81617
[DDPG] Resetting Environment
[DDPG] Starting Episode 59
[DDPG] Quadruped Not Upright
[DDPG] Episode 59 Step 0 Reward -5.63119 Time 30.90498
[DDPG] Starting Next Episode
[DDPG] Critic Loss 19.39556884765625
[DDPG] Total Reward -5.63119 Avg Critic Loss 19.39557 Time 11.98357
[DDPG] Resetting Environment
[DDPG] Starting Episode 60
[DDPG] Episode 60 Step 0 Reward -1.31756 Time 31.88127
[DDPG] Quadruped Not Upright
[DDPG] Episode 60 Step 1 Reward -5.89779 Time 31.18987
[DDPG] Starting Next Episode
[DDPG] Critic Loss 19.667274475097656
[DDPG] Total Reward -7.21535 Avg Critic Loss 19.66727 Time 10.90065
[DDPG] Resetting Environment
[DDPG] Starting Episode 61
[DDPG] Episode 61 Step 0 Reward 1.29548 Time 34.55234
[DDPG] Episode 61 Step 1 Reward -7.90572 Time 33.71983
[DDPG] Quadruped Not Upright
[DDPG] Episode 61 Step 2 Reward -0.34077 Time 31.94699
[DDPG] Starting Next Episode
[DDPG] Critic Loss 19.477434158325195
[DDPG] Total Reward -6.95101 Avg Critic Loss 19.47743 Time 11.64588
[DDPG] Resetting Environment
[DDPG] Starting Episode 62
[DDPG] Quadruped Not Upright
[DDPG] Episode 62 Step 0 Reward -2.32885 Time 31.15321
[DDPG] Starting Next Episode
[DDPG] Critic Loss 19.172882080078125
[DDPG] Total Reward -2.32885 Avg Critic Loss 19.17288 Time 13.50956
[DDPG] Resetting Environment
[DDPG] Starting Episode 63
[DDPG] Episode 63 Step 0 Reward -4.33891 Time 34.23845
[DDPG] Quadruped Not Upright
[DDPG] Episode 63 Step 1 Reward 2.86559 Time 34.11982
[DDPG] Starting Next Episode
[DDPG] Critic Loss 19.406139373779297
[DDPG] Total Reward -1.47332 Avg Critic Loss 19.40614 Time 12.70329
[DDPG] Resetting Environment
[DDPG] Starting Episode 64
[DDPG] Quadruped Not Upright
[DDPG] Episode 64 Step 0 Reward -1.91902 Time 37.89632
[DDPG] Starting Next Episode
[DDPG] Critic Loss 18.937339782714844
[DDPG] Total Reward -1.91902 Avg Critic Loss 18.93734 Time 12.66738
[DDPG] Resetting Environment
[DDPG] Starting Episode 65
[DDPG] Episode 65 Step 0 Reward -1.04284 Time 36.81824
[DDPG] Quadruped Not Upright
[DDPG] Episode 65 Step 1 Reward -7.14360 Time 29.96699
[DDPG] Starting Next Episode
[DDPG] Critic Loss 19.398588180541992
[DDPG] Total Reward -8.18644 Avg Critic Loss 19.39859 Time 11.84326
[DDPG] Resetting Environment
[DDPG] Starting Episode 66
[DDPG] Quadruped Not Upright
[DDPG] Episode 66 Step 0 Reward -3.60258 Time 30.97728
[DDPG] Starting Next Episode
[DDPG] Critic Loss 18.903406143188477
[DDPG] Total Reward -3.60258 Avg Critic Loss 18.90341 Time 11.72374
[DDPG] Resetting Environment
[DDPG] Starting Episode 67
[DDPG] Quadruped Not Upright
[DDPG] Episode 67 Step 0 Reward -3.75605 Time 33.83858
[DDPG] Starting Next Episode
[DDPG] Critic Loss 18.917327880859375
[DDPG] Total Reward -3.75605 Avg Critic Loss 18.91733 Time 12.35672
[DDPG] Resetting Environment
[DDPG] Starting Episode 68
[DDPG] Episode 68 Step 0 Reward -2.66497 Time 31.21940
[DDPG] Floating Point Error in reward computation
[DDPG] Critic Loss 19.614730834960938
[DDPG] Total Reward -2.66497 Avg Critic Loss 19.61473 Time 14.52630
[DDPG] Resetting Environment
[DDPG] Starting Episode 69
[DDPG] Quadruped Not Upright
[DDPG] Episode 69 Step 0 Reward -7.80980 Time 31.44444
[DDPG] Starting Next Episode
[DDPG] Critic Loss 19.358627319335938
[DDPG] Total Reward -7.80980 Avg Critic Loss 19.35863 Time 12.72609
[DDPG] Resetting Environment
[DDPG] Starting Episode 70
[DDPG] Episode 70 Step 0 Reward 0.81294 Time 34.04857
[DDPG] Quadruped Not Upright
[DDPG] Episode 70 Step 1 Reward -9.38000 Time 32.61613
[DDPG] Starting Next Episode
[DDPG] Critic Loss 19.931673049926758
[DDPG] Total Reward -8.56706 Avg Critic Loss 19.93167 Time 15.45424
[DDPG] Resetting Environment
[DDPG] Starting Episode 71
[DDPG] Episode 71 Step 0 Reward -5.32130 Time 34.74031
[DDPG] Episode 71 Step 1 Reward 1.17079 Time 34.89767
[DDPG] Episode 71 Step 2 Reward -2.51728 Time 32.68278
[DDPG] Episode 71 Step 3 Reward 4.34394 Time 30.39476
[DDPG] Quadruped Not Upright
[DDPG] Episode 71 Step 4 Reward -1.49821 Time 31.72234
[DDPG] Starting Next Episode
[DDPG] Critic Loss 20.588022232055664
[DDPG] Total Reward -3.82205 Avg Critic Loss 20.58802 Time 12.65237
[DDPG] Resetting Environment
[DDPG] Starting Episode 72
[DDPG] Episode 72 Step 0 Reward -0.59212 Time 36.03751
[DDPG] Quadruped Not Upright
[DDPG] Episode 72 Step 1 Reward -13.12976 Time 31.34428
[DDPG] Starting Next Episode
[DDPG] Critic Loss 19.90988540649414
[DDPG] Total Reward -13.72188 Avg Critic Loss 19.90989 Time 12.18886
[DDPG] Resetting Environment
[DDPG] Starting Episode 73
[DDPG] Quadruped Not Upright
[DDPG] Episode 73 Step 0 Reward -5.22535 Time 31.23739
[DDPG] Starting Next Episode
[DDPG] Critic Loss 20.346698760986328
[DDPG] Total Reward -5.22535 Avg Critic Loss 20.34670 Time 13.67444
[DDPG] Resetting Environment
[DDPG] Starting Episode 74
[DDPG] Quadruped Not Upright
[DDPG] Episode 74 Step 0 Reward -7.54263 Time 31.38787
[DDPG] Starting Next Episode
[DDPG] Critic Loss 20.721599578857422
[DDPG] Total Reward -7.54263 Avg Critic Loss 20.72160 Time 14.95262
[DDPG] Resetting Environment
[DDPG] Starting Episode 75
[DDPG] Quadruped Not Upright
[DDPG] Episode 75 Step 0 Reward -8.20801 Time 30.55432
[DDPG] Starting Next Episode
[DDPG] Critic Loss 20.809125900268555
[DDPG] Total Reward -8.20801 Avg Critic Loss 20.80913 Time 13.77557
[DDPG] Saving Data
[DDPG] Saving Model
[DDPG] Resetting Environment
[DDPG] Starting Episode 76
[DDPG] Quadruped Not Upright
[DDPG] Episode 76 Step 0 Reward -1.41165 Time 32.13506
[DDPG] Starting Next Episode
[DDPG] Critic Loss 20.614303588867188
[DDPG] Total Reward -1.41165 Avg Critic Loss 20.61430 Time 13.05193
[DDPG] Resetting Environment
[DDPG] Starting Episode 77
[DDPG] Episode 77 Step 0 Reward -0.18039 Time 31.07278
[DDPG] Episode 77 Step 1 Reward -3.04858 Time 35.26882
[DDPG] Quadruped Not Upright
[DDPG] Episode 77 Step 2 Reward -5.36327 Time 32.67813
[DDPG] Starting Next Episode
[DDPG] Critic Loss 21.033035278320312
[DDPG] Total Reward -8.59224 Avg Critic Loss 21.03304 Time 14.03039
[DDPG] Resetting Environment
[DDPG] Starting Episode 78
[DDPG] Episode 78 Step 0 Reward -0.05496 Time 35.86863
[DDPG] Episode 78 Step 1 Reward -10.30351 Time 30.97815
[DDPG] Floating Point Error in reward computation
[DDPG] Critic Loss 21.840307235717773
[DDPG] Total Reward -10.35848 Avg Critic Loss 21.84031 Time 12.76503
[DDPG] Resetting Environment
[DDPG] Starting Episode 79
[DDPG] Episode 79 Step 0 Reward -0.04598 Time 39.12910
[DDPG] Episode 79 Step 1 Reward -7.86535 Time 28.12218
[DDPG] Quadruped Not Upright
[DDPG] Episode 79 Step 2 Reward -2.76257 Time 31.89071
[DDPG] Starting Next Episode
[DDPG] Critic Loss 21.804044723510742
[DDPG] Total Reward -10.67390 Avg Critic Loss 21.80404 Time 11.96631
[DDPG] Resetting Environment
[DDPG] Starting Episode 80
[DDPG] Episode 80 Step 0 Reward -2.26268 Time 36.44045
[DDPG] Quadruped Not Upright
[DDPG] Episode 80 Step 1 Reward -10.65133 Time 31.11099
[DDPG] Starting Next Episode
[DDPG] Critic Loss 21.43304443359375
[DDPG] Total Reward -12.91401 Avg Critic Loss 21.43304 Time 15.14578
[DDPG] Resetting Environment
[DDPG] Starting Episode 81
[DDPG] Quadruped Not Upright
[DDPG] Episode 81 Step 0 Reward -6.76252 Time 30.53386
[DDPG] Starting Next Episode
[DDPG] Critic Loss 21.5097713470459
[DDPG] Total Reward -6.76252 Avg Critic Loss 21.50977 Time 12.05199
[DDPG] Resetting Environment
[DDPG] Starting Episode 82
[DDPG] Episode 82 Step 0 Reward -1.63335 Time 34.74945
[DDPG] Quadruped Not Upright
[DDPG] Episode 82 Step 1 Reward -7.63864 Time 30.36511
[DDPG] Starting Next Episode
[DDPG] Critic Loss 21.637659072875977
[DDPG] Total Reward -9.27199 Avg Critic Loss 21.63766 Time 14.49848
[DDPG] Resetting Environment
[DDPG] Starting Episode 83
[DDPG] Quadruped Not Upright
[DDPG] Episode 83 Step 0 Reward -1.67507 Time 31.66970
[DDPG] Starting Next Episode
[DDPG] Critic Loss 21.492584228515625
[DDPG] Total Reward -1.67507 Avg Critic Loss 21.49258 Time 14.73466
[DDPG] Resetting Environment
[DDPG] Starting Episode 84
[DDPG] Episode 84 Step 0 Reward -1.59210 Time 35.87788
[DDPG] Quadruped Not Upright
[DDPG] Episode 84 Step 1 Reward -3.54808 Time 32.09080
[DDPG] Starting Next Episode
[DDPG] Critic Loss 21.556804656982422
[DDPG] Total Reward -5.14019 Avg Critic Loss 21.55680 Time 14.92826
[DDPG] Resetting Environment
[DDPG] Starting Episode 85
[DDPG] Episode 85 Step 0 Reward -2.50848 Time 31.69463
[DDPG] Quadruped Not Upright
[DDPG] Episode 85 Step 1 Reward -3.37117 Time 30.60164
[DDPG] Starting Next Episode
[DDPG] Critic Loss 21.223777770996094
[DDPG] Total Reward -5.87965 Avg Critic Loss 21.22378 Time 13.19666
[DDPG] Resetting Environment
[DDPG] Starting Episode 86
[DDPG] Episode 86 Step 0 Reward -2.68738 Time 34.38689
[DDPG] Quadruped Not Upright
[DDPG] Episode 86 Step 1 Reward 1.83624 Time 31.21526
[DDPG] Starting Next Episode
[DDPG] Critic Loss 20.924314498901367
[DDPG] Total Reward -0.85115 Avg Critic Loss 20.92431 Time 11.75523
[DDPG] Resetting Environment
[DDPG] Starting Episode 87
[DDPG] Episode 87 Step 0 Reward -6.02107 Time 32.50354
[DDPG] Quadruped Not Upright
[DDPG] Episode 87 Step 1 Reward 0.90930 Time 29.32075
[DDPG] Starting Next Episode
[DDPG] Critic Loss 20.9007568359375
[DDPG] Total Reward -5.11177 Avg Critic Loss 20.90076 Time 11.26879
[DDPG] Resetting Environment
[DDPG] Starting Episode 88
[DDPG] Episode 88 Step 0 Reward -1.30071 Time 34.42753
[DDPG] Quadruped Not Upright
[DDPG] Episode 88 Step 1 Reward 0.46103 Time 30.09568
[DDPG] Starting Next Episode
[DDPG] Critic Loss 20.60673713684082
[DDPG] Total Reward -0.83969 Avg Critic Loss 20.60674 Time 13.02691
[DDPG] Resetting Environment
[DDPG] Starting Episode 89
[DDPG] Quadruped Not Upright
[DDPG] Episode 89 Step 0 Reward -3.14977 Time 34.38727
[DDPG] Starting Next Episode
[DDPG] Critic Loss 20.450834274291992
[DDPG] Total Reward -3.14977 Avg Critic Loss 20.45083 Time 13.21756
[DDPG] Resetting Environment
[DDPG] Starting Episode 90
[DDPG] Episode 90 Step 0 Reward -2.54848 Time 32.70593
[DDPG] Quadruped Not Upright
[DDPG] Episode 90 Step 1 Reward -6.16250 Time 30.24431
[DDPG] Starting Next Episode
[DDPG] Critic Loss 20.89788246154785
[DDPG] Total Reward -8.71098 Avg Critic Loss 20.89788 Time 14.12900
[DDPG] Resetting Environment
[DDPG] Starting Episode 91
[DDPG] Episode 91 Step 0 Reward -2.47129 Time 34.60296
[DDPG] Episode 91 Step 1 Reward -8.50241 Time 31.73144
[DDPG] Episode 91 Step 2 Reward -0.10393 Time 36.31826
[DDPG] Episode 91 Step 3 Reward 0.79494 Time 37.21409
[DDPG] Episode 91 Step 4 Reward -2.50235 Time 38.31154
[DDPG] Quadruped Not Upright
[DDPG] Episode 91 Step 5 Reward -1.05619 Time 31.54213
[DDPG] Starting Next Episode
[DDPG] Critic Loss 20.55229949951172
[DDPG] Total Reward -13.84123 Avg Critic Loss 20.55230 Time 11.00591
[DDPG] Resetting Environment
[DDPG] Starting Episode 92
[DDPG] Quadruped Not Upright
[DDPG] Episode 92 Step 0 Reward -2.79792 Time 30.66783
[DDPG] Starting Next Episode
[DDPG] Critic Loss 20.172208786010742
[DDPG] Total Reward -2.79792 Avg Critic Loss 20.17221 Time 13.36210
[DDPG] Resetting Environment
[DDPG] Starting Episode 93
[DDPG] Quadruped Not Upright
[DDPG] Episode 93 Step 0 Reward -3.07686 Time 33.28485
[DDPG] Starting Next Episode
[DDPG] Critic Loss 20.001968383789062
[DDPG] Total Reward -3.07686 Avg Critic Loss 20.00197 Time 14.51250
[DDPG] Resetting Environment
[DDPG] Starting Episode 94
[DDPG] Episode 94 Step 0 Reward -7.59357 Time 34.83987
[DDPG] Floating Point Error in reward computation
[DDPG] Critic Loss 20.10724639892578
[DDPG] Total Reward -7.59357 Avg Critic Loss 20.10725 Time 13.80042
[DDPG] Resetting Environment
[DDPG] Starting Episode 95
[DDPG] Quadruped Not Upright
[DDPG] Episode 95 Step 0 Reward -6.80554 Time 31.61604
[DDPG] Starting Next Episode
[DDPG] Critic Loss 20.749908447265625
[DDPG] Total Reward -6.80554 Avg Critic Loss 20.74991 Time 13.66448
[DDPG] Resetting Environment
[DDPG] Starting Episode 96
[DDPG] Quadruped Not Upright
[DDPG] Episode 96 Step 0 Reward -3.42897 Time 33.90915
[DDPG] Starting Next Episode
[DDPG] Critic Loss 20.13452911376953
[DDPG] Total Reward -3.42897 Avg Critic Loss 20.13453 Time 14.18236
[DDPG] Resetting Environment
[DDPG] Starting Episode 97
[DDPG] Quadruped Not Upright
[DDPG] Episode 97 Step 0 Reward -5.83409 Time 30.89013
[DDPG] Starting Next Episode
[DDPG] Critic Loss 20.71222686767578
[DDPG] Total Reward -5.83409 Avg Critic Loss 20.71223 Time 12.77733
[DDPG] Resetting Environment
[DDPG] Starting Episode 98
[DDPG] Quadruped Not Upright
[DDPG] Episode 98 Step 0 Reward -5.86734 Time 30.32760
[DDPG] Starting Next Episode
[DDPG] Critic Loss 20.676509857177734
[DDPG] Total Reward -5.86734 Avg Critic Loss 20.67651 Time 16.17229
[DDPG] Resetting Environment
[DDPG] Starting Episode 99
[DDPG] Quadruped Not Upright
[DDPG] Episode 99 Step 0 Reward -2.23821 Time 30.55772
[DDPG] Starting Next Episode
[DDPG] Critic Loss 20.582500457763672
[DDPG] Total Reward -2.23821 Avg Critic Loss 20.58250 Time 14.16179
[DDPG] Resetting Environment
[DDPG] Starting Episode 100
[DDPG] Episode 100 Step 0 Reward -5.27166 Time 31.22065
[DDPG] Episode 100 Step 1 Reward -0.98903 Time 33.48183
