2021-04-08 18:04:34.056520: I tensorflow/stream_executor/platform/default/dso_loader.cc:49] Successfully opened dynamic library libcudart.so.11.0
Unable to init server: Could not connect: Connection refused
Unable to init server: Could not connect: Connection refused

(learn.py:47852): Gdk-CRITICAL **: 18:04:49.890: gdk_cursor_new_for_display: assertion 'GDK_IS_DISPLAY (display)' failed
2021-04-08 18:04:51.073528: I tensorflow/compiler/jit/xla_cpu_device.cc:41] Not creating XLA devices, tf_xla_enable_xla_devices not set
2021-04-08 18:04:51.076969: I tensorflow/stream_executor/platform/default/dso_loader.cc:49] Successfully opened dynamic library libcuda.so.1
2021-04-08 18:04:51.110264: I tensorflow/stream_executor/cuda/cuda_gpu_executor.cc:941] successful NUMA node read from SysFS had negative value (-1), but there must be at least one NUMA node, so returning NUMA node zero
2021-04-08 18:04:51.112384: I tensorflow/core/common_runtime/gpu/gpu_device.cc:1720] Found device 0 with properties: 
pciBusID: 0000:00:1e.0 name: Tesla T4 computeCapability: 7.5
coreClock: 1.59GHz coreCount: 40 deviceMemorySize: 14.75GiB deviceMemoryBandwidth: 298.08GiB/s
2021-04-08 18:04:51.112425: I tensorflow/stream_executor/platform/default/dso_loader.cc:49] Successfully opened dynamic library libcudart.so.11.0
2021-04-08 18:04:51.120652: I tensorflow/stream_executor/platform/default/dso_loader.cc:49] Successfully opened dynamic library libcublas.so.11
2021-04-08 18:04:51.121472: I tensorflow/stream_executor/platform/default/dso_loader.cc:49] Successfully opened dynamic library libcublasLt.so.11
2021-04-08 18:04:51.125115: I tensorflow/stream_executor/platform/default/dso_loader.cc:49] Successfully opened dynamic library libcufft.so.10
2021-04-08 18:04:51.126146: I tensorflow/stream_executor/platform/default/dso_loader.cc:49] Successfully opened dynamic library libcurand.so.10
2021-04-08 18:04:51.136282: I tensorflow/stream_executor/platform/default/dso_loader.cc:49] Successfully opened dynamic library libcusolver.so.10
2021-04-08 18:04:51.138285: I tensorflow/stream_executor/platform/default/dso_loader.cc:49] Successfully opened dynamic library libcusparse.so.11
2021-04-08 18:04:51.138918: I tensorflow/stream_executor/platform/default/dso_loader.cc:49] Successfully opened dynamic library libcudnn.so.8
2021-04-08 18:04:51.139502: I tensorflow/stream_executor/cuda/cuda_gpu_executor.cc:941] successful NUMA node read from SysFS had negative value (-1), but there must be at least one NUMA node, so returning NUMA node zero
2021-04-08 18:04:51.141428: I tensorflow/stream_executor/cuda/cuda_gpu_executor.cc:941] successful NUMA node read from SysFS had negative value (-1), but there must be at least one NUMA node, so returning NUMA node zero
2021-04-08 18:04:51.142784: I tensorflow/core/common_runtime/gpu/gpu_device.cc:1862] Adding visible gpu devices: 0
[DDPG] Building the actor model
2021-04-08 18:04:51.173828: I tensorflow/core/platform/cpu_feature_guard.cc:142] This TensorFlow binary is optimized with oneAPI Deep Neural Network Library (oneDNN) to use the following CPU instructions in performance-critical operations:  AVX2 AVX512F FMA
To enable them in other operations, rebuild TensorFlow with the appropriate compiler flags.
2021-04-08 18:04:51.174106: I tensorflow/compiler/jit/xla_gpu_device.cc:99] Not creating XLA devices, tf_xla_enable_xla_devices not set
2021-04-08 18:04:51.174559: I tensorflow/stream_executor/cuda/cuda_gpu_executor.cc:941] successful NUMA node read from SysFS had negative value (-1), but there must be at least one NUMA node, so returning NUMA node zero
2021-04-08 18:04:51.176516: I tensorflow/core/common_runtime/gpu/gpu_device.cc:1720] Found device 0 with properties: 
pciBusID: 0000:00:1e.0 name: Tesla T4 computeCapability: 7.5
coreClock: 1.59GHz coreCount: 40 deviceMemorySize: 14.75GiB deviceMemoryBandwidth: 298.08GiB/s
2021-04-08 18:04:51.176550: I tensorflow/stream_executor/platform/default/dso_loader.cc:49] Successfully opened dynamic library libcudart.so.11.0
2021-04-08 18:04:51.176957: I tensorflow/stream_executor/platform/default/dso_loader.cc:49] Successfully opened dynamic library libcublas.so.11
2021-04-08 18:04:51.177059: I tensorflow/stream_executor/platform/default/dso_loader.cc:49] Successfully opened dynamic library libcublasLt.so.11
2021-04-08 18:04:51.177131: I tensorflow/stream_executor/platform/default/dso_loader.cc:49] Successfully opened dynamic library libcufft.so.10
2021-04-08 18:04:51.177184: I tensorflow/stream_executor/platform/default/dso_loader.cc:49] Successfully opened dynamic library libcurand.so.10
2021-04-08 18:04:51.177236: I tensorflow/stream_executor/platform/default/dso_loader.cc:49] Successfully opened dynamic library libcusolver.so.10
2021-04-08 18:04:51.177289: I tensorflow/stream_executor/platform/default/dso_loader.cc:49] Successfully opened dynamic library libcusparse.so.11
2021-04-08 18:04:51.177345: I tensorflow/stream_executor/platform/default/dso_loader.cc:49] Successfully opened dynamic library libcudnn.so.8
2021-04-08 18:04:51.178615: I tensorflow/stream_executor/cuda/cuda_gpu_executor.cc:941] successful NUMA node read from SysFS had negative value (-1), but there must be at least one NUMA node, so returning NUMA node zero
2021-04-08 18:04:51.180850: I tensorflow/stream_executor/cuda/cuda_gpu_executor.cc:941] successful NUMA node read from SysFS had negative value (-1), but there must be at least one NUMA node, so returning NUMA node zero
2021-04-08 18:04:51.183003: I tensorflow/core/common_runtime/gpu/gpu_device.cc:1862] Adding visible gpu devices: 0
2021-04-08 18:04:51.183064: I tensorflow/stream_executor/platform/default/dso_loader.cc:49] Successfully opened dynamic library libcudart.so.11.0
2021-04-08 18:04:54.361103: I tensorflow/core/common_runtime/gpu/gpu_device.cc:1261] Device interconnect StreamExecutor with strength 1 edge matrix:
2021-04-08 18:04:54.361785: I tensorflow/core/common_runtime/gpu/gpu_device.cc:1267]      0 
2021-04-08 18:04:54.362172: I tensorflow/core/common_runtime/gpu/gpu_device.cc:1280] 0:   N 
2021-04-08 18:04:54.362637: I tensorflow/stream_executor/cuda/cuda_gpu_executor.cc:941] successful NUMA node read from SysFS had negative value (-1), but there must be at least one NUMA node, so returning NUMA node zero
2021-04-08 18:04:54.367702: I tensorflow/stream_executor/cuda/cuda_gpu_executor.cc:941] successful NUMA node read from SysFS had negative value (-1), but there must be at least one NUMA node, so returning NUMA node zero
2021-04-08 18:04:54.373384: I tensorflow/stream_executor/cuda/cuda_gpu_executor.cc:941] successful NUMA node read from SysFS had negative value (-1), but there must be at least one NUMA node, so returning NUMA node zero
2021-04-08 18:04:54.377675: I tensorflow/core/common_runtime/gpu/gpu_device.cc:1406] Created TensorFlow device (/job:localhost/replica:0/task:0/device:GPU:0 with 12448 MB memory) -> physical GPU (device: 0, name: Tesla T4, pci bus id: 0000:00:1e.0, compute capability: 7.5)
[DDPG] Building the actor model
[DDPG] Building the critic model
[DDPG] Building the critic model
[DDPG] Waiting for joint trajectory action
[DDPG] Found joint trajectory action!
[DDPG] Waiting for joint trajectory action
[DDPG] Found joint trajectory action!
[DDPG] Waiting for joint trajectory action
[DDPG] Found joint trajectory action!
[DDPG] Waiting for joint trajectory action
[DDPG] Found joint trajectory action!
[0m[ INFO] [1617905113.553073375, 5.707000000]: Loading robot model 'quadruped'...[0m
[0m[ INFO] [1617905113.556377344, 5.708000000]: No root/virtual joint specified in SRDF. Assuming fixed joint[0m
[33m[ WARN] [1617905113.557563382, 5.708000000]: Link dummy_link has visual geometry but no collision geometry. Collision geometry will be left empty. Fix your URDF file by explicitly specifying collision geometry.[0m
[0m[ INFO] [1617905115.504639759, 6.166000000]: Ready to take commands for planning group front_right_leg.[0m
[0m[ INFO] [1617905117.866743734, 6.792000000]: Ready to take commands for planning group front_left_leg.[0m
[0m[ INFO] [1617905120.326637232, 7.592000000]: Ready to take commands for planning group back_right_leg.[0m
[0m[ INFO] [1617905122.706037412, 8.393000000]: Ready to take commands for planning group back_left_leg.[0m
[Actor] GPU>>>>>>>>>>>>
[Actor] [PhysicalDevice(name='/physical_device:GPU:0', device_type='GPU')]
[DDPG] Loading Actor Weights
[DDPG] Training Start
[DDPG] Resetting Environment
[DDPG] Starting Pretraining Test
2021-04-08 18:06:47.638857: I tensorflow/stream_executor/platform/default/dso_loader.cc:49] Successfully opened dynamic library libcublas.so.11
2021-04-08 18:06:51.242479: I tensorflow/stream_executor/platform/default/dso_loader.cc:49] Successfully opened dynamic library libcublasLt.so.11
[DDPG] Step 0 Reward 34.48986 Time 4.98848
[DDPG] Step 1 Reward 35.34461 Time 1.25789
[DDPG] Step 2 Reward 35.36877 Time 1.25145
[DDPG] Step 3 Reward 35.40416 Time 1.50901
[DDPG] Step 4 Reward 35.37940 Time 1.39944
[DDPG] Resetting Environment
[DDPG] Starting Episode 0
[DDPG] Episode 0 Step 0 Reward -0.89341 Time 1.38701
[DDPG] Episode 0 Step 1 Reward -0.06105 Time 1.44749
[DDPG] Episode 0 Step 2 Reward -0.00486 Time 1.46770
[DDPG] Episode 0 Step 3 Reward -0.00125 Time 1.65976
[DDPG] Episode 0 Step 4 Reward -0.00221 Time 1.13115
[DDPG] Episode 0 Step 5 Reward -0.00110 Time 1.36898
[DDPG] Episode 0 Step 6 Reward 0.00681 Time 1.33734
[DDPG] Episode 0 Step 7 Reward 0.00629 Time 1.06349
[DDPG] Episode 0 Step 8 Reward 0.00541 Time 1.31044
[DDPG] Episode 0 Step 9 Reward 0.00024 Time 1.34695
[DDPG] Episode 0 Step 10 Reward 0.00044 Time 0.96881
[DDPG] Episode 0 Step 11 Reward 0.00062 Time 1.27689
[DDPG] Episode 0 Step 12 Reward 0.00119 Time 1.68585
[DDPG] Episode 0 Step 13 Reward 0.00505 Time 1.40444
[DDPG] Episode 0 Step 14 Reward 0.00303 Time 1.26780
[DDPG] Episode 0 Step 15 Reward 0.00739 Time 1.46138
[DDPG] Episode 0 Step 16 Reward 0.00708 Time 1.13751
[DDPG] Episode 0 Step 17 Reward 0.00807 Time 1.27764
[DDPG] Episode 0 Step 18 Reward 0.00863 Time 1.23085
[DDPG] Episode 0 Step 19 Reward 0.00057 Time 1.37188
[DDPG] Episode 0 Step 20 Reward 0.00725 Time 1.32064
[DDPG] Episode 0 Step 21 Reward 0.00765 Time 1.48991
[DDPG] Episode 0 Step 22 Reward 0.00720 Time 1.69903
[DDPG] Episode 0 Step 23 Reward 0.00475 Time 1.29132
[DDPG] Episode 0 Step 24 Reward 0.00747 Time 1.26609
[DDPG] Episode 0 Step 25 Reward 0.00797 Time 1.48209
[DDPG] Episode 0 Step 26 Reward -0.00200 Time 1.34576
[DDPG] Episode 0 Step 27 Reward 0.00705 Time 1.58769
[DDPG] Episode 0 Step 28 Reward 0.00797 Time 1.39066
[DDPG] Episode 0 Step 29 Reward 0.00353 Time 1.50098
[DDPG] Episode 0 Step 30 Reward 0.00810 Time 1.37607
[DDPG] Episode 0 Step 31 Reward 0.00368 Time 1.31551
[DDPG] Episode 0 Step 32 Reward 0.00802 Time 1.16474
[DDPG] Episode 0 Step 33 Reward 0.00570 Time 1.25920
[DDPG] Episode 0 Step 34 Reward 0.00756 Time 1.56120
[DDPG] Episode 0 Step 35 Reward 0.00314 Time 1.25522
[DDPG] Episode 0 Step 36 Reward -0.00264 Time 1.49670
[DDPG] Episode 0 Step 37 Reward 0.00886 Time 1.51827
[DDPG] Episode 0 Step 38 Reward 0.00756 Time 1.39300
[DDPG] Episode 0 Step 39 Reward 0.00922 Time 1.31444
[DDPG] Episode 0 Step 40 Reward 0.00701 Time 1.28505
[DDPG] Episode 0 Step 41 Reward 0.00897 Time 1.59197
[DDPG] Episode 0 Step 42 Reward 0.00536 Time 1.24521
[DDPG] Episode 0 Step 43 Reward 0.00364 Time 1.43443
[DDPG] Episode 0 Step 44 Reward 0.00900 Time 1.45153
[DDPG] Episode 0 Step 45 Reward 0.00794 Time 1.34291
[DDPG] Episode 0 Step 46 Reward 0.00964 Time 1.41486
[DDPG] Episode 0 Step 47 Reward 0.00844 Time 1.21387
[DDPG] Episode 0 Step 48 Reward 0.00636 Time 1.20570
[DDPG] Episode 0 Step 49 Reward 0.00883 Time 1.24132
[DDPG] Episode 0 Step 50 Reward -0.00284 Time 1.21165
[DDPG] Episode 0 Step 51 Reward 0.00866 Time 1.39337
[DDPG] Episode 0 Step 52 Reward 0.00852 Time 1.15604
[DDPG] Episode 0 Step 53 Reward 0.00826 Time 1.19380
[DDPG] Episode 0 Step 54 Reward -0.00399 Time 1.34152
[DDPG] Episode 0 Step 55 Reward -0.00875 Time 1.73338
[DDPG] Episode 0 Step 56 Reward 0.00582 Time 1.47531
[DDPG] Episode 0 Step 57 Reward 0.00723 Time 1.39414
[DDPG] Episode 0 Step 58 Reward 0.00738 Time 1.32669
[DDPG] Episode 0 Step 59 Reward -0.02800 Time 0.96369
[DDPG] Episode 0 Step 60 Reward 0.00775 Time 1.41665
[DDPG] Episode 0 Step 61 Reward 0.00842 Time 1.33924
[DDPG] Episode 0 Step 62 Reward 0.00819 Time 1.26606
[DDPG] Episode 0 Step 63 Reward 0.00653 Time 1.13608
[DDPG] Episode 0 Step 64 Reward 0.00760 Time 1.16504
[DDPG] Episode 0 Step 65 Reward 0.00398 Time 1.58822
[DDPG] Episode 0 Step 66 Reward -0.00689 Time 1.11664
[DDPG] Episode 0 Step 67 Reward 0.00351 Time 1.30249
[DDPG] Episode 0 Step 68 Reward 0.00782 Time 1.25262
[DDPG] Episode 0 Step 69 Reward 0.00896 Time 1.09579
[DDPG] Episode 0 Step 70 Reward 0.00889 Time 1.36338
[DDPG] Episode 0 Step 71 Reward 0.00908 Time 1.44363
[DDPG] Episode 0 Step 72 Reward 0.00845 Time 1.48798
[DDPG] Episode 0 Step 73 Reward 0.00817 Time 1.25115
[DDPG] Episode 0 Step 74 Reward 0.00836 Time 1.40993
[DDPG] Episode 0 Step 75 Reward 0.00425 Time 1.25320
[DDPG] Episode 0 Step 76 Reward 0.00825 Time 1.22167
[DDPG] Episode 0 Step 77 Reward 0.00895 Time 1.31067
[DDPG] Episode 0 Step 78 Reward 0.00575 Time 1.29340
[DDPG] Episode 0 Step 79 Reward 0.00820 Time 1.17454
[DDPG] Episode 0 Step 80 Reward 0.00756 Time 1.47178
[DDPG] Episode 0 Step 81 Reward 0.00817 Time 1.56352
[DDPG] Episode 0 Step 82 Reward 0.00911 Time 1.67384
[DDPG] Episode 0 Step 83 Reward 0.00552 Time 1.36796
[DDPG] Episode 0 Step 84 Reward 0.00780 Time 1.46547
[DDPG] Episode 0 Step 85 Reward 0.00220 Time 1.27055
[DDPG] Episode 0 Step 86 Reward 0.00924 Time 1.47907
[DDPG] Episode 0 Step 87 Reward 0.00857 Time 1.17807
[DDPG] Episode 0 Step 88 Reward 0.00012 Time 1.43268
[DDPG] Episode 0 Step 89 Reward 0.00978 Time 1.25701
[DDPG] Episode 0 Step 90 Reward 0.00104 Time 1.45919
[DDPG] Episode 0 Step 91 Reward 0.00886 Time 1.28391
[DDPG] Episode 0 Step 92 Reward 0.00815 Time 1.51587
[DDPG] Episode 0 Step 93 Reward 0.00004 Time 1.43292
[DDPG] Episode 0 Step 94 Reward -0.00591 Time 1.31987
[DDPG] Episode 0 Step 95 Reward 0.00840 Time 1.28250
[DDPG] Episode 0 Step 96 Reward 0.00892 Time 1.59555
[DDPG] Episode 0 Step 97 Reward -0.00379 Time 1.47897
[DDPG] Episode 0 Step 98 Reward 0.00243 Time 1.21787
[DDPG] Episode 0 Step 99 Reward 0.00807 Time 1.17332
[DDPG] Episode 0 Step 100 Reward 0.00662 Time 1.24510
[DDPG] Episode 0 Step 101 Reward 0.00307 Time 1.76997
[DDPG] Episode 0 Step 102 Reward 0.00812 Time 1.25129
[DDPG] Episode 0 Step 103 Reward 0.00622 Time 1.40201
[DDPG] Episode 0 Step 104 Reward 0.00687 Time 0.98740
[DDPG] Episode 0 Step 105 Reward -0.02362 Time 1.24931
[DDPG] Episode 0 Step 106 Reward 0.00593 Time 1.26756
[DDPG] Episode 0 Step 107 Reward 0.00304 Time 1.15689
[DDPG] Episode 0 Step 108 Reward -0.02284 Time 1.23274
[DDPG] Episode 0 Step 109 Reward 0.00905 Time 1.23179
[DDPG] Episode 0 Step 110 Reward 0.00874 Time 1.41080
[DDPG] Episode 0 Step 111 Reward 0.00681 Time 1.25044
[DDPG] Episode 0 Step 112 Reward 0.00856 Time 1.72352
[DDPG] Episode 0 Step 113 Reward 0.00172 Time 1.50973
[DDPG] Episode 0 Step 114 Reward 0.00860 Time 1.47708
[DDPG] Episode 0 Step 115 Reward 0.00814 Time 1.20198
[DDPG] Episode 0 Step 116 Reward 0.00913 Time 1.34421
[DDPG] Episode 0 Step 117 Reward -0.00196 Time 1.52391
[DDPG] Episode 0 Step 118 Reward 0.00572 Time 1.30657
[DDPG] Episode 0 Step 119 Reward 0.00047 Time 1.32496
[DDPG] Episode 0 Step 120 Reward 0.00639 Time 1.43486
[DDPG] Episode 0 Step 121 Reward 0.00599 Time 1.54624
[DDPG] Episode 0 Step 122 Reward 0.00963 Time 1.46750
[DDPG] Episode 0 Step 123 Reward -0.00083 Time 1.62165
[DDPG] Episode 0 Step 124 Reward 0.00913 Time 1.51739
[DDPG] Episode 0 Step 125 Reward 0.00339 Time 1.37353
[DDPG] Episode 0 Step 126 Reward 0.00681 Time 1.37624
[DDPG] Episode 0 Step 127 Reward 0.00702 Time 1.09981
[DDPG] Episode 0 Step 128 Reward 0.00907 Time 1.10718
[DDPG] Episode 0 Step 129 Reward -0.00055 Time 1.33971
[DDPG] Episode 0 Step 130 Reward 0.00875 Time 1.34434
[DDPG] Episode 0 Step 131 Reward 0.00076 Time 1.42092
[DDPG] Episode 0 Step 132 Reward -0.01610 Time 1.19507
[DDPG] Episode 0 Step 133 Reward -0.00076 Time 1.29990
[DDPG] Episode 0 Step 134 Reward -0.00933 Time 1.24813
[DDPG] Episode 0 Step 135 Reward 0.00877 Time 1.28571
[DDPG] Episode 0 Step 136 Reward 0.00813 Time 1.42594
[DDPG] Episode 0 Step 137 Reward 0.00873 Time 1.46946
[DDPG] Episode 0 Step 138 Reward -0.00491 Time 1.28738
[DDPG] Episode 0 Step 139 Reward 0.00793 Time 1.46591
[DDPG] Episode 0 Step 140 Reward 0.00923 Time 1.41318
[DDPG] Episode 0 Step 141 Reward 0.00531 Time 1.42192
[DDPG] Episode 0 Step 142 Reward 0.00757 Time 1.55223
[DDPG] Episode 0 Step 143 Reward 0.00897 Time 1.38788
[DDPG] Episode 0 Step 144 Reward 0.00835 Time 1.76094
[DDPG] Episode 0 Step 145 Reward 0.00870 Time 1.28637
[DDPG] Episode 0 Step 146 Reward 0.00746 Time 1.48492
[DDPG] Episode 0 Step 147 Reward 0.00933 Time 1.40419
[DDPG] Episode 0 Step 148 Reward 0.00717 Time 1.00885
[DDPG] Episode 0 Step 149 Reward 0.00877 Time 1.38527
[DDPG] Episode 0 Step 150 Reward 0.00830 Time 1.25912
[DDPG] Episode 0 Step 151 Reward -0.01155 Time 1.39378
[DDPG] Episode 0 Step 152 Reward 0.00868 Time 1.23830
[DDPG] Episode 0 Step 153 Reward 0.00896 Time 1.66790
[DDPG] Episode 0 Step 154 Reward 0.00755 Time 1.09658
[DDPG] Episode 0 Step 155 Reward 0.00907 Time 1.25464
[DDPG] Episode 0 Step 156 Reward 0.00675 Time 1.26356
[DDPG] Episode 0 Step 157 Reward -0.00199 Time 1.37920
[DDPG] Episode 0 Step 158 Reward 0.00273 Time 1.30526
[DDPG] Episode 0 Step 159 Reward 0.00269 Time 1.40668
[DDPG] Episode 0 Step 160 Reward 0.00939 Time 1.30814
[DDPG] Episode 0 Step 161 Reward 0.00507 Time 1.33015
[DDPG] Episode 0 Step 162 Reward -0.00182 Time 1.64506
[DDPG] Episode 0 Step 163 Reward 0.00492 Time 1.57713
[DDPG] Episode 0 Step 164 Reward 0.00748 Time 1.22753
[DDPG] Episode 0 Step 165 Reward 0.00446 Time 1.35532
[DDPG] Episode 0 Step 166 Reward 0.00632 Time 1.64241
[DDPG] Episode 0 Step 167 Reward 0.00781 Time 1.30294
[DDPG] Episode 0 Step 168 Reward 0.00897 Time 1.16359
[DDPG] Episode 0 Step 169 Reward 0.00805 Time 1.20571
[DDPG] Episode 0 Step 170 Reward 0.00839 Time 1.26717
[DDPG] Episode 0 Step 171 Reward 0.00762 Time 1.13741
[DDPG] Episode 0 Step 172 Reward 0.00887 Time 1.38167
[DDPG] Episode 0 Step 173 Reward 0.00686 Time 1.43599
[DDPG] Episode 0 Step 174 Reward 0.00806 Time 1.29685
[DDPG] Episode 0 Step 175 Reward 0.00688 Time 1.25891
[DDPG] Episode 0 Step 176 Reward 0.00650 Time 1.25908
[DDPG] Episode 0 Step 177 Reward 0.00888 Time 1.09118
[DDPG] Episode 0 Step 178 Reward 0.00625 Time 1.29249
[DDPG] Episode 0 Step 179 Reward 0.00328 Time 1.04261
[DDPG] Episode 0 Step 180 Reward 0.00536 Time 1.36390
[DDPG] Episode 0 Step 181 Reward 0.00751 Time 1.24187
[DDPG] Episode 0 Step 182 Reward 0.00698 Time 1.46631
[DDPG] Episode 0 Step 183 Reward 0.00419 Time 1.36289
[DDPG] Episode 0 Step 184 Reward 0.00186 Time 1.38194
[DDPG] Episode 0 Step 185 Reward 0.00802 Time 1.16624
[DDPG] Episode 0 Step 186 Reward 0.00848 Time 1.33690
[DDPG] Episode 0 Step 187 Reward 0.00615 Time 0.90934
[DDPG] Episode 0 Step 188 Reward 0.00412 Time 1.47918
[DDPG] Episode 0 Step 189 Reward 0.00236 Time 1.17003
[DDPG] Episode 0 Step 190 Reward 0.00469 Time 1.22754
[DDPG] Episode 0 Step 191 Reward 0.00849 Time 1.27515
[DDPG] Episode 0 Step 192 Reward 0.00810 Time 1.34585
[DDPG] Episode 0 Step 193 Reward 0.00905 Time 1.43977
[DDPG] Episode 0 Step 194 Reward 0.00817 Time 1.27191
[DDPG] Episode 0 Step 195 Reward 0.00932 Time 1.34371
[DDPG] Episode 0 Step 196 Reward 0.00793 Time 1.12379
[DDPG] Episode 0 Step 197 Reward 0.00193 Time 1.21607
[DDPG] Episode 0 Step 198 Reward 0.00888 Time 1.25103
[DDPG] Episode 0 Step 199 Reward 0.00246 Time 1.19838
[DDPG] Episode 0 Step 200 Reward 0.00791 Time 1.59877
[DDPG] Episode 0 Step 201 Reward 0.00423 Time 1.73214
[DDPG] Episode 0 Step 202 Reward 0.00386 Time 1.55152
[DDPG] Episode 0 Step 203 Reward 0.00835 Time 1.38658
[DDPG] Episode 0 Step 204 Reward 0.00499 Time 1.17570
[DDPG] Episode 0 Step 205 Reward 0.00691 Time 1.33123
[DDPG] Episode 0 Step 206 Reward 0.00241 Time 1.36477
[DDPG] Episode 0 Step 207 Reward 0.00778 Time 1.44383
[DDPG] Episode 0 Step 208 Reward 0.00848 Time 1.33368
[DDPG] Episode 0 Step 209 Reward 0.00594 Time 1.52242
[DDPG] Episode 0 Step 210 Reward 0.00815 Time 1.19283
[DDPG] Episode 0 Step 211 Reward 0.00794 Time 1.50795
[DDPG] Episode 0 Step 212 Reward 0.00882 Time 1.53019
[DDPG] Episode 0 Step 213 Reward 0.00776 Time 1.09483
[DDPG] Episode 0 Step 214 Reward 0.00901 Time 1.21566
[DDPG] Episode 0 Step 215 Reward 0.00220 Time 1.44376
[DDPG] Episode 0 Step 216 Reward -0.00990 Time 1.56410
[DDPG] Episode 0 Step 217 Reward 0.00881 Time 1.20763
[DDPG] Episode 0 Step 218 Reward 0.00643 Time 1.31061
[DDPG] Episode 0 Step 219 Reward 0.00063 Time 1.13459
[DDPG] Episode 0 Step 220 Reward 0.00844 Time 1.46400
[DDPG] Episode 0 Step 221 Reward 0.00750 Time 0.88020
[DDPG] Episode 0 Step 222 Reward 0.00405 Time 1.24790
[DDPG] Episode 0 Step 223 Reward 0.00301 Time 1.56892
[DDPG] Episode 0 Step 224 Reward -0.00503 Time 1.59118
[DDPG] Episode 0 Step 225 Reward 0.00848 Time 1.50833
[DDPG] Episode 0 Step 226 Reward 0.00875 Time 1.22749
[DDPG] Episode 0 Step 227 Reward 0.00650 Time 1.13138
[DDPG] Episode 0 Step 228 Reward 0.00688 Time 1.43614
[DDPG] Episode 0 Step 229 Reward 0.00807 Time 1.37364
[DDPG] Episode 0 Step 230 Reward 0.00858 Time 1.41456
[DDPG] Episode 0 Step 231 Reward 0.00775 Time 1.33772
[DDPG] Episode 0 Step 232 Reward 0.00409 Time 1.62704
[DDPG] Episode 0 Step 233 Reward 0.00816 Time 1.41180
[DDPG] Episode 0 Step 234 Reward 0.00845 Time 1.36980
[DDPG] Episode 0 Step 235 Reward -0.00589 Time 1.42161
[DDPG] Episode 0 Step 236 Reward -0.00223 Time 1.33801
[DDPG] Episode 0 Step 237 Reward 0.00874 Time 1.45659
[DDPG] Episode 0 Step 238 Reward 0.00685 Time 1.27317
[DDPG] Episode 0 Step 239 Reward 0.00451 Time 1.27405
[DDPG] Episode 0 Step 240 Reward 0.00865 Time 1.03531
[DDPG] Episode 0 Step 241 Reward 0.00331 Time 1.35007
[DDPG] Episode 0 Step 242 Reward 0.00901 Time 1.70457
[DDPG] Episode 0 Step 243 Reward -0.00544 Time 1.35008
[DDPG] Episode 0 Step 244 Reward 0.00906 Time 1.46489
[DDPG] Episode 0 Step 245 Reward -0.00485 Time 1.52965
[DDPG] Episode 0 Step 246 Reward 0.00734 Time 1.32411
[DDPG] Episode 0 Step 247 Reward 0.00867 Time 1.40610
[DDPG] Episode 0 Step 248 Reward 0.00703 Time 1.23147
[DDPG] Episode 0 Step 249 Reward 0.00644 Time 1.30732
[DDPG] Episode 0 Step 250 Reward 0.00699 Time 1.37536
[DDPG] Episode 0 Step 251 Reward -0.00426 Time 1.18686
[DDPG] Episode 0 Step 252 Reward 0.00474 Time 1.18977
[DDPG] Episode 0 Step 253 Reward 0.00641 Time 1.31189
[DDPG] Episode 0 Step 254 Reward 0.00918 Time 1.33217
[DDPG] Episode 0 Step 255 Reward 0.00349 Time 1.67862
[DDPG] Episode 0 Step 256 Reward 0.00766 Time 1.22453
[DDPG] Episode 0 Step 257 Reward 0.00837 Time 1.47512
[DDPG] Episode 0 Step 258 Reward -0.00398 Time 1.52359
[DDPG] Episode 0 Step 259 Reward 0.00834 Time 1.57253
[DDPG] Episode 0 Step 260 Reward 0.00588 Time 1.25196
[DDPG] Episode 0 Step 261 Reward 0.00760 Time 1.28829
[DDPG] Episode 0 Step 262 Reward 0.00902 Time 1.40019
[DDPG] Episode 0 Step 263 Reward 0.00889 Time 1.65688
[DDPG] Episode 0 Step 264 Reward 0.00784 Time 1.32500
[DDPG] Episode 0 Step 265 Reward 0.00345 Time 1.43297
[DDPG] Episode 0 Step 266 Reward 0.00060 Time 1.45176
[DDPG] Episode 0 Step 267 Reward 0.00813 Time 1.27179
[DDPG] Episode 0 Step 268 Reward 0.00295 Time 1.31590
[DDPG] Episode 0 Step 269 Reward 0.00923 Time 1.15732
[DDPG] Episode 0 Step 270 Reward 0.00520 Time 1.17397
[DDPG] Episode 0 Step 271 Reward 0.00684 Time 1.38576
[DDPG] Episode 0 Step 272 Reward 0.00946 Time 1.53272
[DDPG] Episode 0 Step 273 Reward 0.00861 Time 1.29245
[DDPG] Episode 0 Step 274 Reward 0.00886 Time 1.58511
[DDPG] Episode 0 Step 275 Reward 0.00881 Time 1.43779
[DDPG] Episode 0 Step 276 Reward 0.00655 Time 1.55553
[DDPG] Episode 0 Step 277 Reward 0.00857 Time 1.34523
[DDPG] Episode 0 Step 278 Reward 0.00192 Time 1.36302
[DDPG] Episode 0 Step 279 Reward 0.00669 Time 1.49024
[DDPG] Episode 0 Step 280 Reward 0.00799 Time 1.20315
[DDPG] Episode 0 Step 281 Reward 0.00346 Time 1.27626
[DDPG] Episode 0 Step 282 Reward 0.00303 Time 1.35548
[DDPG] Episode 0 Step 283 Reward 0.00871 Time 1.12480
[DDPG] Episode 0 Step 284 Reward 0.00893 Time 1.54897
[DDPG] Episode 0 Step 285 Reward 0.00904 Time 1.20206
[DDPG] Episode 0 Step 286 Reward 0.00449 Time 1.22681
[DDPG] Episode 0 Step 287 Reward -0.00705 Time 1.18927
[DDPG] Episode 0 Step 288 Reward 0.00757 Time 1.39292
[DDPG] Episode 0 Step 289 Reward 0.00803 Time 1.40007
[DDPG] Episode 0 Step 290 Reward 0.00890 Time 1.30172
[DDPG] Episode 0 Step 291 Reward 0.00944 Time 1.43807
[DDPG] Episode 0 Step 292 Reward 0.00479 Time 1.42519
[DDPG] Episode 0 Step 293 Reward -0.00396 Time 1.39149
[DDPG] Episode 0 Step 294 Reward 0.00916 Time 1.15731
[DDPG] Episode 0 Step 295 Reward 0.00735 Time 1.16093
[DDPG] Episode 0 Step 296 Reward 0.00867 Time 1.26243
[DDPG] Episode 0 Step 297 Reward 0.00784 Time 1.05286
[DDPG] Episode 0 Step 298 Reward 0.00595 Time 1.17650
[DDPG] Episode 0 Step 299 Reward 0.00788 Time 1.31962
[DDPG] Episode 0 Step 300 Reward 0.00738 Time 1.50450
[DDPG] Episode 0 Step 301 Reward 0.00784 Time 1.57123
[DDPG] Episode 0 Step 302 Reward 0.00865 Time 1.33898
[DDPG] Episode 0 Step 303 Reward 0.00773 Time 1.22853
[DDPG] Episode 0 Step 304 Reward 0.00902 Time 1.16828
[DDPG] Episode 0 Step 305 Reward 0.00847 Time 1.41758
[DDPG] Episode 0 Step 306 Reward 0.00684 Time 1.26303
[DDPG] Episode 0 Step 307 Reward 0.00901 Time 1.07435
[DDPG] Episode 0 Step 308 Reward 0.00565 Time 1.78099
