2021-04-12 10:45:20.400436: I tensorflow/stream_executor/platform/default/dso_loader.cc:49] Successfully opened dynamic library libcudart.so.11.0
Unable to init server: Could not connect: Connection refused
Unable to init server: Could not connect: Connection refused

(learn.py:4978): Gdk-CRITICAL **: 10:45:22.758: gdk_cursor_new_for_display: assertion 'GDK_IS_DISPLAY (display)' failed
2021-04-12 10:45:22.915911: I tensorflow/compiler/jit/xla_cpu_device.cc:41] Not creating XLA devices, tf_xla_enable_xla_devices not set
2021-04-12 10:45:22.916834: I tensorflow/stream_executor/platform/default/dso_loader.cc:49] Successfully opened dynamic library libcuda.so.1
2021-04-12 10:45:22.981777: I tensorflow/stream_executor/cuda/cuda_gpu_executor.cc:941] successful NUMA node read from SysFS had negative value (-1), but there must be at least one NUMA node, so returning NUMA node zero
2021-04-12 10:45:22.982362: I tensorflow/core/common_runtime/gpu/gpu_device.cc:1720] Found device 0 with properties: 
pciBusID: 0000:00:1e.0 name: Tesla T4 computeCapability: 7.5
coreClock: 1.59GHz coreCount: 40 deviceMemorySize: 14.75GiB deviceMemoryBandwidth: 298.08GiB/s
2021-04-12 10:45:22.982384: I tensorflow/stream_executor/platform/default/dso_loader.cc:49] Successfully opened dynamic library libcudart.so.11.0
2021-04-12 10:45:22.985089: I tensorflow/stream_executor/platform/default/dso_loader.cc:49] Successfully opened dynamic library libcublas.so.11
2021-04-12 10:45:22.985201: I tensorflow/stream_executor/platform/default/dso_loader.cc:49] Successfully opened dynamic library libcublasLt.so.11
2021-04-12 10:45:22.986349: I tensorflow/stream_executor/platform/default/dso_loader.cc:49] Successfully opened dynamic library libcufft.so.10
2021-04-12 10:45:22.986628: I tensorflow/stream_executor/platform/default/dso_loader.cc:49] Successfully opened dynamic library libcurand.so.10
2021-04-12 10:45:22.989447: I tensorflow/stream_executor/platform/default/dso_loader.cc:49] Successfully opened dynamic library libcusolver.so.10
2021-04-12 10:45:22.990096: I tensorflow/stream_executor/platform/default/dso_loader.cc:49] Successfully opened dynamic library libcusparse.so.11
2021-04-12 10:45:22.990245: I tensorflow/stream_executor/platform/default/dso_loader.cc:49] Successfully opened dynamic library libcudnn.so.8
2021-04-12 10:45:22.990364: I tensorflow/stream_executor/cuda/cuda_gpu_executor.cc:941] successful NUMA node read from SysFS had negative value (-1), but there must be at least one NUMA node, so returning NUMA node zero
2021-04-12 10:45:22.990994: I tensorflow/stream_executor/cuda/cuda_gpu_executor.cc:941] successful NUMA node read from SysFS had negative value (-1), but there must be at least one NUMA node, so returning NUMA node zero
2021-04-12 10:45:22.991521: I tensorflow/core/common_runtime/gpu/gpu_device.cc:1862] Adding visible gpu devices: 0
[DDPG] Building the actor model
2021-04-12 10:45:22.999361: I tensorflow/core/platform/cpu_feature_guard.cc:142] This TensorFlow binary is optimized with oneAPI Deep Neural Network Library (oneDNN) to use the following CPU instructions in performance-critical operations:  AVX2 AVX512F FMA
To enable them in other operations, rebuild TensorFlow with the appropriate compiler flags.
2021-04-12 10:45:22.999559: I tensorflow/compiler/jit/xla_gpu_device.cc:99] Not creating XLA devices, tf_xla_enable_xla_devices not set
2021-04-12 10:45:22.999722: I tensorflow/stream_executor/cuda/cuda_gpu_executor.cc:941] successful NUMA node read from SysFS had negative value (-1), but there must be at least one NUMA node, so returning NUMA node zero
2021-04-12 10:45:23.000285: I tensorflow/core/common_runtime/gpu/gpu_device.cc:1720] Found device 0 with properties: 
pciBusID: 0000:00:1e.0 name: Tesla T4 computeCapability: 7.5
coreClock: 1.59GHz coreCount: 40 deviceMemorySize: 14.75GiB deviceMemoryBandwidth: 298.08GiB/s
2021-04-12 10:45:23.000302: I tensorflow/stream_executor/platform/default/dso_loader.cc:49] Successfully opened dynamic library libcudart.so.11.0
2021-04-12 10:45:23.000348: I tensorflow/stream_executor/platform/default/dso_loader.cc:49] Successfully opened dynamic library libcublas.so.11
2021-04-12 10:45:23.000385: I tensorflow/stream_executor/platform/default/dso_loader.cc:49] Successfully opened dynamic library libcublasLt.so.11
2021-04-12 10:45:23.000410: I tensorflow/stream_executor/platform/default/dso_loader.cc:49] Successfully opened dynamic library libcufft.so.10
2021-04-12 10:45:23.000435: I tensorflow/stream_executor/platform/default/dso_loader.cc:49] Successfully opened dynamic library libcurand.so.10
2021-04-12 10:45:23.000459: I tensorflow/stream_executor/platform/default/dso_loader.cc:49] Successfully opened dynamic library libcusolver.so.10
2021-04-12 10:45:23.000484: I tensorflow/stream_executor/platform/default/dso_loader.cc:49] Successfully opened dynamic library libcusparse.so.11
2021-04-12 10:45:23.000508: I tensorflow/stream_executor/platform/default/dso_loader.cc:49] Successfully opened dynamic library libcudnn.so.8
2021-04-12 10:45:23.000587: I tensorflow/stream_executor/cuda/cuda_gpu_executor.cc:941] successful NUMA node read from SysFS had negative value (-1), but there must be at least one NUMA node, so returning NUMA node zero
2021-04-12 10:45:23.001212: I tensorflow/stream_executor/cuda/cuda_gpu_executor.cc:941] successful NUMA node read from SysFS had negative value (-1), but there must be at least one NUMA node, so returning NUMA node zero
2021-04-12 10:45:23.001745: I tensorflow/core/common_runtime/gpu/gpu_device.cc:1862] Adding visible gpu devices: 0
2021-04-12 10:45:23.001774: I tensorflow/stream_executor/platform/default/dso_loader.cc:49] Successfully opened dynamic library libcudart.so.11.0
2021-04-12 10:45:23.726036: I tensorflow/core/common_runtime/gpu/gpu_device.cc:1261] Device interconnect StreamExecutor with strength 1 edge matrix:
2021-04-12 10:45:23.726063: I tensorflow/core/common_runtime/gpu/gpu_device.cc:1267]      0 
2021-04-12 10:45:23.726071: I tensorflow/core/common_runtime/gpu/gpu_device.cc:1280] 0:   N 
2021-04-12 10:45:23.726373: I tensorflow/stream_executor/cuda/cuda_gpu_executor.cc:941] successful NUMA node read from SysFS had negative value (-1), but there must be at least one NUMA node, so returning NUMA node zero
2021-04-12 10:45:23.727062: I tensorflow/stream_executor/cuda/cuda_gpu_executor.cc:941] successful NUMA node read from SysFS had negative value (-1), but there must be at least one NUMA node, so returning NUMA node zero
2021-04-12 10:45:23.727679: I tensorflow/stream_executor/cuda/cuda_gpu_executor.cc:941] successful NUMA node read from SysFS had negative value (-1), but there must be at least one NUMA node, so returning NUMA node zero
2021-04-12 10:45:23.728475: I tensorflow/core/common_runtime/gpu/gpu_device.cc:1406] Created TensorFlow device (/job:localhost/replica:0/task:0/device:GPU:0 with 13963 MB memory) -> physical GPU (device: 0, name: Tesla T4, pci bus id: 0000:00:1e.0, compute capability: 7.5)
[DDPG] Building the actor model
[DDPG] Building the critic model
[DDPG] Building the critic model
[DDPG] Waiting for joint trajectory action
[DDPG] Found joint trajectory action!
[DDPG] Waiting for joint trajectory action
[DDPG] Found joint trajectory action!
[DDPG] Waiting for joint trajectory action
[DDPG] Found joint trajectory action!
[DDPG] Waiting for joint trajectory action
[DDPG] Found joint trajectory action!
[0m[ INFO] [1618224327.338248822, 3.388000000]: Loading robot model 'quadruped'...[0m
[0m[ INFO] [1618224327.339075873, 3.389000000]: No root/virtual joint specified in SRDF. Assuming fixed joint[0m
[33m[ WARN] [1618224327.339120343, 3.389000000]: Link dummy_link has visual geometry but no collision geometry. Collision geometry will be left empty. Fix your URDF file by explicitly specifying collision geometry.[0m
[0m[ INFO] [1618224328.513039672, 4.561000000]: Ready to take commands for planning group front_right_leg.[0m
[0m[ INFO] [1618224329.311017691, 5.353000000]: Ready to take commands for planning group front_left_leg.[0m
[0m[ INFO] [1618224330.111954781, 6.151000000]: Ready to take commands for planning group back_right_leg.[0m
[0m[ INFO] [1618224330.913475717, 6.952000000]: Ready to take commands for planning group back_left_leg.[0m
[Actor] GPU>>>>>>>>>>>>
[Actor] [PhysicalDevice(name='/physical_device:GPU:0', device_type='GPU')]
[DDPG] Loading Actor Weights
[DDPG] Training Start
[DDPG] Resetting Environment
[DDPG] Starting Pretraining Test
2021-04-12 10:45:55.900596: I tensorflow/stream_executor/platform/default/dso_loader.cc:49] Successfully opened dynamic library libcublas.so.11
2021-04-12 10:45:56.479644: I tensorflow/stream_executor/platform/default/dso_loader.cc:49] Successfully opened dynamic library libcublasLt.so.11
[DDPG] Step 0 Reward 61.95920 Time 32.21349
[DDPG] Quadruped Not Upright
[DDPG] Step 1 Reward -31.72462 Time 30.74777
[DDPG] Quadruped Not Upright
[DDPG] Step 2 Reward 4.67288 Time 29.87588
[DDPG] Quadruped Not Upright
[DDPG] Step 3 Reward -12.21676 Time 29.94665
[DDPG] Quadruped Not Upright
[DDPG] Step 4 Reward -43.91887 Time 29.90639
[DDPG] Resetting Environment
[DDPG] Starting Episode 0
[DDPG] Episode 0 Step 0 Reward 2.99173 Time 31.47549
[DDPG] Quadruped Not Upright
[DDPG] Episode 0 Step 1 Reward -39.63119 Time 30.59431
[DDPG] Starting Next Episode
[DDPG] Critic Loss 759.1187133789062
[DDPG] Total Reward -36.63945 Avg Critic Loss 759.11871 Time 18.41654
[DDPG] Saving Data
[DDPG] Saving Model
[DDPG] Resetting Environment
[DDPG] Starting Episode 1
[DDPG] Quadruped Not Upright
[DDPG] Episode 1 Step 0 Reward -10.33525 Time 31.14991
[DDPG] Starting Next Episode
[DDPG] Critic Loss 546.3011474609375
[DDPG] Total Reward -10.33525 Avg Critic Loss 546.30115 Time 19.54616
[DDPG] Resetting Environment
[DDPG] Starting Episode 2
[DDPG] Episode 2 Step 0 Reward -2.06802 Time 31.91554
[DDPG] Quadruped Not Upright
[DDPG] Episode 2 Step 1 Reward -31.79856 Time 38.04908
[DDPG] Starting Next Episode
[DDPG] Critic Loss 517.816162109375
[DDPG] Total Reward -33.86658 Avg Critic Loss 517.81616 Time 29.01607
[DDPG] Resetting Environment
[DDPG] Starting Episode 3
[DDPG] Episode 3 Step 0 Reward -4.73416 Time 42.96055
[DDPG] Episode 3 Step 1 Reward -57.64844 Time 40.25480
[DDPG] Quadruped Not Upright
[DDPG] Episode 3 Step 2 Reward -10.22639 Time 40.51591
[DDPG] Starting Next Episode
[DDPG] Critic Loss 751.100830078125
[DDPG] Total Reward -72.60900 Avg Critic Loss 751.10083 Time 33.50081
[DDPG] Resetting Environment
[DDPG] Starting Episode 4
[DDPG] Quadruped Not Upright
[DDPG] Episode 4 Step 0 Reward -17.31453 Time 40.73568
[DDPG] Starting Next Episode
[DDPG] Critic Loss 699.0733032226562
[DDPG] Total Reward -17.31453 Avg Critic Loss 699.07330 Time 32.19344
[DDPG] Resetting Environment
[DDPG] Starting Episode 5
[DDPG] Episode 5 Step 0 Reward -0.66379 Time 42.13806
