2021-04-14 17:58:29.014769: I tensorflow/stream_executor/platform/default/dso_loader.cc:49] Successfully opened dynamic library libcudart.so.11.0
Unable to init server: Could not connect: Connection refused
Unable to init server: Could not connect: Connection refused

(learn.py:844871): Gdk-CRITICAL **: 17:59:06.531: gdk_cursor_new_for_display: assertion 'GDK_IS_DISPLAY (display)' failed
2021-04-14 17:59:09.801498: I tensorflow/compiler/jit/xla_cpu_device.cc:41] Not creating XLA devices, tf_xla_enable_xla_devices not set
2021-04-14 17:59:09.818895: I tensorflow/stream_executor/platform/default/dso_loader.cc:49] Successfully opened dynamic library libcuda.so.1
2021-04-14 17:59:09.944624: I tensorflow/stream_executor/cuda/cuda_gpu_executor.cc:941] successful NUMA node read from SysFS had negative value (-1), but there must be at least one NUMA node, so returning NUMA node zero
2021-04-14 17:59:09.953407: I tensorflow/core/common_runtime/gpu/gpu_device.cc:1720] Found device 0 with properties: 
pciBusID: 0000:00:1e.0 name: Tesla T4 computeCapability: 7.5
coreClock: 1.59GHz coreCount: 40 deviceMemorySize: 14.75GiB deviceMemoryBandwidth: 298.08GiB/s
2021-04-14 17:59:09.953466: I tensorflow/stream_executor/platform/default/dso_loader.cc:49] Successfully opened dynamic library libcudart.so.11.0
2021-04-14 17:59:09.995346: I tensorflow/stream_executor/platform/default/dso_loader.cc:49] Successfully opened dynamic library libcublas.so.11
2021-04-14 17:59:09.998881: I tensorflow/stream_executor/platform/default/dso_loader.cc:49] Successfully opened dynamic library libcublasLt.so.11
2021-04-14 17:59:10.014045: I tensorflow/stream_executor/platform/default/dso_loader.cc:49] Successfully opened dynamic library libcufft.so.10
2021-04-14 17:59:10.020534: I tensorflow/stream_executor/platform/default/dso_loader.cc:49] Successfully opened dynamic library libcurand.so.10
2021-04-14 17:59:10.085678: I tensorflow/stream_executor/platform/default/dso_loader.cc:49] Successfully opened dynamic library libcusolver.so.10
2021-04-14 17:59:10.100525: I tensorflow/stream_executor/platform/default/dso_loader.cc:49] Successfully opened dynamic library libcusparse.so.11
2021-04-14 17:59:10.104783: I tensorflow/stream_executor/platform/default/dso_loader.cc:49] Successfully opened dynamic library libcudnn.so.8
2021-04-14 17:59:10.106071: I tensorflow/stream_executor/cuda/cuda_gpu_executor.cc:941] successful NUMA node read from SysFS had negative value (-1), but there must be at least one NUMA node, so returning NUMA node zero
2021-04-14 17:59:10.117540: I tensorflow/stream_executor/cuda/cuda_gpu_executor.cc:941] successful NUMA node read from SysFS had negative value (-1), but there must be at least one NUMA node, so returning NUMA node zero
2021-04-14 17:59:10.123476: I tensorflow/core/common_runtime/gpu/gpu_device.cc:1862] Adding visible gpu devices: 0
[DDPG] Building the actor model
2021-04-14 17:59:10.255405: I tensorflow/core/platform/cpu_feature_guard.cc:142] This TensorFlow binary is optimized with oneAPI Deep Neural Network Library (oneDNN) to use the following CPU instructions in performance-critical operations:  AVX2 AVX512F FMA
To enable them in other operations, rebuild TensorFlow with the appropriate compiler flags.
2021-04-14 17:59:10.258568: I tensorflow/compiler/jit/xla_gpu_device.cc:99] Not creating XLA devices, tf_xla_enable_xla_devices not set
2021-04-14 17:59:10.263479: I tensorflow/stream_executor/cuda/cuda_gpu_executor.cc:941] successful NUMA node read from SysFS had negative value (-1), but there must be at least one NUMA node, so returning NUMA node zero
2021-04-14 17:59:10.268792: I tensorflow/core/common_runtime/gpu/gpu_device.cc:1720] Found device 0 with properties: 
pciBusID: 0000:00:1e.0 name: Tesla T4 computeCapability: 7.5
coreClock: 1.59GHz coreCount: 40 deviceMemorySize: 14.75GiB deviceMemoryBandwidth: 298.08GiB/s
2021-04-14 17:59:10.268836: I tensorflow/stream_executor/platform/default/dso_loader.cc:49] Successfully opened dynamic library libcudart.so.11.0
2021-04-14 17:59:10.272426: I tensorflow/stream_executor/platform/default/dso_loader.cc:49] Successfully opened dynamic library libcublas.so.11
2021-04-14 17:59:10.272653: I tensorflow/stream_executor/platform/default/dso_loader.cc:49] Successfully opened dynamic library libcublasLt.so.11
2021-04-14 17:59:10.274995: I tensorflow/stream_executor/platform/default/dso_loader.cc:49] Successfully opened dynamic library libcufft.so.10
2021-04-14 17:59:10.276419: I tensorflow/stream_executor/platform/default/dso_loader.cc:49] Successfully opened dynamic library libcurand.so.10
2021-04-14 17:59:10.277713: I tensorflow/stream_executor/platform/default/dso_loader.cc:49] Successfully opened dynamic library libcusolver.so.10
2021-04-14 17:59:10.277809: I tensorflow/stream_executor/platform/default/dso_loader.cc:49] Successfully opened dynamic library libcusparse.so.11
2021-04-14 17:59:10.277869: I tensorflow/stream_executor/platform/default/dso_loader.cc:49] Successfully opened dynamic library libcudnn.so.8
2021-04-14 17:59:10.279490: I tensorflow/stream_executor/cuda/cuda_gpu_executor.cc:941] successful NUMA node read from SysFS had negative value (-1), but there must be at least one NUMA node, so returning NUMA node zero
2021-04-14 17:59:10.288457: I tensorflow/stream_executor/cuda/cuda_gpu_executor.cc:941] successful NUMA node read from SysFS had negative value (-1), but there must be at least one NUMA node, so returning NUMA node zero
2021-04-14 17:59:10.292162: I tensorflow/core/common_runtime/gpu/gpu_device.cc:1862] Adding visible gpu devices: 0
2021-04-14 17:59:10.292216: I tensorflow/stream_executor/platform/default/dso_loader.cc:49] Successfully opened dynamic library libcudart.so.11.0
2021-04-14 17:59:18.937067: I tensorflow/core/common_runtime/gpu/gpu_device.cc:1261] Device interconnect StreamExecutor with strength 1 edge matrix:
2021-04-14 17:59:18.940291: I tensorflow/core/common_runtime/gpu/gpu_device.cc:1267]      0 
2021-04-14 17:59:18.940630: I tensorflow/core/common_runtime/gpu/gpu_device.cc:1280] 0:   N 
2021-04-14 17:59:18.944732: I tensorflow/stream_executor/cuda/cuda_gpu_executor.cc:941] successful NUMA node read from SysFS had negative value (-1), but there must be at least one NUMA node, so returning NUMA node zero
2021-04-14 17:59:18.956194: I tensorflow/stream_executor/cuda/cuda_gpu_executor.cc:941] successful NUMA node read from SysFS had negative value (-1), but there must be at least one NUMA node, so returning NUMA node zero
2021-04-14 17:59:18.963025: I tensorflow/stream_executor/cuda/cuda_gpu_executor.cc:941] successful NUMA node read from SysFS had negative value (-1), but there must be at least one NUMA node, so returning NUMA node zero
2021-04-14 17:59:18.969226: I tensorflow/core/common_runtime/gpu/gpu_device.cc:1406] Created TensorFlow device (/job:localhost/replica:0/task:0/device:GPU:0 with 11348 MB memory) -> physical GPU (device: 0, name: Tesla T4, pci bus id: 0000:00:1e.0, compute capability: 7.5)
[DDPG] Building the actor model
[DDPG] Building the critic model
[DDPG] Building the critic model
[DDPG] Waiting for joint trajectory action
[DDPG] Found joint trajectory action!
[DDPG] Waiting for joint trajectory action
[DDPG] Found joint trajectory action!
[DDPG] Waiting for joint trajectory action
[DDPG] Found joint trajectory action!
[DDPG] Waiting for joint trajectory action
[DDPG] Found joint trajectory action!
[0m[ INFO] [1618423197.091428707, 8.703000000]: Loading robot model 'quadruped'...[0m
[0m[ INFO] [1618423197.096447184, 8.704000000]: No root/virtual joint specified in SRDF. Assuming fixed joint[0m
[33m[ WARN] [1618423197.096524027, 8.704000000]: Link dummy_link has visual geometry but no collision geometry. Collision geometry will be left empty. Fix your URDF file by explicitly specifying collision geometry.[0m
[0m[ INFO] [1618423199.409882304, 9.149000000]: Ready to take commands for planning group front_right_leg.[0m
[0m[ INFO] [1618423201.918124815, 9.767000000]: Ready to take commands for planning group front_left_leg.[0m
[0m[ INFO] [1618423206.047120145, 10.568000000]: Ready to take commands for planning group back_right_leg.[0m
[0m[ INFO] [1618423209.676427948, 11.367000000]: Ready to take commands for planning group back_left_leg.[0m
