2021-04-07 11:13:22.203735: I tensorflow/stream_executor/platform/default/dso_loader.cc:49] Successfully opened dynamic library libcudart.so.11.0
2021-04-07 11:13:24.834504: I tensorflow/compiler/jit/xla_cpu_device.cc:41] Not creating XLA devices, tf_xla_enable_xla_devices not set
2021-04-07 11:13:24.835583: I tensorflow/stream_executor/platform/default/dso_loader.cc:49] Successfully opened dynamic library libcuda.so.1
2021-04-07 11:13:24.889496: I tensorflow/stream_executor/cuda/cuda_gpu_executor.cc:941] successful NUMA node read from SysFS had negative value (-1), but there must be at least one NUMA node, so returning NUMA node zero
2021-04-07 11:13:24.890350: I tensorflow/core/common_runtime/gpu/gpu_device.cc:1720] Found device 0 with properties: 
pciBusID: 0000:00:1e.0 name: Tesla T4 computeCapability: 7.5
coreClock: 1.59GHz coreCount: 40 deviceMemorySize: 14.75GiB deviceMemoryBandwidth: 298.08GiB/s
2021-04-07 11:13:24.890382: I tensorflow/stream_executor/platform/default/dso_loader.cc:49] Successfully opened dynamic library libcudart.so.11.0
2021-04-07 11:13:24.893971: I tensorflow/stream_executor/platform/default/dso_loader.cc:49] Successfully opened dynamic library libcublas.so.11
2021-04-07 11:13:24.894098: I tensorflow/stream_executor/platform/default/dso_loader.cc:49] Successfully opened dynamic library libcublasLt.so.11
2021-04-07 11:13:24.895617: I tensorflow/stream_executor/platform/default/dso_loader.cc:49] Successfully opened dynamic library libcufft.so.10
2021-04-07 11:13:24.895975: I tensorflow/stream_executor/platform/default/dso_loader.cc:49] Successfully opened dynamic library libcurand.so.10
2021-04-07 11:13:24.899818: I tensorflow/stream_executor/platform/default/dso_loader.cc:49] Successfully opened dynamic library libcusolver.so.10
2021-04-07 11:13:24.900690: I tensorflow/stream_executor/platform/default/dso_loader.cc:49] Successfully opened dynamic library libcusparse.so.11
2021-04-07 11:13:24.900952: I tensorflow/stream_executor/platform/default/dso_loader.cc:49] Successfully opened dynamic library libcudnn.so.8
2021-04-07 11:13:24.901133: I tensorflow/stream_executor/cuda/cuda_gpu_executor.cc:941] successful NUMA node read from SysFS had negative value (-1), but there must be at least one NUMA node, so returning NUMA node zero
2021-04-07 11:13:24.902132: I tensorflow/stream_executor/cuda/cuda_gpu_executor.cc:941] successful NUMA node read from SysFS had negative value (-1), but there must be at least one NUMA node, so returning NUMA node zero
2021-04-07 11:13:24.902972: I tensorflow/core/common_runtime/gpu/gpu_device.cc:1862] Adding visible gpu devices: 0
[DDPG] Building the actor model
2021-04-07 11:13:24.915069: I tensorflow/core/platform/cpu_feature_guard.cc:142] This TensorFlow binary is optimized with oneAPI Deep Neural Network Library (oneDNN) to use the following CPU instructions in performance-critical operations:  AVX2 AVX512F FMA
To enable them in other operations, rebuild TensorFlow with the appropriate compiler flags.
2021-04-07 11:13:24.915276: I tensorflow/compiler/jit/xla_gpu_device.cc:99] Not creating XLA devices, tf_xla_enable_xla_devices not set
2021-04-07 11:13:24.915443: I tensorflow/stream_executor/cuda/cuda_gpu_executor.cc:941] successful NUMA node read from SysFS had negative value (-1), but there must be at least one NUMA node, so returning NUMA node zero
2021-04-07 11:13:24.916328: I tensorflow/core/common_runtime/gpu/gpu_device.cc:1720] Found device 0 with properties: 
pciBusID: 0000:00:1e.0 name: Tesla T4 computeCapability: 7.5
coreClock: 1.59GHz coreCount: 40 deviceMemorySize: 14.75GiB deviceMemoryBandwidth: 298.08GiB/s
2021-04-07 11:13:24.916356: I tensorflow/stream_executor/platform/default/dso_loader.cc:49] Successfully opened dynamic library libcudart.so.11.0
2021-04-07 11:13:24.916433: I tensorflow/stream_executor/platform/default/dso_loader.cc:49] Successfully opened dynamic library libcublas.so.11
2021-04-07 11:13:24.916478: I tensorflow/stream_executor/platform/default/dso_loader.cc:49] Successfully opened dynamic library libcublasLt.so.11
2021-04-07 11:13:24.916517: I tensorflow/stream_executor/platform/default/dso_loader.cc:49] Successfully opened dynamic library libcufft.so.10
2021-04-07 11:13:24.916565: I tensorflow/stream_executor/platform/default/dso_loader.cc:49] Successfully opened dynamic library libcurand.so.10
2021-04-07 11:13:24.916607: I tensorflow/stream_executor/platform/default/dso_loader.cc:49] Successfully opened dynamic library libcusolver.so.10
2021-04-07 11:13:24.916652: I tensorflow/stream_executor/platform/default/dso_loader.cc:49] Successfully opened dynamic library libcusparse.so.11
2021-04-07 11:13:24.916697: I tensorflow/stream_executor/platform/default/dso_loader.cc:49] Successfully opened dynamic library libcudnn.so.8
2021-04-07 11:13:24.916824: I tensorflow/stream_executor/cuda/cuda_gpu_executor.cc:941] successful NUMA node read from SysFS had negative value (-1), but there must be at least one NUMA node, so returning NUMA node zero
2021-04-07 11:13:24.917824: I tensorflow/stream_executor/cuda/cuda_gpu_executor.cc:941] successful NUMA node read from SysFS had negative value (-1), but there must be at least one NUMA node, so returning NUMA node zero
2021-04-07 11:13:24.918670: I tensorflow/core/common_runtime/gpu/gpu_device.cc:1862] Adding visible gpu devices: 0
2021-04-07 11:13:24.918721: I tensorflow/stream_executor/platform/default/dso_loader.cc:49] Successfully opened dynamic library libcudart.so.11.0
2021-04-07 11:13:25.575100: I tensorflow/core/common_runtime/gpu/gpu_device.cc:1261] Device interconnect StreamExecutor with strength 1 edge matrix:
2021-04-07 11:13:25.575132: I tensorflow/core/common_runtime/gpu/gpu_device.cc:1267]      0 
2021-04-07 11:13:25.575140: I tensorflow/core/common_runtime/gpu/gpu_device.cc:1280] 0:   N 
2021-04-07 11:13:25.575425: I tensorflow/stream_executor/cuda/cuda_gpu_executor.cc:941] successful NUMA node read from SysFS had negative value (-1), but there must be at least one NUMA node, so returning NUMA node zero
2021-04-07 11:13:25.576158: I tensorflow/stream_executor/cuda/cuda_gpu_executor.cc:941] successful NUMA node read from SysFS had negative value (-1), but there must be at least one NUMA node, so returning NUMA node zero
2021-04-07 11:13:25.576797: I tensorflow/stream_executor/cuda/cuda_gpu_executor.cc:941] successful NUMA node read from SysFS had negative value (-1), but there must be at least one NUMA node, so returning NUMA node zero
2021-04-07 11:13:25.577361: I tensorflow/core/common_runtime/gpu/gpu_device.cc:1406] Created TensorFlow device (/job:localhost/replica:0/task:0/device:GPU:0 with 13963 MB memory) -> physical GPU (device: 0, name: Tesla T4, pci bus id: 0000:00:1e.0, compute capability: 7.5)
[DDPG] Building the actor model
[DDPG] Building the critic model
[DDPG] Building the critic model
[DDPG] Waiting for joint trajectory action
[DDPG] Found joint trajectory action!
[DDPG] Waiting for joint trajectory action
[DDPG] Found joint trajectory action!
[DDPG] Waiting for joint trajectory action
[DDPG] Found joint trajectory action!
[DDPG] Waiting for joint trajectory action
[DDPG] Found joint trajectory action!
[0m[ INFO] [1617794010.377643902, 1.385000000]: Loading robot model 'quadruped'...[0m
[0m[ INFO] [1617794010.378622191, 1.386000000]: No root/virtual joint specified in SRDF. Assuming fixed joint[0m
[33m[ WARN] [1617794010.378668493, 1.386000000]: Link dummy_link has visual geometry but no collision geometry. Collision geometry will be left empty. Fix your URDF file by explicitly specifying collision geometry.[0m
[0m[ INFO] [1617794011.646925176, 2.652000000]: Ready to take commands for planning group front_right_leg.[0m
[0m[ INFO] [1617794012.397113447, 3.401000000]: Ready to take commands for planning group front_left_leg.[0m
[0m[ INFO] [1617794013.197055124, 4.200000000]: Ready to take commands for planning group back_right_leg.[0m
[0m[ INFO] [1617794014.000881219, 5.001000000]: Ready to take commands for planning group back_left_leg.[0m
[Actor] GPU>>>>>>>>>>>>
[Actor] [PhysicalDevice(name='/physical_device:GPU:0', device_type='GPU')]
[DDPG] Loading Actor Weights
[DDPG] Training Start
[DDPG] Resetting Environment
[DDPG] Starting Episode 0
2021-04-07 11:13:59.166693: I tensorflow/stream_executor/platform/default/dso_loader.cc:49] Successfully opened dynamic library libcublas.so.11
2021-04-07 11:13:59.759541: I tensorflow/stream_executor/platform/default/dso_loader.cc:49] Successfully opened dynamic library libcublasLt.so.11
[DDPG] Episode 0 Step 0 Reward 74.09293 Time 8.20994
[DDPG] Episode 0 Step 1 Reward 78.27791 Time 7.18069
[DDPG] Episode 0 Step 2 Reward 79.13718 Time 7.44006
[DDPG] Episode 0 Step 3 Reward 79.48953 Time 7.62486
[DDPG] Episode 0 Step 4 Reward 79.24379 Time 7.55126
[DDPG] Episode 0 Step 5 Reward 78.43222 Time 7.34029
[DDPG] Episode 0 Step 6 Reward 76.72820 Time 7.75279
[DDPG] Episode 0 Step 7 Reward 77.10998 Time 7.64670
[DDPG] Episode 0 Step 8 Reward 77.43597 Time 7.39011
Traceback (most recent call last):
  File "learn.py", line 1099, in <module>
    learner.learn(path, experiment = args.experiment)
  File "learn.py", line 720, in learn
    self.current_time_step = self.env.step(
  File "/home/ubuntu/CPGController/src/rl/env.py", line 72, in step
    return self._step(action, desired_motion, last_step)
  File "/home/ubuntu/CPGController/src/rl/env.py", line 88, in _step
    observation =  self.quadruped.step(
  File "/home/ubuntu/CPGController/src/simulations/ws/src/quadruped/scripts/quadruped.py", line 1147, in step
    rospy.sleep(15.0/60.0)
  File "/opt/ros/noetic/lib/python3/dist-packages/rospy/timer.py", line 165, in sleep
    raise rospy.exceptions.ROSInterruptException("ROS shutdown request")
rospy.exceptions.ROSInterruptException: ROS shutdown request
2021-04-07 11:15:45.522448: I tensorflow/stream_executor/platform/default/dso_loader.cc:49] Successfully opened dynamic library libcudart.so.11.0
2021-04-07 11:15:48.144262: I tensorflow/compiler/jit/xla_cpu_device.cc:41] Not creating XLA devices, tf_xla_enable_xla_devices not set
2021-04-07 11:15:48.145335: I tensorflow/stream_executor/platform/default/dso_loader.cc:49] Successfully opened dynamic library libcuda.so.1
2021-04-07 11:15:48.197523: I tensorflow/stream_executor/cuda/cuda_gpu_executor.cc:941] successful NUMA node read from SysFS had negative value (-1), but there must be at least one NUMA node, so returning NUMA node zero
2021-04-07 11:15:48.198393: I tensorflow/core/common_runtime/gpu/gpu_device.cc:1720] Found device 0 with properties: 
pciBusID: 0000:00:1e.0 name: Tesla T4 computeCapability: 7.5
coreClock: 1.59GHz coreCount: 40 deviceMemorySize: 14.75GiB deviceMemoryBandwidth: 298.08GiB/s
2021-04-07 11:15:48.198426: I tensorflow/stream_executor/platform/default/dso_loader.cc:49] Successfully opened dynamic library libcudart.so.11.0
2021-04-07 11:15:48.202031: I tensorflow/stream_executor/platform/default/dso_loader.cc:49] Successfully opened dynamic library libcublas.so.11
2021-04-07 11:15:48.202158: I tensorflow/stream_executor/platform/default/dso_loader.cc:49] Successfully opened dynamic library libcublasLt.so.11
2021-04-07 11:15:48.203686: I tensorflow/stream_executor/platform/default/dso_loader.cc:49] Successfully opened dynamic library libcufft.so.10
2021-04-07 11:15:48.204050: I tensorflow/stream_executor/platform/default/dso_loader.cc:49] Successfully opened dynamic library libcurand.so.10
2021-04-07 11:15:48.207945: I tensorflow/stream_executor/platform/default/dso_loader.cc:49] Successfully opened dynamic library libcusolver.so.10
2021-04-07 11:15:48.208823: I tensorflow/stream_executor/platform/default/dso_loader.cc:49] Successfully opened dynamic library libcusparse.so.11
2021-04-07 11:15:48.209074: I tensorflow/stream_executor/platform/default/dso_loader.cc:49] Successfully opened dynamic library libcudnn.so.8
2021-04-07 11:15:48.209252: I tensorflow/stream_executor/cuda/cuda_gpu_executor.cc:941] successful NUMA node read from SysFS had negative value (-1), but there must be at least one NUMA node, so returning NUMA node zero
2021-04-07 11:15:48.210237: I tensorflow/stream_executor/cuda/cuda_gpu_executor.cc:941] successful NUMA node read from SysFS had negative value (-1), but there must be at least one NUMA node, so returning NUMA node zero
2021-04-07 11:15:48.211099: I tensorflow/core/common_runtime/gpu/gpu_device.cc:1862] Adding visible gpu devices: 0
[DDPG] Building the actor model
2021-04-07 11:15:48.223270: I tensorflow/core/platform/cpu_feature_guard.cc:142] This TensorFlow binary is optimized with oneAPI Deep Neural Network Library (oneDNN) to use the following CPU instructions in performance-critical operations:  AVX2 AVX512F FMA
To enable them in other operations, rebuild TensorFlow with the appropriate compiler flags.
2021-04-07 11:15:48.223494: I tensorflow/compiler/jit/xla_gpu_device.cc:99] Not creating XLA devices, tf_xla_enable_xla_devices not set
2021-04-07 11:15:48.223670: I tensorflow/stream_executor/cuda/cuda_gpu_executor.cc:941] successful NUMA node read from SysFS had negative value (-1), but there must be at least one NUMA node, so returning NUMA node zero
2021-04-07 11:15:48.224543: I tensorflow/core/common_runtime/gpu/gpu_device.cc:1720] Found device 0 with properties: 
pciBusID: 0000:00:1e.0 name: Tesla T4 computeCapability: 7.5
coreClock: 1.59GHz coreCount: 40 deviceMemorySize: 14.75GiB deviceMemoryBandwidth: 298.08GiB/s
2021-04-07 11:15:48.224568: I tensorflow/stream_executor/platform/default/dso_loader.cc:49] Successfully opened dynamic library libcudart.so.11.0
2021-04-07 11:15:48.224646: I tensorflow/stream_executor/platform/default/dso_loader.cc:49] Successfully opened dynamic library libcublas.so.11
2021-04-07 11:15:48.224698: I tensorflow/stream_executor/platform/default/dso_loader.cc:49] Successfully opened dynamic library libcublasLt.so.11
2021-04-07 11:15:48.224745: I tensorflow/stream_executor/platform/default/dso_loader.cc:49] Successfully opened dynamic library libcufft.so.10
2021-04-07 11:15:48.224790: I tensorflow/stream_executor/platform/default/dso_loader.cc:49] Successfully opened dynamic library libcurand.so.10
2021-04-07 11:15:48.224832: I tensorflow/stream_executor/platform/default/dso_loader.cc:49] Successfully opened dynamic library libcusolver.so.10
2021-04-07 11:15:48.224878: I tensorflow/stream_executor/platform/default/dso_loader.cc:49] Successfully opened dynamic library libcusparse.so.11
2021-04-07 11:15:48.224964: I tensorflow/stream_executor/platform/default/dso_loader.cc:49] Successfully opened dynamic library libcudnn.so.8
2021-04-07 11:15:48.225088: I tensorflow/stream_executor/cuda/cuda_gpu_executor.cc:941] successful NUMA node read from SysFS had negative value (-1), but there must be at least one NUMA node, so returning NUMA node zero
2021-04-07 11:15:48.226047: I tensorflow/stream_executor/cuda/cuda_gpu_executor.cc:941] successful NUMA node read from SysFS had negative value (-1), but there must be at least one NUMA node, so returning NUMA node zero
2021-04-07 11:15:48.226947: I tensorflow/core/common_runtime/gpu/gpu_device.cc:1862] Adding visible gpu devices: 0
2021-04-07 11:15:48.226991: I tensorflow/stream_executor/platform/default/dso_loader.cc:49] Successfully opened dynamic library libcudart.so.11.0
2021-04-07 11:15:48.933915: I tensorflow/core/common_runtime/gpu/gpu_device.cc:1261] Device interconnect StreamExecutor with strength 1 edge matrix:
2021-04-07 11:15:48.933941: I tensorflow/core/common_runtime/gpu/gpu_device.cc:1267]      0 
2021-04-07 11:15:48.933949: I tensorflow/core/common_runtime/gpu/gpu_device.cc:1280] 0:   N 
2021-04-07 11:15:48.934235: I tensorflow/stream_executor/cuda/cuda_gpu_executor.cc:941] successful NUMA node read from SysFS had negative value (-1), but there must be at least one NUMA node, so returning NUMA node zero
2021-04-07 11:15:48.934921: I tensorflow/stream_executor/cuda/cuda_gpu_executor.cc:941] successful NUMA node read from SysFS had negative value (-1), but there must be at least one NUMA node, so returning NUMA node zero
2021-04-07 11:15:48.935681: I tensorflow/stream_executor/cuda/cuda_gpu_executor.cc:941] successful NUMA node read from SysFS had negative value (-1), but there must be at least one NUMA node, so returning NUMA node zero
2021-04-07 11:15:48.936412: I tensorflow/core/common_runtime/gpu/gpu_device.cc:1406] Created TensorFlow device (/job:localhost/replica:0/task:0/device:GPU:0 with 13963 MB memory) -> physical GPU (device: 0, name: Tesla T4, pci bus id: 0000:00:1e.0, compute capability: 7.5)
[DDPG] Building the actor model
[DDPG] Building the critic model
[DDPG] Building the critic model
[DDPG] Waiting for joint trajectory action
[DDPG] Found joint trajectory action!
[DDPG] Waiting for joint trajectory action
[DDPG] Found joint trajectory action!
[DDPG] Waiting for joint trajectory action
[DDPG] Found joint trajectory action!
[DDPG] Waiting for joint trajectory action
[DDPG] Found joint trajectory action!
[0m[ INFO] [1617794153.611499970, 1.430000000]: Loading robot model 'quadruped'...[0m
[0m[ INFO] [1617794153.612285668, 1.431000000]: No root/virtual joint specified in SRDF. Assuming fixed joint[0m
[33m[ WARN] [1617794153.612384993, 1.431000000]: Link dummy_link has visual geometry but no collision geometry. Collision geometry will be left empty. Fix your URDF file by explicitly specifying collision geometry.[0m
[0m[ INFO] [1617794154.889389203, 2.706000000]: Ready to take commands for planning group front_right_leg.[0m
[0m[ INFO] [1617794155.586952544, 3.401000000]: Ready to take commands for planning group front_left_leg.[0m
[0m[ INFO] [1617794156.388991565, 4.201000000]: Ready to take commands for planning group back_right_leg.[0m
[0m[ INFO] [1617794157.190971588, 5.000000000]: Ready to take commands for planning group back_left_leg.[0m
[Actor] GPU>>>>>>>>>>>>
[Actor] [PhysicalDevice(name='/physical_device:GPU:0', device_type='GPU')]
[DDPG] Loading Actor Weights
[DDPG] Training Start
[DDPG] Resetting Environment
[DDPG] Starting Episode 0
2021-04-07 11:16:21.490819: I tensorflow/stream_executor/platform/default/dso_loader.cc:49] Successfully opened dynamic library libcublas.so.11
2021-04-07 11:16:22.140700: I tensorflow/stream_executor/platform/default/dso_loader.cc:49] Successfully opened dynamic library libcublasLt.so.11
[DDPG] Episode 0 Step 0 Reward 5.91041 Time 8.17446
[DDPG] Episode 0 Step 1 Reward 9.51480 Time 7.69254
[DDPG] Episode 0 Step 2 Reward 9.93888 Time 7.51136
[DDPG] Episode 0 Step 3 Reward 9.77804 Time 7.31182
[DDPG] Episode 0 Step 4 Reward 9.77415 Time 7.39302
[DDPG] Episode 0 Step 5 Reward 9.52903 Time 7.75030
[DDPG] Episode 0 Step 6 Reward 8.84024 Time 7.49459
[DDPG] Episode 0 Step 7 Reward 8.58893 Time 7.35423
[DDPG] Episode 0 Step 8 Reward 8.60463 Time 7.47488
[DDPG] Episode 0 Step 9 Reward 8.37725 Time 7.39019
[DDPG] Episode 0 Step 10 Reward 8.21727 Time 7.57199
[DDPG] Episode 0 Step 11 Reward 9.13094 Time 7.61401
[DDPG] Episode 0 Step 12 Reward 9.16611 Time 7.29822
[DDPG] Episode 0 Step 13 Reward 8.97890 Time 7.49970
[DDPG] Episode 0 Step 14 Reward 8.91466 Time 7.68110
[DDPG] Episode 0 Step 15 Reward 8.78381 Time 7.41523
[DDPG] Episode 0 Step 16 Reward 8.83931 Time 7.45998
[DDPG] Episode 0 Step 17 Reward 8.98544 Time 7.53893
[DDPG] Episode 0 Step 18 Reward 8.89912 Time 7.30643
[DDPG] Episode 0 Step 19 Reward 8.94591 Time 7.33333
[DDPG] Episode 0 Step 20 Reward 8.94449 Time 7.42283
[DDPG] Episode 0 Step 21 Reward 9.11710 Time 7.48671
[DDPG] Episode 0 Step 22 Reward 9.02724 Time 7.74941
[DDPG] Episode 0 Step 23 Reward 8.94720 Time 7.45806
[DDPG] Episode 0 Step 24 Reward 8.86296 Time 7.33968
[DDPG] Episode 0 Step 25 Reward 8.94078 Time 7.57135
[DDPG] Episode 0 Step 26 Reward 8.98438 Time 7.39804
[DDPG] Episode 0 Step 27 Reward 8.98824 Time 7.18794
[DDPG] Episode 0 Step 28 Reward 8.82312 Time 7.52290
[DDPG] Episode 0 Step 29 Reward 8.86357 Time 7.39487
[DDPG] Episode 0 Step 30 Reward 8.80355 Time 7.69090
[DDPG] Episode 0 Step 31 Reward 8.89028 Time 7.60954
[DDPG] Episode 0 Step 32 Reward 8.86259 Time 7.43295
[DDPG] Episode 0 Step 33 Reward 8.87111 Time 7.43339
[DDPG] Episode 0 Step 34 Reward 8.96960 Time 7.36515
[DDPG] Episode 0 Step 35 Reward 8.74125 Time 7.28821
[DDPG] Episode 0 Step 36 Reward 8.79970 Time 7.41597
[DDPG] Episode 0 Step 37 Reward 8.86352 Time 7.68542
[DDPG] Episode 0 Step 38 Reward 9.06352 Time 7.39785
[DDPG] Episode 0 Step 39 Reward 9.02776 Time 7.15035
[DDPG] Episode 0 Step 40 Reward 9.01950 Time 7.41955
[DDPG] Episode 0 Step 41 Reward 9.15748 Time 7.65999
[DDPG] Episode 0 Step 42 Reward 9.21748 Time 7.18483
[DDPG] Episode 0 Step 43 Reward 8.89166 Time 7.31284
[DDPG] Episode 0 Step 44 Reward 9.03931 Time 7.27579
[DDPG] Episode 0 Step 45 Reward 8.88741 Time 7.56934
[DDPG] Episode 0 Step 46 Reward 8.70648 Time 7.43112
[DDPG] Episode 0 Step 47 Reward 9.01450 Time 7.47309
[DDPG] Episode 0 Step 48 Reward 8.86641 Time 7.27215
[DDPG] Episode 0 Step 49 Reward 8.81691 Time 7.40592
[DDPG] Critic Loss 82.03024291992188
[DDPG] Total Reward 445.72694206237793 Avg Critic Loss 82.03024291992188 Time 7.78269

[DDPG] Saving Model
[DDPG] Resetting Environment
[DDPG] Starting Episode 1
[DDPG] Episode 1 Step 0 Reward -3.25072 Time 7.53228
[DDPG] Episode 1 Step 1 Reward 0.99238 Time 7.53244
[DDPG] Episode 1 Step 2 Reward 0.64747 Time 7.57678
[DDPG] Episode 1 Step 3 Reward 0.70049 Time 7.21649
[DDPG] Episode 1 Step 4 Reward 0.68987 Time 7.45042
[DDPG] Episode 1 Step 5 Reward 0.39273 Time 7.35920
[DDPG] Episode 1 Step 6 Reward 0.13996 Time 7.39537
[DDPG] Episode 1 Step 7 Reward -0.28334 Time 7.24894
[DDPG] Episode 1 Step 8 Reward -0.72078 Time 7.28862
[DDPG] Episode 1 Step 9 Reward -0.40022 Time 7.54583
[DDPG] Episode 1 Step 10 Reward -0.47084 Time 7.59156
[DDPG] Episode 1 Step 11 Reward 0.20721 Time 7.59301
[DDPG] Episode 1 Step 12 Reward -0.04017 Time 7.37191
[DDPG] Episode 1 Step 13 Reward 0.20668 Time 7.66255
[DDPG] Episode 1 Step 14 Reward 0.13461 Time 7.76379
[DDPG] Episode 1 Step 15 Reward 0.11059 Time 7.57725
[DDPG] Episode 1 Step 16 Reward -0.05521 Time 7.66617
[DDPG] Episode 1 Step 17 Reward -0.13017 Time 7.61527
[DDPG] Episode 1 Step 18 Reward -0.04203 Time 7.63826
[DDPG] Episode 1 Step 19 Reward 0.02160 Time 7.68230
[DDPG] Episode 1 Step 20 Reward -0.00836 Time 7.39575
[DDPG] Episode 1 Step 21 Reward -0.11499 Time 7.70261
[DDPG] Episode 1 Step 22 Reward 0.03048 Time 7.25729
[DDPG] Episode 1 Step 23 Reward 0.00867 Time 7.43451
[DDPG] Episode 1 Step 24 Reward -0.06924 Time 7.38080
[DDPG] Episode 1 Step 25 Reward -0.03323 Time 7.40914
[DDPG] Episode 1 Step 26 Reward 0.01455 Time 7.35245
[DDPG] Episode 1 Step 27 Reward 0.00188 Time 7.27563
[DDPG] Episode 1 Step 28 Reward -0.11583 Time 7.37087
[DDPG] Episode 1 Step 29 Reward 0.00478 Time 7.43791
[DDPG] Episode 1 Step 30 Reward -0.04453 Time 7.50697
[DDPG] Episode 1 Step 31 Reward -0.09705 Time 7.46937
[DDPG] Episode 1 Step 32 Reward -0.05103 Time 7.39370
[DDPG] Episode 1 Step 33 Reward -0.03587 Time 7.32742
[DDPG] Episode 1 Step 34 Reward -0.06391 Time 7.66137
[DDPG] Episode 1 Step 35 Reward -0.08505 Time 7.57202
[DDPG] Episode 1 Step 36 Reward -0.04645 Time 7.35045
[DDPG] Episode 1 Step 37 Reward -0.05215 Time 7.75949
[DDPG] Episode 1 Step 38 Reward 0.00523 Time 7.37565
[DDPG] Episode 1 Step 39 Reward -0.04858 Time 7.40831
[DDPG] Episode 1 Step 40 Reward -0.05394 Time 7.41749
[DDPG] Episode 1 Step 41 Reward -0.18007 Time 7.64806
[DDPG] Episode 1 Step 42 Reward -0.02903 Time 7.24410
[DDPG] Episode 1 Step 43 Reward -0.08761 Time 7.46488
[DDPG] Episode 1 Step 44 Reward -0.02629 Time 7.32698
[DDPG] Episode 1 Step 45 Reward -0.12191 Time 7.41528
[DDPG] Episode 1 Step 46 Reward -0.03507 Time 7.58267
[DDPG] Episode 1 Step 47 Reward -0.03670 Time 7.64999
[DDPG] Episode 1 Step 48 Reward -0.05057 Time 7.19095
[DDPG] Episode 1 Step 49 Reward -0.02686 Time 7.47871
