xacro: in-order processing became default in ROS Melodic. You can drop the option.
... logging to /home/ubuntu/.ros/log/21687bf6-a93b-11eb-a79d-1b018384abdd/roslaunch-ip-172-31-8-79-9318.log
Checking log directory for disk usage. This may take a while.
Press Ctrl-C to interrupt
Done checking log file disk usage. Usage is <1GB.
]2;/home/ubuntu/CPGController/src/simulations/ws/src/quadruped/launch/quadruped_control.launch
[1mstarted roslaunch server http://ip-172-31-8-79:43371/[0m

SUMMARY
========

PARAMETERS
 * /gazebo/enable_ros_network: True
 * /joint_state_publisher/source_list: ['quadruped/joint...
 * /move_group/allow_trajectory_execution: False
 * /move_group/back_left_leg/default_planner_config: SBL
 * /move_group/back_left_leg/longest_valid_segment_fraction: 0.005
 * /move_group/back_left_leg/planner_configs: ['AnytimePathShor...
 * /move_group/back_left_leg/projection_evaluator: joints(back_left_...
 * /move_group/back_right_leg/default_planner_config: SBL
 * /move_group/back_right_leg/longest_valid_segment_fraction: 0.005
 * /move_group/back_right_leg/planner_configs: ['AnytimePathShor...
 * /move_group/back_right_leg/projection_evaluator: joints(back_right...
 * /move_group/base/default_planner_config: SBL
 * /move_group/base/planner_configs: ['AnytimePathShor...
 * /move_group/capabilities: 
 * /move_group/disable_capabilities: 
 * /move_group/front_left_leg/default_planner_config: SBL
 * /move_group/front_left_leg/longest_valid_segment_fraction: 0.005
 * /move_group/front_left_leg/planner_configs: ['AnytimePathShor...
 * /move_group/front_left_leg/projection_evaluator: joints(front_left...
 * /move_group/front_right_leg/default_planner_config: SBL
 * /move_group/front_right_leg/longest_valid_segment_fraction: 0.005
 * /move_group/front_right_leg/planner_configs: ['AnytimePathShor...
 * /move_group/front_right_leg/projection_evaluator: joints(front_righ...
 * /move_group/jiggle_fraction: 0.05
 * /move_group/max_safe_path_cost: 1
 * /move_group/planner_configs/AnytimePathShortening/hybridize: True
 * /move_group/planner_configs/AnytimePathShortening/max_hybrid_paths: 24
 * /move_group/planner_configs/AnytimePathShortening/num_planners: 4
 * /move_group/planner_configs/AnytimePathShortening/planners: 
 * /move_group/planner_configs/AnytimePathShortening/shortcut: True
 * /move_group/planner_configs/AnytimePathShortening/type: geometric::Anytim...
 * /move_group/planner_configs/BFMT/balanced: 0
 * /move_group/planner_configs/BFMT/cache_cc: 1
 * /move_group/planner_configs/BFMT/extended_fmt: 1
 * /move_group/planner_configs/BFMT/heuristics: 1
 * /move_group/planner_configs/BFMT/nearest_k: 1
 * /move_group/planner_configs/BFMT/num_samples: 1000
 * /move_group/planner_configs/BFMT/optimality: 1
 * /move_group/planner_configs/BFMT/radius_multiplier: 1.0
 * /move_group/planner_configs/BFMT/type: geometric::BFMT
 * /move_group/planner_configs/BKPIECE/border_fraction: 0.9
 * /move_group/planner_configs/BKPIECE/failed_expansion_score_factor: 0.5
 * /move_group/planner_configs/BKPIECE/min_valid_path_fraction: 0.5
 * /move_group/planner_configs/BKPIECE/range: 0.0
 * /move_group/planner_configs/BKPIECE/type: geometric::BKPIECE
 * /move_group/planner_configs/BiEST/range: 0.0
 * /move_group/planner_configs/BiEST/type: geometric::BiEST
 * /move_group/planner_configs/BiTRRT/cost_threshold: 1e300
 * /move_group/planner_configs/BiTRRT/frountier_node_ratio: 0.1
 * /move_group/planner_configs/BiTRRT/frountier_threshold: 0.0
 * /move_group/planner_configs/BiTRRT/init_temperature: 100
 * /move_group/planner_configs/BiTRRT/range: 0.0
 * /move_group/planner_configs/BiTRRT/temp_change_factor: 0.1
 * /move_group/planner_configs/BiTRRT/type: geometric::BiTRRT
 * /move_group/planner_configs/EST/goal_bias: 0.05
 * /move_group/planner_configs/EST/range: 0.0
 * /move_group/planner_configs/EST/type: geometric::EST
 * /move_group/planner_configs/FMT/cache_cc: 1
 * /move_group/planner_configs/FMT/extended_fmt: 1
 * /move_group/planner_configs/FMT/heuristics: 0
 * /move_group/planner_configs/FMT/nearest_k: 1
 * /move_group/planner_configs/FMT/num_samples: 1000
 * /move_group/planner_configs/FMT/radius_multiplier: 1.1
 * /move_group/planner_configs/FMT/type: geometric::FMT
 * /move_group/planner_configs/KPIECE/border_fraction: 0.9
 * /move_group/planner_configs/KPIECE/failed_expansion_score_factor: 0.5
 * /move_group/planner_configs/KPIECE/goal_bias: 0.05
 * /move_group/planner_configs/KPIECE/min_valid_path_fraction: 0.5
 * /move_group/planner_configs/KPIECE/range: 0.0
 * /move_group/planner_configs/KPIECE/type: geometric::KPIECE
 * /move_group/planner_configs/LBKPIECE/border_fraction: 0.9
 * /move_group/planner_configs/LBKPIECE/min_valid_path_fraction: 0.5
 * /move_group/planner_configs/LBKPIECE/range: 0.0
 * /move_group/planner_configs/LBKPIECE/type: geometric::LBKPIECE
 * /move_group/planner_configs/LBTRRT/epsilon: 0.4
 * /move_group/planner_configs/LBTRRT/goal_bias: 0.05
 * /move_group/planner_configs/LBTRRT/range: 0.0
 * /move_group/planner_configs/LBTRRT/type: geometric::LBTRRT
 * /move_group/planner_configs/LazyPRM/range: 0.0
 * /move_group/planner_configs/LazyPRM/type: geometric::LazyPRM
 * /move_group/planner_configs/LazyPRMstar/type: geometric::LazyPR...
 * /move_group/planner_configs/PDST/type: geometric::PDST
 * /move_group/planner_configs/PRM/max_nearest_neighbors: 10
 * /move_group/planner_configs/PRM/type: geometric::PRM
 * /move_group/planner_configs/PRMstar/type: geometric::PRMstar
 * /move_group/planner_configs/ProjEST/goal_bias: 0.05
 * /move_group/planner_configs/ProjEST/range: 0.0
 * /move_group/planner_configs/ProjEST/type: geometric::ProjEST
 * /move_group/planner_configs/RRT/goal_bias: 0.05
 * /move_group/planner_configs/RRT/range: 0.0
 * /move_group/planner_configs/RRT/type: geometric::RRT
 * /move_group/planner_configs/RRTConnect/range: 0.0
 * /move_group/planner_configs/RRTConnect/type: geometric::RRTCon...
 * /move_group/planner_configs/RRTstar/delay_collision_checking: 1
 * /move_group/planner_configs/RRTstar/goal_bias: 0.05
 * /move_group/planner_configs/RRTstar/range: 0.0
 * /move_group/planner_configs/RRTstar/type: geometric::RRTstar
 * /move_group/planner_configs/SBL/range: 0.0
 * /move_group/planner_configs/SBL/type: geometric::SBL
 * /move_group/planner_configs/SPARS/dense_delta_fraction: 0.001
 * /move_group/planner_configs/SPARS/max_failures: 1000
 * /move_group/planner_configs/SPARS/sparse_delta_fraction: 0.25
 * /move_group/planner_configs/SPARS/stretch_factor: 3.0
 * /move_group/planner_configs/SPARS/type: geometric::SPARS
 * /move_group/planner_configs/SPARStwo/dense_delta_fraction: 0.001
 * /move_group/planner_configs/SPARStwo/max_failures: 5000
 * /move_group/planner_configs/SPARStwo/sparse_delta_fraction: 0.25
 * /move_group/planner_configs/SPARStwo/stretch_factor: 3.0
 * /move_group/planner_configs/SPARStwo/type: geometric::SPARStwo
 * /move_group/planner_configs/STRIDE/degree: 16
 * /move_group/planner_configs/STRIDE/estimated_dimension: 0.0
 * /move_group/planner_configs/STRIDE/goal_bias: 0.05
 * /move_group/planner_configs/STRIDE/max_degree: 18
 * /move_group/planner_configs/STRIDE/max_pts_per_leaf: 6
 * /move_group/planner_configs/STRIDE/min_degree: 12
 * /move_group/planner_configs/STRIDE/min_valid_path_fraction: 0.2
 * /move_group/planner_configs/STRIDE/range: 0.0
 * /move_group/planner_configs/STRIDE/type: geometric::STRIDE
 * /move_group/planner_configs/STRIDE/use_projected_distance: 0
 * /move_group/planner_configs/TRRT/frountierNodeRatio: 0.1
 * /move_group/planner_configs/TRRT/frountier_threshold: 0.0
 * /move_group/planner_configs/TRRT/goal_bias: 0.05
 * /move_group/planner_configs/TRRT/init_temperature: 10e-6
 * /move_group/planner_configs/TRRT/k_constant: 0.0
 * /move_group/planner_configs/TRRT/max_states_failed: 10
 * /move_group/planner_configs/TRRT/min_temperature: 10e-10
 * /move_group/planner_configs/TRRT/range: 0.0
 * /move_group/planner_configs/TRRT/temp_change_factor: 2.0
 * /move_group/planner_configs/TRRT/type: geometric::TRRT
 * /move_group/planning_plugin: ompl_interface/OM...
 * /move_group/planning_scene_monitor/publish_geometry_updates: True
 * /move_group/planning_scene_monitor/publish_planning_scene: True
 * /move_group/planning_scene_monitor/publish_state_updates: True
 * /move_group/planning_scene_monitor/publish_transforms_updates: True
 * /move_group/request_adapters: default_planner_r...
 * /move_group/start_state_max_bounds_error: 0.1
 * /quadruped/back_left_leg_controller/joints: ['back_left_leg1_...
 * /quadruped/back_left_leg_controller/type: position_controll...
 * /quadruped/back_right_leg_controller/joints: ['back_right_leg1...
 * /quadruped/back_right_leg_controller/type: position_controll...
 * /quadruped/front_left_leg_controller/joints: ['front_left_leg1...
 * /quadruped/front_left_leg_controller/type: position_controll...
 * /quadruped/front_right_leg_controller/joints: ['front_right_leg...
 * /quadruped/front_right_leg_controller/type: position_controll...
 * /quadruped/gazebo_ros_control/pid_gains/back_left_leg1_joint/d: 5
 * /quadruped/gazebo_ros_control/pid_gains/back_left_leg1_joint/i: 0.01
 * /quadruped/gazebo_ros_control/pid_gains/back_left_leg1_joint/p: 300
 * /quadruped/gazebo_ros_control/pid_gains/back_left_leg2_joint/d: 5
 * /quadruped/gazebo_ros_control/pid_gains/back_left_leg2_joint/i: 0.01
 * /quadruped/gazebo_ros_control/pid_gains/back_left_leg2_joint/p: 300
 * /quadruped/gazebo_ros_control/pid_gains/back_left_leg3_joint/d: 5
 * /quadruped/gazebo_ros_control/pid_gains/back_left_leg3_joint/i: 0.01
 * /quadruped/gazebo_ros_control/pid_gains/back_left_leg3_joint/p: 300
 * /quadruped/gazebo_ros_control/pid_gains/back_right_leg1_joint/d: 5
 * /quadruped/gazebo_ros_control/pid_gains/back_right_leg1_joint/i: 0.01
 * /quadruped/gazebo_ros_control/pid_gains/back_right_leg1_joint/p: 300
 * /quadruped/gazebo_ros_control/pid_gains/back_right_leg2_joint/d: 5
 * /quadruped/gazebo_ros_control/pid_gains/back_right_leg2_joint/i: 0.01
 * /quadruped/gazebo_ros_control/pid_gains/back_right_leg2_joint/p: 300
 * /quadruped/gazebo_ros_control/pid_gains/back_right_leg3_joint/d: 5
 * /quadruped/gazebo_ros_control/pid_gains/back_right_leg3_joint/i: 0.01
 * /quadruped/gazebo_ros_control/pid_gains/back_right_leg3_joint/p: 300
 * /quadruped/gazebo_ros_control/pid_gains/front_left_leg1_joint/d: 5
 * /quadruped/gazebo_ros_control/pid_gains/front_left_leg1_joint/i: 0.01
 * /quadruped/gazebo_ros_control/pid_gains/front_left_leg1_joint/p: 300
 * /quadruped/gazebo_ros_control/pid_gains/front_left_leg2_joint/d: 5
 * /quadruped/gazebo_ros_control/pid_gains/front_left_leg2_joint/i: 0.01
 * /quadruped/gazebo_ros_control/pid_gains/front_left_leg2_joint/p: 300
 * /quadruped/gazebo_ros_control/pid_gains/front_left_leg3_joint/d: 5
 * /quadruped/gazebo_ros_control/pid_gains/front_left_leg3_joint/i: 0.01
 * /quadruped/gazebo_ros_control/pid_gains/front_left_leg3_joint/p: 300
 * /quadruped/gazebo_ros_control/pid_gains/front_right_leg1_joint/d: 5
 * /quadruped/gazebo_ros_control/pid_gains/front_right_leg1_joint/i: 0.01
 * /quadruped/gazebo_ros_control/pid_gains/front_right_leg1_joint/p: 300
 * /quadruped/gazebo_ros_control/pid_gains/front_right_leg2_joint/d: 5
 * /quadruped/gazebo_ros_control/pid_gains/front_right_leg2_joint/i: 0.01
 * /quadruped/gazebo_ros_control/pid_gains/front_right_leg2_joint/p: 300
 * /quadruped/gazebo_ros_control/pid_gains/front_right_leg3_joint/d: 5
 * /quadruped/gazebo_ros_control/pid_gains/front_right_leg3_joint/i: 0.01
 * /quadruped/gazebo_ros_control/pid_gains/front_right_leg3_joint/p: 300
 * /quadruped/generic_hw_control_loop/cycle_time_error_threshold: 0.01
 * /quadruped/generic_hw_control_loop/loop_hz: 100
 * /quadruped/hardware_interface/joints: ['back_left_leg3_...
 * /quadruped/hardware_interface/sim_control_mode: 1
 * /quadruped/joint_state_controller/publish_rate: 100
 * /quadruped/joint_state_controller/type: joint_state_contr...
 * /quadruped/moveit_sim_hw_interface/joint_model_group: todo_group_name
 * /quadruped/moveit_sim_hw_interface/joint_model_group_pose: todo_state_name
 * /robot_description: <?xml version="1....
 * /robot_description_kinematics/back_left_leg/kinematics_solver: kdl_kinematics_pl...
 * /robot_description_kinematics/back_left_leg/kinematics_solver_search_resolution: 0.005
 * /robot_description_kinematics/back_left_leg/kinematics_solver_timeout: 0.005
 * /robot_description_kinematics/back_right_leg/kinematics_solver: kdl_kinematics_pl...
 * /robot_description_kinematics/back_right_leg/kinematics_solver_search_resolution: 0.005
 * /robot_description_kinematics/back_right_leg/kinematics_solver_timeout: 0.005
 * /robot_description_kinematics/front_left_leg/kinematics_solver: kdl_kinematics_pl...
 * /robot_description_kinematics/front_left_leg/kinematics_solver_search_resolution: 0.005
 * /robot_description_kinematics/front_left_leg/kinematics_solver_timeout: 0.005
 * /robot_description_kinematics/front_right_leg/kinematics_solver: kdl_kinematics_pl...
 * /robot_description_kinematics/front_right_leg/kinematics_solver_search_resolution: 0.005
 * /robot_description_kinematics/front_right_leg/kinematics_solver_timeout: 0.005
 * /robot_description_planning/default_acceleration_scaling_factor: 0.1
 * /robot_description_planning/default_velocity_scaling_factor: 0.1
 * /robot_description_planning/joint_limits/back_left_leg1_joint/has_acceleration_limits: False
 * /robot_description_planning/joint_limits/back_left_leg1_joint/has_velocity_limits: True
 * /robot_description_planning/joint_limits/back_left_leg1_joint/max_acceleration: 10
 * /robot_description_planning/joint_limits/back_left_leg1_joint/max_velocity: 10
 * /robot_description_planning/joint_limits/back_left_leg2_joint/has_acceleration_limits: False
 * /robot_description_planning/joint_limits/back_left_leg2_joint/has_velocity_limits: True
 * /robot_description_planning/joint_limits/back_left_leg2_joint/max_acceleration: 10
 * /robot_description_planning/joint_limits/back_left_leg2_joint/max_velocity: 10
 * /robot_description_planning/joint_limits/back_left_leg3_joint/has_acceleration_limits: False
 * /robot_description_planning/joint_limits/back_left_leg3_joint/has_velocity_limits: True
 * /robot_description_planning/joint_limits/back_left_leg3_joint/max_acceleration: 10
 * /robot_description_planning/joint_limits/back_left_leg3_joint/max_velocity: 10
 * /robot_description_planning/joint_limits/back_right_leg1_joint/has_acceleration_limits: False
 * /robot_description_planning/joint_limits/back_right_leg1_joint/has_velocity_limits: True
 * /robot_description_planning/joint_limits/back_right_leg1_joint/max_acceleration: 10
 * /robot_description_planning/joint_limits/back_right_leg1_joint/max_velocity: 10
 * /robot_description_planning/joint_limits/back_right_leg2_joint/has_acceleration_limits: False
 * /robot_description_planning/joint_limits/back_right_leg2_joint/has_velocity_limits: True
 * /robot_description_planning/joint_limits/back_right_leg2_joint/max_acceleration: 10
 * /robot_description_planning/joint_limits/back_right_leg2_joint/max_velocity: 10
 * /robot_description_planning/joint_limits/back_right_leg3_joint/has_acceleration_limits: False
 * /robot_description_planning/joint_limits/back_right_leg3_joint/has_velocity_limits: True
 * /robot_description_planning/joint_limits/back_right_leg3_joint/max_acceleration: 10
 * /robot_description_planning/joint_limits/back_right_leg3_joint/max_velocity: 10
 * /robot_description_planning/joint_limits/front_left_leg1_joint/has_acceleration_limits: False
 * /robot_description_planning/joint_limits/front_left_leg1_joint/has_velocity_limits: True
 * /robot_description_planning/joint_limits/front_left_leg1_joint/max_acceleration: 10
 * /robot_description_planning/joint_limits/front_left_leg1_joint/max_velocity: 10
 * /robot_description_planning/joint_limits/front_left_leg2_joint/has_acceleration_limits: False
 * /robot_description_planning/joint_limits/front_left_leg2_joint/has_velocity_limits: True
 * /robot_description_planning/joint_limits/front_left_leg2_joint/max_acceleration: 10
 * /robot_description_planning/joint_limits/front_left_leg2_joint/max_velocity: 10
 * /robot_description_planning/joint_limits/front_left_leg3_joint/has_acceleration_limits: False
 * /robot_description_planning/joint_limits/front_left_leg3_joint/has_velocity_limits: True
 * /robot_description_planning/joint_limits/front_left_leg3_joint/max_acceleration: 10
 * /robot_description_planning/joint_limits/front_left_leg3_joint/max_velocity: 10
 * /robot_description_planning/joint_limits/front_right_leg1_joint/has_acceleration_limits: False
 * /robot_description_planning/joint_limits/front_right_leg1_joint/has_velocity_limits: True
 * /robot_description_planning/joint_limits/front_right_leg1_joint/max_acceleration: 10
 * /robot_description_planning/joint_limits/front_right_leg1_joint/max_velocity: 10
 * /robot_description_planning/joint_limits/front_right_leg2_joint/has_acceleration_limits: False
 * /robot_description_planning/joint_limits/front_right_leg2_joint/has_velocity_limits: True
 * /robot_description_planning/joint_limits/front_right_leg2_joint/max_acceleration: 10
 * /robot_description_planning/joint_limits/front_right_leg2_joint/max_velocity: 10
 * /robot_description_planning/joint_limits/front_right_leg3_joint/has_acceleration_limits: False
 * /robot_description_planning/joint_limits/front_right_leg3_joint/has_velocity_limits: True
 * /robot_description_planning/joint_limits/front_right_leg3_joint/max_acceleration: 10
 * /robot_description_planning/joint_limits/front_right_leg3_joint/max_velocity: 10
 * /robot_description_semantic: <?xml version="1....
 * /robot_state_publisher/publish_frequency: 60.0
 * /rosdistro: noetic
 * /rosversion: 1.15.9
 * /use_sim_time: True

NODES
  /
    gazebo (gazebo_ros/gzserver)
    gazebo_gui (gazebo_ros/gzclient)
    joint_state_publisher (joint_state_publisher/joint_state_publisher)
    move_group (moveit_ros_move_group/move_group)
    robot_state_publisher (robot_state_publisher/robot_state_publisher)
    urdf_spawner (gazebo_ros/spawn_model)
  /quadruped/
    controller_spawner (controller_manager/spawner)
GNU gdb (Ubuntu 9.2-0ubuntu1~20.04) 9.2
Copyright (C) 2020 Free Software Foundation, Inc.
License GPLv3+: GNU GPL version 3 or later <http://gnu.org/licenses/gpl.html>
This is free software: you are free to change and redistribute it.
There is NO WARRANTY, to the extent permitted by law.
Type "show copying" and "show warranty" for details.
This GDB was configured as "x86_64-linux-gnu".
Type "show configuration" for configuration details.
For bug reporting instructions, please see:
<http://www.gnu.org/software/gdb/bugs/>.
Find the GDB manual and other documentation resources online at:
    <http://www.gnu.org/software/gdb/documentation/>.

For help, type "help".
Type "apropos word" to search for commands related to "word"...
Reading symbols from /opt/ros/noetic/lib/moveit_ros_move_group/move_group...
(No debugging symbols found in /opt/ros/noetic/lib/moveit_ros_move_group/move_group)
/home/ubuntu/CPGController/src/simulations/ws/src/quadruped/launch/gdb_settings.gdb: No such file or directory.
Starting program: /opt/ros/noetic/lib/moveit_ros_move_group/move_group --debug __name:=move_group __log:=/home/ubuntu/.ros/log/21687bf6-a93b-11eb-a79d-1b018384abdd/move_group-8.log
[Thread debugging using libthread_db enabled]
Using host libthread_db library "/lib/x86_64-linux-gnu/libthread_db.so.1".
[New Thread 0x7ffff0da7700 (LWP 9495)]
[New Thread 0x7ffff05a6700 (LWP 9496)]
[New Thread 0x7fffefda5700 (LWP 9503)]
[New Thread 0x7fffef5a4700 (LWP 9504)]
[New Thread 0x7fffeeda3700 (LWP 9505)]
[New Thread 0x7fffee5a2700 (LWP 9506)]
[33m[ WARN] [1619735704.691341964]: Link dummy_link has visual geometry but no collision geometry. Collision geometry will be left empty. Fix your URDF file by explicitly specifying collision geometry.[0m
[New Thread 0x7fffedd52700 (LWP 9525)]
[New Thread 0x7fffed551700 (LWP 9526)]
[33m[ WARN] [1619735705.075020414]: Resolution not specified for Octomap. Assuming resolution = 0.1 instead[0m
[31m[ERROR] [1619735705.076209214]: Failed to find 3D sensor plugin parameters for octomap generation[0m
[New Thread 0x7fffecd50700 (LWP 9540)]
Aborted (core dumped)
[0m[ INFO] [1619735704.277435479]: Finished loading Gazebo ROS API Plugin.[0m
[0m[ INFO] [1619735704.286329260]: waitForService: Service [/gazebo/set_physics_properties] has not been advertised, waiting...[0m
[0m[ INFO] [1619735704.910581724]: waitForService: Service [/gazebo/set_physics_properties] is now available.[0m
[1;33mWarning [Model.cc:212][0m Non-unique names detected in XML children of model with name[quadruped].
[New Thread 0x7fffcf8cf700 (LWP 9558)]
[New Thread 0x7fffcf0ce700 (LWP 9559)]
[New Thread 0x7fffce8cd700 (LWP 9561)]
[New Thread 0x7fffce02c700 (LWP 9566)]
[New Thread 0x7fffcd82b700 (LWP 9573)]
[0m[ INFO] [1619735704.688588067]: Loading robot model 'quadruped'...[0m
[0m[ INFO] [1619735704.691039545]: No root/virtual joint specified in SRDF. Assuming fixed joint[0m
[0m[ INFO] [1619735705.044915221]: Publishing maintained planning scene on 'monitored_planning_scene'[0m
[0m[ INFO] [1619735705.059963763]: MoveGroup debug mode is ON[0m
[96mStarting planning scene monitors...
[0m[0m[ INFO] [1619735705.059996533]: Starting planning scene monitor[0m
[0m[ INFO] [1619735705.064958197]: Listening to '/planning_scene'[0m
[0m[ INFO] [1619735705.065003351]: Starting world geometry update monitor for collision objects, attached objects, octomap updates.[0m
[0m[ INFO] [1619735705.068747613]: Listening to '/collision_object'[0m
[0m[ INFO] [1619735705.073719653]: Listening to '/planning_scene_world' for planning scene world geometry[0m
[0m[ INFO] [1619735705.089545726]: Listening to '/attached_collision_object' for attached collision objects[0m
[96mPlanning scene monitors started.
[0m[0m[ INFO] [1619735705.714058182]: Using planning interface 'OMPL'[0m
[0m[ INFO] [1619735705.724957319]: Param 'default_workspace_bounds' was not set. Using default value: 10[0m
[0m[ INFO] [1619735705.725600839]: Param 'start_state_max_bounds_error' was set to 0.1[0m
[0m[ INFO] [1619735705.726240762]: Param 'start_state_max_dt' was not set. Using default value: 0.5[0m
[0m[ INFO] [1619735705.726804252]: Param 'start_state_max_dt' was not set. Using default value: 0.5[0m
[0m[ INFO] [1619735705.727446417]: Param 'jiggle_fraction' was set to 0.05[0m
[0m[ INFO] [1619735705.728008003]: Param 'max_sampling_attempts' was not set. Using default value: 100[0m
[0m[ INFO] [1619735705.728128705]: Using planning request adapter 'Add Time Parameterization'[0m
[0m[ INFO] [1619735705.728247333]: Using planning request adapter 'Resolve constraint frames to robot links'[0m
[0m[ INFO] [1619735705.728350861]: Using planning request adapter 'Fix Workspace Bounds'[0m
[0m[ INFO] [1619735705.728454848]: Using planning request adapter 'Fix Start State Bounds'[0m
[0m[ INFO] [1619735705.728535811]: Using planning request adapter 'Fix Start State In Collision'[0m
[0m[ INFO] [1619735705.728623702]: Using planning request adapter 'Fix Start State Path Constraints'[0m
[96mLoading 'move_group/ApplyPlanningSceneService'...
[0m[96mLoading 'move_group/ClearOctomapService'...
[0m[96mLoading 'move_group/MoveGroupCartesianPathService'...
[0m[96mLoading 'move_group/MoveGroupExecuteTrajectoryAction'...
[0m[96mLoading 'move_group/MoveGroupGetPlanningSceneService'...
[0m[96mLoading 'move_group/MoveGroupKinematicsService'...
[0m[96mLoading 'move_group/MoveGroupMoveAction'...
[0m[96mLoading 'move_group/MoveGroupPickPlaceAction'...
[0m[96mLoading 'move_group/MoveGroupPlanService'...
[0m[96mLoading 'move_group/MoveGroupQueryPlannersService'...
[0m[96mLoading 'move_group/MoveGroupStateValidationService'...
[0m[0m[ INFO] [1619735705.965479915]: 

********************************************************
* MoveGroup using: 
*     - ApplyPlanningSceneService
*     - ClearOctomapService
*     - CartesianPathService
*     - ExecuteTrajectoryAction
*     - GetPlanningSceneService
*     - KinematicsService
*     - MoveAction
*     - PickPlaceAction
*     - MotionPlanService
*     - QueryPlannersService
*     - StateValidationService
********************************************************
[0m
[0m[ INFO] [1619735705.965538708]: MoveGroup context using planning plugin ompl_interface/OMPLPlanner[0m
[0m[ INFO] [1619735705.965557582]: MoveGroup context initialization complete[0m
[92m
You can start planning now!

[0m[0m[ INFO] [1619735705.825527700, 0.058000000]: <initialOrientationAsReference> is unset, using default value of false to comply with REP 145 (world as orientation reference)[0m
[0m[ INFO] [1619735705.825786724, 0.058000000]: <robotNamespace> set to: /quadruped/[0m
[0m[ INFO] [1619735705.825948043, 0.058000000]: <topicName> set to: imu[0m
[0m[ INFO] [1619735705.826068659, 0.058000000]: <frameName> set to: imu_link[0m
[0m[ INFO] [1619735705.826243078, 0.058000000]: <updateRateHZ> set to: 100[0m
[0m[ INFO] [1619735705.826369157, 0.058000000]: <gaussianNoise> set to: 0[0m
[0m[ INFO] [1619735705.826463046, 0.058000000]: <xyzOffset> set to: 0 0 0[0m
[0m[ INFO] [1619735705.826652311, 0.058000000]: <rpyOffset> set to: 0 -0 0[0m
[0m[ INFO] [1619735705.952630887, 0.058000000]: Physics dynamic reconfigure ready.[0m
[0m[ INFO] [1619735705.970996958, 0.058000000]: Loading gazebo_ros_control plugin[0m
[0m[ INFO] [1619735705.971201183, 0.058000000]: Starting gazebo_ros_control plugin in namespace: /quadruped[0m
[0m[ INFO] [1619735705.971828209, 0.058000000]: gazebo_ros_control plugin is waiting for model URDF in parameter [/robot_description] on the ROS param server.[0m
[0m[ INFO] [1619735706.633126318, 0.058000000]: Loaded gazebo_ros_control.[0m
[0m[ INFO] [1619735706.643476807, 0.058000000]: ft_sensor plugin reporting wrench values to the frame [front_right_leg3][0m
[0m[ INFO] [1619735706.643516265, 0.058000000]: imu plugin missing <gaussianNoise>, defaults to 0.0[0m
[0m[ INFO] [1619735706.644813461, 0.058000000]: ft_sensor plugin reporting wrench values to the frame [front_right_leg2][0m
[0m[ INFO] [1619735706.644869136, 0.058000000]: imu plugin missing <gaussianNoise>, defaults to 0.0[0m
[0m[ INFO] [1619735706.645937653, 0.058000000]: ft_sensor plugin reporting wrench values to the frame [front_right_leg1][0m
[0m[ INFO] [1619735706.645970180, 0.058000000]: imu plugin missing <gaussianNoise>, defaults to 0.0[0m
[0m[ INFO] [1619735706.647016993, 0.058000000]: ft_sensor plugin reporting wrench values to the frame [front_left_leg3][0m
[0m[ INFO] [1619735706.647053037, 0.058000000]: imu plugin missing <gaussianNoise>, defaults to 0.0[0m
[0m[ INFO] [1619735706.648107003, 0.058000000]: ft_sensor plugin reporting wrench values to the frame [front_left_leg2][0m
[0m[ INFO] [1619735706.648137832, 0.058000000]: imu plugin missing <gaussianNoise>, defaults to 0.0[0m
[0m[ INFO] [1619735706.649684740, 0.058000000]: ft_sensor plugin reporting wrench values to the frame [front_left_leg1][0m
[0m[ INFO] [1619735706.649714335, 0.058000000]: imu plugin missing <gaussianNoise>, defaults to 0.0[0m
[0m[ INFO] [1619735706.650803821, 0.058000000]: ft_sensor plugin reporting wrench values to the frame [back_right_leg3][0m
[0m[ INFO] [1619735706.650842350, 0.058000000]: imu plugin missing <gaussianNoise>, defaults to 0.0[0m
[0m[ INFO] [1619735706.657118712, 0.058000000]: ft_sensor plugin reporting wrench values to the frame [back_right_leg2][0m
[0m[ INFO] [1619735706.657149122, 0.058000000]: imu plugin missing <gaussianNoise>, defaults to 0.0[0m
[0m[ INFO] [1619735706.658746964, 0.058000000]: ft_sensor plugin reporting wrench values to the frame [back_right_leg1][0m
[0m[ INFO] [1619735706.658781970, 0.058000000]: imu plugin missing <gaussianNoise>, defaults to 0.0[0m
[0m[ INFO] [1619735706.660240328, 0.058000000]: ft_sensor plugin reporting wrench values to the frame [back_left_leg3][0m
[0m[ INFO] [1619735706.660280245, 0.058000000]: imu plugin missing <gaussianNoise>, defaults to 0.0[0m
[0m[ INFO] [1619735706.661876838, 0.058000000]: ft_sensor plugin reporting wrench values to the frame [back_left_leg2][0m
[0m[ INFO] [1619735706.661907966, 0.058000000]: imu plugin missing <gaussianNoise>, defaults to 0.0[0m
[0m[ INFO] [1619735706.663220999, 0.058000000]: ft_sensor plugin reporting wrench values to the frame [back_left_leg1][0m
[0m[ INFO] [1619735706.663448320, 0.058000000]: imu plugin missing <gaussianNoise>, defaults to 0.0[0m
[0m[ INFO] [1619735706.677176151, 0.058000000]: GazeboRo[New Thread 0x7fffcd02a700 (LWP 173956)]
Exception ignored in: <gdb._GdbOutputFile object at 0x7f1ac0d53460>
Traceback (most recent call last):
  File "/usr/share/gdb/python/gdb/__init__.py", line 43, in flush
    def flush(self):
KeyboardInterrupt: 
[31m[gazebo_gui-3] process has died [pid 9356, exit code 134, cmd /opt/ros/noetic/lib/gazebo_ros/gzclient __name:=gazebo_gui __log:=/home/ubuntu/.ros/log/21687bf6-a93b-11eb-a79d-1b018384abdd/gazebo_gui-3.log].
log file: /home/ubuntu/.ros/log/21687bf6-a93b-11eb-a79d-1b018384abdd/gazebo_gui-3*.log[0m

auto-starting new master
[1mprocess[master]: started with pid [9338][0m
[1mROS_MASTER_URI=http://localhost:11341[0m
]2;/home/ubuntu/CPGController/src/simulations/ws/src/quadruped/launch/quadruped_control.launch http://localhost:11341
[1msetting /run_id to 21687bf6-a93b-11eb-a79d-1b018384abdd[0m
[1mprocess[rosout-1]: started with pid [9348][0m
started core service [/rosout]
[1mprocess[gazebo-2]: started with pid [9355][0m
[1mprocess[gazebo_gui-3]: started with pid [9356][0m
[1mprocess[urdf_spawner-4]: started with pid [9361][0m
[1mprocess[quadruped/controller_spawner-5]: started with pid [9364][0m
[1mprocess[joint_state_publisher-6]: started with pid [9366][0m
[1mprocess[robot_state_publisher-7]: started with pid [9368][0m
[1mprocess[move_group-8]: started with pid [9369][0m
[1m[urdf_spawner-4] process has finished cleanly
log file: /home/ubuntu/.ros/log/21687bf6-a93b-11eb-a79d-1b018384abdd/urdf_spawner-4*.log[0m
[move_group-8] killing on exit
[robot_state_publisher-7] killing on exit
[joint_state_publisher-6] killing on exit
[quadruped/controller_spawner-5] killing on exit
[gazebo-2] killing on exit
[rosout-1] killing on exit
[master] killing on exit
shutting down processing monitor...
... shutting down processing monitor complete
[1mdone[0m
xacro: in-order processing became default in ROS Melodic. You can drop the option.
... logging to /home/ubuntu/.ros/log/4854e4b6-a986-11eb-8277-8597fd0f8a94/roslaunch-ip-172-31-8-79-1505.log
Checking log directory for disk usage. This may take a while.
Press Ctrl-C to interrupt
Done checking log file disk usage. Usage is <1GB.
]2;/home/ubuntu/CPGController/src/simulations/ws/src/quadruped/launch/quadruped_control.launch
[1mstarted roslaunch server http://ip-172-31-8-79:45661/[0m

SUMMARY
========

PARAMETERS
 * /gazebo/enable_ros_network: True
 * /joint_state_publisher/source_list: ['quadruped/joint...
 * /move_group/allow_trajectory_execution: False
 * /move_group/back_left_leg/default_planner_config: SBL
 * /move_group/back_left_leg/longest_valid_segment_fraction: 0.005
 * /move_group/back_left_leg/planner_configs: ['AnytimePathShor...
 * /move_group/back_left_leg/projection_evaluator: joints(back_left_...
 * /move_group/back_right_leg/default_planner_config: SBL
 * /move_group/back_right_leg/longest_valid_segment_fraction: 0.005
 * /move_group/back_right_leg/planner_configs: ['AnytimePathShor...
 * /move_group/back_right_leg/projection_evaluator: joints(back_right...
 * /move_group/base/default_planner_config: SBL
 * /move_group/base/planner_configs: ['AnytimePathShor...
 * /move_group/capabilities: 
 * /move_group/disable_capabilities: 
 * /move_group/front_left_leg/default_planner_config: SBL
 * /move_group/front_left_leg/longest_valid_segment_fraction: 0.005
 * /move_group/front_left_leg/planner_configs: ['AnytimePathShor...
 * /move_group/front_left_leg/projection_evaluator: joints(front_left...
 * /move_group/front_right_leg/default_planner_config: SBL
 * /move_group/front_right_leg/longest_valid_segment_fraction: 0.005
 * /move_group/front_right_leg/planner_configs: ['AnytimePathShor...
 * /move_group/front_right_leg/projection_evaluator: joints(front_righ...
 * /move_group/jiggle_fraction: 0.05
 * /move_group/max_safe_path_cost: 1
 * /move_group/planner_configs/AnytimePathShortening/hybridize: True
 * /move_group/planner_configs/AnytimePathShortening/max_hybrid_paths: 24
 * /move_group/planner_configs/AnytimePathShortening/num_planners: 4
 * /move_group/planner_configs/AnytimePathShortening/planners: 
 * /move_group/planner_configs/AnytimePathShortening/shortcut: True
 * /move_group/planner_configs/AnytimePathShortening/type: geometric::Anytim...
 * /move_group/planner_configs/BFMT/balanced: 0
 * /move_group/planner_configs/BFMT/cache_cc: 1
 * /move_group/planner_configs/BFMT/extended_fmt: 1
 * /move_group/planner_configs/BFMT/heuristics: 1
 * /move_group/planner_configs/BFMT/nearest_k: 1
 * /move_group/planner_configs/BFMT/num_samples: 1000
 * /move_group/planner_configs/BFMT/optimality: 1
 * /move_group/planner_configs/BFMT/radius_multiplier: 1.0
 * /move_group/planner_configs/BFMT/type: geometric::BFMT
 * /move_group/planner_configs/BKPIECE/border_fraction: 0.9
 * /move_group/planner_configs/BKPIECE/failed_expansion_score_factor: 0.5
 * /move_group/planner_configs/BKPIECE/min_valid_path_fraction: 0.5
 * /move_group/planner_configs/BKPIECE/range: 0.0
 * /move_group/planner_configs/BKPIECE/type: geometric::BKPIECE
 * /move_group/planner_configs/BiEST/range: 0.0
 * /move_group/planner_configs/BiEST/type: geometric::BiEST
 * /move_group/planner_configs/BiTRRT/cost_threshold: 1e300
 * /move_group/planner_configs/BiTRRT/frountier_node_ratio: 0.1
 * /move_group/planner_configs/BiTRRT/frountier_threshold: 0.0
 * /move_group/planner_configs/BiTRRT/init_temperature: 100
 * /move_group/planner_configs/BiTRRT/range: 0.0
 * /move_group/planner_configs/BiTRRT/temp_change_factor: 0.1
 * /move_group/planner_configs/BiTRRT/type: geometric::BiTRRT
 * /move_group/planner_configs/EST/goal_bias: 0.05
 * /move_group/planner_configs/EST/range: 0.0
 * /move_group/planner_configs/EST/type: geometric::EST
 * /move_group/planner_configs/FMT/cache_cc: 1
 * /move_group/planner_configs/FMT/extended_fmt: 1
 * /move_group/planner_configs/FMT/heuristics: 0
 * /move_group/planner_configs/FMT/nearest_k: 1
 * /move_group/planner_configs/FMT/num_samples: 1000
 * /move_group/planner_configs/FMT/radius_multiplier: 1.1
 * /move_group/planner_configs/FMT/type: geometric::FMT
 * /move_group/planner_configs/KPIECE/border_fraction: 0.9
 * /move_group/planner_configs/KPIECE/failed_expansion_score_factor: 0.5
 * /move_group/planner_configs/KPIECE/goal_bias: 0.05
 * /move_group/planner_configs/KPIECE/min_valid_path_fraction: 0.5
 * /move_group/planner_configs/KPIECE/range: 0.0
 * /move_group/planner_configs/KPIECE/type: geometric::KPIECE
 * /move_group/planner_configs/LBKPIECE/border_fraction: 0.9
 * /move_group/planner_configs/LBKPIECE/min_valid_path_fraction: 0.5
 * /move_group/planner_configs/LBKPIECE/range: 0.0
 * /move_group/planner_configs/LBKPIECE/type: geometric::LBKPIECE
 * /move_group/planner_configs/LBTRRT/epsilon: 0.4
 * /move_group/planner_configs/LBTRRT/goal_bias: 0.05
 * /move_group/planner_configs/LBTRRT/range: 0.0
 * /move_group/planner_configs/LBTRRT/type: geometric::LBTRRT
 * /move_group/planner_configs/LazyPRM/range: 0.0
 * /move_group/planner_configs/LazyPRM/type: geometric::LazyPRM
 * /move_group/planner_configs/LazyPRMstar/type: geometric::LazyPR...
 * /move_group/planner_configs/PDST/type: geometric::PDST
 * /move_group/planner_configs/PRM/max_nearest_neighbors: 10
 * /move_group/planner_configs/PRM/type: geometric::PRM
 * /move_group/planner_configs/PRMstar/type: geometric::PRMstar
 * /move_group/planner_configs/ProjEST/goal_bias: 0.05
 * /move_group/planner_configs/ProjEST/range: 0.0
 * /move_group/planner_configs/ProjEST/type: geometric::ProjEST
 * /move_group/planner_configs/RRT/goal_bias: 0.05
 * /move_group/planner_configs/RRT/range: 0.0
 * /move_group/planner_configs/RRT/type: geometric::RRT
 * /move_group/planner_configs/RRTConnect/range: 0.0
 * /move_group/planner_configs/RRTConnect/type: geometric::RRTCon...
 * /move_group/planner_configs/RRTstar/delay_collision_checking: 1
 * /move_group/planner_configs/RRTstar/goal_bias: 0.05
 * /move_group/planner_configs/RRTstar/range: 0.0
 * /move_group/planner_configs/RRTstar/type: geometric::RRTstar
 * /move_group/planner_configs/SBL/range: 0.0
 * /move_group/planner_configs/SBL/type: geometric::SBL
 * /move_group/planner_configs/SPARS/dense_delta_fraction: 0.001
 * /move_group/planner_configs/SPARS/max_failures: 1000
 * /move_group/planner_configs/SPARS/sparse_delta_fraction: 0.25
 * /move_group/planner_configs/SPARS/stretch_factor: 3.0
 * /move_group/planner_configs/SPARS/type: geometric::SPARS
 * /move_group/planner_configs/SPARStwo/dense_delta_fraction: 0.001
 * /move_group/planner_configs/SPARStwo/max_failures: 5000
 * /move_group/planner_configs/SPARStwo/sparse_delta_fraction: 0.25
 * /move_group/planner_configs/SPARStwo/stretch_factor: 3.0
 * /move_group/planner_configs/SPARStwo/type: geometric::SPARStwo
 * /move_group/planner_configs/STRIDE/degree: 16
 * /move_group/planner_configs/STRIDE/estimated_dimension: 0.0
 * /move_group/planner_configs/STRIDE/goal_bias: 0.05
 * /move_group/planner_configs/STRIDE/max_degree: 18
 * /move_group/planner_configs/STRIDE/max_pts_per_leaf: 6
 * /move_group/planner_configs/STRIDE/min_degree: 12
 * /move_group/planner_configs/STRIDE/min_valid_path_fraction: 0.2
 * /move_group/planner_configs/STRIDE/range: 0.0
 * /move_group/planner_configs/STRIDE/type: geometric::STRIDE
 * /move_group/planner_configs/STRIDE/use_projected_distance: 0
 * /move_group/planner_configs/TRRT/frountierNodeRatio: 0.1
 * /move_group/planner_configs/TRRT/frountier_threshold: 0.0
 * /move_group/planner_configs/TRRT/goal_bias: 0.05
 * /move_group/planner_configs/TRRT/init_temperature: 10e-6
 * /move_group/planner_configs/TRRT/k_constant: 0.0
 * /move_group/planner_configs/TRRT/max_states_failed: 10
 * /move_group/planner_configs/TRRT/min_temperature: 10e-10
 * /move_group/planner_configs/TRRT/range: 0.0
 * /move_group/planner_configs/TRRT/temp_change_factor: 2.0
 * /move_group/planner_configs/TRRT/type: geometric::TRRT
 * /move_group/planning_plugin: ompl_interface/OM...
 * /move_group/planning_scene_monitor/publish_geometry_updates: True
 * /move_group/planning_scene_monitor/publish_planning_scene: True
 * /move_group/planning_scene_monitor/publish_state_updates: True
 * /move_group/planning_scene_monitor/publish_transforms_updates: True
 * /move_group/request_adapters: default_planner_r...
 * /move_group/start_state_max_bounds_error: 0.1
 * /quadruped/back_left_leg_controller/joints: ['back_left_leg1_...
 * /quadruped/back_left_leg_controller/type: position_controll...
 * /quadruped/back_right_leg_controller/joints: ['back_right_leg1...
 * /quadruped/back_right_leg_controller/type: position_controll...
 * /quadruped/front_left_leg_controller/joints: ['front_left_leg1...
 * /quadruped/front_left_leg_controller/type: position_controll...
 * /quadruped/front_right_leg_controller/joints: ['front_right_leg...
 * /quadruped/front_right_leg_controller/type: position_controll...
 * /quadruped/gazebo_ros_control/pid_gains/back_left_leg1_joint/d: 5
 * /quadruped/gazebo_ros_control/pid_gains/back_left_leg1_joint/i: 0.01
 * /quadruped/gazebo_ros_control/pid_gains/back_left_leg1_joint/p: 300
 * /quadruped/gazebo_ros_control/pid_gains/back_left_leg2_joint/d: 5
 * /quadruped/gazebo_ros_control/pid_gains/back_left_leg2_joint/i: 0.01
 * /quadruped/gazebo_ros_control/pid_gains/back_left_leg2_joint/p: 300
 * /quadruped/gazebo_ros_control/pid_gains/back_left_leg3_joint/d: 5
 * /quadruped/gazebo_ros_control/pid_gains/back_left_leg3_joint/i: 0.01
 * /quadruped/gazebo_ros_control/pid_gains/back_left_leg3_joint/p: 300
 * /quadruped/gazebo_ros_control/pid_gains/back_right_leg1_joint/d: 5
 * /quadruped/gazebo_ros_control/pid_gains/back_right_leg1_joint/i: 0.01
 * /quadruped/gazebo_ros_control/pid_gains/back_right_leg1_joint/p: 300
 * /quadruped/gazebo_ros_control/pid_gains/back_right_leg2_joint/d: 5
 * /quadruped/gazebo_ros_control/pid_gains/back_right_leg2_joint/i: 0.01
 * /quadruped/gazebo_ros_control/pid_gains/back_right_leg2_joint/p: 300
 * /quadruped/gazebo_ros_control/pid_gains/back_right_leg3_joint/d: 5
 * /quadruped/gazebo_ros_control/pid_gains/back_right_leg3_joint/i: 0.01
 * /quadruped/gazebo_ros_control/pid_gains/back_right_leg3_joint/p: 300
 * /quadruped/gazebo_ros_control/pid_gains/front_left_leg1_joint/d: 5
 * /quadruped/gazebo_ros_control/pid_gains/front_left_leg1_joint/i: 0.01
 * /quadruped/gazebo_ros_control/pid_gains/front_left_leg1_joint/p: 300
 * /quadruped/gazebo_ros_control/pid_gains/front_left_leg2_joint/d: 5
 * /quadruped/gazebo_ros_control/pid_gains/front_left_leg2_joint/i: 0.01
 * /quadruped/gazebo_ros_control/pid_gains/front_left_leg2_joint/p: 300
 * /quadruped/gazebo_ros_control/pid_gains/front_left_leg3_joint/d: 5
 * /quadruped/gazebo_ros_control/pid_gains/front_left_leg3_joint/i: 0.01
 * /quadruped/gazebo_ros_control/pid_gains/front_left_leg3_joint/p: 300
 * /quadruped/gazebo_ros_control/pid_gains/front_right_leg1_joint/d: 5
 * /quadruped/gazebo_ros_control/pid_gains/front_right_leg1_joint/i: 0.01
 * /quadruped/gazebo_ros_control/pid_gains/front_right_leg1_joint/p: 300
 * /quadruped/gazebo_ros_control/pid_gains/front_right_leg2_joint/d: 5
 * /quadruped/gazebo_ros_control/pid_gains/front_right_leg2_joint/i: 0.01
 * /quadruped/gazebo_ros_control/pid_gains/front_right_leg2_joint/p: 300
 * /quadruped/gazebo_ros_control/pid_gains/front_right_leg3_joint/d: 5
 * /quadruped/gazebo_ros_control/pid_gains/front_right_leg3_joint/i: 0.01
 * /quadruped/gazebo_ros_control/pid_gains/front_right_leg3_joint/p: 300
 * /quadruped/generic_hw_control_loop/cycle_time_error_threshold: 0.01
 * /quadruped/generic_hw_control_loop/loop_hz: 100
 * /quadruped/hardware_interface/joints: ['back_left_leg3_...
 * /quadruped/hardware_interface/sim_control_mode: 1
 * /quadruped/joint_state_controller/publish_rate: 100
 * /quadruped/joint_state_controller/type: joint_state_contr...
 * /quadruped/moveit_sim_hw_interface/joint_model_group: todo_group_name
 * /quadruped/moveit_sim_hw_interface/joint_model_group_pose: todo_state_name
 * /robot_description: <?xml version="1....
 * /robot_description_kinematics/back_left_leg/kinematics_solver: kdl_kinematics_pl...
 * /robot_description_kinematics/back_left_leg/kinematics_solver_search_resolution: 0.005
 * /robot_description_kinematics/back_left_leg/kinematics_solver_timeout: 0.005
 * /robot_description_kinematics/back_right_leg/kinematics_solver: kdl_kinematics_pl...
 * /robot_description_kinematics/back_right_leg/kinematics_solver_search_resolution: 0.005
 * /robot_description_kinematics/back_right_leg/kinematics_solver_timeout: 0.005
 * /robot_description_kinematics/front_left_leg/kinematics_solver: kdl_kinematics_pl...
 * /robot_description_kinematics/front_left_leg/kinematics_solver_search_resolution: 0.005
 * /robot_description_kinematics/front_left_leg/kinematics_solver_timeout: 0.005
 * /robot_description_kinematics/front_right_leg/kinematics_solver: kdl_kinematics_pl...
 * /robot_description_kinematics/front_right_leg/kinematics_solver_search_resolution: 0.005
 * /robot_description_kinematics/front_right_leg/kinematics_solver_timeout: 0.005
 * /robot_description_planning/default_acceleration_scaling_factor: 0.1
 * /robot_description_planning/default_velocity_scaling_factor: 0.1
 * /robot_description_planning/joint_limits/back_left_leg1_joint/has_acceleration_limits: False
 * /robot_description_planning/joint_limits/back_left_leg1_joint/has_velocity_limits: True
 * /robot_description_planning/joint_limits/back_left_leg1_joint/max_acceleration: 10
 * /robot_description_planning/joint_limits/back_left_leg1_joint/max_velocity: 10
 * /robot_description_planning/joint_limits/back_left_leg2_joint/has_acceleration_limits: False
 * /robot_description_planning/joint_limits/back_left_leg2_joint/has_velocity_limits: True
 * /robot_description_planning/joint_limits/back_left_leg2_joint/max_acceleration: 10
 * /robot_description_planning/joint_limits/back_left_leg2_joint/max_velocity: 10
 * /robot_description_planning/joint_limits/back_left_leg3_joint/has_acceleration_limits: False
 * /robot_description_planning/joint_limits/back_left_leg3_joint/has_velocity_limits: True
 * /robot_description_planning/joint_limits/back_left_leg3_joint/max_acceleration: 10
 * /robot_description_planning/joint_limits/back_left_leg3_joint/max_velocity: 10
 * /robot_description_planning/joint_limits/back_right_leg1_joint/has_acceleration_limits: False
 * /robot_description_planning/joint_limits/back_right_leg1_joint/has_velocity_limits: True
 * /robot_description_planning/joint_limits/back_right_leg1_joint/max_acceleration: 10
 * /robot_description_planning/joint_limits/back_right_leg1_joint/max_velocity: 10
 * /robot_description_planning/joint_limits/back_right_leg2_joint/has_acceleration_limits: False
 * /robot_description_planning/joint_limits/back_right_leg2_joint/has_velocity_limits: True
 * /robot_description_planning/joint_limits/back_right_leg2_joint/max_acceleration: 10
 * /robot_description_planning/joint_limits/back_right_leg2_joint/max_velocity: 10
 * /robot_description_planning/joint_limits/back_right_leg3_joint/has_acceleration_limits: False
 * /robot_description_planning/joint_limits/back_right_leg3_joint/has_velocity_limits: True
 * /robot_description_planning/joint_limits/back_right_leg3_joint/max_acceleration: 10
 * /robot_description_planning/joint_limits/back_right_leg3_joint/max_velocity: 10
 * /robot_description_planning/joint_limits/front_left_leg1_joint/has_acceleration_limits: False
 * /robot_description_planning/joint_limits/front_left_leg1_joint/has_velocity_limits: True
 * /robot_description_planning/joint_limits/front_left_leg1_joint/max_acceleration: 10
 * /robot_description_planning/joint_limits/front_left_leg1_joint/max_velocity: 10
 * /robot_description_planning/joint_limits/front_left_leg2_joint/has_acceleration_limits: False
 * /robot_description_planning/joint_limits/front_left_leg2_joint/has_velocity_limits: True
 * /robot_description_planning/joint_limits/front_left_leg2_joint/max_acceleration: 10
 * /robot_description_planning/joint_limits/front_left_leg2_joint/max_velocity: 10
 * /robot_description_planning/joint_limits/front_left_leg3_joint/has_acceleration_limits: False
 * /robot_description_planning/joint_limits/front_left_leg3_joint/has_velocity_limits: True
 * /robot_description_planning/joint_limits/front_left_leg3_joint/max_acceleration: 10
 * /robot_description_planning/joint_limits/front_left_leg3_joint/max_velocity: 10
 * /robot_description_planning/joint_limits/front_right_leg1_joint/has_acceleration_limits: False
 * /robot_description_planning/joint_limits/front_right_leg1_joint/has_velocity_limits: True
 * /robot_description_planning/joint_limits/front_right_leg1_joint/max_acceleration: 10
 * /robot_description_planning/joint_limits/front_right_leg1_joint/max_velocity: 10
 * /robot_description_planning/joint_limits/front_right_leg2_joint/has_acceleration_limits: False
 * /robot_description_planning/joint_limits/front_right_leg2_joint/has_velocity_limits: True
 * /robot_description_planning/joint_limits/front_right_leg2_joint/max_acceleration: 10
 * /robot_description_planning/joint_limits/front_right_leg2_joint/max_velocity: 10
 * /robot_description_planning/joint_limits/front_right_leg3_joint/has_acceleration_limits: False
 * /robot_description_planning/joint_limits/front_right_leg3_joint/has_velocity_limits: True
 * /robot_description_planning/joint_limits/front_right_leg3_joint/max_acceleration: 10
 * /robot_description_planning/joint_limits/front_right_leg3_joint/max_velocity: 10
 * /robot_description_semantic: <?xml version="1....
 * /robot_state_publisher/publish_frequency: 60.0
 * /rosdistro: noetic
 * /rosversion: 1.15.9
 * /use_sim_time: True

NODES
  /
    gazebo (gazebo_ros/gzserver)
    gazebo_gui (gazebo_ros/gzclient)
    joint_state_publisher (joint_state_publisher/joint_state_publisher)
    move_group (moveit_ros_move_group/move_group)
    robot_state_publisher (robot_state_publisher/robot_state_publisher)
    urdf_spawner (gazebo_ros/spawn_model)
  /quadruped/
    controller_spawner (controller_manager/spawner)
GNU gdb (Ubuntu 9.2-0ubuntu1~20.04) 9.2
Copyright (C) 2020 Free Software Foundation, Inc.
License GPLv3+: GNU GPL version 3 or later <http://gnu.org/licenses/gpl.html>
This is free software: you are free to change and redistribute it.
There is NO WARRANTY, to the extent permitted by law.
Type "show copying" and "show warranty" for details.
This GDB was configured as "x86_64-linux-gnu".
Type "show configuration" for configuration details.
For bug reporting instructions, please see:
<http://www.gnu.org/software/gdb/bugs/>.
Find the GDB manual and other documentation resources online at:
    <http://www.gnu.org/software/gdb/documentation/>.

For help, type "help".
Type "apropos word" to search for commands related to "word"...
Reading symbols from /opt/ros/noetic/lib/moveit_ros_move_group/move_group...
(No debugging symbols found in /opt/ros/noetic/lib/moveit_ros_move_group/move_group)
/home/ubuntu/CPGController/src/simulations/ws/src/quadruped/launch/gdb_settings.gdb: No such file or directory.
Starting program: /opt/ros/noetic/lib/moveit_ros_move_group/move_group --debug __name:=move_group __log:=/home/ubuntu/.ros/log/4854e4b6-a986-11eb-8277-8597fd0f8a94/move_group-8.log
[Thread debugging using libthread_db enabled]
Using host libthread_db library "/lib/x86_64-linux-gnu/libthread_db.so.1".
[New Thread 0x7ffff0da7700 (LWP 1679)]
[New Thread 0x7fffebfff700 (LWP 1680)]
[New Thread 0x7fffeb7fe700 (LWP 1681)]
[New Thread 0x7fffeaffd700 (LWP 1682)]
[New Thread 0x7fffea7fc700 (LWP 1683)]
[New Thread 0x7fffe9ffb700 (LWP 1684)]
[33m[ WARN] [1619767980.393476628]: Link dummy_link has visual geometry but no collision geometry. Collision geometry will be left empty. Fix your URDF file by explicitly specifying collision geometry.[0m
[New Thread 0x7fffe97fa700 (LWP 1711)]
[New Thread 0x7fffe8ff9700 (LWP 1712)]
[33m[ WARN] [1619767980.527082214]: Resolution not specified for Octomap. Assuming resolution = 0.1 instead[0m
[31m[ERROR] [1619767980.527455313]: Failed to find 3D sensor plugin parameters for octomap generation[0m
[New Thread 0x7fffcbfff700 (LWP 1713)]
Aborted (core dumped)
[New Thread 0x7fffcb7fe700 (LWP 1741)]
[New Thread 0x7fffcaffd700 (LWP 1742)]
[New Thread 0x7fffca7fc700 (LWP 1743)]
[New Thread 0x7fffc9ffb700 (LWP 1744)]
[New Thread 0x7fffc97fa700 (LWP 1745)]
[0m[ INFO] [1619767980.392506365]: Loading robot model 'quadruped'...[0m
[0m[ INFO] [1619767980.393409325]: No root/virtual joint specified in SRDF. Assuming fixed joint[0m
[0m[ INFO] [1619767980.517572129]: Publishing maintained planning scene on 'monitored_planning_scene'[0m
[0m[ INFO] [1619767980.521271119]: MoveGroup debug mode is ON[0m
[96mStarting planning scene monitors...
[0m[0m[ INFO] [1619767980.521296065]: Starting planning scene monitor[0m
[0m[ INFO] [1619767980.522970975]: Listening to '/planning_scene'[0m
[0m[ INFO] [1619767980.522995936]: Starting world geometry update monitor for collision objects, attached objects, octomap updates.[0m
[0m[ INFO] [1619767980.524824079]: Listening to '/collision_object'[0m
[0m[ INFO] [1619767980.526684938]: Listening to '/planning_scene_world' for planning scene world geometry[0m
[0m[ INFO] [1619767980.533392206]: Listening to '/attached_collision_object' for attached collision objects[0m
[96mPlanning scene monitors started.
[0m[0m[ INFO] [1619767980.877670263, 0.249000000]: Using planning interface 'OMPL'[0m
[0m[ INFO] [1619767980.886888332, 0.258000000]: Param 'default_workspace_bounds' was not set. Using default value: 10[0m
[0m[ INFO] [1619767980.887335991, 0.259000000]: Param 'start_state_max_bounds_error' was set to 0.1[0m
[0m[ INFO] [1619767980.887653958, 0.259000000]: Param 'start_state_max_dt' was not set. Using default value: 0.5[0m
[0m[ INFO] [1619767980.888184510, 0.259000000]: Param 'start_state_max_dt' was not set. Using default value: 0.5[0m
[0m[ INFO] [1619767980.888686235, 0.260000000]: Param 'jiggle_fraction' was set to 0.05[0m
[0m[ INFO] [1619767980.888948362, 0.260000000]: Param 'max_sampling_attempts' was not set. Using default value: 100[0m
[0m[ INFO] [1619767980.889071041, 0.260000000]: Using planning request adapter 'Add Time Parameterization'[0m
[0m[ INFO] [1619767980.889098220, 0.260000000]: Using planning request adapter 'Resolve constraint frames to robot links'[0m
[0m[ INFO] [1619767980.889107860, 0.260000000]: Using planning request adapter 'Fix Workspace Bounds'[0m
[0m[ INFO] [1619767980.889114802, 0.260000000]: Using planning request adapter 'Fix Start State Bounds'[0m
[0m[ INFO] [1619767980.889124903, 0.260000000]: Using planning request adapter 'Fix Start State In Collision'[0m
[0m[ INFO] [1619767980.889264951, 0.260000000]: Using planning request adapter 'Fix Start State Path Constraints'[0m
[96mLoading 'move_group/ApplyPlanningSceneService'...
[0m[96mLoading 'move_group/ClearOctomapService'...
[0m[96mLoading 'move_group/MoveGroupCartesianPathService'...
[0m[96mLoading 'move_group/MoveGroupExecuteTrajectoryAction'...
[0m[96mLoading 'move_group/MoveGroupGetPlanningSceneService'...
[0m[96mLoading 'move_group/MoveGroupKinematicsService'...
[0m[96mLoading 'move_group/MoveGroupMoveAction'...
[0m[96mLoading 'move_group/MoveGroupPickPlaceAction'...
[0m[96mLoading 'move_group/MoveGroupPlanService'...
[0m[96mLoading 'move_group/MoveGroupQueryPlannersService'...
[0m[96mLoading 'move_group/MoveGroupStateValidationService'...
[0m[0m[ INFO] [1619767981.000371927, 0.337000000]: 

********************************************************
* MoveGroup using: 
*     - ApplyPlanningSceneService
*     - ClearOctomapService
*     - CartesianPathService
*     - ExecuteTrajectoryAction
*     - GetPlanningSceneService
*     - KinematicsService
*     - MoveAction
*     - PickPlaceAction
*     - MotionPlanService
*     - QueryPlannersService
*     - StateValidationService
********************************************************
[0m
[0m[ INFO] [1619767981.000411082, 0.337000000]: MoveGroup context using planning plugin ompl_interface/OMPLPlanner[0m
[0m[ INFO] [1619767981.000423296, 0.337000000]: MoveGroup context initialization complete[0m
[92m
You can start planning now!

[0m[0m[ INFO] [1619767980.303433833]: Finished loading Gazebo ROS API Plugin.[0m
[0m[ INFO] [1619767980.310473981]: waitForService: Service [/gazebo/set_physics_properties] has not been advertised, waiting...[0m
[0m[ INFO] [1619767980.605557291]: waitForService: Service [/gazebo/set_physics_properties] is now available.[0m
[0m[ INFO] [1619767980.648863126, 0.026000000]: Physics dynamic reconfigure ready.[0m
[1;33mWarning [Model.cc:212][0m Non-unique names detected in XML children of model with name[quadruped].
[0m[ INFO] [1619767981.195303843, 0.337000000]: <initialOrientationAsReference> is unset, using default value of false to comply with REP 145 (world as orientation reference)[0m
[0m[ INFO] [1619767981.195366276, 0.337000000]: <robotNamespace> set to: /quadruped/[0m
[0m[ INFO] [1619767981.195389827, 0.337000000]: <topicName> set to: imu[0m
[0m[ INFO] [1619767981.195411593, 0.337000000]: <frameName> set to: imu_link[0m
[0m[ INFO] [1619767981.195441836, 0.337000000]: <updateRateHZ> set to: 100[0m
[0m[ INFO] [1619767981.195464474, 0.337000000]: <gaussianNoise> set to: 0[0m
[0m[ INFO] [1619767981.195489796, 0.337000000]: <xyzOffset> set to: 0 0 0[0m
[0m[ INFO] [1619767981.195536307, 0.337000000]: <rpyOffset> set to: 0 -0 0[0m
[0m[ INFO] [1619767981.247630545, 0.337000000]: Loading gazebo_ros_control plugin[0m
[0m[ INFO] [1619767981.247731291, 0.337000000]: Starting gazebo_ros_control plugin in namespace: /quadruped[0m
[0m[ INFO] [1619767981.248103365, 0.337000000]: gazebo_ros_control plugin is waiting for model URDF in parameter [/robot_description] on the ROS param server.[0m
[0m[ INFO] [1619767981.542742948, 0.337000000]: Loaded gazebo_ros_control.[0m
[0m[ INFO] [1619767981.551554444, 0.337000000]: ft_sensor plugin reporting wrench values to the frame [front_right_leg3][0m
[0m[ INFO] [1619767981.551587091, 0.337000000]: imu plugin missing <gaussianNoise>, defaults to 0.0[0m
[0m[ INFO] [1619767981.552540741, 0.337000000]: ft_sensor plugin reporting wrench values to the frame [front_right_leg2][0m
[0m[ INFO] [1619767981.552578412, 0.337000000]: imu plugin missing <gaussianNoise>, defaults to 0.0[0m
[0m[ INFO] [1619767981.553335019, 0.337000000]: ft_sensor plugin reporting wrench values to the frame [front_right_leg1][0m
[0m[ INFO] [1619767981.553367893, 0.337000000]: imu plugin missing <gaussianNoise>, defaults to 0.0[0m
[0m[ INFO] [1619767981.554107750, 0.337000000]: ft_sensor plugin reporting wrench values to the frame [front_left_leg3][0m
[0m[ INFO] [1619767981.554138955, 0.337000000]: imu plugin missing <gaussianNoise>, defaults to 0.0[0m
[0m[ INFO] [1619767981.554854600, 0.337000000]: ft_sensor plugin reporting wrench values to the frame [front_left_leg2][0m
[0m[ INFO] [1619767981.554880793, 0.337000000]: imu plugin missing <gaussianNoise>, defaults to 0.0[0m
[0m[ INFO] [1619767981.555651506, 0.337000000]: ft_sensor plugin reporting wrench values to the frame [front_left_leg1][0m
[0m[ INFO] [1619767981.555677799, 0.337000000]: imu plugin missing <gaussianNoise>, defaults to 0.0[0m
[0m[ INFO] [1619767981.556437181, 0.337000000]: ft_sensor plugin reporting wrench values to the frame [back_right_leg3][0m
[0m[ INFO] [1619767981.556465375, 0.337000000]: imu plugin missing <gaussianNoise>, defaults to 0.0[0m
[0m[ INFO] [1619767981.557203563, 0.337000000]: ft_sensor plugin reporting wrench values to the frame [back_right_leg2][0m
[0m[ INFO] [1619767981.557232484, 0.337000000]: imu plugin missing <gaussianNoise>, defaults to 0.0[0m
[0m[ INFO] [1619767981.557953864, 0.337000000]: ft_sensor plugin reporting wrench values to the frame [back_right_leg1][0m
[0m[ INFO] [1619767981.557980135, 0.337000000]: imu plugin missing <gaussianNoise>, defaults to 0.0[0m
[0m[ INFO] [1619767981.558690303, 0.337000000]: ft_sensor plugin reporting wrench values to the frame [back_left_leg3][0m
[0m[ INFO] [1619767981.558719128, 0.337000000]: imu plugin missing <gaussianNoise>, defaults to 0.0[0m
[0m[ INFO] [1619767981.559447642, 0.337000000]: ft_sensor plugin reporting wrench values to the frame [back_left_leg2][0m
[0m[ INFO] [1619767981.559476462, 0.337000000]: imu plugin missing <gaussianNoise>, defaults to 0.0[0m
[0m[ INFO] [1619767981.560182215, 0.337000000]: ft_sensor plugin reporting wrench values to the frame [back_left_leg1][0m
[0m[ INFO] [1619767981.560207065, 0.337000000]: imu plugin missing <gaussianNoise>, defaults to 0.0[0m
[0m[ INFO] [1619767981.569194341, 0.337000000]: GazeboRosJointStatePublisher is going to publish joint: front_right_leg1_joint[0m
[0m[ INFO] [
Thread 1 "move_group" received signal SIGINT, Interrupt.
0x00007ffff77e83bf in __GI___clock_nanosleep (clock_id=clock_id@entry=0, 
    flags=flags@entry=0, req=0x7fffffffe260, rem=0x7fffffffe270)
    at ../sysdeps/unix/sysv/linux/clock_nanosleep.c:78
78	../sysdeps/unix/sysv/linux/clock_nanosleep.c: No such file or directory.
(gdb) quit
A debugging session is active.

	Inferior 1 [process 1635] will be killed.

Quit anyway? (y or n) [answered Y; input not from terminal]
1619767981.569219351, 0.337000000]: GazeboRosJointStatePublisher is going to publish joint: front_right_leg2_joint[0m
[0m[ INFO] [1619767981.569262623, 0.337000000]: GazeboRosJointStatePublisher is going to publish joint: front_right_leg3_joint[0m
[0m[ INFO] [1619767981.569290154, 0.337000000]: GazeboRosJointStatePublisher is going to publish joint: front_left_leg1_joint[0m
[0m[ INFO] [1619767981.569317650, 0.337000000]: GazeboRosJointStatePublisher is going to publish joint: front_left_leg2_joint[0m
[0m[ INFO] [1619767981.569333346, 0.337000000]: GazeboRosJointStatePublisher is going to publish joint: front_left_leg3_joint[0m
[0m[ INFO] [1619767981.569342300, 0.337000000]: GazeboRosJointStatePublisher is going to publish joint: back_right_leg1_joint[0m
[0m[ INFO] [1619767981.569352072, 0.337000000]: GazeboRosJointStatePublisher is going to publish joint: back_right_leg2_joint[0m
[0m[ INFO] [1619767981.569360685, 0.337000000]: GazeboRosJointStatePublisher is going to publish joint: back_right_leg3_joint[0m
[0m[ INFO] [1619767981.569369019, 0.337000000]: GazeboRosJointStatePublisher is going to publish joint: back_left_leg1_joint[0m
[0m[ INFO] [1619767981.569383056, 0.337000000]: GazeboRosJointStatePublisher is going to publish joint: back_left_leg2_joint[0m
[0m[ INFO] [1619767981.569397953, 0.337000000]: GazeboRosJointStatePublisher is going to publish joint: back_left_leg3_joint[0m
[0m[ INFO] [1619767981.569415224, 0.337000000]: Starting GazeboRosJointStatePublisher Plugin (ns = /quadruped/)!, parent name: quadruped[0m
[INFO] [1619767979.339429, 0.000000]: Controller Spawner: Waiting for service controller_manager/load_controller
[INFO] [1619767981.754398, 0.521000]: Controller Spawner: Waiting for service controller_manager/switch_controller
[INFO] [1619767981.757154, 0.523000]: Controller Spawner: Waiting for service controller_manager/unload_controller
[INFO] [1619767981.759324, 0.524000]: Loading controller: front_right_leg_controller
[INFO] [1619767981.807825, 0.567000]: Loading controller: front_left_leg_controller
[INFO] [1619767981.836102, 0.584000]: Loading controller: back_right_leg_controller
[INFO] [1619767981.860411, 0.607000]: Loading controller: back_left_leg_controller
[INFO] [1619767981.883106, 0.630000]: Loading controller: joint_state_controller
[INFO] [1619767981.893278, 0.639000]: Controller Spawner: Loaded controllers: front_right_leg_controller, front_left_leg_controller, back_right_leg_controller, back_left_leg_controller, joint_state_controller
[INFO] [1619767981.897142, 0.643000]: Started controllers: front_right_leg_controller, front_left_leg_controller, back_right_leg_controller, back_left_leg_controller, joint_state_controller
[INFO] [1619768009.294149, 27.843000]: Shutting down spawner. Stopping and unloading controllers...
[INFO] [1619768009.296007, 27.843000]: Stopping all controllers...
[INFO] [1619768009.315113, 27.857000]: Unloading all loaded controllers...
[INFO] [1619768009.316270, 27.857000]: Trying to unload joint_state_controller
[INFO] [1619768009.323483, 27.864000]: Succeeded in unloading joint_state_controller
[INFO] [1619768009.324736, 27.865000]: Trying to unload back_left_leg_controller
[INFO] [1619768009.334479, 27.871000]: Succeeded in unloading back_left_leg_controller
[INFO] [1619768009.335850, 27.872000]: Trying to unload back_right_leg_controller
[INFO] [1619768009.346072, 27.878000]: Succeeded in unloading back_right_leg_controller
[INFO] [1619768009.347157, 27.878000]: Trying to unload front_left_leg_controller
[INFO] [1619768009.357556, 27.886000]: Succeeded in unloading front_left_leg_controller
[INFO] [1619768009.359123, 27.888000]: Trying to unload front_right_leg_controller
[INFO] [1619768009.375652, 27.899000]: Succeeded in unloading front_right_leg_controller
[31m[gazebo_gui-3] process has died [pid 1549, exit code 134, cmd /opt/ros/noetic/lib/gazebo_ros/gzclient __name:=gazebo_gui __log:=/home/ubuntu/.ros/log/4854e4b6-a986-11eb-8277-8597fd0f8a94/gazebo_gui-3.log].
log file: /home/ubuntu/.ros/log/4854e4b6-a986-11eb-8277-8597fd0f8a94/gazebo_gui-3*.log[0m

auto-starting new master
[1mprocess[master]: started with pid [1534][0m
[1mROS_MASTER_URI=http://localhost:11341[0m
]2;/home/ubuntu/CPGController/src/simulations/ws/src/quadruped/launch/quadruped_control.launch http://localhost:11341
[1msetting /run_id to 4854e4b6-a986-11eb-8277-8597fd0f8a94[0m
[1mprocess[rosout-1]: started with pid [1544][0m
started core service [/rosout]
[1mprocess[gazebo-2]: started with pid [1547][0m
[1mprocess[gazebo_gui-3]: started with pid [1549][0m
[1mprocess[urdf_spawner-4]: started with pid [1553][0m
[1mprocess[quadruped/controller_spawner-5]: started with pid [1561][0m
[1mprocess[joint_state_publisher-6]: started with pid [1563][0m
[1mprocess[robot_state_publisher-7]: started with pid [1564][0m
[1mprocess[move_group-8]: started with pid [1565][0m
[1m[urdf_spawner-4] process has finished cleanly
log file: /home/ubuntu/.ros/log/4854e4b6-a986-11eb-8277-8597fd0f8a94/urdf_spawner-4*.log[0m
[move_group-8] killing on exit
[robot_state_publisher-7] killing on exit
[joint_state_publisher-6] killing on exit
[gazebo-2] killing on exit
[quadruped/controller_spawner-5] killing on exit
[rosout-1] killing on exit
[master] killing on exit
shutting down processing monitor...
... shutting down processing monitor complete
[1mdone[0m
