2021-04-12 11:01:02.305513: I tensorflow/stream_executor/platform/default/dso_loader.cc:49] Successfully opened dynamic library libcudart.so.11.0
Unable to init server: Could not connect: Connection refused
Unable to init server: Could not connect: Connection refused

(learn.py:12733): Gdk-CRITICAL **: 11:01:08.702: gdk_cursor_new_for_display: assertion 'GDK_IS_DISPLAY (display)' failed
2021-04-12 11:01:09.513107: I tensorflow/compiler/jit/xla_cpu_device.cc:41] Not creating XLA devices, tf_xla_enable_xla_devices not set
2021-04-12 11:01:09.515711: I tensorflow/stream_executor/platform/default/dso_loader.cc:49] Successfully opened dynamic library libcuda.so.1
2021-04-12 11:01:09.546198: I tensorflow/stream_executor/cuda/cuda_gpu_executor.cc:941] successful NUMA node read from SysFS had negative value (-1), but there must be at least one NUMA node, so returning NUMA node zero
2021-04-12 11:01:09.548494: I tensorflow/core/common_runtime/gpu/gpu_device.cc:1720] Found device 0 with properties: 
pciBusID: 0000:00:1e.0 name: Tesla T4 computeCapability: 7.5
coreClock: 1.59GHz coreCount: 40 deviceMemorySize: 14.75GiB deviceMemoryBandwidth: 298.08GiB/s
2021-04-12 11:01:09.548534: I tensorflow/stream_executor/platform/default/dso_loader.cc:49] Successfully opened dynamic library libcudart.so.11.0
2021-04-12 11:01:09.557022: I tensorflow/stream_executor/platform/default/dso_loader.cc:49] Successfully opened dynamic library libcublas.so.11
2021-04-12 11:01:09.557168: I tensorflow/stream_executor/platform/default/dso_loader.cc:49] Successfully opened dynamic library libcublasLt.so.11
2021-04-12 11:01:09.561194: I tensorflow/stream_executor/platform/default/dso_loader.cc:49] Successfully opened dynamic library libcufft.so.10
2021-04-12 11:01:09.561593: I tensorflow/stream_executor/platform/default/dso_loader.cc:49] Successfully opened dynamic library libcurand.so.10
2021-04-12 11:01:09.571392: I tensorflow/stream_executor/platform/default/dso_loader.cc:49] Successfully opened dynamic library libcusolver.so.10
2021-04-12 11:01:09.573534: I tensorflow/stream_executor/platform/default/dso_loader.cc:49] Successfully opened dynamic library libcusparse.so.11
2021-04-12 11:01:09.574894: I tensorflow/stream_executor/platform/default/dso_loader.cc:49] Successfully opened dynamic library libcudnn.so.8
2021-04-12 11:01:09.575136: I tensorflow/stream_executor/cuda/cuda_gpu_executor.cc:941] successful NUMA node read from SysFS had negative value (-1), but there must be at least one NUMA node, so returning NUMA node zero
2021-04-12 11:01:09.577067: I tensorflow/stream_executor/cuda/cuda_gpu_executor.cc:941] successful NUMA node read from SysFS had negative value (-1), but there must be at least one NUMA node, so returning NUMA node zero
2021-04-12 11:01:09.577831: I tensorflow/core/common_runtime/gpu/gpu_device.cc:1862] Adding visible gpu devices: 0
[DDPG] Building the actor model
2021-04-12 11:01:09.605444: I tensorflow/core/platform/cpu_feature_guard.cc:142] This TensorFlow binary is optimized with oneAPI Deep Neural Network Library (oneDNN) to use the following CPU instructions in performance-critical operations:  AVX2 AVX512F FMA
To enable them in other operations, rebuild TensorFlow with the appropriate compiler flags.
2021-04-12 11:01:09.605695: I tensorflow/compiler/jit/xla_gpu_device.cc:99] Not creating XLA devices, tf_xla_enable_xla_devices not set
2021-04-12 11:01:09.607052: I tensorflow/stream_executor/cuda/cuda_gpu_executor.cc:941] successful NUMA node read from SysFS had negative value (-1), but there must be at least one NUMA node, so returning NUMA node zero
2021-04-12 11:01:09.608047: I tensorflow/core/common_runtime/gpu/gpu_device.cc:1720] Found device 0 with properties: 
pciBusID: 0000:00:1e.0 name: Tesla T4 computeCapability: 7.5
coreClock: 1.59GHz coreCount: 40 deviceMemorySize: 14.75GiB deviceMemoryBandwidth: 298.08GiB/s
2021-04-12 11:01:09.608081: I tensorflow/stream_executor/platform/default/dso_loader.cc:49] Successfully opened dynamic library libcudart.so.11.0
2021-04-12 11:01:09.608211: I tensorflow/stream_executor/platform/default/dso_loader.cc:49] Successfully opened dynamic library libcublas.so.11
2021-04-12 11:01:09.608303: I tensorflow/stream_executor/platform/default/dso_loader.cc:49] Successfully opened dynamic library libcublasLt.so.11
2021-04-12 11:01:09.608381: I tensorflow/stream_executor/platform/default/dso_loader.cc:49] Successfully opened dynamic library libcufft.so.10
2021-04-12 11:01:09.608444: I tensorflow/stream_executor/platform/default/dso_loader.cc:49] Successfully opened dynamic library libcurand.so.10
2021-04-12 11:01:09.608509: I tensorflow/stream_executor/platform/default/dso_loader.cc:49] Successfully opened dynamic library libcusolver.so.10
2021-04-12 11:01:09.608568: I tensorflow/stream_executor/platform/default/dso_loader.cc:49] Successfully opened dynamic library libcusparse.so.11
2021-04-12 11:01:09.608622: I tensorflow/stream_executor/platform/default/dso_loader.cc:49] Successfully opened dynamic library libcudnn.so.8
2021-04-12 11:01:09.610148: I tensorflow/stream_executor/cuda/cuda_gpu_executor.cc:941] successful NUMA node read from SysFS had negative value (-1), but there must be at least one NUMA node, so returning NUMA node zero
2021-04-12 11:01:09.611219: I tensorflow/stream_executor/cuda/cuda_gpu_executor.cc:941] successful NUMA node read from SysFS had negative value (-1), but there must be at least one NUMA node, so returning NUMA node zero
2021-04-12 11:01:09.611967: I tensorflow/core/common_runtime/gpu/gpu_device.cc:1862] Adding visible gpu devices: 0
2021-04-12 11:01:09.612016: I tensorflow/stream_executor/platform/default/dso_loader.cc:49] Successfully opened dynamic library libcudart.so.11.0
2021-04-12 11:01:11.516197: I tensorflow/core/common_runtime/gpu/gpu_device.cc:1261] Device interconnect StreamExecutor with strength 1 edge matrix:
2021-04-12 11:01:11.516240: I tensorflow/core/common_runtime/gpu/gpu_device.cc:1267]      0 
2021-04-12 11:01:11.516255: I tensorflow/core/common_runtime/gpu/gpu_device.cc:1280] 0:   N 
2021-04-12 11:01:11.517224: I tensorflow/stream_executor/cuda/cuda_gpu_executor.cc:941] successful NUMA node read from SysFS had negative value (-1), but there must be at least one NUMA node, so returning NUMA node zero
2021-04-12 11:01:11.519363: I tensorflow/stream_executor/cuda/cuda_gpu_executor.cc:941] successful NUMA node read from SysFS had negative value (-1), but there must be at least one NUMA node, so returning NUMA node zero
2021-04-12 11:01:11.521214: I tensorflow/stream_executor/cuda/cuda_gpu_executor.cc:941] successful NUMA node read from SysFS had negative value (-1), but there must be at least one NUMA node, so returning NUMA node zero
2021-04-12 11:01:11.523147: I tensorflow/core/common_runtime/gpu/gpu_device.cc:1406] Created TensorFlow device (/job:localhost/replica:0/task:0/device:GPU:0 with 13164 MB memory) -> physical GPU (device: 0, name: Tesla T4, pci bus id: 0000:00:1e.0, compute capability: 7.5)
[DDPG] Building the actor model
[DDPG] Building the critic model
[DDPG] Building the critic model
[DDPG] Waiting for joint trajectory action
[DDPG] Found joint trajectory action!
[DDPG] Waiting for joint trajectory action
[DDPG] Found joint trajectory action!
[DDPG] Waiting for joint trajectory action
[DDPG] Found joint trajectory action!
[DDPG] Waiting for joint trajectory action
[DDPG] Found joint trajectory action!
[0m[ INFO] [1618225280.900878873, 3.621000000]: Loading robot model 'quadruped'...[0m
[0m[ INFO] [1618225280.903197518, 3.623000000]: No root/virtual joint specified in SRDF. Assuming fixed joint[0m
[33m[ WARN] [1618225280.904252154, 3.624000000]: Link dummy_link has visual geometry but no collision geometry. Collision geometry will be left empty. Fix your URDF file by explicitly specifying collision geometry.[0m
[0m[ INFO] [1618225282.390151283, 4.382000000]: Ready to take commands for planning group front_right_leg.[0m
[0m[ INFO] [1618225283.654100230, 5.039000000]: Ready to take commands for planning group front_left_leg.[0m
[0m[ INFO] [1618225285.290661594, 5.839000000]: Ready to take commands for planning group back_right_leg.[0m
[0m[ INFO] [1618225287.745055949, 7.039000000]: Ready to take commands for planning group back_left_leg.[0m
[Actor] GPU>>>>>>>>>>>>
[Actor] [PhysicalDevice(name='/physical_device:GPU:0', device_type='GPU')]
[DDPG] Loading Actor Weights
[DDPG] Training Start
[DDPG] Resetting Environment
[DDPG] Starting Pretraining Test
2021-04-12 11:02:11.793682: I tensorflow/stream_executor/platform/default/dso_loader.cc:49] Successfully opened dynamic library libcublas.so.11
2021-04-12 11:02:13.112701: I tensorflow/stream_executor/platform/default/dso_loader.cc:49] Successfully opened dynamic library libcublasLt.so.11
[DDPG] Step 0 Reward 36.27349 Time 13.87592
[DDPG] Step 1 Reward -8.37204 Time 12.29352
[DDPG] Step 2 Reward -4.50459 Time 11.80263
[DDPG] Step 3 Reward 1.91556 Time 12.94310
[DDPG] Quadruped Not Upright
[DDPG] Step 4 Reward -15.25506 Time 10.68537
[DDPG] Resetting Environment
[DDPG] Starting Episode 0
[DDPG] Episode 0 Step 0 Reward -4.92752 Time 11.37349
[DDPG] Quadruped Not Upright
[DDPG] Episode 0 Step 1 Reward -20.71866 Time 10.27140
[DDPG] Starting Next Episode
[DDPG] Critic Loss 214.1677703857422
[DDPG] Total Reward -25.64617 Avg Critic Loss 214.16777 Time 5.45068
[DDPG] Saving Data
[DDPG] Saving Model
[DDPG] Resetting Environment
[DDPG] Starting Episode 1
[DDPG] Quadruped Not Upright
[DDPG] Episode 1 Step 0 Reward -16.19783 Time 11.05610
[DDPG] Starting Next Episode
[DDPG] Critic Loss 226.7623748779297
[DDPG] Total Reward -16.19783 Avg Critic Loss 226.76237 Time 5.36876
[DDPG] Resetting Environment
[DDPG] Starting Episode 2
[DDPG] Episode 2 Step 0 Reward -5.27859 Time 14.95739
[DDPG] Episode 2 Step 1 Reward -6.38187 Time 14.54629
[DDPG] Episode 2 Step 2 Reward -4.62632 Time 15.43243
[DDPG] Episode 2 Step 3 Reward -5.19807 Time 16.14907
[DDPG] Quadruped Not Upright
[DDPG] Episode 2 Step 4 Reward -17.01465 Time 15.95258
[DDPG] Starting Next Episode
[DDPG] Critic Loss 126.59771728515625
[DDPG] Total Reward -38.49949 Avg Critic Loss 126.59772 Time 5.80260
[DDPG] Resetting Environment
[DDPG] Starting Episode 3
[DDPG] Quadruped Not Upright
[DDPG] Episode 3 Step 0 Reward -16.12695 Time 14.51248
[DDPG] Starting Next Episode
[DDPG] Critic Loss 140.72760009765625
[DDPG] Total Reward -16.12695 Avg Critic Loss 140.72760 Time 6.09823
[DDPG] Resetting Environment
[DDPG] Starting Episode 4
[DDPG] Episode 4 Step 0 Reward 20.10146 Time 17.73206
[DDPG] Quadruped Not Upright
[DDPG] Episode 4 Step 1 Reward -21.99979 Time 13.59062
[DDPG] Starting Next Episode
[DDPG] Critic Loss 196.58779907226562
[DDPG] Total Reward -1.89833 Avg Critic Loss 196.58780 Time 4.00057
[DDPG] Resetting Environment
[DDPG] Starting Episode 5
[DDPG] Episode 5 Step 0 Reward -0.86365 Time 16.52010
[DDPG] Quadruped Not Upright
[DDPG] Episode 5 Step 1 Reward -19.43079 Time 13.92148
[DDPG] Starting Next Episode
[DDPG] Critic Loss 192.94190979003906
[DDPG] Total Reward -20.29444 Avg Critic Loss 192.94191 Time 6.57827
[DDPG] Resetting Environment
[DDPG] Starting Episode 6
[DDPG] Episode 6 Step 0 Reward -5.06489 Time 15.82151
[DDPG] Quadruped Not Upright
[DDPG] Episode 6 Step 1 Reward -21.59675 Time 15.47120
[DDPG] Starting Next Episode
[DDPG] Critic Loss 198.03656005859375
[DDPG] Total Reward -26.66164 Avg Critic Loss 198.03656 Time 6.66777
[DDPG] Resetting Environment
[DDPG] Starting Episode 7
[DDPG] Episode 7 Step 0 Reward -4.39260 Time 17.49939
[DDPG] Quadruped Not Upright
[DDPG] Episode 7 Step 1 Reward -17.32840 Time 14.45160
[DDPG] Starting Next Episode
[DDPG] Critic Loss 190.93588256835938
[DDPG] Total Reward -21.72100 Avg Critic Loss 190.93588 Time 6.08435
[DDPG] Resetting Environment
[DDPG] Starting Episode 8
[DDPG] Episode 8 Step 0 Reward -6.10647 Time 16.04926
[DDPG] Quadruped Not Upright
[DDPG] Episode 8 Step 1 Reward -15.29105 Time 13.95131
[DDPG] Starting Next Episode
[DDPG] Critic Loss 183.52230834960938
[DDPG] Total Reward -21.39752 Avg Critic Loss 183.52231 Time 5.61978
[DDPG] Resetting Environment
[DDPG] Starting Episode 9
[DDPG] Quadruped Not Upright
[DDPG] Episode 9 Step 0 Reward -16.30048 Time 16.93022
[DDPG] Starting Next Episode
[DDPG] Critic Loss 187.57516479492188
[DDPG] Total Reward -16.30048 Avg Critic Loss 187.57516 Time 7.02593
[DDPG] Resetting Environment
[DDPG] Starting Episode 10
[DDPG] Episode 10 Step 0 Reward -6.13219 Time 21.52219
[DDPG] Quadruped Not Upright
[DDPG] Episode 10 Step 1 Reward -14.78726 Time 19.02789
[DDPG] Starting Next Episode
[DDPG] Critic Loss 180.572509765625
[DDPG] Total Reward -20.91945 Avg Critic Loss 180.57251 Time 7.00092
[DDPG] Resetting Environment
[DDPG] Starting Episode 11
[DDPG] Episode 11 Step 0 Reward -4.24099 Time 24.16269
[DDPG] Quadruped Not Upright
[DDPG] Episode 11 Step 1 Reward -14.29108 Time 19.18734
[DDPG] Starting Next Episode
[DDPG] Critic Loss 174.3817901611328
[DDPG] Total Reward -18.53207 Avg Critic Loss 174.38179 Time 6.11942
[DDPG] Resetting Environment
[DDPG] Starting Episode 12
[DDPG] Episode 12 Step 0 Reward -4.32425 Time 20.69873
[DDPG] Quadruped Not Upright
[DDPG] Episode 12 Step 1 Reward -17.72599 Time 19.17735
[DDPG] Starting Next Episode
[DDPG] Critic Loss 172.74505615234375
[DDPG] Total Reward -22.05023 Avg Critic Loss 172.74506 Time 7.71122
[DDPG] Resetting Environment
[DDPG] Starting Episode 13
[DDPG] Quadruped Not Upright
[DDPG] Episode 13 Step 0 Reward -12.79409 Time 19.08448
[DDPG] Starting Next Episode
[DDPG] Critic Loss 172.0964813232422
[DDPG] Total Reward -12.79409 Avg Critic Loss 172.09648 Time 5.88090
[DDPG] Resetting Environment
[DDPG] Starting Episode 14
[DDPG] Quadruped Not Upright
[DDPG] Episode 14 Step 0 Reward -14.27027 Time 20.46545
[DDPG] Starting Next Episode
[DDPG] Critic Loss 172.75157165527344
[DDPG] Total Reward -14.27027 Avg Critic Loss 172.75157 Time 8.82861
[DDPG] Resetting Environment
[DDPG] Starting Episode 15
[DDPG] Quadruped Not Upright
[DDPG] Episode 15 Step 0 Reward -12.92588 Time 24.70337
[DDPG] Starting Next Episode
[DDPG] Critic Loss 172.4762420654297
[DDPG] Total Reward -12.92588 Avg Critic Loss 172.47624 Time 9.52685
[DDPG] Resetting Environment
[DDPG] Starting Episode 16
[DDPG] Episode 16 Step 0 Reward -3.56051 Time 28.68527
[DDPG] Episode 16 Step 1 Reward -5.70059 Time 27.16276
[DDPG] Quadruped Not Upright
[DDPG] Episode 16 Step 2 Reward -24.64278 Time 25.66720
[DDPG] Starting Next Episode
[DDPG] Critic Loss 175.7628173828125
[DDPG] Total Reward -33.90387 Avg Critic Loss 175.76282 Time 9.64848
[DDPG] Resetting Environment
[DDPG] Starting Episode 17
[DDPG] Episode 17 Step 0 Reward -4.23325 Time 25.33596
[DDPG] Quadruped Not Upright
[DDPG] Episode 17 Step 1 Reward -23.31362 Time 23.30680
[DDPG] Starting Next Episode
[DDPG] Critic Loss 181.34695434570312
[DDPG] Total Reward -27.54687 Avg Critic Loss 181.34695 Time 9.76486
[DDPG] Resetting Environment
[DDPG] Starting Episode 18
[DDPG] Quadruped Not Upright
[DDPG] Episode 18 Step 0 Reward -15.18167 Time 23.50734
[DDPG] Starting Next Episode
[DDPG] Critic Loss 181.82943725585938
[DDPG] Total Reward -15.18167 Avg Critic Loss 181.82944 Time 9.97639
[DDPG] Resetting Environment
[DDPG] Starting Episode 19
[DDPG] Episode 19 Step 0 Reward -4.95243 Time 24.99678
[DDPG] Episode 19 Step 1 Reward -6.49079 Time 26.96460
[DDPG] Episode 19 Step 2 Reward -5.35923 Time 29.02786
[DDPG] Episode 19 Step 3 Reward -8.51663 Time 27.92514
[DDPG] Quadruped Not Upright
[DDPG] Episode 19 Step 4 Reward -13.27096 Time 29.63499
[DDPG] Starting Next Episode
[DDPG] Critic Loss 167.32826232910156
[DDPG] Total Reward -38.59004 Avg Critic Loss 167.32826 Time 12.18562
[DDPG] Resetting Environment
[DDPG] Starting Episode 20
[DDPG] Quadruped Not Upright
[DDPG] Episode 20 Step 0 Reward -16.17940 Time 30.51104
[DDPG] Starting Next Episode
[DDPG] Critic Loss 167.7338104248047
[DDPG] Total Reward -16.17940 Avg Critic Loss 167.73381 Time 10.80839
[DDPG] Resetting Environment
[DDPG] Starting Episode 21
[DDPG] Episode 21 Step 0 Reward -9.46709 Time 30.82988
[DDPG] Episode 21 Step 1 Reward -3.29902 Time 31.54012
[DDPG] Episode 21 Step 2 Reward -6.35781 Time 35.71252
[DDPG] Episode 21 Step 3 Reward -5.04952 Time 31.81198
[DDPG] Episode 21 Step 4 Reward -6.90120 Time 35.35872
[DDPG] Episode 21 Step 5 Reward -7.97488 Time 29.40609
[DDPG] Episode 21 Step 6 Reward -9.69433 Time 32.53318
[DDPG] Floating Point Error in reward computation
[DDPG] Critic Loss 149.5659942626953
[DDPG] Total Reward -48.74385 Avg Critic Loss 149.56599 Time 14.22986
[DDPG] Resetting Environment
[DDPG] Starting Episode 22
[DDPG] Episode 22 Step 0 Reward -6.70448 Time 34.69573
[DDPG] Floating Point Error in reward computation
[DDPG] Critic Loss 146.92987060546875
[DDPG] Total Reward -6.70448 Avg Critic Loss 146.92987 Time 14.69603
[DDPG] Resetting Environment
[DDPG] Starting Episode 23
[DDPG] Quadruped Not Upright
[DDPG] Episode 23 Step 0 Reward -18.49541 Time 36.35237
[DDPG] Starting Next Episode
[DDPG] Critic Loss 147.99664306640625
[DDPG] Total Reward -18.49541 Avg Critic Loss 147.99664 Time 14.23729
[DDPG] Resetting Environment
[]
[DDPG] Error in Resetting End Training
[DDPG] Starting Episode 24
[DDPG] Episode 24 Step 0 Reward -9.18717 Time 33.86680
[DDPG] Episode 24 Step 1 Reward -5.97083 Time 35.85316
[DDPG] Episode 24 Step 2 Reward -5.66859 Time 38.04512
[DDPG] Episode 24 Step 3 Reward -5.75695 Time 37.49391
[DDPG] Episode 24 Step 4 Reward -5.81418 Time 35.01462
[DDPG] Episode 24 Step 5 Reward -5.75448 Time 35.71423
[DDPG] Episode 24 Step 6 Reward -5.81594 Time 38.63524
[DDPG] Quadruped Not Upright
[DDPG] Episode 24 Step 7 Reward -17.20232 Time 39.23426
[DDPG] Starting Next Episode
[DDPG] Critic Loss 138.32818603515625
[DDPG] Total Reward -61.17046 Avg Critic Loss 138.32819 Time 11.03817
[DDPG] Resetting Environment
[DDPG] Starting Episode 25
[DDPG] Episode 25 Step 0 Reward -7.23769 Time 37.77297
[DDPG] Episode 25 Step 1 Reward -6.62097 Time 36.72751
[DDPG] Episode 25 Step 2 Reward -5.99931 Time 38.10074
[DDPG] Episode 25 Step 3 Reward -5.76919 Time 35.05314
[DDPG] Episode 25 Step 4 Reward -5.66057 Time 36.91847
[DDPG] Episode 25 Step 5 Reward -5.81454 Time 37.63969
[DDPG] Episode 25 Step 6 Reward -6.16646 Time 37.36530
[DDPG] Episode 25 Step 7 Reward -5.64181 Time 36.92171
[DDPG] Episode 25 Step 8 Reward -6.41292 Time 38.02781
[DDPG] Episode 25 Step 9 Reward -7.70667 Time 37.64913
[DDPG] Episode 25 Step 10 Reward -8.91625 Time 39.08467
[DDPG] Episode 25 Step 11 Reward -6.65838 Time 34.04497
[DDPG] Quadruped Not Upright
[DDPG] Episode 25 Step 12 Reward -15.70305 Time 32.37512
[DDPG] Starting Next Episode
[DDPG] Critic Loss 123.28042602539062
[DDPG] Total Reward -94.30782 Avg Critic Loss 123.28043 Time 13.68640
[DDPG] Saving Data
[DDPG] Saving Model
[DDPG] Resetting Environment
[DDPG] Starting Episode 26
[DDPG] Episode 26 Step 0 Reward -8.38369 Time 36.09545
[DDPG] Episode 26 Step 1 Reward -5.78689 Time 37.18031
[DDPG] Episode 26 Step 2 Reward -5.91966 Time 35.57758
[DDPG] Episode 26 Step 3 Reward -6.52406 Time 37.68378
[DDPG] Episode 26 Step 4 Reward -7.12294 Time 35.49810
[DDPG] Episode 26 Step 5 Reward -6.05386 Time 39.70801
[DDPG] Episode 26 Step 6 Reward -6.10649 Time 38.62752
[DDPG] Episode 26 Step 7 Reward -6.42502 Time 36.36275
[DDPG] Episode 26 Step 8 Reward -7.48569 Time 35.94350
[DDPG] Episode 26 Step 9 Reward -8.78524 Time 35.44786
[DDPG] Episode 26 Step 10 Reward -7.59209 Time 36.85107
[DDPG] Episode 26 Step 11 Reward -6.97367 Time 36.22908
[DDPG] Episode 26 Step 12 Reward -6.71585 Time 38.13199
[DDPG] Episode 26 Step 13 Reward -5.72450 Time 35.67664
[DDPG] Episode 26 Step 14 Reward -5.96405 Time 37.85454
[DDPG] Episode 26 Step 15 Reward -5.86937 Time 38.58371
[DDPG] Episode 26 Step 16 Reward -5.48574 Time 35.81761
[DDPG] Episode 26 Step 17 Reward -5.48073 Time 35.62821
[DDPG] Floating Point Error in reward computation
[DDPG] Critic Loss 111.59127807617188
[DDPG] Total Reward -118.39953 Avg Critic Loss 111.59128 Time 15.82829
[DDPG] Resetting Environment
[DDPG] Starting Episode 27
[DDPG] Episode 27 Step 0 Reward -8.43521 Time 35.57831
[DDPG] Episode 27 Step 1 Reward -5.83474 Time 37.15607
[DDPG] Episode 27 Step 2 Reward -5.77507 Time 37.50035
[DDPG] Episode 27 Step 3 Reward -5.77628 Time 38.50708
[DDPG] Episode 27 Step 4 Reward -5.84268 Time 38.80990
[DDPG] Episode 27 Step 5 Reward -8.62694 Time 36.06284
[DDPG] Episode 27 Step 6 Reward -7.08503 Time 38.25968
[DDPG] Episode 27 Step 7 Reward -5.45061 Time 41.40320
[DDPG] Episode 27 Step 8 Reward -5.96595 Time 37.15641
[DDPG] Episode 27 Step 9 Reward -7.55023 Time 37.46548
[DDPG] Episode 27 Step 10 Reward -6.11204 Time 37.23080
[DDPG] Episode 27 Step 11 Reward -5.78155 Time 39.24616
[DDPG] Episode 27 Step 12 Reward -5.48514 Time 35.88917
[DDPG] Episode 27 Step 13 Reward -5.60852 Time 35.98528
[DDPG] Episode 27 Step 14 Reward -5.70930 Time 37.07308
[DDPG] Episode 27 Step 15 Reward -5.74655 Time 38.24241
[DDPG] Episode 27 Step 16 Reward -5.71829 Time 39.66612
[DDPG] Episode 27 Step 17 Reward -5.72961 Time 35.71045
[DDPG] Episode 27 Step 18 Reward -5.27525 Time 37.30773
[DDPG] Quadruped Not Upright
[DDPG] Episode 27 Step 19 Reward -17.56620 Time 36.42713
[DDPG] Starting Next Episode
[DDPG] Critic Loss 96.6520004272461
[DDPG] Total Reward -135.07519 Avg Critic Loss 96.65200 Time 16.83139
[DDPG] Resetting Environment
[DDPG] Starting Episode 28
[DDPG] Episode 28 Step 0 Reward -8.36234 Time 35.20981
[DDPG] Episode 28 Step 1 Reward -5.71689 Time 35.97223
[DDPG] Episode 28 Step 2 Reward -5.77472 Time 40.03825
[DDPG] Episode 28 Step 3 Reward -5.74969 Time 36.52376
[DDPG] Episode 28 Step 4 Reward -6.00800 Time 36.40750
[DDPG] Episode 28 Step 5 Reward -6.13205 Time 37.04946
[DDPG] Episode 28 Step 6 Reward -5.96875 Time 37.44837
[DDPG] Episode 28 Step 7 Reward -5.94603 Time 40.08135
[DDPG] Episode 28 Step 8 Reward -7.01361 Time 35.43559
[DDPG] Episode 28 Step 9 Reward -7.21642 Time 35.54029
[DDPG] Episode 28 Step 10 Reward -7.57857 Time 37.41837
[DDPG] Episode 28 Step 11 Reward -6.43621 Time 38.88828
[DDPG] Episode 28 Step 12 Reward -5.26616 Time 37.86781
[DDPG] Episode 28 Step 13 Reward -5.33477 Time 35.71136
[DDPG] Episode 28 Step 14 Reward -5.45935 Time 41.00068
[DDPG] Episode 28 Step 15 Reward -5.57164 Time 39.79168
[DDPG] Episode 28 Step 16 Reward -5.68760 Time 37.30971
[DDPG] Episode 28 Step 17 Reward -5.95287 Time 40.67333
[DDPG] Quadruped Not Upright
[DDPG] Episode 28 Step 18 Reward -16.08917 Time 33.93992
[DDPG] Starting Next Episode
[DDPG] Critic Loss 94.44242858886719
[DDPG] Total Reward -127.26484 Avg Critic Loss 94.44243 Time 15.96683
[DDPG] Resetting Environment
[DDPG] Starting Episode 29
[DDPG] Episode 29 Step 0 Reward -7.04626 Time 37.33379
[DDPG] Episode 29 Step 1 Reward -5.70183 Time 36.41507
[DDPG] Episode 29 Step 2 Reward -5.81805 Time 36.71812
[DDPG] Episode 29 Step 3 Reward -7.32348 Time 36.15479
[DDPG] Episode 29 Step 4 Reward -6.15131 Time 37.44599
[DDPG] Episode 29 Step 5 Reward -6.03678 Time 36.03496
[DDPG] Episode 29 Step 6 Reward -5.97032 Time 38.30515
[DDPG] Episode 29 Step 7 Reward -6.16173 Time 39.40174
[DDPG] Episode 29 Step 8 Reward -8.06140 Time 34.09339
[DDPG] Episode 29 Step 9 Reward -6.76104 Time 36.81874
[DDPG] Episode 29 Step 10 Reward -7.82723 Time 39.37808
[DDPG] Episode 29 Step 11 Reward -6.31265 Time 34.85108
[DDPG] Episode 29 Step 12 Reward -5.51724 Time 38.37155
[DDPG] Episode 29 Step 13 Reward -4.68603 Time 36.95744
[DDPG] Episode 29 Step 14 Reward -4.68472 Time 36.73205
[DDPG] Episode 29 Step 15 Reward -4.56051 Time 37.17480
[DDPG] Episode 29 Step 16 Reward -4.48561 Time 36.98436
[DDPG] Episode 29 Step 17 Reward -4.36729 Time 37.52047
[DDPG] Episode 29 Step 18 Reward -4.20778 Time 36.96807
[DDPG] Episode 29 Step 19 Reward -4.64091 Time 36.04266
[DDPG] Episode 29 Step 20 Reward -5.12800 Time 37.97821
[DDPG] Quadruped Not Upright
[DDPG] Episode 29 Step 21 Reward -18.39208 Time 33.52720
[DDPG] Starting Next Episode
[DDPG] Critic Loss 79.57408142089844
[DDPG] Total Reward -139.84226 Avg Critic Loss 79.57408 Time 15.48965
[DDPG] Resetting Environment
[DDPG] Starting Episode 30
[DDPG] Episode 30 Step 0 Reward -7.14784 Time 37.50405
[DDPG] Episode 30 Step 1 Reward -5.46099 Time 34.53514
[DDPG] Episode 30 Step 2 Reward -5.65353 Time 36.94612
[DDPG] Episode 30 Step 3 Reward -5.99259 Time 35.27750
[DDPG] Episode 30 Step 4 Reward -5.97423 Time 37.07830
[DDPG] Episode 30 Step 5 Reward -6.23691 Time 36.22615
[DDPG] Episode 30 Step 6 Reward -6.14518 Time 36.50904
[DDPG] Episode 30 Step 7 Reward -7.71192 Time 36.96447
[DDPG] Episode 30 Step 8 Reward -5.58446 Time 37.29857
[DDPG] Episode 30 Step 9 Reward -5.68392 Time 35.14417
[DDPG] Episode 30 Step 10 Reward -5.80590 Time 38.24674
[DDPG] Episode 30 Step 11 Reward -5.82245 Time 37.54300
[DDPG] Episode 30 Step 12 Reward -5.80972 Time 38.02910
[DDPG] Episode 30 Step 13 Reward -5.76266 Time 36.55361
[DDPG] Episode 30 Step 14 Reward -5.78067 Time 35.75649
[DDPG] Episode 30 Step 15 Reward -5.75508 Time 37.54285
[DDPG] Episode 30 Step 16 Reward -5.80345 Time 37.07779
[DDPG] Episode 30 Step 17 Reward -5.80511 Time 35.21708
[DDPG] Episode 30 Step 18 Reward -5.80765 Time 40.07952
[DDPG] Quadruped Not Upright
[DDPG] Episode 30 Step 19 Reward -15.73272 Time 35.83565
[DDPG] Starting Next Episode
[DDPG] Critic Loss 83.79167175292969
[DDPG] Total Reward -129.47699 Avg Critic Loss 83.79167 Time 18.60463
[DDPG] Resetting Environment
[DDPG] Starting Episode 31
[DDPG] Quadruped Not Upright
[DDPG] Episode 31 Step 0 Reward -19.78605 Time 32.85047
[DDPG] Starting Next Episode
[DDPG] Critic Loss 78.64385223388672
[DDPG] Total Reward -19.78605 Avg Critic Loss 78.64385 Time 14.11171
[DDPG] Resetting Environment
[]
[DDPG] Error in Resetting End Training
[DDPG] Starting Episode 32
[DDPG] Quadruped Not Upright
[DDPG] Episode 32 Step 0 Reward -6.44414 Time 35.39511
[DDPG] Starting Next Episode
[DDPG] Critic Loss 79.87118530273438
[DDPG] Total Reward -6.44414 Avg Critic Loss 79.87119 Time 16.11521
[DDPG] Resetting Environment
[DDPG] Starting Episode 33
[DDPG] Episode 33 Step 0 Reward -12.26524 Time 35.25771
[DDPG] Episode 33 Step 1 Reward -8.13838 Time 34.56282
[DDPG] Episode 33 Step 2 Reward -6.31639 Time 35.35787
[DDPG] Episode 33 Step 3 Reward -6.75238 Time 38.44549
[DDPG] Episode 33 Step 4 Reward -7.28578 Time 35.92201
[DDPG] Episode 33 Step 5 Reward -7.74260 Time 36.02000
[DDPG] Quadruped Not Upright
[DDPG] Episode 33 Step 6 Reward -20.53081 Time 32.98681
[DDPG] Starting Next Episode
[DDPG] Critic Loss 80.27642822265625
[DDPG] Total Reward -69.03157 Avg Critic Loss 80.27643 Time 14.82785
[DDPG] Resetting Environment
[DDPG] Starting Episode 34
[DDPG] Episode 34 Step 0 Reward -10.52525 Time 32.73901
[DDPG] Floating Point Error in reward computation
[DDPG] Critic Loss 78.91667938232422
[DDPG] Total Reward -10.52525 Avg Critic Loss 78.91668 Time 14.21498
[DDPG] Resetting Environment
[DDPG] Starting Episode 35
[DDPG] Episode 35 Step 0 Reward -7.73075 Time 37.41943
[DDPG] Episode 35 Step 1 Reward -6.03823 Time 35.98796
[DDPG] Episode 35 Step 2 Reward -6.47635 Time 36.50929
[DDPG] Episode 35 Step 3 Reward -6.92564 Time 38.20318
[DDPG] Episode 35 Step 4 Reward -7.47724 Time 39.11294
[DDPG] Episode 35 Step 5 Reward -7.63530 Time 35.91397
[DDPG] Episode 35 Step 6 Reward -7.94632 Time 35.16002
[DDPG] Episode 35 Step 7 Reward -5.73544 Time 34.00462
[DDPG] Episode 35 Step 8 Reward -5.73630 Time 37.48635
[DDPG] Episode 35 Step 9 Reward -5.77209 Time 38.20538
[DDPG] Episode 35 Step 10 Reward -5.84225 Time 35.31210
[DDPG] Episode 35 Step 11 Reward -5.94020 Time 38.54314
[DDPG] Episode 35 Step 12 Reward -5.99472 Time 37.15716
[DDPG] Episode 35 Step 13 Reward -6.02708 Time 35.17531
[DDPG] Episode 35 Step 14 Reward -6.00982 Time 38.40448
[DDPG] Episode 35 Step 15 Reward -6.10062 Time 35.68861
[DDPG] Quadruped Not Upright
[DDPG] Episode 35 Step 16 Reward -16.16892 Time 38.83270
[DDPG] Starting Next Episode
[DDPG] Critic Loss 76.95548248291016
[DDPG] Total Reward -119.55727 Avg Critic Loss 76.95548 Time 15.42609
[DDPG] Resetting Environment
[DDPG] Starting Episode 36
[DDPG] Quadruped Not Upright
[DDPG] Episode 36 Step 0 Reward -15.17116 Time 34.22401
[DDPG] Starting Next Episode
[DDPG] Critic Loss 75.47014617919922
[DDPG] Total Reward -15.17116 Avg Critic Loss 75.47015 Time 13.35369
[DDPG] Resetting Environment
[DDPG] Starting Episode 37
[DDPG] Quadruped Not Upright
[DDPG] Episode 37 Step 0 Reward -16.66450 Time 34.78397
[DDPG] Starting Next Episode
[DDPG] Critic Loss 75.20854949951172
[DDPG] Total Reward -16.66450 Avg Critic Loss 75.20855 Time 16.03501
[DDPG] Resetting Environment
[DDPG] Starting Episode 38
[DDPG] Quadruped Not Upright
[DDPG] Episode 38 Step 0 Reward -16.60817 Time 33.54040
[DDPG] Starting Next Episode
[DDPG] Critic Loss 75.31016540527344
[DDPG] Total Reward -16.60817 Avg Critic Loss 75.31017 Time 15.93179
[DDPG] Resetting Environment
[DDPG] Starting Episode 39
[DDPG] Quadruped Not Upright
[DDPG] Episode 39 Step 0 Reward -16.52186 Time 35.95761
[DDPG] Starting Next Episode
[DDPG] Critic Loss 76.30732727050781
[DDPG] Total Reward -16.52186 Avg Critic Loss 76.30733 Time 16.31036
[DDPG] Resetting Environment
[DDPG] Starting Episode 40
[DDPG] Episode 40 Step 0 Reward -6.55418 Time 38.07952
[DDPG] Episode 40 Step 1 Reward -5.59161 Time 40.69750
[DDPG] Episode 40 Step 2 Reward -5.69529 Time 39.94473
[DDPG] Episode 40 Step 3 Reward -5.92705 Time 40.52886
[DDPG] Episode 40 Step 4 Reward -5.87158 Time 41.08874
[DDPG] Episode 40 Step 5 Reward -5.88292 Time 41.66282
[DDPG] Episode 40 Step 6 Reward -5.89887 Time 41.15664
[DDPG] Episode 40 Step 7 Reward -5.92725 Time 39.42644
[DDPG] Episode 40 Step 8 Reward -6.04945 Time 36.42098
[DDPG] Quadruped Not Upright
[DDPG] Episode 40 Step 9 Reward -17.09043 Time 35.35551
[DDPG] Starting Next Episode
[DDPG] Critic Loss 78.3730239868164
[DDPG] Total Reward -70.48863 Avg Critic Loss 78.37302 Time 15.64705
[DDPG] Resetting Environment
[DDPG] Starting Episode 41
[DDPG] Quadruped Not Upright
[DDPG] Episode 41 Step 0 Reward -19.38548 Time 35.64168
[DDPG] Starting Next Episode
[DDPG] Critic Loss 78.13937377929688
[DDPG] Total Reward -19.38548 Avg Critic Loss 78.13937 Time 17.15300
[DDPG] Resetting Environment
[]
[DDPG] Error in Resetting End Training
[DDPG] Starting Episode 42
[DDPG] Episode 42 Step 0 Reward 3.91172 Time 35.76003
[DDPG] Episode 42 Step 1 Reward -5.42765 Time 37.76276
[DDPG] Episode 42 Step 2 Reward -5.40247 Time 36.34310
[DDPG] Episode 42 Step 3 Reward -5.36696 Time 38.04782
[DDPG] Episode 42 Step 4 Reward -5.25613 Time 36.58711
[DDPG] Episode 42 Step 5 Reward -5.45462 Time 40.73375
[DDPG] Episode 42 Step 6 Reward -5.29543 Time 38.15618
[DDPG] Episode 42 Step 7 Reward -5.64208 Time 38.51020
[DDPG] Episode 42 Step 8 Reward -5.82750 Time 34.69761
[DDPG] Episode 42 Step 9 Reward -5.91980 Time 36.77837
[DDPG] Episode 42 Step 10 Reward -6.07549 Time 38.13896
[DDPG] Episode 42 Step 11 Reward -6.16080 Time 37.07330
[DDPG] Episode 42 Step 12 Reward -6.36343 Time 38.03337
[DDPG] Episode 42 Step 13 Reward -6.49922 Time 38.34565
[DDPG] Episode 42 Step 14 Reward -6.30024 Time 37.75849
[DDPG] Episode 42 Step 15 Reward -6.48230 Time 36.46858
[DDPG] Episode 42 Step 16 Reward -6.34624 Time 38.26815
[DDPG] Episode 42 Step 17 Reward -6.04057 Time 37.52328
[DDPG] Episode 42 Step 18 Reward -5.88327 Time 38.09877
[DDPG] Episode 42 Step 19 Reward -5.70126 Time 36.94959
[DDPG] Episode 42 Step 20 Reward -5.72486 Time 38.29905
[DDPG] Episode 42 Step 21 Reward -5.60499 Time 36.14912
[DDPG] Floating Point Error in reward computation
[DDPG] Critic Loss 78.23992919921875
[DDPG] Total Reward -118.86360 Avg Critic Loss 78.23993 Time 15.35695
[DDPG] Resetting Environment
[DDPG] Starting Episode 43
[DDPG] Quadruped Not Upright
[DDPG] Episode 43 Step 0 Reward -16.26172 Time 34.02644
[DDPG] Starting Next Episode
[DDPG] Critic Loss 76.56591796875
[DDPG] Total Reward -16.26172 Avg Critic Loss 76.56592 Time 14.92115
[DDPG] Resetting Environment
[DDPG] Starting Episode 44
[DDPG] Episode 44 Step 0 Reward -7.09315 Time 41.07484
[DDPG] Episode 44 Step 1 Reward -5.05549 Time 40.76196
[DDPG] Episode 44 Step 2 Reward -5.04935 Time 39.08511
[DDPG] Episode 44 Step 3 Reward -5.04707 Time 39.13492
[DDPG] Episode 44 Step 4 Reward -5.05234 Time 39.70381
[DDPG] Episode 44 Step 5 Reward -5.05558 Time 42.21518
[DDPG] Episode 44 Step 6 Reward -5.04344 Time 41.74285
[DDPG] Episode 44 Step 7 Reward -5.05194 Time 39.26086
[DDPG] Episode 44 Step 8 Reward -5.04977 Time 39.40420
[DDPG] Episode 44 Step 9 Reward -5.97677 Time 39.78022
[DDPG] Episode 44 Step 10 Reward -6.16328 Time 43.22252
[DDPG] Episode 44 Step 11 Reward -6.12674 Time 44.61539
[DDPG] Episode 44 Step 12 Reward -6.00886 Time 40.04754
[DDPG] Episode 44 Step 13 Reward -5.85549 Time 38.69734
[DDPG] Episode 44 Step 14 Reward -8.56614 Time 36.16793
[DDPG] Episode 44 Step 15 Reward -5.93563 Time 38.02809
[DDPG] Episode 44 Step 16 Reward -5.95495 Time 35.91351
[DDPG] Episode 44 Step 17 Reward -5.90846 Time 39.10293
[DDPG] Episode 44 Step 18 Reward -5.92344 Time 38.96309
[DDPG] Episode 44 Step 19 Reward -5.86945 Time 37.72741
[DDPG] Episode 44 Step 20 Reward -5.83937 Time 38.23282
[DDPG] Episode 44 Step 21 Reward -5.84576 Time 36.55015
[DDPG] Episode 44 Step 22 Reward -5.79627 Time 39.62697
[DDPG] Episode 44 Step 23 Reward -5.69287 Time 35.61173
[DDPG] Episode 44 Step 24 Reward -5.71145 Time 37.25546
[DDPG] Quadruped Not Upright
[DDPG] Episode 44 Step 25 Reward -16.69912 Time 36.04802
[DDPG] Starting Next Episode
[DDPG] Critic Loss 68.70523071289062
[DDPG] Total Reward -161.37221 Avg Critic Loss 68.70523 Time 15.65423
[DDPG] Resetting Environment
[]
[DDPG] Error in Resetting End Training
[DDPG] Starting Episode 45
[DDPG] Quadruped Not Upright
[DDPG] Episode 45 Step 0 Reward -10.19588 Time 33.06544
[DDPG] Starting Next Episode
[DDPG] Critic Loss 65.83784484863281
[DDPG] Total Reward -10.19588 Avg Critic Loss 65.83784 Time 15.48992
[DDPG] Resetting Environment
[DDPG] Starting Episode 46
[DDPG] Episode 46 Step 0 Reward -3.94258 Time 37.19150
[DDPG] Episode 46 Step 1 Reward -5.04626 Time 38.37487
[DDPG] Episode 46 Step 2 Reward -5.05278 Time 38.35337
[DDPG] Episode 46 Step 3 Reward -5.06109 Time 38.03300
[DDPG] Episode 46 Step 4 Reward -5.06483 Time 39.59118
[DDPG] Episode 46 Step 5 Reward -5.07252 Time 38.21605
[DDPG] Episode 46 Step 6 Reward -5.07395 Time 36.90080
[DDPG] Episode 46 Step 7 Reward -5.07631 Time 38.98286
[DDPG] Episode 46 Step 8 Reward -5.08261 Time 36.78634
[DDPG] Floating Point Error in reward computation
[DDPG] Critic Loss 65.3633804321289
[DDPG] Total Reward -44.47291 Avg Critic Loss 65.36338 Time 13.81640
[DDPG] Resetting Environment
[DDPG] Starting Episode 47
[DDPG] Episode 47 Step 0 Reward -3.09446 Time 36.40384
[DDPG] Episode 47 Step 1 Reward -4.95522 Time 39.42096
[DDPG] Episode 47 Step 2 Reward -4.95661 Time 37.65645
[DDPG] Episode 47 Step 3 Reward -4.95991 Time 37.02290
[DDPG] Episode 47 Step 4 Reward -4.96322 Time 39.51447
[DDPG] Episode 47 Step 5 Reward -4.96638 Time 36.96382
[DDPG] Episode 47 Step 6 Reward -4.96848 Time 37.29932
[DDPG] Episode 47 Step 7 Reward -5.92662 Time 35.86088
[DDPG] Episode 47 Step 8 Reward -4.97568 Time 41.06440
[DDPG] Episode 47 Step 9 Reward -4.98749 Time 37.92908
[DDPG] Episode 47 Step 10 Reward -4.99117 Time 38.63993
[DDPG] Episode 47 Step 11 Reward -4.99490 Time 37.19211
[DDPG] Episode 47 Step 12 Reward -5.00233 Time 37.42133
[DDPG] Episode 47 Step 13 Reward -5.00887 Time 39.05807
[DDPG] Episode 47 Step 14 Reward -5.01386 Time 39.93940
[DDPG] Episode 47 Step 15 Reward -5.02056 Time 38.31136
[DDPG] Quadruped Not Upright
[DDPG] Episode 47 Step 16 Reward -15.15430 Time 32.72004
[DDPG] Starting Next Episode
[DDPG] Critic Loss 61.71315383911133
[DDPG] Total Reward -93.94006 Avg Critic Loss 61.71315 Time 14.06638
[DDPG] Resetting Environment
[DDPG] Starting Episode 48
[DDPG] Episode 48 Step 0 Reward -2.86311 Time 35.91092
[DDPG] Episode 48 Step 1 Reward -5.04305 Time 36.52067
[DDPG] Episode 48 Step 2 Reward -5.05164 Time 38.24384
[DDPG] Episode 48 Step 3 Reward -5.05943 Time 38.30289
[DDPG] Episode 48 Step 4 Reward -5.06429 Time 38.18763
[DDPG] Episode 48 Step 5 Reward -5.06313 Time 35.79749
[DDPG] Episode 48 Step 6 Reward -5.07144 Time 38.36015
[DDPG] Quadruped Not Upright
[DDPG] Episode 48 Step 7 Reward -16.42414 Time 35.50214
[DDPG] Starting Next Episode
[DDPG] Critic Loss 65.23957824707031
[DDPG] Total Reward -49.64023 Avg Critic Loss 65.23958 Time 15.64411
[DDPG] Resetting Environment
[DDPG] Starting Episode 49
[DDPG] Quadruped Not Upright
[DDPG] Episode 49 Step 0 Reward -11.16961 Time 34.53313
[DDPG] Starting Next Episode
[DDPG] Critic Loss 64.8635025024414
[DDPG] Total Reward -11.16961 Avg Critic Loss 64.86350 Time 15.81248
[DDPG] Resetting Environment
[DDPG] Starting Episode 50
[DDPG] Quadruped Not Upright
[DDPG] Episode 50 Step 0 Reward -12.96954 Time 35.45400
[DDPG] Starting Next Episode
[DDPG] Critic Loss 64.48527526855469
[DDPG] Total Reward -12.96954 Avg Critic Loss 64.48528 Time 13.37449
[DDPG] Saving Data
[DDPG] Saving Model
[DDPG] Resetting Environment
[DDPG] Starting Episode 51
[DDPG] Episode 51 Step 0 Reward -3.04686 Time 35.65809
[DDPG] Episode 51 Step 1 Reward -5.07014 Time 36.92780
[DDPG] Episode 51 Step 2 Reward -5.07800 Time 37.46449
[DDPG] Episode 51 Step 3 Reward -5.08287 Time 34.33932
[DDPG] Episode 51 Step 4 Reward -5.08806 Time 39.21262
[DDPG] Episode 51 Step 5 Reward -5.08708 Time 38.38835
[DDPG] Episode 51 Step 6 Reward -5.08962 Time 35.55631
[DDPG] Episode 51 Step 7 Reward -5.09528 Time 38.98637
[DDPG] Quadruped Not Upright
[DDPG] Episode 51 Step 8 Reward -16.68292 Time 33.99572
[DDPG] Starting Next Episode
[DDPG] Critic Loss 66.9375
[DDPG] Total Reward -55.32084 Avg Critic Loss 66.93750 Time 17.39250
[DDPG] Resetting Environment
[DDPG] Starting Episode 52
[DDPG] Episode 52 Step 0 Reward -1.17476 Time 37.68983
[DDPG] Episode 52 Step 1 Reward -4.96081 Time 38.13718
[DDPG] Episode 52 Step 2 Reward -4.95760 Time 39.85125
[DDPG] Episode 52 Step 3 Reward -4.96319 Time 37.87468
[DDPG] Episode 52 Step 4 Reward -4.96834 Time 38.71694
[DDPG] Episode 52 Step 5 Reward -4.96622 Time 36.36576
[DDPG] Episode 52 Step 6 Reward -4.97102 Time 39.48431
[DDPG] Quadruped Not Upright
[DDPG] Episode 52 Step 7 Reward -16.23440 Time 38.05524
[DDPG] Starting Next Episode
[DDPG] Critic Loss 56.19562530517578
[DDPG] Total Reward -47.19634 Avg Critic Loss 56.19563 Time 14.54373
[DDPG] Resetting Environment
[DDPG] Starting Episode 53
[DDPG] Quadruped Not Upright
[DDPG] Episode 53 Step 0 Reward -11.95825 Time 33.55145
[DDPG] Starting Next Episode
[DDPG] Critic Loss 68.19917297363281
[DDPG] Total Reward -11.95825 Avg Critic Loss 68.19917 Time 14.95645
[DDPG] Resetting Environment
[DDPG] Starting Episode 54
[DDPG] Episode 54 Step 0 Reward -3.58552 Time 38.54754
[DDPG] Episode 54 Step 1 Reward -5.06484 Time 39.44619
[DDPG] Episode 54 Step 2 Reward -5.07838 Time 40.57533
[DDPG] Episode 54 Step 3 Reward -5.07855 Time 39.43664
[DDPG] Episode 54 Step 4 Reward -5.07850 Time 39.95765
[DDPG] Episode 54 Step 5 Reward -5.08380 Time 39.33385
[DDPG] Episode 54 Step 6 Reward -5.08372 Time 37.01199
[DDPG] Quadruped Not Upright
[DDPG] Episode 54 Step 7 Reward -16.64097 Time 35.73531
[DDPG] Starting Next Episode
[DDPG] Critic Loss 64.81228637695312
[DDPG] Total Reward -50.69428 Avg Critic Loss 64.81229 Time 17.09559
[DDPG] Resetting Environment
[DDPG] Starting Episode 55
[DDPG] Quadruped Not Upright
[DDPG] Episode 55 Step 0 Reward -11.91575 Time 37.55251
[DDPG] Starting Next Episode
[DDPG] Critic Loss 63.19001388549805
[DDPG] Total Reward -11.91575 Avg Critic Loss 63.19001 Time 18.20725
[DDPG] Resetting Environment
[DDPG] Starting Episode 56
[DDPG] Episode 56 Step 0 Reward -3.33263 Time 33.39808
[DDPG] Episode 56 Step 1 Reward -5.07383 Time 36.34553
[DDPG] Episode 56 Step 2 Reward -5.07622 Time 37.95419
[DDPG] Episode 56 Step 3 Reward -5.07613 Time 37.48907
[DDPG] Episode 56 Step 4 Reward -5.08500 Time 41.06419
[DDPG] Episode 56 Step 5 Reward -5.08624 Time 39.15530
[DDPG] Episode 56 Step 6 Reward -5.09145 Time 39.91586
[DDPG] Quadruped Not Upright
[DDPG] Episode 56 Step 7 Reward -17.45575 Time 39.67167
[DDPG] Starting Next Episode
[DDPG] Critic Loss 57.128326416015625
[DDPG] Total Reward -51.27725 Avg Critic Loss 57.12833 Time 14.67992
[DDPG] Resetting Environment
[DDPG] Starting Episode 57
[DDPG] Episode 57 Step 0 Reward -1.36496 Time 38.89118
[DDPG] Episode 57 Step 1 Reward -4.94931 Time 38.49621
[DDPG] Episode 57 Step 2 Reward -4.95358 Time 38.63025
[DDPG] Episode 57 Step 3 Reward -4.95581 Time 36.48607
[DDPG] Episode 57 Step 4 Reward -4.95663 Time 42.70493
[DDPG] Episode 57 Step 5 Reward -4.95834 Time 40.58446
[DDPG] Quadruped Not Upright
[DDPG] Episode 57 Step 6 Reward -15.05088 Time 38.71355
[DDPG] Starting Next Episode
[DDPG] Critic Loss 56.827423095703125
[DDPG] Total Reward -41.18952 Avg Critic Loss 56.82742 Time 16.05396
[DDPG] Resetting Environment
[DDPG] Starting Episode 58
[DDPG] Episode 58 Step 0 Reward -2.04385 Time 35.49322
[DDPG] Episode 58 Step 1 Reward -5.08388 Time 38.92419
[DDPG] Episode 58 Step 2 Reward -5.10994 Time 37.10333
[DDPG] Episode 58 Step 3 Reward -5.12066 Time 41.79560
[DDPG] Episode 58 Step 4 Reward -5.14075 Time 42.22301
[DDPG] Episode 58 Step 5 Reward -5.14328 Time 38.65994
[DDPG] Episode 58 Step 6 Reward -5.14955 Time 38.14307
[DDPG] Quadruped Not Upright
[DDPG] Episode 58 Step 7 Reward -16.05240 Time 37.02723
[DDPG] Starting Next Episode
[DDPG] Critic Loss 53.813072204589844
[DDPG] Total Reward -48.84430 Avg Critic Loss 53.81307 Time 16.56023
[DDPG] Resetting Environment
[DDPG] Starting Episode 59
[DDPG] Episode 59 Step 0 Reward -1.76084 Time 38.44842
[DDPG] Episode 59 Step 1 Reward -4.94654 Time 41.17518
[DDPG] Episode 59 Step 2 Reward -5.39403 Time 38.83914
[DDPG] Episode 59 Step 3 Reward -4.95048 Time 41.98742
[DDPG] Episode 59 Step 4 Reward -4.95812 Time 37.31490
[DDPG] Episode 59 Step 5 Reward -4.96168 Time 38.92182
[DDPG] Episode 59 Step 6 Reward -4.96313 Time 39.41292
[DDPG] Episode 59 Step 7 Reward -4.96611 Time 37.07620
[DDPG] Episode 59 Step 8 Reward -4.97430 Time 38.22038
[DDPG] Episode 59 Step 9 Reward -4.97165 Time 40.67799
[DDPG] Episode 59 Step 10 Reward -4.97102 Time 39.29808
[DDPG] Episode 59 Step 11 Reward -4.97540 Time 40.20906
[DDPG] Episode 59 Step 12 Reward -4.98350 Time 39.64288
[DDPG] Episode 59 Step 13 Reward -4.98835 Time 39.99932
[DDPG] Episode 59 Step 14 Reward -4.98673 Time 40.61360
[DDPG] Episode 59 Step 15 Reward -4.99625 Time 41.36325
[DDPG] Episode 59 Step 16 Reward -5.00256 Time 37.96670
[DDPG] Episode 59 Step 17 Reward -5.00744 Time 38.03244
[DDPG] Episode 59 Step 18 Reward -5.01625 Time 40.40449
[DDPG] Episode 59 Step 19 Reward -5.02634 Time 36.31820
[DDPG] Episode 59 Step 20 Reward -5.03302 Time 40.29312
[DDPG] Episode 59 Step 21 Reward -5.04038 Time 45.47846
[DDPG] Episode 59 Step 22 Reward -5.04572 Time 41.42586
[DDPG] Quadruped Not Upright
[DDPG] Episode 59 Step 23 Reward -15.03728 Time 36.68918
[DDPG] Starting Next Episode
[DDPG] Critic Loss 53.10986328125
[DDPG] Total Reward -126.95713 Avg Critic Loss 53.10986 Time 15.17680
[DDPG] Resetting Environment
[DDPG] Starting Episode 60
[DDPG] Quadruped Not Upright
[DDPG] Episode 60 Step 0 Reward -16.71928 Time 35.44990
[DDPG] Starting Next Episode
[DDPG] Critic Loss 56.83842468261719
[DDPG] Total Reward -16.71928 Avg Critic Loss 56.83842 Time 16.03807
[DDPG] Resetting Environment
[DDPG] Starting Episode 61
[DDPG] Quadruped Not Upright
[DDPG] Episode 61 Step 0 Reward -17.08094 Time 34.76603
[DDPG] Starting Next Episode
[DDPG] Critic Loss 59.338932037353516
[DDPG] Total Reward -17.08094 Avg Critic Loss 59.33893 Time 15.70558
[DDPG] Resetting Environment
[DDPG] Starting Episode 62
[DDPG] Quadruped Not Upright
[DDPG] Episode 62 Step 0 Reward -18.10679 Time 35.49618
[DDPG] Starting Next Episode
[DDPG] Critic Loss 53.38645553588867
[DDPG] Total Reward -18.10679 Avg Critic Loss 53.38646 Time 16.76426
[DDPG] Resetting Environment
[DDPG] Starting Episode 63
[DDPG] Quadruped Not Upright
[DDPG] Episode 63 Step 0 Reward -17.37686 Time 35.36094
[DDPG] Starting Next Episode
[DDPG] Critic Loss 57.30620574951172
[DDPG] Total Reward -17.37686 Avg Critic Loss 57.30621 Time 15.84719
[DDPG] Resetting Environment
[DDPG] Starting Episode 64
[DDPG] Quadruped Not Upright
[DDPG] Episode 64 Step 0 Reward -18.03041 Time 34.75302
[DDPG] Starting Next Episode
[DDPG] Critic Loss 55.891990661621094
[DDPG] Total Reward -18.03041 Avg Critic Loss 55.89199 Time 16.32896
[DDPG] Resetting Environment
[DDPG] Starting Episode 65
[DDPG] Quadruped Not Upright
[DDPG] Episode 65 Step 0 Reward -17.41744 Time 34.63164
[DDPG] Starting Next Episode
[DDPG] Critic Loss 56.5534553527832
[DDPG] Total Reward -17.41744 Avg Critic Loss 56.55346 Time 12.41638
[DDPG] Resetting Environment
[DDPG] Starting Episode 66
[DDPG] Quadruped Not Upright
[DDPG] Episode 66 Step 0 Reward -17.91203 Time 34.51414
[DDPG] Starting Next Episode
[DDPG] Critic Loss 59.692901611328125
[DDPG] Total Reward -17.91203 Avg Critic Loss 59.69290 Time 13.11581
[DDPG] Resetting Environment
[DDPG] Starting Episode 67
[DDPG] Quadruped Not Upright
[DDPG] Episode 67 Step 0 Reward -17.55999 Time 33.09629
[DDPG] Starting Next Episode
[DDPG] Critic Loss 61.89167022705078
[DDPG] Total Reward -17.55999 Avg Critic Loss 61.89167 Time 12.70751
[DDPG] Resetting Environment
[DDPG] Starting Episode 68
[DDPG] Quadruped Not Upright
[DDPG] Episode 68 Step 0 Reward -17.70342 Time 34.16719
[DDPG] Starting Next Episode
[DDPG] Critic Loss 55.30339431762695
[DDPG] Total Reward -17.70342 Avg Critic Loss 55.30339 Time 16.63958
[DDPG] Resetting Environment
[DDPG] Starting Episode 69
[DDPG] Quadruped Not Upright
[DDPG] Episode 69 Step 0 Reward -17.01531 Time 33.11392
[DDPG] Starting Next Episode
[DDPG] Critic Loss 59.493499755859375
[DDPG] Total Reward -17.01531 Avg Critic Loss 59.49350 Time 16.59371
[DDPG] Resetting Environment
[DDPG] Starting Episode 70
[DDPG] Quadruped Not Upright
[DDPG] Episode 70 Step 0 Reward -17.85846 Time 35.21239
[DDPG] Starting Next Episode
[DDPG] Critic Loss 55.06145477294922
[DDPG] Total Reward -17.85846 Avg Critic Loss 55.06145 Time 15.97156
[DDPG] Resetting Environment
[DDPG] Starting Episode 71
[DDPG] Quadruped Not Upright
[DDPG] Episode 71 Step 0 Reward -17.48439 Time 32.68053
[DDPG] Starting Next Episode
[DDPG] Critic Loss 59.18561935424805
[DDPG] Total Reward -17.48439 Avg Critic Loss 59.18562 Time 15.06963
[DDPG] Resetting Environment
[DDPG] Starting Episode 72
[DDPG] Quadruped Not Upright
[DDPG] Episode 72 Step 0 Reward -17.88739 Time 34.62979
[DDPG] Starting Next Episode
[DDPG] Critic Loss 70.06622314453125
[DDPG] Total Reward -17.88739 Avg Critic Loss 70.06622 Time 15.14975
[DDPG] Resetting Environment
[DDPG] Starting Episode 73
[DDPG] Quadruped Not Upright
[DDPG] Episode 73 Step 0 Reward -18.00035 Time 36.88781
[DDPG] Starting Next Episode
[DDPG] Critic Loss 72.31706237792969
[DDPG] Total Reward -18.00035 Avg Critic Loss 72.31706 Time 16.46073
[DDPG] Resetting Environment
[DDPG] Starting Episode 74
[DDPG] Quadruped Not Upright
[DDPG] Episode 74 Step 0 Reward -19.05923 Time 34.78748
[DDPG] Starting Next Episode
[DDPG] Critic Loss 68.59819030761719
[DDPG] Total Reward -19.05923 Avg Critic Loss 68.59819 Time 17.24324
[DDPG] Resetting Environment
[DDPG] Starting Episode 75
[DDPG] Quadruped Not Upright
[DDPG] Episode 75 Step 0 Reward -18.00915 Time 35.11009
[DDPG] Starting Next Episode
[DDPG] Critic Loss 71.69213104248047
[DDPG] Total Reward -18.00915 Avg Critic Loss 71.69213 Time 15.91343
[DDPG] Saving Data
[DDPG] Saving Model
[DDPG] Resetting Environment
[DDPG] Starting Episode 76
[DDPG] Quadruped Not Upright
[DDPG] Episode 76 Step 0 Reward -17.90581 Time 34.85641
[DDPG] Starting Next Episode
[DDPG] Critic Loss 68.57257080078125
[DDPG] Total Reward -17.90581 Avg Critic Loss 68.57257 Time 15.54648
[DDPG] Resetting Environment
[DDPG] Starting Episode 77
[DDPG] Quadruped Not Upright
[DDPG] Episode 77 Step 0 Reward -17.67150 Time 33.86546
[DDPG] Starting Next Episode
[DDPG] Critic Loss 64.79199981689453
[DDPG] Total Reward -17.67150 Avg Critic Loss 64.79200 Time 15.07645
[DDPG] Resetting Environment
[DDPG] Starting Episode 78
[DDPG] Quadruped Not Upright
[DDPG] Episode 78 Step 0 Reward -17.68381 Time 34.44177
[DDPG] Starting Next Episode
[DDPG] Critic Loss 61.84305191040039
[DDPG] Total Reward -17.68381 Avg Critic Loss 61.84305 Time 11.18832
[DDPG] Resetting Environment
[DDPG] Starting Episode 79
[DDPG] Quadruped Not Upright
[DDPG] Episode 79 Step 0 Reward -17.51628 Time 34.14309
[DDPG] Starting Next Episode
[DDPG] Critic Loss 58.789005279541016
[DDPG] Total Reward -17.51628 Avg Critic Loss 58.78901 Time 15.08602
[DDPG] Resetting Environment
[DDPG] Starting Episode 80
[DDPG] Quadruped Not Upright
[DDPG] Episode 80 Step 0 Reward -18.42113 Time 31.97960
[DDPG] Starting Next Episode
[DDPG] Critic Loss 56.512393951416016
[DDPG] Total Reward -18.42113 Avg Critic Loss 56.51239 Time 17.27570
[DDPG] Resetting Environment
[DDPG] Starting Episode 81
[DDPG] Quadruped Not Upright
[DDPG] Episode 81 Step 0 Reward -17.60647 Time 35.40396
[DDPG] Starting Next Episode
[DDPG] Critic Loss 67.6036605834961
[DDPG] Total Reward -17.60647 Avg Critic Loss 67.60366 Time 16.64192
[DDPG] Resetting Environment
[DDPG] Starting Episode 82
[DDPG] Quadruped Not Upright
[DDPG] Episode 82 Step 0 Reward -17.29401 Time 35.02332
[DDPG] Starting Next Episode
[DDPG] Critic Loss 70.53192901611328
[DDPG] Total Reward -17.29401 Avg Critic Loss 70.53193 Time 14.26286
[DDPG] Resetting Environment
[DDPG] Starting Episode 83
[DDPG] Quadruped Not Upright
[DDPG] Episode 83 Step 0 Reward -18.43533 Time 35.41140
[DDPG] Starting Next Episode
[DDPG] Critic Loss 69.92459869384766
[DDPG] Total Reward -18.43533 Avg Critic Loss 69.92460 Time 15.96715
[DDPG] Resetting Environment
[DDPG] Starting Episode 84
[DDPG] Quadruped Not Upright
[DDPG] Episode 84 Step 0 Reward -18.42685 Time 33.64968
[DDPG] Starting Next Episode
[DDPG] Critic Loss 68.78763580322266
[DDPG] Total Reward -18.42685 Avg Critic Loss 68.78764 Time 13.78604
[DDPG] Resetting Environment
[DDPG] Starting Episode 85
[DDPG] Quadruped Not Upright
[DDPG] Episode 85 Step 0 Reward -17.99132 Time 35.67612
[DDPG] Starting Next Episode
[DDPG] Critic Loss 70.43022155761719
[DDPG] Total Reward -17.99132 Avg Critic Loss 70.43022 Time 16.26595
[DDPG] Resetting Environment
[DDPG] Starting Episode 86
[DDPG] Quadruped Not Upright
[DDPG] Episode 86 Step 0 Reward -17.99615 Time 33.51668
[DDPG] Starting Next Episode
[DDPG] Critic Loss 70.4480972290039
[DDPG] Total Reward -17.99615 Avg Critic Loss 70.44810 Time 17.65458
[DDPG] Resetting Environment
[DDPG] Starting Episode 87
[DDPG] Quadruped Not Upright
[DDPG] Episode 87 Step 0 Reward -17.50726 Time 34.78776
[DDPG] Starting Next Episode
[DDPG] Critic Loss 69.51165771484375
[DDPG] Total Reward -17.50726 Avg Critic Loss 69.51166 Time 15.84394
[DDPG] Resetting Environment
[DDPG] Starting Episode 88
[DDPG] Quadruped Not Upright
[DDPG] Episode 88 Step 0 Reward -17.51662 Time 34.67338
[DDPG] Starting Next Episode
[DDPG] Critic Loss 71.16169738769531
[DDPG] Total Reward -17.51662 Avg Critic Loss 71.16170 Time 15.10139
[DDPG] Resetting Environment
[DDPG] Starting Episode 89
[DDPG] Quadruped Not Upright
[DDPG] Episode 89 Step 0 Reward -16.81540 Time 37.56852
[DDPG] Starting Next Episode
[DDPG] Critic Loss 76.5107192993164
[DDPG] Total Reward -16.81540 Avg Critic Loss 76.51072 Time 14.57113
[DDPG] Resetting Environment
[DDPG] Starting Episode 90
[DDPG] Quadruped Not Upright
[DDPG] Episode 90 Step 0 Reward -18.17389 Time 34.79952
[DDPG] Starting Next Episode
[DDPG] Critic Loss 77.82904815673828
[DDPG] Total Reward -18.17389 Avg Critic Loss 77.82905 Time 15.68285
[DDPG] Resetting Environment
[DDPG] Starting Episode 91
[DDPG] Quadruped Not Upright
[DDPG] Episode 91 Step 0 Reward -17.36642 Time 33.17503
[DDPG] Starting Next Episode
[DDPG] Critic Loss 74.9749984741211
[DDPG] Total Reward -17.36642 Avg Critic Loss 74.97500 Time 15.93322
[DDPG] Resetting Environment
[DDPG] Starting Episode 92
[DDPG] Quadruped Not Upright
[DDPG] Episode 92 Step 0 Reward -17.07946 Time 31.97499
[DDPG] Starting Next Episode
[DDPG] Critic Loss 82.6282730102539
[DDPG] Total Reward -17.07946 Avg Critic Loss 82.62827 Time 12.84660
[DDPG] Resetting Environment
[DDPG] Starting Episode 93
[DDPG] Quadruped Not Upright
[DDPG] Episode 93 Step 0 Reward -17.47403 Time 33.42781
[DDPG] Starting Next Episode
[DDPG] Critic Loss 60.3532600402832
[DDPG] Total Reward -17.47403 Avg Critic Loss 60.35326 Time 17.65505
[DDPG] Resetting Environment
[DDPG] Starting Episode 94
[DDPG] Quadruped Not Upright
[DDPG] Episode 94 Step 0 Reward -17.46993 Time 31.28331
[DDPG] Starting Next Episode
[DDPG] Critic Loss 73.22032165527344
[DDPG] Total Reward -17.46993 Avg Critic Loss 73.22032 Time 16.75582
[DDPG] Resetting Environment
[DDPG] Starting Episode 95
[DDPG] Quadruped Not Upright
[DDPG] Episode 95 Step 0 Reward -17.19430 Time 35.50464
[DDPG] Starting Next Episode
[DDPG] Critic Loss 75.84089660644531
[DDPG] Total Reward -17.19430 Avg Critic Loss 75.84090 Time 14.79910
[DDPG] Resetting Environment
[DDPG] Starting Episode 96
[DDPG] Quadruped Not Upright
[DDPG] Episode 96 Step 0 Reward -18.67701 Time 35.39768
[DDPG] Starting Next Episode
[DDPG] Critic Loss 70.84417724609375
[DDPG] Total Reward -18.67701 Avg Critic Loss 70.84418 Time 16.79128
[DDPG] Resetting Environment
[DDPG] Starting Episode 97
[DDPG] Quadruped Not Upright
[DDPG] Episode 97 Step 0 Reward -17.27034 Time 35.38531
[DDPG] Starting Next Episode
[DDPG] Critic Loss 71.90680694580078
[DDPG] Total Reward -17.27034 Avg Critic Loss 71.90681 Time 17.96782
[DDPG] Resetting Environment
[DDPG] Starting Episode 98
[DDPG] Quadruped Not Upright
[DDPG] Episode 98 Step 0 Reward -18.10230 Time 35.06762
[DDPG] Starting Next Episode
[DDPG] Critic Loss 76.85609436035156
[DDPG] Total Reward -18.10230 Avg Critic Loss 76.85609 Time 14.02040
[DDPG] Resetting Environment
[DDPG] Starting Episode 99
[DDPG] Quadruped Not Upright
[DDPG] Episode 99 Step 0 Reward -17.03971 Time 36.22781
[DDPG] Starting Next Episode
[DDPG] Critic Loss 75.9984359741211
[DDPG] Total Reward -17.03971 Avg Critic Loss 75.99844 Time 18.09291
[DDPG] Resetting Environment
[DDPG] Starting Episode 100
[DDPG] Quadruped Not Upright
[DDPG] Episode 100 Step 0 Reward -17.99953 Time 34.58225
[DDPG] Starting Next Episode
[DDPG] Critic Loss 79.75456237792969
[DDPG] Total Reward -17.99953 Avg Critic Loss 79.75456 Time 15.81618
[DDPG] Saving Data
[DDPG] Saving Model
[DDPG] Resetting Environment
[DDPG] Starting Episode 101
[DDPG] Quadruped Not Upright
[DDPG] Episode 101 Step 0 Reward -17.60250 Time 35.12367
[DDPG] Starting Next Episode
[DDPG] Critic Loss 71.22594451904297
[DDPG] Total Reward -17.60250 Avg Critic Loss 71.22594 Time 16.10366
[DDPG] Resetting Environment
[DDPG] Starting Episode 102
[DDPG] Quadruped Not Upright
[DDPG] Episode 102 Step 0 Reward -17.87536 Time 35.88678
[DDPG] Starting Next Episode
[DDPG] Critic Loss 70.9228744506836
[DDPG] Total Reward -17.87536 Avg Critic Loss 70.92287 Time 16.32827
[DDPG] Resetting Environment
[DDPG] Starting Episode 103
[DDPG] Quadruped Not Upright
[DDPG] Episode 103 Step 0 Reward -17.66049 Time 35.94196
[DDPG] Starting Next Episode
[DDPG] Critic Loss 84.49225616455078
[DDPG] Total Reward -17.66049 Avg Critic Loss 84.49226 Time 16.84193
[DDPG] Resetting Environment
[DDPG] Starting Episode 104
[DDPG] Quadruped Not Upright
[DDPG] Episode 104 Step 0 Reward -18.11604 Time 33.50241
[DDPG] Starting Next Episode
[DDPG] Critic Loss 83.56002044677734
[DDPG] Total Reward -18.11604 Avg Critic Loss 83.56002 Time 16.47160
[DDPG] Resetting Environment
[DDPG] Starting Episode 105
[DDPG] Quadruped Not Upright
[DDPG] Episode 105 Step 0 Reward -18.29761 Time 37.40852
[DDPG] Starting Next Episode
[DDPG] Critic Loss 75.6651382446289
[DDPG] Total Reward -18.29761 Avg Critic Loss 75.66514 Time 18.36615
[DDPG] Resetting Environment
[DDPG] Starting Episode 106
[DDPG] Quadruped Not Upright
[DDPG] Episode 106 Step 0 Reward -17.91797 Time 36.36777
[DDPG] Starting Next Episode
[DDPG] Critic Loss 77.46946716308594
[DDPG] Total Reward -17.91797 Avg Critic Loss 77.46947 Time 16.65521
[DDPG] Resetting Environment
[DDPG] Starting Episode 107
[DDPG] Quadruped Not Upright
[DDPG] Episode 107 Step 0 Reward -17.56317 Time 33.83943
[DDPG] Starting Next Episode
[DDPG] Critic Loss 79.47760009765625
[DDPG] Total Reward -17.56317 Avg Critic Loss 79.47760 Time 15.81638
[DDPG] Resetting Environment
[DDPG] Starting Episode 108
[DDPG] Quadruped Not Upright
[DDPG] Episode 108 Step 0 Reward -17.60152 Time 37.21971
[DDPG] Starting Next Episode
[DDPG] Critic Loss 82.23497772216797
[DDPG] Total Reward -17.60152 Avg Critic Loss 82.23498 Time 16.66610
[DDPG] Resetting Environment
[DDPG] Starting Episode 109
[DDPG] Quadruped Not Upright
[DDPG] Episode 109 Step 0 Reward -17.34192 Time 36.22739
[DDPG] Starting Next Episode
[DDPG] Critic Loss 82.09370422363281
[DDPG] Total Reward -17.34192 Avg Critic Loss 82.09370 Time 18.00034
[DDPG] Resetting Environment
[DDPG] Starting Episode 110
[DDPG] Quadruped Not Upright
[DDPG] Episode 110 Step 0 Reward -17.90053 Time 33.85625
[DDPG] Starting Next Episode
[DDPG] Critic Loss 81.38207244873047
[DDPG] Total Reward -17.90053 Avg Critic Loss 81.38207 Time 14.22068
[DDPG] Resetting Environment
[DDPG] Starting Episode 111
[DDPG] Quadruped Not Upright
[DDPG] Episode 111 Step 0 Reward -18.53138 Time 35.21273
[DDPG] Starting Next Episode
[DDPG] Critic Loss 79.7471923828125
[DDPG] Total Reward -18.53138 Avg Critic Loss 79.74719 Time 15.98669
[DDPG] Resetting Environment
[DDPG] Starting Episode 112
[DDPG] Quadruped Not Upright
[DDPG] Episode 112 Step 0 Reward -18.30133 Time 37.34881
[DDPG] Starting Next Episode
[DDPG] Critic Loss 85.25505828857422
[DDPG] Total Reward -18.30133 Avg Critic Loss 85.25506 Time 15.01217
[DDPG] Resetting Environment
[DDPG] Starting Episode 113
[DDPG] Quadruped Not Upright
[DDPG] Episode 113 Step 0 Reward -18.06371 Time 33.81487
[DDPG] Starting Next Episode
[DDPG] Critic Loss 82.9421615600586
[DDPG] Total Reward -18.06371 Avg Critic Loss 82.94216 Time 14.47218
[DDPG] Resetting Environment
[DDPG] Starting Episode 114
[DDPG] Quadruped Not Upright
[DDPG] Episode 114 Step 0 Reward -17.84983 Time 35.68880
[DDPG] Starting Next Episode
[DDPG] Critic Loss 88.00204467773438
[DDPG] Total Reward -17.84983 Avg Critic Loss 88.00204 Time 14.26750
[DDPG] Resetting Environment
[DDPG] Starting Episode 115
[DDPG] Quadruped Not Upright
[DDPG] Episode 115 Step 0 Reward -17.62258 Time 35.31778
[DDPG] Starting Next Episode
[DDPG] Critic Loss 78.80663299560547
[DDPG] Total Reward -17.62258 Avg Critic Loss 78.80663 Time 14.55122
[DDPG] Resetting Environment
[DDPG] Starting Episode 116
[DDPG] Quadruped Not Upright
[DDPG] Episode 116 Step 0 Reward -18.43381 Time 36.38891
[DDPG] Starting Next Episode
[DDPG] Critic Loss 83.26750183105469
[DDPG] Total Reward -18.43381 Avg Critic Loss 83.26750 Time 17.80459
[DDPG] Resetting Environment
[DDPG] Starting Episode 117
[DDPG] Quadruped Not Upright
[DDPG] Episode 117 Step 0 Reward -17.68671 Time 36.17322
[DDPG] Starting Next Episode
[DDPG] Critic Loss 79.90936279296875
[DDPG] Total Reward -17.68671 Avg Critic Loss 79.90936 Time 11.52975
[DDPG] Resetting Environment
[DDPG] Starting Episode 118
[DDPG] Quadruped Not Upright
[DDPG] Episode 118 Step 0 Reward -18.42824 Time 36.29571
[DDPG] Starting Next Episode
[DDPG] Critic Loss 97.37841796875
[DDPG] Total Reward -18.42824 Avg Critic Loss 97.37842 Time 15.99200
[DDPG] Resetting Environment
[DDPG] Starting Episode 119
[DDPG] Quadruped Not Upright
[DDPG] Episode 119 Step 0 Reward -17.93644 Time 38.81655
[DDPG] Starting Next Episode
[DDPG] Critic Loss 89.27278137207031
[DDPG] Total Reward -17.93644 Avg Critic Loss 89.27278 Time 17.61065
[DDPG] Resetting Environment
[DDPG] Starting Episode 120
[DDPG] Quadruped Not Upright
[DDPG] Episode 120 Step 0 Reward -17.70911 Time 36.28358
[DDPG] Starting Next Episode
[DDPG] Critic Loss 87.9831771850586
[DDPG] Total Reward -17.70911 Avg Critic Loss 87.98318 Time 16.83896
[DDPG] Resetting Environment
[DDPG] Starting Episode 121
Traceback (most recent call last):
  File "learn.py", line 1381, in <module>
    learner.learn(
  File "learn.py", line 927, in learn
    self.current_time_step = self.env.step(
  File "/home/ubuntu/CPGController/src/rl/env.py", line 72, in step
    return self._step(action, desired_motion, last_step)
  File "/home/ubuntu/CPGController/src/rl/env.py", line 88, in _step
    observation =  self.quadruped.step(
  File "/home/ubuntu/CPGController/src/simulations/ws/src/quadruped/scripts/quadruped.py", line 1167, in step
    rospy.sleep(15.0/60.0)
  File "/opt/ros/noetic/lib/python3/dist-packages/rospy/timer.py", line 165, in sleep
    raise rospy.exceptions.ROSInterruptException("ROS shutdown request")
rospy.exceptions.ROSInterruptException: ROS shutdown request
