xacro: in-order processing became default in ROS Melodic. You can drop the option.
... logging to /home/ubuntu/.ros/log/71f257a0-9814-11eb-8423-cd174b0b5f1a/roslaunch-ip-172-31-36-108-167775.log
Checking log directory for disk usage. This may take a while.
Press Ctrl-C to interrupt
Done checking log file disk usage. Usage is <1GB.
]2;/home/ubuntu/CPGController/src/simulations/ws/src/quadruped/launch/quadruped_control.launch
[1mstarted roslaunch server http://ip-172-31-36-108:40511/[0m

SUMMARY
========

PARAMETERS
 * /gazebo/enable_ros_network: True
 * /joint_state_publisher/source_list: ['quadruped/joint...
 * /move_group/allow_trajectory_execution: False
 * /move_group/back_left_leg/default_planner_config: SBL
 * /move_group/back_left_leg/longest_valid_segment_fraction: 0.005
 * /move_group/back_left_leg/planner_configs: ['AnytimePathShor...
 * /move_group/back_left_leg/projection_evaluator: joints(back_left_...
 * /move_group/back_right_leg/default_planner_config: SBL
 * /move_group/back_right_leg/longest_valid_segment_fraction: 0.005
 * /move_group/back_right_leg/planner_configs: ['AnytimePathShor...
 * /move_group/back_right_leg/projection_evaluator: joints(back_right...
 * /move_group/base/default_planner_config: SBL
 * /move_group/base/planner_configs: ['AnytimePathShor...
 * /move_group/capabilities: 
 * /move_group/disable_capabilities: 
 * /move_group/front_left_leg/default_planner_config: SBL
 * /move_group/front_left_leg/longest_valid_segment_fraction: 0.005
 * /move_group/front_left_leg/planner_configs: ['AnytimePathShor...
 * /move_group/front_left_leg/projection_evaluator: joints(front_left...
 * /move_group/front_right_leg/default_planner_config: SBL
 * /move_group/front_right_leg/longest_valid_segment_fraction: 0.005
 * /move_group/front_right_leg/planner_configs: ['AnytimePathShor...
 * /move_group/front_right_leg/projection_evaluator: joints(front_righ...
 * /move_group/jiggle_fraction: 0.05
 * /move_group/max_safe_path_cost: 1
 * /move_group/planner_configs/AnytimePathShortening/hybridize: True
 * /move_group/planner_configs/AnytimePathShortening/max_hybrid_paths: 24
 * /move_group/planner_configs/AnytimePathShortening/num_planners: 4
 * /move_group/planner_configs/AnytimePathShortening/planners: 
 * /move_group/planner_configs/AnytimePathShortening/shortcut: True
 * /move_group/planner_configs/AnytimePathShortening/type: geometric::Anytim...
 * /move_group/planner_configs/BFMT/balanced: 0
 * /move_group/planner_configs/BFMT/cache_cc: 1
 * /move_group/planner_configs/BFMT/extended_fmt: 1
 * /move_group/planner_configs/BFMT/heuristics: 1
 * /move_group/planner_configs/BFMT/nearest_k: 1
 * /move_group/planner_configs/BFMT/num_samples: 1000
 * /move_group/planner_configs/BFMT/optimality: 1
 * /move_group/planner_configs/BFMT/radius_multiplier: 1.0
 * /move_group/planner_configs/BFMT/type: geometric::BFMT
 * /move_group/planner_configs/BKPIECE/border_fraction: 0.9
 * /move_group/planner_configs/BKPIECE/failed_expansion_score_factor: 0.5
 * /move_group/planner_configs/BKPIECE/min_valid_path_fraction: 0.5
 * /move_group/planner_configs/BKPIECE/range: 0.0
 * /move_group/planner_configs/BKPIECE/type: geometric::BKPIECE
 * /move_group/planner_configs/BiEST/range: 0.0
 * /move_group/planner_configs/BiEST/type: geometric::BiEST
 * /move_group/planner_configs/BiTRRT/cost_threshold: 1e300
 * /move_group/planner_configs/BiTRRT/frountier_node_ratio: 0.1
 * /move_group/planner_configs/BiTRRT/frountier_threshold: 0.0
 * /move_group/planner_configs/BiTRRT/init_temperature: 100
 * /move_group/planner_configs/BiTRRT/range: 0.0
 * /move_group/planner_configs/BiTRRT/temp_change_factor: 0.1
 * /move_group/planner_configs/BiTRRT/type: geometric::BiTRRT
 * /move_group/planner_configs/EST/goal_bias: 0.05
 * /move_group/planner_configs/EST/range: 0.0
 * /move_group/planner_configs/EST/type: geometric::EST
 * /move_group/planner_configs/FMT/cache_cc: 1
 * /move_group/planner_configs/FMT/extended_fmt: 1
 * /move_group/planner_configs/FMT/heuristics: 0
 * /move_group/planner_configs/FMT/nearest_k: 1
 * /move_group/planner_configs/FMT/num_samples: 1000
 * /move_group/planner_configs/FMT/radius_multiplier: 1.1
 * /move_group/planner_configs/FMT/type: geometric::FMT
 * /move_group/planner_configs/KPIECE/border_fraction: 0.9
 * /move_group/planner_configs/KPIECE/failed_expansion_score_factor: 0.5
 * /move_group/planner_configs/KPIECE/goal_bias: 0.05
 * /move_group/planner_configs/KPIECE/min_valid_path_fraction: 0.5
 * /move_group/planner_configs/KPIECE/range: 0.0
 * /move_group/planner_configs/KPIECE/type: geometric::KPIECE
 * /move_group/planner_configs/LBKPIECE/border_fraction: 0.9
 * /move_group/planner_configs/LBKPIECE/min_valid_path_fraction: 0.5
 * /move_group/planner_configs/LBKPIECE/range: 0.0
 * /move_group/planner_configs/LBKPIECE/type: geometric::LBKPIECE
 * /move_group/planner_configs/LBTRRT/epsilon: 0.4
 * /move_group/planner_configs/LBTRRT/goal_bias: 0.05
 * /move_group/planner_configs/LBTRRT/range: 0.0
 * /move_group/planner_configs/LBTRRT/type: geometric::LBTRRT
 * /move_group/planner_configs/LazyPRM/range: 0.0
 * /move_group/planner_configs/LazyPRM/type: geometric::LazyPRM
 * /move_group/planner_configs/LazyPRMstar/type: geometric::LazyPR...
 * /move_group/planner_configs/PDST/type: geometric::PDST
 * /move_group/planner_configs/PRM/max_nearest_neighbors: 10
 * /move_group/planner_configs/PRM/type: geometric::PRM
 * /move_group/planner_configs/PRMstar/type: geometric::PRMstar
 * /move_group/planner_configs/ProjEST/goal_bias: 0.05
 * /move_group/planner_configs/ProjEST/range: 0.0
 * /move_group/planner_configs/ProjEST/type: geometric::ProjEST
 * /move_group/planner_configs/RRT/goal_bias: 0.05
 * /move_group/planner_configs/RRT/range: 0.0
 * /move_group/planner_configs/RRT/type: geometric::RRT
 * /move_group/planner_configs/RRTConnect/range: 0.0
 * /move_group/planner_configs/RRTConnect/type: geometric::RRTCon...
 * /move_group/planner_configs/RRTstar/delay_collision_checking: 1
 * /move_group/planner_configs/RRTstar/goal_bias: 0.05
 * /move_group/planner_configs/RRTstar/range: 0.0
 * /move_group/planner_configs/RRTstar/type: geometric::RRTstar
 * /move_group/planner_configs/SBL/range: 0.0
 * /move_group/planner_configs/SBL/type: geometric::SBL
 * /move_group/planner_configs/SPARS/dense_delta_fraction: 0.001
 * /move_group/planner_configs/SPARS/max_failures: 1000
 * /move_group/planner_configs/SPARS/sparse_delta_fraction: 0.25
 * /move_group/planner_configs/SPARS/stretch_factor: 3.0
 * /move_group/planner_configs/SPARS/type: geometric::SPARS
 * /move_group/planner_configs/SPARStwo/dense_delta_fraction: 0.001
 * /move_group/planner_configs/SPARStwo/max_failures: 5000
 * /move_group/planner_configs/SPARStwo/sparse_delta_fraction: 0.25
 * /move_group/planner_configs/SPARStwo/stretch_factor: 3.0
 * /move_group/planner_configs/SPARStwo/type: geometric::SPARStwo
 * /move_group/planner_configs/STRIDE/degree: 16
 * /move_group/planner_configs/STRIDE/estimated_dimension: 0.0
 * /move_group/planner_configs/STRIDE/goal_bias: 0.05
 * /move_group/planner_configs/STRIDE/max_degree: 18
 * /move_group/planner_configs/STRIDE/max_pts_per_leaf: 6
 * /move_group/planner_configs/STRIDE/min_degree: 12
 * /move_group/planner_configs/STRIDE/min_valid_path_fraction: 0.2
 * /move_group/planner_configs/STRIDE/range: 0.0
 * /move_group/planner_configs/STRIDE/type: geometric::STRIDE
 * /move_group/planner_configs/STRIDE/use_projected_distance: 0
 * /move_group/planner_configs/TRRT/frountierNodeRatio: 0.1
 * /move_group/planner_configs/TRRT/frountier_threshold: 0.0
 * /move_group/planner_configs/TRRT/goal_bias: 0.05
 * /move_group/planner_configs/TRRT/init_temperature: 10e-6
 * /move_group/planner_configs/TRRT/k_constant: 0.0
 * /move_group/planner_configs/TRRT/max_states_failed: 10
 * /move_group/planner_configs/TRRT/min_temperature: 10e-10
 * /move_group/planner_configs/TRRT/range: 0.0
 * /move_group/planner_configs/TRRT/temp_change_factor: 2.0
 * /move_group/planner_configs/TRRT/type: geometric::TRRT
 * /move_group/planning_plugin: ompl_interface/OM...
 * /move_group/planning_scene_monitor/publish_geometry_updates: True
 * /move_group/planning_scene_monitor/publish_planning_scene: True
 * /move_group/planning_scene_monitor/publish_state_updates: True
 * /move_group/planning_scene_monitor/publish_transforms_updates: True
 * /move_group/request_adapters: default_planner_r...
 * /move_group/start_state_max_bounds_error: 0.1
 * /quadruped/back_left_leg_controller/joints: ['back_left_leg1_...
 * /quadruped/back_left_leg_controller/type: position_controll...
 * /quadruped/back_right_leg_controller/joints: ['back_right_leg1...
 * /quadruped/back_right_leg_controller/type: position_controll...
 * /quadruped/front_left_leg_controller/joints: ['front_left_leg1...
 * /quadruped/front_left_leg_controller/type: position_controll...
 * /quadruped/front_right_leg_controller/joints: ['front_right_leg...
 * /quadruped/front_right_leg_controller/type: position_controll...
 * /quadruped/gazebo_ros_control/pid_gains/back_left_leg1_joint/d: 5
 * /quadruped/gazebo_ros_control/pid_gains/back_left_leg1_joint/i: 0.01
 * /quadruped/gazebo_ros_control/pid_gains/back_left_leg1_joint/p: 300
 * /quadruped/gazebo_ros_control/pid_gains/back_left_leg2_joint/d: 5
 * /quadruped/gazebo_ros_control/pid_gains/back_left_leg2_joint/i: 0.01
 * /quadruped/gazebo_ros_control/pid_gains/back_left_leg2_joint/p: 300
 * /quadruped/gazebo_ros_control/pid_gains/back_left_leg3_joint/d: 5
 * /quadruped/gazebo_ros_control/pid_gains/back_left_leg3_joint/i: 0.01
 * /quadruped/gazebo_ros_control/pid_gains/back_left_leg3_joint/p: 300
 * /quadruped/gazebo_ros_control/pid_gains/back_right_leg1_joint/d: 5
 * /quadruped/gazebo_ros_control/pid_gains/back_right_leg1_joint/i: 0.01
 * /quadruped/gazebo_ros_control/pid_gains/back_right_leg1_joint/p: 300
 * /quadruped/gazebo_ros_control/pid_gains/back_right_leg2_joint/d: 5
 * /quadruped/gazebo_ros_control/pid_gains/back_right_leg2_joint/i: 0.01
 * /quadruped/gazebo_ros_control/pid_gains/back_right_leg2_joint/p: 300
 * /quadruped/gazebo_ros_control/pid_gains/back_right_leg3_joint/d: 5
 * /quadruped/gazebo_ros_control/pid_gains/back_right_leg3_joint/i: 0.01
 * /quadruped/gazebo_ros_control/pid_gains/back_right_leg3_joint/p: 300
 * /quadruped/gazebo_ros_control/pid_gains/front_left_leg1_joint/d: 5
 * /quadruped/gazebo_ros_control/pid_gains/front_left_leg1_joint/i: 0.01
 * /quadruped/gazebo_ros_control/pid_gains/front_left_leg1_joint/p: 300
 * /quadruped/gazebo_ros_control/pid_gains/front_left_leg2_joint/d: 5
 * /quadruped/gazebo_ros_control/pid_gains/front_left_leg2_joint/i: 0.01
 * /quadruped/gazebo_ros_control/pid_gains/front_left_leg2_joint/p: 300
 * /quadruped/gazebo_ros_control/pid_gains/front_left_leg3_joint/d: 5
 * /quadruped/gazebo_ros_control/pid_gains/front_left_leg3_joint/i: 0.01
 * /quadruped/gazebo_ros_control/pid_gains/front_left_leg3_joint/p: 300
 * /quadruped/gazebo_ros_control/pid_gains/front_right_leg1_joint/d: 5
 * /quadruped/gazebo_ros_control/pid_gains/front_right_leg1_joint/i: 0.01
 * /quadruped/gazebo_ros_control/pid_gains/front_right_leg1_joint/p: 300
 * /quadruped/gazebo_ros_control/pid_gains/front_right_leg2_joint/d: 5
 * /quadruped/gazebo_ros_control/pid_gains/front_right_leg2_joint/i: 0.01
 * /quadruped/gazebo_ros_control/pid_gains/front_right_leg2_joint/p: 300
 * /quadruped/gazebo_ros_control/pid_gains/front_right_leg3_joint/d: 5
 * /quadruped/gazebo_ros_control/pid_gains/front_right_leg3_joint/i: 0.01
 * /quadruped/gazebo_ros_control/pid_gains/front_right_leg3_joint/p: 300
 * /quadruped/generic_hw_control_loop/cycle_time_error_threshold: 0.01
 * /quadruped/generic_hw_control_loop/loop_hz: 100
 * /quadruped/hardware_interface/joints: ['back_left_leg3_...
 * /quadruped/hardware_interface/sim_control_mode: 1
 * /quadruped/joint_state_controller/publish_rate: 100
 * /quadruped/joint_state_controller/type: joint_state_contr...
 * /quadruped/moveit_sim_hw_interface/joint_model_group: todo_group_name
 * /quadruped/moveit_sim_hw_interface/joint_model_group_pose: todo_state_name
 * /robot_description: <?xml version="1....
 * /robot_description_kinematics/back_left_leg/kinematics_solver: kdl_kinematics_pl...
 * /robot_description_kinematics/back_left_leg/kinematics_solver_search_resolution: 0.005
 * /robot_description_kinematics/back_left_leg/kinematics_solver_timeout: 0.005
 * /robot_description_kinematics/back_right_leg/kinematics_solver: kdl_kinematics_pl...
 * /robot_description_kinematics/back_right_leg/kinematics_solver_search_resolution: 0.005
 * /robot_description_kinematics/back_right_leg/kinematics_solver_timeout: 0.005
 * /robot_description_kinematics/front_left_leg/kinematics_solver: kdl_kinematics_pl...
 * /robot_description_kinematics/front_left_leg/kinematics_solver_search_resolution: 0.005
 * /robot_description_kinematics/front_left_leg/kinematics_solver_timeout: 0.005
 * /robot_description_kinematics/front_right_leg/kinematics_solver: kdl_kinematics_pl...
 * /robot_description_kinematics/front_right_leg/kinematics_solver_search_resolution: 0.005
 * /robot_description_kinematics/front_right_leg/kinematics_solver_timeout: 0.005
 * /robot_description_planning/default_acceleration_scaling_factor: 0.1
 * /robot_description_planning/default_velocity_scaling_factor: 0.1
 * /robot_description_planning/joint_limits/back_left_leg1_joint/has_acceleration_limits: False
 * /robot_description_planning/joint_limits/back_left_leg1_joint/has_velocity_limits: True
 * /robot_description_planning/joint_limits/back_left_leg1_joint/max_acceleration: 10
 * /robot_description_planning/joint_limits/back_left_leg1_joint/max_velocity: 10
 * /robot_description_planning/joint_limits/back_left_leg2_joint/has_acceleration_limits: False
 * /robot_description_planning/joint_limits/back_left_leg2_joint/has_velocity_limits: True
 * /robot_description_planning/joint_limits/back_left_leg2_joint/max_acceleration: 10
 * /robot_description_planning/joint_limits/back_left_leg2_joint/max_velocity: 10
 * /robot_description_planning/joint_limits/back_left_leg3_joint/has_acceleration_limits: False
 * /robot_description_planning/joint_limits/back_left_leg3_joint/has_velocity_limits: True
 * /robot_description_planning/joint_limits/back_left_leg3_joint/max_acceleration: 10
 * /robot_description_planning/joint_limits/back_left_leg3_joint/max_velocity: 10
 * /robot_description_planning/joint_limits/back_right_leg1_joint/has_acceleration_limits: False
 * /robot_description_planning/joint_limits/back_right_leg1_joint/has_velocity_limits: True
 * /robot_description_planning/joint_limits/back_right_leg1_joint/max_acceleration: 10
 * /robot_description_planning/joint_limits/back_right_leg1_joint/max_velocity: 10
 * /robot_description_planning/joint_limits/back_right_leg2_joint/has_acceleration_limits: False
 * /robot_description_planning/joint_limits/back_right_leg2_joint/has_velocity_limits: True
 * /robot_description_planning/joint_limits/back_right_leg2_joint/max_acceleration: 10
 * /robot_description_planning/joint_limits/back_right_leg2_joint/max_velocity: 10
 * /robot_description_planning/joint_limits/back_right_leg3_joint/has_acceleration_limits: False
 * /robot_description_planning/joint_limits/back_right_leg3_joint/has_velocity_limits: True
 * /robot_description_planning/joint_limits/back_right_leg3_joint/max_acceleration: 10
 * /robot_description_planning/joint_limits/back_right_leg3_joint/max_velocity: 10
 * /robot_description_planning/joint_limits/front_left_leg1_joint/has_acceleration_limits: False
 * /robot_description_planning/joint_limits/front_left_leg1_joint/has_velocity_limits: True
 * /robot_description_planning/joint_limits/front_left_leg1_joint/max_acceleration: 10
 * /robot_description_planning/joint_limits/front_left_leg1_joint/max_velocity: 10
 * /robot_description_planning/joint_limits/front_left_leg2_joint/has_acceleration_limits: False
 * /robot_description_planning/joint_limits/front_left_leg2_joint/has_velocity_limits: True
 * /robot_description_planning/joint_limits/front_left_leg2_joint/max_acceleration: 10
 * /robot_description_planning/joint_limits/front_left_leg2_joint/max_velocity: 10
 * /robot_description_planning/joint_limits/front_left_leg3_joint/has_acceleration_limits: False
 * /robot_description_planning/joint_limits/front_left_leg3_joint/has_velocity_limits: True
 * /robot_description_planning/joint_limits/front_left_leg3_joint/max_acceleration: 10
 * /robot_description_planning/joint_limits/front_left_leg3_joint/max_velocity: 10
 * /robot_description_planning/joint_limits/front_right_leg1_joint/has_acceleration_limits: False
 * /robot_description_planning/joint_limits/front_right_leg1_joint/has_velocity_limits: True
 * /robot_description_planning/joint_limits/front_right_leg1_joint/max_acceleration: 10
 * /robot_description_planning/joint_limits/front_right_leg1_joint/max_velocity: 10
 * /robot_description_planning/joint_limits/front_right_leg2_joint/has_acceleration_limits: False
 * /robot_description_planning/joint_limits/front_right_leg2_joint/has_velocity_limits: True
 * /robot_description_planning/joint_limits/front_right_leg2_joint/max_acceleration: 10
 * /robot_description_planning/joint_limits/front_right_leg2_joint/max_velocity: 10
 * /robot_description_planning/joint_limits/front_right_leg3_joint/has_acceleration_limits: False
 * /robot_description_planning/joint_limits/front_right_leg3_joint/has_velocity_limits: True
 * /robot_description_planning/joint_limits/front_right_leg3_joint/max_acceleration: 10
 * /robot_description_planning/joint_limits/front_right_leg3_joint/max_velocity: 10
 * /robot_description_semantic: <?xml version="1....
 * /robot_state_publisher/publish_frequency: 60.0
 * /rosdistro: noetic
 * /rosversion: 1.15.9
 * /use_sim_time: True

NODES
  /
    gazebo (gazebo_ros/gzserver)
    joint_state_publisher (joint_state_publisher/joint_state_publisher)
    move_group (moveit_ros_move_group/move_group)
    robot_state_publisher (robot_state_publisher/robot_state_publisher)
    urdf_spawner (gazebo_ros/spawn_model)
  /quadruped/
    controller_spawner (controller_manager/spawner)
GNU gdb (Ubuntu 9.2-0ubuntu1~20.04) 9.2
Copyright (C) 2020 Free Software Foundation, Inc.
License GPLv3+: GNU GPL version 3 or later <http://gnu.org/licenses/gpl.html>
This is free software: you are free to change and redistribute it.
There is NO WARRANTY, to the extent permitted by law.
Type "show copying" and "show warranty" for details.
This GDB was configured as "x86_64-linux-gnu".
Type "show configuration" for configuration details.
For bug reporting instructions, please see:
<http://www.gnu.org/software/gdb/bugs/>.
Find the GDB manual and other documentation resources online at:
    <http://www.gnu.org/software/gdb/documentation/>.

For help, type "help".
Type "apropos word" to search for commands related to "word"...
Reading symbols from /opt/ros/noetic/lib/moveit_ros_move_group/move_group...
(No debugging symbols found in /opt/ros/noetic/lib/moveit_ros_move_group/move_group)
/home/ubuntu/CPGController/src/simulations/ws/src/quadruped/launch/gdb_settings.gdb: No such file or directory.
Starting program: /opt/ros/noetic/lib/moveit_ros_move_group/move_group --debug __name:=move_group __log:=/home/ubuntu/.ros/log/71f257a0-9814-11eb-8423-cd174b0b5f1a/move_group-7.log
[Thread debugging using libthread_db enabled]
Using host libthread_db library "/lib/x86_64-linux-gnu/libthread_db.so.1".
[New Thread 0x7ffff0da7700 (LWP 167957)]
[New Thread 0x7ffff05a6700 (LWP 167958)]
[New Thread 0x7fffefda5700 (LWP 167959)]
[New Thread 0x7fffef5a4700 (LWP 167960)]
[New Thread 0x7fffeeda3700 (LWP 167961)]
[New Thread 0x7fffee5a2700 (LWP 167962)]
[33m[ WARN] [1617849919.417226137]: Link dummy_link has visual geometry but no collision geometry. Collision geometry will be left empty. Fix your URDF file by explicitly specifying collision geometry.[0m
[New Thread 0x7fffedd52700 (LWP 167963)]
[New Thread 0x7fffed551700 (LWP 167964)]
[33m[ WARN] [1617849919.626818610]: Resolution not specified for Octomap. Assuming resolution = 0.1 instead[0m
[31m[ERROR] [1617849919.627424389]: Failed to find 3D sensor plugin parameters for octomap generation[0m
[New Thread 0x7fffecd50700 (LWP 167965)]
[New Thread 0x7fffcf8cf700 (LWP 167972)]
[New Thread 0x7fffcf0ce700 (LWP 167973)]
[New Thread 0x7fffce8cd700 (LWP 167974)]
[New Thread 0x7fffce02c700 (LWP 167975)]
[New Thread 0x7fffcd82b700 (LWP 167976)]
[0m[ INFO] [1617849919.414840036]: Loading robot model 'quadruped'...[0m
[0m[ INFO] [1617849919.417145476]: No root/virtual joint specified in SRDF. Assuming fixed joint[0m
[0m[ INFO] [1617849919.613749065]: Publishing maintained planning scene on 'monitored_planning_scene'[0m
[0m[ INFO] [1617849919.617606244]: MoveGroup debug mode is ON[0m
[96mStarting planning scene monitors...
[0m[0m[ INFO] [1617849919.617632499]: Starting planning scene monitor[0m
[0m[ INFO] [1617849919.620033941]: Listening to '/planning_scene'[0m
[0m[ INFO] [1617849919.620059848]: Starting world geometry update monitor for collision objects, attached objects, octomap updates.[0m
[0m[ INFO] [1617849919.622524097]: Listening to '/collision_object'[0m
[0m[ INFO] [1617849919.625731891]: Listening to '/planning_scene_world' for planning scene world geometry[0m
[0m[ INFO] [1617849919.644290029]: Listening to '/attached_collision_object' for attached collision objects[0m
[96mPlanning scene monitors started.
[0m[0m[ INFO] [1617849920.110622650]: Using planning interface 'OMPL'[0m
[0m[ INFO] [1617849920.119565657]: Param 'default_workspace_bounds' was not set. Using default value: 10[0m
[0m[ INFO] [1617849920.120133486]: Param 'start_state_max_bounds_error' was set to 0.1[0m
[0m[ INFO] [1617849920.120816360]: Param 'start_state_max_dt' was not set. Using default value: 0.5[0m
[0m[ INFO] [1617849920.121372676]: Param 'start_state_max_dt' was not set. Using default value: 0.5[0m
[0m[ INFO] [1617849920.121756055]: Param 'jiggle_fraction' was set to 0.05[0m
[0m[ INFO] [1617849920.122373563]: Param 'max_sampling_attempts' was not set. Using default value: 100[0m
[0m[ INFO] [1617849920.122423681]: Using planning request adapter 'Add Time Parameterization'[0m
[0m[ INFO] [1617849920.122438848]: Using planning request adapter 'Resolve constraint frames to robot links'[0m
[0m[ INFO] [1617849920.122450444]: Using planning request adapter 'Fix Workspace Bounds'[0m
[0m[ INFO] [1617849920.122461804]: Using planning request adapter 'Fix Start State Bounds'[0m
[0m[ INFO] [1617849920.122472800]: Using planning request adapter 'Fix Start State In Collision'[0m
[0m[ INFO] [1617849920.122483336]: Using planning request adapter 'Fix Start State Path Constraints'[0m
[96mLoading 'move_group/ApplyPlanningSceneService'...
[0m[96mLoading 'move_group/ClearOctomapService'...
[0m[96mLoading 'move_group/MoveGroupCartesianPathService'...
[0m[96mLoading 'move_group/MoveGroupExecuteTrajectoryAction'...
[0m[96mLoading 'move_group/MoveGroupGetPlanningSceneService'...
[0m[96mLoading 'move_group/MoveGroupKinematicsService'...
[0m[96mLoading 'move_group/MoveGroupMoveAction'...
[0m[96mLoading 'move_group/MoveGroupPickPlaceAction'...
[0m[96mLoading 'move_group/MoveGroupPlanService'...
[0m[96mLoading 'move_group/MoveGroupQueryPlannersService'...
[0m[96mLoading 'move_group/MoveGroupStateValidationService'...
[0m[0m[ INFO] [1617849920.280679638]: 

********************************************************
* MoveGroup using: 
*     - ApplyPlanningSceneService
*     - ClearOctomapService
*     - CartesianPathService
*     - ExecuteTrajectoryAction
*     - GetPlanningSceneService
*     - KinematicsService
*     - MoveAction
*     - PickPlaceAction
*     - MotionPlanService
*     - QueryPlannersService
*     - StateValidationService
********************************************************
[0m
[0m[ INFO] [1617849920.280747450]: MoveGroup context using planning plugin ompl_interface/OMPLPlanner[0m
[0m[ INFO] [1617849920.280769926]: MoveGroup context initialization complete[0m
[92m
You can start planning now!

[0m[0m[ INFO] [1617849918.919591414]: Finished loading Gazebo ROS API Plugin.[0m
[0m[ INFO] [1617849918.927459281]: waitForService: Service [/gazebo/set_physics_properties] has not been advertised, waiting...[0m
[0m[ INFO] [1617849922.867054367]: waitForService: Service [/gazebo/set_physics_properties] is now available.[0m
[0m[ INFO] [1617849922.916987253, 0.037000000]: Physics dynamic reconfigure ready.[0m
[1;33mWarning [Model.cc:212][0m Non-unique names detected in XML children of model with name[quadruped].
[0m[ INFO] [1617849923.535499237, 0.324000000]: <initialOrientationAsReference> is unset, using default value of false to comply with REP 145 (world as orientation reference)[0m
[0m[ INFO] [1617849923.535567997, 0.324000000]: <robotNamespace> set to: /quadruped/[0m
[0m[ INFO] [1617849923.535597217, 0.324000000]: <topicName> set to: imu[0m
[0m[ INFO] [1617849923.535622634, 0.324000000]: <frameName> set to: imu_link[0m
[0m[ INFO] [1617849923.535663528, 0.324000000]: <updateRateHZ> set to: 100[0m
[0m[ INFO] [1617849923.535690718, 0.324000000]: <gaussianNoise> set to: 0[0m
[0m[ INFO] [1617849923.535719717, 0.324000000]: <xyzOffset> set to: 0 0 0[0m
[0m[ INFO] [1617849923.535765115, 0.324000000]: <rpyOffset> set to: 0 -0 0[0m
[0m[ INFO] [1617849923.609261570, 0.324000000]: Loading gazebo_ros_control plugin[0m
[0m[ INFO] [1617849923.609402174, 0.324000000]: Starting gazebo_ros_control plugin in namespace: /quadruped[0m
[0m[ INFO] [1617849923.609883039, 0.324000000]: gazebo_ros_control plugin is waiting for model URDF in parameter [/robot_description] on the ROS param server.[0m
[0m[ INFO] [1617849924.015387125, 0.324000000]: Loaded gazebo_ros_control.[0m
[0m[ INFO] [1617849924.026020174, 0.324000000]: ft_sensor plugin reporting wrench values to the frame [front_right_leg3][0m
[0m[ INFO] [1617849924.026072954, 0.324000000]: imu plugin missing <gaussianNoise>, defaults to 0.0[0m
[0m[ INFO] [1617849924.027455062, 0.324000000]: ft_sensor plugin reporting wrench values to the frame [front_right_leg2][0m
[0m[ INFO] [1617849924.027529936, 0.324000000]: imu plugin missing <gaussianNoise>, defaults to 0.0[0m
[0m[ INFO] [1617849924.029736008, 0.324000000]: ft_sensor plugin reporting wrench values to the frame [front_right_leg1][0m
[0m[ INFO] [1617849924.029826525, 0.324000000]: imu plugin missing <gaussianNoise>, defaults to 0.0[0m
[0m[ INFO] [1617849924.031342657, 0.324000000]: ft_sensor plugin reporting wrench values to the frame [front_left_leg3][0m
[0m[ INFO] [1617849924.031400301, 0.324000000]: imu plugin missing <gaussianNoise>, defaults to 0.0[0m
[0m[ INFO] [1617849924.032801190, 0.324000000]: ft_sensor plugin reporting wrench values to the frame [front_left_leg2][0m
[0m[ INFO] [1617849924.032856103, 0.324000000]: imu plugin missing <gaussianNoise>, defaults to 0.0[0m
[0m[ INFO] [1617849924.034266354, 0.324000000]: ft_sensor plugin reporting wrench values to the frame [front_left_leg1][0m
[0m[ INFO] [1617849924.034664123, 0.324000000]: imu plugin missing <gaussianNoise>, defaults to 0.0[0m
[0m[ INFO] [1617849924.035924540, 0.324000000]: ft_sensor plugin reporting wrench values to the frame [back_right_leg3][0m
[0m[ INFO] [1617849924.035969175, 0.324000000]: imu plugin missing <gaussianNoise>, defaults to 0.0[0m
[0m[ INFO] [1617849924.037404431, 0.324000000]: ft_sensor plugin reporting wrench values to the frame [back_right_leg2][0m
[0m[ INFO] [1617849924.037437886, 0.324000000]: imu plugin missing <gaussianNoise>, defaults to 0.0[0m
[0m[ INFO] [1617849924.038410863, 0.324000000]: ft_sensor plugin reporting wrench values to the frame [back_right_leg1][0m
[0m[ INFO] [1617849924.038432781, 0.324000000]: imu plugin missing <gaussianNoise>, defaults to 0.0[0m
[0m[ INFO] [1617849924.040097584, 0.324000000]: ft_sensor plugin reporting wrench values to the frame [back_left_leg3][0m
[0m[ INFO] [1617849924.040142593, 0.324000000]: imu plugin missing <gaussianNoise>, defaults to 0.0[0m
[0m[ INFO] [1617849924.041423584, 0.324000000]: ft_sensor plugin reporting wrench values to the frame [back_left_leg2][0m
[0m[ INFO] [1617849924.041455492, 0.324000000]: imu plugin missing <gaussianNoise>, defaults to 0.0[0m
[0m[ INFO] [1617849924.043285124, 0.324000000]: ft_sensor plugin reporting wrench values to the frame [back_left_leg1][0m
[0m[ INFO] [1617849924.043316896, 0.324000000]: imu plugin missing <gaussianNoise>, defaults to 0.0[0m
[0m[ INFO] [1617849924.053424776, 0.324000000]: GazeboRosJointStatePublisher is going to publish joint: front_right_leg1_joint[0m
[0m[ INFO] [[New Thread 0x7fffcd02a700 (LWP 168331)]

Thread 1 "move_group" received signal SIGINT, Interrupt.
0x00007ffff77e93bf in __GI___clock_nanosleep (clock_id=clock_id@entry=0, 
    flags=flags@entry=0, req=0x7fffffffe240, rem=0x7fffffffe250)
    at ../sysdeps/unix/sysv/linux/clock_nanosleep.c:78
78	../sysdeps/unix/sysv/linux/clock_nanosleep.c: No such file or directory.
(gdb) quit
A debugging session is active.

	Inferior 1 [process 167854] will be killed.

Quit anyway? (y or n) [answered Y; input not from terminal]
[WARN] [1617849983.195141, 31.835000]: Controller Spawner error while taking down controllers: transport error completing service call: unable to receive data from sender, check sender's logs for details
[INFO] [1617849918.060526, 0.000000]: Controller Spawner: Waiting for service controller_manager/load_controller
[INFO] [1617849924.096419, 0.363000]: Controller Spawner: Waiting for service controller_manager/switch_controller
[INFO] [1617849924.103297, 0.367000]: Controller Spawner: Waiting for service controller_manager/unload_controller
[INFO] [1617849924.107653, 0.370000]: Loading controller: front_right_leg_controller
[INFO] [1617849924.205842, 0.443000]: Loading controller: front_left_leg_controller
[INFO] [1617849924.268359, 0.479000]: Loading controller: back_right_leg_controller
[INFO] [1617849924.318825, 0.525000]: Loading controller: back_left_leg_controller
[INFO] [1617849924.361614, 0.562000]: Loading controller: joint_state_controller
[INFO] [1617849924.370900, 0.570000]: Controller Spawner: Loaded controllers: front_right_leg_controller, front_left_leg_controller, back_right_leg_controller, back_left_leg_controller, joint_state_controller
[INFO] [1617849924.377275, 0.575000]: Started controllers: front_right_leg_controller, front_left_leg_controller, back_right_leg_controller, back_left_leg_controller, joint_state_controller
[INFO] [1617849968.161051, 31.791000]: Shutting down spawner. Stopping and unloading controllers...
[INFO] [1617849968.163213, 31.791000]: Stopping all controllers...
[INFO] [1617849968.182559, 31.800000]: Unloading all loaded controllers...
[INFO] [1617849968.183761, 31.800000]: Trying to unload joint_state_controller
[INFO] [1617849968.196166, 31.805000]: Succeeded in unloading joint_state_controller
[INFO] [1617849968.197461, 31.806000]: Trying to unload back_left_leg_controller
[INFO] [1617849968.220324, 31.813000]: Succeeded in unloading back_left_leg_controller
[INFO] [1617849968.221437, 31.813000]: Trying to unload back_right_leg_controller
[INFO] [1617849968.239772, 31.823000]: Succeeded in unloading back_right_leg_controller
[INFO] [1617849968.240972, 31.824000]: Trying to unload front_left_leg_controller
[INFO] [1617849968.267646, 31.835000]: Succeeded in unloading front_left_leg_controller
[INFO] [1617849968.268787, 31.835000]: Trying to unload front_right_leg_controller
[31m[gazebo-2] escalating to SIGTERM[0m
[31m[quadruped/controller_spawner-4] escalating to SIGTERM[0m

auto-starting new master
[1mprocess[master]: started with pid [167808][0m
[1mROS_MASTER_URI=http://localhost:11351[0m
]2;/home/ubuntu/CPGController/src/simulations/ws/src/quadruped/launch/quadruped_control.launch http://localhost:11351
[1msetting /run_id to 71f257a0-9814-11eb-8423-cd174b0b5f1a[0m
[1mprocess[rosout-1]: started with pid [167822][0m
started core service [/rosout]
[1mprocess[gazebo-2]: started with pid [167829][0m
[1mprocess[urdf_spawner-3]: started with pid [167830][0m
[1mprocess[quadruped/controller_spawner-4]: started with pid [167834][0m
[1mprocess[joint_state_publisher-5]: started with pid [167835][0m
[1mprocess[robot_state_publisher-6]: started with pid [167837][0m
[1mprocess[move_group-7]: started with pid [167838][0m
[1m[urdf_spawner-3] process has finished cleanly
log file: /home/ubuntu/.ros/log/71f257a0-9814-11eb-8423-cd174b0b5f1a/urdf_spawner-3*.log[0m
[move_group-7] killing on exit
[robot_state_publisher-6] killing on exit
[joint_state_publisher-5] killing on exit
[quadruped/controller_spawner-4] killing on exit
[gazebo-2] killing on exit
[rosout-1] killing on exit
[master] killing on exit
shutting down processing monitor...
... shutting down processing monitor complete
[1mdone[0m
xacro: in-order processing became default in ROS Melodic. You can drop the option.
... logging to /home/ubuntu/.ros/log/a64d3f6a-9814-11eb-8423-cd174b0b5f1a/roslaunch-ip-172-31-36-108-168603.log
Checking log directory for disk usage. This may take a while.
Press Ctrl-C to interrupt
Done checking log file disk usage. Usage is <1GB.
]2;/home/ubuntu/CPGController/src/simulations/ws/src/quadruped/launch/quadruped_control.launch
[1mstarted roslaunch server http://ip-172-31-36-108:38533/[0m

SUMMARY
========

PARAMETERS
 * /gazebo/enable_ros_network: True
 * /joint_state_publisher/source_list: ['quadruped/joint...
 * /move_group/allow_trajectory_execution: False
 * /move_group/back_left_leg/default_planner_config: SBL
 * /move_group/back_left_leg/longest_valid_segment_fraction: 0.005
 * /move_group/back_left_leg/planner_configs: ['AnytimePathShor...
 * /move_group/back_left_leg/projection_evaluator: joints(back_left_...
 * /move_group/back_right_leg/default_planner_config: SBL
 * /move_group/back_right_leg/longest_valid_segment_fraction: 0.005
 * /move_group/back_right_leg/planner_configs: ['AnytimePathShor...
 * /move_group/back_right_leg/projection_evaluator: joints(back_right...
 * /move_group/base/default_planner_config: SBL
 * /move_group/base/planner_configs: ['AnytimePathShor...
 * /move_group/capabilities: 
 * /move_group/disable_capabilities: 
 * /move_group/front_left_leg/default_planner_config: SBL
 * /move_group/front_left_leg/longest_valid_segment_fraction: 0.005
 * /move_group/front_left_leg/planner_configs: ['AnytimePathShor...
 * /move_group/front_left_leg/projection_evaluator: joints(front_left...
 * /move_group/front_right_leg/default_planner_config: SBL
 * /move_group/front_right_leg/longest_valid_segment_fraction: 0.005
 * /move_group/front_right_leg/planner_configs: ['AnytimePathShor...
 * /move_group/front_right_leg/projection_evaluator: joints(front_righ...
 * /move_group/jiggle_fraction: 0.05
 * /move_group/max_safe_path_cost: 1
 * /move_group/planner_configs/AnytimePathShortening/hybridize: True
 * /move_group/planner_configs/AnytimePathShortening/max_hybrid_paths: 24
 * /move_group/planner_configs/AnytimePathShortening/num_planners: 4
 * /move_group/planner_configs/AnytimePathShortening/planners: 
 * /move_group/planner_configs/AnytimePathShortening/shortcut: True
 * /move_group/planner_configs/AnytimePathShortening/type: geometric::Anytim...
 * /move_group/planner_configs/BFMT/balanced: 0
 * /move_group/planner_configs/BFMT/cache_cc: 1
 * /move_group/planner_configs/BFMT/extended_fmt: 1
 * /move_group/planner_configs/BFMT/heuristics: 1
 * /move_group/planner_configs/BFMT/nearest_k: 1
 * /move_group/planner_configs/BFMT/num_samples: 1000
 * /move_group/planner_configs/BFMT/optimality: 1
 * /move_group/planner_configs/BFMT/radius_multiplier: 1.0
 * /move_group/planner_configs/BFMT/type: geometric::BFMT
 * /move_group/planner_configs/BKPIECE/border_fraction: 0.9
 * /move_group/planner_configs/BKPIECE/failed_expansion_score_factor: 0.5
 * /move_group/planner_configs/BKPIECE/min_valid_path_fraction: 0.5
 * /move_group/planner_configs/BKPIECE/range: 0.0
 * /move_group/planner_configs/BKPIECE/type: geometric::BKPIECE
 * /move_group/planner_configs/BiEST/range: 0.0
 * /move_group/planner_configs/BiEST/type: geometric::BiEST
 * /move_group/planner_configs/BiTRRT/cost_threshold: 1e300
 * /move_group/planner_configs/BiTRRT/frountier_node_ratio: 0.1
 * /move_group/planner_configs/BiTRRT/frountier_threshold: 0.0
 * /move_group/planner_configs/BiTRRT/init_temperature: 100
 * /move_group/planner_configs/BiTRRT/range: 0.0
 * /move_group/planner_configs/BiTRRT/temp_change_factor: 0.1
 * /move_group/planner_configs/BiTRRT/type: geometric::BiTRRT
 * /move_group/planner_configs/EST/goal_bias: 0.05
 * /move_group/planner_configs/EST/range: 0.0
 * /move_group/planner_configs/EST/type: geometric::EST
 * /move_group/planner_configs/FMT/cache_cc: 1
 * /move_group/planner_configs/FMT/extended_fmt: 1
 * /move_group/planner_configs/FMT/heuristics: 0
 * /move_group/planner_configs/FMT/nearest_k: 1
 * /move_group/planner_configs/FMT/num_samples: 1000
 * /move_group/planner_configs/FMT/radius_multiplier: 1.1
 * /move_group/planner_configs/FMT/type: geometric::FMT
 * /move_group/planner_configs/KPIECE/border_fraction: 0.9
 * /move_group/planner_configs/KPIECE/failed_expansion_score_factor: 0.5
 * /move_group/planner_configs/KPIECE/goal_bias: 0.05
 * /move_group/planner_configs/KPIECE/min_valid_path_fraction: 0.5
 * /move_group/planner_configs/KPIECE/range: 0.0
 * /move_group/planner_configs/KPIECE/type: geometric::KPIECE
 * /move_group/planner_configs/LBKPIECE/border_fraction: 0.9
 * /move_group/planner_configs/LBKPIECE/min_valid_path_fraction: 0.5
 * /move_group/planner_configs/LBKPIECE/range: 0.0
 * /move_group/planner_configs/LBKPIECE/type: geometric::LBKPIECE
 * /move_group/planner_configs/LBTRRT/epsilon: 0.4
 * /move_group/planner_configs/LBTRRT/goal_bias: 0.05
 * /move_group/planner_configs/LBTRRT/range: 0.0
 * /move_group/planner_configs/LBTRRT/type: geometric::LBTRRT
 * /move_group/planner_configs/LazyPRM/range: 0.0
 * /move_group/planner_configs/LazyPRM/type: geometric::LazyPRM
 * /move_group/planner_configs/LazyPRMstar/type: geometric::LazyPR...
 * /move_group/planner_configs/PDST/type: geometric::PDST
 * /move_group/planner_configs/PRM/max_nearest_neighbors: 10
 * /move_group/planner_configs/PRM/type: geometric::PRM
 * /move_group/planner_configs/PRMstar/type: geometric::PRMstar
 * /move_group/planner_configs/ProjEST/goal_bias: 0.05
 * /move_group/planner_configs/ProjEST/range: 0.0
 * /move_group/planner_configs/ProjEST/type: geometric::ProjEST
 * /move_group/planner_configs/RRT/goal_bias: 0.05
 * /move_group/planner_configs/RRT/range: 0.0
 * /move_group/planner_configs/RRT/type: geometric::RRT
 * /move_group/planner_configs/RRTConnect/range: 0.0
 * /move_group/planner_configs/RRTConnect/type: geometric::RRTCon...
 * /move_group/planner_configs/RRTstar/delay_collision_checking: 1
 * /move_group/planner_configs/RRTstar/goal_bias: 0.05
 * /move_group/planner_configs/RRTstar/range: 0.0
 * /move_group/planner_configs/RRTstar/type: geometric::RRTstar
 * /move_group/planner_configs/SBL/range: 0.0
 * /move_group/planner_configs/SBL/type: geometric::SBL
 * /move_group/planner_configs/SPARS/dense_delta_fraction: 0.001
 * /move_group/planner_configs/SPARS/max_failures: 1000
 * /move_group/planner_configs/SPARS/sparse_delta_fraction: 0.25
 * /move_group/planner_configs/SPARS/stretch_factor: 3.0
 * /move_group/planner_configs/SPARS/type: geometric::SPARS
 * /move_group/planner_configs/SPARStwo/dense_delta_fraction: 0.001
 * /move_group/planner_configs/SPARStwo/max_failures: 5000
 * /move_group/planner_configs/SPARStwo/sparse_delta_fraction: 0.25
 * /move_group/planner_configs/SPARStwo/stretch_factor: 3.0
 * /move_group/planner_configs/SPARStwo/type: geometric::SPARStwo
 * /move_group/planner_configs/STRIDE/degree: 16
 * /move_group/planner_configs/STRIDE/estimated_dimension: 0.0
 * /move_group/planner_configs/STRIDE/goal_bias: 0.05
 * /move_group/planner_configs/STRIDE/max_degree: 18
 * /move_group/planner_configs/STRIDE/max_pts_per_leaf: 6
 * /move_group/planner_configs/STRIDE/min_degree: 12
 * /move_group/planner_configs/STRIDE/min_valid_path_fraction: 0.2
 * /move_group/planner_configs/STRIDE/range: 0.0
 * /move_group/planner_configs/STRIDE/type: geometric::STRIDE
 * /move_group/planner_configs/STRIDE/use_projected_distance: 0
 * /move_group/planner_configs/TRRT/frountierNodeRatio: 0.1
 * /move_group/planner_configs/TRRT/frountier_threshold: 0.0
 * /move_group/planner_configs/TRRT/goal_bias: 0.05
 * /move_group/planner_configs/TRRT/init_temperature: 10e-6
 * /move_group/planner_configs/TRRT/k_constant: 0.0
 * /move_group/planner_configs/TRRT/max_states_failed: 10
 * /move_group/planner_configs/TRRT/min_temperature: 10e-10
 * /move_group/planner_configs/TRRT/range: 0.0
 * /move_group/planner_configs/TRRT/temp_change_factor: 2.0
 * /move_group/planner_configs/TRRT/type: geometric::TRRT
 * /move_group/planning_plugin: ompl_interface/OM...
 * /move_group/planning_scene_monitor/publish_geometry_updates: True
 * /move_group/planning_scene_monitor/publish_planning_scene: True
 * /move_group/planning_scene_monitor/publish_state_updates: True
 * /move_group/planning_scene_monitor/publish_transforms_updates: True
 * /move_group/request_adapters: default_planner_r...
 * /move_group/start_state_max_bounds_error: 0.1
 * /quadruped/back_left_leg_controller/joints: ['back_left_leg1_...
 * /quadruped/back_left_leg_controller/type: position_controll...
 * /quadruped/back_right_leg_controller/joints: ['back_right_leg1...
 * /quadruped/back_right_leg_controller/type: position_controll...
 * /quadruped/front_left_leg_controller/joints: ['front_left_leg1...
 * /quadruped/front_left_leg_controller/type: position_controll...
 * /quadruped/front_right_leg_controller/joints: ['front_right_leg...
 * /quadruped/front_right_leg_controller/type: position_controll...
 * /quadruped/gazebo_ros_control/pid_gains/back_left_leg1_joint/d: 5
 * /quadruped/gazebo_ros_control/pid_gains/back_left_leg1_joint/i: 0.01
 * /quadruped/gazebo_ros_control/pid_gains/back_left_leg1_joint/p: 300
 * /quadruped/gazebo_ros_control/pid_gains/back_left_leg2_joint/d: 5
 * /quadruped/gazebo_ros_control/pid_gains/back_left_leg2_joint/i: 0.01
 * /quadruped/gazebo_ros_control/pid_gains/back_left_leg2_joint/p: 300
 * /quadruped/gazebo_ros_control/pid_gains/back_left_leg3_joint/d: 5
 * /quadruped/gazebo_ros_control/pid_gains/back_left_leg3_joint/i: 0.01
 * /quadruped/gazebo_ros_control/pid_gains/back_left_leg3_joint/p: 300
 * /quadruped/gazebo_ros_control/pid_gains/back_right_leg1_joint/d: 5
 * /quadruped/gazebo_ros_control/pid_gains/back_right_leg1_joint/i: 0.01
 * /quadruped/gazebo_ros_control/pid_gains/back_right_leg1_joint/p: 300
 * /quadruped/gazebo_ros_control/pid_gains/back_right_leg2_joint/d: 5
 * /quadruped/gazebo_ros_control/pid_gains/back_right_leg2_joint/i: 0.01
 * /quadruped/gazebo_ros_control/pid_gains/back_right_leg2_joint/p: 300
 * /quadruped/gazebo_ros_control/pid_gains/back_right_leg3_joint/d: 5
 * /quadruped/gazebo_ros_control/pid_gains/back_right_leg3_joint/i: 0.01
 * /quadruped/gazebo_ros_control/pid_gains/back_right_leg3_joint/p: 300
 * /quadruped/gazebo_ros_control/pid_gains/front_left_leg1_joint/d: 5
 * /quadruped/gazebo_ros_control/pid_gains/front_left_leg1_joint/i: 0.01
 * /quadruped/gazebo_ros_control/pid_gains/front_left_leg1_joint/p: 300
 * /quadruped/gazebo_ros_control/pid_gains/front_left_leg2_joint/d: 5
 * /quadruped/gazebo_ros_control/pid_gains/front_left_leg2_joint/i: 0.01
 * /quadruped/gazebo_ros_control/pid_gains/front_left_leg2_joint/p: 300
 * /quadruped/gazebo_ros_control/pid_gains/front_left_leg3_joint/d: 5
 * /quadruped/gazebo_ros_control/pid_gains/front_left_leg3_joint/i: 0.01
 * /quadruped/gazebo_ros_control/pid_gains/front_left_leg3_joint/p: 300
 * /quadruped/gazebo_ros_control/pid_gains/front_right_leg1_joint/d: 5
 * /quadruped/gazebo_ros_control/pid_gains/front_right_leg1_joint/i: 0.01
 * /quadruped/gazebo_ros_control/pid_gains/front_right_leg1_joint/p: 300
 * /quadruped/gazebo_ros_control/pid_gains/front_right_leg2_joint/d: 5
 * /quadruped/gazebo_ros_control/pid_gains/front_right_leg2_joint/i: 0.01
 * /quadruped/gazebo_ros_control/pid_gains/front_right_leg2_joint/p: 300
 * /quadruped/gazebo_ros_control/pid_gains/front_right_leg3_joint/d: 5
 * /quadruped/gazebo_ros_control/pid_gains/front_right_leg3_joint/i: 0.01
 * /quadruped/gazebo_ros_control/pid_gains/front_right_leg3_joint/p: 300
 * /quadruped/generic_hw_control_loop/cycle_time_error_threshold: 0.01
 * /quadruped/generic_hw_control_loop/loop_hz: 100
 * /quadruped/hardware_interface/joints: ['back_left_leg3_...
 * /quadruped/hardware_interface/sim_control_mode: 1
 * /quadruped/joint_state_controller/publish_rate: 100
 * /quadruped/joint_state_controller/type: joint_state_contr...
 * /quadruped/moveit_sim_hw_interface/joint_model_group: todo_group_name
 * /quadruped/moveit_sim_hw_interface/joint_model_group_pose: todo_state_name
 * /robot_description: <?xml version="1....
 * /robot_description_kinematics/back_left_leg/kinematics_solver: kdl_kinematics_pl...
 * /robot_description_kinematics/back_left_leg/kinematics_solver_search_resolution: 0.005
 * /robot_description_kinematics/back_left_leg/kinematics_solver_timeout: 0.005
 * /robot_description_kinematics/back_right_leg/kinematics_solver: kdl_kinematics_pl...
 * /robot_description_kinematics/back_right_leg/kinematics_solver_search_resolution: 0.005
 * /robot_description_kinematics/back_right_leg/kinematics_solver_timeout: 0.005
 * /robot_description_kinematics/front_left_leg/kinematics_solver: kdl_kinematics_pl...
 * /robot_description_kinematics/front_left_leg/kinematics_solver_search_resolution: 0.005
 * /robot_description_kinematics/front_left_leg/kinematics_solver_timeout: 0.005
 * /robot_description_kinematics/front_right_leg/kinematics_solver: kdl_kinematics_pl...
 * /robot_description_kinematics/front_right_leg/kinematics_solver_search_resolution: 0.005
 * /robot_description_kinematics/front_right_leg/kinematics_solver_timeout: 0.005
 * /robot_description_planning/default_acceleration_scaling_factor: 0.1
 * /robot_description_planning/default_velocity_scaling_factor: 0.1
 * /robot_description_planning/joint_limits/back_left_leg1_joint/has_acceleration_limits: False
 * /robot_description_planning/joint_limits/back_left_leg1_joint/has_velocity_limits: True
 * /robot_description_planning/joint_limits/back_left_leg1_joint/max_acceleration: 10
 * /robot_description_planning/joint_limits/back_left_leg1_joint/max_velocity: 10
 * /robot_description_planning/joint_limits/back_left_leg2_joint/has_acceleration_limits: False
 * /robot_description_planning/joint_limits/back_left_leg2_joint/has_velocity_limits: True
 * /robot_description_planning/joint_limits/back_left_leg2_joint/max_acceleration: 10
 * /robot_description_planning/joint_limits/back_left_leg2_joint/max_velocity: 10
 * /robot_description_planning/joint_limits/back_left_leg3_joint/has_acceleration_limits: False
 * /robot_description_planning/joint_limits/back_left_leg3_joint/has_velocity_limits: True
 * /robot_description_planning/joint_limits/back_left_leg3_joint/max_acceleration: 10
 * /robot_description_planning/joint_limits/back_left_leg3_joint/max_velocity: 10
 * /robot_description_planning/joint_limits/back_right_leg1_joint/has_acceleration_limits: False
 * /robot_description_planning/joint_limits/back_right_leg1_joint/has_velocity_limits: True
 * /robot_description_planning/joint_limits/back_right_leg1_joint/max_acceleration: 10
 * /robot_description_planning/joint_limits/back_right_leg1_joint/max_velocity: 10
 * /robot_description_planning/joint_limits/back_right_leg2_joint/has_acceleration_limits: False
 * /robot_description_planning/joint_limits/back_right_leg2_joint/has_velocity_limits: True
 * /robot_description_planning/joint_limits/back_right_leg2_joint/max_acceleration: 10
 * /robot_description_planning/joint_limits/back_right_leg2_joint/max_velocity: 10
 * /robot_description_planning/joint_limits/back_right_leg3_joint/has_acceleration_limits: False
 * /robot_description_planning/joint_limits/back_right_leg3_joint/has_velocity_limits: True
 * /robot_description_planning/joint_limits/back_right_leg3_joint/max_acceleration: 10
 * /robot_description_planning/joint_limits/back_right_leg3_joint/max_velocity: 10
 * /robot_description_planning/joint_limits/front_left_leg1_joint/has_acceleration_limits: False
 * /robot_description_planning/joint_limits/front_left_leg1_joint/has_velocity_limits: True
 * /robot_description_planning/joint_limits/front_left_leg1_joint/max_acceleration: 10
 * /robot_description_planning/joint_limits/front_left_leg1_joint/max_velocity: 10
 * /robot_description_planning/joint_limits/front_left_leg2_joint/has_acceleration_limits: False
 * /robot_description_planning/joint_limits/front_left_leg2_joint/has_velocity_limits: True
 * /robot_description_planning/joint_limits/front_left_leg2_joint/max_acceleration: 10
 * /robot_description_planning/joint_limits/front_left_leg2_joint/max_velocity: 10
 * /robot_description_planning/joint_limits/front_left_leg3_joint/has_acceleration_limits: False
 * /robot_description_planning/joint_limits/front_left_leg3_joint/has_velocity_limits: True
 * /robot_description_planning/joint_limits/front_left_leg3_joint/max_acceleration: 10
 * /robot_description_planning/joint_limits/front_left_leg3_joint/max_velocity: 10
 * /robot_description_planning/joint_limits/front_right_leg1_joint/has_acceleration_limits: False
 * /robot_description_planning/joint_limits/front_right_leg1_joint/has_velocity_limits: True
 * /robot_description_planning/joint_limits/front_right_leg1_joint/max_acceleration: 10
 * /robot_description_planning/joint_limits/front_right_leg1_joint/max_velocity: 10
 * /robot_description_planning/joint_limits/front_right_leg2_joint/has_acceleration_limits: False
 * /robot_description_planning/joint_limits/front_right_leg2_joint/has_velocity_limits: True
 * /robot_description_planning/joint_limits/front_right_leg2_joint/max_acceleration: 10
 * /robot_description_planning/joint_limits/front_right_leg2_joint/max_velocity: 10
 * /robot_description_planning/joint_limits/front_right_leg3_joint/has_acceleration_limits: False
 * /robot_description_planning/joint_limits/front_right_leg3_joint/has_velocity_limits: True
 * /robot_description_planning/joint_limits/front_right_leg3_joint/max_acceleration: 10
 * /robot_description_planning/joint_limits/front_right_leg3_joint/max_velocity: 10
 * /robot_description_semantic: <?xml version="1....
 * /robot_state_publisher/publish_frequency: 60.0
 * /rosdistro: noetic
 * /rosversion: 1.15.9
 * /use_sim_time: True

NODES
  /
    gazebo (gazebo_ros/gzserver)
    joint_state_publisher (joint_state_publisher/joint_state_publisher)
    move_group (moveit_ros_move_group/move_group)
    robot_state_publisher (robot_state_publisher/robot_state_publisher)
    urdf_spawner (gazebo_ros/spawn_model)
  /quadruped/
    controller_spawner (controller_manager/spawner)
GNU gdb (Ubuntu 9.2-0ubuntu1~20.04) 9.2
Copyright (C) 2020 Free Software Foundation, Inc.
License GPLv3+: GNU GPL version 3 or later <http://gnu.org/licenses/gpl.html>
This is free software: you are free to change and redistribute it.
There is NO WARRANTY, to the extent permitted by law.
Type "show copying" and "show warranty" for details.
This GDB was configured as "x86_64-linux-gnu".
Type "show configuration" for configuration details.
For bug reporting instructions, please see:
<http://www.gnu.org/software/gdb/bugs/>.
Find the GDB manual and other documentation resources online at:
    <http://www.gnu.org/software/gdb/documentation/>.

For help, type "help".
Type "apropos word" to search for commands related to "word"...
Reading symbols from /opt/ros/noetic/lib/moveit_ros_move_group/move_group...
(No debugging symbols found in /opt/ros/noetic/lib/moveit_ros_move_group/move_group)
/home/ubuntu/CPGController/src/simulations/ws/src/quadruped/launch/gdb_settings.gdb: No such file or directory.
Starting program: /opt/ros/noetic/lib/moveit_ros_move_group/move_group --debug __name:=move_group __log:=/home/ubuntu/.ros/log/a64d3f6a-9814-11eb-8423-cd174b0b5f1a/move_group-7.log
[Thread debugging using libthread_db enabled]
Using host libthread_db library "/lib/x86_64-linux-gnu/libthread_db.so.1".
[New Thread 0x7ffff0da7700 (LWP 168759)]
[New Thread 0x7fffebfff700 (LWP 168760)]
[New Thread 0x7fffeb7fe700 (LWP 168761)]
[New Thread 0x7fffeaffd700 (LWP 168762)]
[New Thread 0x7fffea7fc700 (LWP 168763)]
[New Thread 0x7fffe9ffb700 (LWP 168764)]
[33m[ WARN] [1617850008.098527438]: Link dummy_link has visual geometry but no collision geometry. Collision geometry will be left empty. Fix your URDF file by explicitly specifying collision geometry.[0m
[New Thread 0x7fffe97fa700 (LWP 168765)]
[New Thread 0x7fffe8ff9700 (LWP 168766)]
[33m[ WARN] [1617850008.304291157]: Resolution not specified for Octomap. Assuming resolution = 0.1 instead[0m
[31m[ERROR] [1617850008.304790034]: Failed to find 3D sensor plugin parameters for octomap generation[0m
[New Thread 0x7fffcbfff700 (LWP 168767)]
[New Thread 0x7fffcb7fe700 (LWP 168774)]
[New Thread 0x7fffcaffd700 (LWP 168776)]
[New Thread 0x7fffca7fc700 (LWP 168778)]
[New Thread 0x7fffc9ffb700 (LWP 168785)]
[New Thread 0x7fffc97fa700 (LWP 168786)]
[0m[ INFO] [1617850008.097362842]: Loading robot model 'quadruped'...[0m
[0m[ INFO] [1617850008.098393343]: No root/virtual joint specified in SRDF. Assuming fixed joint[0m
[0m[ INFO] [1617850008.287863470]: Publishing maintained planning scene on 'monitored_planning_scene'[0m
[0m[ INFO] [1617850008.291762931]: MoveGroup debug mode is ON[0m
[96mStarting planning scene monitors...
[0m[0m[ INFO] [1617850008.291806760]: Starting planning scene monitor[0m
[0m[ INFO] [1617850008.294655801]: Listening to '/planning_scene'[0m
[0m[ INFO] [1617850008.294685727]: Starting world geometry update monitor for collision objects, attached objects, octomap updates.[0m
[0m[ INFO] [1617850008.298299652]: Listening to '/collision_object'[0m
[0m[ INFO] [1617850008.303600201]: Listening to '/planning_scene_world' for planning scene world geometry[0m
[0m[ INFO] [1617850008.313352624]: Listening to '/attached_collision_object' for attached collision objects[0m
[96mPlanning scene monitors started.
[0m[0m[ INFO] [1617850008.842335677]: Using planning interface 'OMPL'[0m
[0m[ INFO] [1617850008.850776445]: Param 'default_workspace_bounds' was not set. Using default value: 10[0m
[0m[ INFO] [1617850008.851424545]: Param 'start_state_max_bounds_error' was set to 0.1[0m
[0m[ INFO] [1617850008.852168835]: Param 'start_state_max_dt' was not set. Using default value: 0.5[0m
[0m[ INFO] [1617850008.852623567]: Param 'start_state_max_dt' was not set. Using default value: 0.5[0m
[0m[ INFO] [1617850008.853273738]: Param 'jiggle_fraction' was set to 0.05[0m
[0m[ INFO] [1617850008.853876842]: Param 'max_sampling_attempts' was not set. Using default value: 100[0m
[0m[ INFO] [1617850008.853927243]: Using planning request adapter 'Add Time Parameterization'[0m
[0m[ INFO] [1617850008.853948706]: Using planning request adapter 'Resolve constraint frames to robot links'[0m
[0m[ INFO] [1617850008.853964097]: Using planning request adapter 'Fix Workspace Bounds'[0m
[0m[ INFO] [1617850008.853975942]: Using planning request adapter 'Fix Start State Bounds'[0m
[0m[ INFO] [1617850008.853987606]: Using planning request adapter 'Fix Start State In Collision'[0m
[0m[ INFO] [1617850008.854016897]: Using planning request adapter 'Fix Start State Path Constraints'[0m
[96mLoading 'move_group/ApplyPlanningSceneService'...
[0m[96mLoading 'move_group/ClearOctomapService'...
[0m[96mLoading 'move_group/MoveGroupCartesianPathService'...
[0m[96mLoading 'move_group/MoveGroupExecuteTrajectoryAction'...
[0m[96mLoading 'move_group/MoveGroupGetPlanningSceneService'...
[0m[96mLoading 'move_group/MoveGroupKinematicsService'...
[0m[96mLoading 'move_group/MoveGroupMoveAction'...
[0m[96mLoading 'move_group/MoveGroupPickPlaceAction'...
[0m[96mLoading 'move_group/MoveGroupPlanService'...
[0m[96mLoading 'move_group/MoveGroupQueryPlannersService'...
[0m[96mLoading 'move_group/MoveGroupStateValidationService'...
[0m[0m[ INFO] [1617850008.985052146]: 

********************************************************
* MoveGroup using: 
*     - ApplyPlanningSceneService
*     - ClearOctomapService
*     - CartesianPathService
*     - ExecuteTrajectoryAction
*     - GetPlanningSceneService
*     - KinematicsService
*     - MoveAction
*     - PickPlaceAction
*     - MotionPlanService
*     - QueryPlannersService
*     - StateValidationService
********************************************************
[0m
[0m[ INFO] [1617850008.985094983]: MoveGroup context using planning plugin ompl_interface/OMPLPlanner[0m
[0m[ INFO] [1617850008.985116241]: MoveGroup context initialization complete[0m
[92m
You can start planning now!

[0m[0m[ INFO] [1617850007.556734392]: Finished loading Gazebo ROS API Plugin.[0m
[0m[ INFO] [1617850007.568846413]: waitForService: Service [/gazebo/set_physics_properties] has not been advertised, waiting...[0m
[0m[ INFO] [1617850011.465200998]: waitForService: Service [/gazebo/set_physics_properties] is now available.[0m
[0m[ INFO] [1617850011.523156452, 0.023000000]: Physics dynamic reconfigure ready.[0m
[1;33mWarning [Model.cc:212][0m Non-unique names detected in XML children of model with name[quadruped].
[0m[ INFO] [1617850012.145951890, 0.333000000]: <initialOrientationAsReference> is unset, using default value of false to comply with REP 145 (world as orientation reference)[0m
[0m[ INFO] [1617850012.146257767, 0.333000000]: <robotNamespace> set to: /quadruped/[0m
[0m[ INFO] [1617850012.146337863, 0.333000000]: <topicName> set to: imu[0m
[0m[ INFO] [1617850012.146404081, 0.333000000]: <frameName> set to: imu_link[0m
[0m[ INFO] [1617850012.146436652, 0.333000000]: <updateRateHZ> set to: 100[0m
[0m[ INFO] [1617850012.146493355, 0.333000000]: <gaussianNoise> set to: 0[0m
[0m[ INFO] [1617850012.146515804, 0.333000000]: <xyzOffset> set to: 0 0 0[0m
[0m[ INFO] [1617850012.146561027, 0.333000000]: <rpyOffset> set to: 0 -0 0[0m
[0m[ INFO] [1617850012.217526265, 0.333000000]: Loading gazebo_ros_control plugin[0m
[0m[ INFO] [1617850012.217674566, 0.333000000]: Starting gazebo_ros_control plugin in namespace: /quadruped[0m
[0m[ INFO] [1617850012.218116416, 0.333000000]: gazebo_ros_control plugin is waiting for model URDF in parameter [/robot_description] on the ROS param server.[0m
[0m[ INFO] [1617850012.659695425, 0.333000000]: Loaded gazebo_ros_control.[0m
[0m[ INFO] [1617850012.677916393, 0.333000000]: ft_sensor plugin reporting wrench values to the frame [front_right_leg3][0m
[0m[ INFO] [1617850012.678175283, 0.333000000]: imu plugin missing <gaussianNoise>, defaults to 0.0[0m
[0m[ INFO] [1617850012.679625972, 0.333000000]: ft_sensor plugin reporting wrench values to the frame [front_right_leg2][0m
[0m[ INFO] [1617850012.679747954, 0.333000000]: imu plugin missing <gaussianNoise>, defaults to 0.0[0m
[0m[ INFO] [1617850012.681183040, 0.333000000]: ft_sensor plugin reporting wrench values to the frame [front_right_leg1][0m
[0m[ INFO] [1617850012.681230936, 0.333000000]: imu plugin missing <gaussianNoise>, defaults to 0.0[0m
[0m[ INFO] [1617850012.682634024, 0.333000000]: ft_sensor plugin reporting wrench values to the frame [front_left_leg3][0m
[0m[ INFO] [1617850012.682671177, 0.333000000]: imu plugin missing <gaussianNoise>, defaults to 0.0[0m
[0m[ INFO] [1617850012.684102186, 0.333000000]: ft_sensor plugin reporting wrench values to the frame [front_left_leg2][0m
[0m[ INFO] [1617850012.684139456, 0.333000000]: imu plugin missing <gaussianNoise>, defaults to 0.0[0m
[0m[ INFO] [1617850012.685481426, 0.333000000]: ft_sensor plugin reporting wrench values to the frame [front_left_leg1][0m
[0m[ INFO] [1617850012.685599300, 0.333000000]: imu plugin missing <gaussianNoise>, defaults to 0.0[0m
[0m[ INFO] [1617850012.686680567, 0.333000000]: ft_sensor plugin reporting wrench values to the frame [back_right_leg3][0m
[0m[ INFO] [1617850012.686816989, 0.333000000]: imu plugin missing <gaussianNoise>, defaults to 0.0[0m
[0m[ INFO] [1617850012.687895906, 0.333000000]: ft_sensor plugin reporting wrench values to the frame [back_right_leg2][0m
[0m[ INFO] [1617850012.687992682, 0.333000000]: imu plugin missing <gaussianNoise>, defaults to 0.0[0m
[0m[ INFO] [1617850012.689543649, 0.333000000]: ft_sensor plugin reporting wrench values to the frame [back_right_leg1][0m
[0m[ INFO] [1617850012.689669463, 0.333000000]: imu plugin missing <gaussianNoise>, defaults to 0.0[0m
[0m[ INFO] [1617850012.690745284, 0.333000000]: ft_sensor plugin reporting wrench values to the frame [back_left_leg3][0m
[0m[ INFO] [1617850012.690844158, 0.333000000]: imu plugin missing <gaussianNoise>, defaults to 0.0[0m
[0m[ INFO] [1617850012.691911807, 0.333000000]: ft_sensor plugin reporting wrench values to the frame [back_left_leg2][0m
[0m[ INFO] [1617850012.692010447, 0.333000000]: imu plugin missing <gaussianNoise>, defaults to 0.0[0m
[0m[ INFO] [1617850012.693143088, 0.333000000]: ft_sensor plugin reporting wrench values to the frame [back_left_leg1][0m
[0m[ INFO] [1617850012.693247804, 0.333000000]: imu plugin missing <gaussianNoise>, defaults to 0.0[0m
[0m[ INFO] [1617850012.705199317, 0.333000000]: GazeboRosJointStatePublisher is going to publish joint: front_right_leg1_joint[0m
[0m[ INFO] [