2021-04-16 06:25:29.611898: I tensorflow/stream_executor/platform/default/dso_loader.cc:49] Successfully opened dynamic library libcudart.so.11.0
Unable to init server: Could not connect: Connection refused
Unable to init server: Could not connect: Connection refused

(learn.py:1546099): Gdk-CRITICAL **: 06:25:56.601: gdk_cursor_new_for_display: assertion 'GDK_IS_DISPLAY (display)' failed
2021-04-16 06:25:59.380632: I tensorflow/compiler/jit/xla_cpu_device.cc:41] Not creating XLA devices, tf_xla_enable_xla_devices not set
2021-04-16 06:25:59.408437: I tensorflow/stream_executor/platform/default/dso_loader.cc:49] Successfully opened dynamic library libcuda.so.1
2021-04-16 06:25:59.553330: I tensorflow/stream_executor/cuda/cuda_gpu_executor.cc:941] successful NUMA node read from SysFS had negative value (-1), but there must be at least one NUMA node, so returning NUMA node zero
2021-04-16 06:25:59.560787: I tensorflow/core/common_runtime/gpu/gpu_device.cc:1720] Found device 0 with properties: 
pciBusID: 0000:00:1e.0 name: Tesla T4 computeCapability: 7.5
coreClock: 1.59GHz coreCount: 40 deviceMemorySize: 14.75GiB deviceMemoryBandwidth: 298.08GiB/s
2021-04-16 06:25:59.561084: I tensorflow/stream_executor/platform/default/dso_loader.cc:49] Successfully opened dynamic library libcudart.so.11.0
2021-04-16 06:25:59.611838: I tensorflow/stream_executor/platform/default/dso_loader.cc:49] Successfully opened dynamic library libcublas.so.11
2021-04-16 06:25:59.616213: I tensorflow/stream_executor/platform/default/dso_loader.cc:49] Successfully opened dynamic library libcublasLt.so.11
2021-04-16 06:25:59.637150: I tensorflow/stream_executor/platform/default/dso_loader.cc:49] Successfully opened dynamic library libcufft.so.10
2021-04-16 06:25:59.644288: I tensorflow/stream_executor/platform/default/dso_loader.cc:49] Successfully opened dynamic library libcurand.so.10
2021-04-16 06:25:59.689588: I tensorflow/stream_executor/platform/default/dso_loader.cc:49] Successfully opened dynamic library libcusolver.so.10
2021-04-16 06:25:59.700578: I tensorflow/stream_executor/platform/default/dso_loader.cc:49] Successfully opened dynamic library libcusparse.so.11
2021-04-16 06:25:59.704767: I tensorflow/stream_executor/platform/default/dso_loader.cc:49] Successfully opened dynamic library libcudnn.so.8
2021-04-16 06:25:59.707066: I tensorflow/stream_executor/cuda/cuda_gpu_executor.cc:941] successful NUMA node read from SysFS had negative value (-1), but there must be at least one NUMA node, so returning NUMA node zero
2021-04-16 06:25:59.714928: I tensorflow/stream_executor/cuda/cuda_gpu_executor.cc:941] successful NUMA node read from SysFS had negative value (-1), but there must be at least one NUMA node, so returning NUMA node zero
2021-04-16 06:25:59.722906: I tensorflow/core/common_runtime/gpu/gpu_device.cc:1862] Adding visible gpu devices: 0
[DDPG] Building the actor model
2021-04-16 06:25:59.843615: I tensorflow/core/platform/cpu_feature_guard.cc:142] This TensorFlow binary is optimized with oneAPI Deep Neural Network Library (oneDNN) to use the following CPU instructions in performance-critical operations:  AVX2 AVX512F FMA
To enable them in other operations, rebuild TensorFlow with the appropriate compiler flags.
2021-04-16 06:25:59.845153: I tensorflow/compiler/jit/xla_gpu_device.cc:99] Not creating XLA devices, tf_xla_enable_xla_devices not set
2021-04-16 06:25:59.848900: I tensorflow/stream_executor/cuda/cuda_gpu_executor.cc:941] successful NUMA node read from SysFS had negative value (-1), but there must be at least one NUMA node, so returning NUMA node zero
2021-04-16 06:25:59.852821: I tensorflow/core/common_runtime/gpu/gpu_device.cc:1720] Found device 0 with properties: 
pciBusID: 0000:00:1e.0 name: Tesla T4 computeCapability: 7.5
coreClock: 1.59GHz coreCount: 40 deviceMemorySize: 14.75GiB deviceMemoryBandwidth: 298.08GiB/s
2021-04-16 06:25:59.854249: I tensorflow/stream_executor/platform/default/dso_loader.cc:49] Successfully opened dynamic library libcudart.so.11.0
2021-04-16 06:25:59.854564: I tensorflow/stream_executor/platform/default/dso_loader.cc:49] Successfully opened dynamic library libcublas.so.11
2021-04-16 06:25:59.857258: I tensorflow/stream_executor/platform/default/dso_loader.cc:49] Successfully opened dynamic library libcublasLt.so.11
2021-04-16 06:25:59.858024: I tensorflow/stream_executor/platform/default/dso_loader.cc:49] Successfully opened dynamic library libcufft.so.10
2021-04-16 06:25:59.859424: I tensorflow/stream_executor/platform/default/dso_loader.cc:49] Successfully opened dynamic library libcurand.so.10
2021-04-16 06:25:59.860837: I tensorflow/stream_executor/platform/default/dso_loader.cc:49] Successfully opened dynamic library libcusolver.so.10
2021-04-16 06:25:59.861247: I tensorflow/stream_executor/platform/default/dso_loader.cc:49] Successfully opened dynamic library libcusparse.so.11
2021-04-16 06:25:59.861929: I tensorflow/stream_executor/platform/default/dso_loader.cc:49] Successfully opened dynamic library libcudnn.so.8
2021-04-16 06:25:59.864393: I tensorflow/stream_executor/cuda/cuda_gpu_executor.cc:941] successful NUMA node read from SysFS had negative value (-1), but there must be at least one NUMA node, so returning NUMA node zero
2021-04-16 06:25:59.868474: I tensorflow/stream_executor/cuda/cuda_gpu_executor.cc:941] successful NUMA node read from SysFS had negative value (-1), but there must be at least one NUMA node, so returning NUMA node zero
2021-04-16 06:25:59.874218: I tensorflow/core/common_runtime/gpu/gpu_device.cc:1862] Adding visible gpu devices: 0
2021-04-16 06:25:59.874277: I tensorflow/stream_executor/platform/default/dso_loader.cc:49] Successfully opened dynamic library libcudart.so.11.0
2021-04-16 06:26:05.140732: I tensorflow/core/common_runtime/gpu/gpu_device.cc:1261] Device interconnect StreamExecutor with strength 1 edge matrix:
2021-04-16 06:26:05.140788: I tensorflow/core/common_runtime/gpu/gpu_device.cc:1267]      0 
2021-04-16 06:26:05.140802: I tensorflow/core/common_runtime/gpu/gpu_device.cc:1280] 0:   N 
2021-04-16 06:26:05.144235: I tensorflow/stream_executor/cuda/cuda_gpu_executor.cc:941] successful NUMA node read from SysFS had negative value (-1), but there must be at least one NUMA node, so returning NUMA node zero
2021-04-16 06:26:05.147952: I tensorflow/stream_executor/cuda/cuda_gpu_executor.cc:941] successful NUMA node read from SysFS had negative value (-1), but there must be at least one NUMA node, so returning NUMA node zero
2021-04-16 06:26:05.152664: I tensorflow/stream_executor/cuda/cuda_gpu_executor.cc:941] successful NUMA node read from SysFS had negative value (-1), but there must be at least one NUMA node, so returning NUMA node zero
2021-04-16 06:26:05.155430: I tensorflow/core/common_runtime/gpu/gpu_device.cc:1406] Created TensorFlow device (/job:localhost/replica:0/task:0/device:GPU:0 with 11763 MB memory) -> physical GPU (device: 0, name: Tesla T4, pci bus id: 0000:00:1e.0, compute capability: 7.5)
[DDPG] Building the actor model
[DDPG] Building the critic model
[DDPG] Building the critic model
[DDPG] Waiting for joint trajectory action
[DDPG] Found joint trajectory action!
[DDPG] Waiting for joint trajectory action
[DDPG] Found joint trajectory action!
[DDPG] Waiting for joint trajectory action
[DDPG] Found joint trajectory action!
[DDPG] Waiting for joint trajectory action
[DDPG] Found joint trajectory action!
[0m[ INFO] [1618554394.749754810, 7.656000000]: Loading robot model 'quadruped'...[0m
[0m[ INFO] [1618554394.751819051, 7.657000000]: No root/virtual joint specified in SRDF. Assuming fixed joint[0m
[33m[ WARN] [1618554394.752975572, 7.657000000]: Link dummy_link has visual geometry but no collision geometry. Collision geometry will be left empty. Fix your URDF file by explicitly specifying collision geometry.[0m
[0m[ INFO] [1618554397.163707211, 8.078000000]: Ready to take commands for planning group front_right_leg.[0m
[0m[ INFO] [1618554400.505412618, 8.789000000]: Ready to take commands for planning group front_left_leg.[0m
[0m[ INFO] [1618554403.274764916, 9.589000000]: Ready to take commands for planning group back_right_leg.[0m
[0m[ INFO] [1618554407.047644087, 10.389000000]: Ready to take commands for planning group back_left_leg.[0m
2021-04-16 06:28:16.341243: W tensorflow/core/framework/cpu_allocator_impl.cc:80] Allocation of 45360000 exceeds 10% of free system memory.
2021-04-16 06:28:20.196147: W tensorflow/core/framework/cpu_allocator_impl.cc:80] Allocation of 28728000 exceeds 10% of free system memory.
2021-04-16 06:28:20.539935: W tensorflow/core/framework/cpu_allocator_impl.cc:80] Allocation of 22680000 exceeds 10% of free system memory.
2021-04-16 06:28:20.773717: W tensorflow/core/framework/cpu_allocator_impl.cc:80] Allocation of 28728000 exceeds 10% of free system memory.
2021-04-16 06:28:20.940493: W tensorflow/core/framework/cpu_allocator_impl.cc:80] Allocation of 22680000 exceeds 10% of free system memory.
[Actor] GPU>>>>>>>>>>>>
[Actor] [PhysicalDevice(name='/physical_device:GPU:0', device_type='GPU')]
[DDPG] Loading Actor Weights
[DDPG] Initializing HER
[DDPG] Training Start
[DDPG] Resetting Environment
[DDPG] Starting Pretraining Test
2021-04-16 06:28:58.550415: I tensorflow/stream_executor/platform/default/dso_loader.cc:49] Successfully opened dynamic library libcublas.so.11
2021-04-16 06:29:04.539065: I tensorflow/stream_executor/platform/default/dso_loader.cc:49] Successfully opened dynamic library libcublasLt.so.11
[DDPG] Step 0 Reward 47.62331 Time 38.65876
[DDPG] Step 1 Reward -3.91105 Time 28.23013
[DDPG] Quadruped Not Upright
[DDPG] Step 2 Reward -0.25384 Time 26.63234
[DDPG] Quadruped Not Upright
[DDPG] Step 3 Reward -0.01502 Time 26.51236
[DDPG] Quadruped Not Upright
[DDPG] Step 4 Reward -5.29079 Time 28.76435
[DDPG] Resetting Environment
[DDPG] Starting Episode 0
[DDPG] Episode 0 Step 0 Reward -1.63833 Time 31.54991
[DDPG] Quadruped Not Upright
[DDPG] Episode 0 Step 1 Reward -10.94688 Time 26.29961
[DDPG] Starting Next Episode
[DDPG] Critic Loss 40.95025634765625
[DDPG] Total Reward -12.58521 Avg Critic Loss 40.95026 Time 12.11459
[DDPG] Saving Data
[DDPG] Saving HER goals
[DDPG] Saving Model
[DDPG] Resetting Environment
[DDPG] Starting Episode 1
[DDPG] Episode 1 Step 0 Reward 0.48810 Time 29.33654
[DDPG] Quadruped Not Upright
[DDPG] Episode 1 Step 1 Reward -8.32771 Time 26.26216
[DDPG] Starting Next Episode
[DDPG] Critic Loss 7302.5654296875
[DDPG] Total Reward -7.83961 Avg Critic Loss 7302.56543 Time 11.20105
[DDPG] Resetting Environment
[DDPG] Starting Episode 2
[DDPG] Episode 2 Step 0 Reward -2.32133 Time 29.10186
[DDPG] Episode 2 Step 1 Reward -4.99529 Time 28.90023
[DDPG] Episode 2 Step 2 Reward -1.78544 Time 27.18152
[DDPG] Episode 2 Step 3 Reward 0.36314 Time 28.90513
[DDPG] Quadruped Not Upright
[DDPG] Episode 2 Step 4 Reward -4.53623 Time 25.30789
[DDPG] Starting Next Episode
[DDPG] Critic Loss 2421.7666015625
[DDPG] Total Reward -13.27515 Avg Critic Loss 2421.76660 Time 10.68159
[DDPG] Resetting Environment
[DDPG] Starting Episode 3
[DDPG] Episode 3 Step 0 Reward -0.27638 Time 29.73461
[DDPG] Quadruped Not Upright
[DDPG] Episode 3 Step 1 Reward -6.83134 Time 25.13960
[DDPG] Starting Next Episode
[DDPG] Critic Loss 2066.35498046875
[DDPG] Total Reward -7.10772 Avg Critic Loss 2066.35498 Time 9.67199
[DDPG] Resetting Environment
[DDPG] Starting Episode 4
[DDPG] Episode 4 Step 0 Reward 1.39924 Time 31.66941
[DDPG] Quadruped Not Upright
[DDPG] Episode 4 Step 1 Reward -5.84718 Time 25.28860
[DDPG] Starting Next Episode
[DDPG] Critic Loss 1647.0062255859375
[DDPG] Total Reward -4.44794 Avg Critic Loss 1647.00623 Time 9.25250
[DDPG] Resetting Environment
[DDPG] Starting Episode 5
[DDPG] Quadruped Not Upright
[DDPG] Episode 5 Step 0 Reward -7.85490 Time 27.49218
[DDPG] Starting Next Episode
[DDPG] Critic Loss 1497.161376953125
[DDPG] Total Reward -7.85490 Avg Critic Loss 1497.16138 Time 11.28515
[DDPG] Resetting Environment
[DDPG] Starting Episode 6
[DDPG] Episode 6 Step 0 Reward -0.31285 Time 28.40625
[DDPG] Quadruped Not Upright
[DDPG] Episode 6 Step 1 Reward -3.13337 Time 26.34626
[DDPG] Starting Next Episode
[DDPG] Critic Loss 1267.340087890625
[DDPG] Total Reward -3.44622 Avg Critic Loss 1267.34009 Time 9.20403
[DDPG] Resetting Environment
[DDPG] Starting Episode 7
[DDPG] Episode 7 Step 0 Reward 1.33027 Time 31.23533
[DDPG] Quadruped Not Upright
[DDPG] Episode 7 Step 1 Reward -4.59631 Time 27.38033
[DDPG] Starting Next Episode
[DDPG] Critic Loss 1105.3367919921875
[DDPG] Total Reward -3.26604 Avg Critic Loss 1105.33679 Time 10.00489
[DDPG] Resetting Environment
[DDPG] Starting Episode 8
[DDPG] Episode 8 Step 0 Reward -2.01880 Time 27.90408
[DDPG] Quadruped Not Upright
[DDPG] Episode 8 Step 1 Reward -7.86694 Time 26.01096
[DDPG] Starting Next Episode
[DDPG] Critic Loss 976.8297119140625
[DDPG] Total Reward -9.88574 Avg Critic Loss 976.82971 Time 10.71798
[DDPG] Resetting Environment
[DDPG] Starting Episode 9
[DDPG] Episode 9 Step 0 Reward -1.90766 Time 30.81850
[DDPG] Quadruped Not Upright
[DDPG] Episode 9 Step 1 Reward -3.62974 Time 23.82159
[DDPG] Starting Next Episode
[DDPG] Critic Loss 877.0030517578125
[DDPG] Total Reward -5.53739 Avg Critic Loss 877.00305 Time 10.51661
[DDPG] Resetting Environment
[DDPG] Starting Episode 10
[DDPG] Quadruped Not Upright
[DDPG] Episode 10 Step 0 Reward -4.51480 Time 24.48050
[DDPG] Starting Next Episode
[DDPG] Critic Loss 836.2503662109375
[DDPG] Total Reward -4.51480 Avg Critic Loss 836.25037 Time 10.12471
[DDPG] Resetting Environment
[DDPG] Starting Episode 11
[DDPG] Episode 11 Step 0 Reward -2.72734 Time 28.77629
[DDPG] Episode 11 Step 1 Reward -2.77075 Time 27.75078
[DDPG] Episode 11 Step 2 Reward 0.89877 Time 30.95832
[DDPG] Quadruped Not Upright
[DDPG] Episode 11 Step 3 Reward -7.15929 Time 26.02639
[DDPG] Starting Next Episode
[DDPG] Critic Loss 698.0463256835938
[DDPG] Total Reward -11.75860 Avg Critic Loss 698.04633 Time 11.69052
[DDPG] Resetting Environment
[DDPG] Starting Episode 12
[DDPG] Episode 12 Step 0 Reward 1.06150 Time 26.34121
[DDPG] Quadruped Not Upright
[DDPG] Episode 12 Step 1 Reward -12.01918 Time 26.00364
[DDPG] Starting Next Episode
[DDPG] Critic Loss 646.6459350585938
[DDPG] Total Reward -10.95767 Avg Critic Loss 646.64594 Time 9.60195
[DDPG] Resetting Environment
[DDPG] Starting Episode 13
[DDPG] Episode 13 Step 0 Reward -4.05128 Time 28.07135
[DDPG] Episode 13 Step 1 Reward 1.98854 Time 29.31951
[DDPG] Quadruped Not Upright
[DDPG] Episode 13 Step 2 Reward -3.23313 Time 25.09919
[DDPG] Starting Next Episode
[DDPG] Critic Loss 580.5350341796875
[DDPG] Total Reward -5.29587 Avg Critic Loss 580.53503 Time 9.64659
[DDPG] Resetting Environment
[DDPG] Starting Episode 14
[DDPG] Quadruped Not Upright
[DDPG] Episode 14 Step 0 Reward -3.22942 Time 25.83186
[DDPG] Starting Next Episode
[DDPG] Critic Loss 562.8229370117188
[DDPG] Total Reward -3.22942 Avg Critic Loss 562.82294 Time 11.18678
[DDPG] Resetting Environment
[DDPG] Starting Episode 15
[DDPG] Episode 15 Step 0 Reward -0.88379 Time 29.49064
[DDPG] Quadruped Not Upright
[DDPG] Episode 15 Step 1 Reward -5.72776 Time 24.11247
[DDPG] Starting Next Episode
[DDPG] Critic Loss 529.0507202148438
[DDPG] Total Reward -6.61155 Avg Critic Loss 529.05072 Time 10.39830
[DDPG] Resetting Environment
[DDPG] Starting Episode 16
[DDPG] Episode 16 Step 0 Reward 1.44324 Time 30.52360
[DDPG] Episode 16 Step 1 Reward -9.01970 Time 29.13038
[DDPG] Floating Point Error in reward computation
[DDPG] Critic Loss 501.0570373535156
[DDPG] Total Reward -7.57646 Avg Critic Loss 501.05704 Time 10.98997
[DDPG] Resetting Environment
[DDPG] Starting Episode 17
[DDPG] Episode 17 Step 0 Reward -1.50715 Time 31.99673
[DDPG] Quadruped Not Upright
[DDPG] Episode 17 Step 1 Reward 0.86023 Time 26.01706
[DDPG] Starting Next Episode
[DDPG] Critic Loss 474.2159423828125
[DDPG] Total Reward -0.64692 Avg Critic Loss 474.21594 Time 10.46395
[DDPG] Resetting Environment
[DDPG] Starting Episode 18
[DDPG] Quadruped Not Upright
[DDPG] Episode 18 Step 0 Reward -2.67549 Time 27.24976
[DDPG] Starting Next Episode
[DDPG] Critic Loss 461.13916015625
[DDPG] Total Reward -2.67549 Avg Critic Loss 461.13916 Time 11.66891
[DDPG] Resetting Environment
[DDPG] Starting Episode 19
[DDPG] Quadruped Not Upright
[DDPG] Episode 19 Step 0 Reward -1.74358 Time 27.73113
[DDPG] Starting Next Episode
[DDPG] Critic Loss 449.98529052734375
[DDPG] Total Reward -1.74358 Avg Critic Loss 449.98529 Time 10.59513
[DDPG] Resetting Environment
[DDPG] Starting Episode 20
[DDPG] Episode 20 Step 0 Reward -1.36133 Time 31.14777
[DDPG] Floating Point Error in reward computation
[DDPG] Critic Loss 439.3421325683594
[DDPG] Total Reward -1.36133 Avg Critic Loss 439.34213 Time 9.80133
[DDPG] Resetting Environment
[DDPG] Starting Episode 21
[DDPG] Quadruped Not Upright
[DDPG] Episode 21 Step 0 Reward 0.87430 Time 24.87245
[DDPG] Starting Next Episode
[DDPG] Critic Loss 428.06317138671875
[DDPG] Total Reward 0.87430 Avg Critic Loss 428.06317 Time 10.89024
[DDPG] Resetting Environment
[DDPG] Starting Episode 22
[DDPG] Episode 22 Step 0 Reward -0.67042 Time 30.29931
[DDPG] Episode 22 Step 1 Reward -1.68528 Time 28.66421
[DDPG] Episode 22 Step 2 Reward -3.42694 Time 27.14019
[DDPG] Quadruped Not Upright
[DDPG] Episode 22 Step 3 Reward -5.02348 Time 26.07763
[DDPG] Starting Next Episode
[DDPG] Critic Loss 237.52113342285156
[DDPG] Total Reward -10.80612 Avg Critic Loss 237.52113 Time 13.04479
[DDPG] Resetting Environment
[DDPG] Starting Episode 23
[DDPG] Quadruped Not Upright
[DDPG] Episode 23 Step 0 Reward -3.08218 Time 24.34878
[DDPG] Starting Next Episode
[DDPG] Critic Loss 249.69808959960938
[DDPG] Total Reward -3.08218 Avg Critic Loss 249.69809 Time 10.88913
[DDPG] Resetting Environment
[DDPG] Starting Episode 24
[DDPG] Quadruped Not Upright
[DDPG] Episode 24 Step 0 Reward -3.80709 Time 25.26960
[DDPG] Starting Next Episode
[DDPG] Critic Loss 416.1449890136719
[DDPG] Total Reward -3.80709 Avg Critic Loss 416.14499 Time 11.45453
[DDPG] Resetting Environment
[DDPG] Starting Episode 25
[DDPG] Episode 25 Step 0 Reward -0.75149 Time 26.80138
[DDPG] Floating Point Error in reward computation
[DDPG] Critic Loss 426.43890380859375
[DDPG] Total Reward -0.75149 Avg Critic Loss 426.43890 Time 13.54702
[DDPG] Saving Data
[DDPG] Saving HER goals
[DDPG] Saving Model
[DDPG] Resetting Environment
[DDPG] Starting Episode 26
[DDPG] Episode 26 Step 0 Reward -3.22894 Time 30.15418
[DDPG] Quadruped Not Upright
[DDPG] Episode 26 Step 1 Reward 0.07923 Time 27.82022
[DDPG] Starting Next Episode
[DDPG] Critic Loss 425.56488037109375
[DDPG] Total Reward -3.14971 Avg Critic Loss 425.56488 Time 13.41939
[DDPG] Resetting Environment
[DDPG] Starting Episode 27
[DDPG] Episode 27 Step 0 Reward 1.32422 Time 30.75868
[DDPG] Quadruped Not Upright
[DDPG] Episode 27 Step 1 Reward -7.78073 Time 26.26825
[DDPG] Starting Next Episode
[DDPG] Critic Loss 427.8417663574219
[DDPG] Total Reward -6.45651 Avg Critic Loss 427.84177 Time 11.04742
[DDPG] Resetting Environment
[DDPG] Starting Episode 28
[DDPG] Quadruped Not Upright
[DDPG] Episode 28 Step 0 Reward -0.42305 Time 25.38603
[DDPG] Starting Next Episode
[DDPG] Critic Loss 428.48211669921875
[DDPG] Total Reward -0.42305 Avg Critic Loss 428.48212 Time 11.62114
[DDPG] Resetting Environment
[DDPG] Starting Episode 29
[DDPG] Quadruped Not Upright
[DDPG] Episode 29 Step 0 Reward -0.65314 Time 24.86116
[DDPG] Starting Next Episode
[DDPG] Critic Loss 403.6567077636719
[DDPG] Total Reward -0.65314 Avg Critic Loss 403.65671 Time 12.42056
[DDPG] Resetting Environment
[DDPG] Starting Episode 30
[DDPG] Quadruped Not Upright
[DDPG] Episode 30 Step 0 Reward -4.48819 Time 26.82248
[DDPG] Starting Next Episode
[DDPG] Critic Loss 414.0266418457031
[DDPG] Total Reward -4.48819 Avg Critic Loss 414.02664 Time 11.85453
[DDPG] Resetting Environment
[DDPG] Starting Episode 31
[DDPG] Quadruped Not Upright
[DDPG] Episode 31 Step 0 Reward -5.50541 Time 26.71675
[DDPG] Starting Next Episode
[DDPG] Critic Loss 249.2894287109375
[DDPG] Total Reward -5.50541 Avg Critic Loss 249.28943 Time 13.39666
[DDPG] Resetting Environment
[DDPG] Starting Episode 32
[DDPG] Quadruped Not Upright
[DDPG] Episode 32 Step 0 Reward -10.07549 Time 26.93794
[DDPG] Starting Next Episode
[DDPG] Critic Loss 427.0020446777344
[DDPG] Total Reward -10.07549 Avg Critic Loss 427.00204 Time 10.60818
[DDPG] Resetting Environment
[DDPG] Starting Episode 33
[DDPG] Episode 33 Step 0 Reward 1.18337 Time 25.38136
[DDPG] Episode 33 Step 1 Reward -11.33164 Time 27.58986
[DDPG] Quadruped Not Upright
[DDPG] Episode 33 Step 2 Reward -6.57505 Time 24.20880
[DDPG] Starting Next Episode
[DDPG] Critic Loss 249.2552947998047
[DDPG] Total Reward -16.72332 Avg Critic Loss 249.25529 Time 9.64044
[DDPG] Resetting Environment
[DDPG] Starting Episode 34
[DDPG] Quadruped Not Upright
[DDPG] Episode 34 Step 0 Reward -5.04172 Time 26.87618
[DDPG] Starting Next Episode
[DDPG] Critic Loss 216.34146118164062
[DDPG] Total Reward -5.04172 Avg Critic Loss 216.34146 Time 9.34450
[DDPG] Resetting Environment
[DDPG] Starting Episode 35
[DDPG] Quadruped Not Upright
[DDPG] Episode 35 Step 0 Reward -5.29701 Time 26.94840
[DDPG] Starting Next Episode
[DDPG] Critic Loss 417.59600830078125
[DDPG] Total Reward -5.29701 Avg Critic Loss 417.59601 Time 10.25143
[DDPG] Resetting Environment
[DDPG] Starting Episode 36
[DDPG] Episode 36 Step 0 Reward -3.08405 Time 28.85976
[DDPG] Quadruped Not Upright
[DDPG] Episode 36 Step 1 Reward -14.46289 Time 28.64443
[DDPG] Starting Next Episode
[DDPG] Critic Loss 420.4380187988281
[DDPG] Total Reward -17.54693 Avg Critic Loss 420.43802 Time 11.02890
[DDPG] Resetting Environment
[DDPG] Starting Episode 37
[DDPG] Episode 37 Step 0 Reward -5.18921 Time 29.27202
[DDPG] Quadruped Not Upright
[DDPG] Episode 37 Step 1 Reward -6.34662 Time 27.42323
[DDPG] Starting Next Episode
[DDPG] Critic Loss 407.7219543457031
[DDPG] Total Reward -11.53583 Avg Critic Loss 407.72195 Time 12.34432
[DDPG] Resetting Environment
[DDPG] Starting Episode 38
[DDPG] Episode 38 Step 0 Reward -1.54113 Time 26.71545
[DDPG] Quadruped Not Upright
[DDPG] Episode 38 Step 1 Reward -9.68175 Time 26.11486
[DDPG] Starting Next Episode
[DDPG] Critic Loss 214.96395874023438
[DDPG] Total Reward -11.22288 Avg Critic Loss 214.96396 Time 11.39271
[DDPG] Resetting Environment
[DDPG] Starting Episode 39
[DDPG] Episode 39 Step 0 Reward -0.06936 Time 26.73379
[DDPG] Quadruped Not Upright
[DDPG] Episode 39 Step 1 Reward -9.80146 Time 27.35125
[DDPG] Starting Next Episode
[DDPG] Critic Loss 242.84759521484375
[DDPG] Total Reward -9.87082 Avg Critic Loss 242.84760 Time 11.22385
[DDPG] Resetting Environment
[DDPG] Starting Episode 40
[DDPG] Quadruped Not Upright
[DDPG] Episode 40 Step 0 Reward -4.94039 Time 27.94161
[DDPG] Starting Next Episode
[DDPG] Critic Loss 252.2779083251953
[DDPG] Total Reward -4.94039 Avg Critic Loss 252.27791 Time 13.04851
[DDPG] Resetting Environment
[DDPG] Starting Episode 41
[DDPG] Episode 41 Step 0 Reward -1.79384 Time 29.25444
[DDPG] Episode 41 Step 1 Reward -5.02763 Time 28.71261
[DDPG] Quadruped Not Upright
[DDPG] Episode 41 Step 2 Reward -15.57464 Time 26.14300
[DDPG] Starting Next Episode
[DDPG] Critic Loss 217.20835876464844
[DDPG] Total Reward -22.39611 Avg Critic Loss 217.20836 Time 10.10201
[DDPG] Resetting Environment
[DDPG] Starting Episode 42
[DDPG] Quadruped Not Upright
[DDPG] Episode 42 Step 0 Reward -6.05342 Time 29.10972
[DDPG] Starting Next Episode
[DDPG] Critic Loss 385.4603271484375
[DDPG] Total Reward -6.05342 Avg Critic Loss 385.46033 Time 10.57945
[DDPG] Resetting Environment
[DDPG] Starting Episode 43
[DDPG] Episode 43 Step 0 Reward -0.64035 Time 28.81805
[DDPG] Episode 43 Step 1 Reward -4.23232 Time 29.37053
[DDPG] Quadruped Not Upright
[DDPG] Episode 43 Step 2 Reward -2.25759 Time 26.76235
[DDPG] Starting Next Episode
[DDPG] Critic Loss 231.18911743164062
[DDPG] Total Reward -7.13026 Avg Critic Loss 231.18912 Time 12.64216
[DDPG] Resetting Environment
[DDPG] Starting Episode 44
[DDPG] Quadruped Not Upright
[DDPG] Episode 44 Step 0 Reward -1.17856 Time 26.59092
[DDPG] Starting Next Episode
[DDPG] Critic Loss 245.80950927734375
[DDPG] Total Reward -1.17856 Avg Critic Loss 245.80951 Time 10.63099
[DDPG] Resetting Environment
[DDPG] Starting Episode 45
[DDPG] Episode 45 Step 0 Reward -2.20603 Time 28.48560
[DDPG] Episode 45 Step 1 Reward -6.01900 Time 27.63922
[DDPG] Episode 45 Step 2 Reward -18.15154 Time 28.85631
[DDPG] Episode 45 Step 3 Reward -1.95845 Time 27.84914
[DDPG] Episode 45 Step 4 Reward -2.44516 Time 26.78003
[DDPG] Episode 45 Step 5 Reward -1.06881 Time 32.03277
[DDPG] Quadruped Not Upright
[DDPG] Episode 45 Step 6 Reward -3.13195 Time 27.41428
[DDPG] Starting Next Episode
[DDPG] Critic Loss 63.52854537963867
[DDPG] Total Reward -34.98094 Avg Critic Loss 63.52855 Time 12.77342
[DDPG] Resetting Environment
[DDPG] Starting Episode 46
[DDPG] Episode 46 Step 0 Reward -0.09033 Time 29.37345
[DDPG] Quadruped Not Upright
[DDPG] Episode 46 Step 1 Reward -6.38203 Time 26.63704
[DDPG] Starting Next Episode
[DDPG] Critic Loss 40.69820785522461
[DDPG] Total Reward -6.47236 Avg Critic Loss 40.69821 Time 11.09949
[DDPG] Resetting Environment
[DDPG] Starting Episode 47
[DDPG] Episode 47 Step 0 Reward -0.93484 Time 26.97861
[DDPG] Episode 47 Step 1 Reward -9.31265 Time 27.59256
[DDPG] Episode 47 Step 2 Reward -0.20335 Time 27.29627
[DDPG] Quadruped Not Upright
[DDPG] Episode 47 Step 3 Reward -5.79767 Time 26.25576
[DDPG] Starting Next Episode
[DDPG] Critic Loss 413.4776306152344
[DDPG] Total Reward -16.24851 Avg Critic Loss 413.47763 Time 10.79651
[DDPG] Resetting Environment
[DDPG] Starting Episode 48
[DDPG] Episode 48 Step 0 Reward -0.15374 Time 26.32774
[DDPG] Quadruped Not Upright
[DDPG] Episode 48 Step 1 Reward -10.39273 Time 27.09468
[DDPG] Starting Next Episode
[DDPG] Critic Loss 412.5732727050781
[DDPG] Total Reward -10.54647 Avg Critic Loss 412.57327 Time 12.30749
[DDPG] Resetting Environment
[DDPG] Starting Episode 49
[DDPG] Episode 49 Step 0 Reward -1.48522 Time 27.27629
[DDPG] Episode 49 Step 1 Reward -7.23518 Time 27.86331
[DDPG] Episode 49 Step 2 Reward -1.91038 Time 28.53900
[DDPG] Episode 49 Step 3 Reward -1.85547 Time 28.56646
[DDPG] Episode 49 Step 4 Reward -1.86995 Time 25.94350
[DDPG] Episode 49 Step 5 Reward -1.89634 Time 24.55104
[DDPG] Episode 49 Step 6 Reward -3.30168 Time 27.97034
[DDPG] Episode 49 Step 7 Reward -2.33914 Time 29.33303
[DDPG] Episode 49 Step 8 Reward -1.99594 Time 28.03607
[DDPG] Episode 49 Step 9 Reward -1.79943 Time 27.57492
[DDPG] Episode 49 Step 10 Reward -1.33713 Time 27.25884
[DDPG] Episode 49 Step 11 Reward -1.18993 Time 27.05281
[DDPG] Episode 49 Step 12 Reward -0.80016 Time 28.11619
[DDPG] Episode 49 Step 13 Reward -0.73676 Time 29.57584
[DDPG] Episode 49 Step 14 Reward -0.61685 Time 28.62673
[DDPG] Episode 49 Step 15 Reward -1.35235 Time 28.25049
[DDPG] Episode 49 Step 16 Reward -1.40792 Time 28.26845
[DDPG] Episode 49 Step 17 Reward -0.46920 Time 29.93955
[DDPG] Episode 49 Step 18 Reward -0.36529 Time 28.60666
[DDPG] Episode 49 Step 19 Reward -0.47579 Time 27.10426
[DDPG] Episode 49 Step 20 Reward -1.46921 Time 27.54546
[DDPG] Quadruped Not Upright
[DDPG] Episode 49 Step 21 Reward -4.64491 Time 24.36743
[DDPG] Starting Next Episode
[DDPG] Critic Loss 218.18804931640625
[DDPG] Total Reward -40.55423 Avg Critic Loss 218.18805 Time 11.58972
[DDPG] Resetting Environment
[DDPG] Starting Episode 50
[DDPG] Quadruped Not Upright
[DDPG] Episode 50 Step 0 Reward -9.75285 Time 24.58693
[DDPG] Starting Next Episode
[DDPG] Critic Loss 229.37814331054688
[DDPG] Total Reward -9.75285 Avg Critic Loss 229.37814 Time 11.74101
[DDPG] Saving Data
[DDPG] Saving HER goals
[DDPG] Saving Model
[DDPG] Resetting Environment
[DDPG] Starting Episode 51
[DDPG] Quadruped Not Upright
[DDPG] Episode 51 Step 0 Reward -3.48129 Time 23.38647
[DDPG] Starting Next Episode
[DDPG] Critic Loss 50.9324836730957
[DDPG] Total Reward -3.48129 Avg Critic Loss 50.93248 Time 10.27646
[DDPG] Resetting Environment
[]
[DDPG] Error in Resetting End Training
[DDPG] Starting Episode 52
[DDPG] Quadruped Not Upright
[DDPG] Episode 52 Step 0 Reward -6.61662 Time 25.29115
[DDPG] Starting Next Episode
[DDPG] Critic Loss 49.272796630859375
[DDPG] Total Reward -6.61662 Avg Critic Loss 49.27280 Time 8.91041
[DDPG] Resetting Environment
[DDPG] Starting Episode 53
[DDPG] Quadruped Not Upright
[DDPG] Episode 53 Step 0 Reward -2.02618 Time 25.25470
[DDPG] Starting Next Episode
[DDPG] Critic Loss 219.01145935058594
[DDPG] Total Reward -2.02618 Avg Critic Loss 219.01146 Time 11.44138
[DDPG] Resetting Environment
[DDPG] Starting Episode 54
[DDPG] Action value NaN. Ending Episode
[DDPG] Critic Loss nan
[DDPG] Total Reward 0.00000 Avg Critic Loss nan Time 10.58573
[DDPG] Resetting Environment
[DDPG] Starting Episode 55
[DDPG] Action value NaN. Ending Episode
[DDPG] Critic Loss nan
[DDPG] Total Reward 0.00000 Avg Critic Loss nan Time 11.70095
[DDPG] Resetting Environment
[DDPG] Starting Episode 56
[DDPG] Action value NaN. Ending Episode
[DDPG] Critic Loss nan
[DDPG] Total Reward 0.00000 Avg Critic Loss nan Time 10.33190
[DDPG] Resetting Environment
[DDPG] Starting Episode 57
[DDPG] Action value NaN. Ending Episode
[DDPG] Critic Loss nan
[DDPG] Total Reward 0.00000 Avg Critic Loss nan Time 11.55933
[DDPG] Resetting Environment
[DDPG] Starting Episode 58
[DDPG] Action value NaN. Ending Episode
[DDPG] Critic Loss nan
[DDPG] Total Reward 0.00000 Avg Critic Loss nan Time 10.95368
[DDPG] Resetting Environment
[DDPG] Starting Episode 59
[DDPG] Action value NaN. Ending Episode
[DDPG] Critic Loss nan
[DDPG] Total Reward 0.00000 Avg Critic Loss nan Time 11.19866
[DDPG] Resetting Environment
[DDPG] Starting Episode 60
[DDPG] Action value NaN. Ending Episode
[DDPG] Critic Loss nan
[DDPG] Total Reward 0.00000 Avg Critic Loss nan Time 10.91870
[DDPG] Resetting Environment
[DDPG] Starting Episode 61
[DDPG] Action value NaN. Ending Episode
[DDPG] Critic Loss nan
[DDPG] Total Reward 0.00000 Avg Critic Loss nan Time 9.89504
[DDPG] Resetting Environment
[DDPG] Starting Episode 62
[DDPG] Action value NaN. Ending Episode
[DDPG] Critic Loss nan
[DDPG] Total Reward 0.00000 Avg Critic Loss nan Time 9.35242
[DDPG] Resetting Environment
[DDPG] Starting Episode 63
[DDPG] Action value NaN. Ending Episode
[DDPG] Critic Loss nan
[DDPG] Total Reward 0.00000 Avg Critic Loss nan Time 12.06994
[DDPG] Resetting Environment
[DDPG] Starting Episode 64
[DDPG] Action value NaN. Ending Episode
[DDPG] Critic Loss nan
[DDPG] Total Reward 0.00000 Avg Critic Loss nan Time 11.20801
[DDPG] Resetting Environment
[DDPG] Starting Episode 65
[DDPG] Action value NaN. Ending Episode
[DDPG] Critic Loss nan
[DDPG] Total Reward 0.00000 Avg Critic Loss nan Time 10.99714
[DDPG] Resetting Environment
[DDPG] Starting Episode 66
[DDPG] Action value NaN. Ending Episode
[DDPG] Critic Loss nan
[DDPG] Total Reward 0.00000 Avg Critic Loss nan Time 10.73179
[DDPG] Resetting Environment
[DDPG] Starting Episode 67
[DDPG] Action value NaN. Ending Episode
[DDPG] Critic Loss nan
[DDPG] Total Reward 0.00000 Avg Critic Loss nan Time 10.52756
[DDPG] Resetting Environment
[DDPG] Starting Episode 68
[DDPG] Action value NaN. Ending Episode
[DDPG] Critic Loss nan
[DDPG] Total Reward 0.00000 Avg Critic Loss nan Time 11.74282
[DDPG] Resetting Environment
[DDPG] Starting Episode 69
[DDPG] Action value NaN. Ending Episode
[DDPG] Critic Loss nan
[DDPG] Total Reward 0.00000 Avg Critic Loss nan Time 10.12053
[DDPG] Resetting Environment
[DDPG] Starting Episode 70
[DDPG] Action value NaN. Ending Episode
[DDPG] Critic Loss nan
[DDPG] Total Reward 0.00000 Avg Critic Loss nan Time 10.91410
[DDPG] Resetting Environment
[DDPG] Starting Episode 71
[DDPG] Action value NaN. Ending Episode
[DDPG] Critic Loss nan
[DDPG] Total Reward 0.00000 Avg Critic Loss nan Time 10.91973
[DDPG] Resetting Environment
[DDPG] Starting Episode 72
[DDPG] Action value NaN. Ending Episode
[DDPG] Critic Loss nan
[DDPG] Total Reward 0.00000 Avg Critic Loss nan Time 10.17453
[DDPG] Resetting Environment
[DDPG] Starting Episode 73
[DDPG] Action value NaN. Ending Episode
[DDPG] Critic Loss nan
[DDPG] Total Reward 0.00000 Avg Critic Loss nan Time 10.78696
[DDPG] Resetting Environment
[DDPG] Starting Episode 74
[DDPG] Action value NaN. Ending Episode
[DDPG] Critic Loss nan
[DDPG] Total Reward 0.00000 Avg Critic Loss nan Time 10.70259
[DDPG] Resetting Environment
[DDPG] Starting Episode 75
[DDPG] Action value NaN. Ending Episode
[DDPG] Critic Loss nan
[DDPG] Total Reward 0.00000 Avg Critic Loss nan Time 9.97046
[DDPG] Saving Data
[DDPG] Saving HER goals
[DDPG] Saving Model
[DDPG] Resetting Environment
[DDPG] Starting Episode 76
[DDPG] Action value NaN. Ending Episode
[DDPG] Critic Loss nan
[DDPG] Total Reward 0.00000 Avg Critic Loss nan Time 11.45435
[DDPG] Resetting Environment
[DDPG] Starting Episode 77
[DDPG] Action value NaN. Ending Episode
[DDPG] Critic Loss nan
[DDPG] Total Reward 0.00000 Avg Critic Loss nan Time 11.65407
[DDPG] Resetting Environment
[DDPG] Starting Episode 78
[DDPG] Action value NaN. Ending Episode
[DDPG] Critic Loss nan
[DDPG] Total Reward 0.00000 Avg Critic Loss nan Time 12.56153
[DDPG] Resetting Environment
[DDPG] Starting Episode 79
[DDPG] Action value NaN. Ending Episode
[DDPG] Critic Loss nan
[DDPG] Total Reward 0.00000 Avg Critic Loss nan Time 10.10573
[DDPG] Resetting Environment
[DDPG] Starting Episode 80
[DDPG] Action value NaN. Ending Episode
[DDPG] Critic Loss nan
[DDPG] Total Reward 0.00000 Avg Critic Loss nan Time 11.04608
[DDPG] Resetting Environment
[DDPG] Starting Episode 81
[DDPG] Action value NaN. Ending Episode
[DDPG] Critic Loss nan
[DDPG] Total Reward 0.00000 Avg Critic Loss nan Time 10.40475
[DDPG] Resetting Environment
[DDPG] Starting Episode 82
[DDPG] Action value NaN. Ending Episode
[DDPG] Critic Loss nan
[DDPG] Total Reward 0.00000 Avg Critic Loss nan Time 11.59328
[DDPG] Resetting Environment
[DDPG] Starting Episode 83
[DDPG] Action value NaN. Ending Episode
[DDPG] Critic Loss nan
[DDPG] Total Reward 0.00000 Avg Critic Loss nan Time 11.31392
[DDPG] Resetting Environment
[DDPG] Starting Episode 84
[DDPG] Action value NaN. Ending Episode
[DDPG] Critic Loss nan
[DDPG] Total Reward 0.00000 Avg Critic Loss nan Time 12.19514
[DDPG] Resetting Environment
[DDPG] Starting Episode 85
[DDPG] Action value NaN. Ending Episode
[DDPG] Critic Loss nan
[DDPG] Total Reward 0.00000 Avg Critic Loss nan Time 10.89078
[DDPG] Resetting Environment
[DDPG] Starting Episode 86
[DDPG] Action value NaN. Ending Episode
[DDPG] Critic Loss nan
[DDPG] Total Reward 0.00000 Avg Critic Loss nan Time 10.83552
[DDPG] Resetting Environment
[DDPG] Starting Episode 87
[DDPG] Action value NaN. Ending Episode
[DDPG] Critic Loss nan
[DDPG] Total Reward 0.00000 Avg Critic Loss nan Time 10.39963
[DDPG] Resetting Environment
[DDPG] Starting Episode 88
[DDPG] Action value NaN. Ending Episode
[DDPG] Critic Loss nan
[DDPG] Total Reward 0.00000 Avg Critic Loss nan Time 11.74918
[DDPG] Resetting Environment
[DDPG] Starting Episode 89
[DDPG] Action value NaN. Ending Episode
[DDPG] Critic Loss nan
[DDPG] Total Reward 0.00000 Avg Critic Loss nan Time 9.13207
[DDPG] Resetting Environment
Traceback (most recent call last):
  File "learn.py", line 1494, in <module>
    learner.learn(
  File "learn.py", line 954, in learn
    self.current_time_step = self.env.reset()
  File "/home/ubuntu/.local/lib/python3.8/site-packages/tf_agents/environments/tf_environment.py", line 209, in reset
    return self._reset()
  File "/home/ubuntu/CPGController/src/rl/env.py", line 56, in _reset
    self._state, self._reward = self.quadruped.reset()
  File "/home/ubuntu/CPGController/src/simulations/ws/src/quadruped/scripts/quadruped.py", line 918, in reset
    rospy.sleep(2.0)
  File "/opt/ros/noetic/lib/python3/dist-packages/rospy/timer.py", line 165, in sleep
    raise rospy.exceptions.ROSInterruptException("ROS shutdown request")
rospy.exceptions.ROSInterruptException: ROS shutdown request
2021-04-16 11:01:11.033725: I tensorflow/stream_executor/platform/default/dso_loader.cc:49] Successfully opened dynamic library libcudart.so.11.0
Unable to init server: Could not connect: Connection refused
Unable to init server: Could not connect: Connection refused

(learn.py:1644718): Gdk-CRITICAL **: 11:01:28.211: gdk_cursor_new_for_display: assertion 'GDK_IS_DISPLAY (display)' failed
2021-04-16 11:01:29.827890: I tensorflow/compiler/jit/xla_cpu_device.cc:41] Not creating XLA devices, tf_xla_enable_xla_devices not set
2021-04-16 11:01:29.838928: I tensorflow/stream_executor/platform/default/dso_loader.cc:49] Successfully opened dynamic library libcuda.so.1
2021-04-16 11:01:29.927493: I tensorflow/stream_executor/cuda/cuda_gpu_executor.cc:941] successful NUMA node read from SysFS had negative value (-1), but there must be at least one NUMA node, so returning NUMA node zero
2021-04-16 11:01:29.931261: I tensorflow/core/common_runtime/gpu/gpu_device.cc:1720] Found device 0 with properties: 
pciBusID: 0000:00:1e.0 name: Tesla T4 computeCapability: 7.5
coreClock: 1.59GHz coreCount: 40 deviceMemorySize: 14.75GiB deviceMemoryBandwidth: 298.08GiB/s
2021-04-16 11:01:29.931583: I tensorflow/stream_executor/platform/default/dso_loader.cc:49] Successfully opened dynamic library libcudart.so.11.0
2021-04-16 11:01:29.961217: I tensorflow/stream_executor/platform/default/dso_loader.cc:49] Successfully opened dynamic library libcublas.so.11
2021-04-16 11:01:29.963150: I tensorflow/stream_executor/platform/default/dso_loader.cc:49] Successfully opened dynamic library libcublasLt.so.11
2021-04-16 11:01:29.976894: I tensorflow/stream_executor/platform/default/dso_loader.cc:49] Successfully opened dynamic library libcufft.so.10
2021-04-16 11:01:29.981654: I tensorflow/stream_executor/platform/default/dso_loader.cc:49] Successfully opened dynamic library libcurand.so.10
2021-04-16 11:01:30.008644: I tensorflow/stream_executor/platform/default/dso_loader.cc:49] Successfully opened dynamic library libcusolver.so.10
2021-04-16 11:01:30.016204: I tensorflow/stream_executor/platform/default/dso_loader.cc:49] Successfully opened dynamic library libcusparse.so.11
2021-04-16 11:01:30.018828: I tensorflow/stream_executor/platform/default/dso_loader.cc:49] Successfully opened dynamic library libcudnn.so.8
2021-04-16 11:01:30.020164: I tensorflow/stream_executor/cuda/cuda_gpu_executor.cc:941] successful NUMA node read from SysFS had negative value (-1), but there must be at least one NUMA node, so returning NUMA node zero
2021-04-16 11:01:30.024519: I tensorflow/stream_executor/cuda/cuda_gpu_executor.cc:941] successful NUMA node read from SysFS had negative value (-1), but there must be at least one NUMA node, so returning NUMA node zero
2021-04-16 11:01:30.028997: I tensorflow/core/common_runtime/gpu/gpu_device.cc:1862] Adding visible gpu devices: 0
[DDPG] Building the actor model
2021-04-16 11:01:30.101114: I tensorflow/core/platform/cpu_feature_guard.cc:142] This TensorFlow binary is optimized with oneAPI Deep Neural Network Library (oneDNN) to use the following CPU instructions in performance-critical operations:  AVX2 AVX512F FMA
To enable them in other operations, rebuild TensorFlow with the appropriate compiler flags.
2021-04-16 11:01:30.103179: I tensorflow/compiler/jit/xla_gpu_device.cc:99] Not creating XLA devices, tf_xla_enable_xla_devices not set
2021-04-16 11:01:30.105944: I tensorflow/stream_executor/cuda/cuda_gpu_executor.cc:941] successful NUMA node read from SysFS had negative value (-1), but there must be at least one NUMA node, so returning NUMA node zero
2021-04-16 11:01:30.109603: I tensorflow/core/common_runtime/gpu/gpu_device.cc:1720] Found device 0 with properties: 
pciBusID: 0000:00:1e.0 name: Tesla T4 computeCapability: 7.5
coreClock: 1.59GHz coreCount: 40 deviceMemorySize: 14.75GiB deviceMemoryBandwidth: 298.08GiB/s
2021-04-16 11:01:30.109837: I tensorflow/stream_executor/platform/default/dso_loader.cc:49] Successfully opened dynamic library libcudart.so.11.0
2021-04-16 11:01:30.110090: I tensorflow/stream_executor/platform/default/dso_loader.cc:49] Successfully opened dynamic library libcublas.so.11
2021-04-16 11:01:30.111779: I tensorflow/stream_executor/platform/default/dso_loader.cc:49] Successfully opened dynamic library libcublasLt.so.11
2021-04-16 11:01:30.111891: I tensorflow/stream_executor/platform/default/dso_loader.cc:49] Successfully opened dynamic library libcufft.so.10
2021-04-16 11:01:30.112189: I tensorflow/stream_executor/platform/default/dso_loader.cc:49] Successfully opened dynamic library libcurand.so.10
2021-04-16 11:01:30.112872: I tensorflow/stream_executor/platform/default/dso_loader.cc:49] Successfully opened dynamic library libcusolver.so.10
2021-04-16 11:01:30.112965: I tensorflow/stream_executor/platform/default/dso_loader.cc:49] Successfully opened dynamic library libcusparse.so.11
2021-04-16 11:01:30.113050: I tensorflow/stream_executor/platform/default/dso_loader.cc:49] Successfully opened dynamic library libcudnn.so.8
2021-04-16 11:01:30.114177: I tensorflow/stream_executor/cuda/cuda_gpu_executor.cc:941] successful NUMA node read from SysFS had negative value (-1), but there must be at least one NUMA node, so returning NUMA node zero
2021-04-16 11:01:30.116904: I tensorflow/stream_executor/cuda/cuda_gpu_executor.cc:941] successful NUMA node read from SysFS had negative value (-1), but there must be at least one NUMA node, so returning NUMA node zero
2021-04-16 11:01:30.119920: I tensorflow/core/common_runtime/gpu/gpu_device.cc:1862] Adding visible gpu devices: 0
2021-04-16 11:01:30.119979: I tensorflow/stream_executor/platform/default/dso_loader.cc:49] Successfully opened dynamic library libcudart.so.11.0
2021-04-16 11:01:34.786867: I tensorflow/core/common_runtime/gpu/gpu_device.cc:1261] Device interconnect StreamExecutor with strength 1 edge matrix:
2021-04-16 11:01:34.786923: I tensorflow/core/common_runtime/gpu/gpu_device.cc:1267]      0 
2021-04-16 11:01:34.786935: I tensorflow/core/common_runtime/gpu/gpu_device.cc:1280] 0:   N 
2021-04-16 11:01:34.791815: I tensorflow/stream_executor/cuda/cuda_gpu_executor.cc:941] successful NUMA node read from SysFS had negative value (-1), but there must be at least one NUMA node, so returning NUMA node zero
2021-04-16 11:01:34.796094: I tensorflow/stream_executor/cuda/cuda_gpu_executor.cc:941] successful NUMA node read from SysFS had negative value (-1), but there must be at least one NUMA node, so returning NUMA node zero
2021-04-16 11:01:34.801794: I tensorflow/stream_executor/cuda/cuda_gpu_executor.cc:941] successful NUMA node read from SysFS had negative value (-1), but there must be at least one NUMA node, so returning NUMA node zero
2021-04-16 11:01:34.806910: I tensorflow/core/common_runtime/gpu/gpu_device.cc:1406] Created TensorFlow device (/job:localhost/replica:0/task:0/device:GPU:0 with 12140 MB memory) -> physical GPU (device: 0, name: Tesla T4, pci bus id: 0000:00:1e.0, compute capability: 7.5)
[DDPG] Building the actor model
[DDPG] Building the critic model
[DDPG] Building the critic model
[DDPG] Waiting for joint trajectory action
[DDPG] Found joint trajectory action!
[DDPG] Waiting for joint trajectory action
[DDPG] Found joint trajectory action!
[DDPG] Waiting for joint trajectory action
[DDPG] Found joint trajectory action!
[DDPG] Waiting for joint trajectory action
[DDPG] Found joint trajectory action!
[0m[ INFO] [1618570922.438151415, 7.173000000]: Loading robot model 'quadruped'...[0m
[0m[ INFO] [1618570922.440511959, 7.174000000]: No root/virtual joint specified in SRDF. Assuming fixed joint[0m
[33m[ WARN] [1618570922.440801239, 7.174000000]: Link dummy_link has visual geometry but no collision geometry. Collision geometry will be left empty. Fix your URDF file by explicitly specifying collision geometry.[0m
[0m[ INFO] [1618570924.423239755, 7.732000000]: Ready to take commands for planning group front_right_leg.[0m
[0m[ INFO] [1618570926.803339101, 8.362000000]: Ready to take commands for planning group front_left_leg.[0m
[0m[ INFO] [1618570929.758721958, 9.162000000]: Ready to take commands for planning group back_right_leg.[0m
[0m[ INFO] [1618570932.791359492, 9.962000000]: Ready to take commands for planning group back_left_leg.[0m
[Actor] GPU>>>>>>>>>>>>
[Actor] [PhysicalDevice(name='/physical_device:GPU:0', device_type='GPU')]
[DDPG] Loading Actor Weights
[DDPG] Initializing HER
[DDPG] Training Start
[DDPG] Resetting Environment
[DDPG] Starting Pretraining Test
2021-04-16 11:03:58.360400: I tensorflow/stream_executor/platform/default/dso_loader.cc:49] Successfully opened dynamic library libcublas.so.11
2021-04-16 11:04:03.338517: I tensorflow/stream_executor/platform/default/dso_loader.cc:49] Successfully opened dynamic library libcublasLt.so.11
[DDPG] Step 0 Reward 38.95348 Time 29.01611
[DDPG] Step 1 Reward 36.07455 Time 22.01372
[DDPG] Step 2 Reward 40.52522 Time 22.92629
[DDPG] Quadruped Not Upright
[DDPG] Step 3 Reward -1.80065 Time 20.59463
[DDPG] Quadruped Not Upright
[DDPG] Step 4 Reward -1.28649 Time 20.10997
[DDPG] Resetting Environment
[DDPG] Starting Episode 0
[DDPG] Quadruped Not Upright
[DDPG] Episode 0 Step 0 Reward -2.79196 Time 21.50290
[DDPG] Starting Next Episode
[DDPG] Critic Loss 16.731008529663086
[DDPG] Total Reward -2.79196 Avg Critic Loss 16.73101 Time 8.45324
[DDPG] Saving Data
[DDPG] Saving HER goals
[DDPG] Saving Model
[DDPG] Resetting Environment
[DDPG] Starting Episode 1
[DDPG] Quadruped Not Upright
[DDPG] Episode 1 Step 0 Reward -4.36601 Time 20.21005
[DDPG] Starting Next Episode
[DDPG] Critic Loss 16.964275360107422
[DDPG] Total Reward -4.36601 Avg Critic Loss 16.96428 Time 8.28642
[DDPG] Resetting Environment
[DDPG] Starting Episode 2
2021-04-16 11:08:05.176666: I tensorflow/stream_executor/platform/default/dso_loader.cc:49] Successfully opened dynamic library libcudart.so.11.0
[DDPG] Episode 2 Step 0 Reward -2.55513 Time 26.00910
[DDPG] Quadruped Not Upright
[DDPG] Episode 2 Step 1 Reward -3.50030 Time 19.10672
[DDPG] Starting Next Episode
[DDPG] Critic Loss 13.008256912231445
[DDPG] Total Reward -6.05543 Avg Critic Loss 13.00826 Time 7.64110
[DDPG] Resetting Environment
[DDPG] Starting Episode 3
[DDPG] Episode 3 Step 0 Reward -1.63743 Time 21.80939
[DDPG] Episode 3 Step 1 Reward -2.54272 Time 20.88657
[DDPG] Quadruped Not Upright
[DDPG] Episode 3 Step 2 Reward 0.22665 Time 20.39613
[DDPG] Starting Next Episode
[DDPG] Critic Loss 9.342384338378906
[DDPG] Total Reward -3.95350 Avg Critic Loss 9.34238 Time 8.64087
[DDPG] Resetting Environment
[DDPG] Starting Episode 4
[DDPG] Episode 4 Step 0 Reward 4.03109 Time 26.01061
[DDPG] Quadruped Not Upright
[DDPG] Episode 4 Step 1 Reward -6.45415 Time 20.66978
[DDPG] Starting Next Episode
[DDPG] Critic Loss 8.763093948364258
[DDPG] Total Reward -2.42305 Avg Critic Loss 8.76309 Time 8.97879
[DDPG] Resetting Environment
[DDPG] Starting Episode 5
[DDPG] Episode 5 Step 0 Reward -0.78689 Time 24.29821
[DDPG] Episode 5 Step 1 Reward -2.17448 Time 22.44273
[DDPG] Episode 5 Step 2 Reward -1.05716 Time 27.53349
[DDPG] Episode 5 Step 3 Reward -1.18091 Time 25.30618
[DDPG] Quadruped Not Upright
[DDPG] Episode 5 Step 4 Reward -6.50903 Time 23.76566
[DDPG] Starting Next Episode
[DDPG] Critic Loss 7.180037975311279
[DDPG] Total Reward -11.70847 Avg Critic Loss 7.18004 Time 8.62194
[DDPG] Resetting Environment
[DDPG] Starting Episode 6
[DDPG] Episode 6 Step 0 Reward 1.80575 Time 23.41889
[DDPG] Quadruped Not Upright
[DDPG] Episode 6 Step 1 Reward -8.16938 Time 21.07268
[DDPG] Starting Next Episode
[DDPG] Critic Loss 7.8207011222839355
[DDPG] Total Reward -6.36363 Avg Critic Loss 7.82070 Time 8.86665
[DDPG] Resetting Environment
[DDPG] Starting Episode 7
[DDPG] Episode 7 Step 0 Reward -2.83807 Time 24.59332
[DDPG] Quadruped Not Upright
[DDPG] Episode 7 Step 1 Reward -2.11225 Time 21.94693
[DDPG] Starting Next Episode
[DDPG] Critic Loss 7.751265525817871
[DDPG] Total Reward -4.95033 Avg Critic Loss 7.75127 Time 9.36783
[DDPG] Resetting Environment
[DDPG] Starting Episode 8
[DDPG] Quadruped Not Upright
[DDPG] Episode 8 Step 0 Reward -10.70718 Time 21.26720
[DDPG] Starting Next Episode
[DDPG] Critic Loss 9.635382652282715
[DDPG] Total Reward -10.70718 Avg Critic Loss 9.63538 Time 9.36030
[DDPG] Resetting Environment
[DDPG] Starting Episode 9
[DDPG] Quadruped Not Upright
[DDPG] Episode 9 Step 0 Reward -0.71807 Time 21.60863
[DDPG] Starting Next Episode
[DDPG] Critic Loss 9.663532257080078
[DDPG] Total Reward -0.71807 Avg Critic Loss 9.66353 Time 9.41474
[DDPG] Resetting Environment
[DDPG] Starting Episode 10
[DDPG] Episode 10 Step 0 Reward -1.45605 Time 25.17979
[DDPG] Quadruped Not Upright
[DDPG] Episode 10 Step 1 Reward 0.10104 Time 21.07024
[DDPG] Starting Next Episode
[DDPG] Critic Loss 9.708575248718262
[DDPG] Total Reward -1.35501 Avg Critic Loss 9.70858 Time 9.58185
[DDPG] Resetting Environment
[DDPG] Starting Episode 11
[DDPG] Quadruped Not Upright
[DDPG] Episode 11 Step 0 Reward -3.45420 Time 21.29880
[DDPG] Starting Next Episode
[DDPG] Critic Loss 10.03084945678711
[DDPG] Total Reward -3.45420 Avg Critic Loss 10.03085 Time 9.12778
[DDPG] Resetting Environment
[DDPG] Starting Episode 12
[DDPG] Episode 12 Step 0 Reward -0.74497 Time 24.35230
[DDPG] Quadruped Not Upright
[DDPG] Episode 12 Step 1 Reward -7.39612 Time 21.56983
[DDPG] Starting Next Episode
[DDPG] Critic Loss 10.079741477966309
[DDPG] Total Reward -8.14109 Avg Critic Loss 10.07974 Time 8.91377
[DDPG] Resetting Environment
[DDPG] Starting Episode 13
[DDPG] Episode 13 Step 0 Reward -0.09903 Time 24.83513
[DDPG] Quadruped Not Upright
[DDPG] Episode 13 Step 1 Reward -8.94226 Time 22.09153
[DDPG] Starting Next Episode
[DDPG] Critic Loss 10.064455032348633
[DDPG] Total Reward -9.04128 Avg Critic Loss 10.06446 Time 8.39560
[DDPG] Resetting Environment
[DDPG] Starting Episode 14
[DDPG] Episode 14 Step 0 Reward -1.63293 Time 26.26185
[DDPG] Quadruped Not Upright
[DDPG] Episode 14 Step 1 Reward -7.00312 Time 22.99562
[DDPG] Starting Next Episode
[DDPG] Critic Loss 9.965851783752441
[DDPG] Total Reward -8.63605 Avg Critic Loss 9.96585 Time 9.68197
[DDPG] Resetting Environment
[DDPG] Starting Episode 15
[DDPG] Episode 15 Step 0 Reward -0.83581 Time 29.08624
[DDPG] Quadruped Not Upright
[DDPG] Episode 15 Step 1 Reward -5.54815 Time 22.69482
[DDPG] Starting Next Episode
[DDPG] Critic Loss 10.336373329162598
[DDPG] Total Reward -6.38396 Avg Critic Loss 10.33637 Time 9.04856
[DDPG] Resetting Environment
[DDPG] Starting Episode 16
[DDPG] Episode 16 Step 0 Reward -0.85745 Time 24.77178
[DDPG] Quadruped Not Upright
[DDPG] Episode 16 Step 1 Reward -11.58190 Time 21.27633
[DDPG] Starting Next Episode
[DDPG] Critic Loss 10.713348388671875
[DDPG] Total Reward -12.43935 Avg Critic Loss 10.71335 Time 7.72422
[DDPG] Resetting Environment
[DDPG] Starting Episode 17
[DDPG] Episode 17 Step 0 Reward -2.34266 Time 21.66813
[DDPG] Episode 17 Step 1 Reward -5.29751 Time 23.93417
[DDPG] Episode 17 Step 2 Reward -1.02095 Time 24.48515
[DDPG] Quadruped Not Upright
[DDPG] Episode 17 Step 3 Reward -1.60484 Time 20.37844
[DDPG] Starting Next Episode
[DDPG] Critic Loss 10.990263938903809
[DDPG] Total Reward -10.26596 Avg Critic Loss 10.99026 Time 8.50672
[DDPG] Resetting Environment
[DDPG] Starting Episode 18
[DDPG] Episode 18 Step 0 Reward -1.67885 Time 21.40804
[DDPG] Quadruped Not Upright
[DDPG] Episode 18 Step 1 Reward -5.37573 Time 21.38408
[DDPG] Starting Next Episode
[DDPG] Critic Loss 11.186554908752441
[DDPG] Total Reward -7.05458 Avg Critic Loss 11.18655 Time 8.63577
[DDPG] Resetting Environment
[DDPG] Starting Episode 19
[DDPG] Episode 19 Step 0 Reward -5.83397 Time 24.80882
[DDPG] Quadruped Not Upright
[DDPG] Episode 19 Step 1 Reward -4.69261 Time 20.18084
[DDPG] Starting Next Episode
[DDPG] Critic Loss 11.491556167602539
[DDPG] Total Reward -10.52658 Avg Critic Loss 11.49156 Time 7.46092
[DDPG] Resetting Environment
[DDPG] Starting Episode 20
[DDPG] Episode 20 Step 0 Reward -2.67299 Time 26.53103
[DDPG] Episode 20 Step 1 Reward -6.78294 Time 22.50263
[DDPG] Quadruped Not Upright
[DDPG] Episode 20 Step 2 Reward 2.02060 Time 20.27484
[DDPG] Starting Next Episode
[DDPG] Critic Loss 18.877765655517578
[DDPG] Total Reward -7.43533 Avg Critic Loss 18.87777 Time 8.57769
[DDPG] Resetting Environment
[DDPG] Starting Episode 21
[DDPG] Episode 21 Step 0 Reward -5.46723 Time 22.44113
[DDPG] Quadruped Not Upright
[DDPG] Episode 21 Step 1 Reward -6.64089 Time 21.50971
[DDPG] Starting Next Episode
[DDPG] Critic Loss 595.0078735351562
[DDPG] Total Reward -12.10812 Avg Critic Loss 595.00787 Time 9.77214
[DDPG] Resetting Environment
[DDPG] Starting Episode 22
[DDPG] Episode 22 Step 0 Reward -5.08653 Time 23.39230
[DDPG] Quadruped Not Upright
[DDPG] Episode 22 Step 1 Reward -5.14717 Time 23.04591
[DDPG] Starting Next Episode
[DDPG] Critic Loss 779.9113159179688
[DDPG] Total Reward -10.23370 Avg Critic Loss 779.91132 Time 10.45943
[DDPG] Resetting Environment
[DDPG] Starting Episode 23
[DDPG] Episode 23 Step 0 Reward -5.04972 Time 23.20777
[DDPG] Quadruped Not Upright
[DDPG] Episode 23 Step 1 Reward 2.19566 Time 21.96054
[DDPG] Starting Next Episode
[DDPG] Critic Loss 589.0828857421875
[DDPG] Total Reward -2.85406 Avg Critic Loss 589.08289 Time 10.64598
[DDPG] Resetting Environment
[DDPG] Starting Episode 24
[DDPG] Episode 24 Step 0 Reward -5.19584 Time 24.68830
[DDPG] Quadruped Not Upright
[DDPG] Episode 24 Step 1 Reward 5.13106 Time 22.10855
[DDPG] Starting Next Episode
[DDPG] Critic Loss 588.7474365234375
[DDPG] Total Reward -0.06478 Avg Critic Loss 588.74744 Time 9.90518
[DDPG] Resetting Environment
[DDPG] Starting Episode 25
[DDPG] Quadruped Not Upright
[DDPG] Episode 25 Step 0 Reward -6.22770 Time 20.18624
[DDPG] Starting Next Episode
[DDPG] Critic Loss 396.1285400390625
[DDPG] Total Reward -6.22770 Avg Critic Loss 396.12854 Time 9.10795
[DDPG] Saving Data
[DDPG] Saving HER goals
[DDPG] Saving Model
[DDPG] Resetting Environment
[DDPG] Starting Episode 26
[DDPG] Episode 26 Step 0 Reward -7.13577 Time 21.89747
[DDPG] Quadruped Not Upright
[DDPG] Episode 26 Step 1 Reward -4.15249 Time 19.91446
[DDPG] Starting Next Episode
[DDPG] Critic Loss 775.578857421875
[DDPG] Total Reward -11.28826 Avg Critic Loss 775.57886 Time 10.66927
[DDPG] Resetting Environment
[DDPG] Starting Episode 27
[DDPG] Quadruped Not Upright
[DDPG] Episode 27 Step 0 Reward -8.20349 Time 20.42055
[DDPG] Starting Next Episode
[DDPG] Critic Loss 778.308349609375
[DDPG] Total Reward -8.20349 Avg Critic Loss 778.30835 Time 8.21238
[DDPG] Resetting Environment
[DDPG] Starting Episode 28
[DDPG] Episode 28 Step 0 Reward -6.45791 Time 25.63643
[DDPG] Episode 28 Step 1 Reward -3.06221 Time 22.05483
[DDPG] Quadruped Not Upright
[DDPG] Episode 28 Step 2 Reward -3.78883 Time 20.53986
[DDPG] Starting Next Episode
[DDPG] Critic Loss 586.4944458007812
[DDPG] Total Reward -13.30895 Avg Critic Loss 586.49445 Time 10.11348
[DDPG] Resetting Environment
[DDPG] Starting Episode 29
[DDPG] Quadruped Not Upright
[DDPG] Episode 29 Step 0 Reward -6.74130 Time 20.35835
[DDPG] Starting Next Episode
[DDPG] Critic Loss 772.2371826171875
[DDPG] Total Reward -6.74130 Avg Critic Loss 772.23718 Time 8.04501
[DDPG] Resetting Environment
[DDPG] Starting Episode 30
[DDPG] Episode 30 Step 0 Reward -4.49901 Time 22.45206
[DDPG] Floating Point Error in reward computation
[DDPG] Critic Loss 776.8219604492188
[DDPG] Total Reward -4.49901 Avg Critic Loss 776.82196 Time 8.90220
[DDPG] Resetting Environment
[DDPG] Starting Episode 31
[DDPG] Episode 31 Step 0 Reward -4.76308 Time 25.43722
[DDPG] Episode 31 Step 1 Reward -1.48337 Time 22.43661
[DDPG] Floating Point Error in reward computation
[DDPG] Critic Loss 592.0038452148438
[DDPG] Total Reward -6.24645 Avg Critic Loss 592.00385 Time 8.74717
[DDPG] Resetting Environment
[DDPG] Starting Episode 32
[DDPG] Episode 32 Step 0 Reward -4.49440 Time 25.84348
[DDPG] Episode 32 Step 1 Reward -1.36114 Time 24.05508
[DDPG] Floating Point Error in reward computation
[DDPG] Critic Loss 588.1846313476562
[DDPG] Total Reward -5.85554 Avg Critic Loss 588.18463 Time 9.36541
[DDPG] Resetting Environment
[DDPG] Starting Episode 33
[DDPG] Episode 33 Step 0 Reward -3.83807 Time 22.53714
[DDPG] Quadruped Not Upright
[DDPG] Episode 33 Step 1 Reward -5.40185 Time 22.18246
[DDPG] Starting Next Episode
[DDPG] Critic Loss 206.99407958984375
[DDPG] Total Reward -9.23993 Avg Critic Loss 206.99408 Time 9.34543
[DDPG] Resetting Environment
[DDPG] Starting Episode 34
[DDPG] Episode 34 Step 0 Reward -1.72575 Time 24.30513
[DDPG] Episode 34 Step 1 Reward -2.00096 Time 20.97488
[DDPG] Quadruped Not Upright
[DDPG] Episode 34 Step 2 Reward -2.40682 Time 21.98822
[DDPG] Starting Next Episode
[DDPG] Critic Loss 216.3736114501953
[DDPG] Total Reward -6.13353 Avg Critic Loss 216.37361 Time 10.37781
[DDPG] Resetting Environment
[DDPG] Starting Episode 35
[DDPG] Episode 35 Step 0 Reward -2.07136 Time 22.92204
[DDPG] Episode 35 Step 1 Reward -6.03221 Time 23.86365
[DDPG] Episode 35 Step 2 Reward -0.81080 Time 20.47145
[DDPG] Quadruped Not Upright
[DDPG] Episode 35 Step 3 Reward -9.58392 Time 19.97648
[DDPG] Starting Next Episode
[DDPG] Critic Loss 216.1436004638672
[DDPG] Total Reward -18.49829 Avg Critic Loss 216.14360 Time 9.66201
[DDPG] Resetting Environment
[DDPG] Starting Episode 36
[DDPG] Episode 36 Step 0 Reward -6.73901 Time 23.29627
[DDPG] Quadruped Not Upright
[DDPG] Episode 36 Step 1 Reward -7.93240 Time 20.41844
[DDPG] Starting Next Episode
[DDPG] Critic Loss 214.92063903808594
[DDPG] Total Reward -14.67141 Avg Critic Loss 214.92064 Time 9.18520
[DDPG] Resetting Environment
[]
[DDPG] Error in Resetting End Training
[DDPG] Starting Episode 37
[DDPG] Quadruped Not Upright
[DDPG] Episode 37 Step 0 Reward -7.77806 Time 22.12906
[DDPG] Starting Next Episode
[DDPG] Critic Loss 595.5226440429688
[DDPG] Total Reward -7.77806 Avg Critic Loss 595.52264 Time 8.15401
[DDPG] Resetting Environment
[DDPG] Starting Episode 38
[DDPG] Episode 38 Step 0 Reward -3.82802 Time 24.85456
[DDPG] Episode 38 Step 1 Reward -0.54554 Time 23.43503
[DDPG] Quadruped Not Upright
[DDPG] Episode 38 Step 2 Reward -2.51494 Time 23.76258
[DDPG] Starting Next Episode
[DDPG] Critic Loss 401.9989013671875
[DDPG] Total Reward -6.88849 Avg Critic Loss 401.99890 Time 11.84686
[DDPG] Resetting Environment
[DDPG] Starting Episode 39
[DDPG] Episode 39 Step 0 Reward -7.56457 Time 23.27790
[DDPG] Episode 39 Step 1 Reward -7.36832 Time 22.26056
[DDPG] Floating Point Error in reward computation
[DDPG] Critic Loss 215.9879913330078
[DDPG] Total Reward -14.93289 Avg Critic Loss 215.98799 Time 10.27143
[DDPG] Resetting Environment
[DDPG] Starting Episode 40
[DDPG] Quadruped Not Upright
[DDPG] Episode 40 Step 0 Reward -7.77216 Time 24.78025
[DDPG] Starting Next Episode
[DDPG] Critic Loss 217.2175750732422
[DDPG] Total Reward -7.77216 Avg Critic Loss 217.21758 Time 10.76835
[DDPG] Resetting Environment
[DDPG] Starting Episode 41
[DDPG] Quadruped Not Upright
[DDPG] Episode 41 Step 0 Reward -8.06379 Time 22.31495
[DDPG] Starting Next Episode
[DDPG] Critic Loss 596.90185546875
[DDPG] Total Reward -8.06379 Avg Critic Loss 596.90186 Time 8.61893
[DDPG] Resetting Environment
[]
[DDPG] Error in Resetting End Training
[DDPG] Starting Episode 42
[DDPG] Episode 42 Step 0 Reward 4.80975 Time 21.43391
[DDPG] Episode 42 Step 1 Reward -1.81192 Time 23.99938
[DDPG] Quadruped Not Upright
[DDPG] Episode 42 Step 2 Reward -14.63397 Time 20.81645
[DDPG] Starting Next Episode
[DDPG] Critic Loss 409.1107177734375
[DDPG] Total Reward -11.63614 Avg Critic Loss 409.11072 Time 8.21953
[DDPG] Resetting Environment
[]
[DDPG] Error in Resetting End Training
[DDPG] Starting Episode 43
[DDPG] Quadruped Not Upright
[DDPG] Episode 43 Step 0 Reward -5.94390 Time 21.77660
[DDPG] Starting Next Episode
[DDPG] Critic Loss 223.16616821289062
[DDPG] Total Reward -5.94390 Avg Critic Loss 223.16617 Time 9.71183
[DDPG] Resetting Environment
[DDPG] Starting Episode 44
[DDPG] Episode 44 Step 0 Reward -3.16297 Time 23.16034
[DDPG] Episode 44 Step 1 Reward -4.62072 Time 23.05320
[DDPG] Episode 44 Step 2 Reward -0.77828 Time 23.48159
[DDPG] Quadruped Not Upright
[DDPG] Episode 44 Step 3 Reward -3.23044 Time 20.00088
[DDPG] Starting Next Episode
[DDPG] Critic Loss 405.37872314453125
[DDPG] Total Reward -11.79241 Avg Critic Loss 405.37872 Time 7.59244
[DDPG] Resetting Environment
[DDPG] Starting Episode 45
[DDPG] Episode 45 Step 0 Reward -2.40149 Time 22.32810
[DDPG] Episode 45 Step 1 Reward -6.84094 Time 22.93911
[DDPG] Episode 45 Step 2 Reward -1.45406 Time 24.07096
[DDPG] Quadruped Not Upright
[DDPG] Episode 45 Step 3 Reward -2.40504 Time 22.96972
[DDPG] Starting Next Episode
[DDPG] Critic Loss 217.32730102539062
[DDPG] Total Reward -13.10153 Avg Critic Loss 217.32730 Time 8.75508
[DDPG] Resetting Environment
[DDPG] Starting Episode 46
[DDPG] Episode 46 Step 0 Reward -2.50904 Time 22.85414
[DDPG] Episode 46 Step 1 Reward -1.60692 Time 23.42303
[DDPG] Episode 46 Step 2 Reward -1.88680 Time 25.12741
[DDPG] Episode 46 Step 3 Reward -3.14290 Time 22.12233
[DDPG] Quadruped Not Upright
[DDPG] Episode 46 Step 4 Reward -1.73366 Time 20.74693
[DDPG] Starting Next Episode
[DDPG] Critic Loss 24.75631332397461
[DDPG] Total Reward -10.87932 Avg Critic Loss 24.75631 Time 7.39599
[DDPG] Resetting Environment
[DDPG] Starting Episode 47
[DDPG] Quadruped Not Upright
[DDPG] Episode 47 Step 0 Reward -3.73193 Time 25.31335
[DDPG] Starting Next Episode
[DDPG] Critic Loss 596.2953491210938
[DDPG] Total Reward -3.73193 Avg Critic Loss 596.29535 Time 10.66420
[DDPG] Resetting Environment
[DDPG] Starting Episode 48
[DDPG] Episode 48 Step 0 Reward 1.34552 Time 25.63186
[DDPG] Episode 48 Step 1 Reward -5.50868 Time 24.82338
[DDPG] Episode 48 Step 2 Reward -0.73285 Time 26.38406
[DDPG] Episode 48 Step 3 Reward -1.77395 Time 25.07501
[DDPG] Episode 48 Step 4 Reward -2.86963 Time 23.00512
[DDPG] Floating Point Error in reward computation
[DDPG] Critic Loss 23.462800979614258
[DDPG] Total Reward -9.53960 Avg Critic Loss 23.46280 Time 9.90148
[DDPG] Resetting Environment
[DDPG] Starting Episode 49
[DDPG] Episode 49 Step 0 Reward -1.72895 Time 25.41805
