{"level":"info","time":"2021-03-06T11:55:33Z","message":"Cannot determine default configuration path. No file [config.yml config.yaml] in [~/.cloudflared ~/.cloudflare-warp ~/cloudflare-warp /etc/cloudflared /usr/local/etc/cloudflared]"}
{"level":"info","time":"2021-03-06T11:55:33Z","message":"Version 2021.2.5"}
{"level":"info","time":"2021-03-06T11:55:33Z","message":"GOOS: linux, GOVersion: devel +11087322f8 Fri Nov 13 03:04:52 2020 +0100, GoArch: amd64"}
{"level":"info","time":"2021-03-06T11:55:33Z","message":"Settings: map[logfile:./cloudflared.log metrics:localhost:45678 url:ssh://localhost:22]"}
{"level":"info","autoupdateFreq":86400000,"time":"2021-03-06T11:55:33Z","message":"Autoupdate frequency is set"}
{"level":"info","time":"2021-03-06T11:55:33Z","message":"Initial protocol h2mux"}
{"level":"info","time":"2021-03-06T11:55:33Z","message":"Starting metrics server on 127.0.0.1:45678/metrics"}
{"level":"info","connIndex":0,"location":"ATL","time":"2021-03-06T11:55:33Z","message":"Connection established"}
{"level":"info","time":"2021-03-06T11:55:34Z","message":"Each HA connection's tunnel IDs: map[0:7eupqkqhb2z1q2h4q44zptr8px9rfgvgcf2cqdu7r4rynk4dcrf0]"}
{"level":"info","time":"2021-03-06T11:55:34Z","message":"+------------------------------------------------------------+"}
{"level":"info","time":"2021-03-06T11:55:34Z","message":"|  Your free tunnel has started! Visit it:                   |"}
{"level":"info","time":"2021-03-06T11:55:34Z","message":"|    https://game-grave-month-contributed.trycloudflare.com  |"}
{"level":"info","time":"2021-03-06T11:55:34Z","message":"+------------------------------------------------------------+"}
{"level":"info","time":"2021-03-06T11:55:34Z","message":"Route propagating, it may take up to 1 minute for your new route to become functional"}
{"level":"info","connIndex":1,"location":"IAD","time":"2021-03-06T11:55:34Z","message":"Connection established"}
{"level":"info","time":"2021-03-06T11:55:35Z","message":"Each HA connection's tunnel IDs: map[0:7eupqkqhb2z1q2h4q44zptr8px9rfgvgcf2cqdu7r4rynk4dcrf0 1:7eupqkqhb2z1q2h4q44zptr8px9rfgvgcf2cqdu7r4rynk4dcrf0]"}
{"level":"info","time":"2021-03-06T11:55:35Z","message":"+------------------------------------------------------------+"}
{"level":"info","time":"2021-03-06T11:55:35Z","message":"|  Your free tunnel has started! Visit it:                   |"}
{"level":"info","time":"2021-03-06T11:55:35Z","message":"|    https://game-grave-month-contributed.trycloudflare.com  |"}
{"level":"info","time":"2021-03-06T11:55:35Z","message":"+------------------------------------------------------------+"}
{"level":"info","time":"2021-03-06T11:55:35Z","message":"Route propagating, it may take up to 1 minute for your new route to become functional"}
{"level":"info","connIndex":2,"location":"ATL","time":"2021-03-06T11:55:35Z","message":"Connection established"}
{"level":"info","time":"2021-03-06T11:55:36Z","message":"Each HA connection's tunnel IDs: map[0:7eupqkqhb2z1q2h4q44zptr8px9rfgvgcf2cqdu7r4rynk4dcrf0 1:7eupqkqhb2z1q2h4q44zptr8px9rfgvgcf2cqdu7r4rynk4dcrf0 2:7eupqkqhb2z1q2h4q44zptr8px9rfgvgcf2cqdu7r4rynk4dcrf0]"}
{"level":"info","time":"2021-03-06T11:55:36Z","message":"+------------------------------------------------------------+"}
{"level":"info","time":"2021-03-06T11:55:36Z","message":"|  Your free tunnel has started! Visit it:                   |"}
{"level":"info","time":"2021-03-06T11:55:36Z","message":"|    https://game-grave-month-contributed.trycloudflare.com  |"}
{"level":"info","time":"2021-03-06T11:55:36Z","message":"+------------------------------------------------------------+"}
{"level":"info","time":"2021-03-06T11:55:36Z","message":"Route propagating, it may take up to 1 minute for your new route to become functional"}
{"level":"info","connIndex":3,"location":"IAD","time":"2021-03-06T11:55:36Z","message":"Connection established"}
{"level":"info","time":"2021-03-06T11:55:37Z","message":"Each HA connection's tunnel IDs: map[0:7eupqkqhb2z1q2h4q44zptr8px9rfgvgcf2cqdu7r4rynk4dcrf0 1:7eupqkqhb2z1q2h4q44zptr8px9rfgvgcf2cqdu7r4rynk4dcrf0 2:7eupqkqhb2z1q2h4q44zptr8px9rfgvgcf2cqdu7r4rynk4dcrf0 3:7eupqkqhb2z1q2h4q44zptr8px9rfgvgcf2cqdu7r4rynk4dcrf0]"}
{"level":"info","time":"2021-03-06T11:55:37Z","message":"+------------------------------------------------------------+"}
{"level":"info","time":"2021-03-06T11:55:37Z","message":"|  Your free tunnel has started! Visit it:                   |"}
{"level":"info","time":"2021-03-06T11:55:37Z","message":"|    https://game-grave-month-contributed.trycloudflare.com  |"}
{"level":"info","time":"2021-03-06T11:55:37Z","message":"+------------------------------------------------------------+"}
{"level":"info","time":"2021-03-06T11:55:37Z","message":"Route propagating, it may take up to 1 minute for your new route to become functional"}
{"level":"info","time":"2021-03-10T22:11:58Z","message":"Cannot determine default configuration path. No file [config.yml config.yaml] in [~/.cloudflared ~/.cloudflare-warp ~/cloudflare-warp /etc/cloudflared /usr/local/etc/cloudflared]"}
{"level":"info","time":"2021-03-10T22:11:58Z","message":"Version 2021.2.5"}
{"level":"info","time":"2021-03-10T22:11:58Z","message":"GOOS: linux, GOVersion: devel +11087322f8 Fri Nov 13 03:04:52 2020 +0100, GoArch: amd64"}
{"level":"info","time":"2021-03-10T22:11:58Z","message":"Settings: map[logfile:./cloudflared.log metrics:localhost:45678 url:ssh://localhost:22]"}
{"level":"info","autoupdateFreq":86400000,"time":"2021-03-10T22:11:58Z","message":"Autoupdate frequency is set"}
{"level":"info","time":"2021-03-10T22:11:58Z","message":"Initial protocol h2mux"}
{"level":"info","time":"2021-03-10T22:11:58Z","message":"Starting metrics server on 127.0.0.1:45678/metrics"}
{"level":"info","connIndex":0,"location":"TPE","time":"2021-03-10T22:11:58Z","message":"Connection established"}
{"level":"info","time":"2021-03-10T22:12:00Z","message":"Cannot determine default configuration path. No file [config.yml config.yaml] in [~/.cloudflared ~/.cloudflare-warp ~/cloudflare-warp /etc/cloudflared /usr/local/etc/cloudflared]"}
{"level":"info","time":"2021-03-10T22:12:00Z","message":"Version 2021.2.5"}
{"level":"info","time":"2021-03-10T22:12:00Z","message":"GOOS: linux, GOVersion: devel +11087322f8 Fri Nov 13 03:04:52 2020 +0100, GoArch: amd64"}
{"level":"info","time":"2021-03-10T22:12:00Z","message":"Settings: map[logfile:./cloudflared.log metrics:localhost:45678 url:ssh://localhost:22]"}
{"level":"info","autoupdateFreq":86400000,"time":"2021-03-10T22:12:00Z","message":"Autoupdate frequency is set"}
{"level":"info","time":"2021-03-10T22:12:00Z","message":"Initial protocol h2mux"}
{"level":"info","time":"2021-03-10T22:12:00Z","message":"Starting metrics server on 127.0.0.1:45678/metrics"}
{"level":"info","connIndex":0,"location":"TPE","time":"2021-03-10T22:12:00Z","message":"Connection established"}
{"level":"info","time":"2021-03-10T22:12:02Z","message":"Each HA connection's tunnel IDs: map[0:rra7z2ft02s41vfqrfpfbt090tnsu7ilft5vk9dgvk5l0sirg3t0]"}
{"level":"info","time":"2021-03-10T22:12:02Z","message":"+----------------------------------------------------------+"}
{"level":"info","time":"2021-03-10T22:12:02Z","message":"|  Your free tunnel has started! Visit it:                 |"}
{"level":"info","time":"2021-03-10T22:12:02Z","message":"|    https://tackle-west-lamb-minnesota.trycloudflare.com  |"}
{"level":"info","time":"2021-03-10T22:12:02Z","message":"+----------------------------------------------------------+"}
{"level":"info","time":"2021-03-10T22:12:02Z","message":"Route propagating, it may take up to 1 minute for your new route to become functional"}
{"level":"info","connIndex":1,"location":"HKG","time":"2021-03-10T22:12:02Z","message":"Connection established"}
{"level":"info","connIndex":2,"location":"TPE","time":"2021-03-10T22:12:03Z","message":"Connection established"}
{"level":"info","connIndex":3,"location":"HKG","time":"2021-03-10T22:12:04Z","message":"Connection established"}
{"level":"info","time":"2021-03-10T22:12:04Z","message":"Each HA connection's tunnel IDs: map[0:rra7z2ft02s41vfqrfpfbt090tnsu7ilft5vk9dgvk5l0sirg3t0 1:rra7z2ft02s41vfqrfpfbt090tnsu7ilft5vk9dgvk5l0sirg3t0]"}
{"level":"info","time":"2021-03-10T22:12:04Z","message":"+----------------------------------------------------------+"}
{"level":"info","time":"2021-03-10T22:12:04Z","message":"|  Your free tunnel has started! Visit it:                 |"}
{"level":"info","time":"2021-03-10T22:12:04Z","message":"|    https://tackle-west-lamb-minnesota.trycloudflare.com  |"}
{"level":"info","time":"2021-03-10T22:12:04Z","message":"+----------------------------------------------------------+"}
{"level":"info","time":"2021-03-10T22:12:04Z","message":"Route propagating, it may take up to 1 minute for your new route to become functional"}
{"level":"info","time":"2021-03-10T22:12:05Z","message":"Each HA connection's tunnel IDs: map[0:rra7z2ft02s41vfqrfpfbt090tnsu7ilft5vk9dgvk5l0sirg3t0 1:rra7z2ft02s41vfqrfpfbt090tnsu7ilft5vk9dgvk5l0sirg3t0 2:rra7z2ft02s41vfqrfpfbt090tnsu7ilft5vk9dgvk5l0sirg3t0]"}
{"level":"info","time":"2021-03-10T22:12:05Z","message":"+----------------------------------------------------------+"}
{"level":"info","time":"2021-03-10T22:12:05Z","message":"|  Your free tunnel has started! Visit it:                 |"}
{"level":"info","time":"2021-03-10T22:12:05Z","message":"|    https://tackle-west-lamb-minnesota.trycloudflare.com  |"}
{"level":"info","time":"2021-03-10T22:12:05Z","message":"+----------------------------------------------------------+"}
{"level":"info","time":"2021-03-10T22:12:05Z","message":"Route propagating, it may take up to 1 minute for your new route to become functional"}
{"level":"info","time":"2021-03-10T22:12:05Z","message":"Each HA connection's tunnel IDs: map[0:rra7z2ft02s41vfqrfpfbt090tnsu7ilft5vk9dgvk5l0sirg3t0 1:rra7z2ft02s41vfqrfpfbt090tnsu7ilft5vk9dgvk5l0sirg3t0 2:rra7z2ft02s41vfqrfpfbt090tnsu7ilft5vk9dgvk5l0sirg3t0 3:rra7z2ft02s41vfqrfpfbt090tnsu7ilft5vk9dgvk5l0sirg3t0]"}
{"level":"info","time":"2021-03-10T22:12:05Z","message":"+----------------------------------------------------------+"}
{"level":"info","time":"2021-03-10T22:12:05Z","message":"|  Your free tunnel has started! Visit it:                 |"}
{"level":"info","time":"2021-03-10T22:12:05Z","message":"|    https://tackle-west-lamb-minnesota.trycloudflare.com  |"}
{"level":"info","time":"2021-03-10T22:12:05Z","message":"+----------------------------------------------------------+"}
{"level":"info","time":"2021-03-10T22:12:05Z","message":"Route propagating, it may take up to 1 minute for your new route to become functional"}
