2021-03-19 08:50:30.286334: I tensorflow/stream_executor/platform/default/dso_loader.cc:49] Successfully opened dynamic library libcudart.so.11.0
Unable to init server: Could not connect: Connection refused
Unable to init server: Could not connect: Connection refused

(learn.py:40357): Gdk-CRITICAL **: 08:50:32.885: gdk_cursor_new_for_display: assertion 'GDK_IS_DISPLAY (display)' failed
[DDPG] Building the actor model
2021-03-19 08:50:33.330370: I tensorflow/compiler/jit/xla_cpu_device.cc:41] Not creating XLA devices, tf_xla_enable_xla_devices not set
2021-03-19 08:50:33.331763: I tensorflow/stream_executor/platform/default/dso_loader.cc:49] Successfully opened dynamic library libcuda.so.1
2021-03-19 08:50:33.407927: I tensorflow/stream_executor/cuda/cuda_gpu_executor.cc:941] successful NUMA node read from SysFS had negative value (-1), but there must be at least one NUMA node, so returning NUMA node zero
2021-03-19 08:50:33.408782: I tensorflow/core/common_runtime/gpu/gpu_device.cc:1720] Found device 0 with properties: 
pciBusID: 0000:00:1e.0 name: Tesla T4 computeCapability: 7.5
coreClock: 1.59GHz coreCount: 40 deviceMemorySize: 14.75GiB deviceMemoryBandwidth: 298.08GiB/s
2021-03-19 08:50:33.408815: I tensorflow/stream_executor/platform/default/dso_loader.cc:49] Successfully opened dynamic library libcudart.so.11.0
2021-03-19 08:50:33.412715: I tensorflow/stream_executor/platform/default/dso_loader.cc:49] Successfully opened dynamic library libcublas.so.11
2021-03-19 08:50:33.412861: I tensorflow/stream_executor/platform/default/dso_loader.cc:49] Successfully opened dynamic library libcublasLt.so.11
2021-03-19 08:50:33.414497: I tensorflow/stream_executor/platform/default/dso_loader.cc:49] Successfully opened dynamic library libcufft.so.10
2021-03-19 08:50:33.414917: I tensorflow/stream_executor/platform/default/dso_loader.cc:49] Successfully opened dynamic library libcurand.so.10
2021-03-19 08:50:33.419012: I tensorflow/stream_executor/platform/default/dso_loader.cc:49] Successfully opened dynamic library libcusolver.so.10
2021-03-19 08:50:33.419983: I tensorflow/stream_executor/platform/default/dso_loader.cc:49] Successfully opened dynamic library libcusparse.so.11
2021-03-19 08:50:33.420229: I tensorflow/stream_executor/platform/default/dso_loader.cc:49] Successfully opened dynamic library libcudnn.so.8
2021-03-19 08:50:33.420417: I tensorflow/stream_executor/cuda/cuda_gpu_executor.cc:941] successful NUMA node read from SysFS had negative value (-1), but there must be at least one NUMA node, so returning NUMA node zero
2021-03-19 08:50:33.421381: I tensorflow/stream_executor/cuda/cuda_gpu_executor.cc:941] successful NUMA node read from SysFS had negative value (-1), but there must be at least one NUMA node, so returning NUMA node zero
2021-03-19 08:50:33.422197: I tensorflow/core/common_runtime/gpu/gpu_device.cc:1862] Adding visible gpu devices: 0
2021-03-19 08:50:33.422546: I tensorflow/core/platform/cpu_feature_guard.cc:142] This TensorFlow binary is optimized with oneAPI Deep Neural Network Library (oneDNN) to use the following CPU instructions in performance-critical operations:  AVX2 AVX512F FMA
To enable them in other operations, rebuild TensorFlow with the appropriate compiler flags.
2021-03-19 08:50:33.422778: I tensorflow/compiler/jit/xla_gpu_device.cc:99] Not creating XLA devices, tf_xla_enable_xla_devices not set
2021-03-19 08:50:33.422956: I tensorflow/stream_executor/cuda/cuda_gpu_executor.cc:941] successful NUMA node read from SysFS had negative value (-1), but there must be at least one NUMA node, so returning NUMA node zero
2021-03-19 08:50:33.423777: I tensorflow/core/common_runtime/gpu/gpu_device.cc:1720] Found device 0 with properties: 
pciBusID: 0000:00:1e.0 name: Tesla T4 computeCapability: 7.5
coreClock: 1.59GHz coreCount: 40 deviceMemorySize: 14.75GiB deviceMemoryBandwidth: 298.08GiB/s
2021-03-19 08:50:33.423802: I tensorflow/stream_executor/platform/default/dso_loader.cc:49] Successfully opened dynamic library libcudart.so.11.0
2021-03-19 08:50:33.423874: I tensorflow/stream_executor/platform/default/dso_loader.cc:49] Successfully opened dynamic library libcublas.so.11
2021-03-19 08:50:33.423936: I tensorflow/stream_executor/platform/default/dso_loader.cc:49] Successfully opened dynamic library libcublasLt.so.11
2021-03-19 08:50:33.423981: I tensorflow/stream_executor/platform/default/dso_loader.cc:49] Successfully opened dynamic library libcufft.so.10
2021-03-19 08:50:33.424024: I tensorflow/stream_executor/platform/default/dso_loader.cc:49] Successfully opened dynamic library libcurand.so.10
2021-03-19 08:50:33.424067: I tensorflow/stream_executor/platform/default/dso_loader.cc:49] Successfully opened dynamic library libcusolver.so.10
2021-03-19 08:50:33.424109: I tensorflow/stream_executor/platform/default/dso_loader.cc:49] Successfully opened dynamic library libcusparse.so.11
2021-03-19 08:50:33.424151: I tensorflow/stream_executor/platform/default/dso_loader.cc:49] Successfully opened dynamic library libcudnn.so.8
2021-03-19 08:50:33.424262: I tensorflow/stream_executor/cuda/cuda_gpu_executor.cc:941] successful NUMA node read from SysFS had negative value (-1), but there must be at least one NUMA node, so returning NUMA node zero
2021-03-19 08:50:33.425164: I tensorflow/stream_executor/cuda/cuda_gpu_executor.cc:941] successful NUMA node read from SysFS had negative value (-1), but there must be at least one NUMA node, so returning NUMA node zero
2021-03-19 08:50:33.425954: I tensorflow/core/common_runtime/gpu/gpu_device.cc:1862] Adding visible gpu devices: 0
2021-03-19 08:50:33.425995: I tensorflow/stream_executor/platform/default/dso_loader.cc:49] Successfully opened dynamic library libcudart.so.11.0
2021-03-19 08:50:34.158836: I tensorflow/core/common_runtime/gpu/gpu_device.cc:1261] Device interconnect StreamExecutor with strength 1 edge matrix:
2021-03-19 08:50:34.158863: I tensorflow/core/common_runtime/gpu/gpu_device.cc:1267]      0 
2021-03-19 08:50:34.158871: I tensorflow/core/common_runtime/gpu/gpu_device.cc:1280] 0:   N 
2021-03-19 08:50:34.159163: I tensorflow/stream_executor/cuda/cuda_gpu_executor.cc:941] successful NUMA node read from SysFS had negative value (-1), but there must be at least one NUMA node, so returning NUMA node zero
2021-03-19 08:50:34.160089: I tensorflow/stream_executor/cuda/cuda_gpu_executor.cc:941] successful NUMA node read from SysFS had negative value (-1), but there must be at least one NUMA node, so returning NUMA node zero
2021-03-19 08:50:34.160912: I tensorflow/stream_executor/cuda/cuda_gpu_executor.cc:941] successful NUMA node read from SysFS had negative value (-1), but there must be at least one NUMA node, so returning NUMA node zero
2021-03-19 08:50:34.161630: I tensorflow/core/common_runtime/gpu/gpu_device.cc:1406] Created TensorFlow device (/job:localhost/replica:0/task:0/device:GPU:0 with 13963 MB memory) -> physical GPU (device: 0, name: Tesla T4, pci bus id: 0000:00:1e.0, compute capability: 7.5)
[DDPG] Building the actor model
[DDPG] Building the critic model
[DDPG] Building the critic model
[DDPG] Waiting for joint trajectory action
[DDPG] Found joint trajectory action!
[DDPG] Waiting for joint trajectory action
[DDPG] Found joint trajectory action!
[DDPG] Waiting for joint trajectory action
[DDPG] Found joint trajectory action!
[DDPG] Waiting for joint trajectory action
[DDPG] Found joint trajectory action!
[0m[ INFO] [1616143837.399500243, 3.395000000]: Loading robot model 'quadruped'...[0m
[0m[ INFO] [1616143837.400324192, 3.396000000]: No root/virtual joint specified in SRDF. Assuming fixed joint[0m
[33m[ WARN] [1616143837.400374026, 3.396000000]: Link dummy_link has visual geometry but no collision geometry. Collision geometry will be left empty. Fix your URDF file by explicitly specifying collision geometry.[0m
[0m[ INFO] [1616143838.572567868, 4.567000000]: Ready to take commands for planning group front_right_leg.[0m
[0m[ INFO] [1616143839.411020363, 5.401000000]: Ready to take commands for planning group front_left_leg.[0m
[0m[ INFO] [1616143840.212700344, 6.201000000]: Ready to take commands for planning group back_right_leg.[0m
[0m[ INFO] [1616143841.017294313, 7.002000000]: Ready to take commands for planning group back_left_leg.[0m
[DDPG] Resetting Services
[DDPG] Services Reset complete in 0.0367 s
[Actor] GPU>>>>>>>>>>>>
[Actor] [PhysicalDevice(name='/physical_device:GPU:0', device_type='GPU')]
[Actor] Memory Growth Allowed
Traceback (most recent call last):
  File "learn.py", line 767, in <module>
    path = os.path.join(args.out_path, 'exp{exp}'.format(
  File "/usr/lib/python3.8/posixpath.py", line 76, in join
    a = os.fspath(a)
TypeError: expected str, bytes or os.PathLike object, not NoneType
2021-03-19 08:51:37.601931: I tensorflow/stream_executor/platform/default/dso_loader.cc:49] Successfully opened dynamic library libcudart.so.11.0
Traceback (most recent call last):
  File "learn.py", line 1, in <module>
    from rl.constants import params
  File "/home/ubuntu/CPGController/src/rl/__init__.py", line 1, in <module>
    from . import env, net, constants
  File "/home/ubuntu/CPGController/src/rl/env.py", line 1, in <module>
    import tensorflow as tf
  File "/home/ubuntu/.local/lib/python3.8/site-packages/tensorflow/__init__.py", line 41, in <module>
    from tensorflow.python.tools import module_util as _module_util
  File "/home/ubuntu/.local/lib/python3.8/site-packages/tensorflow/python/__init__.py", line 77, in <module>
    from tensorflow.python.tpu import api
  File "/home/ubuntu/.local/lib/python3.8/site-packages/tensorflow/python/tpu/api.py", line 29, in <module>
    from tensorflow.python.tpu import tpu_embedding
  File "/home/ubuntu/.local/lib/python3.8/site-packages/tensorflow/python/tpu/tpu_embedding.py", line 30, in <module>
    from tensorflow.core.protobuf.tpu import optimization_parameters_pb2
  File "<frozen importlib._bootstrap>", line 991, in _find_and_load
  File "<frozen importlib._bootstrap>", line 971, in _find_and_load_unlocked
  File "<frozen importlib._bootstrap>", line 914, in _find_spec
  File "<frozen importlib._bootstrap_external>", line 1342, in find_spec
  File "<frozen importlib._bootstrap_external>", line 1314, in _get_spec
  File "<frozen importlib._bootstrap_external>", line 1470, in find_spec
  File "<frozen importlib._bootstrap_external>", line 1428, in _get_spec
  File "<frozen importlib._bootstrap_external>", line 661, in spec_from_file_location
  File "<frozen importlib._bootstrap>", line 342, in __init__
KeyboardInterrupt
