xacro: in-order processing became default in ROS Melodic. You can drop the option.
... logging to /home/ubuntu/.ros/log/b914396c-98fc-11eb-9005-011a5607e82a/roslaunch-ip-172-31-36-108-324534.log
Checking log directory for disk usage. This may take a while.
Press Ctrl-C to interrupt
Done checking log file disk usage. Usage is <1GB.
]2;/home/ubuntu/CPGController/src/simulations/ws/src/quadruped/launch/quadruped_control.launch
[1mstarted roslaunch server http://ip-172-31-36-108:39059/[0m

SUMMARY
========

PARAMETERS
 * /gazebo/enable_ros_network: True
 * /joint_state_publisher/source_list: ['quadruped/joint...
 * /move_group/allow_trajectory_execution: False
 * /move_group/back_left_leg/default_planner_config: SBL
 * /move_group/back_left_leg/longest_valid_segment_fraction: 0.005
 * /move_group/back_left_leg/planner_configs: ['AnytimePathShor...
 * /move_group/back_left_leg/projection_evaluator: joints(back_left_...
 * /move_group/back_right_leg/default_planner_config: SBL
 * /move_group/back_right_leg/longest_valid_segment_fraction: 0.005
 * /move_group/back_right_leg/planner_configs: ['AnytimePathShor...
 * /move_group/back_right_leg/projection_evaluator: joints(back_right...
 * /move_group/base/default_planner_config: SBL
 * /move_group/base/planner_configs: ['AnytimePathShor...
 * /move_group/capabilities: 
 * /move_group/disable_capabilities: 
 * /move_group/front_left_leg/default_planner_config: SBL
 * /move_group/front_left_leg/longest_valid_segment_fraction: 0.005
 * /move_group/front_left_leg/planner_configs: ['AnytimePathShor...
 * /move_group/front_left_leg/projection_evaluator: joints(front_left...
 * /move_group/front_right_leg/default_planner_config: SBL
 * /move_group/front_right_leg/longest_valid_segment_fraction: 0.005
 * /move_group/front_right_leg/planner_configs: ['AnytimePathShor...
 * /move_group/front_right_leg/projection_evaluator: joints(front_righ...
 * /move_group/jiggle_fraction: 0.05
 * /move_group/max_safe_path_cost: 1
 * /move_group/planner_configs/AnytimePathShortening/hybridize: True
 * /move_group/planner_configs/AnytimePathShortening/max_hybrid_paths: 24
 * /move_group/planner_configs/AnytimePathShortening/num_planners: 4
 * /move_group/planner_configs/AnytimePathShortening/planners: 
 * /move_group/planner_configs/AnytimePathShortening/shortcut: True
 * /move_group/planner_configs/AnytimePathShortening/type: geometric::Anytim...
 * /move_group/planner_configs/BFMT/balanced: 0
 * /move_group/planner_configs/BFMT/cache_cc: 1
 * /move_group/planner_configs/BFMT/extended_fmt: 1
 * /move_group/planner_configs/BFMT/heuristics: 1
 * /move_group/planner_configs/BFMT/nearest_k: 1
 * /move_group/planner_configs/BFMT/num_samples: 1000
 * /move_group/planner_configs/BFMT/optimality: 1
 * /move_group/planner_configs/BFMT/radius_multiplier: 1.0
 * /move_group/planner_configs/BFMT/type: geometric::BFMT
 * /move_group/planner_configs/BKPIECE/border_fraction: 0.9
 * /move_group/planner_configs/BKPIECE/failed_expansion_score_factor: 0.5
 * /move_group/planner_configs/BKPIECE/min_valid_path_fraction: 0.5
 * /move_group/planner_configs/BKPIECE/range: 0.0
 * /move_group/planner_configs/BKPIECE/type: geometric::BKPIECE
 * /move_group/planner_configs/BiEST/range: 0.0
 * /move_group/planner_configs/BiEST/type: geometric::BiEST
 * /move_group/planner_configs/BiTRRT/cost_threshold: 1e300
 * /move_group/planner_configs/BiTRRT/frountier_node_ratio: 0.1
 * /move_group/planner_configs/BiTRRT/frountier_threshold: 0.0
 * /move_group/planner_configs/BiTRRT/init_temperature: 100
 * /move_group/planner_configs/BiTRRT/range: 0.0
 * /move_group/planner_configs/BiTRRT/temp_change_factor: 0.1
 * /move_group/planner_configs/BiTRRT/type: geometric::BiTRRT
 * /move_group/planner_configs/EST/goal_bias: 0.05
 * /move_group/planner_configs/EST/range: 0.0
 * /move_group/planner_configs/EST/type: geometric::EST
 * /move_group/planner_configs/FMT/cache_cc: 1
 * /move_group/planner_configs/FMT/extended_fmt: 1
 * /move_group/planner_configs/FMT/heuristics: 0
 * /move_group/planner_configs/FMT/nearest_k: 1
 * /move_group/planner_configs/FMT/num_samples: 1000
 * /move_group/planner_configs/FMT/radius_multiplier: 1.1
 * /move_group/planner_configs/FMT/type: geometric::FMT
 * /move_group/planner_configs/KPIECE/border_fraction: 0.9
 * /move_group/planner_configs/KPIECE/failed_expansion_score_factor: 0.5
 * /move_group/planner_configs/KPIECE/goal_bias: 0.05
 * /move_group/planner_configs/KPIECE/min_valid_path_fraction: 0.5
 * /move_group/planner_configs/KPIECE/range: 0.0
 * /move_group/planner_configs/KPIECE/type: geometric::KPIECE
 * /move_group/planner_configs/LBKPIECE/border_fraction: 0.9
 * /move_group/planner_configs/LBKPIECE/min_valid_path_fraction: 0.5
 * /move_group/planner_configs/LBKPIECE/range: 0.0
 * /move_group/planner_configs/LBKPIECE/type: geometric::LBKPIECE
 * /move_group/planner_configs/LBTRRT/epsilon: 0.4
 * /move_group/planner_configs/LBTRRT/goal_bias: 0.05
 * /move_group/planner_configs/LBTRRT/range: 0.0
 * /move_group/planner_configs/LBTRRT/type: geometric::LBTRRT
 * /move_group/planner_configs/LazyPRM/range: 0.0
 * /move_group/planner_configs/LazyPRM/type: geometric::LazyPRM
 * /move_group/planner_configs/LazyPRMstar/type: geometric::LazyPR...
 * /move_group/planner_configs/PDST/type: geometric::PDST
 * /move_group/planner_configs/PRM/max_nearest_neighbors: 10
 * /move_group/planner_configs/PRM/type: geometric::PRM
 * /move_group/planner_configs/PRMstar/type: geometric::PRMstar
 * /move_group/planner_configs/ProjEST/goal_bias: 0.05
 * /move_group/planner_configs/ProjEST/range: 0.0
 * /move_group/planner_configs/ProjEST/type: geometric::ProjEST
 * /move_group/planner_configs/RRT/goal_bias: 0.05
 * /move_group/planner_configs/RRT/range: 0.0
 * /move_group/planner_configs/RRT/type: geometric::RRT
 * /move_group/planner_configs/RRTConnect/range: 0.0
 * /move_group/planner_configs/RRTConnect/type: geometric::RRTCon...
 * /move_group/planner_configs/RRTstar/delay_collision_checking: 1
 * /move_group/planner_configs/RRTstar/goal_bias: 0.05
 * /move_group/planner_configs/RRTstar/range: 0.0
 * /move_group/planner_configs/RRTstar/type: geometric::RRTstar
 * /move_group/planner_configs/SBL/range: 0.0
 * /move_group/planner_configs/SBL/type: geometric::SBL
 * /move_group/planner_configs/SPARS/dense_delta_fraction: 0.001
 * /move_group/planner_configs/SPARS/max_failures: 1000
 * /move_group/planner_configs/SPARS/sparse_delta_fraction: 0.25
 * /move_group/planner_configs/SPARS/stretch_factor: 3.0
 * /move_group/planner_configs/SPARS/type: geometric::SPARS
 * /move_group/planner_configs/SPARStwo/dense_delta_fraction: 0.001
 * /move_group/planner_configs/SPARStwo/max_failures: 5000
 * /move_group/planner_configs/SPARStwo/sparse_delta_fraction: 0.25
 * /move_group/planner_configs/SPARStwo/stretch_factor: 3.0
 * /move_group/planner_configs/SPARStwo/type: geometric::SPARStwo
 * /move_group/planner_configs/STRIDE/degree: 16
 * /move_group/planner_configs/STRIDE/estimated_dimension: 0.0
 * /move_group/planner_configs/STRIDE/goal_bias: 0.05
 * /move_group/planner_configs/STRIDE/max_degree: 18
 * /move_group/planner_configs/STRIDE/max_pts_per_leaf: 6
 * /move_group/planner_configs/STRIDE/min_degree: 12
 * /move_group/planner_configs/STRIDE/min_valid_path_fraction: 0.2
 * /move_group/planner_configs/STRIDE/range: 0.0
 * /move_group/planner_configs/STRIDE/type: geometric::STRIDE
 * /move_group/planner_configs/STRIDE/use_projected_distance: 0
 * /move_group/planner_configs/TRRT/frountierNodeRatio: 0.1
 * /move_group/planner_configs/TRRT/frountier_threshold: 0.0
 * /move_group/planner_configs/TRRT/goal_bias: 0.05
 * /move_group/planner_configs/TRRT/init_temperature: 10e-6
 * /move_group/planner_configs/TRRT/k_constant: 0.0
 * /move_group/planner_configs/TRRT/max_states_failed: 10
 * /move_group/planner_configs/TRRT/min_temperature: 10e-10
 * /move_group/planner_configs/TRRT/range: 0.0
 * /move_group/planner_configs/TRRT/temp_change_factor: 2.0
 * /move_group/planner_configs/TRRT/type: geometric::TRRT
 * /move_group/planning_plugin: ompl_interface/OM...
 * /move_group/planning_scene_monitor/publish_geometry_updates: True
 * /move_group/planning_scene_monitor/publish_planning_scene: True
 * /move_group/planning_scene_monitor/publish_state_updates: True
 * /move_group/planning_scene_monitor/publish_transforms_updates: True
 * /move_group/request_adapters: default_planner_r...
 * /move_group/start_state_max_bounds_error: 0.1
 * /quadruped/back_left_leg_controller/joints: ['back_left_leg1_...
 * /quadruped/back_left_leg_controller/type: position_controll...
 * /quadruped/back_right_leg_controller/joints: ['back_right_leg1...
 * /quadruped/back_right_leg_controller/type: position_controll...
 * /quadruped/front_left_leg_controller/joints: ['front_left_leg1...
 * /quadruped/front_left_leg_controller/type: position_controll...
 * /quadruped/front_right_leg_controller/joints: ['front_right_leg...
 * /quadruped/front_right_leg_controller/type: position_controll...
 * /quadruped/gazebo_ros_control/pid_gains/back_left_leg1_joint/d: 5
 * /quadruped/gazebo_ros_control/pid_gains/back_left_leg1_joint/i: 0.01
 * /quadruped/gazebo_ros_control/pid_gains/back_left_leg1_joint/p: 300
 * /quadruped/gazebo_ros_control/pid_gains/back_left_leg2_joint/d: 5
 * /quadruped/gazebo_ros_control/pid_gains/back_left_leg2_joint/i: 0.01
 * /quadruped/gazebo_ros_control/pid_gains/back_left_leg2_joint/p: 300
 * /quadruped/gazebo_ros_control/pid_gains/back_left_leg3_joint/d: 5
 * /quadruped/gazebo_ros_control/pid_gains/back_left_leg3_joint/i: 0.01
 * /quadruped/gazebo_ros_control/pid_gains/back_left_leg3_joint/p: 300
 * /quadruped/gazebo_ros_control/pid_gains/back_right_leg1_joint/d: 5
 * /quadruped/gazebo_ros_control/pid_gains/back_right_leg1_joint/i: 0.01
 * /quadruped/gazebo_ros_control/pid_gains/back_right_leg1_joint/p: 300
 * /quadruped/gazebo_ros_control/pid_gains/back_right_leg2_joint/d: 5
 * /quadruped/gazebo_ros_control/pid_gains/back_right_leg2_joint/i: 0.01
 * /quadruped/gazebo_ros_control/pid_gains/back_right_leg2_joint/p: 300
 * /quadruped/gazebo_ros_control/pid_gains/back_right_leg3_joint/d: 5
 * /quadruped/gazebo_ros_control/pid_gains/back_right_leg3_joint/i: 0.01
 * /quadruped/gazebo_ros_control/pid_gains/back_right_leg3_joint/p: 300
 * /quadruped/gazebo_ros_control/pid_gains/front_left_leg1_joint/d: 5
 * /quadruped/gazebo_ros_control/pid_gains/front_left_leg1_joint/i: 0.01
 * /quadruped/gazebo_ros_control/pid_gains/front_left_leg1_joint/p: 300
 * /quadruped/gazebo_ros_control/pid_gains/front_left_leg2_joint/d: 5
 * /quadruped/gazebo_ros_control/pid_gains/front_left_leg2_joint/i: 0.01
 * /quadruped/gazebo_ros_control/pid_gains/front_left_leg2_joint/p: 300
 * /quadruped/gazebo_ros_control/pid_gains/front_left_leg3_joint/d: 5
 * /quadruped/gazebo_ros_control/pid_gains/front_left_leg3_joint/i: 0.01
 * /quadruped/gazebo_ros_control/pid_gains/front_left_leg3_joint/p: 300
 * /quadruped/gazebo_ros_control/pid_gains/front_right_leg1_joint/d: 5
 * /quadruped/gazebo_ros_control/pid_gains/front_right_leg1_joint/i: 0.01
 * /quadruped/gazebo_ros_control/pid_gains/front_right_leg1_joint/p: 300
 * /quadruped/gazebo_ros_control/pid_gains/front_right_leg2_joint/d: 5
 * /quadruped/gazebo_ros_control/pid_gains/front_right_leg2_joint/i: 0.01
 * /quadruped/gazebo_ros_control/pid_gains/front_right_leg2_joint/p: 300
 * /quadruped/gazebo_ros_control/pid_gains/front_right_leg3_joint/d: 5
 * /quadruped/gazebo_ros_control/pid_gains/front_right_leg3_joint/i: 0.01
 * /quadruped/gazebo_ros_control/pid_gains/front_right_leg3_joint/p: 300
 * /quadruped/generic_hw_control_loop/cycle_time_error_threshold: 0.01
 * /quadruped/generic_hw_control_loop/loop_hz: 100
 * /quadruped/hardware_interface/joints: ['back_left_leg3_...
 * /quadruped/hardware_interface/sim_control_mode: 1
 * /quadruped/joint_state_controller/publish_rate: 100
 * /quadruped/joint_state_controller/type: joint_state_contr...
 * /quadruped/moveit_sim_hw_interface/joint_model_group: todo_group_name
 * /quadruped/moveit_sim_hw_interface/joint_model_group_pose: todo_state_name
 * /robot_description: <?xml version="1....
 * /robot_description_kinematics/back_left_leg/kinematics_solver: kdl_kinematics_pl...
 * /robot_description_kinematics/back_left_leg/kinematics_solver_search_resolution: 0.005
 * /robot_description_kinematics/back_left_leg/kinematics_solver_timeout: 0.005
 * /robot_description_kinematics/back_right_leg/kinematics_solver: kdl_kinematics_pl...
 * /robot_description_kinematics/back_right_leg/kinematics_solver_search_resolution: 0.005
 * /robot_description_kinematics/back_right_leg/kinematics_solver_timeout: 0.005
 * /robot_description_kinematics/front_left_leg/kinematics_solver: kdl_kinematics_pl...
 * /robot_description_kinematics/front_left_leg/kinematics_solver_search_resolution: 0.005
 * /robot_description_kinematics/front_left_leg/kinematics_solver_timeout: 0.005
 * /robot_description_kinematics/front_right_leg/kinematics_solver: kdl_kinematics_pl...
 * /robot_description_kinematics/front_right_leg/kinematics_solver_search_resolution: 0.005
 * /robot_description_kinematics/front_right_leg/kinematics_solver_timeout: 0.005
 * /robot_description_planning/default_acceleration_scaling_factor: 0.1
 * /robot_description_planning/default_velocity_scaling_factor: 0.1
 * /robot_description_planning/joint_limits/back_left_leg1_joint/has_acceleration_limits: False
 * /robot_description_planning/joint_limits/back_left_leg1_joint/has_velocity_limits: True
 * /robot_description_planning/joint_limits/back_left_leg1_joint/max_acceleration: 10
 * /robot_description_planning/joint_limits/back_left_leg1_joint/max_velocity: 10
 * /robot_description_planning/joint_limits/back_left_leg2_joint/has_acceleration_limits: False
 * /robot_description_planning/joint_limits/back_left_leg2_joint/has_velocity_limits: True
 * /robot_description_planning/joint_limits/back_left_leg2_joint/max_acceleration: 10
 * /robot_description_planning/joint_limits/back_left_leg2_joint/max_velocity: 10
 * /robot_description_planning/joint_limits/back_left_leg3_joint/has_acceleration_limits: False
 * /robot_description_planning/joint_limits/back_left_leg3_joint/has_velocity_limits: True
 * /robot_description_planning/joint_limits/back_left_leg3_joint/max_acceleration: 10
 * /robot_description_planning/joint_limits/back_left_leg3_joint/max_velocity: 10
 * /robot_description_planning/joint_limits/back_right_leg1_joint/has_acceleration_limits: False
 * /robot_description_planning/joint_limits/back_right_leg1_joint/has_velocity_limits: True
 * /robot_description_planning/joint_limits/back_right_leg1_joint/max_acceleration: 10
 * /robot_description_planning/joint_limits/back_right_leg1_joint/max_velocity: 10
 * /robot_description_planning/joint_limits/back_right_leg2_joint/has_acceleration_limits: False
 * /robot_description_planning/joint_limits/back_right_leg2_joint/has_velocity_limits: True
 * /robot_description_planning/joint_limits/back_right_leg2_joint/max_acceleration: 10
 * /robot_description_planning/joint_limits/back_right_leg2_joint/max_velocity: 10
 * /robot_description_planning/joint_limits/back_right_leg3_joint/has_acceleration_limits: False
 * /robot_description_planning/joint_limits/back_right_leg3_joint/has_velocity_limits: True
 * /robot_description_planning/joint_limits/back_right_leg3_joint/max_acceleration: 10
 * /robot_description_planning/joint_limits/back_right_leg3_joint/max_velocity: 10
 * /robot_description_planning/joint_limits/front_left_leg1_joint/has_acceleration_limits: False
 * /robot_description_planning/joint_limits/front_left_leg1_joint/has_velocity_limits: True
 * /robot_description_planning/joint_limits/front_left_leg1_joint/max_acceleration: 10
 * /robot_description_planning/joint_limits/front_left_leg1_joint/max_velocity: 10
 * /robot_description_planning/joint_limits/front_left_leg2_joint/has_acceleration_limits: False
 * /robot_description_planning/joint_limits/front_left_leg2_joint/has_velocity_limits: True
 * /robot_description_planning/joint_limits/front_left_leg2_joint/max_acceleration: 10
 * /robot_description_planning/joint_limits/front_left_leg2_joint/max_velocity: 10
 * /robot_description_planning/joint_limits/front_left_leg3_joint/has_acceleration_limits: False
 * /robot_description_planning/joint_limits/front_left_leg3_joint/has_velocity_limits: True
 * /robot_description_planning/joint_limits/front_left_leg3_joint/max_acceleration: 10
 * /robot_description_planning/joint_limits/front_left_leg3_joint/max_velocity: 10
 * /robot_description_planning/joint_limits/front_right_leg1_joint/has_acceleration_limits: False
 * /robot_description_planning/joint_limits/front_right_leg1_joint/has_velocity_limits: True
 * /robot_description_planning/joint_limits/front_right_leg1_joint/max_acceleration: 10
 * /robot_description_planning/joint_limits/front_right_leg1_joint/max_velocity: 10
 * /robot_description_planning/joint_limits/front_right_leg2_joint/has_acceleration_limits: False
 * /robot_description_planning/joint_limits/front_right_leg2_joint/has_velocity_limits: True
 * /robot_description_planning/joint_limits/front_right_leg2_joint/max_acceleration: 10
 * /robot_description_planning/joint_limits/front_right_leg2_joint/max_velocity: 10
 * /robot_description_planning/joint_limits/front_right_leg3_joint/has_acceleration_limits: False
 * /robot_description_planning/joint_limits/front_right_leg3_joint/has_velocity_limits: True
 * /robot_description_planning/joint_limits/front_right_leg3_joint/max_acceleration: 10
 * /robot_description_planning/joint_limits/front_right_leg3_joint/max_velocity: 10
 * /robot_description_semantic: <?xml version="1....
 * /robot_state_publisher/publish_frequency: 60.0
 * /rosdistro: noetic
 * /rosversion: 1.15.9
 * /use_sim_time: True

NODES
  /
    gazebo (gazebo_ros/gzserver)
    joint_state_publisher (joint_state_publisher/joint_state_publisher)
    move_group (moveit_ros_move_group/move_group)
    robot_state_publisher (robot_state_publisher/robot_state_publisher)
    urdf_spawner (gazebo_ros/spawn_model)
  /quadruped/
    controller_spawner (controller_manager/spawner)
GNU gdb (Ubuntu 9.2-0ubuntu1~20.04) 9.2
Copyright (C) 2020 Free Software Foundation, Inc.
License GPLv3+: GNU GPL version 3 or later <http://gnu.org/licenses/gpl.html>
This is free software: you are free to change and redistribute it.
There is NO WARRANTY, to the extent permitted by law.
Type "show copying" and "show warranty" for details.
This GDB was configured as "x86_64-linux-gnu".
Type "show configuration" for configuration details.
For bug reporting instructions, please see:
<http://www.gnu.org/software/gdb/bugs/>.
Find the GDB manual and other documentation resources online at:
    <http://www.gnu.org/software/gdb/documentation/>.

For help, type "help".
Type "apropos word" to search for commands related to "word"...
Reading symbols from /opt/ros/noetic/lib/moveit_ros_move_group/move_group...
(No debugging symbols found in /opt/ros/noetic/lib/moveit_ros_move_group/move_group)
/home/ubuntu/CPGController/src/simulations/ws/src/quadruped/launch/gdb_settings.gdb: No such file or directory.
Starting program: /opt/ros/noetic/lib/moveit_ros_move_group/move_group --debug __name:=move_group __log:=/home/ubuntu/.ros/log/b914396c-98fc-11eb-9005-011a5607e82a/move_group-7.log
[Thread debugging using libthread_db enabled]
Using host libthread_db library "/lib/x86_64-linux-gnu/libthread_db.so.1".
[New Thread 0x7ffff0da7700 (LWP 324870)]
[New Thread 0x7fffebfff700 (LWP 324871)]
[New Thread 0x7fffeb7fe700 (LWP 324872)]
[New Thread 0x7fffeaffd700 (LWP 324873)]
[New Thread 0x7fffea7fc700 (LWP 324874)]
[New Thread 0x7fffe9ffb700 (LWP 324875)]
[33m[ WARN] [1617949703.377154831]: Link dummy_link has visual geometry but no collision geometry. Collision geometry will be left empty. Fix your URDF file by explicitly specifying collision geometry.[0m
[New Thread 0x7fffe97fa700 (LWP 324879)]
[New Thread 0x7fffe8ff9700 (LWP 324883)]
[33m[ WARN] [1617949704.304447453, 0.172000000]: Resolution not specified for Octomap. Assuming resolution = 0.1 instead[0m
[31m[ERROR] [1617949704.311044579, 0.172000000]: Failed to find 3D sensor plugin parameters for octomap generation[0m
[New Thread 0x7fffcbfff700 (LWP 324887)]
[0m[ INFO] [1617949701.507013874]: Finished loading Gazebo ROS API Plugin.[0m
[0m[ INFO] [1617949701.531168322]: waitForService: Service [/gazebo/set_physics_properties] has not been advertised, waiting...[0m
[0m[ INFO] [1617949703.069883699]: waitForService: Service [/gazebo/set_physics_properties] is now available.[0m
[0m[ INFO] [1617949703.269221039, 0.030000000]: Physics dynamic reconfigure ready.[0m
[1;33mWarning [Model.cc:212][0m Non-unique names detected in XML children of model with name[quadruped].
[New Thread 0x7fffcb7fe700 (LWP 324962)]
[New Thread 0x7fffcaffd700 (LWP 324963)]
[New Thread 0x7fffca7fc700 (LWP 324964)]
[New Thread 0x7fffc9ffb700 (LWP 324968)]
[New Thread 0x7fffc97fa700 (LWP 324969)]
[0m[ INFO] [1617949703.374778287]: Loading robot model 'quadruped'...[0m
[0m[ INFO] [1617949703.377057001]: No root/virtual joint specified in SRDF. Assuming fixed joint[0m
[0m[ INFO] [1617949704.176043272, 0.172000000]: Publishing maintained planning scene on 'monitored_planning_scene'[0m
[0m[ INFO] [1617949704.207224654, 0.172000000]: MoveGroup debug mode is ON[0m
[96mStarting planning scene monitors...
[0m[0m[ INFO] [1617949704.207273262, 0.172000000]: Starting planning scene monitor[0m
[0m[ INFO] [1617949704.229896031, 0.172000000]: Listening to '/planning_scene'[0m
[0m[ INFO] [1617949704.229930139, 0.172000000]: Starting world geometry update monitor for collision objects, attached objects, octomap updates.[0m
[0m[ INFO] [1617949704.268126056, 0.172000000]: Listening to '/collision_object'[0m
[0m[ INFO] [1617949704.299473021, 0.172000000]: Listening to '/planning_scene_world' for planning scene world geometry[0m
[0m[ INFO] [1617949704.372894107, 0.172000000]: Listening to '/attached_collision_object' for attached collision objects[0m
[96mPlanning scene monitors started.
[0m[0m[ INFO] [1617949706.958285908, 0.172000000]: Using planning interface 'OMPL'[0m
[0m[ INFO] [1617949706.973564695, 0.172000000]: Param 'default_workspace_bounds' was not set. Using default value: 10[0m
[0m[ INFO] [1617949706.976513699, 0.172000000]: Param 'start_state_max_bounds_error' was set to 0.1[0m
[0m[ INFO] [1617949706.978238067, 0.172000000]: Param 'start_state_max_dt' was not set. Using default value: 0.5[0m
[0m[ INFO] [1617949706.980890611, 0.172000000]: Param 'start_state_max_dt' was not set. Using default value: 0.5[0m
[0m[ INFO] [1617949706.981342725, 0.172000000]: Param 'jiggle_fraction' was set to 0.05[0m
[0m[ INFO] [1617949706.983126401, 0.172000000]: Param 'max_sampling_attempts' was not set. Using default value: 100[0m
[0m[ INFO] [1617949706.983178634, 0.172000000]: Using planning request adapter 'Add Time Parameterization'[0m
[0m[ INFO] [1617949706.983195490, 0.172000000]: Using planning request adapter 'Resolve constraint frames to robot links'[0m
[0m[ INFO] [1617949706.983208013, 0.172000000]: Using planning request adapter 'Fix Workspace Bounds'[0m
[0m[ INFO] [1617949706.983219193, 0.172000000]: Using planning request adapter 'Fix Start State Bounds'[0m
[0m[ INFO] [1617949706.983231014, 0.172000000]: Using planning request adapter 'Fix Start State In Collision'[0m
[0m[ INFO] [1617949706.983243335, 0.172000000]: Using planning request adapter 'Fix Start State Path Constraints'[0m
[96mLoading 'move_group/ApplyPlanningSceneService'...
[0m[96mLoading 'move_group/ClearOctomapService'...
[0m[96mLoading 'move_group/MoveGroupCartesianPathService'...
[0m[96mLoading 'move_group/MoveGroupExecuteTrajectoryAction'...
[0m[96mLoading 'move_group/MoveGroupGetPlanningSceneService'...
[0m[96mLoading 'move_group/MoveGroupKinematicsService'...
[0m[96mLoading 'move_group/MoveGroupMoveAction'...
[0m[96mLoading 'move_group/MoveGroupPickPlaceAction'...
[0m[96mLoading 'move_group/MoveGroupPlanService'...
[0m[96mLoading 'move_group/MoveGroupQueryPlannersService'...
[0m[96mLoading 'move_group/MoveGroupStateValidationService'...
[0m[0m[ INFO] [1617949707.292022340, 0.172000000]: 

********************************************************
* MoveGroup using: 
*     - ApplyPlanningSceneService
*     - ClearOctomapService
*     - CartesianPathService
*     - ExecuteTrajectoryAction
*     - GetPlanningSceneService
*     - KinematicsService
*     - MoveAction
*     - PickPlaceAction
*     - MotionPlanService
*     - QueryPlannersService
*     - StateValidationService
********************************************************
[0m
[0m[ INFO] [1617949707.292075472, 0.172000000]: MoveGroup context using planning plugin ompl_interface/OMPLPlanner[0m
[0m[ INFO] [1617949707.292098048, 0.172000000]: MoveGroup context initialization complete[0m
[92m
You can start planning now!

[0m[0m[ INFO] [1617949705.861488097, 0.172000000]: <initialOrientationAsReference> is unset, using default value of false to comply with REP 145 (world as orientation reference)[0m
[0m[ INFO] [1617949705.862421384, 0.172000000]: <robotNamespace> set to: /quadruped/[0m
[0m[ INFO] [1617949705.863118210, 0.172000000]: <topicName> set to: imu[0m
[0m[ INFO] [1617949705.863203737, 0.172000000]: <frameName> set to: imu_link[0m
[0m[ INFO] [1617949705.863330926, 0.172000000]: <updateRateHZ> set to: 100[0m
[0m[ INFO] [1617949705.863403585, 0.172000000]: <gaussianNoise> set to: 0[0m
[0m[ INFO] [1617949705.863584085, 0.172000000]: <xyzOffset> set to: 0 0 0[0m
[0m[ INFO] [1617949705.863727888, 0.172000000]: <rpyOffset> set to: 0 -0 0[0m
[0m[ INFO] [1617949706.480242559, 0.172000000]: Loading gazebo_ros_control plugin[0m
[0m[ INFO] [1617949706.482146521, 0.172000000]: Starting gazebo_ros_control plugin in namespace: /quadruped[0m
[0m[ INFO] [1617949706.483968460, 0.172000000]: gazebo_ros_control plugin is waiting for model URDF in parameter [/robot_description] on the ROS param server.[0m
[0m[ INFO] [1617949707.884648133, 0.172000000]: Loaded gazebo_ros_control.[0m
[0m[ INFO] [1617949707.930102643, 0.172000000]: ft_sensor plugin reporting wrench values to the frame [front_right_leg3][0m
[0m[ INFO] [1617949707.930543343, 0.172000000]: imu plugin missing <gaussianNoise>, defaults to 0.0[0m
[0m[ INFO] [1617949707.940542954, 0.172000000]: ft_sensor plugin reporting wrench values to the frame [front_right_leg2][0m
[0m[ INFO] [1617949707.940677739, 0.172000000]: imu plugin missing <gaussianNoise>, defaults to 0.0[0m
[0m[ INFO] [1617949707.945234812, 0.172000000]: ft_sensor plugin reporting wrench values to the frame [front_right_leg1][0m
[0m[ INFO] [1617949707.946295039, 0.172000000]: imu plugin missing <gaussianNoise>, defaults to 0.0[0m
[0m[ INFO] [1617949707.953185916, 0.172000000]: ft_sensor plugin reporting wrench values to the frame [front_left_leg3][0m
[0m[ INFO] [1617949707.953391990, 0.172000000]: imu plugin missing <gaussianNoise>, defaults to 0.0[0m
[0m[ INFO] [1617949707.958588321, 0.172000000]: ft_sensor plugin reporting wrench values to the frame [front_left_leg2][0m
[0m[ INFO] [1617949707.960343251, 0.172000000]: imu plugin missing <gaussianNoise>, defaults to 0.0[0m
[0m[ INFO] [1617949707.964196498, 0.172000000]: ft_sensor plugin reporting wrench values to the frame [front_left_leg1][0m
[0m[ INFO] [1617949707.965084544, 0.172000000]: imu plugin missing <gaussianNoise>, defaults to 0.0[0m
[0m[ INFO] [1617949707.974234755, 0.172000000]: ft_sensor plugin reporting wrench values to the frame [back_right_leg3][0m
[0m[ INFO] [1617949707.976915254, 0.172000000]: imu plugin missing <gaussianNoise>, defaults to 0.0[0m
[0m[ INFO] [1617949707.983793347, 0.172000000]: ft_sensor plugin reporting wrench values to the frame [back_right_leg2][0m
[0m[ INFO] [1617949707.983995154, 0.172000000]: imu plugin missing <gaussianNoise>, defaults to 0.0[0m
[0m[ INFO] [1617949707.986504870, 0.172000000]: ft_sensor plugin reporting wrench values to the frame [back_right_leg1][0m
[0m[ INFO] [1617949707.986633838, 0.172000000]: imu plugin missing <gaussianNoise>, defaults to 0.0[0m
[0m[ INFO] [1617949707.990587304, 0.172000000]: ft_sensor plugin reporting wrench values to the frame [back_left_leg3][0m
[0m[ INFO] [1617949707.990750848, 0.172000000]: imu plugin missing <gaussianNoise>, defaults to 0.0[0m
[0m[ INFO] [1617949707.993066121, 0.172000000]: ft_sensor plugin reporting wrench values to the frame [back_left_leg2][0m
[0m[ INFO] [1617949707.993387742, 0.172000000]: imu plugin missing <gaussianNoise>, defaults to 0.0[0m
[0m[ INFO] [1617949707.997027089, 0.172000000]: ft_sensor plugin reporting wrench values to the frame [back_left_leg1][0m
[0m[ INFO] [1617949707.997156679, 0.172000000]: imu plugin missing <gaussianNoise>, defaults to 0.0[0m
[0m[ INFO] [1617949708.023970608, 0.172000000]: GazeboRosJointStatePublisher is going to publish joint: front_right_leg1_joint[0m
[0m[ INFO] [Exception ignored in: <gdb._GdbOutputFile object at 0x7f5d83624460>
Traceback (most recent call last):
  File "/usr/share/gdb/python/gdb/__init__.py", line 43, in flush
    def flush(self):
KeyboardInterrupt: 

auto-starting new master
[1mprocess[master]: started with pid [324672][0m
[1mROS_MASTER_URI=http://localhost:11357[0m
]2;/home/ubuntu/CPGController/src/simulations/ws/src/quadruped/launch/quadruped_control.launch http://localhost:11357
[1msetting /run_id to b914396c-98fc-11eb-9005-011a5607e82a[0m
[1mprocess[rosout-1]: started with pid [324691][0m
started core service [/rosout]
[1mprocess[gazebo-2]: started with pid [324700][0m
[1mprocess[urdf_spawner-3]: started with pid [324701][0m
[1mprocess[quadruped/controller_spawner-4]: started with pid [324704][0m
[1mprocess[joint_state_publisher-5]: started with pid [324706][0m
[1mprocess[robot_state_publisher-6]: started with pid [324708][0m
[1mprocess[move_group-7]: started with pid [324709][0m
[1m[urdf_spawner-3] process has finished cleanly
log file: /home/ubuntu/.ros/log/b914396c-98fc-11eb-9005-011a5607e82a/urdf_spawner-3*.log[0m
[move_group-7] killing on exit
[robot_state_publisher-6] killing on exit
[joint_state_publisher-5] killing on exit
[quadruped/controller_spawner-4] killing on exit
[gazebo-2] killing on exit
[rosout-1] killing on exit
[master] killing on exit
shutting down processing monitor...
... shutting down processing monitor complete
[1mdone[0m
xacro: in-order processing became default in ROS Melodic. You can drop the option.
... logging to /home/ubuntu/.ros/log/bde6f546-9948-11eb-9c3d-811c38a477a5/roslaunch-ip-172-31-36-108-2322.log
Checking log directory for disk usage. This may take a while.
Press Ctrl-C to interrupt
Done checking log file disk usage. Usage is <1GB.
]2;/home/ubuntu/CPGController/src/simulations/ws/src/quadruped/launch/quadruped_control.launch
[1mstarted roslaunch server http://ip-172-31-36-108:44209/[0m

SUMMARY
========

PARAMETERS
 * /gazebo/enable_ros_network: True
 * /joint_state_publisher/source_list: ['quadruped/joint...
 * /move_group/allow_trajectory_execution: False
 * /move_group/back_left_leg/default_planner_config: SBL
 * /move_group/back_left_leg/longest_valid_segment_fraction: 0.005
 * /move_group/back_left_leg/planner_configs: ['AnytimePathShor...
 * /move_group/back_left_leg/projection_evaluator: joints(back_left_...
 * /move_group/back_right_leg/default_planner_config: SBL
 * /move_group/back_right_leg/longest_valid_segment_fraction: 0.005
 * /move_group/back_right_leg/planner_configs: ['AnytimePathShor...
 * /move_group/back_right_leg/projection_evaluator: joints(back_right...
 * /move_group/base/default_planner_config: SBL
 * /move_group/base/planner_configs: ['AnytimePathShor...
 * /move_group/capabilities: 
 * /move_group/disable_capabilities: 
 * /move_group/front_left_leg/default_planner_config: SBL
 * /move_group/front_left_leg/longest_valid_segment_fraction: 0.005
 * /move_group/front_left_leg/planner_configs: ['AnytimePathShor...
 * /move_group/front_left_leg/projection_evaluator: joints(front_left...
 * /move_group/front_right_leg/default_planner_config: SBL
 * /move_group/front_right_leg/longest_valid_segment_fraction: 0.005
 * /move_group/front_right_leg/planner_configs: ['AnytimePathShor...
 * /move_group/front_right_leg/projection_evaluator: joints(front_righ...
 * /move_group/jiggle_fraction: 0.05
 * /move_group/max_safe_path_cost: 1
 * /move_group/planner_configs/AnytimePathShortening/hybridize: True
 * /move_group/planner_configs/AnytimePathShortening/max_hybrid_paths: 24
 * /move_group/planner_configs/AnytimePathShortening/num_planners: 4
 * /move_group/planner_configs/AnytimePathShortening/planners: 
 * /move_group/planner_configs/AnytimePathShortening/shortcut: True
 * /move_group/planner_configs/AnytimePathShortening/type: geometric::Anytim...
 * /move_group/planner_configs/BFMT/balanced: 0
 * /move_group/planner_configs/BFMT/cache_cc: 1
 * /move_group/planner_configs/BFMT/extended_fmt: 1
 * /move_group/planner_configs/BFMT/heuristics: 1
 * /move_group/planner_configs/BFMT/nearest_k: 1
 * /move_group/planner_configs/BFMT/num_samples: 1000
 * /move_group/planner_configs/BFMT/optimality: 1
 * /move_group/planner_configs/BFMT/radius_multiplier: 1.0
 * /move_group/planner_configs/BFMT/type: geometric::BFMT
 * /move_group/planner_configs/BKPIECE/border_fraction: 0.9
 * /move_group/planner_configs/BKPIECE/failed_expansion_score_factor: 0.5
 * /move_group/planner_configs/BKPIECE/min_valid_path_fraction: 0.5
 * /move_group/planner_configs/BKPIECE/range: 0.0
 * /move_group/planner_configs/BKPIECE/type: geometric::BKPIECE
 * /move_group/planner_configs/BiEST/range: 0.0
 * /move_group/planner_configs/BiEST/type: geometric::BiEST
 * /move_group/planner_configs/BiTRRT/cost_threshold: 1e300
 * /move_group/planner_configs/BiTRRT/frountier_node_ratio: 0.1
 * /move_group/planner_configs/BiTRRT/frountier_threshold: 0.0
 * /move_group/planner_configs/BiTRRT/init_temperature: 100
 * /move_group/planner_configs/BiTRRT/range: 0.0
 * /move_group/planner_configs/BiTRRT/temp_change_factor: 0.1
 * /move_group/planner_configs/BiTRRT/type: geometric::BiTRRT
 * /move_group/planner_configs/EST/goal_bias: 0.05
 * /move_group/planner_configs/EST/range: 0.0
 * /move_group/planner_configs/EST/type: geometric::EST
 * /move_group/planner_configs/FMT/cache_cc: 1
 * /move_group/planner_configs/FMT/extended_fmt: 1
 * /move_group/planner_configs/FMT/heuristics: 0
 * /move_group/planner_configs/FMT/nearest_k: 1
 * /move_group/planner_configs/FMT/num_samples: 1000
 * /move_group/planner_configs/FMT/radius_multiplier: 1.1
 * /move_group/planner_configs/FMT/type: geometric::FMT
 * /move_group/planner_configs/KPIECE/border_fraction: 0.9
 * /move_group/planner_configs/KPIECE/failed_expansion_score_factor: 0.5
 * /move_group/planner_configs/KPIECE/goal_bias: 0.05
 * /move_group/planner_configs/KPIECE/min_valid_path_fraction: 0.5
 * /move_group/planner_configs/KPIECE/range: 0.0
 * /move_group/planner_configs/KPIECE/type: geometric::KPIECE
 * /move_group/planner_configs/LBKPIECE/border_fraction: 0.9
 * /move_group/planner_configs/LBKPIECE/min_valid_path_fraction: 0.5
 * /move_group/planner_configs/LBKPIECE/range: 0.0
 * /move_group/planner_configs/LBKPIECE/type: geometric::LBKPIECE
 * /move_group/planner_configs/LBTRRT/epsilon: 0.4
 * /move_group/planner_configs/LBTRRT/goal_bias: 0.05
 * /move_group/planner_configs/LBTRRT/range: 0.0
 * /move_group/planner_configs/LBTRRT/type: geometric::LBTRRT
 * /move_group/planner_configs/LazyPRM/range: 0.0
 * /move_group/planner_configs/LazyPRM/type: geometric::LazyPRM
 * /move_group/planner_configs/LazyPRMstar/type: geometric::LazyPR...
 * /move_group/planner_configs/PDST/type: geometric::PDST
 * /move_group/planner_configs/PRM/max_nearest_neighbors: 10
 * /move_group/planner_configs/PRM/type: geometric::PRM
 * /move_group/planner_configs/PRMstar/type: geometric::PRMstar
 * /move_group/planner_configs/ProjEST/goal_bias: 0.05
 * /move_group/planner_configs/ProjEST/range: 0.0
 * /move_group/planner_configs/ProjEST/type: geometric::ProjEST
 * /move_group/planner_configs/RRT/goal_bias: 0.05
 * /move_group/planner_configs/RRT/range: 0.0
 * /move_group/planner_configs/RRT/type: geometric::RRT
 * /move_group/planner_configs/RRTConnect/range: 0.0
 * /move_group/planner_configs/RRTConnect/type: geometric::RRTCon...
 * /move_group/planner_configs/RRTstar/delay_collision_checking: 1
 * /move_group/planner_configs/RRTstar/goal_bias: 0.05
 * /move_group/planner_configs/RRTstar/range: 0.0
 * /move_group/planner_configs/RRTstar/type: geometric::RRTstar
 * /move_group/planner_configs/SBL/range: 0.0
 * /move_group/planner_configs/SBL/type: geometric::SBL
 * /move_group/planner_configs/SPARS/dense_delta_fraction: 0.001
 * /move_group/planner_configs/SPARS/max_failures: 1000
 * /move_group/planner_configs/SPARS/sparse_delta_fraction: 0.25
 * /move_group/planner_configs/SPARS/stretch_factor: 3.0
 * /move_group/planner_configs/SPARS/type: geometric::SPARS
 * /move_group/planner_configs/SPARStwo/dense_delta_fraction: 0.001
 * /move_group/planner_configs/SPARStwo/max_failures: 5000
 * /move_group/planner_configs/SPARStwo/sparse_delta_fraction: 0.25
 * /move_group/planner_configs/SPARStwo/stretch_factor: 3.0
 * /move_group/planner_configs/SPARStwo/type: geometric::SPARStwo
 * /move_group/planner_configs/STRIDE/degree: 16
 * /move_group/planner_configs/STRIDE/estimated_dimension: 0.0
 * /move_group/planner_configs/STRIDE/goal_bias: 0.05
 * /move_group/planner_configs/STRIDE/max_degree: 18
 * /move_group/planner_configs/STRIDE/max_pts_per_leaf: 6
 * /move_group/planner_configs/STRIDE/min_degree: 12
 * /move_group/planner_configs/STRIDE/min_valid_path_fraction: 0.2
 * /move_group/planner_configs/STRIDE/range: 0.0
 * /move_group/planner_configs/STRIDE/type: geometric::STRIDE
 * /move_group/planner_configs/STRIDE/use_projected_distance: 0
 * /move_group/planner_configs/TRRT/frountierNodeRatio: 0.1
 * /move_group/planner_configs/TRRT/frountier_threshold: 0.0
 * /move_group/planner_configs/TRRT/goal_bias: 0.05
 * /move_group/planner_configs/TRRT/init_temperature: 10e-6
 * /move_group/planner_configs/TRRT/k_constant: 0.0
 * /move_group/planner_configs/TRRT/max_states_failed: 10
 * /move_group/planner_configs/TRRT/min_temperature: 10e-10
 * /move_group/planner_configs/TRRT/range: 0.0
 * /move_group/planner_configs/TRRT/temp_change_factor: 2.0
 * /move_group/planner_configs/TRRT/type: geometric::TRRT
 * /move_group/planning_plugin: ompl_interface/OM...
 * /move_group/planning_scene_monitor/publish_geometry_updates: True
 * /move_group/planning_scene_monitor/publish_planning_scene: True
 * /move_group/planning_scene_monitor/publish_state_updates: True
 * /move_group/planning_scene_monitor/publish_transforms_updates: True
 * /move_group/request_adapters: default_planner_r...
 * /move_group/start_state_max_bounds_error: 0.1
 * /quadruped/back_left_leg_controller/joints: ['back_left_leg1_...
 * /quadruped/back_left_leg_controller/type: position_controll...
 * /quadruped/back_right_leg_controller/joints: ['back_right_leg1...
 * /quadruped/back_right_leg_controller/type: position_controll...
 * /quadruped/front_left_leg_controller/joints: ['front_left_leg1...
 * /quadruped/front_left_leg_controller/type: position_controll...
 * /quadruped/front_right_leg_controller/joints: ['front_right_leg...
 * /quadruped/front_right_leg_controller/type: position_controll...
 * /quadruped/gazebo_ros_control/pid_gains/back_left_leg1_joint/d: 5
 * /quadruped/gazebo_ros_control/pid_gains/back_left_leg1_joint/i: 0.01
 * /quadruped/gazebo_ros_control/pid_gains/back_left_leg1_joint/p: 300
 * /quadruped/gazebo_ros_control/pid_gains/back_left_leg2_joint/d: 5
 * /quadruped/gazebo_ros_control/pid_gains/back_left_leg2_joint/i: 0.01
 * /quadruped/gazebo_ros_control/pid_gains/back_left_leg2_joint/p: 300
 * /quadruped/gazebo_ros_control/pid_gains/back_left_leg3_joint/d: 5
 * /quadruped/gazebo_ros_control/pid_gains/back_left_leg3_joint/i: 0.01
 * /quadruped/gazebo_ros_control/pid_gains/back_left_leg3_joint/p: 300
 * /quadruped/gazebo_ros_control/pid_gains/back_right_leg1_joint/d: 5
 * /quadruped/gazebo_ros_control/pid_gains/back_right_leg1_joint/i: 0.01
 * /quadruped/gazebo_ros_control/pid_gains/back_right_leg1_joint/p: 300
 * /quadruped/gazebo_ros_control/pid_gains/back_right_leg2_joint/d: 5
 * /quadruped/gazebo_ros_control/pid_gains/back_right_leg2_joint/i: 0.01
 * /quadruped/gazebo_ros_control/pid_gains/back_right_leg2_joint/p: 300
 * /quadruped/gazebo_ros_control/pid_gains/back_right_leg3_joint/d: 5
 * /quadruped/gazebo_ros_control/pid_gains/back_right_leg3_joint/i: 0.01
 * /quadruped/gazebo_ros_control/pid_gains/back_right_leg3_joint/p: 300
 * /quadruped/gazebo_ros_control/pid_gains/front_left_leg1_joint/d: 5
 * /quadruped/gazebo_ros_control/pid_gains/front_left_leg1_joint/i: 0.01
 * /quadruped/gazebo_ros_control/pid_gains/front_left_leg1_joint/p: 300
 * /quadruped/gazebo_ros_control/pid_gains/front_left_leg2_joint/d: 5
 * /quadruped/gazebo_ros_control/pid_gains/front_left_leg2_joint/i: 0.01
 * /quadruped/gazebo_ros_control/pid_gains/front_left_leg2_joint/p: 300
 * /quadruped/gazebo_ros_control/pid_gains/front_left_leg3_joint/d: 5
 * /quadruped/gazebo_ros_control/pid_gains/front_left_leg3_joint/i: 0.01
 * /quadruped/gazebo_ros_control/pid_gains/front_left_leg3_joint/p: 300
 * /quadruped/gazebo_ros_control/pid_gains/front_right_leg1_joint/d: 5
 * /quadruped/gazebo_ros_control/pid_gains/front_right_leg1_joint/i: 0.01
 * /quadruped/gazebo_ros_control/pid_gains/front_right_leg1_joint/p: 300
 * /quadruped/gazebo_ros_control/pid_gains/front_right_leg2_joint/d: 5
 * /quadruped/gazebo_ros_control/pid_gains/front_right_leg2_joint/i: 0.01
 * /quadruped/gazebo_ros_control/pid_gains/front_right_leg2_joint/p: 300
 * /quadruped/gazebo_ros_control/pid_gains/front_right_leg3_joint/d: 5
 * /quadruped/gazebo_ros_control/pid_gains/front_right_leg3_joint/i: 0.01
 * /quadruped/gazebo_ros_control/pid_gains/front_right_leg3_joint/p: 300
 * /quadruped/generic_hw_control_loop/cycle_time_error_threshold: 0.01
 * /quadruped/generic_hw_control_loop/loop_hz: 100
 * /quadruped/hardware_interface/joints: ['back_left_leg3_...
 * /quadruped/hardware_interface/sim_control_mode: 1
 * /quadruped/joint_state_controller/publish_rate: 100
 * /quadruped/joint_state_controller/type: joint_state_contr...
 * /quadruped/moveit_sim_hw_interface/joint_model_group: todo_group_name
 * /quadruped/moveit_sim_hw_interface/joint_model_group_pose: todo_state_name
 * /robot_description: <?xml version="1....
 * /robot_description_kinematics/back_left_leg/kinematics_solver: kdl_kinematics_pl...
 * /robot_description_kinematics/back_left_leg/kinematics_solver_search_resolution: 0.005
 * /robot_description_kinematics/back_left_leg/kinematics_solver_timeout: 0.005
 * /robot_description_kinematics/back_right_leg/kinematics_solver: kdl_kinematics_pl...
 * /robot_description_kinematics/back_right_leg/kinematics_solver_search_resolution: 0.005
 * /robot_description_kinematics/back_right_leg/kinematics_solver_timeout: 0.005
 * /robot_description_kinematics/front_left_leg/kinematics_solver: kdl_kinematics_pl...
 * /robot_description_kinematics/front_left_leg/kinematics_solver_search_resolution: 0.005
 * /robot_description_kinematics/front_left_leg/kinematics_solver_timeout: 0.005
 * /robot_description_kinematics/front_right_leg/kinematics_solver: kdl_kinematics_pl...
 * /robot_description_kinematics/front_right_leg/kinematics_solver_search_resolution: 0.005
 * /robot_description_kinematics/front_right_leg/kinematics_solver_timeout: 0.005
 * /robot_description_planning/default_acceleration_scaling_factor: 0.1
 * /robot_description_planning/default_velocity_scaling_factor: 0.1
 * /robot_description_planning/joint_limits/back_left_leg1_joint/has_acceleration_limits: False
 * /robot_description_planning/joint_limits/back_left_leg1_joint/has_velocity_limits: True
 * /robot_description_planning/joint_limits/back_left_leg1_joint/max_acceleration: 10
 * /robot_description_planning/joint_limits/back_left_leg1_joint/max_velocity: 10
 * /robot_description_planning/joint_limits/back_left_leg2_joint/has_acceleration_limits: False
 * /robot_description_planning/joint_limits/back_left_leg2_joint/has_velocity_limits: True
 * /robot_description_planning/joint_limits/back_left_leg2_joint/max_acceleration: 10
 * /robot_description_planning/joint_limits/back_left_leg2_joint/max_velocity: 10
 * /robot_description_planning/joint_limits/back_left_leg3_joint/has_acceleration_limits: False
 * /robot_description_planning/joint_limits/back_left_leg3_joint/has_velocity_limits: True
 * /robot_description_planning/joint_limits/back_left_leg3_joint/max_acceleration: 10
 * /robot_description_planning/joint_limits/back_left_leg3_joint/max_velocity: 10
 * /robot_description_planning/joint_limits/back_right_leg1_joint/has_acceleration_limits: False
 * /robot_description_planning/joint_limits/back_right_leg1_joint/has_velocity_limits: True
 * /robot_description_planning/joint_limits/back_right_leg1_joint/max_acceleration: 10
 * /robot_description_planning/joint_limits/back_right_leg1_joint/max_velocity: 10
 * /robot_description_planning/joint_limits/back_right_leg2_joint/has_acceleration_limits: False
 * /robot_description_planning/joint_limits/back_right_leg2_joint/has_velocity_limits: True
 * /robot_description_planning/joint_limits/back_right_leg2_joint/max_acceleration: 10
 * /robot_description_planning/joint_limits/back_right_leg2_joint/max_velocity: 10
 * /robot_description_planning/joint_limits/back_right_leg3_joint/has_acceleration_limits: False
 * /robot_description_planning/joint_limits/back_right_leg3_joint/has_velocity_limits: True
 * /robot_description_planning/joint_limits/back_right_leg3_joint/max_acceleration: 10
 * /robot_description_planning/joint_limits/back_right_leg3_joint/max_velocity: 10
 * /robot_description_planning/joint_limits/front_left_leg1_joint/has_acceleration_limits: False
 * /robot_description_planning/joint_limits/front_left_leg1_joint/has_velocity_limits: True
 * /robot_description_planning/joint_limits/front_left_leg1_joint/max_acceleration: 10
 * /robot_description_planning/joint_limits/front_left_leg1_joint/max_velocity: 10
 * /robot_description_planning/joint_limits/front_left_leg2_joint/has_acceleration_limits: False
 * /robot_description_planning/joint_limits/front_left_leg2_joint/has_velocity_limits: True
 * /robot_description_planning/joint_limits/front_left_leg2_joint/max_acceleration: 10
 * /robot_description_planning/joint_limits/front_left_leg2_joint/max_velocity: 10
 * /robot_description_planning/joint_limits/front_left_leg3_joint/has_acceleration_limits: False
 * /robot_description_planning/joint_limits/front_left_leg3_joint/has_velocity_limits: True
 * /robot_description_planning/joint_limits/front_left_leg3_joint/max_acceleration: 10
 * /robot_description_planning/joint_limits/front_left_leg3_joint/max_velocity: 10
 * /robot_description_planning/joint_limits/front_right_leg1_joint/has_acceleration_limits: False
 * /robot_description_planning/joint_limits/front_right_leg1_joint/has_velocity_limits: True
 * /robot_description_planning/joint_limits/front_right_leg1_joint/max_acceleration: 10
 * /robot_description_planning/joint_limits/front_right_leg1_joint/max_velocity: 10
 * /robot_description_planning/joint_limits/front_right_leg2_joint/has_acceleration_limits: False
 * /robot_description_planning/joint_limits/front_right_leg2_joint/has_velocity_limits: True
 * /robot_description_planning/joint_limits/front_right_leg2_joint/max_acceleration: 10
 * /robot_description_planning/joint_limits/front_right_leg2_joint/max_velocity: 10
 * /robot_description_planning/joint_limits/front_right_leg3_joint/has_acceleration_limits: False
 * /robot_description_planning/joint_limits/front_right_leg3_joint/has_velocity_limits: True
 * /robot_description_planning/joint_limits/front_right_leg3_joint/max_acceleration: 10
 * /robot_description_planning/joint_limits/front_right_leg3_joint/max_velocity: 10
 * /robot_description_semantic: <?xml version="1....
 * /robot_state_publisher/publish_frequency: 60.0
 * /rosdistro: noetic
 * /rosversion: 1.15.9
 * /use_sim_time: True

NODES
  /
    gazebo (gazebo_ros/gzserver)
    joint_state_publisher (joint_state_publisher/joint_state_publisher)
    move_group (moveit_ros_move_group/move_group)
    robot_state_publisher (robot_state_publisher/robot_state_publisher)
    urdf_spawner (gazebo_ros/spawn_model)
  /quadruped/
    controller_spawner (controller_manager/spawner)
GNU gdb (Ubuntu 9.2-0ubuntu1~20.04) 9.2
Copyright (C) 2020 Free Software Foundation, Inc.
License GPLv3+: GNU GPL version 3 or later <http://gnu.org/licenses/gpl.html>
This is free software: you are free to change and redistribute it.
There is NO WARRANTY, to the extent permitted by law.
Type "show copying" and "show warranty" for details.
This GDB was configured as "x86_64-linux-gnu".
Type "show configuration" for configuration details.
For bug reporting instructions, please see:
<http://www.gnu.org/software/gdb/bugs/>.
Find the GDB manual and other documentation resources online at:
    <http://www.gnu.org/software/gdb/documentation/>.

For help, type "help".
Type "apropos word" to search for commands related to "word"...
Reading symbols from /opt/ros/noetic/lib/moveit_ros_move_group/move_group...
(No debugging symbols found in /opt/ros/noetic/lib/moveit_ros_move_group/move_group)
/home/ubuntu/CPGController/src/simulations/ws/src/quadruped/launch/gdb_settings.gdb: No such file or directory.
Starting program: /opt/ros/noetic/lib/moveit_ros_move_group/move_group --debug __name:=move_group __log:=/home/ubuntu/.ros/log/bde6f546-9948-11eb-9c3d-811c38a477a5/move_group-7.log
[Thread debugging using libthread_db enabled]
Using host libthread_db library "/lib/x86_64-linux-gnu/libthread_db.so.1".
[New Thread 0x7ffff0da7700 (LWP 2488)]
[New Thread 0x7ffff05a6700 (LWP 2489)]
[New Thread 0x7fffefda5700 (LWP 2490)]
[New Thread 0x7fffef5a4700 (LWP 2497)]
[New Thread 0x7fffeeda3700 (LWP 2498)]
[New Thread 0x7fffee5a2700 (LWP 2499)]
[33m[ WARN] [1617982331.977885023]: Link dummy_link has visual geometry but no collision geometry. Collision geometry will be left empty. Fix your URDF file by explicitly specifying collision geometry.[0m
[New Thread 0x7fffedd52700 (LWP 2527)]
[New Thread 0x7fffed551700 (LWP 2529)]
[33m[ WARN] [1617982332.308217075]: Resolution not specified for Octomap. Assuming resolution = 0.1 instead[0m
[31m[ERROR] [1617982332.309117629]: Failed to find 3D sensor plugin parameters for octomap generation[0m
[New Thread 0x7fffecd50700 (LWP 2531)]
[New Thread 0x7fffcf8cf700 (LWP 2538)]
[New Thread 0x7fffcf0ce700 (LWP 2539)]
[New Thread 0x7fffce8cd700 (LWP 2540)]
[0m[ INFO] [1617982331.624864750]: Finished loading Gazebo ROS API Plugin.[0m
[0m[ INFO] [1617982331.629936091]: waitForService: Service [/gazebo/set_physics_properties] has not been advertised, waiting...[0m
[0m[ INFO] [1617982332.094807634]: waitForService: Service [/gazebo/set_physics_properties] is now available.[0m
[0m[ INFO] [1617982332.175733382, 0.007000000]: Physics dynamic reconfigure ready.[0m
[1;33mWarning [Model.cc:212][0m Non-unique names detected in XML children of model with name[quadruped].
[New Thread 0x7fffce02c700 (LWP 2541)]
[New Thread 0x7fffcd82b700 (LWP 2542)]
[0m[ INFO] [1617982331.976454703]: Loading robot model 'quadruped'...[0m
[0m[ INFO] [1617982331.977795184]: No root/virtual joint specified in SRDF. Assuming fixed joint[0m
[0m[ INFO] [1617982332.290777771]: Publishing maintained planning scene on 'monitored_planning_scene'[0m
[0m[ INFO] [1617982332.295757598]: MoveGroup debug mode is ON[0m
[96mStarting planning scene monitors...
[0m[0m[ INFO] [1617982332.295788152]: Starting planning scene monitor[0m
[0m[ INFO] [1617982332.299711765]: Listening to '/planning_scene'[0m
[0m[ INFO] [1617982332.299742264]: Starting world geometry update monitor for collision objects, attached objects, octomap updates.[0m
[0m[ INFO] [1617982332.303208802]: Listening to '/collision_object'[0m
[0m[ INFO] [1617982332.307779048]: Listening to '/planning_scene_world' for planning scene world geometry[0m
[0m[ INFO] [1617982332.327428624]: Listening to '/attached_collision_object' for attached collision objects[0m
[96mPlanning scene monitors started.
[0m[0m[ INFO] [1617982332.794571578, 0.261000000]: Using planning interface 'OMPL'[0m
[0m[ INFO] [1617982332.804609068, 0.261000000]: Param 'default_workspace_bounds' was not set. Using default value: 10[0m
[0m[ INFO] [1617982332.805250709, 0.261000000]: Param 'start_state_max_bounds_error' was set to 0.1[0m
[0m[ INFO] [1617982332.805890247, 0.261000000]: Param 'start_state_max_dt' was not set. Using default value: 0.5[0m
[0m[ INFO] [1617982332.806426810, 0.261000000]: Param 'start_state_max_dt' was not set. Using default value: 0.5[0m
[0m[ INFO] [1617982332.806956833, 0.261000000]: Param 'jiggle_fraction' was set to 0.05[0m
[0m[ INFO] [1617982332.807651866, 0.261000000]: Param 'max_sampling_attempts' was not set. Using default value: 100[0m
[0m[ INFO] [1617982332.807705977, 0.261000000]: Using planning request adapter 'Add Time Parameterization'[0m
[0m[ INFO] [1617982332.807724574, 0.261000000]: Using planning request adapter 'Resolve constraint frames to robot links'[0m
[0m[ INFO] [1617982332.807738469, 0.261000000]: Using planning request adapter 'Fix Workspace Bounds'[0m
[0m[ INFO] [1617982332.807751454, 0.261000000]: Using planning request adapter 'Fix Start State Bounds'[0m
[0m[ INFO] [1617982332.807764769, 0.261000000]: Using planning request adapter 'Fix Start State In Collision'[0m
[0m[ INFO] [1617982332.807777636, 0.261000000]: Using planning request adapter 'Fix Start State Path Constraints'[0m
[96mLoading 'move_group/ApplyPlanningSceneService'...
[0m[96mLoading 'move_group/ClearOctomapService'...
[0m[96mLoading 'move_group/MoveGroupCartesianPathService'...
[0m[96mLoading 'move_group/MoveGroupExecuteTrajectoryAction'...
[0m[96mLoading 'move_group/MoveGroupGetPlanningSceneService'...
[0m[96mLoading 'move_group/MoveGroupKinematicsService'...
[0m[96mLoading 'move_group/MoveGroupMoveAction'...
[0m[96mLoading 'move_group/MoveGroupPickPlaceAction'...
[0m[96mLoading 'move_group/MoveGroupPlanService'...
[0m[96mLoading 'move_group/MoveGroupQueryPlannersService'...
[0m[96mLoading 'move_group/MoveGroupStateValidationService'...
[0m[0m[ INFO] [1617982333.001430269, 0.261000000]: 

********************************************************
* MoveGroup using: 
*     - ApplyPlanningSceneService
*     - ClearOctomapService
*     - CartesianPathService
*     - ExecuteTrajectoryAction
*     - GetPlanningSceneService
*     - KinematicsService
*     - MoveAction
*     - PickPlaceAction
*     - MotionPlanService
*     - QueryPlannersService
*     - StateValidationService
********************************************************
[0m
[0m[ INFO] [1617982333.001517405, 0.261000000]: MoveGroup context using planning plugin ompl_interface/OMPLPlanner[0m
[0m[ INFO] [1617982333.001539644, 0.261000000]: MoveGroup context initialization complete[0m
[92m
You can start planning now!

[0m[0m[ INFO] [1617982333.022647558, 0.261000000]: <initialOrientationAsReference> is unset, using default value of false to comply with REP 145 (world as orientation reference)[0m
[0m[ INFO] [1617982333.022996675, 0.261000000]: <robotNamespace> set to: /quadruped/[0m
[0m[ INFO] [1617982333.023590519, 0.261000000]: <topicName> set to: imu[0m
[0m[ INFO] [1617982333.023668600, 0.261000000]: <frameName> set to: imu_link[0m
[0m[ INFO] [1617982333.023770863, 0.261000000]: <updateRateHZ> set to: 100[0m
[0m[ INFO] [1617982333.023907644, 0.261000000]: <gaussianNoise> set to: 0[0m
[0m[ INFO] [1617982333.024036090, 0.261000000]: <xyzOffset> set to: 0 0 0[0m
[0m[ INFO] [1617982333.024207442, 0.261000000]: <rpyOffset> set to: 0 -0 0[0m
[0m[ INFO] [1617982333.152957457, 0.261000000]: Loading gazebo_ros_control plugin[0m
[0m[ INFO] [1617982333.153857477, 0.261000000]: Starting gazebo_ros_control plugin in namespace: /quadruped[0m
[0m[ INFO] [1617982333.154549913, 0.261000000]: gazebo_ros_control plugin is waiting for model URDF in parameter [/robot_description] on the ROS param server.[0m
[0m[ INFO] [1617982333.690448610, 0.261000000]: Loaded gazebo_ros_control.[0m
[0m[ INFO] [1617982333.702562987, 0.261000000]: ft_sensor plugin reporting wrench values to the frame [front_right_leg3][0m
[0m[ INFO] [1617982333.702618053, 0.261000000]: imu plugin missing <gaussianNoise>, defaults to 0.0[0m
[0m[ INFO] [1617982333.703973040, 0.261000000]: ft_sensor plugin reporting wrench values to the frame [front_right_leg2][0m
[0m[ INFO] [1617982333.704011018, 0.261000000]: imu plugin missing <gaussianNoise>, defaults to 0.0[0m
[0m[ INFO] [1617982333.705335192, 0.261000000]: ft_sensor plugin reporting wrench values to the frame [front_right_leg1][0m
[0m[ INFO] [1617982333.705367096, 0.261000000]: imu plugin missing <gaussianNoise>, defaults to 0.0[0m
[0m[ INFO] [1617982333.706595880, 0.261000000]: ft_sensor plugin reporting wrench values to the frame [front_left_leg3][0m
[0m[ INFO] [1617982333.706627909, 0.261000000]: imu plugin missing <gaussianNoise>, defaults to 0.0[0m
[0m[ INFO] [1617982333.707663168, 0.261000000]: ft_sensor plugin reporting wrench values to the frame [front_left_leg2][0m
[0m[ INFO] [1617982333.707696291, 0.261000000]: imu plugin missing <gaussianNoise>, defaults to 0.0[0m
[0m[ INFO] [1617982333.709190460, 0.261000000]: ft_sensor plugin reporting wrench values to the frame [front_left_leg1][0m
[0m[ INFO] [1617982333.709221819, 0.261000000]: imu plugin missing <gaussianNoise>, defaults to 0.0[0m
[0m[ INFO] [1617982333.710392444, 0.261000000]: ft_sensor plugin reporting wrench values to the frame [back_right_leg3][0m
[0m[ INFO] [1617982333.710423290, 0.261000000]: imu plugin missing <gaussianNoise>, defaults to 0.0[0m
[0m[ INFO] [1617982333.711409823, 0.261000000]: ft_sensor plugin reporting wrench values to the frame [back_right_leg2][0m
[0m[ INFO] [1617982333.711438784, 0.261000000]: imu plugin missing <gaussianNoise>, defaults to 0.0[0m
[0m[ INFO] [1617982333.713382252, 0.261000000]: ft_sensor plugin reporting wrench values to the frame [back_right_leg1][0m
[0m[ INFO] [1617982333.713431951, 0.261000000]: imu plugin missing <gaussianNoise>, defaults to 0.0[0m
[0m[ INFO] [1617982333.714696076, 0.261000000]: ft_sensor plugin reporting wrench values to the frame [back_left_leg3][0m
[0m[ INFO] [1617982333.714740512, 0.261000000]: imu plugin missing <gaussianNoise>, defaults to 0.0[0m
[0m[ INFO] [1617982333.716077339, 0.261000000]: ft_sensor plugin reporting wrench values to the frame [back_left_leg2][0m
[0m[ INFO] [1617982333.716110683, 0.261000000]: imu plugin missing <gaussianNoise>, defaults to 0.0[0m
[0m[ INFO] [1617982333.717292327, 0.261000000]: ft_sensor plugin reporting wrench values to the frame [back_left_leg1][0m
[0m[ INFO] [1617982333.717325678, 0.261000000]: imu plugin missing <gaussianNoise>, defaults to 0.0[0m
[0m[ INFO] [1617982333.730179362, 0.261000000]: GazeboRosJointStatePublisher is going to publish joint: front_right_leg1_joint[0m
[0m[ INFO] [[33m[ WARN] [1617982394.995459174, 42.733000000]: Shutdown request received.[0m
[33m[ WARN] [1617982394.997130775, 42.733000000]: Reason given for shutdown: [[/robot_state_publisher] Reason: new node registered with same name][0m
[New Thread 0x7fffcd02a700 (LWP 3074)]
[31m[ERROR] [1617982395.645330425, 42.900000000]: A controller named 'front_right_leg_controller' was already loaded inside the controller manager[0m
[31m[ERROR] [1617982396.150287789, 43.064000000]: SpawnModel: Failure - model name quadruped already exist.[0m
[INFO] [1617982330.836479, 0.000000]: Controller Spawner: Waiting for service controller_manager/load_controller
[INFO] [1617982333.858674, 0.357000]: Controller Spawner: Waiting for service controller_manager/switch_controller
[INFO] [1617982333.869192, 0.366000]: Controller Spawner: Waiting for service controller_manager/unload_controller
[INFO] [1617982333.878657, 0.374000]: Loading controller: front_right_leg_controller
[INFO] [1617982333.957144, 0.431000]: Loading controller: front_left_leg_controller
[INFO] [1617982334.017571, 0.469000]: Loading controller: back_right_leg_controller
[INFO] [1617982334.067278, 0.499000]: Loading controller: back_left_leg_controller
[INFO] [1617982334.116887, 0.534000]: Loading controller: joint_state_controller
[INFO] [1617982334.136859, 0.545000]: Controller Spawner: Loaded controllers: front_right_leg_controller, front_left_leg_controller, back_right_leg_controller, back_left_leg_controller, joint_state_controller
[INFO] [1617982334.147338, 0.552000]: Started controllers: front_right_leg_controller, front_left_leg_controller, back_right_leg_controller, back_left_leg_controller, joint_state_controller
shutdown request: [/quadruped/controller_spawner] Reason: new node registered with same name
[INFO] [1617982395.610336, 42.890000]: Shutting down spawner. Stopping and unloading controllers...
[INFO] [1617982395.613711, 42.891000]: Stopping all controllers...
[INFO] [1617982395.632950, 42.897000]: Unloading all loaded controllers...
[INFO] [1617982395.634854, 42.897000]: Trying to unload joint_state_controller
[INFO] [1617982395.652660, 42.903000]: Succeeded in unloading joint_state_controller
[INFO] [1617982395.654514, 42.903000]: Trying to unload back_left_leg_controller
[INFO] [1617982395.675341, 42.908000]: Succeeded in unloading back_left_leg_controller
[INFO] [1617982395.676390, 42.908000]: Trying to unload back_right_leg_controller
[INFO] [1617982395.715228, 42.917000]: Succeeded in unloading back_right_leg_controller
[INFO] [1617982395.717031, 42.918000]: Trying to unload front_left_leg_controller
[INFO] [1617982395.737077, 42.923000]: Succeeded in unloading front_left_leg_controller
[INFO] [1617982395.738260, 42.923000]: Trying to unload front_right_leg_controller
[INFO] [1617982395.776551, 42.934000]: Succeeded in unloading front_right_leg_controller
[33m[ WARN] [1617982397.944330218, 43.739000000]: Shutdown request received.[0m
[33m[ WARN] [1617982397.944382953, 43.740000000]: Reason given for shutdown: [[/move_group] Reason: new node registered with same name][0m
[Thread 0x7fffef5a4700 (LWP 2497) exited]
[Thread 0x7fffefda5700 (LWP 2490) exited]
[Thread 0x7ffff05a6700 (LWP 2489) exited]
[Thread 0x7fffeeda3700 (LWP 2498) exited]
[Thread 0x7ffff0da7700 (LWP 2488) exited]
[Thread 0x7fffedd52700 (LWP 2527) exited]
[Thread 0x7fffce02c700 (LWP 2541) exited]
[Thread 0x7fffcf8cf700 (LWP 2538) exited]
[Thread 0x7fffce8cd700 (LWP 2540) exited]
[Thread 0x7fffcd82b700 (LWP 2542) exited]
[Thread 0x7fffed551700 (LWP 2529) exited]
[Thread 0x7fffee5a2700 (LWP 2499) exited]
[Thread 0x7fffcf0ce700 (LWP 2539) exited]
[Thread 0x7fffecd50700 (LWP 2531) exited]
[Thread 0x7fffcd02a700 (LWP 3074) exited]
[Inferior 1 (process 2397) exited normally]
(gdb) quit
[31m[ERROR] [1617982451.546342359, 94.204000000]: SpawnModel: Failure - model name quadruped already exist.[0m
xacro: in-order processing became default in ROS Melodic. You can drop the option.
... logging to /home/ubuntu/.ros/log/1057d868-9949-11eb-9c3d-811c38a477a5/roslaunch-ip-172-31-36-108-3802.log
Checking log directory for disk usage. This may take a while.
Press Ctrl-C to interrupt
Done checking log file disk usage. Usage is <1GB.
]2;/home/ubuntu/CPGController/src/simulations/ws/src/quadruped/launch/quadruped_control.launch
[1mstarted roslaunch server http://ip-172-31-36-108:44441/[0m

SUMMARY
========

PARAMETERS
 * /gazebo/enable_ros_network: True
 * /joint_state_publisher/source_list: ['quadruped/joint...
 * /move_group/allow_trajectory_execution: False
 * /move_group/back_left_leg/default_planner_config: SBL
 * /move_group/back_left_leg/longest_valid_segment_fraction: 0.005
 * /move_group/back_left_leg/planner_configs: ['AnytimePathShor...
 * /move_group/back_left_leg/projection_evaluator: joints(back_left_...
 * /move_group/back_right_leg/default_planner_config: SBL
 * /move_group/back_right_leg/longest_valid_segment_fraction: 0.005
 * /move_group/back_right_leg/planner_configs: ['AnytimePathShor...
 * /move_group/back_right_leg/projection_evaluator: joints(back_right...
 * /move_group/base/default_planner_config: SBL
 * /move_group/base/planner_configs: ['AnytimePathShor...
 * /move_group/capabilities: 
 * /move_group/disable_capabilities: 
 * /move_group/front_left_leg/default_planner_config: SBL
 * /move_group/front_left_leg/longest_valid_segment_fraction: 0.005
 * /move_group/front_left_leg/planner_configs: ['AnytimePathShor...
 * /move_group/front_left_leg/projection_evaluator: joints(front_left...
 * /move_group/front_right_leg/default_planner_config: SBL
 * /move_group/front_right_leg/longest_valid_segment_fraction: 0.005
 * /move_group/front_right_leg/planner_configs: ['AnytimePathShor...
 * /move_group/front_right_leg/projection_evaluator: joints(front_righ...
 * /move_group/jiggle_fraction: 0.05
 * /move_group/max_safe_path_cost: 1
 * /move_group/planner_configs/AnytimePathShortening/hybridize: True
 * /move_group/planner_configs/AnytimePathShortening/max_hybrid_paths: 24
 * /move_group/planner_configs/AnytimePathShortening/num_planners: 4
 * /move_group/planner_configs/AnytimePathShortening/planners: 
 * /move_group/planner_configs/AnytimePathShortening/shortcut: True
 * /move_group/planner_configs/AnytimePathShortening/type: geometric::Anytim...
 * /move_group/planner_configs/BFMT/balanced: 0
 * /move_group/planner_configs/BFMT/cache_cc: 1
 * /move_group/planner_configs/BFMT/extended_fmt: 1
 * /move_group/planner_configs/BFMT/heuristics: 1
 * /move_group/planner_configs/BFMT/nearest_k: 1
 * /move_group/planner_configs/BFMT/num_samples: 1000
 * /move_group/planner_configs/BFMT/optimality: 1
 * /move_group/planner_configs/BFMT/radius_multiplier: 1.0
 * /move_group/planner_configs/BFMT/type: geometric::BFMT
 * /move_group/planner_configs/BKPIECE/border_fraction: 0.9
 * /move_group/planner_configs/BKPIECE/failed_expansion_score_factor: 0.5
 * /move_group/planner_configs/BKPIECE/min_valid_path_fraction: 0.5
 * /move_group/planner_configs/BKPIECE/range: 0.0
 * /move_group/planner_configs/BKPIECE/type: geometric::BKPIECE
 * /move_group/planner_configs/BiEST/range: 0.0
 * /move_group/planner_configs/BiEST/type: geometric::BiEST
 * /move_group/planner_configs/BiTRRT/cost_threshold: 1e300
 * /move_group/planner_configs/BiTRRT/frountier_node_ratio: 0.1
 * /move_group/planner_configs/BiTRRT/frountier_threshold: 0.0
 * /move_group/planner_configs/BiTRRT/init_temperature: 100
 * /move_group/planner_configs/BiTRRT/range: 0.0
 * /move_group/planner_configs/BiTRRT/temp_change_factor: 0.1
 * /move_group/planner_configs/BiTRRT/type: geometric::BiTRRT
 * /move_group/planner_configs/EST/goal_bias: 0.05
 * /move_group/planner_configs/EST/range: 0.0
 * /move_group/planner_configs/EST/type: geometric::EST
 * /move_group/planner_configs/FMT/cache_cc: 1
 * /move_group/planner_configs/FMT/extended_fmt: 1
 * /move_group/planner_configs/FMT/heuristics: 0
 * /move_group/planner_configs/FMT/nearest_k: 1
 * /move_group/planner_configs/FMT/num_samples: 1000
 * /move_group/planner_configs/FMT/radius_multiplier: 1.1
 * /move_group/planner_configs/FMT/type: geometric::FMT
 * /move_group/planner_configs/KPIECE/border_fraction: 0.9
 * /move_group/planner_configs/KPIECE/failed_expansion_score_factor: 0.5
 * /move_group/planner_configs/KPIECE/goal_bias: 0.05
 * /move_group/planner_configs/KPIECE/min_valid_path_fraction: 0.5
 * /move_group/planner_configs/KPIECE/range: 0.0
 * /move_group/planner_configs/KPIECE/type: geometric::KPIECE
 * /move_group/planner_configs/LBKPIECE/border_fraction: 0.9
 * /move_group/planner_configs/LBKPIECE/min_valid_path_fraction: 0.5
 * /move_group/planner_configs/LBKPIECE/range: 0.0
 * /move_group/planner_configs/LBKPIECE/type: geometric::LBKPIECE
 * /move_group/planner_configs/LBTRRT/epsilon: 0.4
 * /move_group/planner_configs/LBTRRT/goal_bias: 0.05
 * /move_group/planner_configs/LBTRRT/range: 0.0
 * /move_group/planner_configs/LBTRRT/type: geometric::LBTRRT
 * /move_group/planner_configs/LazyPRM/range: 0.0
 * /move_group/planner_configs/LazyPRM/type: geometric::LazyPRM
 * /move_group/planner_configs/LazyPRMstar/type: geometric::LazyPR...
 * /move_group/planner_configs/PDST/type: geometric::PDST
 * /move_group/planner_configs/PRM/max_nearest_neighbors: 10
 * /move_group/planner_configs/PRM/type: geometric::PRM
 * /move_group/planner_configs/PRMstar/type: geometric::PRMstar
 * /move_group/planner_configs/ProjEST/goal_bias: 0.05
 * /move_group/planner_configs/ProjEST/range: 0.0
 * /move_group/planner_configs/ProjEST/type: geometric::ProjEST
 * /move_group/planner_configs/RRT/goal_bias: 0.05
 * /move_group/planner_configs/RRT/range: 0.0
 * /move_group/planner_configs/RRT/type: geometric::RRT
 * /move_group/planner_configs/RRTConnect/range: 0.0
 * /move_group/planner_configs/RRTConnect/type: geometric::RRTCon...
 * /move_group/planner_configs/RRTstar/delay_collision_checking: 1
 * /move_group/planner_configs/RRTstar/goal_bias: 0.05
 * /move_group/planner_configs/RRTstar/range: 0.0
 * /move_group/planner_configs/RRTstar/type: geometric::RRTstar
 * /move_group/planner_configs/SBL/range: 0.0
 * /move_group/planner_configs/SBL/type: geometric::SBL
 * /move_group/planner_configs/SPARS/dense_delta_fraction: 0.001
 * /move_group/planner_configs/SPARS/max_failures: 1000
 * /move_group/planner_configs/SPARS/sparse_delta_fraction: 0.25
 * /move_group/planner_configs/SPARS/stretch_factor: 3.0
 * /move_group/planner_configs/SPARS/type: geometric::SPARS
 * /move_group/planner_configs/SPARStwo/dense_delta_fraction: 0.001
 * /move_group/planner_configs/SPARStwo/max_failures: 5000
 * /move_group/planner_configs/SPARStwo/sparse_delta_fraction: 0.25
 * /move_group/planner_configs/SPARStwo/stretch_factor: 3.0
 * /move_group/planner_configs/SPARStwo/type: geometric::SPARStwo
 * /move_group/planner_configs/STRIDE/degree: 16
 * /move_group/planner_configs/STRIDE/estimated_dimension: 0.0
 * /move_group/planner_configs/STRIDE/goal_bias: 0.05
 * /move_group/planner_configs/STRIDE/max_degree: 18
 * /move_group/planner_configs/STRIDE/max_pts_per_leaf: 6
 * /move_group/planner_configs/STRIDE/min_degree: 12
 * /move_group/planner_configs/STRIDE/min_valid_path_fraction: 0.2
 * /move_group/planner_configs/STRIDE/range: 0.0
 * /move_group/planner_configs/STRIDE/type: geometric::STRIDE
 * /move_group/planner_configs/STRIDE/use_projected_distance: 0
 * /move_group/planner_configs/TRRT/frountierNodeRatio: 0.1
 * /move_group/planner_configs/TRRT/frountier_threshold: 0.0
 * /move_group/planner_configs/TRRT/goal_bias: 0.05
 * /move_group/planner_configs/TRRT/init_temperature: 10e-6
 * /move_group/planner_configs/TRRT/k_constant: 0.0
 * /move_group/planner_configs/TRRT/max_states_failed: 10
 * /move_group/planner_configs/TRRT/min_temperature: 10e-10
 * /move_group/planner_configs/TRRT/range: 0.0
 * /move_group/planner_configs/TRRT/temp_change_factor: 2.0
 * /move_group/planner_configs/TRRT/type: geometric::TRRT
 * /move_group/planning_plugin: ompl_interface/OM...
 * /move_group/planning_scene_monitor/publish_geometry_updates: True
 * /move_group/planning_scene_monitor/publish_planning_scene: True
 * /move_group/planning_scene_monitor/publish_state_updates: True
 * /move_group/planning_scene_monitor/publish_transforms_updates: True
 * /move_group/request_adapters: default_planner_r...
 * /move_group/start_state_max_bounds_error: 0.1
 * /quadruped/back_left_leg_controller/joints: ['back_left_leg1_...
 * /quadruped/back_left_leg_controller/type: position_controll...
 * /quadruped/back_right_leg_controller/joints: ['back_right_leg1...
 * /quadruped/back_right_leg_controller/type: position_controll...
 * /quadruped/front_left_leg_controller/joints: ['front_left_leg1...
 * /quadruped/front_left_leg_controller/type: position_controll...
 * /quadruped/front_right_leg_controller/joints: ['front_right_leg...
 * /quadruped/front_right_leg_controller/type: position_controll...
 * /quadruped/gazebo_ros_control/pid_gains/back_left_leg1_joint/d: 5
 * /quadruped/gazebo_ros_control/pid_gains/back_left_leg1_joint/i: 0.01
 * /quadruped/gazebo_ros_control/pid_gains/back_left_leg1_joint/p: 300
 * /quadruped/gazebo_ros_control/pid_gains/back_left_leg2_joint/d: 5
 * /quadruped/gazebo_ros_control/pid_gains/back_left_leg2_joint/i: 0.01
 * /quadruped/gazebo_ros_control/pid_gains/back_left_leg2_joint/p: 300
 * /quadruped/gazebo_ros_control/pid_gains/back_left_leg3_joint/d: 5
 * /quadruped/gazebo_ros_control/pid_gains/back_left_leg3_joint/i: 0.01
 * /quadruped/gazebo_ros_control/pid_gains/back_left_leg3_joint/p: 300
 * /quadruped/gazebo_ros_control/pid_gains/back_right_leg1_joint/d: 5
 * /quadruped/gazebo_ros_control/pid_gains/back_right_leg1_joint/i: 0.01
 * /quadruped/gazebo_ros_control/pid_gains/back_right_leg1_joint/p: 300
 * /quadruped/gazebo_ros_control/pid_gains/back_right_leg2_joint/d: 5
 * /quadruped/gazebo_ros_control/pid_gains/back_right_leg2_joint/i: 0.01
 * /quadruped/gazebo_ros_control/pid_gains/back_right_leg2_joint/p: 300
 * /quadruped/gazebo_ros_control/pid_gains/back_right_leg3_joint/d: 5
 * /quadruped/gazebo_ros_control/pid_gains/back_right_leg3_joint/i: 0.01
 * /quadruped/gazebo_ros_control/pid_gains/back_right_leg3_joint/p: 300
 * /quadruped/gazebo_ros_control/pid_gains/front_left_leg1_joint/d: 5
 * /quadruped/gazebo_ros_control/pid_gains/front_left_leg1_joint/i: 0.01
 * /quadruped/gazebo_ros_control/pid_gains/front_left_leg1_joint/p: 300
 * /quadruped/gazebo_ros_control/pid_gains/front_left_leg2_joint/d: 5
 * /quadruped/gazebo_ros_control/pid_gains/front_left_leg2_joint/i: 0.01
 * /quadruped/gazebo_ros_control/pid_gains/front_left_leg2_joint/p: 300
 * /quadruped/gazebo_ros_control/pid_gains/front_left_leg3_joint/d: 5
 * /quadruped/gazebo_ros_control/pid_gains/front_left_leg3_joint/i: 0.01
 * /quadruped/gazebo_ros_control/pid_gains/front_left_leg3_joint/p: 300
 * /quadruped/gazebo_ros_control/pid_gains/front_right_leg1_joint/d: 5
 * /quadruped/gazebo_ros_control/pid_gains/front_right_leg1_joint/i: 0.01
 * /quadruped/gazebo_ros_control/pid_gains/front_right_leg1_joint/p: 300
 * /quadruped/gazebo_ros_control/pid_gains/front_right_leg2_joint/d: 5
 * /quadruped/gazebo_ros_control/pid_gains/front_right_leg2_joint/i: 0.01
 * /quadruped/gazebo_ros_control/pid_gains/front_right_leg2_joint/p: 300
 * /quadruped/gazebo_ros_control/pid_gains/front_right_leg3_joint/d: 5
 * /quadruped/gazebo_ros_control/pid_gains/front_right_leg3_joint/i: 0.01
 * /quadruped/gazebo_ros_control/pid_gains/front_right_leg3_joint/p: 300
 * /quadruped/generic_hw_control_loop/cycle_time_error_threshold: 0.01
 * /quadruped/generic_hw_control_loop/loop_hz: 100
 * /quadruped/hardware_interface/joints: ['back_left_leg3_...
 * /quadruped/hardware_interface/sim_control_mode: 1
 * /quadruped/joint_state_controller/publish_rate: 100
 * /quadruped/joint_state_controller/type: joint_state_contr...
 * /quadruped/moveit_sim_hw_interface/joint_model_group: todo_group_name
 * /quadruped/moveit_sim_hw_interface/joint_model_group_pose: todo_state_name
 * /robot_description: <?xml version="1....
 * /robot_description_kinematics/back_left_leg/kinematics_solver: kdl_kinematics_pl...
 * /robot_description_kinematics/back_left_leg/kinematics_solver_search_resolution: 0.005
 * /robot_description_kinematics/back_left_leg/kinematics_solver_timeout: 0.005
 * /robot_description_kinematics/back_right_leg/kinematics_solver: kdl_kinematics_pl...
 * /robot_description_kinematics/back_right_leg/kinematics_solver_search_resolution: 0.005
 * /robot_description_kinematics/back_right_leg/kinematics_solver_timeout: 0.005
 * /robot_description_kinematics/front_left_leg/kinematics_solver: kdl_kinematics_pl...
 * /robot_description_kinematics/front_left_leg/kinematics_solver_search_resolution: 0.005
 * /robot_description_kinematics/front_left_leg/kinematics_solver_timeout: 0.005
 * /robot_description_kinematics/front_right_leg/kinematics_solver: kdl_kinematics_pl...
 * /robot_description_kinematics/front_right_leg/kinematics_solver_search_resolution: 0.005
 * /robot_description_kinematics/front_right_leg/kinematics_solver_timeout: 0.005
 * /robot_description_planning/default_acceleration_scaling_factor: 0.1
 * /robot_description_planning/default_velocity_scaling_factor: 0.1
 * /robot_description_planning/joint_limits/back_left_leg1_joint/has_acceleration_limits: False
 * /robot_description_planning/joint_limits/back_left_leg1_joint/has_velocity_limits: True
 * /robot_description_planning/joint_limits/back_left_leg1_joint/max_acceleration: 10
 * /robot_description_planning/joint_limits/back_left_leg1_joint/max_velocity: 10
 * /robot_description_planning/joint_limits/back_left_leg2_joint/has_acceleration_limits: False
 * /robot_description_planning/joint_limits/back_left_leg2_joint/has_velocity_limits: True
 * /robot_description_planning/joint_limits/back_left_leg2_joint/max_acceleration: 10
 * /robot_description_planning/joint_limits/back_left_leg2_joint/max_velocity: 10
 * /robot_description_planning/joint_limits/back_left_leg3_joint/has_acceleration_limits: False
 * /robot_description_planning/joint_limits/back_left_leg3_joint/has_velocity_limits: True
 * /robot_description_planning/joint_limits/back_left_leg3_joint/max_acceleration: 10
 * /robot_description_planning/joint_limits/back_left_leg3_joint/max_velocity: 10
 * /robot_description_planning/joint_limits/back_right_leg1_joint/has_acceleration_limits: False
 * /robot_description_planning/joint_limits/back_right_leg1_joint/has_velocity_limits: True
 * /robot_description_planning/joint_limits/back_right_leg1_joint/max_acceleration: 10
 * /robot_description_planning/joint_limits/back_right_leg1_joint/max_velocity: 10
 * /robot_description_planning/joint_limits/back_right_leg2_joint/has_acceleration_limits: False
 * /robot_description_planning/joint_limits/back_right_leg2_joint/has_velocity_limits: True
 * /robot_description_planning/joint_limits/back_right_leg2_joint/max_acceleration: 10
 * /robot_description_planning/joint_limits/back_right_leg2_joint/max_velocity: 10
 * /robot_description_planning/joint_limits/back_right_leg3_joint/has_acceleration_limits: False
 * /robot_description_planning/joint_limits/back_right_leg3_joint/has_velocity_limits: True
 * /robot_description_planning/joint_limits/back_right_leg3_joint/max_acceleration: 10
 * /robot_description_planning/joint_limits/back_right_leg3_joint/max_velocity: 10
 * /robot_description_planning/joint_limits/front_left_leg1_joint/has_acceleration_limits: False
 * /robot_description_planning/joint_limits/front_left_leg1_joint/has_velocity_limits: True
 * /robot_description_planning/joint_limits/front_left_leg1_joint/max_acceleration: 10
 * /robot_description_planning/joint_limits/front_left_leg1_joint/max_velocity: 10
 * /robot_description_planning/joint_limits/front_left_leg2_joint/has_acceleration_limits: False
 * /robot_description_planning/joint_limits/front_left_leg2_joint/has_velocity_limits: True
 * /robot_description_planning/joint_limits/front_left_leg2_joint/max_acceleration: 10
 * /robot_description_planning/joint_limits/front_left_leg2_joint/max_velocity: 10
 * /robot_description_planning/joint_limits/front_left_leg3_joint/has_acceleration_limits: False
 * /robot_description_planning/joint_limits/front_left_leg3_joint/has_velocity_limits: True
 * /robot_description_planning/joint_limits/front_left_leg3_joint/max_acceleration: 10
 * /robot_description_planning/joint_limits/front_left_leg3_joint/max_velocity: 10
 * /robot_description_planning/joint_limits/front_right_leg1_joint/has_acceleration_limits: False
 * /robot_description_planning/joint_limits/front_right_leg1_joint/has_velocity_limits: True
 * /robot_description_planning/joint_limits/front_right_leg1_joint/max_acceleration: 10
 * /robot_description_planning/joint_limits/front_right_leg1_joint/max_velocity: 10
 * /robot_description_planning/joint_limits/front_right_leg2_joint/has_acceleration_limits: False
 * /robot_description_planning/joint_limits/front_right_leg2_joint/has_velocity_limits: True
 * /robot_description_planning/joint_limits/front_right_leg2_joint/max_acceleration: 10
 * /robot_description_planning/joint_limits/front_right_leg2_joint/max_velocity: 10
 * /robot_description_planning/joint_limits/front_right_leg3_joint/has_acceleration_limits: False
 * /robot_description_planning/joint_limits/front_right_leg3_joint/has_velocity_limits: True
 * /robot_description_planning/joint_limits/front_right_leg3_joint/max_acceleration: 10
 * /robot_description_planning/joint_limits/front_right_leg3_joint/max_velocity: 10
 * /robot_description_semantic: <?xml version="1....
 * /robot_state_publisher/publish_frequency: 60.0
 * /rosdistro: noetic
 * /rosversion: 1.15.9
 * /use_sim_time: True

NODES
  /
    gazebo (gazebo_ros/gzserver)
    joint_state_publisher (joint_state_publisher/joint_state_publisher)
    move_group (moveit_ros_move_group/move_group)
    robot_state_publisher (robot_state_publisher/robot_state_publisher)
    urdf_spawner (gazebo_ros/spawn_model)
  /quadruped/
    controller_spawner (controller_manager/spawner)
GNU gdb (Ubuntu 9.2-0ubuntu1~20.04) 9.2
Copyright (C) 2020 Free Software Foundation, Inc.
License GPLv3+: GNU GPL version 3 or later <http://gnu.org/licenses/gpl.html>
This is free software: you are free to change and redistribute it.
There is NO WARRANTY, to the extent permitted by law.
Type "show copying" and "show warranty" for details.
This GDB was configured as "x86_64-linux-gnu".
Type "show configuration" for configuration details.
For bug reporting instructions, please see:
<http://www.gnu.org/software/gdb/bugs/>.
Find the GDB manual and other documentation resources online at:
    <http://www.gnu.org/software/gdb/documentation/>.

For help, type "help".
Type "apropos word" to search for commands related to "word"...
Reading symbols from /opt/ros/noetic/lib/moveit_ros_move_group/move_group...
(No debugging symbols found in /opt/ros/noetic/lib/moveit_ros_move_group/move_group)
/home/ubuntu/CPGController/src/simulations/ws/src/quadruped/launch/gdb_settings.gdb: No such file or directory.
Starting program: /opt/ros/noetic/lib/moveit_ros_move_group/move_group --debug __name:=move_group __log:=/home/ubuntu/.ros/log/1057d868-9949-11eb-9c3d-811c38a477a5/move_group-7.log
[Thread debugging using libthread_db enabled]
Using host libthread_db library "/lib/x86_64-linux-gnu/libthread_db.so.1".
[New Thread 0x7ffff0da7700 (LWP 3947)]
[New Thread 0x7ffff05a6700 (LWP 3948)]
[New Thread 0x7fffefda5700 (LWP 3949)]
[New Thread 0x7fffef5a4700 (LWP 3950)]
[New Thread 0x7fffeeda3700 (LWP 3951)]
[New Thread 0x7fffee5a2700 (LWP 3952)]
[33m[ WARN] [1617982472.264226689]: Link dummy_link has visual geometry but no collision geometry. Collision geometry will be left empty. Fix your URDF file by explicitly specifying collision geometry.[0m
[New Thread 0x7fffedd52700 (LWP 3974)]
[New Thread 0x7fffed551700 (LWP 3977)]
[33m[ WARN] [1617982472.645492959]: Resolution not specified for Octomap. Assuming resolution = 0.1 instead[0m
[31m[ERROR] [1617982472.646653969]: Failed to find 3D sensor plugin parameters for octomap generation[0m
[New Thread 0x7fffecd50700 (LWP 3980)]
[New Thread 0x7fffcf8cf700 (LWP 4008)]
[New Thread 0x7fffcf0ce700 (LWP 4009)]
[New Thread 0x7fffce8cd700 (LWP 4010)]
[New Thread 0x7fffce02c700 (LWP 4012)]
[New Thread 0x7fffcd82b700 (LWP 4014)]
[0m[ INFO] [1617982472.263079021]: Loading robot model 'quadruped'...[0m
[0m[ INFO] [1617982472.264139233]: No root/virtual joint specified in SRDF. Assuming fixed joint[0m
[0m[ INFO] [1617982472.619537113]: Publishing maintained planning scene on 'monitored_planning_scene'[0m
[0m[ INFO] [1617982472.626235049]: MoveGroup debug mode is ON[0m
[96mStarting planning scene monitors...
[0m[0m[ INFO] [1617982472.626262748]: Starting planning scene monitor[0m
[0m[ INFO] [1617982472.632333765]: Listening to '/planning_scene'[0m
[0m[ INFO] [1617982472.632366033]: Starting world geometry update monitor for collision objects, attached objects, octomap updates.[0m
[0m[ INFO] [1617982472.638102769]: Listening to '/collision_object'[0m
[0m[ INFO] [1617982472.644156247]: Listening to '/planning_scene_world' for planning scene world geometry[0m
[0m[ INFO] [1617982472.669170459]: Listening to '/attached_collision_object' for attached collision objects[0m
[96mPlanning scene monitors started.
[0m[0m[ INFO] [1617982473.371215467, 0.250000000]: Using planning interface 'OMPL'[0m
[0m[ INFO] [1617982473.383283886, 0.250000000]: Param 'default_workspace_bounds' was not set. Using default value: 10[0m
[0m[ INFO] [1617982473.384273958, 0.250000000]: Param 'start_state_max_bounds_error' was set to 0.1[0m
[0m[ INFO] [1617982473.384961619, 0.250000000]: Param 'start_state_max_dt' was not set. Using default value: 0.5[0m
[0m[ INFO] [1617982473.385900908, 0.250000000]: Param 'start_state_max_dt' was not set. Using default value: 0.5[0m
[0m[ INFO] [1617982473.386764386, 0.250000000]: Param 'jiggle_fraction' was set to 0.05[0m
[0m[ INFO] [1617982473.387530265, 0.250000000]: Param 'max_sampling_attempts' was not set. Using default value: 100[0m
[0m[ INFO] [1617982473.387583241, 0.250000000]: Using planning request adapter 'Add Time Parameterization'[0m
[0m[ INFO] [1617982473.387599837, 0.250000000]: Using planning request adapter 'Resolve constraint frames to robot links'[0m
[0m[ INFO] [1617982473.387612045, 0.250000000]: Using planning request adapter 'Fix Workspace Bounds'[0m
[0m[ INFO] [1617982473.387623531, 0.250000000]: Using planning request adapter 'Fix Start State Bounds'[0m
[0m[ INFO] [1617982473.387635048, 0.250000000]: Using planning request adapter 'Fix Start State In Collision'[0m
[0m[ INFO] [1617982473.387646801, 0.250000000]: Using planning request adapter 'Fix Start State Path Constraints'[0m
[96mLoading 'move_group/ApplyPlanningSceneService'...
[0m[96mLoading 'move_group/ClearOctomapService'...
[0m[96mLoading 'move_group/MoveGroupCartesianPathService'...
[0m[96mLoading 'move_group/MoveGroupExecuteTrajectoryAction'...
[0m[96mLoading 'move_group/MoveGroupGetPlanningSceneService'...
[0m[96mLoading 'move_group/MoveGroupKinematicsService'...
[0m[96mLoading 'move_group/MoveGroupMoveAction'...
[0m[96mLoading 'move_group/MoveGroupPickPlaceAction'...
[0m[96mLoading 'move_group/MoveGroupPlanService'...
[0m[96mLoading 'move_group/MoveGroupQueryPlannersService'...
[0m[96mLoading 'move_group/MoveGroupStateValidationService'...
[0m[0m[ INFO] [1617982473.631656650, 0.250000000]: 

********************************************************
* MoveGroup using: 
*     - ApplyPlanningSceneService
*     - ClearOctomapService
*     - CartesianPathService
*     - ExecuteTrajectoryAction
*     - GetPlanningSceneService
*     - KinematicsService
*     - MoveAction
*     - PickPlaceAction
*     - MotionPlanService
*     - QueryPlannersService
*     - StateValidationService
********************************************************
[0m
[0m[ INFO] [1617982473.631719389, 0.250000000]: MoveGroup context using planning plugin ompl_interface/OMPLPlanner[0m
[0m[ INFO] [1617982473.631737584, 0.250000000]: MoveGroup context initialization complete[0m
[92m
You can start planning now!

[0m[0m[ INFO] [1617982471.932272440]: Finished loading Gazebo ROS API Plugin.[0m
[0m[ INFO] [1617982471.938621887]: waitForService: Service [/gazebo/set_physics_properties] has not been advertised, waiting...[0m
[0m[ INFO] [1617982472.707760787]: waitForService: Service [/gazebo/set_physics_properties] is now available.[0m
[0m[ INFO] [1617982472.801673268, 0.027000000]: Physics dynamic reconfigure ready.[0m
[1;33mWarning [Model.cc:212][0m Non-unique names detected in XML children of model with name[quadruped].
[0m[ INFO] [1617982474.264950165, 0.250000000]: <initialOrientationAsReference> is unset, using default value of false to comply with REP 145 (world as orientation reference)[0m
[0m[ INFO] [1617982474.265338616, 0.250000000]: <robotNamespace> set to: /quadruped/[0m
[0m[ INFO] [1617982474.265682363, 0.250000000]: <topicName> set to: imu[0m
[0m[ INFO] [1617982474.266035359, 0.250000000]: <frameName> set to: imu_link[0m
[0m[ INFO] [1617982474.266166422, 0.250000000]: <updateRateHZ> set to: 100[0m
[0m[ INFO] [1617982474.266412832, 0.250000000]: <gaussianNoise> set to: 0[0m
[0m[ INFO] [1617982474.266505475, 0.250000000]: <xyzOffset> set to: 0 0 0[0m
[0m[ INFO] [1617982474.266643553, 0.250000000]: <rpyOffset> set to: 0 -0 0[0m
[0m[ INFO] [1617982474.379539907, 0.250000000]: Loading gazebo_ros_control plugin[0m
[0m[ INFO] [1617982474.379756152, 0.250000000]: Starting gazebo_ros_control plugin in namespace: /quadruped[0m
[0m[ INFO] [1617982474.380660384, 0.250000000]: gazebo_ros_control plugin is waiting for model URDF in parameter [/robot_description] on the ROS param server.[0m
[0m[ INFO] [1617982475.233415982, 0.250000000]: Loaded gazebo_ros_control.[0m
[0m[ INFO] [1617982475.255335302, 0.250000000]: ft_sensor plugin reporting wrench values to the frame [front_right_leg3][0m
[0m[ INFO] [1617982475.255379727, 0.250000000]: imu plugin missing <gaussianNoise>, defaults to 0.0[0m
[0m[ INFO] [1617982475.258963625, 0.250000000]: ft_sensor plugin reporting wrench values to the frame [front_right_leg2][0m
[0m[ INFO] [1617982475.259004067, 0.250000000]: imu plugin missing <gaussianNoise>, defaults to 0.0[0m
[0m[ INFO] [1617982475.260564901, 0.250000000]: ft_sensor plugin reporting wrench values to the frame [front_right_leg1][0m
[0m[ INFO] [1617982475.261962357, 0.250000000]: imu plugin missing <gaussianNoise>, defaults to 0.0[0m
[0m[ INFO] [1617982475.263963086, 0.250000000]: ft_sensor plugin reporting wrench values to the frame [front_left_leg3][0m
[0m[ INFO] [1617982475.264181600, 0.250000000]: imu plugin missing <gaussianNoise>, defaults to 0.0[0m
[0m[ INFO] [1617982475.266118677, 0.250000000]: ft_sensor plugin reporting wrench values to the frame [front_left_leg2][0m
[0m[ INFO] [1617982475.267165198, 0.250000000]: imu plugin missing <gaussianNoise>, defaults to 0.0[0m
[0m[ INFO] [1617982475.268936895, 0.250000000]: ft_sensor plugin reporting wrench values to the frame [front_left_leg1][0m
[0m[ INFO] [1617982475.269054179, 0.250000000]: imu plugin missing <gaussianNoise>, defaults to 0.0[0m
[0m[ INFO] [1617982475.271811195, 0.250000000]: ft_sensor plugin reporting wrench values to the frame [back_right_leg3][0m
[0m[ INFO] [1617982475.272183794, 0.250000000]: imu plugin missing <gaussianNoise>, defaults to 0.0[0m
[0m[ INFO] [1617982475.280798767, 0.250000000]: ft_sensor plugin reporting wrench values to the frame [back_right_leg2][0m
[0m[ INFO] [1617982475.280891364, 0.250000000]: imu plugin missing <gaussianNoise>, defaults to 0.0[0m
[0m[ INFO] [1617982475.282187547, 0.250000000]: ft_sensor plugin reporting wrench values to the frame [back_right_leg1][0m
[0m[ INFO] [1617982475.282311887, 0.250000000]: imu plugin missing <gaussianNoise>, defaults to 0.0[0m
[0m[ INFO] [1617982475.283708221, 0.250000000]: ft_sensor plugin reporting wrench values to the frame [back_left_leg3][0m
[0m[ INFO] [1617982475.283805806, 0.250000000]: imu plugin missing <gaussianNoise>, defaults to 0.0[0m
[0m[ INFO] [1617982475.287276459, 0.250000000]: ft_sensor plugin reporting wrench values to the frame [back_left_leg2][0m
[0m[ INFO] [1617982475.287396043, 0.250000000]: imu plugin missing <gaussianNoise>, defaults to 0.0[0m
[0m[ INFO] [1617982475.291095955, 0.250000000]: ft_sensor plugin reporting wrench values to the frame [back_left_leg1][0m
[0m[ INFO] [1617982475.291194903, 0.250000000]: imu plugin missing <gaussianNoise>, defaults to 0.0[0m
[0m[ INFO] [1617982475.330543508, 0.250000000]: GazeboRosJointStatePublisher is going to publish joint: front_right_leg1_joint[0m
[0m[ INFO] [[New Thread 0x7fffcd02a700 (LWP 802129)]

Thread 1 "move_group" received signal SIGINT, Interrupt.
0x00007ffff77e93bf in __GI___clock_nanosleep (clock_id=clock_id@entry=0, 
    flags=flags@entry=0, req=0x7fffffffe250, rem=0x7fffffffe260)
    at ../sysdeps/unix/sysv/linux/clock_nanosleep.c:78
78	../sysdeps/unix/sysv/linux/clock_nanosleep.c: No such file or directory.
(gdb) quit
A debugging session is active.

	Inferior 1 [process 3859] will be killed.

Quit anyway? (y or n) [answered Y; input not from terminal]
[WARN] [1618131236.925437, 22484.822000]: Controller Spawner error while taking down controllers: transport error completing service call: unable to receive data from sender, check sender's logs for details
[INFO] [1617982470.260216, 0.000000]: Controller Spawner: Waiting for service controller_manager/load_controller
[INFO] [1617982475.409351, 0.286000]: Controller Spawner: Waiting for service controller_manager/switch_controller
[INFO] [1617982475.429593, 0.295000]: Controller Spawner: Waiting for service controller_manager/unload_controller
[INFO] [1617982475.442065, 0.301000]: Loading controller: front_right_leg_controller
[INFO] [1617982475.562639, 0.339000]: Loading controller: front_left_leg_controller
[INFO] [1617982475.617260, 0.372000]: Loading controller: back_right_leg_controller
[INFO] [1617982475.685853, 0.417000]: Loading controller: back_left_leg_controller
[INFO] [1617982475.751494, 0.445000]: Loading controller: joint_state_controller
[INFO] [1617982475.768621, 0.454000]: Controller Spawner: Loaded controllers: front_right_leg_controller, front_left_leg_controller, back_right_leg_controller, back_left_leg_controller, joint_state_controller
[INFO] [1617982475.792605, 0.470000]: Started controllers: front_right_leg_controller, front_left_leg_controller, back_right_leg_controller, back_left_leg_controller, joint_state_controller
[INFO] [1618131221.868514, 22484.777000]: Shutting down spawner. Stopping and unloading controllers...
[INFO] [1618131221.870676, 22484.778000]: Stopping all controllers...
[INFO] [1618131221.908589, 22484.792000]: Unloading all loaded controllers...
[INFO] [1618131221.909796, 22484.792000]: Trying to unload joint_state_controller
[INFO] [1618131221.923831, 22484.798000]: Succeeded in unloading joint_state_controller
[INFO] [1618131221.925490, 22484.799000]: Trying to unload back_left_leg_controller
[INFO] [1618131221.960851, 22484.813000]: Succeeded in unloading back_left_leg_controller
[INFO] [1618131221.962004, 22484.814000]: Trying to unload back_right_leg_controller
[INFO] [1618131221.981412, 22484.822000]: Succeeded in unloading back_right_leg_controller
[INFO] [1618131221.982662, 22484.822000]: Trying to unload front_left_leg_controller
[31m[quadruped/controller_spawner-4] escalating to SIGTERM[0m
[31m[gazebo-2] escalating to SIGTERM[0m

auto-starting new master
[1mprocess[master]: started with pid [3822][0m
[1mROS_MASTER_URI=http://localhost:11344[0m
]2;/home/ubuntu/CPGController/src/simulations/ws/src/quadruped/launch/quadruped_control.launch http://localhost:11344
[1msetting /run_id to 1057d868-9949-11eb-9c3d-811c38a477a5[0m
[1mprocess[rosout-1]: started with pid [3835][0m
started core service [/rosout]
[1mprocess[gazebo-2]: started with pid [3842][0m
[1mprocess[urdf_spawner-3]: started with pid [3843][0m
[1mprocess[quadruped/controller_spawner-4]: started with pid [3846][0m
[1mprocess[joint_state_publisher-5]: started with pid [3848][0m
[1mprocess[robot_state_publisher-6]: started with pid [3850][0m
[1mprocess[move_group-7]: started with pid [3851][0m
[1m[urdf_spawner-3] process has finished cleanly
log file: /home/ubuntu/.ros/log/1057d868-9949-11eb-9c3d-811c38a477a5/urdf_spawner-3*.log[0m
[move_group-7] killing on exit
[robot_state_publisher-6] killing on exit
[joint_state_publisher-5] killing on exit
[quadruped/controller_spawner-4] killing on exit
[gazebo-2] killing on exit
[rosout-1] killing on exit
[master] killing on exit
shutting down processing monitor...
... shutting down processing monitor complete
[1mdone[0m
1617982333.730217333, 0.261000000]: GazeboRosJointStatePublisher is going to publish joint: front_right_leg2_joint[0m
[0m[ INFO] [1617982333.730260777, 0.261000000]: GazeboRosJointStatePublisher is going to publish joint: front_right_leg3_joint[0m
[0m[ INFO] [1617982333.730281171, 0.261000000]: GazeboRosJointStatePublisher is going to publish joint: front_left_leg1_joint[0m
[0m[ INFO] [1617982333.730305594, 0.261000000]: GazeboRosJointStatePublisher is going to publish joint: front_left_leg2_joint[0m
[0m[ INFO] [1617982333.730323507, 0.261000000]: GazeboRosJointStatePublisher is going to publish joint: front_left_leg3_joint[0m
[0m[ INFO] [1617982333.730344778, 0.261000000]: GazeboRosJointStatePublisher is going to publish joint: back_right_leg1_joint[0m
[0m[ INFO] [1617982333.730361751, 0.261000000]: GazeboRosJointStatePublisher is going to publish joint: back_right_leg2_joint[0m
[0m[ INFO] [1617982333.730382770, 0.261000000]: GazeboRosJointStatePublisher is going to publish joint: back_right_leg3_joint[0m
[0m[ INFO] [1617982333.730399442, 0.261000000]: GazeboRosJointStatePublisher is going to publish joint: back_left_leg1_joint[0m
[0m[ INFO] [1617982333.730415079, 0.261000000]: GazeboRosJointStatePublisher is going to publish joint: back_left_leg2_joint[0m
[0m[ INFO] [1617982333.730436214, 0.261000000]: GazeboRosJointStatePublisher is going to publish joint: back_left_leg3_joint[0m
[0m[ INFO] [1617982333.730458855, 0.261000000]: Starting GazeboRosJointStatePublisher Plugin (ns = /quadruped/)!, parent name: quadruped[0m

auto-starting new master
[1mprocess[master]: started with pid [2355][0m
[1mROS_MASTER_URI=http://localhost:11342[0m
]2;/home/ubuntu/CPGController/src/simulations/ws/src/quadruped/launch/quadruped_control.launch http://localhost:11342
[1msetting /run_id to bde6f546-9948-11eb-9c3d-811c38a477a5[0m
[1mprocess[rosout-1]: started with pid [2367][0m
started core service [/rosout]
[1mprocess[gazebo-2]: started with pid [2376][0m
[1mprocess[urdf_spawner-3]: started with pid [2377][0m
[1mprocess[quadruped/controller_spawner-4]: started with pid [2380][0m
[1mprocess[joint_state_publisher-5]: started with pid [2382][0m
[1mprocess[robot_state_publisher-6]: started with pid [2384][0m
[1mprocess[move_group-7]: started with pid [2385][0m
[1m[urdf_spawner-3] process has finished cleanly
log file: /home/ubuntu/.ros/log/bde6f546-9948-11eb-9c3d-811c38a477a5/urdf_spawner-3*.log[0m
[1m[robot_state_publisher-6] process has finished cleanly
log file: /home/ubuntu/.ros/log/bde6f546-9948-11eb-9c3d-811c38a477a5/robot_state_publisher-6*.log[0m
[1m[quadruped/controller_spawner-4] process has finished cleanly
log file: /home/ubuntu/.ros/log/bde6f546-9948-11eb-9c3d-811c38a477a5/quadruped-controller_spawner-4*.log[0m
[1m[joint_state_publisher-5] process has finished cleanly
log file: /home/ubuntu/.ros/log/bde6f546-9948-11eb-9c3d-811c38a477a5/joint_state_publisher-5*.log[0m
[1m[move_group-7] process has finished cleanly
log file: /home/ubuntu/.ros/log/bde6f546-9948-11eb-9c3d-811c38a477a5/move_group-7*.log[0m
[gazebo-2] killing on exit
[rosout-1] killing on exit
[master] killing on exit
shutting down processing monitor...
... shutting down processing monitor complete
[1mdone[0m
