2021-04-12 11:21:51.233703: I tensorflow/stream_executor/platform/default/dso_loader.cc:49] Successfully opened dynamic library libcudart.so.11.0
Unable to init server: Could not connect: Connection refused
Unable to init server: Could not connect: Connection refused

(learn.py:23835): Gdk-CRITICAL **: 11:22:26.307: gdk_cursor_new_for_display: assertion 'GDK_IS_DISPLAY (display)' failed
2021-04-12 11:22:28.887402: I tensorflow/compiler/jit/xla_cpu_device.cc:41] Not creating XLA devices, tf_xla_enable_xla_devices not set
2021-04-12 11:22:28.899415: I tensorflow/stream_executor/platform/default/dso_loader.cc:49] Successfully opened dynamic library libcuda.so.1
2021-04-12 11:22:28.953278: I tensorflow/stream_executor/cuda/cuda_gpu_executor.cc:941] successful NUMA node read from SysFS had negative value (-1), but there must be at least one NUMA node, so returning NUMA node zero
2021-04-12 11:22:28.957465: I tensorflow/core/common_runtime/gpu/gpu_device.cc:1720] Found device 0 with properties: 
pciBusID: 0000:00:1e.0 name: Tesla T4 computeCapability: 7.5
coreClock: 1.59GHz coreCount: 40 deviceMemorySize: 14.75GiB deviceMemoryBandwidth: 298.08GiB/s
2021-04-12 11:22:28.957505: I tensorflow/stream_executor/platform/default/dso_loader.cc:49] Successfully opened dynamic library libcudart.so.11.0
2021-04-12 11:22:28.984891: I tensorflow/stream_executor/platform/default/dso_loader.cc:49] Successfully opened dynamic library libcublas.so.11
2021-04-12 11:22:28.985033: I tensorflow/stream_executor/platform/default/dso_loader.cc:49] Successfully opened dynamic library libcublasLt.so.11
2021-04-12 11:22:28.998604: I tensorflow/stream_executor/platform/default/dso_loader.cc:49] Successfully opened dynamic library libcufft.so.10
2021-04-12 11:22:29.001796: I tensorflow/stream_executor/platform/default/dso_loader.cc:49] Successfully opened dynamic library libcurand.so.10
2021-04-12 11:22:29.037186: I tensorflow/stream_executor/platform/default/dso_loader.cc:49] Successfully opened dynamic library libcusolver.so.10
2021-04-12 11:22:29.047396: I tensorflow/stream_executor/platform/default/dso_loader.cc:49] Successfully opened dynamic library libcusparse.so.11
2021-04-12 11:22:29.049264: I tensorflow/stream_executor/platform/default/dso_loader.cc:49] Successfully opened dynamic library libcudnn.so.8
2021-04-12 11:22:29.051326: I tensorflow/stream_executor/cuda/cuda_gpu_executor.cc:941] successful NUMA node read from SysFS had negative value (-1), but there must be at least one NUMA node, so returning NUMA node zero
2021-04-12 11:22:29.058654: I tensorflow/stream_executor/cuda/cuda_gpu_executor.cc:941] successful NUMA node read from SysFS had negative value (-1), but there must be at least one NUMA node, so returning NUMA node zero
2021-04-12 11:22:29.066035: I tensorflow/core/common_runtime/gpu/gpu_device.cc:1862] Adding visible gpu devices: 0
[DDPG] Building the actor model
2021-04-12 11:22:29.199665: I tensorflow/core/platform/cpu_feature_guard.cc:142] This TensorFlow binary is optimized with oneAPI Deep Neural Network Library (oneDNN) to use the following CPU instructions in performance-critical operations:  AVX2 AVX512F FMA
To enable them in other operations, rebuild TensorFlow with the appropriate compiler flags.
2021-04-12 11:22:29.201717: I tensorflow/compiler/jit/xla_gpu_device.cc:99] Not creating XLA devices, tf_xla_enable_xla_devices not set
2021-04-12 11:22:29.205047: I tensorflow/stream_executor/cuda/cuda_gpu_executor.cc:941] successful NUMA node read from SysFS had negative value (-1), but there must be at least one NUMA node, so returning NUMA node zero
2021-04-12 11:22:29.210910: I tensorflow/core/common_runtime/gpu/gpu_device.cc:1720] Found device 0 with properties: 
pciBusID: 0000:00:1e.0 name: Tesla T4 computeCapability: 7.5
coreClock: 1.59GHz coreCount: 40 deviceMemorySize: 14.75GiB deviceMemoryBandwidth: 298.08GiB/s
2021-04-12 11:22:29.213802: I tensorflow/stream_executor/platform/default/dso_loader.cc:49] Successfully opened dynamic library libcudart.so.11.0
2021-04-12 11:22:29.214929: I tensorflow/stream_executor/platform/default/dso_loader.cc:49] Successfully opened dynamic library libcublas.so.11
2021-04-12 11:22:29.215203: I tensorflow/stream_executor/platform/default/dso_loader.cc:49] Successfully opened dynamic library libcublasLt.so.11
2021-04-12 11:22:29.217302: I tensorflow/stream_executor/platform/default/dso_loader.cc:49] Successfully opened dynamic library libcufft.so.10
2021-04-12 11:22:29.217976: I tensorflow/stream_executor/platform/default/dso_loader.cc:49] Successfully opened dynamic library libcurand.so.10
2021-04-12 11:22:29.218087: I tensorflow/stream_executor/platform/default/dso_loader.cc:49] Successfully opened dynamic library libcusolver.so.10
2021-04-12 11:22:29.219561: I tensorflow/stream_executor/platform/default/dso_loader.cc:49] Successfully opened dynamic library libcusparse.so.11
2021-04-12 11:22:29.219654: I tensorflow/stream_executor/platform/default/dso_loader.cc:49] Successfully opened dynamic library libcudnn.so.8
2021-04-12 11:22:29.221290: I tensorflow/stream_executor/cuda/cuda_gpu_executor.cc:941] successful NUMA node read from SysFS had negative value (-1), but there must be at least one NUMA node, so returning NUMA node zero
2021-04-12 11:22:29.228804: I tensorflow/stream_executor/cuda/cuda_gpu_executor.cc:941] successful NUMA node read from SysFS had negative value (-1), but there must be at least one NUMA node, so returning NUMA node zero
2021-04-12 11:22:29.234548: I tensorflow/core/common_runtime/gpu/gpu_device.cc:1862] Adding visible gpu devices: 0
2021-04-12 11:22:29.234597: I tensorflow/stream_executor/platform/default/dso_loader.cc:49] Successfully opened dynamic library libcudart.so.11.0
2021-04-12 11:22:36.376824: I tensorflow/core/common_runtime/gpu/gpu_device.cc:1261] Device interconnect StreamExecutor with strength 1 edge matrix:
2021-04-12 11:22:36.376870: I tensorflow/core/common_runtime/gpu/gpu_device.cc:1267]      0 
2021-04-12 11:22:36.376881: I tensorflow/core/common_runtime/gpu/gpu_device.cc:1280] 0:   N 
2021-04-12 11:22:36.383314: I tensorflow/stream_executor/cuda/cuda_gpu_executor.cc:941] successful NUMA node read from SysFS had negative value (-1), but there must be at least one NUMA node, so returning NUMA node zero
2021-04-12 11:22:36.393875: I tensorflow/stream_executor/cuda/cuda_gpu_executor.cc:941] successful NUMA node read from SysFS had negative value (-1), but there must be at least one NUMA node, so returning NUMA node zero
2021-04-12 11:22:36.403418: I tensorflow/stream_executor/cuda/cuda_gpu_executor.cc:941] successful NUMA node read from SysFS had negative value (-1), but there must be at least one NUMA node, so returning NUMA node zero
2021-04-12 11:22:36.410037: I tensorflow/core/common_runtime/gpu/gpu_device.cc:1406] Created TensorFlow device (/job:localhost/replica:0/task:0/device:GPU:0 with 11649 MB memory) -> physical GPU (device: 0, name: Tesla T4, pci bus id: 0000:00:1e.0, compute capability: 7.5)
[DDPG] Building the actor model
[DDPG] Building the critic model
[DDPG] Building the critic model
[DDPG] Waiting for joint trajectory action
[DDPG] Found joint trajectory action!
[DDPG] Waiting for joint trajectory action
[DDPG] Found joint trajectory action!
[DDPG] Waiting for joint trajectory action
[DDPG] Found joint trajectory action!
[DDPG] Waiting for joint trajectory action
[DDPG] Found joint trajectory action!
[0m[ INFO] [1618226590.128404831, 7.421000000]: Loading robot model 'quadruped'...[0m
[0m[ INFO] [1618226590.132939715, 7.421000000]: No root/virtual joint specified in SRDF. Assuming fixed joint[0m
[33m[ WARN] [1618226590.133175750, 7.421000000]: Link dummy_link has visual geometry but no collision geometry. Collision geometry will be left empty. Fix your URDF file by explicitly specifying collision geometry.[0m
[0m[ INFO] [1618226591.762196180, 7.691000000]: Ready to take commands for planning group front_right_leg.[0m
[0m[ INFO] [1618226594.413726309, 8.200000000]: Ready to take commands for planning group front_left_leg.[0m
[0m[ INFO] [1618226598.099380127, 8.800000000]: Ready to take commands for planning group back_right_leg.[0m
[0m[ INFO] [1618226601.318957338, 9.400000000]: Ready to take commands for planning group back_left_leg.[0m
[Actor] GPU>>>>>>>>>>>>
[Actor] [PhysicalDevice(name='/physical_device:GPU:0', device_type='GPU')]
[DDPG] Loading Actor Weights
[DDPG] Initializing PER
[DDPG] Training Start
[DDPG] Resetting Environment
[DDPG] Starting Pretraining Test
2021-04-12 11:25:34.842004: I tensorflow/stream_executor/platform/default/dso_loader.cc:49] Successfully opened dynamic library libcublas.so.11
2021-04-12 11:25:41.610367: I tensorflow/stream_executor/platform/default/dso_loader.cc:49] Successfully opened dynamic library libcublasLt.so.11
[DDPG] Step 0 Reward -0.07183 Time 8.93740
[DDPG] Step 1 Reward -0.10747 Time 2.33573
[DDPG] Step 2 Reward -5.67272 Time 2.26880
[DDPG] Quadruped Not Upright
[DDPG] Step 3 Reward -15.23339 Time 1.48813
[DDPG] Quadruped Not Upright
[DDPG] Step 4 Reward -15.93598 Time 1.69814
[DDPG] Resetting Environment
[DDPG] Starting Episode 0
[DDPG] Episode 0 Step 0 Reward -5.38284 Time 1.91824
[DDPG] Episode 0 Step 1 Reward -5.14428 Time 2.33545
[DDPG] Episode 0 Step 2 Reward -5.80465 Time 2.01656
[DDPG] Quadruped Not Upright
[DDPG] Episode 0 Step 3 Reward -15.31321 Time 1.89386
[DDPG] Starting Next Episode
[DDPG] Critic Loss 31.534828186035156
[DDPG] Total Reward -31.64498 Avg Critic Loss 31.53483 Time 3.05524
[DDPG] Saving Data
[DDPG] Saving Model
[DDPG] Resetting Environment
[DDPG] Starting Episode 1
[DDPG] Episode 1 Step 0 Reward -5.87075 Time 2.31654
[DDPG] Episode 1 Step 1 Reward -0.14005 Time 1.96855
[DDPG] Quadruped Not Upright
[DDPG] Episode 1 Step 2 Reward -15.36723 Time 1.49839
[DDPG] Starting Next Episode
[DDPG] Critic Loss 21.05340576171875
[DDPG] Total Reward -21.37803 Avg Critic Loss 21.05341 Time 3.54098
[DDPG] Resetting Environment
[DDPG] Starting Episode 2
[DDPG] Quadruped Not Upright
[DDPG] Episode 2 Step 0 Reward -15.56372 Time 1.78354
[DDPG] Starting Next Episode
[DDPG] Critic Loss 93.51348876953125
[DDPG] Total Reward -15.56372 Avg Critic Loss 93.51349 Time 3.13280
[DDPG] Resetting Environment
[DDPG] Starting Episode 3
[DDPG] Episode 3 Step 0 Reward -5.57837 Time 1.57709
[DDPG] Quadruped Not Upright
[DDPG] Episode 3 Step 1 Reward -15.15421 Time 1.38887
[DDPG] Starting Next Episode
[DDPG] Critic Loss 65.14201354980469
[DDPG] Total Reward -20.73257 Avg Critic Loss 65.14201 Time 4.33503
[DDPG] Resetting Environment
[DDPG] Starting Episode 4
[DDPG] Episode 4 Step 0 Reward -5.62498 Time 2.08626
[DDPG] Episode 4 Step 1 Reward -5.42761 Time 1.84343
[DDPG] Episode 4 Step 2 Reward -5.22781 Time 2.19394
[DDPG] Episode 4 Step 3 Reward -5.43625 Time 1.73134
[DDPG] Episode 4 Step 4 Reward -0.05175 Time 2.50251
[DDPG] Episode 4 Step 5 Reward -5.23004 Time 2.46900
[DDPG] Episode 4 Step 6 Reward -5.25118 Time 2.38617
[DDPG] Episode 4 Step 7 Reward -5.11602 Time 2.12638
[DDPG] Episode 4 Step 8 Reward -5.18247 Time 2.19859
[DDPG] Episode 4 Step 9 Reward -5.13095 Time 2.37486
[DDPG] Quadruped Not Upright
[DDPG] Episode 4 Step 10 Reward -15.61222 Time 2.11229
[DDPG] Starting Next Episode
[DDPG] Critic Loss 41.99114227294922
[DDPG] Total Reward -63.29127 Avg Critic Loss 41.99114 Time 6.30801
[DDPG] Resetting Environment
[DDPG] Starting Episode 5
[DDPG] Episode 5 Step 0 Reward -5.49575 Time 2.18821
[DDPG] Episode 5 Step 1 Reward -5.39764 Time 2.76997
[DDPG] Episode 5 Step 2 Reward -6.22087 Time 2.38436
[DDPG] Quadruped Not Upright
[DDPG] Episode 5 Step 3 Reward -15.56107 Time 1.99005
[DDPG] Starting Next Episode
[DDPG] Critic Loss 59.03139114379883
[DDPG] Total Reward -32.67533 Avg Critic Loss 59.03139 Time 7.14118
[DDPG] Resetting Environment
[DDPG] Starting Episode 6
[DDPG] Episode 6 Step 0 Reward -0.56902 Time 2.24861
[DDPG] Quadruped Not Upright
[DDPG] Episode 6 Step 1 Reward -15.30401 Time 2.20285
[DDPG] Starting Next Episode
