2021-04-16 05:11:20.072198: I tensorflow/stream_executor/platform/default/dso_loader.cc:49] Successfully opened dynamic library libcudart.so.11.0
Unable to init server: Could not connect: Connection refused
Unable to init server: Could not connect: Connection refused

(learn.py:1514693): Gdk-CRITICAL **: 05:11:29.390: gdk_cursor_new_for_display: assertion 'GDK_IS_DISPLAY (display)' failed
2021-04-16 05:11:29.808078: I tensorflow/compiler/jit/xla_cpu_device.cc:41] Not creating XLA devices, tf_xla_enable_xla_devices not set
2021-04-16 05:11:29.816954: I tensorflow/stream_executor/platform/default/dso_loader.cc:49] Successfully opened dynamic library libcuda.so.1
2021-04-16 05:11:29.883665: I tensorflow/stream_executor/cuda/cuda_gpu_executor.cc:941] successful NUMA node read from SysFS had negative value (-1), but there must be at least one NUMA node, so returning NUMA node zero
2021-04-16 05:11:29.889023: I tensorflow/core/common_runtime/gpu/gpu_device.cc:1720] Found device 0 with properties: 
pciBusID: 0000:00:1e.0 name: Tesla T4 computeCapability: 7.5
coreClock: 1.59GHz coreCount: 40 deviceMemorySize: 14.75GiB deviceMemoryBandwidth: 298.08GiB/s
2021-04-16 05:11:29.889367: I tensorflow/stream_executor/platform/default/dso_loader.cc:49] Successfully opened dynamic library libcudart.so.11.0
2021-04-16 05:11:29.912797: I tensorflow/stream_executor/platform/default/dso_loader.cc:49] Successfully opened dynamic library libcublas.so.11
2021-04-16 05:11:29.913327: I tensorflow/stream_executor/platform/default/dso_loader.cc:49] Successfully opened dynamic library libcublasLt.so.11
2021-04-16 05:11:29.922807: I tensorflow/stream_executor/platform/default/dso_loader.cc:49] Successfully opened dynamic library libcufft.so.10
2021-04-16 05:11:29.925981: I tensorflow/stream_executor/platform/default/dso_loader.cc:49] Successfully opened dynamic library libcurand.so.10
2021-04-16 05:11:29.955137: I tensorflow/stream_executor/platform/default/dso_loader.cc:49] Successfully opened dynamic library libcusolver.so.10
2021-04-16 05:11:29.962410: I tensorflow/stream_executor/platform/default/dso_loader.cc:49] Successfully opened dynamic library libcusparse.so.11
2021-04-16 05:11:29.965083: I tensorflow/stream_executor/platform/default/dso_loader.cc:49] Successfully opened dynamic library libcudnn.so.8
2021-04-16 05:11:29.966343: I tensorflow/stream_executor/cuda/cuda_gpu_executor.cc:941] successful NUMA node read from SysFS had negative value (-1), but there must be at least one NUMA node, so returning NUMA node zero
2021-04-16 05:11:29.971711: I tensorflow/stream_executor/cuda/cuda_gpu_executor.cc:941] successful NUMA node read from SysFS had negative value (-1), but there must be at least one NUMA node, so returning NUMA node zero
2021-04-16 05:11:29.977243: I tensorflow/core/common_runtime/gpu/gpu_device.cc:1862] Adding visible gpu devices: 0
[DDPG] Building the actor model
2021-04-16 05:11:30.057561: I tensorflow/core/platform/cpu_feature_guard.cc:142] This TensorFlow binary is optimized with oneAPI Deep Neural Network Library (oneDNN) to use the following CPU instructions in performance-critical operations:  AVX2 AVX512F FMA
To enable them in other operations, rebuild TensorFlow with the appropriate compiler flags.
2021-04-16 05:11:30.061131: I tensorflow/compiler/jit/xla_gpu_device.cc:99] Not creating XLA devices, tf_xla_enable_xla_devices not set
2021-04-16 05:11:30.062357: I tensorflow/stream_executor/cuda/cuda_gpu_executor.cc:941] successful NUMA node read from SysFS had negative value (-1), but there must be at least one NUMA node, so returning NUMA node zero
2021-04-16 05:11:30.068382: I tensorflow/core/common_runtime/gpu/gpu_device.cc:1720] Found device 0 with properties: 
pciBusID: 0000:00:1e.0 name: Tesla T4 computeCapability: 7.5
coreClock: 1.59GHz coreCount: 40 deviceMemorySize: 14.75GiB deviceMemoryBandwidth: 298.08GiB/s
2021-04-16 05:11:30.068932: I tensorflow/stream_executor/platform/default/dso_loader.cc:49] Successfully opened dynamic library libcudart.so.11.0
2021-04-16 05:11:30.069227: I tensorflow/stream_executor/platform/default/dso_loader.cc:49] Successfully opened dynamic library libcublas.so.11
2021-04-16 05:11:30.069744: I tensorflow/stream_executor/platform/default/dso_loader.cc:49] Successfully opened dynamic library libcublasLt.so.11
2021-04-16 05:11:30.071876: I tensorflow/stream_executor/platform/default/dso_loader.cc:49] Successfully opened dynamic library libcufft.so.10
2021-04-16 05:11:30.072737: I tensorflow/stream_executor/platform/default/dso_loader.cc:49] Successfully opened dynamic library libcurand.so.10
2021-04-16 05:11:30.073298: I tensorflow/stream_executor/platform/default/dso_loader.cc:49] Successfully opened dynamic library libcusolver.so.10
2021-04-16 05:11:30.073803: I tensorflow/stream_executor/platform/default/dso_loader.cc:49] Successfully opened dynamic library libcusparse.so.11
2021-04-16 05:11:30.074015: I tensorflow/stream_executor/platform/default/dso_loader.cc:49] Successfully opened dynamic library libcudnn.so.8
2021-04-16 05:11:30.076185: I tensorflow/stream_executor/cuda/cuda_gpu_executor.cc:941] successful NUMA node read from SysFS had negative value (-1), but there must be at least one NUMA node, so returning NUMA node zero
2021-04-16 05:11:30.078875: I tensorflow/stream_executor/cuda/cuda_gpu_executor.cc:941] successful NUMA node read from SysFS had negative value (-1), but there must be at least one NUMA node, so returning NUMA node zero
2021-04-16 05:11:30.083124: I tensorflow/core/common_runtime/gpu/gpu_device.cc:1862] Adding visible gpu devices: 0
2021-04-16 05:11:30.083565: I tensorflow/stream_executor/platform/default/dso_loader.cc:49] Successfully opened dynamic library libcudart.so.11.0
2021-04-16 05:11:33.790024: I tensorflow/core/common_runtime/gpu/gpu_device.cc:1261] Device interconnect StreamExecutor with strength 1 edge matrix:
2021-04-16 05:11:33.790439: I tensorflow/core/common_runtime/gpu/gpu_device.cc:1267]      0 
2021-04-16 05:11:33.790461: I tensorflow/core/common_runtime/gpu/gpu_device.cc:1280] 0:   N 
2021-04-16 05:11:33.792444: I tensorflow/stream_executor/cuda/cuda_gpu_executor.cc:941] successful NUMA node read from SysFS had negative value (-1), but there must be at least one NUMA node, so returning NUMA node zero
2021-04-16 05:11:33.795635: I tensorflow/stream_executor/cuda/cuda_gpu_executor.cc:941] successful NUMA node read from SysFS had negative value (-1), but there must be at least one NUMA node, so returning NUMA node zero
2021-04-16 05:11:33.802569: I tensorflow/stream_executor/cuda/cuda_gpu_executor.cc:941] successful NUMA node read from SysFS had negative value (-1), but there must be at least one NUMA node, so returning NUMA node zero
2021-04-16 05:11:33.805450: I tensorflow/core/common_runtime/gpu/gpu_device.cc:1406] Created TensorFlow device (/job:localhost/replica:0/task:0/device:GPU:0 with 12539 MB memory) -> physical GPU (device: 0, name: Tesla T4, pci bus id: 0000:00:1e.0, compute capability: 7.5)
[DDPG] Building the actor model
[DDPG] Building the critic model
[DDPG] Building the critic model
[DDPG] Waiting for joint trajectory action
[DDPG] Found joint trajectory action!
[DDPG] Waiting for joint trajectory action
[DDPG] Found joint trajectory action!
[DDPG] Waiting for joint trajectory action
[DDPG] Found joint trajectory action!
[DDPG] Waiting for joint trajectory action
[DDPG] Found joint trajectory action!
[0m[ INFO] [1618549907.936356971, 4.020000000]: Loading robot model 'quadruped'...[0m
[0m[ INFO] [1618549907.937818987, 4.021000000]: No root/virtual joint specified in SRDF. Assuming fixed joint[0m
[33m[ WARN] [1618549907.938024001, 4.021000000]: Link dummy_link has visual geometry but no collision geometry. Collision geometry will be left empty. Fix your URDF file by explicitly specifying collision geometry.[0m
[0m[ INFO] [1618549909.732055500, 4.639000000]: Ready to take commands for planning group front_right_leg.[0m
[0m[ INFO] [1618549911.670319111, 5.395000000]: Ready to take commands for planning group front_left_leg.[0m
[0m[ INFO] [1618549913.797913321, 6.195000000]: Ready to take commands for planning group back_right_leg.[0m
[0m[ INFO] [1618549915.897203980, 6.995000000]: Ready to take commands for planning group back_left_leg.[0m
[Actor] GPU>>>>>>>>>>>>
[Actor] [PhysicalDevice(name='/physical_device:GPU:0', device_type='GPU')]
[DDPG] Loading Actor Weights
[DDPG] Training Start
[DDPG] Resetting Environment
[DDPG] Starting Pretraining Test
2021-04-16 05:13:05.377615: I tensorflow/stream_executor/platform/default/dso_loader.cc:49] Successfully opened dynamic library libcublas.so.11
2021-04-16 05:13:08.126852: I tensorflow/stream_executor/platform/default/dso_loader.cc:49] Successfully opened dynamic library libcublasLt.so.11
[DDPG] Step 0 Reward 37.67162 Time 19.21812
[DDPG] Step 1 Reward -4.36444 Time 14.99489
[DDPG] Quadruped Not Upright
[DDPG] Step 2 Reward 0.45835 Time 15.91395
[DDPG] Quadruped Not Upright
[DDPG] Step 3 Reward -8.83569 Time 14.51399
Traceback (most recent call last):
  File "learn.py", line 1494, in <module>
    learner.learn(
  File "learn.py", line 782, in learn
    self.current_time_step = self.env.step(
  File "/home/ubuntu/CPGController/src/rl/env.py", line 73, in step
    return self._step(action, desired_motion, last_step)
  File "/home/ubuntu/CPGController/src/rl/env.py", line 92, in _step
    observation =  self.quadruped.step(
  File "/home/ubuntu/CPGController/src/simulations/ws/src/quadruped/scripts/quadruped.py", line 1169, in step
    rospy.sleep(15.0/60.0)
  File "/opt/ros/noetic/lib/python3/dist-packages/rospy/timer.py", line 165, in sleep
    raise rospy.exceptions.ROSInterruptException("ROS shutdown request")
rospy.exceptions.ROSInterruptException: ROS shutdown request
2021-04-16 05:18:50.673430: I tensorflow/stream_executor/platform/default/dso_loader.cc:49] Successfully opened dynamic library libcudart.so.11.0
Unable to init server: Could not connect: Connection refused
Unable to init server: Could not connect: Connection refused

(learn.py:1518143): Gdk-CRITICAL **: 05:19:00.328: gdk_cursor_new_for_display: assertion 'GDK_IS_DISPLAY (display)' failed
2021-04-16 05:19:01.454248: I tensorflow/compiler/jit/xla_cpu_device.cc:41] Not creating XLA devices, tf_xla_enable_xla_devices not set
2021-04-16 05:19:01.459134: I tensorflow/stream_executor/platform/default/dso_loader.cc:49] Successfully opened dynamic library libcuda.so.1
2021-04-16 05:19:01.505223: I tensorflow/stream_executor/cuda/cuda_gpu_executor.cc:941] successful NUMA node read from SysFS had negative value (-1), but there must be at least one NUMA node, so returning NUMA node zero
2021-04-16 05:19:01.508088: I tensorflow/core/common_runtime/gpu/gpu_device.cc:1720] Found device 0 with properties: 
pciBusID: 0000:00:1e.0 name: Tesla T4 computeCapability: 7.5
coreClock: 1.59GHz coreCount: 40 deviceMemorySize: 14.75GiB deviceMemoryBandwidth: 298.08GiB/s
2021-04-16 05:19:01.508661: I tensorflow/stream_executor/platform/default/dso_loader.cc:49] Successfully opened dynamic library libcudart.so.11.0
2021-04-16 05:19:01.533177: I tensorflow/stream_executor/platform/default/dso_loader.cc:49] Successfully opened dynamic library libcublas.so.11
2021-04-16 05:19:01.533825: I tensorflow/stream_executor/platform/default/dso_loader.cc:49] Successfully opened dynamic library libcublasLt.so.11
2021-04-16 05:19:01.544146: I tensorflow/stream_executor/platform/default/dso_loader.cc:49] Successfully opened dynamic library libcufft.so.10
2021-04-16 05:19:01.545805: I tensorflow/stream_executor/platform/default/dso_loader.cc:49] Successfully opened dynamic library libcurand.so.10
2021-04-16 05:19:01.569989: I tensorflow/stream_executor/platform/default/dso_loader.cc:49] Successfully opened dynamic library libcusolver.so.10
2021-04-16 05:19:01.576450: I tensorflow/stream_executor/platform/default/dso_loader.cc:49] Successfully opened dynamic library libcusparse.so.11
2021-04-16 05:19:01.577694: I tensorflow/stream_executor/platform/default/dso_loader.cc:49] Successfully opened dynamic library libcudnn.so.8
2021-04-16 05:19:01.578646: I tensorflow/stream_executor/cuda/cuda_gpu_executor.cc:941] successful NUMA node read from SysFS had negative value (-1), but there must be at least one NUMA node, so returning NUMA node zero
2021-04-16 05:19:01.584184: I tensorflow/stream_executor/cuda/cuda_gpu_executor.cc:941] successful NUMA node read from SysFS had negative value (-1), but there must be at least one NUMA node, so returning NUMA node zero
2021-04-16 05:19:01.589508: I tensorflow/core/common_runtime/gpu/gpu_device.cc:1862] Adding visible gpu devices: 0
[DDPG] Building the actor model
2021-04-16 05:19:01.656996: I tensorflow/core/platform/cpu_feature_guard.cc:142] This TensorFlow binary is optimized with oneAPI Deep Neural Network Library (oneDNN) to use the following CPU instructions in performance-critical operations:  AVX2 AVX512F FMA
To enable them in other operations, rebuild TensorFlow with the appropriate compiler flags.
2021-04-16 05:19:01.659034: I tensorflow/compiler/jit/xla_gpu_device.cc:99] Not creating XLA devices, tf_xla_enable_xla_devices not set
2021-04-16 05:19:01.660605: I tensorflow/stream_executor/cuda/cuda_gpu_executor.cc:941] successful NUMA node read from SysFS had negative value (-1), but there must be at least one NUMA node, so returning NUMA node zero
2021-04-16 05:19:01.665508: I tensorflow/core/common_runtime/gpu/gpu_device.cc:1720] Found device 0 with properties: 
pciBusID: 0000:00:1e.0 name: Tesla T4 computeCapability: 7.5
coreClock: 1.59GHz coreCount: 40 deviceMemorySize: 14.75GiB deviceMemoryBandwidth: 298.08GiB/s
2021-04-16 05:19:01.666012: I tensorflow/stream_executor/platform/default/dso_loader.cc:49] Successfully opened dynamic library libcudart.so.11.0
2021-04-16 05:19:01.666160: I tensorflow/stream_executor/platform/default/dso_loader.cc:49] Successfully opened dynamic library libcublas.so.11
2021-04-16 05:19:01.667447: I tensorflow/stream_executor/platform/default/dso_loader.cc:49] Successfully opened dynamic library libcublasLt.so.11
2021-04-16 05:19:01.667686: I tensorflow/stream_executor/platform/default/dso_loader.cc:49] Successfully opened dynamic library libcufft.so.10
2021-04-16 05:19:01.668569: I tensorflow/stream_executor/platform/default/dso_loader.cc:49] Successfully opened dynamic library libcurand.so.10
2021-04-16 05:19:01.669128: I tensorflow/stream_executor/platform/default/dso_loader.cc:49] Successfully opened dynamic library libcusolver.so.10
2021-04-16 05:19:01.669259: I tensorflow/stream_executor/platform/default/dso_loader.cc:49] Successfully opened dynamic library libcusparse.so.11
2021-04-16 05:19:01.670293: I tensorflow/stream_executor/platform/default/dso_loader.cc:49] Successfully opened dynamic library libcudnn.so.8
2021-04-16 05:19:01.670859: I tensorflow/stream_executor/cuda/cuda_gpu_executor.cc:941] successful NUMA node read from SysFS had negative value (-1), but there must be at least one NUMA node, so returning NUMA node zero
2021-04-16 05:19:01.675743: I tensorflow/stream_executor/cuda/cuda_gpu_executor.cc:941] successful NUMA node read from SysFS had negative value (-1), but there must be at least one NUMA node, so returning NUMA node zero
2021-04-16 05:19:01.680420: I tensorflow/core/common_runtime/gpu/gpu_device.cc:1862] Adding visible gpu devices: 0
2021-04-16 05:19:01.680934: I tensorflow/stream_executor/platform/default/dso_loader.cc:49] Successfully opened dynamic library libcudart.so.11.0
2021-04-16 05:19:04.487312: I tensorflow/core/common_runtime/gpu/gpu_device.cc:1261] Device interconnect StreamExecutor with strength 1 edge matrix:
2021-04-16 05:19:04.487376: I tensorflow/core/common_runtime/gpu/gpu_device.cc:1267]      0 
2021-04-16 05:19:04.487390: I tensorflow/core/common_runtime/gpu/gpu_device.cc:1280] 0:   N 
2021-04-16 05:19:04.488566: I tensorflow/stream_executor/cuda/cuda_gpu_executor.cc:941] successful NUMA node read from SysFS had negative value (-1), but there must be at least one NUMA node, so returning NUMA node zero
2021-04-16 05:19:04.491630: I tensorflow/stream_executor/cuda/cuda_gpu_executor.cc:941] successful NUMA node read from SysFS had negative value (-1), but there must be at least one NUMA node, so returning NUMA node zero
2021-04-16 05:19:04.493824: I tensorflow/stream_executor/cuda/cuda_gpu_executor.cc:941] successful NUMA node read from SysFS had negative value (-1), but there must be at least one NUMA node, so returning NUMA node zero
2021-04-16 05:19:04.494912: I tensorflow/core/common_runtime/gpu/gpu_device.cc:1406] Created TensorFlow device (/job:localhost/replica:0/task:0/device:GPU:0 with 12539 MB memory) -> physical GPU (device: 0, name: Tesla T4, pci bus id: 0000:00:1e.0, compute capability: 7.5)
[DDPG] Building the actor model
[DDPG] Building the critic model
[DDPG] Building the critic model
[DDPG] Waiting for joint trajectory action
[DDPG] Found joint trajectory action!
[DDPG] Waiting for joint trajectory action
[DDPG] Found joint trajectory action!
[DDPG] Waiting for joint trajectory action
[DDPG] Found joint trajectory action!
[DDPG] Waiting for joint trajectory action
[DDPG] Found joint trajectory action!
[0m[ INFO] [1618550356.668147259, 4.338000000]: Loading robot model 'quadruped'...[0m
[0m[ INFO] [1618550356.669613050, 4.338000000]: No root/virtual joint specified in SRDF. Assuming fixed joint[0m
[33m[ WARN] [1618550356.669957097, 4.338000000]: Link dummy_link has visual geometry but no collision geometry. Collision geometry will be left empty. Fix your URDF file by explicitly specifying collision geometry.[0m
[0m[ INFO] [1618550358.182118084, 4.902000000]: Ready to take commands for planning group front_right_leg.[0m
[0m[ INFO] [1618550359.710690359, 5.600000000]: Ready to take commands for planning group front_left_leg.[0m
[0m[ INFO] [1618550361.635478933, 6.401000000]: Ready to take commands for planning group back_right_leg.[0m
[0m[ INFO] [1618550363.564604207, 7.200000000]: Ready to take commands for planning group back_left_leg.[0m
[Actor] GPU>>>>>>>>>>>>
[Actor] [PhysicalDevice(name='/physical_device:GPU:0', device_type='GPU')]
[DDPG] Loading Actor Weights
[DDPG] Training Start
[DDPG] Resetting Environment
[DDPG] Starting Pretraining Test
2021-04-16 05:20:30.080122: I tensorflow/stream_executor/platform/default/dso_loader.cc:49] Successfully opened dynamic library libcublas.so.11
2021-04-16 05:20:31.851433: I tensorflow/stream_executor/platform/default/dso_loader.cc:49] Successfully opened dynamic library libcublasLt.so.11
[DDPG] Step 0 Reward 46.58307 Time 18.12309
[DDPG] Quadruped Not Upright
[DDPG] Step 1 Reward -8.70125 Time 13.87340
[DDPG] Quadruped Not Upright
[DDPG] Step 2 Reward 1.70481 Time 14.24106
[DDPG] Quadruped Not Upright
[DDPG] Step 3 Reward -1.63512 Time 14.53527
[DDPG] Quadruped Not Upright
[DDPG] Step 4 Reward -7.80983 Time 14.39829
[DDPG] Resetting Environment
[DDPG] Starting Episode 0
[DDPG] Episode 0 Step 0 Reward -1.40019 Time 16.82911
[DDPG] Quadruped Not Upright
[DDPG] Episode 0 Step 1 Reward -5.32219 Time 14.19443
[DDPG] Starting Next Episode
[DDPG] Critic Loss 13.6057710647583
[DDPG] Total Reward -6.72238 Avg Critic Loss 13.60577 Time 6.06633
[DDPG] Saving Data
[DDPG] Saving Model
[DDPG] Resetting Environment
[DDPG] Starting Episode 1
[DDPG] Action value NaN. Ending Episode
[DDPG] Critic Loss nan
[DDPG] Total Reward 0.00000 Avg Critic Loss nan Time 5.08053
[DDPG] Resetting Environment
[DDPG] Starting Episode 2
[DDPG] Action value NaN. Ending Episode
[DDPG] Critic Loss nan
[DDPG] Total Reward 0.00000 Avg Critic Loss nan Time 5.47816
[DDPG] Resetting Environment
[DDPG] Starting Episode 3
[DDPG] Action value NaN. Ending Episode
[DDPG] Critic Loss nan
[DDPG] Total Reward 0.00000 Avg Critic Loss nan Time 5.42030
[DDPG] Resetting Environment
Traceback (most recent call last):
  File "learn.py", line 1494, in <module>
    learner.learn(
  File "learn.py", line 954, in learn
    self.current_time_step = self.env.reset()
  File "/home/ubuntu/.local/lib/python3.8/site-packages/tf_agents/environments/tf_environment.py", line 209, in reset
    return self._reset()
  File "/home/ubuntu/CPGController/src/rl/env.py", line 56, in _reset
    self._state, self._reward = self.quadruped.reset()
  File "/home/ubuntu/CPGController/src/simulations/ws/src/quadruped/scripts/quadruped.py", line 817, in reset
    rospy.sleep(1.0)
  File "/opt/ros/noetic/lib/python3/dist-packages/rospy/timer.py", line 165, in sleep
    raise rospy.exceptions.ROSInterruptException("ROS shutdown request")
rospy.exceptions.ROSInterruptException: ROS shutdown request
2021-04-16 05:25:09.625934: I tensorflow/stream_executor/platform/default/dso_loader.cc:49] Successfully opened dynamic library libcudart.so.11.0
Unable to init server: Could not connect: Connection refused
Unable to init server: Could not connect: Connection refused

(learn.py:1521137): Gdk-CRITICAL **: 05:25:19.968: gdk_cursor_new_for_display: assertion 'GDK_IS_DISPLAY (display)' failed
2021-04-16 05:25:21.306064: I tensorflow/compiler/jit/xla_cpu_device.cc:41] Not creating XLA devices, tf_xla_enable_xla_devices not set
2021-04-16 05:25:21.309454: I tensorflow/stream_executor/platform/default/dso_loader.cc:49] Successfully opened dynamic library libcuda.so.1
2021-04-16 05:25:21.350975: I tensorflow/stream_executor/cuda/cuda_gpu_executor.cc:941] successful NUMA node read from SysFS had negative value (-1), but there must be at least one NUMA node, so returning NUMA node zero
2021-04-16 05:25:21.354998: I tensorflow/core/common_runtime/gpu/gpu_device.cc:1720] Found device 0 with properties: 
pciBusID: 0000:00:1e.0 name: Tesla T4 computeCapability: 7.5
coreClock: 1.59GHz coreCount: 40 deviceMemorySize: 14.75GiB deviceMemoryBandwidth: 298.08GiB/s
2021-04-16 05:25:21.355034: I tensorflow/stream_executor/platform/default/dso_loader.cc:49] Successfully opened dynamic library libcudart.so.11.0
2021-04-16 05:25:21.379584: I tensorflow/stream_executor/platform/default/dso_loader.cc:49] Successfully opened dynamic library libcublas.so.11
2021-04-16 05:25:21.379730: I tensorflow/stream_executor/platform/default/dso_loader.cc:49] Successfully opened dynamic library libcublasLt.so.11
2021-04-16 05:25:21.382984: I tensorflow/stream_executor/platform/default/dso_loader.cc:49] Successfully opened dynamic library libcufft.so.10
2021-04-16 05:25:21.385029: I tensorflow/stream_executor/platform/default/dso_loader.cc:49] Successfully opened dynamic library libcurand.so.10
2021-04-16 05:25:21.399106: I tensorflow/stream_executor/platform/default/dso_loader.cc:49] Successfully opened dynamic library libcusolver.so.10
2021-04-16 05:25:21.400731: I tensorflow/stream_executor/platform/default/dso_loader.cc:49] Successfully opened dynamic library libcusparse.so.11
2021-04-16 05:25:21.401135: I tensorflow/stream_executor/platform/default/dso_loader.cc:49] Successfully opened dynamic library libcudnn.so.8
2021-04-16 05:25:21.401584: I tensorflow/stream_executor/cuda/cuda_gpu_executor.cc:941] successful NUMA node read from SysFS had negative value (-1), but there must be at least one NUMA node, so returning NUMA node zero
2021-04-16 05:25:21.402966: I tensorflow/stream_executor/cuda/cuda_gpu_executor.cc:941] successful NUMA node read from SysFS had negative value (-1), but there must be at least one NUMA node, so returning NUMA node zero
2021-04-16 05:25:21.404160: I tensorflow/core/common_runtime/gpu/gpu_device.cc:1862] Adding visible gpu devices: 0
[DDPG] Building the actor model
2021-04-16 05:25:21.429223: I tensorflow/core/platform/cpu_feature_guard.cc:142] This TensorFlow binary is optimized with oneAPI Deep Neural Network Library (oneDNN) to use the following CPU instructions in performance-critical operations:  AVX2 AVX512F FMA
To enable them in other operations, rebuild TensorFlow with the appropriate compiler flags.
2021-04-16 05:25:21.429512: I tensorflow/compiler/jit/xla_gpu_device.cc:99] Not creating XLA devices, tf_xla_enable_xla_devices not set
2021-04-16 05:25:21.429778: I tensorflow/stream_executor/cuda/cuda_gpu_executor.cc:941] successful NUMA node read from SysFS had negative value (-1), but there must be at least one NUMA node, so returning NUMA node zero
2021-04-16 05:25:21.431193: I tensorflow/core/common_runtime/gpu/gpu_device.cc:1720] Found device 0 with properties: 
pciBusID: 0000:00:1e.0 name: Tesla T4 computeCapability: 7.5
coreClock: 1.59GHz coreCount: 40 deviceMemorySize: 14.75GiB deviceMemoryBandwidth: 298.08GiB/s
2021-04-16 05:25:21.431260: I tensorflow/stream_executor/platform/default/dso_loader.cc:49] Successfully opened dynamic library libcudart.so.11.0
2021-04-16 05:25:21.431385: I tensorflow/stream_executor/platform/default/dso_loader.cc:49] Successfully opened dynamic library libcublas.so.11
2021-04-16 05:25:21.431450: I tensorflow/stream_executor/platform/default/dso_loader.cc:49] Successfully opened dynamic library libcublasLt.so.11
2021-04-16 05:25:21.431815: I tensorflow/stream_executor/platform/default/dso_loader.cc:49] Successfully opened dynamic library libcufft.so.10
2021-04-16 05:25:21.431944: I tensorflow/stream_executor/platform/default/dso_loader.cc:49] Successfully opened dynamic library libcurand.so.10
2021-04-16 05:25:21.432160: I tensorflow/stream_executor/platform/default/dso_loader.cc:49] Successfully opened dynamic library libcusolver.so.10
2021-04-16 05:25:21.432231: I tensorflow/stream_executor/platform/default/dso_loader.cc:49] Successfully opened dynamic library libcusparse.so.11
2021-04-16 05:25:21.432273: I tensorflow/stream_executor/platform/default/dso_loader.cc:49] Successfully opened dynamic library libcudnn.so.8
2021-04-16 05:25:21.432462: I tensorflow/stream_executor/cuda/cuda_gpu_executor.cc:941] successful NUMA node read from SysFS had negative value (-1), but there must be at least one NUMA node, so returning NUMA node zero
2021-04-16 05:25:21.434081: I tensorflow/stream_executor/cuda/cuda_gpu_executor.cc:941] successful NUMA node read from SysFS had negative value (-1), but there must be at least one NUMA node, so returning NUMA node zero
2021-04-16 05:25:21.435170: I tensorflow/core/common_runtime/gpu/gpu_device.cc:1862] Adding visible gpu devices: 0
2021-04-16 05:25:21.435219: I tensorflow/stream_executor/platform/default/dso_loader.cc:49] Successfully opened dynamic library libcudart.so.11.0
2021-04-16 05:25:24.114346: I tensorflow/core/common_runtime/gpu/gpu_device.cc:1261] Device interconnect StreamExecutor with strength 1 edge matrix:
2021-04-16 05:25:24.114378: I tensorflow/core/common_runtime/gpu/gpu_device.cc:1267]      0 
2021-04-16 05:25:24.114390: I tensorflow/core/common_runtime/gpu/gpu_device.cc:1280] 0:   N 
2021-04-16 05:25:24.116007: I tensorflow/stream_executor/cuda/cuda_gpu_executor.cc:941] successful NUMA node read from SysFS had negative value (-1), but there must be at least one NUMA node, so returning NUMA node zero
2021-04-16 05:25:24.118639: I tensorflow/stream_executor/cuda/cuda_gpu_executor.cc:941] successful NUMA node read from SysFS had negative value (-1), but there must be at least one NUMA node, so returning NUMA node zero
2021-04-16 05:25:24.122447: I tensorflow/stream_executor/cuda/cuda_gpu_executor.cc:941] successful NUMA node read from SysFS had negative value (-1), but there must be at least one NUMA node, so returning NUMA node zero
2021-04-16 05:25:24.125283: I tensorflow/core/common_runtime/gpu/gpu_device.cc:1406] Created TensorFlow device (/job:localhost/replica:0/task:0/device:GPU:0 with 12539 MB memory) -> physical GPU (device: 0, name: Tesla T4, pci bus id: 0000:00:1e.0, compute capability: 7.5)
[DDPG] Building the actor model
[DDPG] Building the critic model
[DDPG] Building the critic model
[DDPG] Waiting for joint trajectory action
[DDPG] Found joint trajectory action!
[DDPG] Waiting for joint trajectory action
[DDPG] Found joint trajectory action!
[DDPG] Waiting for joint trajectory action
[DDPG] Found joint trajectory action!
[DDPG] Waiting for joint trajectory action
[DDPG] Found joint trajectory action!
[0m[ INFO] [1618550735.749140970, 3.803000000]: Loading robot model 'quadruped'...[0m
[0m[ INFO] [1618550735.750242583, 3.803000000]: No root/virtual joint specified in SRDF. Assuming fixed joint[0m
[33m[ WARN] [1618550735.750417164, 3.803000000]: Link dummy_link has visual geometry but no collision geometry. Collision geometry will be left empty. Fix your URDF file by explicitly specifying collision geometry.[0m
[0m[ INFO] [1618550737.370677927, 4.520000000]: Ready to take commands for planning group front_right_leg.[0m
[0m[ INFO] [1618550739.335870152, 5.200000000]: Ready to take commands for planning group front_left_leg.[0m
[0m[ INFO] [1618550741.251166977, 6.000000000]: Ready to take commands for planning group back_right_leg.[0m
[0m[ INFO] [1618550742.976536424, 6.800000000]: Ready to take commands for planning group back_left_leg.[0m
[Actor] GPU>>>>>>>>>>>>
[Actor] [PhysicalDevice(name='/physical_device:GPU:0', device_type='GPU')]
[DDPG] Loading Actor Weights
[DDPG] Training Start
[DDPG] Resetting Environment
[DDPG] Starting Pretraining Test
2021-04-16 05:26:51.708063: I tensorflow/stream_executor/platform/default/dso_loader.cc:49] Successfully opened dynamic library libcublas.so.11
2021-04-16 05:26:53.832252: I tensorflow/stream_executor/platform/default/dso_loader.cc:49] Successfully opened dynamic library libcublasLt.so.11
[DDPG] Step 0 Reward 47.14769 Time 19.25992
[DDPG] Step 1 Reward -2.78274 Time 15.71403
[DDPG] Step 2 Reward -0.16582 Time 15.81436
[DDPG] Quadruped Not Upright
[DDPG] Step 3 Reward -4.88264 Time 14.78555
[DDPG] Quadruped Not Upright
[DDPG] Step 4 Reward -0.53802 Time 13.47683
[DDPG] Resetting Environment
[DDPG] Starting Episode 0
[DDPG] Quadruped Not Upright
[DDPG] Episode 0 Step 0 Reward -5.84290 Time 14.41508
[DDPG] Starting Next Episode
[DDPG] Critic Loss 38.28738784790039
[DDPG] Total Reward -5.84290 Avg Critic Loss 38.28739 Time 6.10799
[DDPG] Saving Data
[DDPG] Saving Model
[DDPG] Resetting Environment
[DDPG] Starting Episode 1
[DDPG] Episode 1 Step 0 Reward 1.09507 Time 15.42717
[DDPG] Quadruped Not Upright
[DDPG] Episode 1 Step 1 Reward -3.54636 Time 14.80833
[DDPG] Starting Next Episode
[DDPG] Critic Loss 18.715890884399414
[DDPG] Total Reward -2.45128 Avg Critic Loss 18.71589 Time 5.03780
[DDPG] Resetting Environment
[DDPG] Starting Episode 2
[DDPG] Episode 2 Step 0 Reward 1.40496 Time 18.90604
[DDPG] Quadruped Not Upright
[DDPG] Episode 2 Step 1 Reward -9.91244 Time 14.13176
[DDPG] Starting Next Episode
[DDPG] Critic Loss 36.48295974731445
[DDPG] Total Reward -8.50748 Avg Critic Loss 36.48296 Time 5.04980
[DDPG] Resetting Environment
[DDPG] Starting Episode 3
[DDPG] Episode 3 Step 0 Reward 1.25015 Time 18.75977
[DDPG] Quadruped Not Upright
[DDPG] Episode 3 Step 1 Reward -8.50817 Time 15.94991
[DDPG] Starting Next Episode
[DDPG] Critic Loss 34.9860725402832
[DDPG] Total Reward -7.25801 Avg Critic Loss 34.98607 Time 6.07015
[DDPG] Resetting Environment
[DDPG] Starting Episode 4
[DDPG] Episode 4 Step 0 Reward -2.64446 Time 17.08276
[DDPG] Episode 4 Step 1 Reward -5.85450 Time 16.01088
[DDPG] Quadruped Not Upright
[DDPG] Episode 4 Step 2 Reward 8.28829 Time 14.64189
[DDPG] Starting Next Episode
[DDPG] Critic Loss 35.83372497558594
[DDPG] Total Reward -0.21067 Avg Critic Loss 35.83372 Time 5.05357
[DDPG] Resetting Environment
[DDPG] Starting Episode 5
[DDPG] Episode 5 Step 0 Reward -5.56320 Time 14.92180
[DDPG] Quadruped Not Upright
[DDPG] Episode 5 Step 1 Reward 6.77348 Time 13.78730
[DDPG] Starting Next Episode
[DDPG] Critic Loss 34.36589050292969
[DDPG] Total Reward 1.21028 Avg Critic Loss 34.36589 Time 5.71782
[DDPG] Resetting Environment
[DDPG] Starting Episode 6
[DDPG] Episode 6 Step 0 Reward -1.57720 Time 16.29366
[DDPG] Quadruped Not Upright
[DDPG] Episode 6 Step 1 Reward -7.41247 Time 14.28871
[DDPG] Starting Next Episode
[DDPG] Critic Loss 32.84508514404297
[DDPG] Total Reward -8.98967 Avg Critic Loss 32.84509 Time 6.40484
[DDPG] Resetting Environment
[DDPG] Starting Episode 7
[DDPG] Episode 7 Step 0 Reward -4.74626 Time 16.44125
[DDPG] Quadruped Not Upright
[DDPG] Episode 7 Step 1 Reward 5.82533 Time 14.19292
[DDPG] Starting Next Episode
[DDPG] Critic Loss 31.441707611083984
[DDPG] Total Reward 1.07907 Avg Critic Loss 31.44171 Time 5.57271
[DDPG] Resetting Environment
[DDPG] Starting Episode 8
[DDPG] Episode 8 Step 0 Reward 0.29684 Time 16.43110
[DDPG] Quadruped Not Upright
[DDPG] Episode 8 Step 1 Reward -6.01163 Time 14.60464
[DDPG] Starting Next Episode
[DDPG] Critic Loss 29.723697662353516
[DDPG] Total Reward -5.71479 Avg Critic Loss 29.72370 Time 6.20537
[DDPG] Resetting Environment
[DDPG] Starting Episode 9
[DDPG] Episode 9 Step 0 Reward 1.65694 Time 17.00774
[DDPG] Quadruped Not Upright
[DDPG] Episode 9 Step 1 Reward -4.68996 Time 14.77402
[DDPG] Starting Next Episode
[DDPG] Critic Loss 27.140356063842773
[DDPG] Total Reward -3.03302 Avg Critic Loss 27.14036 Time 5.47597
[DDPG] Resetting Environment
[DDPG] Starting Episode 10
[DDPG] Episode 10 Step 0 Reward -4.62654 Time 15.69566
[DDPG] Quadruped Not Upright
[DDPG] Episode 10 Step 1 Reward 1.16005 Time 15.73612
[DDPG] Starting Next Episode
[DDPG] Critic Loss 26.536293029785156
[DDPG] Total Reward -3.46649 Avg Critic Loss 26.53629 Time 6.82347
[DDPG] Resetting Environment
[DDPG] Starting Episode 11
[DDPG] Episode 11 Step 0 Reward -0.25112 Time 19.20914
[DDPG] Quadruped Not Upright
[DDPG] Episode 11 Step 1 Reward -10.64387 Time 15.50690
[DDPG] Starting Next Episode
[DDPG] Critic Loss 27.851884841918945
[DDPG] Total Reward -10.89499 Avg Critic Loss 27.85188 Time 5.91904
[DDPG] Resetting Environment
[DDPG] Starting Episode 12
[DDPG] Episode 12 Step 0 Reward -0.04816 Time 17.25735
[DDPG] Episode 12 Step 1 Reward -4.37645 Time 15.67010
[DDPG] Episode 12 Step 2 Reward 3.49498 Time 17.41080
[DDPG] Episode 12 Step 3 Reward -5.19229 Time 16.22151
[DDPG] Quadruped Not Upright
[DDPG] Episode 12 Step 4 Reward -3.38536 Time 14.77705
[DDPG] Starting Next Episode
[DDPG] Critic Loss 26.54235076904297
[DDPG] Total Reward -9.50729 Avg Critic Loss 26.54235 Time 6.79052
[DDPG] Resetting Environment
[DDPG] Starting Episode 13
[DDPG] Episode 13 Step 0 Reward -0.25220 Time 16.31563
[DDPG] Quadruped Not Upright
[DDPG] Episode 13 Step 1 Reward -3.73706 Time 14.50140
[DDPG] Starting Next Episode
[DDPG] Critic Loss 24.12509536743164
[DDPG] Total Reward -3.98925 Avg Critic Loss 24.12510 Time 5.40151
[DDPG] Resetting Environment
[DDPG] Starting Episode 14
[DDPG] Episode 14 Step 0 Reward -1.07974 Time 17.29157
[DDPG] Episode 14 Step 1 Reward -4.94849 Time 15.12292
[DDPG] Quadruped Not Upright
[DDPG] Episode 14 Step 2 Reward 1.52902 Time 13.49543
[DDPG] Starting Next Episode
[DDPG] Critic Loss 22.801105499267578
[DDPG] Total Reward -4.49922 Avg Critic Loss 22.80111 Time 5.77190
[DDPG] Resetting Environment
[DDPG] Starting Episode 15
[DDPG] Episode 15 Step 0 Reward -2.33748 Time 16.88820
[DDPG] Episode 15 Step 1 Reward -4.77668 Time 15.68846
[DDPG] Episode 15 Step 2 Reward -0.66933 Time 15.60513
[DDPG] Quadruped Not Upright
[DDPG] Episode 15 Step 3 Reward -5.00515 Time 13.74511
[DDPG] Starting Next Episode
[DDPG] Critic Loss 21.848373413085938
[DDPG] Total Reward -12.78863 Avg Critic Loss 21.84837 Time 5.74033
[DDPG] Resetting Environment
[DDPG] Starting Episode 16
[DDPG] Quadruped Not Upright
[DDPG] Episode 16 Step 0 Reward -3.36849 Time 14.08495
[DDPG] Starting Next Episode
[DDPG] Critic Loss 21.501981735229492
[DDPG] Total Reward -3.36849 Avg Critic Loss 21.50198 Time 5.42611
[DDPG] Resetting Environment
[DDPG] Starting Episode 17
[DDPG] Quadruped Not Upright
[DDPG] Episode 17 Step 0 Reward -3.51916 Time 14.57297
[DDPG] Starting Next Episode
[DDPG] Critic Loss 21.278575897216797
[DDPG] Total Reward -3.51916 Avg Critic Loss 21.27858 Time 5.57584
[DDPG] Resetting Environment
[DDPG] Starting Episode 18
[DDPG] Episode 18 Step 0 Reward -0.17308 Time 18.44005
[DDPG] Quadruped Not Upright
[DDPG] Episode 18 Step 1 Reward -9.85161 Time 15.94293
[DDPG] Starting Next Episode
[DDPG] Critic Loss 22.484477996826172
[DDPG] Total Reward -10.02468 Avg Critic Loss 22.48448 Time 6.54246
[DDPG] Resetting Environment
[DDPG] Starting Episode 19
[DDPG] Episode 19 Step 0 Reward -1.65638 Time 17.67776
[DDPG] Quadruped Not Upright
[DDPG] Episode 19 Step 1 Reward -3.45770 Time 15.66945
[DDPG] Starting Next Episode
[DDPG] Critic Loss 21.56452178955078
[DDPG] Total Reward -5.11408 Avg Critic Loss 21.56452 Time 6.68204
[DDPG] Resetting Environment
[DDPG] Starting Episode 20
[DDPG] Episode 20 Step 0 Reward -1.71047 Time 17.75904
[DDPG] Episode 20 Step 1 Reward -4.25636 Time 15.29705
[DDPG] Quadruped Not Upright
[DDPG] Episode 20 Step 2 Reward 4.09643 Time 14.66894
[DDPG] Starting Next Episode
[DDPG] Critic Loss 21.43174171447754
[DDPG] Total Reward -1.87041 Avg Critic Loss 21.43174 Time 6.97328
[DDPG] Resetting Environment
[DDPG] Starting Episode 21
[DDPG] Episode 21 Step 0 Reward 0.87976 Time 17.21156
[DDPG] Episode 21 Step 1 Reward -6.17012 Time 15.85186
[DDPG] Episode 21 Step 2 Reward -2.80689 Time 15.26793
[DDPG] Episode 21 Step 3 Reward -2.24611 Time 15.06048
[DDPG] Quadruped Not Upright
[DDPG] Episode 21 Step 4 Reward 0.35364 Time 14.44094
[DDPG] Starting Next Episode
[DDPG] Critic Loss 20.049081802368164
[DDPG] Total Reward -9.98972 Avg Critic Loss 20.04908 Time 5.19145
[DDPG] Resetting Environment
[DDPG] Starting Episode 22
[DDPG] Episode 22 Step 0 Reward -1.59371 Time 17.45411
[DDPG] Episode 22 Step 1 Reward -1.33810 Time 16.03294
[DDPG] Episode 22 Step 2 Reward -3.36737 Time 16.44566
[DDPG] Episode 22 Step 3 Reward -3.97571 Time 15.54641
[DDPG] Quadruped Not Upright
[DDPG] Episode 22 Step 4 Reward -5.86749 Time 14.66625
[DDPG] Starting Next Episode
[DDPG] Critic Loss 19.60152816772461
[DDPG] Total Reward -16.14238 Avg Critic Loss 19.60153 Time 6.26415
[DDPG] Resetting Environment
[DDPG] Starting Episode 23
[DDPG] Episode 23 Step 0 Reward -1.05313 Time 16.14101
[DDPG] Quadruped Not Upright
[DDPG] Episode 23 Step 1 Reward -8.16369 Time 14.53307
[DDPG] Starting Next Episode
[DDPG] Critic Loss 19.124603271484375
[DDPG] Total Reward -9.21681 Avg Critic Loss 19.12460 Time 6.12199
[DDPG] Resetting Environment
[DDPG] Starting Episode 24
[DDPG] Quadruped Not Upright
[DDPG] Episode 24 Step 0 Reward -4.14655 Time 14.40606
[DDPG] Starting Next Episode
[DDPG] Critic Loss 19.365636825561523
[DDPG] Total Reward -4.14655 Avg Critic Loss 19.36564 Time 4.80874
[DDPG] Resetting Environment
[DDPG] Starting Episode 25
[DDPG] Episode 25 Step 0 Reward -5.53038 Time 17.23044
[DDPG] Episode 25 Step 1 Reward -3.09610 Time 16.64278
[DDPG] Episode 25 Step 2 Reward 1.25115 Time 15.80286
[DDPG] Quadruped Not Upright
[DDPG] Episode 25 Step 3 Reward -2.47741 Time 14.84065
[DDPG] Starting Next Episode
[DDPG] Critic Loss 19.204547882080078
[DDPG] Total Reward -9.85273 Avg Critic Loss 19.20455 Time 5.84409
[DDPG] Saving Data
[DDPG] Saving Model
[DDPG] Resetting Environment
[DDPG] Starting Episode 26
[DDPG] Episode 26 Step 0 Reward -1.98699 Time 14.99094
[DDPG] Episode 26 Step 1 Reward -1.37123 Time 15.67028
[DDPG] Episode 26 Step 2 Reward -1.13359 Time 17.45957
[DDPG] Episode 26 Step 3 Reward -4.06676 Time 14.93191
[DDPG] Quadruped Not Upright
[DDPG] Episode 26 Step 4 Reward -1.26200 Time 14.49428
[DDPG] Starting Next Episode
[DDPG] Critic Loss 18.691980361938477
[DDPG] Total Reward -9.82056 Avg Critic Loss 18.69198 Time 5.33605
[DDPG] Resetting Environment
[DDPG] Starting Episode 27
[DDPG] Episode 27 Step 0 Reward -3.81697 Time 15.48893
[DDPG] Quadruped Not Upright
[DDPG] Episode 27 Step 1 Reward -4.34202 Time 15.17566
[DDPG] Starting Next Episode
[DDPG] Critic Loss 17.91400718688965
[DDPG] Total Reward -8.15899 Avg Critic Loss 17.91401 Time 5.10612
[DDPG] Resetting Environment
[DDPG] Starting Episode 28
[DDPG] Episode 28 Step 0 Reward -5.60215 Time 14.64943
[DDPG] Quadruped Not Upright
[DDPG] Episode 28 Step 1 Reward 1.26119 Time 13.93971
[DDPG] Starting Next Episode
[DDPG] Critic Loss 18.28400993347168
[DDPG] Total Reward -4.34096 Avg Critic Loss 18.28401 Time 6.05372
[DDPG] Resetting Environment
[DDPG] Starting Episode 29
[DDPG] Quadruped Not Upright
[DDPG] Episode 29 Step 0 Reward -7.96167 Time 14.50243
[DDPG] Starting Next Episode
[DDPG] Critic Loss 18.872455596923828
[DDPG] Total Reward -7.96167 Avg Critic Loss 18.87246 Time 6.25420
[DDPG] Resetting Environment
[DDPG] Starting Episode 30
[DDPG] Episode 30 Step 0 Reward -1.79194 Time 15.73095
[DDPG] Quadruped Not Upright
[DDPG] Episode 30 Step 1 Reward -8.86973 Time 13.99185
[DDPG] Starting Next Episode
[DDPG] Critic Loss 19.17446517944336
[DDPG] Total Reward -10.66167 Avg Critic Loss 19.17447 Time 4.86624
[DDPG] Resetting Environment
[DDPG] Starting Episode 31
[DDPG] Episode 31 Step 0 Reward -1.04285 Time 16.41726
[DDPG] Episode 31 Step 1 Reward -1.46169 Time 16.38689
[DDPG] Quadruped Not Upright
[DDPG] Episode 31 Step 2 Reward -5.83238 Time 15.21962
[DDPG] Starting Next Episode
[DDPG] Critic Loss 19.54576873779297
[DDPG] Total Reward -8.33691 Avg Critic Loss 19.54577 Time 5.92976
[DDPG] Resetting Environment
[DDPG] Starting Episode 32
[DDPG] Episode 32 Step 0 Reward -8.66441 Time 16.94633
[DDPG] Episode 32 Step 1 Reward -2.69457 Time 17.26638
[DDPG] Quadruped Not Upright
[DDPG] Episode 32 Step 2 Reward -3.96864 Time 14.73861
[DDPG] Starting Next Episode
[DDPG] Critic Loss 20.37266731262207
[DDPG] Total Reward -15.32762 Avg Critic Loss 20.37267 Time 6.21388
[DDPG] Resetting Environment
[DDPG] Starting Episode 33
[DDPG] Episode 33 Step 0 Reward -3.61929 Time 16.96643
[DDPG] Episode 33 Step 1 Reward -4.98172 Time 15.67647
[DDPG] Quadruped Not Upright
[DDPG] Episode 33 Step 2 Reward -1.05495 Time 14.47934
[DDPG] Starting Next Episode
[DDPG] Critic Loss 19.70302391052246
[DDPG] Total Reward -9.65595 Avg Critic Loss 19.70302 Time 5.75534
[DDPG] Resetting Environment
[DDPG] Starting Episode 34
[DDPG] Episode 34 Step 0 Reward -6.71833 Time 14.99051
[DDPG] Episode 34 Step 1 Reward 0.06090 Time 16.24187
[DDPG] Episode 34 Step 2 Reward -3.31911 Time 15.42623
[DDPG] Floating Point Error in reward computation
[DDPG] Critic Loss 20.110139846801758
[DDPG] Total Reward -9.97653 Avg Critic Loss 20.11014 Time 4.73950
[DDPG] Resetting Environment
[DDPG] Starting Episode 35
[DDPG] Quadruped Not Upright
[DDPG] Episode 35 Step 0 Reward -7.82300 Time 15.03681
[DDPG] Starting Next Episode
[DDPG] Critic Loss 20.173933029174805
[DDPG] Total Reward -7.82300 Avg Critic Loss 20.17393 Time 5.72050
[DDPG] Resetting Environment
[DDPG] Starting Episode 36
[DDPG] Episode 36 Step 0 Reward -3.97118 Time 15.57864
[DDPG] Episode 36 Step 1 Reward -1.32791 Time 15.16402
[DDPG] Episode 36 Step 2 Reward -0.73329 Time 15.63791
[DDPG] Episode 36 Step 3 Reward -0.07214 Time 16.87312
[DDPG] Episode 36 Step 4 Reward -1.31440 Time 16.85218
[DDPG] Floating Point Error in reward computation
[DDPG] Critic Loss 19.927703857421875
[DDPG] Total Reward -7.41893 Avg Critic Loss 19.92770 Time 6.12768
[DDPG] Resetting Environment
[DDPG] Starting Episode 37
[DDPG] Quadruped Not Upright
[DDPG] Episode 37 Step 0 Reward -3.95084 Time 14.98810
[DDPG] Starting Next Episode
[DDPG] Critic Loss 19.366405487060547
[DDPG] Total Reward -3.95084 Avg Critic Loss 19.36641 Time 5.68289
[DDPG] Resetting Environment
[DDPG] Starting Episode 38
[DDPG] Episode 38 Step 0 Reward -2.40801 Time 15.33419
[DDPG] Episode 38 Step 1 Reward -2.61803 Time 16.47212
[DDPG] Quadruped Not Upright
[DDPG] Episode 38 Step 2 Reward 0.00992 Time 15.26331
[DDPG] Starting Next Episode
[DDPG] Critic Loss 19.389625549316406
[DDPG] Total Reward -5.01612 Avg Critic Loss 19.38963 Time 6.09697
[DDPG] Resetting Environment
[DDPG] Starting Episode 39
[DDPG] Quadruped Not Upright
[DDPG] Episode 39 Step 0 Reward -7.51689 Time 15.35492
[DDPG] Starting Next Episode
[DDPG] Critic Loss 19.238174438476562
[DDPG] Total Reward -7.51689 Avg Critic Loss 19.23817 Time 5.18003
[DDPG] Resetting Environment
[DDPG] Starting Episode 40
[DDPG] Quadruped Not Upright
[DDPG] Episode 40 Step 0 Reward -5.90769 Time 15.49755
[DDPG] Starting Next Episode
[DDPG] Critic Loss 19.70049285888672
[DDPG] Total Reward -5.90769 Avg Critic Loss 19.70049 Time 6.20680
[DDPG] Resetting Environment
[DDPG] Starting Episode 41
[DDPG] Episode 41 Step 0 Reward -3.10992 Time 17.02831
[DDPG] Episode 41 Step 1 Reward -1.66176 Time 15.65857
[DDPG] Quadruped Not Upright
[DDPG] Episode 41 Step 2 Reward 0.32281 Time 15.15598
[DDPG] Starting Next Episode
[DDPG] Critic Loss 18.845922470092773
[DDPG] Total Reward -4.44887 Avg Critic Loss 18.84592 Time 5.86019
[DDPG] Resetting Environment
[DDPG] Starting Episode 42
[DDPG] Episode 42 Step 0 Reward -6.72430 Time 15.12084
[DDPG] Floating Point Error in reward computation
[DDPG] Critic Loss 19.39643096923828
[DDPG] Total Reward -6.72430 Avg Critic Loss 19.39643 Time 4.93016
[DDPG] Resetting Environment
[DDPG] Starting Episode 43
[DDPG] Episode 43 Step 0 Reward -2.63943 Time 15.44509
[DDPG] Floating Point Error in reward computation
[DDPG] Critic Loss 19.2224063873291
[DDPG] Total Reward -2.63943 Avg Critic Loss 19.22241 Time 5.75347
[DDPG] Resetting Environment
[DDPG] Starting Episode 44
[DDPG] Quadruped Not Upright
[DDPG] Episode 44 Step 0 Reward -6.55947 Time 15.23129
[DDPG] Starting Next Episode
[DDPG] Critic Loss 19.210338592529297
[DDPG] Total Reward -6.55947 Avg Critic Loss 19.21034 Time 6.50219
[DDPG] Resetting Environment
[DDPG] Starting Episode 45
[DDPG] Episode 45 Step 0 Reward -5.92655 Time 15.86085
[DDPG] Floating Point Error in reward computation
[DDPG] Critic Loss 19.435531616210938
[DDPG] Total Reward -5.92655 Avg Critic Loss 19.43553 Time 6.11567
[DDPG] Resetting Environment
[DDPG] Starting Episode 46
[DDPG] Episode 46 Step 0 Reward -4.15577 Time 15.67909
[DDPG] Episode 46 Step 1 Reward -2.02429 Time 16.27504
[DDPG] Episode 46 Step 2 Reward -2.39662 Time 15.55442
[DDPG] Quadruped Not Upright
[DDPG] Episode 46 Step 3 Reward -0.61636 Time 14.46212
[DDPG] Starting Next Episode
[DDPG] Critic Loss 19.36026954650879
[DDPG] Total Reward -9.19304 Avg Critic Loss 19.36027 Time 6.56281
[DDPG] Resetting Environment
[DDPG] Starting Episode 47
[DDPG] Episode 47 Step 0 Reward -3.50186 Time 14.83778
[DDPG] Episode 47 Step 1 Reward -1.75050 Time 16.55887
[DDPG] Floating Point Error in reward computation
[DDPG] Critic Loss 18.584943771362305
[DDPG] Total Reward -5.25236 Avg Critic Loss 18.58494 Time 5.74142
[DDPG] Resetting Environment
[DDPG] Starting Episode 48
[DDPG] Episode 48 Step 0 Reward -4.91953 Time 17.50823
[DDPG] Episode 48 Step 1 Reward -2.15816 Time 16.95861
[DDPG] Floating Point Error in reward computation
[DDPG] Critic Loss 18.85616683959961
[DDPG] Total Reward -7.07769 Avg Critic Loss 18.85617 Time 5.92298
[DDPG] Resetting Environment
[DDPG] Starting Episode 49
[DDPG] Episode 49 Step 0 Reward 0.11444 Time 15.42073
[DDPG] Episode 49 Step 1 Reward -3.41391 Time 14.69614
[DDPG] Quadruped Not Upright
[DDPG] Episode 49 Step 2 Reward -3.61264 Time 15.14591
[DDPG] Starting Next Episode
[DDPG] Critic Loss 17.633811950683594
[DDPG] Total Reward -6.91212 Avg Critic Loss 17.63381 Time 4.92067
[DDPG] Resetting Environment
[DDPG] Starting Episode 50
[DDPG] Episode 50 Step 0 Reward -7.40223 Time 14.66003
[DDPG] Floating Point Error in reward computation
[DDPG] Critic Loss 18.661619186401367
[DDPG] Total Reward -7.40223 Avg Critic Loss 18.66162 Time 5.35465
[DDPG] Saving Data
[DDPG] Saving Model
[DDPG] Resetting Environment
[DDPG] Starting Episode 51
[DDPG] Episode 51 Step 0 Reward -1.89352 Time 15.32568
[DDPG] Quadruped Not Upright
[DDPG] Episode 51 Step 1 Reward -5.20775 Time 14.33172
[DDPG] Starting Next Episode
[DDPG] Critic Loss 18.347862243652344
[DDPG] Total Reward -7.10127 Avg Critic Loss 18.34786 Time 5.67223
[DDPG] Resetting Environment
[DDPG] Starting Episode 52
[DDPG] Episode 52 Step 0 Reward -1.74763 Time 16.01401
[DDPG] Quadruped Not Upright
[DDPG] Episode 52 Step 1 Reward -3.18753 Time 14.53014
[DDPG] Starting Next Episode
[DDPG] Critic Loss 18.395633697509766
[DDPG] Total Reward -4.93516 Avg Critic Loss 18.39563 Time 5.22997
[DDPG] Resetting Environment
[DDPG] Starting Episode 53
[DDPG] Episode 53 Step 0 Reward -2.35183 Time 20.02025
[DDPG] Quadruped Not Upright
[DDPG] Episode 53 Step 1 Reward -3.48683 Time 18.12709
[DDPG] Starting Next Episode
[DDPG] Critic Loss 18.05813980102539
[DDPG] Total Reward -5.83866 Avg Critic Loss 18.05814 Time 8.67053
[DDPG] Resetting Environment
[DDPG] Starting Episode 54
[DDPG] Quadruped Not Upright
[DDPG] Episode 54 Step 0 Reward -4.92167 Time 20.13143
[DDPG] Starting Next Episode
[DDPG] Critic Loss 17.669904708862305
[DDPG] Total Reward -4.92167 Avg Critic Loss 17.66990 Time 8.30065
[DDPG] Resetting Environment
[DDPG] Starting Episode 55
[DDPG] Quadruped Not Upright
[DDPG] Episode 55 Step 0 Reward -2.77437 Time 19.88553
[DDPG] Starting Next Episode
[DDPG] Critic Loss 17.881328582763672
[DDPG] Total Reward -2.77437 Avg Critic Loss 17.88133 Time 8.16066
[DDPG] Resetting Environment
[DDPG] Starting Episode 56
[DDPG] Quadruped Not Upright
[DDPG] Episode 56 Step 0 Reward -4.37863 Time 21.06762
[DDPG] Starting Next Episode
[DDPG] Critic Loss 17.360898971557617
[DDPG] Total Reward -4.37863 Avg Critic Loss 17.36090 Time 7.98227
[DDPG] Resetting Environment
[DDPG] Starting Episode 57
[DDPG] Quadruped Not Upright
[DDPG] Episode 57 Step 0 Reward -3.00264 Time 20.75938
[DDPG] Starting Next Episode
[DDPG] Critic Loss 17.27474021911621
[DDPG] Total Reward -3.00264 Avg Critic Loss 17.27474 Time 8.35316
[DDPG] Resetting Environment
[DDPG] Starting Episode 58
[DDPG] Quadruped Not Upright
[DDPG] Episode 58 Step 0 Reward -3.30790 Time 19.32685
[DDPG] Starting Next Episode
[DDPG] Critic Loss 17.638090133666992
[DDPG] Total Reward -3.30790 Avg Critic Loss 17.63809 Time 7.74395
[DDPG] Resetting Environment
[DDPG] Starting Episode 59
[DDPG] Quadruped Not Upright
[DDPG] Episode 59 Step 0 Reward -6.71422 Time 20.96487
[DDPG] Starting Next Episode
[DDPG] Critic Loss 17.24555206298828
[DDPG] Total Reward -6.71422 Avg Critic Loss 17.24555 Time 7.05767
[DDPG] Resetting Environment
[DDPG] Starting Episode 60
[DDPG] Episode 60 Step 0 Reward -6.28161 Time 20.28324
[DDPG] Floating Point Error in reward computation
[DDPG] Critic Loss 17.354061126708984
[DDPG] Total Reward -6.28161 Avg Critic Loss 17.35406 Time 6.66276
[DDPG] Resetting Environment
[DDPG] Starting Episode 61
[DDPG] Quadruped Not Upright
[DDPG] Episode 61 Step 0 Reward -6.02594 Time 18.90657
[DDPG] Starting Next Episode
[DDPG] Critic Loss 18.316184997558594
[DDPG] Total Reward -6.02594 Avg Critic Loss 18.31618 Time 7.45904
[DDPG] Resetting Environment
[DDPG] Starting Episode 62
[DDPG] Quadruped Not Upright
[DDPG] Episode 62 Step 0 Reward -4.94492 Time 19.71281
[DDPG] Starting Next Episode
[DDPG] Critic Loss 17.927940368652344
[DDPG] Total Reward -4.94492 Avg Critic Loss 17.92794 Time 8.36763
[DDPG] Resetting Environment
[DDPG] Starting Episode 63
[DDPG] Quadruped Not Upright
[DDPG] Episode 63 Step 0 Reward -6.16873 Time 18.64799
[DDPG] Starting Next Episode
[DDPG] Critic Loss 17.822410583496094
[DDPG] Total Reward -6.16873 Avg Critic Loss 17.82241 Time 7.11420
[DDPG] Resetting Environment
[DDPG] Starting Episode 64
[DDPG] Quadruped Not Upright
[DDPG] Episode 64 Step 0 Reward -5.56667 Time 18.46499
[DDPG] Starting Next Episode
[DDPG] Critic Loss 17.88514518737793
[DDPG] Total Reward -5.56667 Avg Critic Loss 17.88515 Time 8.73669
[DDPG] Resetting Environment
[DDPG] Starting Episode 65
[DDPG] Quadruped Not Upright
[DDPG] Episode 65 Step 0 Reward -5.43755 Time 27.25595
[DDPG] Starting Next Episode
[DDPG] Critic Loss 17.91914939880371
[DDPG] Total Reward -5.43755 Avg Critic Loss 17.91915 Time 11.02271
[DDPG] Resetting Environment
[DDPG] Starting Episode 66
[DDPG] Quadruped Not Upright
[DDPG] Episode 66 Step 0 Reward -5.30104 Time 25.31741
[DDPG] Starting Next Episode
[DDPG] Critic Loss 17.534801483154297
[DDPG] Total Reward -5.30104 Avg Critic Loss 17.53480 Time 11.24019
[DDPG] Resetting Environment
[DDPG] Starting Episode 67
[DDPG] Quadruped Not Upright
[DDPG] Episode 67 Step 0 Reward -2.81339 Time 24.94826
[DDPG] Starting Next Episode
[DDPG] Critic Loss 17.693506240844727
[DDPG] Total Reward -2.81339 Avg Critic Loss 17.69351 Time 11.57536
[DDPG] Resetting Environment
[DDPG] Starting Episode 68
[DDPG] Quadruped Not Upright
[DDPG] Episode 68 Step 0 Reward -5.25237 Time 25.67649
[DDPG] Starting Next Episode
[DDPG] Critic Loss 17.79522132873535
[DDPG] Total Reward -5.25237 Avg Critic Loss 17.79522 Time 11.64377
[DDPG] Resetting Environment
[DDPG] Starting Episode 69
[DDPG] Quadruped Not Upright
[DDPG] Episode 69 Step 0 Reward -2.54934 Time 25.45543
[DDPG] Starting Next Episode
[DDPG] Critic Loss 17.369340896606445
[DDPG] Total Reward -2.54934 Avg Critic Loss 17.36934 Time 10.72742
[DDPG] Resetting Environment
[DDPG] Starting Episode 70
[DDPG] Quadruped Not Upright
[DDPG] Episode 70 Step 0 Reward -8.07618 Time 27.24590
[DDPG] Starting Next Episode
[DDPG] Critic Loss 17.466405868530273
[DDPG] Total Reward -8.07618 Avg Critic Loss 17.46641 Time 10.98564
[DDPG] Resetting Environment
[DDPG] Starting Episode 71
[DDPG] Episode 71 Step 0 Reward -0.71320 Time 28.69363
[DDPG] Episode 71 Step 1 Reward -2.96952 Time 26.83504
[DDPG] Quadruped Not Upright
[DDPG] Episode 71 Step 2 Reward -4.30156 Time 25.59279
[DDPG] Starting Next Episode
[DDPG] Critic Loss 17.82512092590332
[DDPG] Total Reward -7.98428 Avg Critic Loss 17.82512 Time 10.46053
[DDPG] Resetting Environment
[DDPG] Starting Episode 72
[DDPG] Episode 72 Step 0 Reward -4.92191 Time 27.20399
[DDPG] Episode 72 Step 1 Reward -1.07514 Time 28.28937
[DDPG] Episode 72 Step 2 Reward 0.13200 Time 28.37540
[DDPG] Quadruped Not Upright
[DDPG] Episode 72 Step 3 Reward -2.19963 Time 26.42090
[DDPG] Starting Next Episode
[DDPG] Critic Loss 17.675960540771484
[DDPG] Total Reward -8.06469 Avg Critic Loss 17.67596 Time 10.57759
[DDPG] Resetting Environment
[]
[DDPG] Error in Resetting End Training
[DDPG] Starting Episode 73
[DDPG] Quadruped Not Upright
[DDPG] Episode 73 Step 0 Reward -10.06336 Time 23.91165
[DDPG] Starting Next Episode
[DDPG] Critic Loss 17.69141960144043
[DDPG] Total Reward -10.06336 Avg Critic Loss 17.69142 Time 10.07671
[DDPG] Resetting Environment
[DDPG] Starting Episode 74
[DDPG] Episode 74 Step 0 Reward -5.15368 Time 27.87943
[DDPG] Quadruped Not Upright
[DDPG] Episode 74 Step 1 Reward -0.84894 Time 26.68445
[DDPG] Starting Next Episode
[DDPG] Critic Loss 18.215595245361328
[DDPG] Total Reward -6.00262 Avg Critic Loss 18.21560 Time 10.27417
[DDPG] Resetting Environment
[DDPG] Starting Episode 75
[DDPG] Episode 75 Step 0 Reward -3.80146 Time 27.22053
[DDPG] Quadruped Not Upright
[DDPG] Episode 75 Step 1 Reward -3.51573 Time 25.13826
[DDPG] Starting Next Episode
[DDPG] Critic Loss 17.121583938598633
[DDPG] Total Reward -7.31719 Avg Critic Loss 17.12158 Time 9.63312
[DDPG] Saving Data
[DDPG] Saving Model
[DDPG] Resetting Environment
[DDPG] Starting Episode 76
[DDPG] Episode 76 Step 0 Reward -4.17342 Time 27.28113
[DDPG] Quadruped Not Upright
[DDPG] Episode 76 Step 1 Reward -2.04164 Time 26.74743
[DDPG] Starting Next Episode
[DDPG] Critic Loss 17.353469848632812
[DDPG] Total Reward -6.21506 Avg Critic Loss 17.35347 Time 10.51442
[DDPG] Resetting Environment
[DDPG] Starting Episode 77
[DDPG] Episode 77 Step 0 Reward -2.58917 Time 26.17838
[DDPG] Quadruped Not Upright
[DDPG] Episode 77 Step 1 Reward -2.50367 Time 26.36762
[DDPG] Starting Next Episode
[DDPG] Critic Loss 16.805082321166992
[DDPG] Total Reward -5.09284 Avg Critic Loss 16.80508 Time 10.10342
[DDPG] Resetting Environment
[DDPG] Starting Episode 78
[DDPG] Episode 78 Step 0 Reward -6.07665 Time 28.75250
[DDPG] Quadruped Not Upright
[DDPG] Episode 78 Step 1 Reward -1.17185 Time 27.58211
[DDPG] Starting Next Episode
[DDPG] Critic Loss 17.155155181884766
[DDPG] Total Reward -7.24850 Avg Critic Loss 17.15516 Time 10.17521
[DDPG] Resetting Environment
[]
[DDPG] Error in Resetting End Training
[DDPG] Starting Episode 79
[DDPG] Quadruped Not Upright
[DDPG] Episode 79 Step 0 Reward -14.45564 Time 24.51924
[DDPG] Starting Next Episode
[DDPG] Critic Loss 18.000396728515625
[DDPG] Total Reward -14.45564 Avg Critic Loss 18.00040 Time 10.28086
[DDPG] Resetting Environment
[DDPG] Starting Episode 80
[DDPG] Episode 80 Step 0 Reward -6.51390 Time 29.32610
[DDPG] Quadruped Not Upright
[DDPG] Episode 80 Step 1 Reward -4.20731 Time 26.94857
[DDPG] Starting Next Episode
[DDPG] Critic Loss 18.631513595581055
[DDPG] Total Reward -10.72121 Avg Critic Loss 18.63151 Time 12.68078
[DDPG] Resetting Environment
[DDPG] Starting Episode 81
[DDPG] Quadruped Not Upright
[DDPG] Episode 81 Step 0 Reward -4.75936 Time 25.90743
[DDPG] Starting Next Episode
[DDPG] Critic Loss 17.963781356811523
[DDPG] Total Reward -4.75936 Avg Critic Loss 17.96378 Time 11.99386
[DDPG] Resetting Environment
[]
[DDPG] Error in Resetting End Training
[DDPG] Starting Episode 82
[DDPG] Quadruped Not Upright
[DDPG] Episode 82 Step 0 Reward 13.58643 Time 25.35123
[DDPG] Starting Next Episode
[DDPG] Critic Loss 18.957265853881836
[DDPG] Total Reward 13.58643 Avg Critic Loss 18.95727 Time 10.62607
[DDPG] Resetting Environment
[DDPG] Starting Episode 83
[DDPG] Episode 83 Step 0 Reward -5.79690 Time 28.09583
[DDPG] Quadruped Not Upright
[DDPG] Episode 83 Step 1 Reward -1.67153 Time 25.81455
[DDPG] Starting Next Episode
[DDPG] Critic Loss 19.94123077392578
[DDPG] Total Reward -7.46843 Avg Critic Loss 19.94123 Time 10.89699
[DDPG] Resetting Environment
[DDPG] Starting Episode 84
[DDPG] Episode 84 Step 0 Reward -10.18502 Time 28.52182
[DDPG] Quadruped Not Upright
[DDPG] Episode 84 Step 1 Reward -1.72755 Time 25.26499
[DDPG] Starting Next Episode
[DDPG] Critic Loss 19.63471794128418
[DDPG] Total Reward -11.91257 Avg Critic Loss 19.63472 Time 11.67718
[DDPG] Resetting Environment
[]
[DDPG] Error in Resetting End Training
[DDPG] Starting Episode 85
[DDPG] Quadruped Not Upright
[DDPG] Episode 85 Step 0 Reward -23.76458 Time 23.96513
[DDPG] Starting Next Episode
[DDPG] Critic Loss 22.206642150878906
[DDPG] Total Reward -23.76458 Avg Critic Loss 22.20664 Time 11.74751
[DDPG] Resetting Environment
[DDPG] Starting Episode 86
[DDPG] Quadruped Not Upright
[DDPG] Episode 86 Step 0 Reward -9.83272 Time 27.28754
[DDPG] Starting Next Episode
[DDPG] Critic Loss 22.545034408569336
[DDPG] Total Reward -9.83272 Avg Critic Loss 22.54503 Time 12.00343
[DDPG] Resetting Environment
[]
[DDPG] Error in Resetting End Training
[DDPG] Starting Episode 87
[DDPG] Quadruped Not Upright
[DDPG] Episode 87 Step 0 Reward 2.87926 Time 23.92017
[DDPG] Starting Next Episode
[DDPG] Critic Loss 22.4406681060791
[DDPG] Total Reward 2.87926 Avg Critic Loss 22.44067 Time 12.64370
[DDPG] Resetting Environment
[DDPG] Starting Episode 88
[DDPG] Episode 88 Step 0 Reward -6.64331 Time 28.05898
[DDPG] Quadruped Not Upright
[DDPG] Episode 88 Step 1 Reward -4.89556 Time 25.95267
[DDPG] Starting Next Episode
[DDPG] Critic Loss 23.224807739257812
[DDPG] Total Reward -11.53887 Avg Critic Loss 23.22481 Time 10.03404
[DDPG] Resetting Environment
[DDPG] Starting Episode 89
[DDPG] Episode 89 Step 0 Reward -7.73569 Time 25.94906
[DDPG] Floating Point Error in reward computation
[DDPG] Critic Loss 23.144866943359375
[DDPG] Total Reward -7.73569 Avg Critic Loss 23.14487 Time 9.46225
[DDPG] Resetting Environment
[DDPG] Starting Episode 90
[DDPG] Quadruped Not Upright
[DDPG] Episode 90 Step 0 Reward -6.63650 Time 30.77319
[DDPG] Starting Next Episode
[DDPG] Critic Loss 23.08194351196289
[DDPG] Total Reward -6.63650 Avg Critic Loss 23.08194 Time 10.32537
[DDPG] Resetting Environment
[DDPG] Starting Episode 91
[DDPG] Episode 91 Step 0 Reward -13.47907 Time 28.10213
[DDPG] Quadruped Not Upright
[DDPG] Episode 91 Step 1 Reward -4.70817 Time 26.68609
[DDPG] Starting Next Episode
[DDPG] Critic Loss 23.054088592529297
[DDPG] Total Reward -18.18724 Avg Critic Loss 23.05409 Time 12.92002
[DDPG] Resetting Environment
[DDPG] Starting Episode 92
[DDPG] Quadruped Not Upright
[DDPG] Episode 92 Step 0 Reward -9.67003 Time 28.27104
[DDPG] Starting Next Episode
[DDPG] Critic Loss 24.37670135498047
[DDPG] Total Reward -9.67003 Avg Critic Loss 24.37670 Time 9.84450
[DDPG] Resetting Environment
[DDPG] Starting Episode 93
[DDPG] Episode 93 Step 0 Reward -12.79886 Time 30.15841
[DDPG] Quadruped Not Upright
[DDPG] Episode 93 Step 1 Reward -5.64541 Time 28.58280
[DDPG] Starting Next Episode
[DDPG] Critic Loss 25.355318069458008
[DDPG] Total Reward -18.44427 Avg Critic Loss 25.35532 Time 10.48375
[DDPG] Resetting Environment
[DDPG] Starting Episode 94
[DDPG] Quadruped Not Upright
[DDPG] Episode 94 Step 0 Reward -8.41245 Time 27.26342
[DDPG] Starting Next Episode
[DDPG] Critic Loss 25.77558708190918
[DDPG] Total Reward -8.41245 Avg Critic Loss 25.77559 Time 11.15737
[DDPG] Resetting Environment
[DDPG] Starting Episode 95
[DDPG] Episode 95 Step 0 Reward -7.95409 Time 29.72645
[DDPG] Episode 95 Step 1 Reward -0.45493 Time 28.14548
[DDPG] Quadruped Not Upright
[DDPG] Episode 95 Step 2 Reward -5.21588 Time 26.46948
[DDPG] Starting Next Episode
[DDPG] Critic Loss 25.387649536132812
[DDPG] Total Reward -13.62490 Avg Critic Loss 25.38765 Time 10.67257
[DDPG] Resetting Environment
[DDPG] Starting Episode 96
[DDPG] Quadruped Not Upright
[DDPG] Episode 96 Step 0 Reward -8.28804 Time 26.77838
[DDPG] Starting Next Episode
[DDPG] Critic Loss 26.437074661254883
[DDPG] Total Reward -8.28804 Avg Critic Loss 26.43707 Time 12.08635
[DDPG] Resetting Environment
[DDPG] Starting Episode 97
[DDPG] Quadruped Not Upright
[DDPG] Episode 97 Step 0 Reward -10.06917 Time 29.76044
[DDPG] Starting Next Episode
[DDPG] Critic Loss 26.31475257873535
[DDPG] Total Reward -10.06917 Avg Critic Loss 26.31475 Time 10.59811
[DDPG] Resetting Environment
[DDPG] Starting Episode 98
[DDPG] Episode 98 Step 0 Reward -11.92410 Time 25.80516
[DDPG] Episode 98 Step 1 Reward -4.60224 Time 29.93793
[DDPG] Quadruped Not Upright
[DDPG] Episode 98 Step 2 Reward -4.18225 Time 24.57989
[DDPG] Starting Next Episode
[DDPG] Critic Loss 27.25496482849121
[DDPG] Total Reward -20.70859 Avg Critic Loss 27.25496 Time 10.86014
[DDPG] Resetting Environment
[DDPG] Starting Episode 99
[DDPG] Episode 99 Step 0 Reward -7.88017 Time 27.71368
[DDPG] Quadruped Not Upright
[DDPG] Episode 99 Step 1 Reward -3.68875 Time 26.87822
[DDPG] Starting Next Episode
[DDPG] Critic Loss 26.98683738708496
[DDPG] Total Reward -11.56893 Avg Critic Loss 26.98684 Time 10.25490
[DDPG] Resetting Environment
[]
[DDPG] Error in Resetting End Training
[DDPG] Starting Episode 100
[DDPG] Quadruped Not Upright
[DDPG] Episode 100 Step 0 Reward -12.72664 Time 23.98054
[DDPG] Starting Next Episode
[DDPG] Critic Loss 27.585044860839844
[DDPG] Total Reward -12.72664 Avg Critic Loss 27.58504 Time 13.49697
[DDPG] Saving Data
[DDPG] Saving Model
[DDPG] Resetting Environment
[DDPG] Starting Episode 101
[DDPG] Quadruped Not Upright
[DDPG] Episode 101 Step 0 Reward -8.97343 Time 28.88185
[DDPG] Starting Next Episode
[DDPG] Critic Loss 27.49584197998047
[DDPG] Total Reward -8.97343 Avg Critic Loss 27.49584 Time 9.72682
[DDPG] Resetting Environment
[]
[DDPG] Error in Resetting End Training
[DDPG] Starting Episode 102
[DDPG] Quadruped Not Upright
[DDPG] Episode 102 Step 0 Reward -4.65419 Time 25.57538
[DDPG] Starting Next Episode
[DDPG] Critic Loss 28.130308151245117
[DDPG] Total Reward -4.65419 Avg Critic Loss 28.13031 Time 12.96547
[DDPG] Resetting Environment
[]
[DDPG] Error in Resetting End Training
[DDPG] Starting Episode 103
[DDPG] Quadruped Not Upright
[DDPG] Episode 103 Step 0 Reward 3.51107 Time 28.98422
[DDPG] Starting Next Episode
[DDPG] Critic Loss 27.3734130859375
[DDPG] Total Reward 3.51107 Avg Critic Loss 27.37341 Time 12.73320
[DDPG] Resetting Environment
[DDPG] Starting Episode 104
[DDPG] Quadruped Not Upright
[DDPG] Episode 104 Step 0 Reward -14.49726 Time 25.84198
[DDPG] Starting Next Episode
[DDPG] Critic Loss 29.4062557220459
[DDPG] Total Reward -14.49726 Avg Critic Loss 29.40626 Time 12.61512
[DDPG] Resetting Environment
[DDPG] Starting Episode 105
[DDPG] Quadruped Not Upright
[DDPG] Episode 105 Step 0 Reward -7.50132 Time 26.62096
[DDPG] Starting Next Episode
[DDPG] Critic Loss 29.579214096069336
[DDPG] Total Reward -7.50132 Avg Critic Loss 29.57921 Time 10.49764
[DDPG] Resetting Environment
[DDPG] Starting Episode 106
[DDPG] Quadruped Not Upright
[DDPG] Episode 106 Step 0 Reward -8.36534 Time 25.76701
[DDPG] Starting Next Episode
[DDPG] Critic Loss 29.498886108398438
[DDPG] Total Reward -8.36534 Avg Critic Loss 29.49889 Time 11.01903
[DDPG] Resetting Environment
[DDPG] Starting Episode 107
[DDPG] Quadruped Not Upright
[DDPG] Episode 107 Step 0 Reward -10.68369 Time 24.46775
[DDPG] Starting Next Episode
[DDPG] Critic Loss 29.9399356842041
[DDPG] Total Reward -10.68369 Avg Critic Loss 29.93994 Time 11.89712
[DDPG] Resetting Environment
[DDPG] Starting Episode 108
[DDPG] Episode 108 Step 0 Reward -15.41451 Time 25.47607
[DDPG] Quadruped Not Upright
[DDPG] Episode 108 Step 1 Reward -0.76178 Time 24.88115
[DDPG] Starting Next Episode
[DDPG] Critic Loss 29.422988891601562
[DDPG] Total Reward -16.17628 Avg Critic Loss 29.42299 Time 11.13913
[DDPG] Resetting Environment
[DDPG] Starting Episode 109
[DDPG] Quadruped Not Upright
[DDPG] Episode 109 Step 0 Reward -9.99788 Time 23.81130
[DDPG] Starting Next Episode
[DDPG] Critic Loss 30.788223266601562
[DDPG] Total Reward -9.99788 Avg Critic Loss 30.78822 Time 8.90514
[DDPG] Resetting Environment
[DDPG] Starting Episode 110
[DDPG] Episode 110 Step 0 Reward -8.14296 Time 24.68167
[DDPG] Floating Point Error in reward computation
[DDPG] Critic Loss 31.623952865600586
[DDPG] Total Reward -8.14296 Avg Critic Loss 31.62395 Time 11.26984
[DDPG] Resetting Environment
[DDPG] Starting Episode 111
[DDPG] Episode 111 Step 0 Reward -9.59103 Time 26.14180
[DDPG] Quadruped Not Upright
[DDPG] Episode 111 Step 1 Reward -2.56898 Time 26.11204
[DDPG] Starting Next Episode
[DDPG] Critic Loss 30.163368225097656
[DDPG] Total Reward -12.16000 Avg Critic Loss 30.16337 Time 10.57472
[DDPG] Resetting Environment
[DDPG] Starting Episode 112
[DDPG] Episode 112 Step 0 Reward -11.18834 Time 27.51484
[DDPG] Quadruped Not Upright
[DDPG] Episode 112 Step 1 Reward -0.90808 Time 27.94140
[DDPG] Starting Next Episode
[DDPG] Critic Loss 30.019725799560547
[DDPG] Total Reward -12.09642 Avg Critic Loss 30.01973 Time 12.39761
[DDPG] Resetting Environment
[DDPG] Starting Episode 113
[DDPG] Episode 113 Step 0 Reward -9.60261 Time 26.78133
[DDPG] Quadruped Not Upright
[DDPG] Episode 113 Step 1 Reward -4.84445 Time 27.66119
[DDPG] Starting Next Episode
[DDPG] Critic Loss 31.35816192626953
[DDPG] Total Reward -14.44706 Avg Critic Loss 31.35816 Time 12.31349
[DDPG] Resetting Environment
[DDPG] Starting Episode 114
[DDPG] Episode 114 Step 0 Reward -6.31775 Time 26.35678
[DDPG] Floating Point Error in reward computation
[DDPG] Critic Loss 30.629850387573242
[DDPG] Total Reward -6.31775 Avg Critic Loss 30.62985 Time 12.69669
[DDPG] Resetting Environment
[]
[DDPG] Error in Resetting End Training
[DDPG] Starting Episode 115
[DDPG] Quadruped Not Upright
[DDPG] Episode 115 Step 0 Reward -13.95581 Time 25.52371
[DDPG] Starting Next Episode
[DDPG] Critic Loss 33.46009826660156
[DDPG] Total Reward -13.95581 Avg Critic Loss 33.46010 Time 10.20601
[DDPG] Resetting Environment
[DDPG] Starting Episode 116
[DDPG] Episode 116 Step 0 Reward -8.16518 Time 28.23951
[DDPG] Floating Point Error in reward computation
[DDPG] Critic Loss 30.4356632232666
[DDPG] Total Reward -8.16518 Avg Critic Loss 30.43566 Time 10.83506
[DDPG] Resetting Environment
[]
[DDPG] Error in Resetting End Training
[DDPG] Starting Episode 117
[DDPG] Quadruped Not Upright
[DDPG] Episode 117 Step 0 Reward -7.81839 Time 25.18340
[DDPG] Starting Next Episode
[DDPG] Critic Loss 31.264070510864258
[DDPG] Total Reward -7.81839 Avg Critic Loss 31.26407 Time 12.89930
[DDPG] Resetting Environment
[]
[DDPG] Error in Resetting End Training
[DDPG] Starting Episode 118
[DDPG] Quadruped Not Upright
[DDPG] Episode 118 Step 0 Reward -20.08036 Time 24.88478
[DDPG] Starting Next Episode
[DDPG] Critic Loss 34.12862777709961
[DDPG] Total Reward -20.08036 Avg Critic Loss 34.12863 Time 8.84842
[DDPG] Resetting Environment
[DDPG] Starting Episode 119
[DDPG] Quadruped Not Upright
[DDPG] Episode 119 Step 0 Reward -8.79135 Time 26.44183
[DDPG] Starting Next Episode
[DDPG] Critic Loss 34.61430358886719
[DDPG] Total Reward -8.79135 Avg Critic Loss 34.61430 Time 11.76102
[DDPG] Resetting Environment
[DDPG] Starting Episode 120
[DDPG] Episode 120 Step 0 Reward -7.75539 Time 27.56813
[DDPG] Quadruped Not Upright
[DDPG] Episode 120 Step 1 Reward 5.25410 Time 26.97291
[DDPG] Starting Next Episode
[DDPG] Critic Loss 34.36970520019531
[DDPG] Total Reward -2.50129 Avg Critic Loss 34.36971 Time 10.94539
[DDPG] Resetting Environment
[DDPG] Starting Episode 121
[DDPG] Episode 121 Step 0 Reward -7.75675 Time 26.24211
[DDPG] Quadruped Not Upright
[DDPG] Episode 121 Step 1 Reward -10.72528 Time 26.99916
[DDPG] Starting Next Episode
[DDPG] Critic Loss 34.30021286010742
[DDPG] Total Reward -18.48203 Avg Critic Loss 34.30021 Time 12.65950
[DDPG] Resetting Environment
[DDPG] Starting Episode 122
[DDPG] Episode 122 Step 0 Reward -5.09432 Time 25.64294
[DDPG] Quadruped Not Upright
[DDPG] Episode 122 Step 1 Reward -2.07043 Time 26.09572
[DDPG] Starting Next Episode
[DDPG] Critic Loss 34.3890266418457
[DDPG] Total Reward -7.16475 Avg Critic Loss 34.38903 Time 11.85479
[DDPG] Resetting Environment
[DDPG] Starting Episode 123
[DDPG] Quadruped Not Upright
[DDPG] Episode 123 Step 0 Reward -4.87407 Time 25.48283
[DDPG] Starting Next Episode
[DDPG] Critic Loss 34.36708450317383
[DDPG] Total Reward -4.87407 Avg Critic Loss 34.36708 Time 13.42455
[DDPG] Resetting Environment
[]
[DDPG] Error in Resetting End Training
[DDPG] Starting Episode 124
[DDPG] Quadruped Not Upright
[DDPG] Episode 124 Step 0 Reward -20.15693 Time 25.60026
[DDPG] Starting Next Episode
[DDPG] Critic Loss 36.735897064208984
[DDPG] Total Reward -20.15693 Avg Critic Loss 36.73590 Time 11.81066
[DDPG] Resetting Environment
[DDPG] Starting Episode 125
[DDPG] Quadruped Not Upright
[DDPG] Episode 125 Step 0 Reward -8.73638 Time 27.17741
[DDPG] Starting Next Episode
[DDPG] Critic Loss 36.13594055175781
[DDPG] Total Reward -8.73638 Avg Critic Loss 36.13594 Time 12.87194
[DDPG] Saving Data
[DDPG] Saving Model
[DDPG] Resetting Environment
[DDPG] Starting Episode 126
[DDPG] Episode 126 Step 0 Reward -8.71067 Time 26.47100
[DDPG] Quadruped Not Upright
[DDPG] Episode 126 Step 1 Reward -3.73596 Time 28.46147
[DDPG] Starting Next Episode
[DDPG] Critic Loss 33.67860412597656
[DDPG] Total Reward -12.44663 Avg Critic Loss 33.67860 Time 12.32945
[DDPG] Resetting Environment
[]
[DDPG] Error in Resetting End Training
[DDPG] Starting Episode 127
[DDPG] Quadruped Not Upright
[DDPG] Episode 127 Step 0 Reward -10.35980 Time 23.94232
[DDPG] Starting Next Episode
[DDPG] Critic Loss 38.45075988769531
[DDPG] Total Reward -10.35980 Avg Critic Loss 38.45076 Time 9.27539
[DDPG] Resetting Environment
[DDPG] Starting Episode 128
[DDPG] Quadruped Not Upright
[DDPG] Episode 128 Step 0 Reward -8.19262 Time 24.87362
[DDPG] Starting Next Episode
[DDPG] Critic Loss 38.51641845703125
[DDPG] Total Reward -8.19262 Avg Critic Loss 38.51642 Time 9.86737
[DDPG] Resetting Environment
[]
[DDPG] Error in Resetting End Training
[DDPG] Starting Episode 129
[DDPG] Quadruped Not Upright
[DDPG] Episode 129 Step 0 Reward -18.75739 Time 26.00340
[DDPG] Starting Next Episode
[DDPG] Critic Loss 38.120487213134766
[DDPG] Total Reward -18.75739 Avg Critic Loss 38.12049 Time 9.98106
[DDPG] Resetting Environment
[DDPG] Starting Episode 130
[DDPG] Quadruped Not Upright
[DDPG] Episode 130 Step 0 Reward -8.07783 Time 25.32367
[DDPG] Starting Next Episode
[DDPG] Critic Loss 39.38276672363281
[DDPG] Total Reward -8.07783 Avg Critic Loss 39.38277 Time 12.23637
[DDPG] Resetting Environment
[]
[DDPG] Error in Resetting End Training
[DDPG] Starting Episode 131
[DDPG] Quadruped Not Upright
[DDPG] Episode 131 Step 0 Reward -20.18767 Time 22.51198
[DDPG] Starting Next Episode
[DDPG] Critic Loss 41.49309158325195
[DDPG] Total Reward -20.18767 Avg Critic Loss 41.49309 Time 11.16664
[DDPG] Resetting Environment
[DDPG] Starting Episode 132
[DDPG] Quadruped Not Upright
[DDPG] Episode 132 Step 0 Reward -4.75271 Time 23.36585
[DDPG] Starting Next Episode
[DDPG] Critic Loss 43.388526916503906
[DDPG] Total Reward -4.75271 Avg Critic Loss 43.38853 Time 9.75481
[DDPG] Resetting Environment
[DDPG] Starting Episode 133
[DDPG] Quadruped Not Upright
[DDPG] Episode 133 Step 0 Reward -6.27475 Time 25.24747
[DDPG] Starting Next Episode
[DDPG] Critic Loss 38.26531982421875
[DDPG] Total Reward -6.27475 Avg Critic Loss 38.26532 Time 10.82094
[DDPG] Resetting Environment
[DDPG] Starting Episode 134
[DDPG] Quadruped Not Upright
[DDPG] Episode 134 Step 0 Reward -6.28526 Time 26.32950
[DDPG] Starting Next Episode
[DDPG] Critic Loss 37.0993537902832
[DDPG] Total Reward -6.28526 Avg Critic Loss 37.09935 Time 10.40717
[DDPG] Resetting Environment
[DDPG] Starting Episode 135
[DDPG] Quadruped Not Upright
[DDPG] Episode 135 Step 0 Reward -6.23860 Time 25.08871
[DDPG] Starting Next Episode
[DDPG] Critic Loss 38.51389694213867
[DDPG] Total Reward -6.23860 Avg Critic Loss 38.51390 Time 10.41169
[DDPG] Resetting Environment
[DDPG] Starting Episode 136
[DDPG] Quadruped Not Upright
[DDPG] Episode 136 Step 0 Reward -7.21414 Time 24.53310
[DDPG] Starting Next Episode
[DDPG] Critic Loss 38.01243209838867
[DDPG] Total Reward -7.21414 Avg Critic Loss 38.01243 Time 10.53261
[DDPG] Resetting Environment
[]
[DDPG] Error in Resetting End Training
[DDPG] Starting Episode 137
[DDPG] Quadruped Not Upright
[DDPG] Episode 137 Step 0 Reward -22.25388 Time 24.11353
[DDPG] Starting Next Episode
[DDPG] Critic Loss 39.74161911010742
[DDPG] Total Reward -22.25388 Avg Critic Loss 39.74162 Time 9.02038
[DDPG] Resetting Environment
[DDPG] Starting Episode 138
[DDPG] Quadruped Not Upright
[DDPG] Episode 138 Step 0 Reward -7.14451 Time 23.86790
[DDPG] Starting Next Episode
[DDPG] Critic Loss 39.76130676269531
[DDPG] Total Reward -7.14451 Avg Critic Loss 39.76131 Time 9.39875
[DDPG] Resetting Environment
[]
[DDPG] Error in Resetting End Training
[DDPG] Starting Episode 139
[DDPG] Quadruped Not Upright
[DDPG] Episode 139 Step 0 Reward -20.20339 Time 24.81150
[DDPG] Starting Next Episode
[DDPG] Critic Loss 37.63518524169922
[DDPG] Total Reward -20.20339 Avg Critic Loss 37.63519 Time 10.13542
[DDPG] Resetting Environment
[DDPG] Starting Episode 140
[DDPG] Episode 140 Step 0 Reward -4.93388 Time 25.75720
[DDPG] Quadruped Not Upright
[DDPG] Episode 140 Step 1 Reward -8.40741 Time 25.06540
[DDPG] Starting Next Episode
[DDPG] Critic Loss 43.3032112121582
[DDPG] Total Reward -13.34129 Avg Critic Loss 43.30321 Time 11.04142
[DDPG] Resetting Environment
[DDPG] Starting Episode 141
[DDPG] Quadruped Not Upright
[DDPG] Episode 141 Step 0 Reward -7.69255 Time 26.49641
[DDPG] Starting Next Episode
[DDPG] Critic Loss 42.4694709777832
[DDPG] Total Reward -7.69255 Avg Critic Loss 42.46947 Time 11.07755
[DDPG] Resetting Environment
[DDPG] Starting Episode 142
[DDPG] Quadruped Not Upright
[DDPG] Episode 142 Step 0 Reward -8.85911 Time 26.91389
[DDPG] Starting Next Episode
[DDPG] Critic Loss 42.86823272705078
[DDPG] Total Reward -8.85911 Avg Critic Loss 42.86823 Time 6.46315
[DDPG] Resetting Environment
[]
[DDPG] Error in Resetting End Training
[DDPG] Starting Episode 143
[DDPG] Quadruped Not Upright
[DDPG] Episode 143 Step 0 Reward -17.81869 Time 25.10765
[DDPG] Starting Next Episode
[DDPG] Critic Loss 41.4221305847168
[DDPG] Total Reward -17.81869 Avg Critic Loss 41.42213 Time 11.68496
[DDPG] Resetting Environment
[DDPG] Starting Episode 144
[DDPG] Quadruped Not Upright
[DDPG] Episode 144 Step 0 Reward -9.98727 Time 25.31796
[DDPG] Starting Next Episode
[DDPG] Critic Loss 41.6642951965332
[DDPG] Total Reward -9.98727 Avg Critic Loss 41.66430 Time 10.62395
[DDPG] Resetting Environment
[]
[DDPG] Error in Resetting End Training
[DDPG] Starting Episode 145
[DDPG] Episode 145 Step 0 Reward -7.90029 Time 25.82069
[DDPG] Quadruped Not Upright
[DDPG] Episode 145 Step 1 Reward 0.00022 Time 26.33849
[DDPG] Starting Next Episode
[DDPG] Critic Loss 43.08222961425781
[DDPG] Total Reward -7.90007 Avg Critic Loss 43.08223 Time 10.21145
[DDPG] Resetting Environment
[]
[DDPG] Error in Resetting End Training
[DDPG] Starting Episode 146
[DDPG] Quadruped Not Upright
[DDPG] Episode 146 Step 0 Reward -19.96422 Time 25.54749
[DDPG] Starting Next Episode
[DDPG] Critic Loss 43.197017669677734
[DDPG] Total Reward -19.96422 Avg Critic Loss 43.19702 Time 12.44407
[DDPG] Resetting Environment
[]
[DDPG] Error in Resetting End Training
[DDPG] Starting Episode 147
[DDPG] Quadruped Not Upright
[DDPG] Episode 147 Step 0 Reward -11.89656 Time 27.33418
[DDPG] Starting Next Episode
[DDPG] Critic Loss 44.040061950683594
[DDPG] Total Reward -11.89656 Avg Critic Loss 44.04006 Time 10.63512
[DDPG] Resetting Environment
[DDPG] Starting Episode 148
[DDPG] Episode 148 Step 0 Reward -5.96270 Time 28.49360
[DDPG] Episode 148 Step 1 Reward -1.06664 Time 27.08674
[DDPG] Episode 148 Step 2 Reward -10.28368 Time 25.54096
[DDPG] Quadruped Not Upright
[DDPG] Episode 148 Step 3 Reward -4.63971 Time 28.58664
[DDPG] Starting Next Episode
[DDPG] Critic Loss 48.017086029052734
[DDPG] Total Reward -21.95272 Avg Critic Loss 48.01709 Time 11.92624
[DDPG] Resetting Environment
[DDPG] Starting Episode 149
[DDPG] Episode 149 Step 0 Reward -7.53320 Time 26.62057
[DDPG] Quadruped Not Upright
[DDPG] Episode 149 Step 1 Reward -5.96299 Time 28.49255
[DDPG] Starting Next Episode
[DDPG] Critic Loss 42.173770904541016
[DDPG] Total Reward -13.49619 Avg Critic Loss 42.17377 Time 10.94728
[DDPG] Resetting Environment
[DDPG] Starting Episode 150
[DDPG] Episode 150 Step 0 Reward -6.94949 Time 28.12323
[DDPG] Floating Point Error in reward computation
[DDPG] Critic Loss 41.857810974121094
[DDPG] Total Reward -6.94949 Avg Critic Loss 41.85781 Time 9.37865
[DDPG] Saving Data
[DDPG] Saving Model
[DDPG] Resetting Environment
[]
[DDPG] Error in Resetting End Training
[DDPG] Starting Episode 151
[DDPG] Quadruped Not Upright
[DDPG] Episode 151 Step 0 Reward -10.76035 Time 25.89953
[DDPG] Starting Next Episode
[DDPG] Critic Loss 43.988792419433594
[DDPG] Total Reward -10.76035 Avg Critic Loss 43.98879 Time 9.26285
[DDPG] Resetting Environment
[DDPG] Starting Episode 152
[DDPG] Quadruped Not Upright
[DDPG] Episode 152 Step 0 Reward -5.12847 Time 25.08817
[DDPG] Starting Next Episode
[DDPG] Critic Loss 45.15346145629883
[DDPG] Total Reward -5.12847 Avg Critic Loss 45.15346 Time 9.85632
[DDPG] Resetting Environment
[DDPG] Starting Episode 153
[DDPG] Quadruped Not Upright
[DDPG] Episode 153 Step 0 Reward -8.00721 Time 27.49212
[DDPG] Starting Next Episode
[DDPG] Critic Loss 44.21284484863281
[DDPG] Total Reward -8.00721 Avg Critic Loss 44.21284 Time 10.65387
[DDPG] Resetting Environment
[DDPG] Starting Episode 154
[DDPG] Quadruped Not Upright
[DDPG] Episode 154 Step 0 Reward -4.72985 Time 26.94070
[DDPG] Starting Next Episode
[DDPG] Critic Loss 41.29716873168945
[DDPG] Total Reward -4.72985 Avg Critic Loss 41.29717 Time 11.63128
[DDPG] Resetting Environment
[DDPG] Starting Episode 155
[DDPG] Action value NaN. Ending Episode
[DDPG] Critic Loss nan
[DDPG] Total Reward 0.00000 Avg Critic Loss nan Time 10.80414
[DDPG] Resetting Environment
[DDPG] Starting Episode 156
[DDPG] Action value NaN. Ending Episode
[DDPG] Critic Loss nan
[DDPG] Total Reward 0.00000 Avg Critic Loss nan Time 12.21613
[DDPG] Resetting Environment
[DDPG] Starting Episode 157
[DDPG] Action value NaN. Ending Episode
[DDPG] Critic Loss nan
[DDPG] Total Reward 0.00000 Avg Critic Loss nan Time 10.55447
[DDPG] Resetting Environment
[DDPG] Starting Episode 158
[DDPG] Action value NaN. Ending Episode
[DDPG] Critic Loss nan
[DDPG] Total Reward 0.00000 Avg Critic Loss nan Time 11.20202
[DDPG] Resetting Environment
[DDPG] Starting Episode 159
[DDPG] Action value NaN. Ending Episode
[DDPG] Critic Loss nan
[DDPG] Total Reward 0.00000 Avg Critic Loss nan Time 11.59884
[DDPG] Resetting Environment
[DDPG] Starting Episode 160
[DDPG] Action value NaN. Ending Episode
[DDPG] Critic Loss nan
[DDPG] Total Reward 0.00000 Avg Critic Loss nan Time 9.73023
[DDPG] Resetting Environment
[DDPG] Starting Episode 161
[DDPG] Action value NaN. Ending Episode
[DDPG] Critic Loss nan
[DDPG] Total Reward 0.00000 Avg Critic Loss nan Time 11.35313
[DDPG] Resetting Environment
[DDPG] Starting Episode 162
[DDPG] Action value NaN. Ending Episode
[DDPG] Critic Loss nan
[DDPG] Total Reward 0.00000 Avg Critic Loss nan Time 10.47087
[DDPG] Resetting Environment
[DDPG] Starting Episode 163
[DDPG] Action value NaN. Ending Episode
[DDPG] Critic Loss nan
[DDPG] Total Reward 0.00000 Avg Critic Loss nan Time 11.44856
[DDPG] Resetting Environment
[DDPG] Starting Episode 164
[DDPG] Action value NaN. Ending Episode
[DDPG] Critic Loss nan
[DDPG] Total Reward 0.00000 Avg Critic Loss nan Time 11.50820
[DDPG] Resetting Environment
[DDPG] Starting Episode 165
[DDPG] Action value NaN. Ending Episode
[DDPG] Critic Loss nan
[DDPG] Total Reward 0.00000 Avg Critic Loss nan Time 11.40648
[DDPG] Resetting Environment
[DDPG] Starting Episode 166
[DDPG] Action value NaN. Ending Episode
[DDPG] Critic Loss nan
[DDPG] Total Reward 0.00000 Avg Critic Loss nan Time 10.72738
[DDPG] Resetting Environment
[DDPG] Starting Episode 167
[DDPG] Action value NaN. Ending Episode
[DDPG] Critic Loss nan
[DDPG] Total Reward 0.00000 Avg Critic Loss nan Time 10.38375
[DDPG] Resetting Environment
[DDPG] Starting Episode 168
[DDPG] Action value NaN. Ending Episode
[DDPG] Critic Loss nan
[DDPG] Total Reward 0.00000 Avg Critic Loss nan Time 10.18632
[DDPG] Resetting Environment
[DDPG] Starting Episode 169
[DDPG] Action value NaN. Ending Episode
[DDPG] Critic Loss nan
[DDPG] Total Reward 0.00000 Avg Critic Loss nan Time 11.71576
[DDPG] Resetting Environment
Traceback (most recent call last):
  File "learn.py", line 1494, in <module>
    learner.learn(
  File "learn.py", line 954, in learn
    self.current_time_step = self.env.reset()
  File "/home/ubuntu/.local/lib/python3.8/site-packages/tf_agents/environments/tf_environment.py", line 209, in reset
    return self._reset()
  File "/home/ubuntu/CPGController/src/rl/env.py", line 56, in _reset
    self._state, self._reward = self.quadruped.reset()
  File "/home/ubuntu/CPGController/src/simulations/ws/src/quadruped/scripts/quadruped.py", line 918, in reset
    rospy.sleep(2.0)
  File "/opt/ros/noetic/lib/python3/dist-packages/rospy/timer.py", line 165, in sleep
    raise rospy.exceptions.ROSInterruptException("ROS shutdown request")
rospy.exceptions.ROSInterruptException: ROS shutdown request
