2021-04-11 14:09:49.824425: I tensorflow/stream_executor/platform/default/dso_loader.cc:49] Successfully opened dynamic library libcudart.so.11.0
Unable to init server: Could not connect: Connection refused
Unable to init server: Could not connect: Connection refused

(learn.py:886359): Gdk-CRITICAL **: 14:10:01.168: gdk_cursor_new_for_display: assertion 'GDK_IS_DISPLAY (display)' failed
2021-04-11 14:10:02.353601: I tensorflow/compiler/jit/xla_cpu_device.cc:41] Not creating XLA devices, tf_xla_enable_xla_devices not set
2021-04-11 14:10:02.364199: I tensorflow/stream_executor/platform/default/dso_loader.cc:49] Successfully opened dynamic library libcuda.so.1
2021-04-11 14:10:02.425950: I tensorflow/stream_executor/cuda/cuda_gpu_executor.cc:941] successful NUMA node read from SysFS had negative value (-1), but there must be at least one NUMA node, so returning NUMA node zero
2021-04-11 14:10:02.430125: I tensorflow/core/common_runtime/gpu/gpu_device.cc:1720] Found device 0 with properties: 
pciBusID: 0000:00:1e.0 name: Tesla T4 computeCapability: 7.5
coreClock: 1.59GHz coreCount: 40 deviceMemorySize: 14.75GiB deviceMemoryBandwidth: 298.08GiB/s
2021-04-11 14:10:02.430754: I tensorflow/stream_executor/platform/default/dso_loader.cc:49] Successfully opened dynamic library libcudart.so.11.0
2021-04-11 14:10:02.464022: I tensorflow/stream_executor/platform/default/dso_loader.cc:49] Successfully opened dynamic library libcublas.so.11
2021-04-11 14:10:02.465828: I tensorflow/stream_executor/platform/default/dso_loader.cc:49] Successfully opened dynamic library libcublasLt.so.11
2021-04-11 14:10:02.472002: I tensorflow/stream_executor/platform/default/dso_loader.cc:49] Successfully opened dynamic library libcufft.so.10
2021-04-11 14:10:02.474212: I tensorflow/stream_executor/platform/default/dso_loader.cc:49] Successfully opened dynamic library libcurand.so.10
2021-04-11 14:10:02.508847: I tensorflow/stream_executor/platform/default/dso_loader.cc:49] Successfully opened dynamic library libcusolver.so.10
2021-04-11 14:10:02.516152: I tensorflow/stream_executor/platform/default/dso_loader.cc:49] Successfully opened dynamic library libcusparse.so.11
2021-04-11 14:10:02.516482: I tensorflow/stream_executor/platform/default/dso_loader.cc:49] Successfully opened dynamic library libcudnn.so.8
2021-04-11 14:10:02.518913: I tensorflow/stream_executor/cuda/cuda_gpu_executor.cc:941] successful NUMA node read from SysFS had negative value (-1), but there must be at least one NUMA node, so returning NUMA node zero
2021-04-11 14:10:02.523908: I tensorflow/stream_executor/cuda/cuda_gpu_executor.cc:941] successful NUMA node read from SysFS had negative value (-1), but there must be at least one NUMA node, so returning NUMA node zero
2021-04-11 14:10:02.528563: I tensorflow/core/common_runtime/gpu/gpu_device.cc:1862] Adding visible gpu devices: 0
[DDPG] Building the actor model
2021-04-11 14:10:02.626083: I tensorflow/core/platform/cpu_feature_guard.cc:142] This TensorFlow binary is optimized with oneAPI Deep Neural Network Library (oneDNN) to use the following CPU instructions in performance-critical operations:  AVX2 AVX512F FMA
To enable them in other operations, rebuild TensorFlow with the appropriate compiler flags.
2021-04-11 14:10:02.628573: I tensorflow/compiler/jit/xla_gpu_device.cc:99] Not creating XLA devices, tf_xla_enable_xla_devices not set
2021-04-11 14:10:02.630911: I tensorflow/stream_executor/cuda/cuda_gpu_executor.cc:941] successful NUMA node read from SysFS had negative value (-1), but there must be at least one NUMA node, so returning NUMA node zero
2021-04-11 14:10:02.635694: I tensorflow/core/common_runtime/gpu/gpu_device.cc:1720] Found device 0 with properties: 
pciBusID: 0000:00:1e.0 name: Tesla T4 computeCapability: 7.5
coreClock: 1.59GHz coreCount: 40 deviceMemorySize: 14.75GiB deviceMemoryBandwidth: 298.08GiB/s
2021-04-11 14:10:02.636802: I tensorflow/stream_executor/platform/default/dso_loader.cc:49] Successfully opened dynamic library libcudart.so.11.0
2021-04-11 14:10:02.638301: I tensorflow/stream_executor/platform/default/dso_loader.cc:49] Successfully opened dynamic library libcublas.so.11
2021-04-11 14:10:02.640421: I tensorflow/stream_executor/platform/default/dso_loader.cc:49] Successfully opened dynamic library libcublasLt.so.11
2021-04-11 14:10:02.640617: I tensorflow/stream_executor/platform/default/dso_loader.cc:49] Successfully opened dynamic library libcufft.so.10
2021-04-11 14:10:02.641656: I tensorflow/stream_executor/platform/default/dso_loader.cc:49] Successfully opened dynamic library libcurand.so.10
2021-04-11 14:10:02.641973: I tensorflow/stream_executor/platform/default/dso_loader.cc:49] Successfully opened dynamic library libcusolver.so.10
2021-04-11 14:10:02.643304: I tensorflow/stream_executor/platform/default/dso_loader.cc:49] Successfully opened dynamic library libcusparse.so.11
2021-04-11 14:10:02.644232: I tensorflow/stream_executor/platform/default/dso_loader.cc:49] Successfully opened dynamic library libcudnn.so.8
2021-04-11 14:10:02.645626: I tensorflow/stream_executor/cuda/cuda_gpu_executor.cc:941] successful NUMA node read from SysFS had negative value (-1), but there must be at least one NUMA node, so returning NUMA node zero
2021-04-11 14:10:02.656169: I tensorflow/stream_executor/cuda/cuda_gpu_executor.cc:941] successful NUMA node read from SysFS had negative value (-1), but there must be at least one NUMA node, so returning NUMA node zero
2021-04-11 14:10:02.662513: I tensorflow/core/common_runtime/gpu/gpu_device.cc:1862] Adding visible gpu devices: 0
2021-04-11 14:10:02.662796: I tensorflow/stream_executor/platform/default/dso_loader.cc:49] Successfully opened dynamic library libcudart.so.11.0
2021-04-11 14:10:05.240500: I tensorflow/core/common_runtime/gpu/gpu_device.cc:1261] Device interconnect StreamExecutor with strength 1 edge matrix:
2021-04-11 14:10:05.240551: I tensorflow/core/common_runtime/gpu/gpu_device.cc:1267]      0 
2021-04-11 14:10:05.240597: I tensorflow/core/common_runtime/gpu/gpu_device.cc:1280] 0:   N 
2021-04-11 14:10:05.241628: I tensorflow/stream_executor/cuda/cuda_gpu_executor.cc:941] successful NUMA node read from SysFS had negative value (-1), but there must be at least one NUMA node, so returning NUMA node zero
2021-04-11 14:10:05.244788: I tensorflow/stream_executor/cuda/cuda_gpu_executor.cc:941] successful NUMA node read from SysFS had negative value (-1), but there must be at least one NUMA node, so returning NUMA node zero
2021-04-11 14:10:05.257955: I tensorflow/stream_executor/cuda/cuda_gpu_executor.cc:941] successful NUMA node read from SysFS had negative value (-1), but there must be at least one NUMA node, so returning NUMA node zero
2021-04-11 14:10:05.261438: I tensorflow/core/common_runtime/gpu/gpu_device.cc:1406] Created TensorFlow device (/job:localhost/replica:0/task:0/device:GPU:0 with 12802 MB memory) -> physical GPU (device: 0, name: Tesla T4, pci bus id: 0000:00:1e.0, compute capability: 7.5)
[DDPG] Building the actor model
[DDPG] Building the critic model
[DDPG] Building the critic model
[DDPG] Waiting for joint trajectory action
[DDPG] Found joint trajectory action!
[DDPG] Waiting for joint trajectory action
[DDPG] Found joint trajectory action!
[DDPG] Waiting for joint trajectory action
[DDPG] Found joint trajectory action!
[DDPG] Waiting for joint trajectory action
[DDPG] Found joint trajectory action!
[0m[ INFO] [1618150220.161358855, 6.172000000]: Loading robot model 'quadruped'...[0m
[0m[ INFO] [1618150220.162461539, 6.172000000]: No root/virtual joint specified in SRDF. Assuming fixed joint[0m
[33m[ WARN] [1618150220.162927689, 6.172000000]: Link dummy_link has visual geometry but no collision geometry. Collision geometry will be left empty. Fix your URDF file by explicitly specifying collision geometry.[0m
[0m[ INFO] [1618150221.518568090, 6.631000000]: Ready to take commands for planning group front_right_leg.[0m
[0m[ INFO] [1618150223.430499868, 7.394000000]: Ready to take commands for planning group front_left_leg.[0m
[0m[ INFO] [1618150225.632951403, 8.194000000]: Ready to take commands for planning group back_right_leg.[0m
[0m[ INFO] [1618150227.533476856, 8.994000000]: Ready to take commands for planning group back_left_leg.[0m
[Actor] GPU>>>>>>>>>>>>
[Actor] [PhysicalDevice(name='/physical_device:GPU:0', device_type='GPU')]
[DDPG] Training Start
[DDPG] Resetting Environment
[DDPG] Starting Pretraining Test
2021-04-11 14:11:32.030995: I tensorflow/stream_executor/platform/default/dso_loader.cc:49] Successfully opened dynamic library libcublas.so.11
2021-04-11 14:11:34.256771: I tensorflow/stream_executor/platform/default/dso_loader.cc:49] Successfully opened dynamic library libcublasLt.so.11
[DDPG] Step 0 Reward 31.23381 Time 3.15164
[DDPG] Step 1 Reward 24.87619 Time 1.04455
[DDPG] Step 2 Reward 33.81239 Time 1.00140
[DDPG] Quadruped Not Upright
[DDPG] Step 3 Reward -16.38255 Time 0.92950
[DDPG] Step 4 Reward -6.28958 Time 0.72438
[DDPG] Resetting Environment
[DDPG] Starting Episode 0
[DDPG] Quadruped Not Upright
[DDPG] Episode 0 Step 0 Reward -15.76733 Time 1.02458
[DDPG] Starting Next Episode
[DDPG] Critic Loss 247.6779327392578
[DDPG] Total Reward -15.76733 Avg Critic Loss 247.67793 Time 1.83607

[DDPG] Saving Model
[DDPG] Resetting Environment
[DDPG] Starting Episode 1
[DDPG] Episode 1 Step 0 Reward -6.52258 Time 0.98687
[DDPG] Episode 1 Step 1 Reward -4.85575 Time 1.02604
[DDPG] Quadruped Not Upright
[DDPG] Episode 1 Step 2 Reward -15.35665 Time 0.80419
[DDPG] Starting Next Episode
[DDPG] Critic Loss 134.54238891601562
[DDPG] Total Reward -26.73498 Avg Critic Loss 134.54239 Time 1.73814
[DDPG] Resetting Environment
[DDPG] Starting Episode 2
[DDPG] Episode 2 Step 0 Reward -5.73242 Time 0.90418
[DDPG] Quadruped Not Upright
[DDPG] Episode 2 Step 1 Reward -16.17400 Time 0.88492
[DDPG] Starting Next Episode
[DDPG] Critic Loss 138.6160125732422
[DDPG] Total Reward -21.90642 Avg Critic Loss 138.61601 Time 1.43975
[DDPG] Resetting Environment
[DDPG] Starting Episode 3
[DDPG] Episode 3 Step 0 Reward -6.74124 Time 0.88998
[DDPG] Episode 3 Step 1 Reward -5.61706 Time 0.92788
[DDPG] Quadruped Not Upright
[DDPG] Episode 3 Step 2 Reward -15.90604 Time 0.97236
[DDPG] Starting Next Episode
[DDPG] Critic Loss 130.04713439941406
[DDPG] Total Reward -28.26434 Avg Critic Loss 130.04713 Time 1.50274
[DDPG] Resetting Environment
[DDPG] Starting Episode 4
[DDPG] Quadruped Not Upright
[DDPG] Episode 4 Step 0 Reward -15.71323 Time 0.98772
[DDPG] Starting Next Episode
[DDPG] Critic Loss 141.81710815429688
[DDPG] Total Reward -15.71323 Avg Critic Loss 141.81711 Time 1.41126
[DDPG] Resetting Environment
[DDPG] Starting Episode 5
[DDPG] Episode 5 Step 0 Reward -5.87519 Time 1.10206
[DDPG] Episode 5 Step 1 Reward -5.39598 Time 0.83328
[DDPG] Quadruped Not Upright
[DDPG] Episode 5 Step 2 Reward -15.96349 Time 0.83089
[DDPG] Starting Next Episode
[DDPG] Critic Loss 132.42822265625
[DDPG] Total Reward -27.23467 Avg Critic Loss 132.42822 Time 1.34915
[DDPG] Resetting Environment
[DDPG] Starting Episode 6
[DDPG] Episode 6 Step 0 Reward -5.97489 Time 1.04294
[DDPG] Episode 6 Step 1 Reward -5.09928 Time 0.92365
[DDPG] Episode 6 Step 2 Reward -7.35820 Time 1.07905
[DDPG] Floating Point Error in reward computation
[DDPG] Critic Loss 114.46209716796875
[DDPG] Total Reward -18.43237 Avg Critic Loss 114.46210 Time 1.42120
[DDPG] Resetting Environment
[DDPG] Starting Episode 7
[DDPG] Episode 7 Step 0 Reward -6.14663 Time 0.91310
[DDPG] Quadruped Not Upright
[DDPG] Episode 7 Step 1 Reward -16.16683 Time 0.89690
[DDPG] Starting Next Episode
[DDPG] Critic Loss 118.16673278808594
[DDPG] Total Reward -22.31346 Avg Critic Loss 118.16673 Time 1.74460
[DDPG] Resetting Environment
[DDPG] Starting Episode 8
[DDPG] Episode 8 Step 0 Reward -5.75587 Time 0.73828
[DDPG] Quadruped Not Upright
[DDPG] Episode 8 Step 1 Reward -15.61317 Time 1.06274
[DDPG] Starting Next Episode
[DDPG] Critic Loss 119.8366928100586
[DDPG] Total Reward -21.36904 Avg Critic Loss 119.83669 Time 1.65296
[DDPG] Resetting Environment
[DDPG] Starting Episode 9
[DDPG] Quadruped Not Upright
[DDPG] Episode 9 Step 0 Reward -16.40197 Time 0.97777
[DDPG] Starting Next Episode
[DDPG] Critic Loss 126.95305633544922
[DDPG] Total Reward -16.40197 Avg Critic Loss 126.95306 Time 1.20706
[DDPG] Resetting Environment
[DDPG] Starting Episode 10
[DDPG] Episode 10 Step 0 Reward -7.43111 Time 0.76367
[DDPG] Quadruped Not Upright
[DDPG] Episode 10 Step 1 Reward -15.62679 Time 0.77168
[DDPG] Starting Next Episode
[DDPG] Critic Loss 128.75914001464844
[DDPG] Total Reward -23.05791 Avg Critic Loss 128.75914 Time 1.45475
[DDPG] Resetting Environment
[]
[DDPG] Error in Resetting End Training
[DDPG] Starting Episode 11
[DDPG] Quadruped Not Upright
[DDPG] Episode 11 Step 0 Reward -16.65089 Time 0.93014
[DDPG] Starting Next Episode
[DDPG] Critic Loss 134.8376922607422
[DDPG] Total Reward -16.65089 Avg Critic Loss 134.83769 Time 1.55217
[DDPG] Resetting Environment
[]
[DDPG] Error in Resetting End Training
[DDPG] Starting Episode 12
[DDPG] Quadruped Not Upright
[DDPG] Episode 12 Step 0 Reward -15.39837 Time 0.88221
[DDPG] Starting Next Episode
[DDPG] Critic Loss 138.70242309570312
[DDPG] Total Reward -15.39837 Avg Critic Loss 138.70242 Time 2.23166
[DDPG] Resetting Environment
[]
[DDPG] Error in Resetting End Training
[DDPG] Starting Episode 13
[DDPG] Episode 13 Step 0 Reward -6.56092 Time 1.10801
[DDPG] Quadruped Not Upright
[DDPG] Episode 13 Step 1 Reward -15.77591 Time 1.06907
[DDPG] Starting Next Episode
[DDPG] Critic Loss 139.3103485107422
[DDPG] Total Reward -22.33684 Avg Critic Loss 139.31035 Time 1.95980
[DDPG] Resetting Environment
[DDPG] Starting Episode 14
[DDPG] Episode 14 Step 0 Reward -6.83779 Time 1.22136
[DDPG] Quadruped Not Upright
[DDPG] Episode 14 Step 1 Reward -17.11936 Time 1.01331
[DDPG] Starting Next Episode
[DDPG] Critic Loss 141.4957733154297
[DDPG] Total Reward -23.95715 Avg Critic Loss 141.49577 Time 1.89459
[DDPG] Resetting Environment
[]
[DDPG] Error in Resetting End Training
[DDPG] Starting Episode 15
[DDPG] Episode 15 Step 0 Reward -6.70457 Time 0.82924
[DDPG] Episode 15 Step 1 Reward -6.73031 Time 0.93738
[DDPG] Episode 15 Step 2 Reward -5.24188 Time 0.90368
[DDPG] Quadruped Not Upright
[DDPG] Episode 15 Step 3 Reward -15.16712 Time 0.96853
[DDPG] Starting Next Episode
[DDPG] Critic Loss 134.68035888671875
[DDPG] Total Reward -33.84387 Avg Critic Loss 134.68036 Time 1.82197
[DDPG] Resetting Environment
[DDPG] Starting Episode 16
[DDPG] Quadruped Not Upright
[DDPG] Episode 16 Step 0 Reward -16.10599 Time 0.81101
[DDPG] Starting Next Episode
[DDPG] Critic Loss 138.30995178222656
[DDPG] Total Reward -16.10599 Avg Critic Loss 138.30995 Time 2.09457
[DDPG] Resetting Environment
[DDPG] Starting Episode 17
[DDPG] Quadruped Not Upright
[DDPG] Episode 17 Step 0 Reward -16.23698 Time 1.13065
[DDPG] Starting Next Episode
[DDPG] Critic Loss 142.2250213623047
[DDPG] Total Reward -16.23698 Avg Critic Loss 142.22502 Time 1.75713
[DDPG] Resetting Environment
[DDPG] Starting Episode 18
[DDPG] Episode 18 Step 0 Reward -6.44299 Time 0.87372
[DDPG] Episode 18 Step 1 Reward -6.51207 Time 0.99030
[DDPG] Quadruped Not Upright
[DDPG] Episode 18 Step 2 Reward -16.13972 Time 0.97869
[DDPG] Starting Next Episode
[DDPG] Critic Loss 140.19676208496094
[DDPG] Total Reward -29.09479 Avg Critic Loss 140.19676 Time 1.64907
[DDPG] Resetting Environment
[]
[DDPG] Error in Resetting End Training
[DDPG] Starting Episode 19
[DDPG] Episode 19 Step 0 Reward -6.29687 Time 0.90700
[DDPG] Quadruped Not Upright
[DDPG] Episode 19 Step 1 Reward -17.02285 Time 1.06467
[DDPG] Starting Next Episode
[DDPG] Critic Loss 141.70700073242188
[DDPG] Total Reward -23.31972 Avg Critic Loss 141.70700 Time 2.05246
[DDPG] Resetting Environment
[DDPG] Starting Episode 20
[DDPG] Episode 20 Step 0 Reward -6.24534 Time 0.91665
[DDPG] Episode 20 Step 1 Reward -5.09178 Time 0.99034
[DDPG] Episode 20 Step 2 Reward -5.85806 Time 0.84796
[DDPG] Quadruped Not Upright
[DDPG] Episode 20 Step 3 Reward -15.19035 Time 0.95676
[DDPG] Starting Next Episode
[DDPG] Critic Loss 136.76771545410156
[DDPG] Total Reward -32.38554 Avg Critic Loss 136.76772 Time 1.54166
[DDPG] Resetting Environment
[DDPG] Starting Episode 21
[DDPG] Episode 21 Step 0 Reward -6.32041 Time 0.88081
[DDPG] Episode 21 Step 1 Reward -5.51211 Time 0.93971
[DDPG] Episode 21 Step 2 Reward -6.00516 Time 0.86572
[DDPG] Quadruped Not Upright
[DDPG] Episode 21 Step 3 Reward -15.33628 Time 0.94659
[DDPG] Starting Next Episode
[DDPG] Critic Loss 133.0493927001953
[DDPG] Total Reward -33.17396 Avg Critic Loss 133.04939 Time 1.79750
[DDPG] Resetting Environment
[DDPG] Starting Episode 22
[DDPG] Quadruped Not Upright
[DDPG] Episode 22 Step 0 Reward -16.55527 Time 0.72975
[DDPG] Starting Next Episode
[DDPG] Critic Loss 136.06716918945312
[DDPG] Total Reward -16.55527 Avg Critic Loss 136.06717 Time 1.69793
[DDPG] Resetting Environment
[]
[DDPG] Error in Resetting End Training
[DDPG] Starting Episode 23
[DDPG] Episode 23 Step 0 Reward -6.17454 Time 0.90709
[DDPG] Quadruped Not Upright
[DDPG] Episode 23 Step 1 Reward -17.96585 Time 0.89684
[DDPG] Starting Next Episode
[DDPG] Critic Loss 138.20574951171875
[DDPG] Total Reward -24.14040 Avg Critic Loss 138.20575 Time 1.91743
[DDPG] Resetting Environment
[DDPG] Starting Episode 24
[DDPG] Quadruped Not Upright
[DDPG] Episode 24 Step 0 Reward -16.45113 Time 1.02998
[DDPG] Starting Next Episode
[DDPG] Critic Loss 140.87600708007812
[DDPG] Total Reward -16.45113 Avg Critic Loss 140.87601 Time 2.41687
[DDPG] Resetting Environment
[DDPG] Starting Episode 25
[DDPG] Quadruped Not Upright
[DDPG] Episode 25 Step 0 Reward -16.83303 Time 0.98703
[DDPG] Starting Next Episode
[DDPG] Critic Loss 143.6920928955078
[DDPG] Total Reward -16.83303 Avg Critic Loss 143.69209 Time 2.33783

[DDPG] Saving Model
[DDPG] Resetting Environment
[DDPG] Starting Episode 26
[DDPG] Episode 26 Step 0 Reward -6.83119 Time 1.02248
[DDPG] Episode 26 Step 1 Reward -7.86420 Time 1.17360
[DDPG] Episode 26 Step 2 Reward -5.40868 Time 0.95755
[DDPG] Quadruped Not Upright
[DDPG] Episode 26 Step 3 Reward -15.31599 Time 0.87576
[DDPG] Starting Next Episode
[DDPG] Critic Loss 140.5988311767578
[DDPG] Total Reward -35.42006 Avg Critic Loss 140.59883 Time 2.55030
[DDPG] Resetting Environment
[]
[DDPG] Error in Resetting End Training
[DDPG] Starting Episode 27
[DDPG] Episode 27 Step 0 Reward -6.34557 Time 0.79461
[DDPG] Quadruped Not Upright
[DDPG] Episode 27 Step 1 Reward -16.93721 Time 0.90781
[DDPG] Starting Next Episode
[DDPG] Critic Loss 141.57057189941406
[DDPG] Total Reward -23.28278 Avg Critic Loss 141.57057 Time 2.64757
[DDPG] Resetting Environment
[]
[DDPG] Error in Resetting End Training
[DDPG] Starting Episode 28
[DDPG] Quadruped Not Upright
[DDPG] Episode 28 Step 0 Reward -17.06746 Time 0.87454
[DDPG] Starting Next Episode
[DDPG] Critic Loss 144.28651428222656
[DDPG] Total Reward -17.06746 Avg Critic Loss 144.28651 Time 1.75662
[DDPG] Resetting Environment
[DDPG] Starting Episode 29
[DDPG] Quadruped Not Upright
[DDPG] Episode 29 Step 0 Reward -16.61053 Time 0.89934
[DDPG] Starting Next Episode
[DDPG] Critic Loss 146.5482177734375
[DDPG] Total Reward -16.61053 Avg Critic Loss 146.54822 Time 1.69417
[DDPG] Resetting Environment
[DDPG] Starting Episode 30
[DDPG] Episode 30 Step 0 Reward -6.55825 Time 0.93185
[DDPG] Episode 30 Step 1 Reward -7.29284 Time 0.78388
[DDPG] Quadruped Not Upright
[DDPG] Episode 30 Step 2 Reward -15.25350 Time 0.78799
[DDPG] Starting Next Episode
[DDPG] Critic Loss 145.1833038330078
[DDPG] Total Reward -29.10460 Avg Critic Loss 145.18330 Time 1.58125
[DDPG] Resetting Environment
[]
[DDPG] Error in Resetting End Training
[DDPG] Starting Episode 31
[DDPG] Quadruped Not Upright
[DDPG] Episode 31 Step 0 Reward -16.33130 Time 0.70889
[DDPG] Starting Next Episode
[DDPG] Critic Loss 147.14817810058594
[DDPG] Total Reward -16.33130 Avg Critic Loss 147.14818 Time 2.43090
[DDPG] Resetting Environment
[DDPG] Starting Episode 32
[DDPG] Quadruped Not Upright
[DDPG] Episode 32 Step 0 Reward -16.65224 Time 0.82834
[DDPG] Starting Next Episode
[DDPG] Critic Loss 149.29022216796875
[DDPG] Total Reward -16.65224 Avg Critic Loss 149.29022 Time 1.86029
[DDPG] Resetting Environment
[DDPG] Starting Episode 33
[DDPG] Episode 33 Step 0 Reward -6.71284 Time 0.89205
[DDPG] Episode 33 Step 1 Reward -7.35010 Time 0.81666
[DDPG] Quadruped Not Upright
[DDPG] Episode 33 Step 2 Reward -15.28874 Time 0.68049
[DDPG] Starting Next Episode
[DDPG] Critic Loss 147.8664093017578
[DDPG] Total Reward -29.35169 Avg Critic Loss 147.86641 Time 2.00654
[DDPG] Resetting Environment
[]
[DDPG] Error in Resetting End Training
[DDPG] Starting Episode 34
[DDPG] Episode 34 Step 0 Reward -6.52927 Time 0.97619
[DDPG] Quadruped Not Upright
[DDPG] Episode 34 Step 1 Reward -15.04979 Time 0.93969
[DDPG] Starting Next Episode
[DDPG] Critic Loss 147.61485290527344
[DDPG] Total Reward -21.57906 Avg Critic Loss 147.61485 Time 1.87752
[DDPG] Resetting Environment
[]
[DDPG] Error in Resetting End Training
[DDPG] Starting Episode 35
[DDPG] Episode 35 Step 0 Reward -6.63879 Time 0.79689
[DDPG] Quadruped Not Upright
[DDPG] Episode 35 Step 1 Reward -15.52747 Time 0.70817
[DDPG] Starting Next Episode
[DDPG] Critic Loss 147.6083526611328
[DDPG] Total Reward -22.16626 Avg Critic Loss 147.60835 Time 1.73353
[DDPG] Resetting Environment
[]
[DDPG] Error in Resetting End Training
[DDPG] Starting Episode 36
[DDPG] Episode 36 Step 0 Reward -6.59507 Time 0.95179
[DDPG] Quadruped Not Upright
[DDPG] Episode 36 Step 1 Reward -15.50543 Time 0.96024
[DDPG] Starting Next Episode
[DDPG] Critic Loss 147.5653839111328
[DDPG] Total Reward -22.10050 Avg Critic Loss 147.56538 Time 1.67970
[DDPG] Resetting Environment
[]
[DDPG] Error in Resetting End Training
[DDPG] Starting Episode 37
[DDPG] Episode 37 Step 0 Reward -6.85992 Time 0.89826
[DDPG] Quadruped Not Upright
[DDPG] Episode 37 Step 1 Reward -14.96311 Time 0.96081
[DDPG] Starting Next Episode
[DDPG] Critic Loss 147.42088317871094
[DDPG] Total Reward -21.82303 Avg Critic Loss 147.42088 Time 2.63360
[DDPG] Resetting Environment
[]
[DDPG] Error in Resetting End Training
[DDPG] Starting Episode 38
[DDPG] Episode 38 Step 0 Reward -5.90729 Time 0.95006
[DDPG] Quadruped Not Upright
[DDPG] Episode 38 Step 1 Reward -15.62260 Time 0.93827
[DDPG] Starting Next Episode
[DDPG] Critic Loss 147.39346313476562
[DDPG] Total Reward -21.52990 Avg Critic Loss 147.39346 Time 2.40364
[DDPG] Resetting Environment
[]
[DDPG] Error in Resetting End Training
[DDPG] Starting Episode 39
[DDPG] Quadruped Not Upright
[DDPG] Episode 39 Step 0 Reward -17.33157 Time 0.93490
[DDPG] Starting Next Episode
[DDPG] Critic Loss 149.40213012695312
[DDPG] Total Reward -17.33157 Avg Critic Loss 149.40213 Time 1.67104
[DDPG] Resetting Environment
[DDPG] Starting Episode 40
[DDPG] Quadruped Not Upright
[DDPG] Episode 40 Step 0 Reward -16.36759 Time 0.90329
[DDPG] Starting Next Episode
[DDPG] Critic Loss 150.87356567382812
[DDPG] Total Reward -16.36759 Avg Critic Loss 150.87357 Time 2.66317
[DDPG] Resetting Environment
[DDPG] Starting Episode 41
[DDPG] Episode 41 Step 0 Reward -6.53627 Time 0.91786
[DDPG] Episode 41 Step 1 Reward -6.50183 Time 1.04375
[DDPG] Quadruped Not Upright
[DDPG] Episode 41 Step 2 Reward -15.37018 Time 1.00388
[DDPG] Starting Next Episode
[DDPG] Critic Loss 149.33230590820312
[DDPG] Total Reward -28.40828 Avg Critic Loss 149.33231 Time 2.64057
[DDPG] Resetting Environment
[]
[DDPG] Error in Resetting End Training
[DDPG] Starting Episode 42
[DDPG] Quadruped Not Upright
[DDPG] Episode 42 Step 0 Reward -16.47634 Time 0.78330
[DDPG] Starting Next Episode
[DDPG] Critic Loss 150.7879638671875
[DDPG] Total Reward -16.47634 Avg Critic Loss 150.78796 Time 1.81547
[DDPG] Resetting Environment
[DDPG] Starting Episode 43
[DDPG] Quadruped Not Upright
[DDPG] Episode 43 Step 0 Reward -16.50832 Time 0.96138
[DDPG] Starting Next Episode
[DDPG] Critic Loss 152.30560302734375
[DDPG] Total Reward -16.50832 Avg Critic Loss 152.30560 Time 2.65067
[DDPG] Resetting Environment
[DDPG] Starting Episode 44
[DDPG] Episode 44 Step 0 Reward -6.25768 Time 1.05553
[DDPG] Quadruped Not Upright
[DDPG] Episode 44 Step 1 Reward -15.42324 Time 0.94275
[DDPG] Starting Next Episode
[DDPG] Critic Loss 151.9575653076172
[DDPG] Total Reward -21.68091 Avg Critic Loss 151.95757 Time 2.45553
[DDPG] Resetting Environment
[DDPG] Starting Episode 45
[DDPG] Episode 45 Step 0 Reward -6.31339 Time 0.93855
[DDPG] Episode 45 Step 1 Reward -6.25057 Time 1.20121
[DDPG] Quadruped Not Upright
[DDPG] Episode 45 Step 2 Reward -15.28829 Time 0.92216
[DDPG] Starting Next Episode
[DDPG] Critic Loss 150.4672088623047
[DDPG] Total Reward -27.85225 Avg Critic Loss 150.46721 Time 2.21460
[DDPG] Resetting Environment
[]
[DDPG] Error in Resetting End Training
[DDPG] Starting Episode 46
[DDPG] Episode 46 Step 0 Reward -6.56578 Time 0.90009
[DDPG] Floating Point Error in reward computation
[DDPG] Critic Loss 149.23974609375
[DDPG] Total Reward -6.56578 Avg Critic Loss 149.23975 Time 2.62483
[DDPG] Resetting Environment
[]
[DDPG] Error in Resetting End Training
[DDPG] Starting Episode 47
[DDPG] Episode 47 Step 0 Reward -5.50006 Time 1.03957
[DDPG] Quadruped Not Upright
[DDPG] Episode 47 Step 1 Reward -15.61325 Time 0.95538
[DDPG] Starting Next Episode
[DDPG] Critic Loss 149.00991821289062
[DDPG] Total Reward -21.11331 Avg Critic Loss 149.00992 Time 2.36873
[DDPG] Resetting Environment
[]
[DDPG] Error in Resetting End Training
[DDPG] Starting Episode 48
[DDPG] Quadruped Not Upright
[DDPG] Episode 48 Step 0 Reward -16.33048 Time 1.02634
[DDPG] Starting Next Episode
[DDPG] Critic Loss 150.2978057861328
[DDPG] Total Reward -16.33048 Avg Critic Loss 150.29781 Time 2.90885
[DDPG] Resetting Environment
[]
[DDPG] Error in Resetting End Training
[DDPG] Starting Episode 49
[DDPG] Quadruped Not Upright
[DDPG] Episode 49 Step 0 Reward -16.60204 Time 0.72317
[DDPG] Starting Next Episode
[DDPG] Critic Loss 151.6152801513672
[DDPG] Total Reward -16.60204 Avg Critic Loss 151.61528 Time 1.86692
[DDPG] Resetting Environment
[DDPG] Starting Episode 50
[DDPG] Quadruped Not Upright
[DDPG] Episode 50 Step 0 Reward -15.41900 Time 0.75627
[DDPG] Starting Next Episode
[DDPG] Critic Loss 152.4660186767578
[DDPG] Total Reward -15.41900 Avg Critic Loss 152.46602 Time 2.21189

[DDPG] Saving Model
[DDPG] Resetting Environment
[DDPG] Starting Episode 51
[DDPG] Quadruped Not Upright
[DDPG] Episode 51 Step 0 Reward -16.66502 Time 0.84090
[DDPG] Starting Next Episode
[DDPG] Critic Loss 153.66177368164062
[DDPG] Total Reward -16.66502 Avg Critic Loss 153.66177 Time 2.30612
[DDPG] Resetting Environment
[DDPG] Starting Episode 52
[DDPG] Quadruped Not Upright
[DDPG] Episode 52 Step 0 Reward -16.74022 Time 0.70603
[DDPG] Starting Next Episode
[DDPG] Critic Loss 154.87281799316406
[DDPG] Total Reward -16.74022 Avg Critic Loss 154.87282 Time 1.99632
[DDPG] Resetting Environment
[DDPG] Starting Episode 53
[DDPG] Quadruped Not Upright
[DDPG] Episode 53 Step 0 Reward -16.51674 Time 0.81908
[DDPG] Starting Next Episode
[DDPG] Critic Loss 155.94110107421875
[DDPG] Total Reward -16.51674 Avg Critic Loss 155.94110 Time 2.50547
[DDPG] Resetting Environment
[DDPG] Starting Episode 54
[DDPG] Quadruped Not Upright
[DDPG] Episode 54 Step 0 Reward -16.22963 Time 0.89254
[DDPG] Starting Next Episode
[DDPG] Critic Loss 156.208740234375
[DDPG] Total Reward -16.22963 Avg Critic Loss 156.20874 Time 2.28799
[DDPG] Resetting Environment
[]
[DDPG] Error in Resetting End Training
[DDPG] Starting Episode 55
[DDPG] Quadruped Not Upright
[DDPG] Episode 55 Step 0 Reward -15.62496 Time 0.89936
[DDPG] Starting Next Episode
[DDPG] Critic Loss 152.8829345703125
[DDPG] Total Reward -15.62496 Avg Critic Loss 152.88293 Time 2.81179
[DDPG] Resetting Environment
[DDPG] Starting Episode 56
[DDPG] Episode 56 Step 0 Reward -5.42579 Time 1.10478
[DDPG] Episode 56 Step 1 Reward -4.97015 Time 0.98026
[DDPG] Episode 56 Step 2 Reward -5.01503 Time 1.03523
[DDPG] Episode 56 Step 3 Reward -5.00709 Time 0.84248
[DDPG] Episode 56 Step 4 Reward -5.00588 Time 0.97176
[DDPG] Episode 56 Step 5 Reward -5.00582 Time 0.77215
[DDPG] Episode 56 Step 6 Reward -5.00631 Time 1.01283
[DDPG] Episode 56 Step 7 Reward -5.00721 Time 0.99400
[DDPG] Episode 56 Step 8 Reward -5.00665 Time 1.20164
[DDPG] Episode 56 Step 9 Reward -5.00756 Time 1.06820
[DDPG] Episode 56 Step 10 Reward -5.00370 Time 0.99514
[DDPG] Episode 56 Step 11 Reward -5.00788 Time 1.03272
[DDPG] Episode 56 Step 12 Reward -5.00723 Time 1.05819
[DDPG] Episode 56 Step 13 Reward -5.00702 Time 1.07335
[DDPG] Episode 56 Step 14 Reward -5.00712 Time 1.05049
[DDPG] Episode 56 Step 15 Reward -4.90646 Time 1.18248
[DDPG] Episode 56 Step 16 Reward -5.00931 Time 0.74460
[DDPG] Episode 56 Step 17 Reward -5.00636 Time 0.98166
[DDPG] Episode 56 Step 18 Reward -5.00699 Time 0.96378
[DDPG] Episode 56 Step 19 Reward -5.00739 Time 0.86302
[DDPG] Episode 56 Step 20 Reward -5.00716 Time 0.98289
[DDPG] Episode 56 Step 21 Reward -5.00591 Time 1.01327
[DDPG] Episode 56 Step 22 Reward -5.00777 Time 1.01591
[DDPG] Episode 56 Step 23 Reward -5.00646 Time 0.91388
[DDPG] Episode 56 Step 24 Reward -5.02095 Time 1.09080
[DDPG] Episode 56 Step 25 Reward -5.07372 Time 0.92242
[DDPG] Episode 56 Step 26 Reward -5.00201 Time 1.01531
[DDPG] Episode 56 Step 27 Reward -5.24896 Time 1.06392
[DDPG] Episode 56 Step 28 Reward -5.01484 Time 1.19455
[DDPG] Episode 56 Step 29 Reward -5.00379 Time 1.13177
[DDPG] Episode 56 Step 30 Reward -5.00699 Time 1.20020
[DDPG] Episode 56 Step 31 Reward -5.20666 Time 1.05662
[DDPG] Episode 56 Step 32 Reward -5.00527 Time 1.02043
[DDPG] Episode 56 Step 33 Reward -5.25440 Time 1.19250
[DDPG] Episode 56 Step 34 Reward -5.00933 Time 0.96196
[DDPG] Episode 56 Step 35 Reward -5.00353 Time 1.01502
[DDPG] Episode 56 Step 36 Reward -5.00718 Time 0.90659
[DDPG] Episode 56 Step 37 Reward -5.25427 Time 1.04436
[DDPG] Episode 56 Step 38 Reward -5.02004 Time 0.93563
[DDPG] Episode 56 Step 39 Reward -5.00465 Time 0.99314
[DDPG] Episode 56 Step 40 Reward -5.15747 Time 1.15398
[DDPG] Episode 56 Step 41 Reward -5.00428 Time 0.99117
[DDPG] Episode 56 Step 42 Reward -5.31155 Time 1.14656
[DDPG] Episode 56 Step 43 Reward -5.36832 Time 1.05894
[DDPG] Quadruped Not Upright
[DDPG] Episode 56 Step 44 Reward -15.06054 Time 0.98824
[DDPG] Starting Next Episode
[DDPG] Critic Loss 114.29772186279297
[DDPG] Total Reward -237.49298 Avg Critic Loss 114.29772 Time 2.88267
[DDPG] Resetting Environment
[DDPG] Starting Episode 57
[DDPG] Episode 57 Step 0 Reward -5.27632 Time 0.88660
[DDPG] Episode 57 Step 1 Reward -4.92294 Time 1.16008
[DDPG] Episode 57 Step 2 Reward -5.02045 Time 0.74907
[DDPG] Episode 57 Step 3 Reward -5.00747 Time 1.03280
[DDPG] Episode 57 Step 4 Reward -5.00753 Time 1.03468
[DDPG] Episode 57 Step 5 Reward -5.00785 Time 1.29703
[DDPG] Episode 57 Step 6 Reward -5.00763 Time 0.85131
[DDPG] Episode 57 Step 7 Reward -5.00789 Time 0.97832
[DDPG] Episode 57 Step 8 Reward -5.00832 Time 0.99713
[DDPG] Episode 57 Step 9 Reward -5.00737 Time 1.04265
[DDPG] Episode 57 Step 10 Reward -5.00712 Time 0.92936
[DDPG] Episode 57 Step 11 Reward -5.00780 Time 0.94770
[DDPG] Episode 57 Step 12 Reward -5.00602 Time 0.90124
[DDPG] Episode 57 Step 13 Reward -4.99896 Time 1.00636
[DDPG] Episode 57 Step 14 Reward -5.00630 Time 0.99303
[DDPG] Episode 57 Step 15 Reward -5.00695 Time 1.11435
[DDPG] Episode 57 Step 16 Reward -5.09914 Time 1.11964
[DDPG] Episode 57 Step 17 Reward -5.00445 Time 1.11333
[DDPG] Episode 57 Step 18 Reward -5.00507 Time 1.06471
[DDPG] Episode 57 Step 19 Reward -5.00346 Time 0.96411
[DDPG] Episode 57 Step 20 Reward -4.99991 Time 1.14834
[DDPG] Episode 57 Step 21 Reward -5.00166 Time 0.93677
[DDPG] Episode 57 Step 22 Reward -5.00540 Time 0.99559
[DDPG] Episode 57 Step 23 Reward -5.00405 Time 1.03052
[DDPG] Episode 57 Step 24 Reward -5.00421 Time 0.87431
[DDPG] Episode 57 Step 25 Reward -5.00451 Time 0.95032
[DDPG] Episode 57 Step 26 Reward -5.00389 Time 0.99383
[DDPG] Episode 57 Step 27 Reward -5.26630 Time 1.12938
[DDPG] Episode 57 Step 28 Reward -5.05333 Time 0.96588
[DDPG] Episode 57 Step 29 Reward -5.18263 Time 0.87931
[DDPG] Episode 57 Step 30 Reward -5.39286 Time 0.97057
[DDPG] Quadruped Not Upright
[DDPG] Episode 57 Step 31 Reward -15.81975 Time 0.96930
[DDPG] Starting Next Episode
[DDPG] Critic Loss 99.93255615234375
[DDPG] Total Reward -172.15755 Avg Critic Loss 99.93256 Time 3.39988
[DDPG] Resetting Environment
[DDPG] Starting Episode 58
[DDPG] Episode 58 Step 0 Reward -5.39650 Time 0.93196
[DDPG] Episode 58 Step 1 Reward -4.90660 Time 1.04833
[DDPG] Episode 58 Step 2 Reward -4.98492 Time 1.06588
[DDPG] Episode 58 Step 3 Reward -4.98940 Time 1.00720
[DDPG] Episode 58 Step 4 Reward -4.98089 Time 0.94658
[DDPG] Episode 58 Step 5 Reward -4.99127 Time 1.04816
[DDPG] Episode 58 Step 6 Reward -4.98980 Time 1.14032
[DDPG] Episode 58 Step 7 Reward -4.98794 Time 0.88636
[DDPG] Episode 58 Step 8 Reward -4.98296 Time 0.95683
[DDPG] Episode 58 Step 9 Reward -4.98519 Time 0.92744
[DDPG] Episode 58 Step 10 Reward -4.98723 Time 1.07506
[DDPG] Episode 58 Step 11 Reward -4.98657 Time 0.97060
[DDPG] Episode 58 Step 12 Reward -5.00465 Time 1.03470
[DDPG] Episode 58 Step 13 Reward -4.99040 Time 1.10467
[DDPG] Episode 58 Step 14 Reward -4.98940 Time 0.88284
[DDPG] Episode 58 Step 15 Reward -4.98751 Time 0.97460
[DDPG] Episode 58 Step 16 Reward -4.98461 Time 0.93989
[DDPG] Episode 58 Step 17 Reward -5.15854 Time 1.04435
[DDPG] Episode 58 Step 18 Reward -4.99121 Time 1.06041
[DDPG] Episode 58 Step 19 Reward -4.97630 Time 1.06523
[DDPG] Episode 58 Step 20 Reward -4.98509 Time 1.14486
[DDPG] Episode 58 Step 21 Reward -4.98070 Time 0.94655
[DDPG] Episode 58 Step 22 Reward -4.98239 Time 1.02451
[DDPG] Episode 58 Step 23 Reward -4.98552 Time 1.08017
[DDPG] Episode 58 Step 24 Reward -4.98422 Time 1.04977
[DDPG] Episode 58 Step 25 Reward -4.98639 Time 1.13241
[DDPG] Episode 58 Step 26 Reward -4.97876 Time 1.03372
[DDPG] Episode 58 Step 27 Reward -4.98393 Time 0.95413
[DDPG] Episode 58 Step 28 Reward -5.04724 Time 1.06300
[DDPG] Episode 58 Step 29 Reward -5.59142 Time 1.08596
[DDPG] Quadruped Not Upright
[DDPG] Episode 58 Step 30 Reward -15.18097 Time 0.96200
[DDPG] Starting Next Episode
[DDPG] Critic Loss 89.25435638427734
[DDPG] Total Reward -165.93850 Avg Critic Loss 89.25436 Time 4.42239
[DDPG] Resetting Environment
[DDPG] Starting Episode 59
[DDPG] Episode 59 Step 0 Reward -5.40399 Time 0.96040
[DDPG] Episode 59 Step 1 Reward -4.92001 Time 1.08390
[DDPG] Episode 59 Step 2 Reward -5.01912 Time 0.95491
[DDPG] Episode 59 Step 3 Reward -5.00847 Time 1.07991
[DDPG] Episode 59 Step 4 Reward -5.00812 Time 0.89922
[DDPG] Episode 59 Step 5 Reward -5.00817 Time 0.90718
[DDPG] Episode 59 Step 6 Reward -5.00692 Time 0.95392
[DDPG] Episode 59 Step 7 Reward -5.00828 Time 1.04642
[DDPG] Episode 59 Step 8 Reward -5.00723 Time 1.09021
[DDPG] Episode 59 Step 9 Reward -5.00872 Time 0.98653
[DDPG] Episode 59 Step 10 Reward -5.00801 Time 0.97775
[DDPG] Episode 59 Step 11 Reward -5.00953 Time 1.13352
[DDPG] Episode 59 Step 12 Reward -5.00877 Time 1.17326
[DDPG] Episode 59 Step 13 Reward -5.00730 Time 1.06814
[DDPG] Episode 59 Step 14 Reward -5.00915 Time 1.09017
[DDPG] Episode 59 Step 15 Reward -5.00851 Time 1.25515
[DDPG] Episode 59 Step 16 Reward -5.00980 Time 1.08346
[DDPG] Episode 59 Step 17 Reward -5.00687 Time 1.03730
[DDPG] Episode 59 Step 18 Reward -5.00893 Time 1.16306
[DDPG] Episode 59 Step 19 Reward -5.00808 Time 0.96581
[DDPG] Episode 59 Step 20 Reward -5.09527 Time 0.85562
[DDPG] Episode 59 Step 21 Reward -5.15218 Time 1.08317
[DDPG] Episode 59 Step 22 Reward -5.01711 Time 1.07455
[DDPG] Episode 59 Step 23 Reward -5.00567 Time 1.11104
[DDPG] Episode 59 Step 24 Reward -4.99924 Time 1.19417
[DDPG] Episode 59 Step 25 Reward -5.05763 Time 1.02233
[DDPG] Episode 59 Step 26 Reward -5.08379 Time 1.14473
[DDPG] Episode 59 Step 27 Reward -5.00993 Time 1.18068
[DDPG] Episode 59 Step 28 Reward -5.00745 Time 1.16863
[DDPG] Episode 59 Step 29 Reward -5.12387 Time 1.31954
[DDPG] Episode 59 Step 30 Reward -5.00837 Time 1.28804
[DDPG] Episode 59 Step 31 Reward -4.99827 Time 1.24085
[DDPG] Episode 59 Step 32 Reward -5.00392 Time 1.09428
[DDPG] Episode 59 Step 33 Reward -5.00408 Time 0.94041
[DDPG] Episode 59 Step 34 Reward -5.00375 Time 0.98515
[DDPG] Episode 59 Step 35 Reward -5.00403 Time 0.96244
[DDPG] Episode 59 Step 36 Reward -5.07504 Time 0.83572
[DDPG] Episode 59 Step 37 Reward -5.02192 Time 0.95302
[DDPG] Episode 59 Step 38 Reward -4.99935 Time 1.09279
[DDPG] Episode 59 Step 39 Reward -5.00912 Time 1.03076
[DDPG] Episode 59 Step 40 Reward -5.00225 Time 0.87614
[DDPG] Episode 59 Step 41 Reward -5.09193 Time 0.88889
[DDPG] Episode 59 Step 42 Reward -5.02188 Time 1.29134
[DDPG] Episode 59 Step 43 Reward -5.09285 Time 1.17335
[DDPG] Episode 59 Step 44 Reward -4.97350 Time 1.12621
[DDPG] Episode 59 Step 45 Reward -5.07098 Time 0.89008
[DDPG] Episode 59 Step 46 Reward -4.99846 Time 1.01876
[DDPG] Episode 59 Step 47 Reward -5.00749 Time 1.15451
[DDPG] Episode 59 Step 48 Reward -5.00519 Time 1.05204
[DDPG] Episode 59 Step 49 Reward -5.00282 Time 0.85217
[DDPG] Episode 59 Step 50 Reward -5.00391 Time 0.89728
[DDPG] Episode 59 Step 51 Reward -5.00356 Time 1.06613
[DDPG] Episode 59 Step 52 Reward -5.00356 Time 1.03129
[DDPG] Episode 59 Step 53 Reward -5.00275 Time 1.02955
[DDPG] Episode 59 Step 54 Reward -5.00273 Time 0.98198
[DDPG] Episode 59 Step 55 Reward -5.00391 Time 0.97414
[DDPG] Episode 59 Step 56 Reward -5.00337 Time 1.18803
[DDPG] Episode 59 Step 57 Reward -5.26508 Time 1.01457
[DDPG] Quadruped Not Upright
[DDPG] Episode 59 Step 58 Reward -15.12344 Time 0.84670
[DDPG] Starting Next Episode
[DDPG] Critic Loss 77.65580749511719
[DDPG] Total Reward -306.84359 Avg Critic Loss 77.65581 Time 4.00108
[DDPG] Resetting Environment
[DDPG] Starting Episode 60
[DDPG] Episode 60 Step 0 Reward -5.32804 Time 1.07789
[DDPG] Episode 60 Step 1 Reward -4.90364 Time 1.03020
[DDPG] Episode 60 Step 2 Reward -5.00856 Time 0.91545
[DDPG] Episode 60 Step 3 Reward -4.99679 Time 1.26846
[DDPG] Episode 60 Step 4 Reward -4.99891 Time 0.88671
[DDPG] Episode 60 Step 5 Reward -5.00271 Time 0.94509
[DDPG] Episode 60 Step 6 Reward -4.99752 Time 1.07740
[DDPG] Episode 60 Step 7 Reward -4.99782 Time 1.04551
[DDPG] Episode 60 Step 8 Reward -4.99832 Time 0.95162
[DDPG] Episode 60 Step 9 Reward -4.99486 Time 0.91899
[DDPG] Episode 60 Step 10 Reward -4.99762 Time 0.89925
[DDPG] Episode 60 Step 11 Reward -5.00184 Time 1.21084
[DDPG] Episode 60 Step 12 Reward -4.99946 Time 1.15361
[DDPG] Episode 60 Step 13 Reward -4.99083 Time 1.02488
[DDPG] Episode 60 Step 14 Reward -5.00408 Time 1.12234
[DDPG] Episode 60 Step 15 Reward -4.99927 Time 0.85581
[DDPG] Episode 60 Step 16 Reward -4.99805 Time 0.99373
[DDPG] Episode 60 Step 17 Reward -5.00154 Time 1.27999
[DDPG] Episode 60 Step 18 Reward -5.03653 Time 1.05329
[DDPG] Episode 60 Step 19 Reward -5.07617 Time 1.09400
[DDPG] Episode 60 Step 20 Reward -4.99855 Time 0.91501
[DDPG] Episode 60 Step 21 Reward -4.99688 Time 0.97077
[DDPG] Episode 60 Step 22 Reward -5.20372 Time 1.03789
[DDPG] Episode 60 Step 23 Reward -5.25797 Time 1.02557
[DDPG] Quadruped Not Upright
[DDPG] Episode 60 Step 24 Reward -15.30808 Time 1.05922
[DDPG] Starting Next Episode
[DDPG] Critic Loss 74.97038269042969
[DDPG] Total Reward -136.09777 Avg Critic Loss 74.97038 Time 4.64484
[DDPG] Resetting Environment
[DDPG] Starting Episode 61
[DDPG] Episode 61 Step 0 Reward -5.31322 Time 1.14715
[DDPG] Episode 61 Step 1 Reward -4.98547 Time 1.04268
[DDPG] Episode 61 Step 2 Reward -5.01859 Time 1.07632
[DDPG] Episode 61 Step 3 Reward -5.01268 Time 1.04435
[DDPG] Episode 61 Step 4 Reward -5.00703 Time 0.96588
[DDPG] Episode 61 Step 5 Reward -5.00636 Time 1.08806
[DDPG] Episode 61 Step 6 Reward -5.00708 Time 1.00045
[DDPG] Episode 61 Step 7 Reward -5.00882 Time 0.92248
[DDPG] Episode 61 Step 8 Reward -5.00888 Time 1.12104
[DDPG] Episode 61 Step 9 Reward -5.00765 Time 0.99252
[DDPG] Episode 61 Step 10 Reward -5.01044 Time 0.99781
[DDPG] Episode 61 Step 11 Reward -5.00913 Time 1.05636
[DDPG] Episode 61 Step 12 Reward -5.00849 Time 0.99075
[DDPG] Episode 61 Step 13 Reward -5.00830 Time 0.94737
[DDPG] Episode 61 Step 14 Reward -5.00666 Time 1.01732
[DDPG] Episode 61 Step 15 Reward -5.00712 Time 1.11804
[DDPG] Episode 61 Step 16 Reward -5.00775 Time 1.05110
[DDPG] Episode 61 Step 17 Reward -5.00912 Time 0.92068
[DDPG] Episode 61 Step 18 Reward -5.00789 Time 0.68845
[DDPG] Episode 61 Step 19 Reward -5.00776 Time 0.81159
[DDPG] Episode 61 Step 20 Reward -5.00243 Time 1.07099
[DDPG] Episode 61 Step 21 Reward -5.00660 Time 0.98174
[DDPG] Episode 61 Step 22 Reward -5.00793 Time 1.02199
[DDPG] Episode 61 Step 23 Reward -5.01082 Time 0.87605
[DDPG] Episode 61 Step 24 Reward -5.00784 Time 1.03802
[DDPG] Episode 61 Step 25 Reward -5.00907 Time 1.21136
[DDPG] Episode 61 Step 26 Reward -5.00722 Time 1.02066
[DDPG] Episode 61 Step 27 Reward -5.00765 Time 1.24302
[DDPG] Episode 61 Step 28 Reward -5.00777 Time 0.87018
[DDPG] Episode 61 Step 29 Reward -5.00814 Time 0.98697
[DDPG] Episode 61 Step 30 Reward -5.00575 Time 1.06099
[DDPG] Episode 61 Step 31 Reward -5.33344 Time 0.98678
[DDPG] Episode 61 Step 32 Reward -5.42836 Time 0.97153
[DDPG] Quadruped Not Upright
[DDPG] Episode 61 Step 33 Reward -15.12273 Time 0.66711
[DDPG] Starting Next Episode
[DDPG] Critic Loss 66.4598617553711
[DDPG] Total Reward -181.42419 Avg Critic Loss 66.45986 Time 4.40485
[DDPG] Resetting Environment
[DDPG] Starting Episode 62
[DDPG] Episode 62 Step 0 Reward -5.20102 Time 1.04018
[DDPG] Episode 62 Step 1 Reward -4.92194 Time 1.10639
[DDPG] Episode 62 Step 2 Reward -5.00845 Time 0.86361
[DDPG] Episode 62 Step 3 Reward -4.99958 Time 1.08831
[DDPG] Episode 62 Step 4 Reward -5.00451 Time 0.97265
[DDPG] Episode 62 Step 5 Reward -5.00310 Time 0.96287
[DDPG] Episode 62 Step 6 Reward -4.99440 Time 0.89349
[DDPG] Episode 62 Step 7 Reward -5.00322 Time 0.88158
[DDPG] Episode 62 Step 8 Reward -5.00194 Time 0.88937
[DDPG] Episode 62 Step 9 Reward -4.99608 Time 1.02484
[DDPG] Episode 62 Step 10 Reward -4.99350 Time 1.07643
[DDPG] Episode 62 Step 11 Reward -4.99601 Time 1.06641
[DDPG] Episode 62 Step 12 Reward -5.00137 Time 1.22913
[DDPG] Episode 62 Step 13 Reward -4.99724 Time 1.07739
[DDPG] Episode 62 Step 14 Reward -5.00279 Time 1.05376
[DDPG] Episode 62 Step 15 Reward -4.99537 Time 0.92730
[DDPG] Episode 62 Step 16 Reward -5.08667 Time 0.95885
[DDPG] Episode 62 Step 17 Reward -4.99404 Time 1.01939
[DDPG] Episode 62 Step 18 Reward -4.99760 Time 0.99308
[DDPG] Episode 62 Step 19 Reward -5.00113 Time 0.94178
[DDPG] Episode 62 Step 20 Reward -4.99550 Time 0.94754
[DDPG] Episode 62 Step 21 Reward -4.99898 Time 0.93863
[DDPG] Episode 62 Step 22 Reward -4.99810 Time 0.91610
[DDPG] Episode 62 Step 23 Reward -4.98840 Time 0.89507
[DDPG] Episode 62 Step 24 Reward -4.99045 Time 0.89289
[DDPG] Episode 62 Step 25 Reward -4.99318 Time 1.04752
[DDPG] Episode 62 Step 26 Reward -4.99270 Time 0.91694
[DDPG] Episode 62 Step 27 Reward -4.99946 Time 1.27071
[DDPG] Episode 62 Step 28 Reward -4.99125 Time 1.17145
[DDPG] Episode 62 Step 29 Reward -4.98979 Time 1.02630
[DDPG] Episode 62 Step 30 Reward -4.99279 Time 1.18949
[DDPG] Episode 62 Step 31 Reward -4.99567 Time 0.98903
[DDPG] Episode 62 Step 32 Reward -4.99231 Time 0.96550
[DDPG] Episode 62 Step 33 Reward -5.00047 Time 0.91333
[DDPG] Episode 62 Step 34 Reward -4.98958 Time 1.13667
[DDPG] Episode 62 Step 35 Reward -4.99591 Time 0.66229
[DDPG] Episode 62 Step 36 Reward -4.99576 Time 0.98615
[DDPG] Episode 62 Step 37 Reward -4.99178 Time 0.80057
[DDPG] Episode 62 Step 38 Reward -4.98957 Time 0.99334
[DDPG] Episode 62 Step 39 Reward -4.99269 Time 1.16749
[DDPG] Episode 62 Step 40 Reward -5.13469 Time 0.86571
[DDPG] Episode 62 Step 41 Reward -4.99894 Time 1.19561
[DDPG] Episode 62 Step 42 Reward -5.11472 Time 1.22144
[DDPG] Episode 62 Step 43 Reward -4.99320 Time 1.13867
[DDPG] Episode 62 Step 44 Reward -4.99019 Time 1.05527
[DDPG] Episode 62 Step 45 Reward -4.99702 Time 1.04197
[DDPG] Episode 62 Step 46 Reward -4.99739 Time 1.28236
[DDPG] Episode 62 Step 47 Reward -4.98993 Time 1.14717
[DDPG] Episode 62 Step 48 Reward -5.00724 Time 1.15510
[DDPG] Episode 62 Step 49 Reward -5.00968 Time 1.06201
[DDPG] Episode 62 Step 50 Reward -4.99372 Time 0.98222
[DDPG] Episode 62 Step 51 Reward -4.99598 Time 1.02362
[DDPG] Episode 62 Step 52 Reward -5.15821 Time 0.98199
[DDPG] Episode 62 Step 53 Reward -5.09167 Time 1.04284
[DDPG] Episode 62 Step 54 Reward -5.04298 Time 0.98472
[DDPG] Episode 62 Step 55 Reward -4.99691 Time 0.91529
[DDPG] Episode 62 Step 56 Reward -5.00383 Time 1.10988
[DDPG] Episode 62 Step 57 Reward -4.99697 Time 1.26737
[DDPG] Episode 62 Step 58 Reward -4.99599 Time 1.12709
[DDPG] Episode 62 Step 59 Reward -4.99609 Time 1.08037
[DDPG] Episode 62 Step 60 Reward -5.22936 Time 0.99158
[DDPG] Episode 62 Step 61 Reward -5.24329 Time 1.03639
[DDPG] Episode 62 Step 62 Reward -5.19762 Time 1.14954
[DDPG] Episode 62 Step 63 Reward -4.98968 Time 1.07456
[DDPG] Episode 62 Step 64 Reward -4.99708 Time 0.95626
[DDPG] Episode 62 Step 65 Reward -4.99629 Time 1.01220
[DDPG] Episode 62 Step 66 Reward -4.99292 Time 0.85235
[DDPG] Episode 62 Step 67 Reward -4.99265 Time 0.98070
[DDPG] Episode 62 Step 68 Reward -4.95667 Time 0.84275
[DDPG] Episode 62 Step 69 Reward -4.99075 Time 0.99962
[DDPG] Episode 62 Step 70 Reward -4.99903 Time 0.82806
[DDPG] Episode 62 Step 71 Reward -4.99023 Time 1.29733
[DDPG] Episode 62 Step 72 Reward -5.12856 Time 1.05806
[DDPG] Episode 62 Step 73 Reward -5.06852 Time 0.90650
[DDPG] Episode 62 Step 74 Reward -4.98154 Time 1.09830
[DDPG] Episode 62 Step 75 Reward -4.99577 Time 1.14572
[DDPG] Episode 62 Step 76 Reward -4.99800 Time 1.07837
[DDPG] Episode 62 Step 77 Reward -4.99548 Time 1.22260
[DDPG] Episode 62 Step 78 Reward -4.99269 Time 1.14514
[DDPG] Episode 62 Step 79 Reward -4.99333 Time 1.22109
[DDPG] Episode 62 Step 80 Reward -4.99210 Time 1.28621
[DDPG] Episode 62 Step 81 Reward -4.99232 Time 1.30721
[DDPG] Episode 62 Step 82 Reward -4.96297 Time 1.07242
[DDPG] Episode 62 Step 83 Reward -4.99270 Time 1.01451
[DDPG] Episode 62 Step 84 Reward -4.98160 Time 0.89426
[DDPG] Episode 62 Step 85 Reward -4.99894 Time 1.07491
[DDPG] Episode 62 Step 86 Reward -4.99339 Time 1.08174
[DDPG] Episode 62 Step 87 Reward -4.99538 Time 1.08924
[DDPG] Episode 62 Step 88 Reward -4.99775 Time 0.89720
[DDPG] Episode 62 Step 89 Reward -4.99544 Time 1.06040
[DDPG] Episode 62 Step 90 Reward -4.99197 Time 1.15224
[DDPG] Episode 62 Step 91 Reward -4.99635 Time 0.95899
[DDPG] Episode 62 Step 92 Reward -4.99649 Time 1.01799
[DDPG] Episode 62 Step 93 Reward -4.99073 Time 0.91115
[DDPG] Episode 62 Step 94 Reward -4.99237 Time 0.94514
[DDPG] Episode 62 Step 95 Reward -4.99621 Time 1.02437
[DDPG] Episode 62 Step 96 Reward -5.00839 Time 1.15149
[DDPG] Episode 62 Step 97 Reward -5.06407 Time 0.90928
[DDPG] Episode 62 Step 98 Reward -5.03680 Time 1.15163
[DDPG] Episode 62 Step 99 Reward -4.98673 Time 0.93789
[DDPG] Episode 62 Step 100 Reward -4.99345 Time 1.02525
[DDPG] Episode 62 Step 101 Reward -4.99720 Time 1.07656
[DDPG] Episode 62 Step 102 Reward -4.99211 Time 1.33276
[DDPG] Episode 62 Step 103 Reward -4.97900 Time 1.02919
[DDPG] Episode 62 Step 104 Reward -4.99277 Time 0.87550
[DDPG] Episode 62 Step 105 Reward -4.99842 Time 1.12611
[DDPG] Episode 62 Step 106 Reward -5.27984 Time 1.08776
[DDPG] Episode 62 Step 107 Reward -5.12019 Time 1.07514
[DDPG] Quadruped Not Upright
[DDPG] Episode 62 Step 108 Reward -15.52877 Time 0.95642
[DDPG] Starting Next Episode
[DDPG] Critic Loss 63.083534240722656
[DDPG] Total Reward -557.15354 Avg Critic Loss 63.08353 Time 4.42111
[DDPG] Resetting Environment
[DDPG] Starting Episode 63
[DDPG] Episode 63 Step 0 Reward -5.79784 Time 0.95819
[DDPG] Episode 63 Step 1 Reward -4.89723 Time 0.94084
[DDPG] Quadruped Not Upright
[DDPG] Episode 63 Step 2 Reward -15.10139 Time 0.87093
[DDPG] Starting Next Episode
[DDPG] Critic Loss 62.57078552246094
[DDPG] Total Reward -25.79645 Avg Critic Loss 62.57079 Time 4.27916
[DDPG] Resetting Environment
[DDPG] Starting Episode 64
[DDPG] Quadruped Not Upright
[DDPG] Episode 64 Step 0 Reward -15.70017 Time 1.04481
[DDPG] Starting Next Episode
[DDPG] Critic Loss 63.09636688232422
[DDPG] Total Reward -15.70017 Avg Critic Loss 63.09637 Time 3.95447
[DDPG] Resetting Environment
[DDPG] Starting Episode 65
[DDPG] Episode 65 Step 0 Reward -5.87515 Time 0.98212
[DDPG] Episode 65 Step 1 Reward -4.93269 Time 1.09967
[DDPG] Episode 65 Step 2 Reward -5.73955 Time 0.99606
[DDPG] Episode 65 Step 3 Reward -5.10930 Time 0.95094
[DDPG] Episode 65 Step 4 Reward -5.18786 Time 1.09798
[DDPG] Episode 65 Step 5 Reward -5.11280 Time 0.98099
[DDPG] Episode 65 Step 6 Reward -5.27566 Time 0.77231
[DDPG] Episode 65 Step 7 Reward -5.14320 Time 0.93330
[DDPG] Episode 65 Step 8 Reward -5.13381 Time 0.96181
[DDPG] Episode 65 Step 9 Reward -5.64450 Time 0.87310
[DDPG] Episode 65 Step 10 Reward -5.11613 Time 0.96260
[DDPG] Floating Point Error in reward computation
[DDPG] Critic Loss 63.60407257080078
[DDPG] Total Reward -58.27066 Avg Critic Loss 63.60407 Time 3.43707
[DDPG] Resetting Environment
[DDPG] Starting Episode 66
[DDPG] Quadruped Not Upright
[DDPG] Episode 66 Step 0 Reward -15.77999 Time 0.86957
[DDPG] Starting Next Episode
[DDPG] Critic Loss 57.21365737915039
[DDPG] Total Reward -15.77999 Avg Critic Loss 57.21366 Time 3.98340
[DDPG] Resetting Environment
[DDPG] Starting Episode 67
[DDPG] Episode 67 Step 0 Reward -5.94831 Time 1.25160
[DDPG] Episode 67 Step 1 Reward -4.92508 Time 0.95023
[DDPG] Episode 67 Step 2 Reward -5.33737 Time 0.89917
[DDPG] Episode 67 Step 3 Reward -5.05182 Time 1.06422
[DDPG] Episode 67 Step 4 Reward -5.17282 Time 1.04140
[DDPG] Episode 67 Step 5 Reward -5.34627 Time 0.91062
[DDPG] Episode 67 Step 6 Reward -5.15135 Time 0.93811
[DDPG] Episode 67 Step 7 Reward -5.62963 Time 0.97916
[DDPG] Quadruped Not Upright
[DDPG] Episode 67 Step 8 Reward -15.09516 Time 1.00118
[DDPG] Starting Next Episode
[DDPG] Critic Loss 60.678802490234375
[DDPG] Total Reward -57.65781 Avg Critic Loss 60.67880 Time 4.50331
[DDPG] Resetting Environment
[DDPG] Starting Episode 68
[DDPG] Quadruped Not Upright
[DDPG] Episode 68 Step 0 Reward -15.71033 Time 0.86613
[DDPG] Starting Next Episode
[DDPG] Critic Loss 57.56626892089844
[DDPG] Total Reward -15.71033 Avg Critic Loss 57.56627 Time 4.35562
[DDPG] Resetting Environment
[DDPG] Starting Episode 69
[DDPG] Quadruped Not Upright
[DDPG] Episode 69 Step 0 Reward -15.69602 Time 0.92620
[DDPG] Starting Next Episode
[DDPG] Critic Loss 62.689456939697266
[DDPG] Total Reward -15.69602 Avg Critic Loss 62.68946 Time 3.67093
[DDPG] Resetting Environment
[DDPG] Starting Episode 70
[DDPG] Episode 70 Step 0 Reward -5.56569 Time 1.05359
[DDPG] Episode 70 Step 1 Reward -5.44082 Time 1.03985
[DDPG] Episode 70 Step 2 Reward -5.22553 Time 0.87892
[DDPG] Episode 70 Step 3 Reward -5.26979 Time 0.94519
[DDPG] Episode 70 Step 4 Reward -5.32320 Time 0.93828
[DDPG] Quadruped Not Upright
[DDPG] Episode 70 Step 5 Reward -15.19976 Time 1.14853
[DDPG] Starting Next Episode
[DDPG] Critic Loss 65.94164276123047
[DDPG] Total Reward -42.02480 Avg Critic Loss 65.94164 Time 4.14968
[DDPG] Resetting Environment
[DDPG] Starting Episode 71
[DDPG] Quadruped Not Upright
[DDPG] Episode 71 Step 0 Reward -15.73314 Time 0.97024
[DDPG] Starting Next Episode
[DDPG] Critic Loss 61.89909362792969
[DDPG] Total Reward -15.73314 Avg Critic Loss 61.89909 Time 4.07300
[DDPG] Resetting Environment
[DDPG] Starting Episode 72
[DDPG] Episode 72 Step 0 Reward -5.51693 Time 0.95210
[DDPG] Episode 72 Step 1 Reward -4.89672 Time 0.90132
[DDPG] Episode 72 Step 2 Reward -5.33231 Time 0.94949
[DDPG] Episode 72 Step 3 Reward -5.23427 Time 0.97104
[DDPG] Episode 72 Step 4 Reward -5.05402 Time 0.92500
[DDPG] Episode 72 Step 5 Reward -5.07401 Time 1.01935
[DDPG] Episode 72 Step 6 Reward -5.46042 Time 1.08379
[DDPG] Episode 72 Step 7 Reward -5.12533 Time 0.90759
[DDPG] Floating Point Error in reward computation
[DDPG] Critic Loss 58.882408142089844
[DDPG] Total Reward -41.69401 Avg Critic Loss 58.88241 Time 4.63911
[DDPG] Resetting Environment
[DDPG] Starting Episode 73
[DDPG] Episode 73 Step 0 Reward -5.97474 Time 1.13052
[DDPG] Episode 73 Step 1 Reward -5.35680 Time 0.96634
[DDPG] Episode 73 Step 2 Reward -5.16498 Time 0.99519
[DDPG] Episode 73 Step 3 Reward -5.32070 Time 0.95165
[DDPG] Episode 73 Step 4 Reward -5.19448 Time 0.98483
[DDPG] Episode 73 Step 5 Reward -5.00036 Time 0.82626
[DDPG] Episode 73 Step 6 Reward -5.54551 Time 1.20580
[DDPG] Episode 73 Step 7 Reward -5.15540 Time 0.79646
[DDPG] Floating Point Error in reward computation
[DDPG] Critic Loss 57.62519454956055
[DDPG] Total Reward -42.71297 Avg Critic Loss 57.62519 Time 3.79623
[DDPG] Resetting Environment
[DDPG] Starting Episode 74
[DDPG] Episode 74 Step 0 Reward -5.75892 Time 0.98182
[DDPG] Quadruped Not Upright
[DDPG] Episode 74 Step 1 Reward -15.05195 Time 0.98417
[DDPG] Starting Next Episode
[DDPG] Critic Loss 56.38145446777344
[DDPG] Total Reward -20.81088 Avg Critic Loss 56.38145 Time 3.90343
[DDPG] Resetting Environment
[DDPG] Starting Episode 75
[DDPG] Episode 75 Step 0 Reward -5.74528 Time 0.85389
[DDPG] Quadruped Not Upright
[DDPG] Episode 75 Step 1 Reward -15.08680 Time 0.91713
[DDPG] Starting Next Episode
[DDPG] Critic Loss 57.947532653808594
[DDPG] Total Reward -20.83208 Avg Critic Loss 57.94753 Time 4.00297

[DDPG] Saving Model
[DDPG] Resetting Environment
[DDPG] Starting Episode 76
[DDPG] Episode 76 Step 0 Reward -5.17291 Time 0.88943
[DDPG] Episode 76 Step 1 Reward -5.17270 Time 0.87251
[DDPG] Episode 76 Step 2 Reward -5.06467 Time 0.77314
[DDPG] Episode 76 Step 3 Reward -5.06858 Time 0.96483
[DDPG] Episode 76 Step 4 Reward -5.15845 Time 0.85810
[DDPG] Episode 76 Step 5 Reward -5.12086 Time 1.01451
[DDPG] Episode 76 Step 6 Reward -5.49080 Time 1.05865
[DDPG] Quadruped Not Upright
[DDPG] Episode 76 Step 7 Reward -15.13752 Time 0.98733
[DDPG] Starting Next Episode
[DDPG] Critic Loss 56.57829666137695
[DDPG] Total Reward -51.38648 Avg Critic Loss 56.57830 Time 4.39770
[DDPG] Resetting Environment
[DDPG] Starting Episode 77
[DDPG] Quadruped Not Upright
[DDPG] Episode 77 Step 0 Reward -15.80549 Time 0.94317
[DDPG] Starting Next Episode
[DDPG] Critic Loss 56.079795837402344
[DDPG] Total Reward -15.80549 Avg Critic Loss 56.07980 Time 3.74174
[DDPG] Resetting Environment
[DDPG] Starting Episode 78
[DDPG] Episode 78 Step 0 Reward -5.79048 Time 0.94161
[DDPG] Episode 78 Step 1 Reward -4.95022 Time 0.87223
[DDPG] Episode 78 Step 2 Reward -5.30945 Time 0.92996
[DDPG] Episode 78 Step 3 Reward -5.26128 Time 0.92138
[DDPG] Episode 78 Step 4 Reward -5.10217 Time 1.07408
[DDPG] Episode 78 Step 5 Reward -5.11250 Time 0.99659
[DDPG] Episode 78 Step 6 Reward -5.32891 Time 1.04883
[DDPG] Quadruped Not Upright
[DDPG] Episode 78 Step 7 Reward -15.11434 Time 0.85196
[DDPG] Starting Next Episode
[DDPG] Critic Loss 59.66484832763672
[DDPG] Total Reward -51.96935 Avg Critic Loss 59.66485 Time 3.89150
[DDPG] Resetting Environment
[DDPG] Starting Episode 79
[DDPG] Quadruped Not Upright
[DDPG] Episode 79 Step 0 Reward -15.74793 Time 0.99089
[DDPG] Starting Next Episode
[DDPG] Critic Loss 56.49701690673828
[DDPG] Total Reward -15.74793 Avg Critic Loss 56.49702 Time 3.22167
[DDPG] Resetting Environment
[DDPG] Starting Episode 80
[DDPG] Episode 80 Step 0 Reward -5.72955 Time 0.83343
[DDPG] Episode 80 Step 1 Reward -5.01135 Time 0.95051
[DDPG] Quadruped Not Upright
[DDPG] Episode 80 Step 2 Reward -15.41955 Time 1.05275
[DDPG] Starting Next Episode
[DDPG] Critic Loss 50.353614807128906
[DDPG] Total Reward -26.16044 Avg Critic Loss 50.35361 Time 4.26380
[DDPG] Resetting Environment
[DDPG] Starting Episode 81
[DDPG] Quadruped Not Upright
[DDPG] Episode 81 Step 0 Reward -15.71352 Time 0.89398
[DDPG] Starting Next Episode
[DDPG] Critic Loss 55.34767532348633
[DDPG] Total Reward -15.71352 Avg Critic Loss 55.34768 Time 3.94401
[DDPG] Resetting Environment
[DDPG] Starting Episode 82
[DDPG] Quadruped Not Upright
[DDPG] Episode 82 Step 0 Reward -15.64327 Time 0.91039
[DDPG] Starting Next Episode
[DDPG] Critic Loss 54.300086975097656
[DDPG] Total Reward -15.64327 Avg Critic Loss 54.30009 Time 3.59948
[DDPG] Resetting Environment
[DDPG] Starting Episode 83
[DDPG] Episode 83 Step 0 Reward -5.19940 Time 0.97458
[DDPG] Episode 83 Step 1 Reward -5.52217 Time 1.14782
[DDPG] Episode 83 Step 2 Reward -5.86091 Time 1.01878
[DDPG] Episode 83 Step 3 Reward -5.10077 Time 0.84437
[DDPG] Episode 83 Step 4 Reward -5.05726 Time 1.21642
[DDPG] Episode 83 Step 5 Reward -5.12471 Time 0.83464
[DDPG] Episode 83 Step 6 Reward -5.39773 Time 0.92111
[DDPG] Quadruped Not Upright
[DDPG] Episode 83 Step 7 Reward -15.16483 Time 0.93581
[DDPG] Starting Next Episode
[DDPG] Critic Loss 57.343597412109375
[DDPG] Total Reward -52.42778 Avg Critic Loss 57.34360 Time 4.37925
[DDPG] Resetting Environment
[DDPG] Starting Episode 84
[DDPG] Episode 84 Step 0 Reward -5.28792 Time 0.90831
[DDPG] Episode 84 Step 1 Reward -5.05742 Time 0.89090
[DDPG] Episode 84 Step 2 Reward -4.81821 Time 1.02643
[DDPG] Quadruped Not Upright
[DDPG] Episode 84 Step 3 Reward -15.44191 Time 0.97463
[DDPG] Starting Next Episode
[DDPG] Critic Loss 50.88666534423828
[DDPG] Total Reward -30.60546 Avg Critic Loss 50.88667 Time 4.78014
[DDPG] Resetting Environment
[DDPG] Starting Episode 85
[DDPG] Quadruped Not Upright
[DDPG] Episode 85 Step 0 Reward -15.73149 Time 1.10150
[DDPG] Starting Next Episode
[DDPG] Critic Loss 52.672061920166016
[DDPG] Total Reward -15.73149 Avg Critic Loss 52.67206 Time 4.02441
[DDPG] Resetting Environment
[DDPG] Starting Episode 86
[DDPG] Episode 86 Step 0 Reward -5.93250 Time 1.06913
[DDPG] Episode 86 Step 1 Reward -4.93805 Time 0.98919
[DDPG] Episode 86 Step 2 Reward -5.51094 Time 1.07648
[DDPG] Episode 86 Step 3 Reward -5.17282 Time 0.94596
[DDPG] Episode 86 Step 4 Reward -5.06914 Time 0.92378
[DDPG] Quadruped Not Upright
[DDPG] Episode 86 Step 5 Reward -15.57853 Time 1.01309
[DDPG] Starting Next Episode
[DDPG] Critic Loss 64.49909973144531
[DDPG] Total Reward -42.20197 Avg Critic Loss 64.49910 Time 3.85006
[DDPG] Resetting Environment
[DDPG] Starting Episode 87
[DDPG] Episode 87 Step 0 Reward -6.05283 Time 1.08480
[DDPG] Episode 87 Step 1 Reward -5.08707 Time 0.85702
[DDPG] Episode 87 Step 2 Reward -5.75493 Time 1.09937
[DDPG] Episode 87 Step 3 Reward -5.14357 Time 1.03525
[DDPG] Episode 87 Step 4 Reward -5.13906 Time 0.88277
[DDPG] Episode 87 Step 5 Reward -5.31977 Time 1.04399
[DDPG] Episode 87 Step 6 Reward -5.69397 Time 0.90602
[DDPG] Quadruped Not Upright
[DDPG] Episode 87 Step 7 Reward -15.34974 Time 0.86772
[DDPG] Starting Next Episode
[DDPG] Critic Loss 63.334075927734375
[DDPG] Total Reward -53.54092 Avg Critic Loss 63.33408 Time 4.15573
[DDPG] Resetting Environment
[DDPG] Starting Episode 88
[DDPG] Quadruped Not Upright
[DDPG] Episode 88 Step 0 Reward -15.75846 Time 0.84429
[DDPG] Starting Next Episode
[DDPG] Critic Loss 51.36814880371094
[DDPG] Total Reward -15.75846 Avg Critic Loss 51.36815 Time 3.59040
[DDPG] Resetting Environment
[DDPG] Starting Episode 89
[DDPG] Quadruped Not Upright
[DDPG] Episode 89 Step 0 Reward -15.66964 Time 0.95446
[DDPG] Starting Next Episode
[DDPG] Critic Loss 64.34727478027344
[DDPG] Total Reward -15.66964 Avg Critic Loss 64.34727 Time 4.15484
[DDPG] Resetting Environment
[DDPG] Starting Episode 90
[DDPG] Episode 90 Step 0 Reward -5.87064 Time 1.18790
[DDPG] Episode 90 Step 1 Reward -4.95168 Time 0.85812
[DDPG] Episode 90 Step 2 Reward -6.27607 Time 0.99471
[DDPG] Quadruped Not Upright
[DDPG] Episode 90 Step 3 Reward -15.38128 Time 0.75543
[DDPG] Starting Next Episode
[DDPG] Critic Loss 59.00596237182617
[DDPG] Total Reward -32.47968 Avg Critic Loss 59.00596 Time 4.01877
[DDPG] Resetting Environment
[DDPG] Starting Episode 91
[DDPG] Episode 91 Step 0 Reward -5.73739 Time 0.86727
[DDPG] Episode 91 Step 1 Reward -4.85635 Time 1.05520
[DDPG] Episode 91 Step 2 Reward -5.19642 Time 0.77041
[DDPG] Episode 91 Step 3 Reward -5.36749 Time 0.96952
[DDPG] Quadruped Not Upright
[DDPG] Episode 91 Step 4 Reward -15.82041 Time 0.94889
[DDPG] Starting Next Episode
[DDPG] Critic Loss 59.385498046875
[DDPG] Total Reward -36.97806 Avg Critic Loss 59.38550 Time 3.95403
[DDPG] Resetting Environment
[DDPG] Starting Episode 92
[DDPG] Quadruped Not Upright
[DDPG] Episode 92 Step 0 Reward -15.53390 Time 0.87419
[DDPG] Starting Next Episode
[DDPG] Critic Loss 64.15667724609375
[DDPG] Total Reward -15.53390 Avg Critic Loss 64.15668 Time 4.37338
[DDPG] Resetting Environment
[DDPG] Starting Episode 93
[DDPG] Episode 93 Step 0 Reward -5.84917 Time 1.07170
[DDPG] Episode 93 Step 1 Reward -5.30429 Time 0.69345
[DDPG] Episode 93 Step 2 Reward -5.09274 Time 0.74997
[DDPG] Episode 93 Step 3 Reward -5.06038 Time 0.82754
[DDPG] Episode 93 Step 4 Reward -5.46655 Time 0.90315
[DDPG] Episode 93 Step 5 Reward -5.14999 Time 1.14709
[DDPG] Episode 93 Step 6 Reward -5.42871 Time 1.07469
[DDPG] Episode 93 Step 7 Reward -5.26711 Time 0.78853
[DDPG] Floating Point Error in reward computation
[DDPG] Critic Loss 62.65321731567383
[DDPG] Total Reward -42.61894 Avg Critic Loss 62.65322 Time 3.81064
[DDPG] Resetting Environment
[DDPG] Starting Episode 94
[DDPG] Quadruped Not Upright
[DDPG] Episode 94 Step 0 Reward -15.61731 Time 1.02942
[DDPG] Starting Next Episode
[DDPG] Critic Loss 57.43046951293945
[DDPG] Total Reward -15.61731 Avg Critic Loss 57.43047 Time 3.35132
[DDPG] Resetting Environment
[DDPG] Starting Episode 95
[DDPG] Quadruped Not Upright
[DDPG] Episode 95 Step 0 Reward -15.44589 Time 0.85311
[DDPG] Starting Next Episode
[DDPG] Critic Loss 60.920101165771484
[DDPG] Total Reward -15.44589 Avg Critic Loss 60.92010 Time 3.97860
[DDPG] Resetting Environment
[DDPG] Starting Episode 96
[DDPG] Episode 96 Step 0 Reward -5.88082 Time 0.93650
[DDPG] Episode 96 Step 1 Reward -4.94459 Time 1.01381
[DDPG] Episode 96 Step 2 Reward -5.21553 Time 0.99092
[DDPG] Episode 96 Step 3 Reward -5.29885 Time 1.04887
[DDPG] Episode 96 Step 4 Reward -5.38264 Time 0.89723
[DDPG] Episode 96 Step 5 Reward -5.16770 Time 1.19082
[DDPG] Episode 96 Step 6 Reward -5.54895 Time 1.12447
[DDPG] Episode 96 Step 7 Reward -5.07657 Time 0.78585
