xacro: in-order processing became default in ROS Melodic. You can drop the option.
... logging to /home/ubuntu/.ros/log/93f1834a-9acf-11eb-9c3d-811c38a477a5/roslaunch-ip-172-31-36-108-886358.log
Checking log directory for disk usage. This may take a while.
Press Ctrl-C to interrupt
Done checking log file disk usage. Usage is <1GB.
]2;/home/ubuntu/CPGController/src/simulations/ws/src/quadruped/launch/quadruped_control.launch
[1mstarted roslaunch server http://ip-172-31-36-108:33177/[0m

SUMMARY
========

PARAMETERS
 * /gazebo/enable_ros_network: True
 * /joint_state_publisher/source_list: ['quadruped/joint...
 * /move_group/allow_trajectory_execution: False
 * /move_group/back_left_leg/default_planner_config: SBL
 * /move_group/back_left_leg/longest_valid_segment_fraction: 0.005
 * /move_group/back_left_leg/planner_configs: ['AnytimePathShor...
 * /move_group/back_left_leg/projection_evaluator: joints(back_left_...
 * /move_group/back_right_leg/default_planner_config: SBL
 * /move_group/back_right_leg/longest_valid_segment_fraction: 0.005
 * /move_group/back_right_leg/planner_configs: ['AnytimePathShor...
 * /move_group/back_right_leg/projection_evaluator: joints(back_right...
 * /move_group/base/default_planner_config: SBL
 * /move_group/base/planner_configs: ['AnytimePathShor...
 * /move_group/capabilities: 
 * /move_group/disable_capabilities: 
 * /move_group/front_left_leg/default_planner_config: SBL
 * /move_group/front_left_leg/longest_valid_segment_fraction: 0.005
 * /move_group/front_left_leg/planner_configs: ['AnytimePathShor...
 * /move_group/front_left_leg/projection_evaluator: joints(front_left...
 * /move_group/front_right_leg/default_planner_config: SBL
 * /move_group/front_right_leg/longest_valid_segment_fraction: 0.005
 * /move_group/front_right_leg/planner_configs: ['AnytimePathShor...
 * /move_group/front_right_leg/projection_evaluator: joints(front_righ...
 * /move_group/jiggle_fraction: 0.05
 * /move_group/max_safe_path_cost: 1
 * /move_group/planner_configs/AnytimePathShortening/hybridize: True
 * /move_group/planner_configs/AnytimePathShortening/max_hybrid_paths: 24
 * /move_group/planner_configs/AnytimePathShortening/num_planners: 4
 * /move_group/planner_configs/AnytimePathShortening/planners: 
 * /move_group/planner_configs/AnytimePathShortening/shortcut: True
 * /move_group/planner_configs/AnytimePathShortening/type: geometric::Anytim...
 * /move_group/planner_configs/BFMT/balanced: 0
 * /move_group/planner_configs/BFMT/cache_cc: 1
 * /move_group/planner_configs/BFMT/extended_fmt: 1
 * /move_group/planner_configs/BFMT/heuristics: 1
 * /move_group/planner_configs/BFMT/nearest_k: 1
 * /move_group/planner_configs/BFMT/num_samples: 1000
 * /move_group/planner_configs/BFMT/optimality: 1
 * /move_group/planner_configs/BFMT/radius_multiplier: 1.0
 * /move_group/planner_configs/BFMT/type: geometric::BFMT
 * /move_group/planner_configs/BKPIECE/border_fraction: 0.9
 * /move_group/planner_configs/BKPIECE/failed_expansion_score_factor: 0.5
 * /move_group/planner_configs/BKPIECE/min_valid_path_fraction: 0.5
 * /move_group/planner_configs/BKPIECE/range: 0.0
 * /move_group/planner_configs/BKPIECE/type: geometric::BKPIECE
 * /move_group/planner_configs/BiEST/range: 0.0
 * /move_group/planner_configs/BiEST/type: geometric::BiEST
 * /move_group/planner_configs/BiTRRT/cost_threshold: 1e300
 * /move_group/planner_configs/BiTRRT/frountier_node_ratio: 0.1
 * /move_group/planner_configs/BiTRRT/frountier_threshold: 0.0
 * /move_group/planner_configs/BiTRRT/init_temperature: 100
 * /move_group/planner_configs/BiTRRT/range: 0.0
 * /move_group/planner_configs/BiTRRT/temp_change_factor: 0.1
 * /move_group/planner_configs/BiTRRT/type: geometric::BiTRRT
 * /move_group/planner_configs/EST/goal_bias: 0.05
 * /move_group/planner_configs/EST/range: 0.0
 * /move_group/planner_configs/EST/type: geometric::EST
 * /move_group/planner_configs/FMT/cache_cc: 1
 * /move_group/planner_configs/FMT/extended_fmt: 1
 * /move_group/planner_configs/FMT/heuristics: 0
 * /move_group/planner_configs/FMT/nearest_k: 1
 * /move_group/planner_configs/FMT/num_samples: 1000
 * /move_group/planner_configs/FMT/radius_multiplier: 1.1
 * /move_group/planner_configs/FMT/type: geometric::FMT
 * /move_group/planner_configs/KPIECE/border_fraction: 0.9
 * /move_group/planner_configs/KPIECE/failed_expansion_score_factor: 0.5
 * /move_group/planner_configs/KPIECE/goal_bias: 0.05
 * /move_group/planner_configs/KPIECE/min_valid_path_fraction: 0.5
 * /move_group/planner_configs/KPIECE/range: 0.0
 * /move_group/planner_configs/KPIECE/type: geometric::KPIECE
 * /move_group/planner_configs/LBKPIECE/border_fraction: 0.9
 * /move_group/planner_configs/LBKPIECE/min_valid_path_fraction: 0.5
 * /move_group/planner_configs/LBKPIECE/range: 0.0
 * /move_group/planner_configs/LBKPIECE/type: geometric::LBKPIECE
 * /move_group/planner_configs/LBTRRT/epsilon: 0.4
 * /move_group/planner_configs/LBTRRT/goal_bias: 0.05
 * /move_group/planner_configs/LBTRRT/range: 0.0
 * /move_group/planner_configs/LBTRRT/type: geometric::LBTRRT
 * /move_group/planner_configs/LazyPRM/range: 0.0
 * /move_group/planner_configs/LazyPRM/type: geometric::LazyPRM
 * /move_group/planner_configs/LazyPRMstar/type: geometric::LazyPR...
 * /move_group/planner_configs/PDST/type: geometric::PDST
 * /move_group/planner_configs/PRM/max_nearest_neighbors: 10
 * /move_group/planner_configs/PRM/type: geometric::PRM
 * /move_group/planner_configs/PRMstar/type: geometric::PRMstar
 * /move_group/planner_configs/ProjEST/goal_bias: 0.05
 * /move_group/planner_configs/ProjEST/range: 0.0
 * /move_group/planner_configs/ProjEST/type: geometric::ProjEST
 * /move_group/planner_configs/RRT/goal_bias: 0.05
 * /move_group/planner_configs/RRT/range: 0.0
 * /move_group/planner_configs/RRT/type: geometric::RRT
 * /move_group/planner_configs/RRTConnect/range: 0.0
 * /move_group/planner_configs/RRTConnect/type: geometric::RRTCon...
 * /move_group/planner_configs/RRTstar/delay_collision_checking: 1
 * /move_group/planner_configs/RRTstar/goal_bias: 0.05
 * /move_group/planner_configs/RRTstar/range: 0.0
 * /move_group/planner_configs/RRTstar/type: geometric::RRTstar
 * /move_group/planner_configs/SBL/range: 0.0
 * /move_group/planner_configs/SBL/type: geometric::SBL
 * /move_group/planner_configs/SPARS/dense_delta_fraction: 0.001
 * /move_group/planner_configs/SPARS/max_failures: 1000
 * /move_group/planner_configs/SPARS/sparse_delta_fraction: 0.25
 * /move_group/planner_configs/SPARS/stretch_factor: 3.0
 * /move_group/planner_configs/SPARS/type: geometric::SPARS
 * /move_group/planner_configs/SPARStwo/dense_delta_fraction: 0.001
 * /move_group/planner_configs/SPARStwo/max_failures: 5000
 * /move_group/planner_configs/SPARStwo/sparse_delta_fraction: 0.25
 * /move_group/planner_configs/SPARStwo/stretch_factor: 3.0
 * /move_group/planner_configs/SPARStwo/type: geometric::SPARStwo
 * /move_group/planner_configs/STRIDE/degree: 16
 * /move_group/planner_configs/STRIDE/estimated_dimension: 0.0
 * /move_group/planner_configs/STRIDE/goal_bias: 0.05
 * /move_group/planner_configs/STRIDE/max_degree: 18
 * /move_group/planner_configs/STRIDE/max_pts_per_leaf: 6
 * /move_group/planner_configs/STRIDE/min_degree: 12
 * /move_group/planner_configs/STRIDE/min_valid_path_fraction: 0.2
 * /move_group/planner_configs/STRIDE/range: 0.0
 * /move_group/planner_configs/STRIDE/type: geometric::STRIDE
 * /move_group/planner_configs/STRIDE/use_projected_distance: 0
 * /move_group/planner_configs/TRRT/frountierNodeRatio: 0.1
 * /move_group/planner_configs/TRRT/frountier_threshold: 0.0
 * /move_group/planner_configs/TRRT/goal_bias: 0.05
 * /move_group/planner_configs/TRRT/init_temperature: 10e-6
 * /move_group/planner_configs/TRRT/k_constant: 0.0
 * /move_group/planner_configs/TRRT/max_states_failed: 10
 * /move_group/planner_configs/TRRT/min_temperature: 10e-10
 * /move_group/planner_configs/TRRT/range: 0.0
 * /move_group/planner_configs/TRRT/temp_change_factor: 2.0
 * /move_group/planner_configs/TRRT/type: geometric::TRRT
 * /move_group/planning_plugin: ompl_interface/OM...
 * /move_group/planning_scene_monitor/publish_geometry_updates: True
 * /move_group/planning_scene_monitor/publish_planning_scene: True
 * /move_group/planning_scene_monitor/publish_state_updates: True
 * /move_group/planning_scene_monitor/publish_transforms_updates: True
 * /move_group/request_adapters: default_planner_r...
 * /move_group/start_state_max_bounds_error: 0.1
 * /quadruped/back_left_leg_controller/joints: ['back_left_leg1_...
 * /quadruped/back_left_leg_controller/type: position_controll...
 * /quadruped/back_right_leg_controller/joints: ['back_right_leg1...
 * /quadruped/back_right_leg_controller/type: position_controll...
 * /quadruped/front_left_leg_controller/joints: ['front_left_leg1...
 * /quadruped/front_left_leg_controller/type: position_controll...
 * /quadruped/front_right_leg_controller/joints: ['front_right_leg...
 * /quadruped/front_right_leg_controller/type: position_controll...
 * /quadruped/gazebo_ros_control/pid_gains/back_left_leg1_joint/d: 5
 * /quadruped/gazebo_ros_control/pid_gains/back_left_leg1_joint/i: 0.01
 * /quadruped/gazebo_ros_control/pid_gains/back_left_leg1_joint/p: 300
 * /quadruped/gazebo_ros_control/pid_gains/back_left_leg2_joint/d: 5
 * /quadruped/gazebo_ros_control/pid_gains/back_left_leg2_joint/i: 0.01
 * /quadruped/gazebo_ros_control/pid_gains/back_left_leg2_joint/p: 300
 * /quadruped/gazebo_ros_control/pid_gains/back_left_leg3_joint/d: 5
 * /quadruped/gazebo_ros_control/pid_gains/back_left_leg3_joint/i: 0.01
 * /quadruped/gazebo_ros_control/pid_gains/back_left_leg3_joint/p: 300
 * /quadruped/gazebo_ros_control/pid_gains/back_right_leg1_joint/d: 5
 * /quadruped/gazebo_ros_control/pid_gains/back_right_leg1_joint/i: 0.01
 * /quadruped/gazebo_ros_control/pid_gains/back_right_leg1_joint/p: 300
 * /quadruped/gazebo_ros_control/pid_gains/back_right_leg2_joint/d: 5
 * /quadruped/gazebo_ros_control/pid_gains/back_right_leg2_joint/i: 0.01
 * /quadruped/gazebo_ros_control/pid_gains/back_right_leg2_joint/p: 300
 * /quadruped/gazebo_ros_control/pid_gains/back_right_leg3_joint/d: 5
 * /quadruped/gazebo_ros_control/pid_gains/back_right_leg3_joint/i: 0.01
 * /quadruped/gazebo_ros_control/pid_gains/back_right_leg3_joint/p: 300
 * /quadruped/gazebo_ros_control/pid_gains/front_left_leg1_joint/d: 5
 * /quadruped/gazebo_ros_control/pid_gains/front_left_leg1_joint/i: 0.01
 * /quadruped/gazebo_ros_control/pid_gains/front_left_leg1_joint/p: 300
 * /quadruped/gazebo_ros_control/pid_gains/front_left_leg2_joint/d: 5
 * /quadruped/gazebo_ros_control/pid_gains/front_left_leg2_joint/i: 0.01
 * /quadruped/gazebo_ros_control/pid_gains/front_left_leg2_joint/p: 300
 * /quadruped/gazebo_ros_control/pid_gains/front_left_leg3_joint/d: 5
 * /quadruped/gazebo_ros_control/pid_gains/front_left_leg3_joint/i: 0.01
 * /quadruped/gazebo_ros_control/pid_gains/front_left_leg3_joint/p: 300
 * /quadruped/gazebo_ros_control/pid_gains/front_right_leg1_joint/d: 5
 * /quadruped/gazebo_ros_control/pid_gains/front_right_leg1_joint/i: 0.01
 * /quadruped/gazebo_ros_control/pid_gains/front_right_leg1_joint/p: 300
 * /quadruped/gazebo_ros_control/pid_gains/front_right_leg2_joint/d: 5
 * /quadruped/gazebo_ros_control/pid_gains/front_right_leg2_joint/i: 0.01
 * /quadruped/gazebo_ros_control/pid_gains/front_right_leg2_joint/p: 300
 * /quadruped/gazebo_ros_control/pid_gains/front_right_leg3_joint/d: 5
 * /quadruped/gazebo_ros_control/pid_gains/front_right_leg3_joint/i: 0.01
 * /quadruped/gazebo_ros_control/pid_gains/front_right_leg3_joint/p: 300
 * /quadruped/generic_hw_control_loop/cycle_time_error_threshold: 0.01
 * /quadruped/generic_hw_control_loop/loop_hz: 100
 * /quadruped/hardware_interface/joints: ['back_left_leg3_...
 * /quadruped/hardware_interface/sim_control_mode: 1
 * /quadruped/joint_state_controller/publish_rate: 100
 * /quadruped/joint_state_controller/type: joint_state_contr...
 * /quadruped/moveit_sim_hw_interface/joint_model_group: todo_group_name
 * /quadruped/moveit_sim_hw_interface/joint_model_group_pose: todo_state_name
 * /robot_description: <?xml version="1....
 * /robot_description_kinematics/back_left_leg/kinematics_solver: kdl_kinematics_pl...
 * /robot_description_kinematics/back_left_leg/kinematics_solver_search_resolution: 0.005
 * /robot_description_kinematics/back_left_leg/kinematics_solver_timeout: 0.005
 * /robot_description_kinematics/back_right_leg/kinematics_solver: kdl_kinematics_pl...
 * /robot_description_kinematics/back_right_leg/kinematics_solver_search_resolution: 0.005
 * /robot_description_kinematics/back_right_leg/kinematics_solver_timeout: 0.005
 * /robot_description_kinematics/front_left_leg/kinematics_solver: kdl_kinematics_pl...
 * /robot_description_kinematics/front_left_leg/kinematics_solver_search_resolution: 0.005
 * /robot_description_kinematics/front_left_leg/kinematics_solver_timeout: 0.005
 * /robot_description_kinematics/front_right_leg/kinematics_solver: kdl_kinematics_pl...
 * /robot_description_kinematics/front_right_leg/kinematics_solver_search_resolution: 0.005
 * /robot_description_kinematics/front_right_leg/kinematics_solver_timeout: 0.005
 * /robot_description_planning/default_acceleration_scaling_factor: 0.1
 * /robot_description_planning/default_velocity_scaling_factor: 0.1
 * /robot_description_planning/joint_limits/back_left_leg1_joint/has_acceleration_limits: False
 * /robot_description_planning/joint_limits/back_left_leg1_joint/has_velocity_limits: True
 * /robot_description_planning/joint_limits/back_left_leg1_joint/max_acceleration: 10
 * /robot_description_planning/joint_limits/back_left_leg1_joint/max_velocity: 10
 * /robot_description_planning/joint_limits/back_left_leg2_joint/has_acceleration_limits: False
 * /robot_description_planning/joint_limits/back_left_leg2_joint/has_velocity_limits: True
 * /robot_description_planning/joint_limits/back_left_leg2_joint/max_acceleration: 10
 * /robot_description_planning/joint_limits/back_left_leg2_joint/max_velocity: 10
 * /robot_description_planning/joint_limits/back_left_leg3_joint/has_acceleration_limits: False
 * /robot_description_planning/joint_limits/back_left_leg3_joint/has_velocity_limits: True
 * /robot_description_planning/joint_limits/back_left_leg3_joint/max_acceleration: 10
 * /robot_description_planning/joint_limits/back_left_leg3_joint/max_velocity: 10
 * /robot_description_planning/joint_limits/back_right_leg1_joint/has_acceleration_limits: False
 * /robot_description_planning/joint_limits/back_right_leg1_joint/has_velocity_limits: True
 * /robot_description_planning/joint_limits/back_right_leg1_joint/max_acceleration: 10
 * /robot_description_planning/joint_limits/back_right_leg1_joint/max_velocity: 10
 * /robot_description_planning/joint_limits/back_right_leg2_joint/has_acceleration_limits: False
 * /robot_description_planning/joint_limits/back_right_leg2_joint/has_velocity_limits: True
 * /robot_description_planning/joint_limits/back_right_leg2_joint/max_acceleration: 10
 * /robot_description_planning/joint_limits/back_right_leg2_joint/max_velocity: 10
 * /robot_description_planning/joint_limits/back_right_leg3_joint/has_acceleration_limits: False
 * /robot_description_planning/joint_limits/back_right_leg3_joint/has_velocity_limits: True
 * /robot_description_planning/joint_limits/back_right_leg3_joint/max_acceleration: 10
 * /robot_description_planning/joint_limits/back_right_leg3_joint/max_velocity: 10
 * /robot_description_planning/joint_limits/front_left_leg1_joint/has_acceleration_limits: False
 * /robot_description_planning/joint_limits/front_left_leg1_joint/has_velocity_limits: True
 * /robot_description_planning/joint_limits/front_left_leg1_joint/max_acceleration: 10
 * /robot_description_planning/joint_limits/front_left_leg1_joint/max_velocity: 10
 * /robot_description_planning/joint_limits/front_left_leg2_joint/has_acceleration_limits: False
 * /robot_description_planning/joint_limits/front_left_leg2_joint/has_velocity_limits: True
 * /robot_description_planning/joint_limits/front_left_leg2_joint/max_acceleration: 10
 * /robot_description_planning/joint_limits/front_left_leg2_joint/max_velocity: 10
 * /robot_description_planning/joint_limits/front_left_leg3_joint/has_acceleration_limits: False
 * /robot_description_planning/joint_limits/front_left_leg3_joint/has_velocity_limits: True
 * /robot_description_planning/joint_limits/front_left_leg3_joint/max_acceleration: 10
 * /robot_description_planning/joint_limits/front_left_leg3_joint/max_velocity: 10
 * /robot_description_planning/joint_limits/front_right_leg1_joint/has_acceleration_limits: False
 * /robot_description_planning/joint_limits/front_right_leg1_joint/has_velocity_limits: True
 * /robot_description_planning/joint_limits/front_right_leg1_joint/max_acceleration: 10
 * /robot_description_planning/joint_limits/front_right_leg1_joint/max_velocity: 10
 * /robot_description_planning/joint_limits/front_right_leg2_joint/has_acceleration_limits: False
 * /robot_description_planning/joint_limits/front_right_leg2_joint/has_velocity_limits: True
 * /robot_description_planning/joint_limits/front_right_leg2_joint/max_acceleration: 10
 * /robot_description_planning/joint_limits/front_right_leg2_joint/max_velocity: 10
 * /robot_description_planning/joint_limits/front_right_leg3_joint/has_acceleration_limits: False
 * /robot_description_planning/joint_limits/front_right_leg3_joint/has_velocity_limits: True
 * /robot_description_planning/joint_limits/front_right_leg3_joint/max_acceleration: 10
 * /robot_description_planning/joint_limits/front_right_leg3_joint/max_velocity: 10
 * /robot_description_semantic: <?xml version="1....
 * /robot_state_publisher/publish_frequency: 60.0
 * /rosdistro: noetic
 * /rosversion: 1.15.9
 * /use_sim_time: True

NODES
  /
    gazebo (gazebo_ros/gzserver)
    joint_state_publisher (joint_state_publisher/joint_state_publisher)
    move_group (moveit_ros_move_group/move_group)
    robot_state_publisher (robot_state_publisher/robot_state_publisher)
    urdf_spawner (gazebo_ros/spawn_model)
  /quadruped/
    controller_spawner (controller_manager/spawner)
GNU gdb (Ubuntu 9.2-0ubuntu1~20.04) 9.2
Copyright (C) 2020 Free Software Foundation, Inc.
License GPLv3+: GNU GPL version 3 or later <http://gnu.org/licenses/gpl.html>
This is free software: you are free to change and redistribute it.
There is NO WARRANTY, to the extent permitted by law.
Type "show copying" and "show warranty" for details.
This GDB was configured as "x86_64-linux-gnu".
Type "show configuration" for configuration details.
For bug reporting instructions, please see:
<http://www.gnu.org/software/gdb/bugs/>.
Find the GDB manual and other documentation resources online at:
    <http://www.gnu.org/software/gdb/documentation/>.

For help, type "help".
Type "apropos word" to search for commands related to "word"...
Reading symbols from /opt/ros/noetic/lib/moveit_ros_move_group/move_group...
(No debugging symbols found in /opt/ros/noetic/lib/moveit_ros_move_group/move_group)
/home/ubuntu/CPGController/src/simulations/ws/src/quadruped/launch/gdb_settings.gdb: No such file or directory.
Starting program: /opt/ros/noetic/lib/moveit_ros_move_group/move_group --debug __name:=move_group __log:=/home/ubuntu/.ros/log/93f1834a-9acf-11eb-9c3d-811c38a477a5/move_group-7.log
[Thread debugging using libthread_db enabled]
Using host libthread_db library "/lib/x86_64-linux-gnu/libthread_db.so.1".
[New Thread 0x7ffff0da7700 (LWP 886556)]
[New Thread 0x7ffff05a6700 (LWP 886557)]
[New Thread 0x7fffefda5700 (LWP 886558)]
[New Thread 0x7fffef5a4700 (LWP 886559)]
[New Thread 0x7fffeeda3700 (LWP 886560)]
[New Thread 0x7fffee5a2700 (LWP 886561)]
[33m[ WARN] [1618150202.492266100]: Link dummy_link has visual geometry but no collision geometry. Collision geometry will be left empty. Fix your URDF file by explicitly specifying collision geometry.[0m
[New Thread 0x7fffedd52700 (LWP 886617)]
[New Thread 0x7fffed551700 (LWP 886619)]
[33m[ WARN] [1618150202.944301467]: Resolution not specified for Octomap. Assuming resolution = 0.1 instead[0m
[31m[ERROR] [1618150202.946347956]: Failed to find 3D sensor plugin parameters for octomap generation[0m
[New Thread 0x7fffecd50700 (LWP 886624)]
[New Thread 0x7fffcf8cf700 (LWP 886680)]
[New Thread 0x7fffcf0ce700 (LWP 886681)]
[New Thread 0x7fffce8cd700 (LWP 886682)]
[New Thread 0x7fffce02c700 (LWP 886683)]
[New Thread 0x7fffcd82b700 (LWP 886684)]
[0m[ INFO] [1618150202.487863609]: Loading robot model 'quadruped'...[0m
[0m[ INFO] [1618150202.492148543]: No root/virtual joint specified in SRDF. Assuming fixed joint[0m
[0m[ INFO] [1618150202.901014073]: Publishing maintained planning scene on 'monitored_planning_scene'[0m
[0m[ INFO] [1618150202.911690290]: MoveGroup debug mode is ON[0m
[96mStarting planning scene monitors...
[0m[0m[ INFO] [1618150202.911720578]: Starting planning scene monitor[0m
[0m[ INFO] [1618150202.924869556]: Listening to '/planning_scene'[0m
[0m[ INFO] [1618150202.924893900]: Starting world geometry update monitor for collision objects, attached objects, octomap updates.[0m
[0m[ INFO] [1618150202.934145577]: Listening to '/collision_object'[0m
[0m[ INFO] [1618150202.943831969]: Listening to '/planning_scene_world' for planning scene world geometry[0m
[0m[ INFO] [1618150202.973358751]: Listening to '/attached_collision_object' for attached collision objects[0m
[96mPlanning scene monitors started.
[0m[0m[ INFO] [1618150203.998491269, 0.194000000]: Using planning interface 'OMPL'[0m
[0m[ INFO] [1618150204.011606184, 0.194000000]: Param 'default_workspace_bounds' was not set. Using default value: 10[0m
[0m[ INFO] [1618150204.012651847, 0.194000000]: Param 'start_state_max_bounds_error' was set to 0.1[0m
[0m[ INFO] [1618150204.014244510, 0.194000000]: Param 'start_state_max_dt' was not set. Using default value: 0.5[0m
[0m[ INFO] [1618150204.015331657, 0.194000000]: Param 'start_state_max_dt' was not set. Using default value: 0.5[0m
[0m[ INFO] [1618150204.016944553, 0.194000000]: Param 'jiggle_fraction' was set to 0.05[0m
[0m[ INFO] [1618150204.018586641, 0.194000000]: Param 'max_sampling_attempts' was not set. Using default value: 100[0m
[0m[ INFO] [1618150204.018635102, 0.194000000]: Using planning request adapter 'Add Time Parameterization'[0m
[0m[ INFO] [1618150204.018651225, 0.194000000]: Using planning request adapter 'Resolve constraint frames to robot links'[0m
[0m[ INFO] [1618150204.018662052, 0.194000000]: Using planning request adapter 'Fix Workspace Bounds'[0m
[0m[ INFO] [1618150204.018671515, 0.194000000]: Using planning request adapter 'Fix Start State Bounds'[0m
[0m[ INFO] [1618150204.018681612, 0.194000000]: Using planning request adapter 'Fix Start State In Collision'[0m
[0m[ INFO] [1618150204.018691545, 0.194000000]: Using planning request adapter 'Fix Start State Path Constraints'[0m
[96mLoading 'move_group/ApplyPlanningSceneService'...
[0m[96mLoading 'move_group/ClearOctomapService'...
[0m[96mLoading 'move_group/MoveGroupCartesianPathService'...
[0m[96mLoading 'move_group/MoveGroupExecuteTrajectoryAction'...
[0m[96mLoading 'move_group/MoveGroupGetPlanningSceneService'...
[0m[96mLoading 'move_group/MoveGroupKinematicsService'...
[0m[96mLoading 'move_group/MoveGroupMoveAction'...
[0m[96mLoading 'move_group/MoveGroupPickPlaceAction'...
[0m[96mLoading 'move_group/MoveGroupPlanService'...
[0m[96mLoading 'move_group/MoveGroupQueryPlannersService'...
[0m[96mLoading 'move_group/MoveGroupStateValidationService'...
[0m[0m[ INFO] [1618150204.328758698, 0.194000000]: 

********************************************************
* MoveGroup using: 
*     - ApplyPlanningSceneService
*     - ClearOctomapService
*     - CartesianPathService
*     - ExecuteTrajectoryAction
*     - GetPlanningSceneService
*     - KinematicsService
*     - MoveAction
*     - PickPlaceAction
*     - MotionPlanService
*     - QueryPlannersService
*     - StateValidationService
********************************************************
[0m
[0m[ INFO] [1618150204.328819627, 0.194000000]: MoveGroup context using planning plugin ompl_interface/OMPLPlanner[0m
[0m[ INFO] [1618150204.328835283, 0.194000000]: MoveGroup context initialization complete[0m
[92m
You can start planning now!

[0m[0m[ INFO] [1618150202.223965969]: Finished loading Gazebo ROS API Plugin.[0m
[0m[ INFO] [1618150202.229814511]: waitForService: Service [/gazebo/set_physics_properties] has not been advertised, waiting...[0m
[0m[ INFO] [1618150203.227012662]: waitForService: Service [/gazebo/set_physics_properties] is now available.[0m
[1;33mWarning [Model.cc:212][0m Non-unique names detected in XML children of model with name[quadruped].
[0m[ INFO] [1618150204.784955392, 0.194000000]: <initialOrientationAsReference> is unset, using default value of false to comply with REP 145 (world as orientation reference)[0m
[0m[ INFO] [1618150204.786092645, 0.194000000]: <robotNamespace> set to: /quadruped/[0m
[0m[ INFO] [1618150204.786194545, 0.194000000]: <topicName> set to: imu[0m
[0m[ INFO] [1618150204.786263409, 0.194000000]: <frameName> set to: imu_link[0m
[0m[ INFO] [1618150204.786369477, 0.194000000]: <updateRateHZ> set to: 100[0m
[0m[ INFO] [1618150204.786492773, 0.194000000]: <gaussianNoise> set to: 0[0m
[0m[ INFO] [1618150204.786990924, 0.194000000]: <xyzOffset> set to: 0 0 0[0m
[0m[ INFO] [1618150204.788192531, 0.194000000]: <rpyOffset> set to: 0 -0 0[0m
[0m[ INFO] [1618150205.029821997, 0.194000000]: Physics dynamic reconfigure ready.[0m
[0m[ INFO] [1618150205.141329917, 0.194000000]: Loading gazebo_ros_control plugin[0m
[0m[ INFO] [1618150205.142070864, 0.194000000]: Starting gazebo_ros_control plugin in namespace: /quadruped[0m
[0m[ INFO] [1618150205.143825901, 0.194000000]: gazebo_ros_control plugin is waiting for model URDF in parameter [/robot_description] on the ROS param server.[0m
[0m[ INFO] [1618150206.108183383, 0.194000000]: Loaded gazebo_ros_control.[0m
[0m[ INFO] [1618150206.123319443, 0.194000000]: ft_sensor plugin reporting wrench values to the frame [front_right_leg3][0m
[0m[ INFO] [1618150206.123442167, 0.194000000]: imu plugin missing <gaussianNoise>, defaults to 0.0[0m
[0m[ INFO] [1618150206.125410252, 0.194000000]: ft_sensor plugin reporting wrench values to the frame [front_right_leg2][0m
[0m[ INFO] [1618150206.125585764, 0.194000000]: imu plugin missing <gaussianNoise>, defaults to 0.0[0m
[0m[ INFO] [1618150206.127545123, 0.194000000]: ft_sensor plugin reporting wrench values to the frame [front_right_leg1][0m
[0m[ INFO] [1618150206.127662569, 0.194000000]: imu plugin missing <gaussianNoise>, defaults to 0.0[0m
[0m[ INFO] [1618150206.129353527, 0.194000000]: ft_sensor plugin reporting wrench values to the frame [front_left_leg3][0m
[0m[ INFO] [1618150206.129532505, 0.194000000]: imu plugin missing <gaussianNoise>, defaults to 0.0[0m
[0m[ INFO] [1618150206.131606471, 0.194000000]: ft_sensor plugin reporting wrench values to the frame [front_left_leg2][0m
[0m[ INFO] [1618150206.131728977, 0.194000000]: imu plugin missing <gaussianNoise>, defaults to 0.0[0m
[0m[ INFO] [1618150206.133751202, 0.194000000]: ft_sensor plugin reporting wrench values to the frame [front_left_leg1][0m
[0m[ INFO] [1618150206.133883415, 0.194000000]: imu plugin missing <gaussianNoise>, defaults to 0.0[0m
[0m[ INFO] [1618150206.135679159, 0.194000000]: ft_sensor plugin reporting wrench values to the frame [back_right_leg3][0m
[0m[ INFO] [1618150206.135819238, 0.194000000]: imu plugin missing <gaussianNoise>, defaults to 0.0[0m
[0m[ INFO] [1618150206.137475644, 0.194000000]: ft_sensor plugin reporting wrench values to the frame [back_right_leg2][0m
[0m[ INFO] [1618150206.137805320, 0.194000000]: imu plugin missing <gaussianNoise>, defaults to 0.0[0m
[0m[ INFO] [1618150206.157855744, 0.194000000]: ft_sensor plugin reporting wrench values to the frame [back_right_leg1][0m
[0m[ INFO] [1618150206.158007975, 0.194000000]: imu plugin missing <gaussianNoise>, defaults to 0.0[0m
[0m[ INFO] [1618150206.161856748, 0.194000000]: ft_sensor plugin reporting wrench values to the frame [back_left_leg3][0m
[0m[ INFO] [1618150206.161891450, 0.194000000]: imu plugin missing <gaussianNoise>, defaults to 0.0[0m
[0m[ INFO] [1618150206.166038464, 0.194000000]: ft_sensor plugin reporting wrench values to the frame [back_left_leg2][0m
[0m[ INFO] [1618150206.166071490, 0.194000000]: imu plugin missing <gaussianNoise>, defaults to 0.0[0m
[0m[ INFO] [1618150206.170723103, 0.194000000]: ft_sensor plugin reporting wrench values to the frame [back_left_leg1][0m
[0m[ INFO] [1618150206.170983188, 0.194000000]: imu plugin missing <gaussianNoise>, defaults to 0.0[0m
[0m[ INFO] [1618150206.200714079, 0.194000000]: GazeboRoxacro: in-order processing became default in ROS Melodic. You can drop the option.
... logging to /home/ubuntu/.ros/log/6ff5f7e2-9b05-11eb-8c02-0fee120e0bbc/roslaunch-ip-172-31-36-108-10280.log
Checking log directory for disk usage. This may take a while.
Press Ctrl-C to interrupt
Done checking log file disk usage. Usage is <1GB.
]2;/home/ubuntu/CPGController/src/simulations/ws/src/quadruped/launch/quadruped_control.launch
[1mstarted roslaunch server http://ip-172-31-36-108:40391/[0m

SUMMARY
========

PARAMETERS
 * /gazebo/enable_ros_network: True
 * /joint_state_publisher/source_list: ['quadruped/joint...
 * /move_group/allow_trajectory_execution: False
 * /move_group/back_left_leg/default_planner_config: SBL
 * /move_group/back_left_leg/longest_valid_segment_fraction: 0.005
 * /move_group/back_left_leg/planner_configs: ['AnytimePathShor...
 * /move_group/back_left_leg/projection_evaluator: joints(back_left_...
 * /move_group/back_right_leg/default_planner_config: SBL
 * /move_group/back_right_leg/longest_valid_segment_fraction: 0.005
 * /move_group/back_right_leg/planner_configs: ['AnytimePathShor...
 * /move_group/back_right_leg/projection_evaluator: joints(back_right...
 * /move_group/base/default_planner_config: SBL
 * /move_group/base/planner_configs: ['AnytimePathShor...
 * /move_group/capabilities: 
 * /move_group/disable_capabilities: 
 * /move_group/front_left_leg/default_planner_config: SBL
 * /move_group/front_left_leg/longest_valid_segment_fraction: 0.005
 * /move_group/front_left_leg/planner_configs: ['AnytimePathShor...
 * /move_group/front_left_leg/projection_evaluator: joints(front_left...
 * /move_group/front_right_leg/default_planner_config: SBL
 * /move_group/front_right_leg/longest_valid_segment_fraction: 0.005
 * /move_group/front_right_leg/planner_configs: ['AnytimePathShor...
 * /move_group/front_right_leg/projection_evaluator: joints(front_righ...
 * /move_group/jiggle_fraction: 0.05
 * /move_group/max_safe_path_cost: 1
 * /move_group/planner_configs/AnytimePathShortening/hybridize: True
 * /move_group/planner_configs/AnytimePathShortening/max_hybrid_paths: 24
 * /move_group/planner_configs/AnytimePathShortening/num_planners: 4
 * /move_group/planner_configs/AnytimePathShortening/planners: 
 * /move_group/planner_configs/AnytimePathShortening/shortcut: True
 * /move_group/planner_configs/AnytimePathShortening/type: geometric::Anytim...
 * /move_group/planner_configs/BFMT/balanced: 0
 * /move_group/planner_configs/BFMT/cache_cc: 1
 * /move_group/planner_configs/BFMT/extended_fmt: 1
 * /move_group/planner_configs/BFMT/heuristics: 1
 * /move_group/planner_configs/BFMT/nearest_k: 1
 * /move_group/planner_configs/BFMT/num_samples: 1000
 * /move_group/planner_configs/BFMT/optimality: 1
 * /move_group/planner_configs/BFMT/radius_multiplier: 1.0
 * /move_group/planner_configs/BFMT/type: geometric::BFMT
 * /move_group/planner_configs/BKPIECE/border_fraction: 0.9
 * /move_group/planner_configs/BKPIECE/failed_expansion_score_factor: 0.5
 * /move_group/planner_configs/BKPIECE/min_valid_path_fraction: 0.5
 * /move_group/planner_configs/BKPIECE/range: 0.0
 * /move_group/planner_configs/BKPIECE/type: geometric::BKPIECE
 * /move_group/planner_configs/BiEST/range: 0.0
 * /move_group/planner_configs/BiEST/type: geometric::BiEST
 * /move_group/planner_configs/BiTRRT/cost_threshold: 1e300
 * /move_group/planner_configs/BiTRRT/frountier_node_ratio: 0.1
 * /move_group/planner_configs/BiTRRT/frountier_threshold: 0.0
 * /move_group/planner_configs/BiTRRT/init_temperature: 100
 * /move_group/planner_configs/BiTRRT/range: 0.0
 * /move_group/planner_configs/BiTRRT/temp_change_factor: 0.1
 * /move_group/planner_configs/BiTRRT/type: geometric::BiTRRT
 * /move_group/planner_configs/EST/goal_bias: 0.05
 * /move_group/planner_configs/EST/range: 0.0
 * /move_group/planner_configs/EST/type: geometric::EST
 * /move_group/planner_configs/FMT/cache_cc: 1
 * /move_group/planner_configs/FMT/extended_fmt: 1
 * /move_group/planner_configs/FMT/heuristics: 0
 * /move_group/planner_configs/FMT/nearest_k: 1
 * /move_group/planner_configs/FMT/num_samples: 1000
 * /move_group/planner_configs/FMT/radius_multiplier: 1.1
 * /move_group/planner_configs/FMT/type: geometric::FMT
 * /move_group/planner_configs/KPIECE/border_fraction: 0.9
 * /move_group/planner_configs/KPIECE/failed_expansion_score_factor: 0.5
 * /move_group/planner_configs/KPIECE/goal_bias: 0.05
 * /move_group/planner_configs/KPIECE/min_valid_path_fraction: 0.5
 * /move_group/planner_configs/KPIECE/range: 0.0
 * /move_group/planner_configs/KPIECE/type: geometric::KPIECE
 * /move_group/planner_configs/LBKPIECE/border_fraction: 0.9
 * /move_group/planner_configs/LBKPIECE/min_valid_path_fraction: 0.5
 * /move_group/planner_configs/LBKPIECE/range: 0.0
 * /move_group/planner_configs/LBKPIECE/type: geometric::LBKPIECE
 * /move_group/planner_configs/LBTRRT/epsilon: 0.4
 * /move_group/planner_configs/LBTRRT/goal_bias: 0.05
 * /move_group/planner_configs/LBTRRT/range: 0.0
 * /move_group/planner_configs/LBTRRT/type: geometric::LBTRRT
 * /move_group/planner_configs/LazyPRM/range: 0.0
 * /move_group/planner_configs/LazyPRM/type: geometric::LazyPRM
 * /move_group/planner_configs/LazyPRMstar/type: geometric::LazyPR...
 * /move_group/planner_configs/PDST/type: geometric::PDST
 * /move_group/planner_configs/PRM/max_nearest_neighbors: 10
 * /move_group/planner_configs/PRM/type: geometric::PRM
 * /move_group/planner_configs/PRMstar/type: geometric::PRMstar
 * /move_group/planner_configs/ProjEST/goal_bias: 0.05
 * /move_group/planner_configs/ProjEST/range: 0.0
 * /move_group/planner_configs/ProjEST/type: geometric::ProjEST
 * /move_group/planner_configs/RRT/goal_bias: 0.05
 * /move_group/planner_configs/RRT/range: 0.0
 * /move_group/planner_configs/RRT/type: geometric::RRT
 * /move_group/planner_configs/RRTConnect/range: 0.0
 * /move_group/planner_configs/RRTConnect/type: geometric::RRTCon...
 * /move_group/planner_configs/RRTstar/delay_collision_checking: 1
 * /move_group/planner_configs/RRTstar/goal_bias: 0.05
 * /move_group/planner_configs/RRTstar/range: 0.0
 * /move_group/planner_configs/RRTstar/type: geometric::RRTstar
 * /move_group/planner_configs/SBL/range: 0.0
 * /move_group/planner_configs/SBL/type: geometric::SBL
 * /move_group/planner_configs/SPARS/dense_delta_fraction: 0.001
 * /move_group/planner_configs/SPARS/max_failures: 1000
 * /move_group/planner_configs/SPARS/sparse_delta_fraction: 0.25
 * /move_group/planner_configs/SPARS/stretch_factor: 3.0
 * /move_group/planner_configs/SPARS/type: geometric::SPARS
 * /move_group/planner_configs/SPARStwo/dense_delta_fraction: 0.001
 * /move_group/planner_configs/SPARStwo/max_failures: 5000
 * /move_group/planner_configs/SPARStwo/sparse_delta_fraction: 0.25
 * /move_group/planner_configs/SPARStwo/stretch_factor: 3.0
 * /move_group/planner_configs/SPARStwo/type: geometric::SPARStwo
 * /move_group/planner_configs/STRIDE/degree: 16
 * /move_group/planner_configs/STRIDE/estimated_dimension: 0.0
 * /move_group/planner_configs/STRIDE/goal_bias: 0.05
 * /move_group/planner_configs/STRIDE/max_degree: 18
 * /move_group/planner_configs/STRIDE/max_pts_per_leaf: 6
 * /move_group/planner_configs/STRIDE/min_degree: 12
 * /move_group/planner_configs/STRIDE/min_valid_path_fraction: 0.2
 * /move_group/planner_configs/STRIDE/range: 0.0
 * /move_group/planner_configs/STRIDE/type: geometric::STRIDE
 * /move_group/planner_configs/STRIDE/use_projected_distance: 0
 * /move_group/planner_configs/TRRT/frountierNodeRatio: 0.1
 * /move_group/planner_configs/TRRT/frountier_threshold: 0.0
 * /move_group/planner_configs/TRRT/goal_bias: 0.05
 * /move_group/planner_configs/TRRT/init_temperature: 10e-6
 * /move_group/planner_configs/TRRT/k_constant: 0.0
 * /move_group/planner_configs/TRRT/max_states_failed: 10
 * /move_group/planner_configs/TRRT/min_temperature: 10e-10
 * /move_group/planner_configs/TRRT/range: 0.0
 * /move_group/planner_configs/TRRT/temp_change_factor: 2.0
 * /move_group/planner_configs/TRRT/type: geometric::TRRT
 * /move_group/planning_plugin: ompl_interface/OM...
 * /move_group/planning_scene_monitor/publish_geometry_updates: True
 * /move_group/planning_scene_monitor/publish_planning_scene: True
 * /move_group/planning_scene_monitor/publish_state_updates: True
 * /move_group/planning_scene_monitor/publish_transforms_updates: True
 * /move_group/request_adapters: default_planner_r...
 * /move_group/start_state_max_bounds_error: 0.1
 * /quadruped/back_left_leg_controller/joints: ['back_left_leg1_...
 * /quadruped/back_left_leg_controller/type: position_controll...
 * /quadruped/back_right_leg_controller/joints: ['back_right_leg1...
 * /quadruped/back_right_leg_controller/type: position_controll...
 * /quadruped/front_left_leg_controller/joints: ['front_left_leg1...
 * /quadruped/front_left_leg_controller/type: position_controll...
 * /quadruped/front_right_leg_controller/joints: ['front_right_leg...
 * /quadruped/front_right_leg_controller/type: position_controll...
 * /quadruped/gazebo_ros_control/pid_gains/back_left_leg1_joint/d: 5
 * /quadruped/gazebo_ros_control/pid_gains/back_left_leg1_joint/i: 0.01
 * /quadruped/gazebo_ros_control/pid_gains/back_left_leg1_joint/p: 300
 * /quadruped/gazebo_ros_control/pid_gains/back_left_leg2_joint/d: 5
 * /quadruped/gazebo_ros_control/pid_gains/back_left_leg2_joint/i: 0.01
 * /quadruped/gazebo_ros_control/pid_gains/back_left_leg2_joint/p: 300
 * /quadruped/gazebo_ros_control/pid_gains/back_left_leg3_joint/d: 5
 * /quadruped/gazebo_ros_control/pid_gains/back_left_leg3_joint/i: 0.01
 * /quadruped/gazebo_ros_control/pid_gains/back_left_leg3_joint/p: 300
 * /quadruped/gazebo_ros_control/pid_gains/back_right_leg1_joint/d: 5
 * /quadruped/gazebo_ros_control/pid_gains/back_right_leg1_joint/i: 0.01
 * /quadruped/gazebo_ros_control/pid_gains/back_right_leg1_joint/p: 300
 * /quadruped/gazebo_ros_control/pid_gains/back_right_leg2_joint/d: 5
 * /quadruped/gazebo_ros_control/pid_gains/back_right_leg2_joint/i: 0.01
 * /quadruped/gazebo_ros_control/pid_gains/back_right_leg2_joint/p: 300
 * /quadruped/gazebo_ros_control/pid_gains/back_right_leg3_joint/d: 5
 * /quadruped/gazebo_ros_control/pid_gains/back_right_leg3_joint/i: 0.01
 * /quadruped/gazebo_ros_control/pid_gains/back_right_leg3_joint/p: 300
 * /quadruped/gazebo_ros_control/pid_gains/front_left_leg1_joint/d: 5
 * /quadruped/gazebo_ros_control/pid_gains/front_left_leg1_joint/i: 0.01
 * /quadruped/gazebo_ros_control/pid_gains/front_left_leg1_joint/p: 300
 * /quadruped/gazebo_ros_control/pid_gains/front_left_leg2_joint/d: 5
 * /quadruped/gazebo_ros_control/pid_gains/front_left_leg2_joint/i: 0.01
 * /quadruped/gazebo_ros_control/pid_gains/front_left_leg2_joint/p: 300
 * /quadruped/gazebo_ros_control/pid_gains/front_left_leg3_joint/d: 5
 * /quadruped/gazebo_ros_control/pid_gains/front_left_leg3_joint/i: 0.01
 * /quadruped/gazebo_ros_control/pid_gains/front_left_leg3_joint/p: 300
 * /quadruped/gazebo_ros_control/pid_gains/front_right_leg1_joint/d: 5
 * /quadruped/gazebo_ros_control/pid_gains/front_right_leg1_joint/i: 0.01
 * /quadruped/gazebo_ros_control/pid_gains/front_right_leg1_joint/p: 300
 * /quadruped/gazebo_ros_control/pid_gains/front_right_leg2_joint/d: 5
 * /quadruped/gazebo_ros_control/pid_gains/front_right_leg2_joint/i: 0.01
 * /quadruped/gazebo_ros_control/pid_gains/front_right_leg2_joint/p: 300
 * /quadruped/gazebo_ros_control/pid_gains/front_right_leg3_joint/d: 5
 * /quadruped/gazebo_ros_control/pid_gains/front_right_leg3_joint/i: 0.01
 * /quadruped/gazebo_ros_control/pid_gains/front_right_leg3_joint/p: 300
 * /quadruped/generic_hw_control_loop/cycle_time_error_threshold: 0.01
 * /quadruped/generic_hw_control_loop/loop_hz: 100
 * /quadruped/hardware_interface/joints: ['back_left_leg3_...
 * /quadruped/hardware_interface/sim_control_mode: 1
 * /quadruped/joint_state_controller/publish_rate: 100
 * /quadruped/joint_state_controller/type: joint_state_contr...
 * /quadruped/moveit_sim_hw_interface/joint_model_group: todo_group_name
 * /quadruped/moveit_sim_hw_interface/joint_model_group_pose: todo_state_name
 * /robot_description: <?xml version="1....
 * /robot_description_kinematics/back_left_leg/kinematics_solver: kdl_kinematics_pl...
 * /robot_description_kinematics/back_left_leg/kinematics_solver_search_resolution: 0.005
 * /robot_description_kinematics/back_left_leg/kinematics_solver_timeout: 0.005
 * /robot_description_kinematics/back_right_leg/kinematics_solver: kdl_kinematics_pl...
 * /robot_description_kinematics/back_right_leg/kinematics_solver_search_resolution: 0.005
 * /robot_description_kinematics/back_right_leg/kinematics_solver_timeout: 0.005
 * /robot_description_kinematics/front_left_leg/kinematics_solver: kdl_kinematics_pl...
 * /robot_description_kinematics/front_left_leg/kinematics_solver_search_resolution: 0.005
 * /robot_description_kinematics/front_left_leg/kinematics_solver_timeout: 0.005
 * /robot_description_kinematics/front_right_leg/kinematics_solver: kdl_kinematics_pl...
 * /robot_description_kinematics/front_right_leg/kinematics_solver_search_resolution: 0.005
 * /robot_description_kinematics/front_right_leg/kinematics_solver_timeout: 0.005
 * /robot_description_planning/default_acceleration_scaling_factor: 0.1
 * /robot_description_planning/default_velocity_scaling_factor: 0.1
 * /robot_description_planning/joint_limits/back_left_leg1_joint/has_acceleration_limits: False
 * /robot_description_planning/joint_limits/back_left_leg1_joint/has_velocity_limits: True
 * /robot_description_planning/joint_limits/back_left_leg1_joint/max_acceleration: 10
 * /robot_description_planning/joint_limits/back_left_leg1_joint/max_velocity: 10
 * /robot_description_planning/joint_limits/back_left_leg2_joint/has_acceleration_limits: False
 * /robot_description_planning/joint_limits/back_left_leg2_joint/has_velocity_limits: True
 * /robot_description_planning/joint_limits/back_left_leg2_joint/max_acceleration: 10
 * /robot_description_planning/joint_limits/back_left_leg2_joint/max_velocity: 10
 * /robot_description_planning/joint_limits/back_left_leg3_joint/has_acceleration_limits: False
 * /robot_description_planning/joint_limits/back_left_leg3_joint/has_velocity_limits: True
 * /robot_description_planning/joint_limits/back_left_leg3_joint/max_acceleration: 10
 * /robot_description_planning/joint_limits/back_left_leg3_joint/max_velocity: 10
 * /robot_description_planning/joint_limits/back_right_leg1_joint/has_acceleration_limits: False
 * /robot_description_planning/joint_limits/back_right_leg1_joint/has_velocity_limits: True
 * /robot_description_planning/joint_limits/back_right_leg1_joint/max_acceleration: 10
 * /robot_description_planning/joint_limits/back_right_leg1_joint/max_velocity: 10
 * /robot_description_planning/joint_limits/back_right_leg2_joint/has_acceleration_limits: False
 * /robot_description_planning/joint_limits/back_right_leg2_joint/has_velocity_limits: True
 * /robot_description_planning/joint_limits/back_right_leg2_joint/max_acceleration: 10
 * /robot_description_planning/joint_limits/back_right_leg2_joint/max_velocity: 10
 * /robot_description_planning/joint_limits/back_right_leg3_joint/has_acceleration_limits: False
 * /robot_description_planning/joint_limits/back_right_leg3_joint/has_velocity_limits: True
 * /robot_description_planning/joint_limits/back_right_leg3_joint/max_acceleration: 10
 * /robot_description_planning/joint_limits/back_right_leg3_joint/max_velocity: 10
 * /robot_description_planning/joint_limits/front_left_leg1_joint/has_acceleration_limits: False
 * /robot_description_planning/joint_limits/front_left_leg1_joint/has_velocity_limits: True
 * /robot_description_planning/joint_limits/front_left_leg1_joint/max_acceleration: 10
 * /robot_description_planning/joint_limits/front_left_leg1_joint/max_velocity: 10
 * /robot_description_planning/joint_limits/front_left_leg2_joint/has_acceleration_limits: False
 * /robot_description_planning/joint_limits/front_left_leg2_joint/has_velocity_limits: True
 * /robot_description_planning/joint_limits/front_left_leg2_joint/max_acceleration: 10
 * /robot_description_planning/joint_limits/front_left_leg2_joint/max_velocity: 10
 * /robot_description_planning/joint_limits/front_left_leg3_joint/has_acceleration_limits: False
 * /robot_description_planning/joint_limits/front_left_leg3_joint/has_velocity_limits: True
 * /robot_description_planning/joint_limits/front_left_leg3_joint/max_acceleration: 10
 * /robot_description_planning/joint_limits/front_left_leg3_joint/max_velocity: 10
 * /robot_description_planning/joint_limits/front_right_leg1_joint/has_acceleration_limits: False
 * /robot_description_planning/joint_limits/front_right_leg1_joint/has_velocity_limits: True
 * /robot_description_planning/joint_limits/front_right_leg1_joint/max_acceleration: 10
 * /robot_description_planning/joint_limits/front_right_leg1_joint/max_velocity: 10
 * /robot_description_planning/joint_limits/front_right_leg2_joint/has_acceleration_limits: False
 * /robot_description_planning/joint_limits/front_right_leg2_joint/has_velocity_limits: True
 * /robot_description_planning/joint_limits/front_right_leg2_joint/max_acceleration: 10
 * /robot_description_planning/joint_limits/front_right_leg2_joint/max_velocity: 10
 * /robot_description_planning/joint_limits/front_right_leg3_joint/has_acceleration_limits: False
 * /robot_description_planning/joint_limits/front_right_leg3_joint/has_velocity_limits: True
 * /robot_description_planning/joint_limits/front_right_leg3_joint/max_acceleration: 10
 * /robot_description_planning/joint_limits/front_right_leg3_joint/max_velocity: 10
 * /robot_description_semantic: <?xml version="1....
 * /robot_state_publisher/publish_frequency: 60.0
 * /rosdistro: noetic
 * /rosversion: 1.15.9
 * /use_sim_time: True

NODES
  /
    gazebo (gazebo_ros/gzserver)
    joint_state_publisher (joint_state_publisher/joint_state_publisher)
    move_group (moveit_ros_move_group/move_group)
    robot_state_publisher (robot_state_publisher/robot_state_publisher)
    urdf_spawner (gazebo_ros/spawn_model)
  /quadruped/
    controller_spawner (controller_manager/spawner)
GNU gdb (Ubuntu 9.2-0ubuntu1~20.04) 9.2
Copyright (C) 2020 Free Software Foundation, Inc.
License GPLv3+: GNU GPL version 3 or later <http://gnu.org/licenses/gpl.html>
This is free software: you are free to change and redistribute it.
There is NO WARRANTY, to the extent permitted by law.
Type "show copying" and "show warranty" for details.
This GDB was configured as "x86_64-linux-gnu".
Type "show configuration" for configuration details.
For bug reporting instructions, please see:
<http://www.gnu.org/software/gdb/bugs/>.
Find the GDB manual and other documentation resources online at:
    <http://www.gnu.org/software/gdb/documentation/>.

For help, type "help".
Type "apropos word" to search for commands related to "word"...
Reading symbols from /opt/ros/noetic/lib/moveit_ros_move_group/move_group...
(No debugging symbols found in /opt/ros/noetic/lib/moveit_ros_move_group/move_group)
/home/ubuntu/CPGController/src/simulations/ws/src/quadruped/launch/gdb_settings.gdb: No such file or directory.
Starting program: /opt/ros/noetic/lib/moveit_ros_move_group/move_group --debug __name:=move_group __log:=/home/ubuntu/.ros/log/6ff5f7e2-9b05-11eb-8c02-0fee120e0bbc/move_group-7.log
[Thread debugging using libthread_db enabled]
Using host libthread_db library "/lib/x86_64-linux-gnu/libthread_db.so.1".
[New Thread 0x7ffff0da7700 (LWP 10484)]
[New Thread 0x7fffebfff700 (LWP 10485)]
[New Thread 0x7fffeb7fe700 (LWP 10487)]
[New Thread 0x7fffeaffd700 (LWP 10495)]
[New Thread 0x7fffea7fc700 (LWP 10496)]
[New Thread 0x7fffe9ffb700 (LWP 10497)]
[33m[ WARN] [1618173335.285851735]: Link dummy_link has visual geometry but no collision geometry. Collision geometry will be left empty. Fix your URDF file by explicitly specifying collision geometry.[0m
[New Thread 0x7fffe97fa700 (LWP 10507)]
[New Thread 0x7fffe8ff9700 (LWP 10508)]
[33m[ WARN] [1618173335.636560370]: Resolution not specified for Octomap. Assuming resolution = 0.1 instead[0m
[31m[ERROR] [1618173335.637628385]: Failed to find 3D sensor plugin parameters for octomap generation[0m
[New Thread 0x7fffcbfff700 (LWP 10509)]
[0m[ INFO] [1618173335.157409005]: Finished loading Gazebo ROS API Plugin.[0m
[0m[ INFO] [1618173335.186430348]: waitForService: Service [/gazebo/set_physics_properties] has not been advertised, waiting...[0m
[0m[ INFO] [1618173335.850660758]: waitForService: Service [/gazebo/set_physics_properties] is now available.[0m
[0m[ INFO] [1618173335.930069451, 0.031000000]: Physics dynamic reconfigure ready.[0m
[1;33mWarning [Model.cc:212][0m Non-unique names detected in XML children of model with name[quadruped].
[New Thread 0x7fffcb7fe700 (LWP 10541)]
[New Thread 0x7fffcaffd700 (LWP 10542)]
[New Thread 0x7fffca7fc700 (LWP 10543)]
[New Thread 0x7fffc9ffb700 (LWP 10544)]
[New Thread 0x7fffc97fa700 (LWP 10545)]
[0m[ INFO] [1618173335.281547144]: Loading robot model 'quadruped'...[0m
[0m[ INFO] [1618173335.285028611]: No root/virtual joint specified in SRDF. Assuming fixed joint[0m
[0m[ INFO] [1618173335.614618001]: Publishing maintained planning scene on 'monitored_planning_scene'[0m
[0m[ INFO] [1618173335.620676556]: MoveGroup debug mode is ON[0m
[96mStarting planning scene monitors...
[0m[0m[ INFO] [1618173335.620708639]: Starting planning scene monitor[0m
[0m[ INFO] [1618173335.625744642]: Listening to '/planning_scene'[0m
[0m[ INFO] [1618173335.625777222]: Starting world geometry update monitor for collision objects, attached objects, octomap updates.[0m
[0m[ INFO] [1618173335.630596102]: Listening to '/collision_object'[0m
[0m[ INFO] [1618173335.635953143]: Listening to '/planning_scene_world' for planning scene world geometry[0m
[0m[ INFO] [1618173335.656296351]: Listening to '/attached_collision_object' for attached collision objects[0m
[96mPlanning scene monitors started.
[0m[0m[ INFO] [1618173336.814100213, 0.275000000]: Using planning interface 'OMPL'[0m
[0m[ INFO] [1618173336.827173280, 0.275000000]: Param 'default_workspace_bounds' was not set. Using default value: 10[0m
[0m[ INFO] [1618173336.827866071, 0.275000000]: Param 'start_state_max_bounds_error' was set to 0.1[0m
[0m[ INFO] [1618173336.828391325, 0.275000000]: Param 'start_state_max_dt' was not set. Using default value: 0.5[0m
[0m[ INFO] [1618173336.829621271, 0.275000000]: Param 'start_state_max_dt' was not set. Using default value: 0.5[0m
[0m[ INFO] [1618173336.830558081, 0.275000000]: Param 'jiggle_fraction' was set to 0.05[0m
[0m[ INFO] [1618173336.831106792, 0.275000000]: Param 'max_sampling_attempts' was not set. Using default value: 100[0m
[0m[ INFO] [1618173336.831157904, 0.275000000]: Using planning request adapter 'Add Time Parameterization'[0m
[0m[ INFO] [1618173336.831186790, 0.275000000]: Using planning request adapter 'Resolve constraint frames to robot links'[0m
[0m[ INFO] [1618173336.831199056, 0.275000000]: Using planning request adapter 'Fix Workspace Bounds'[0m
[0m[ INFO] [1618173336.831209907, 0.275000000]: Using planning request adapter 'Fix Start State Bounds'[0m
[0m[ INFO] [1618173336.831221316, 0.275000000]: Using planning request adapter 'Fix Start State In Collision'[0m
[0m[ INFO] [1618173336.831232142, 0.275000000]: Using planning request adapter 'Fix Start State Path Constraints'[0m
[96mLoading 'move_group/ApplyPlanningSceneService'...
[0m[96mLoading 'move_group/ClearOctomapService'...
[0m[96mLoading 'move_group/MoveGroupCartesianPathService'...
[0m[96mLoading 'move_group/MoveGroupExecuteTrajectoryAction'...
[0m[96mLoading 'move_group/MoveGroupGetPlanningSceneService'...
[0m[96mLoading 'move_group/MoveGroupKinematicsService'...
[0m[96mLoading 'move_group/MoveGroupMoveAction'...
[0m[96mLoading 'move_group/MoveGroupPickPlaceAction'...
[0m[96mLoading 'move_group/MoveGroupPlanService'...
[0m[96mLoading 'move_group/MoveGroupQueryPlannersService'...
[0m[96mLoading 'move_group/MoveGroupStateValidationService'...
[0m[0m[ INFO] [1618173337.012712655, 0.275000000]: 

********************************************************
* MoveGroup using: 
*     - ApplyPlanningSceneService
*     - ClearOctomapService
*     - CartesianPathService
*     - ExecuteTrajectoryAction
*     - GetPlanningSceneService
*     - KinematicsService
*     - MoveAction
*     - PickPlaceAction
*     - MotionPlanService
*     - QueryPlannersService
*     - StateValidationService
********************************************************
[0m
[0m[ INFO] [1618173337.012764183, 0.275000000]: MoveGroup context using planning plugin ompl_interface/OMPLPlanner[0m
[0m[ INFO] [1618173337.012787111, 0.275000000]: MoveGroup context initialization complete[0m
[92m
You can start planning now!

[0m[0m[ INFO] [1618173337.058054502, 0.275000000]: <initialOrientationAsReference> is unset, using default value of false to comply with REP 145 (world as orientation reference)[0m
[0m[ INFO] [1618173337.058203122, 0.275000000]: <robotNamespace> set to: /quadruped/[0m
[0m[ INFO] [1618173337.058401116, 0.275000000]: <topicName> set to: imu[0m
[0m[ INFO] [1618173337.058457205, 0.275000000]: <frameName> set to: imu_link[0m
[0m[ INFO] [1618173337.058667902, 0.275000000]: <updateRateHZ> set to: 100[0m
[0m[ INFO] [1618173337.058780648, 0.275000000]: <gaussianNoise> set to: 0[0m
[0m[ INFO] [1618173337.058956098, 0.275000000]: <xyzOffset> set to: 0 0 0[0m
[0m[ INFO] [1618173337.059243990, 0.275000000]: <rpyOffset> set to: 0 -0 0[0m
[0m[ INFO] [1618173337.433587147, 0.275000000]: Loading gazebo_ros_control plugin[0m
[0m[ INFO] [1618173337.434750185, 0.275000000]: Starting gazebo_ros_control plugin in namespace: /quadruped[0m
[0m[ INFO] [1618173337.435545583, 0.275000000]: gazebo_ros_control plugin is waiting for model URDF in parameter [/robot_description] on the ROS param server.[0m
[0m[ INFO] [1618173338.350080293, 0.275000000]: Loaded gazebo_ros_control.[0m
[0m[ INFO] [1618173338.365462075, 0.275000000]: ft_sensor plugin reporting wrench values to the frame [front_right_leg3][0m
[0m[ INFO] [1618173338.365698199, 0.275000000]: imu plugin missing <gaussianNoise>, defaults to 0.0[0m
[0m[ INFO] [1618173338.368186161, 0.275000000]: ft_sensor plugin reporting wrench values to the frame [front_right_leg2][0m
[0m[ INFO] [1618173338.368727169, 0.275000000]: imu plugin missing <gaussianNoise>, defaults to 0.0[0m
[0m[ INFO] [1618173338.370125335, 0.275000000]: ft_sensor plugin reporting wrench values to the frame [front_right_leg1][0m
[0m[ INFO] [1618173338.370154994, 0.275000000]: imu plugin missing <gaussianNoise>, defaults to 0.0[0m
[0m[ INFO] [1618173338.371971351, 0.275000000]: ft_sensor plugin reporting wrench values to the frame [front_left_leg3][0m
[0m[ INFO] [1618173338.372114488, 0.275000000]: imu plugin missing <gaussianNoise>, defaults to 0.0[0m
[0m[ INFO] [1618173338.373775735, 0.275000000]: ft_sensor plugin reporting wrench values to the frame [front_left_leg2][0m
[0m[ INFO] [1618173338.373806618, 0.275000000]: imu plugin missing <gaussianNoise>, defaults to 0.0[0m
[0m[ INFO] [1618173338.380128665, 0.275000000]: ft_sensor plugin reporting wrench values to the frame [front_left_leg1][0m
[0m[ INFO] [1618173338.380162177, 0.275000000]: imu plugin missing <gaussianNoise>, defaults to 0.0[0m
[0m[ INFO] [1618173338.381476504, 0.275000000]: ft_sensor plugin reporting wrench values to the frame [back_right_leg3][0m
[0m[ INFO] [1618173338.381511323, 0.275000000]: imu plugin missing <gaussianNoise>, defaults to 0.0[0m
[0m[ INFO] [1618173338.382787496, 0.275000000]: ft_sensor plugin reporting wrench values to the frame [back_right_leg2][0m
[0m[ INFO] [1618173338.382821739, 0.275000000]: imu plugin missing <gaussianNoise>, defaults to 0.0[0m
[0m[ INFO] [1618173338.384196170, 0.275000000]: ft_sensor plugin reporting wrench values to the frame [back_right_leg1][0m
[0m[ INFO] [1618173338.384227692, 0.275000000]: imu plugin missing <gaussianNoise>, defaults to 0.0[0m
[0m[ INFO] [1618173338.385322714, 0.275000000]: ft_sensor plugin reporting wrench values to the frame [back_left_leg3][0m
[0m[ INFO] [1618173338.385360866, 0.275000000]: imu plugin missing <gaussianNoise>, defaults to 0.0[0m
[0m[ INFO] [1618173338.387646760, 0.275000000]: ft_sensor plugin reporting wrench values to the frame [back_left_leg2][0m
[0m[ INFO] [1618173338.387684554, 0.275000000]: imu plugin missing <gaussianNoise>, defaults to 0.0[0m
[0m[ INFO] [1618173338.390612405, 0.275000000]: ft_sensor plugin reporting wrench values to the frame [back_left_leg1][0m
[0m[ INFO] [1618173338.390647920, 0.275000000]: imu plugin missing <gaussianNoise>, defaults to 0.0[0m
[0m[ INFO] [1618173338.416323371, 0.275000000]: GazeboRosJointStatePublisher is going to publish joint: front_right_leg1_joint[0m
[0m[ INFO] [